Using device: cuda
Train rows: 10000 / Full rows: 10000, steps=700, lr=0.015
step     1/700 tau=1.0000 loss=1.064144 mse_soft=1.063370 ent_in=3.8712 ent_out=3.8712 rowmax_in=0.0213 rowmax_out=0.0213 discrete_mse=87.455414 best_discrete=87.455414 hash=False elapsed=0.5s
step    25/700 tau=0.8810 loss=0.971821 mse_soft=0.971061 ent_in=3.7933 ent_out=3.8055 rowmax_in=0.0331 rowmax_out=0.0323 discrete_mse=352.937714 best_discrete=87.455414 hash=False elapsed=2.6s
step    50/700 tau=0.7721 loss=0.785612 mse_soft=0.784904 ent_in=3.5145 ent_out=3.5641 rowmax_in=0.0563 rowmax_out=0.0551 discrete_mse=631.822510 best_discrete=87.455414 hash=False elapsed=4.7s
step    75/700 tau=0.6767 loss=0.643030 mse_soft=0.642395 ent_in=3.1334 ent_out=3.2236 rowmax_in=0.0940 rowmax_out=0.0930 discrete_mse=7648.529297 best_discrete=87.455414 hash=False elapsed=7.1s
step   100/700 tau=0.5931 loss=0.530945 mse_soft=0.530392 ent_in=2.7247 ent_out=2.8086 rowmax_in=0.1782 rowmax_out=0.1729 discrete_mse=7828.991699 best_discrete=87.455414 hash=False elapsed=9.3s
step   125/700 tau=0.5198 loss=0.441009 mse_soft=0.440569 ent_in=2.2168 ent_out=2.1818 rowmax_in=0.2890 rowmax_out=0.3258 discrete_mse=418.724640 best_discrete=87.455414 hash=False elapsed=11.6s
step   150/700 tau=0.4555 loss=0.368478 mse_soft=0.368154 ent_in=1.7410 ent_out=1.5071 rowmax_in=0.4118 rowmax_out=0.5268 discrete_mse=276.000458 best_discrete=87.455414 hash=False elapsed=13.9s
step   175/700 tau=0.3992 loss=0.330316 mse_soft=0.330064 ent_in=1.5174 ent_out=0.9977 rowmax_in=0.4524 rowmax_out=0.6671 discrete_mse=158.047119 best_discrete=87.455414 hash=False elapsed=16.1s
step   200/700 tau=0.3499 loss=0.307864 mse_soft=0.307663 ent_in=1.3441 ent_out=0.6661 rowmax_in=0.4790 rowmax_out=0.7601 discrete_mse=308.670807 best_discrete=87.455414 hash=False elapsed=18.4s
step   225/700 tau=0.3066 loss=0.295299 mse_soft=0.295127 ent_in=1.1988 ent_out=0.5276 rowmax_in=0.5253 rowmax_out=0.7940 discrete_mse=282.747955 best_discrete=87.455414 hash=False elapsed=20.4s
step   250/700 tau=0.2687 loss=0.288737 mse_soft=0.288579 ent_in=1.1196 ent_out=0.4576 rowmax_in=0.5431 rowmax_out=0.8122 discrete_mse=178.053192 best_discrete=87.455414 hash=False elapsed=22.6s
step   275/700 tau=0.2355 loss=0.285289 mse_soft=0.285141 ent_in=1.0664 ent_out=0.4150 rowmax_in=0.5588 rowmax_out=0.8262 discrete_mse=157.304993 best_discrete=87.455414 hash=False elapsed=24.7s
step   300/700 tau=0.2064 loss=0.282096 mse_soft=0.281955 ent_in=1.0259 ent_out=0.3773 rowmax_in=0.5708 rowmax_out=0.8432 discrete_mse=174.016602 best_discrete=87.455414 hash=False elapsed=26.8s
step   325/700 tau=0.1809 loss=0.280114 mse_soft=0.279980 ent_in=0.9972 ent_out=0.3494 rowmax_in=0.5777 rowmax_out=0.8521 discrete_mse=183.381577 best_discrete=87.455414 hash=False elapsed=28.9s
step   350/700 tau=0.1585 loss=0.277415 mse_soft=0.277284 ent_in=0.9742 ent_out=0.3311 rowmax_in=0.5849 rowmax_out=0.8508 discrete_mse=184.543884 best_discrete=87.455414 hash=False elapsed=31.0s
step   375/700 tau=0.1389 loss=0.278863 mse_soft=0.278735 ent_in=0.9620 ent_out=0.3155 rowmax_in=0.5896 rowmax_out=0.8555 discrete_mse=253.473465 best_discrete=87.455414 hash=False elapsed=33.2s
step   400/700 tau=0.1218 loss=0.274379 mse_soft=0.274252 ent_in=0.9603 ent_out=0.3073 rowmax_in=0.5883 rowmax_out=0.8585 discrete_mse=253.473465 best_discrete=87.455414 hash=False elapsed=35.7s
step   425/700 tau=0.1067 loss=0.276936 mse_soft=0.276811 ent_in=0.9546 ent_out=0.3002 rowmax_in=0.5889 rowmax_out=0.8601 discrete_mse=253.473465 best_discrete=87.455414 hash=False elapsed=38.0s
step   450/700 tau=0.0935 loss=0.274093 mse_soft=0.273969 ent_in=0.9458 ent_out=0.2961 rowmax_in=0.5922 rowmax_out=0.8598 discrete_mse=253.473465 best_discrete=87.455414 hash=False elapsed=40.4s
step   475/700 tau=0.0820 loss=0.275331 mse_soft=0.275208 ent_in=0.9406 ent_out=0.2915 rowmax_in=0.5910 rowmax_out=0.8618 discrete_mse=253.473465 best_discrete=87.455414 hash=False elapsed=42.7s
step   500/700 tau=0.0718 loss=0.274363 mse_soft=0.274240 ent_in=0.9381 ent_out=0.2887 rowmax_in=0.5912 rowmax_out=0.8620 discrete_mse=253.473465 best_discrete=87.455414 hash=False elapsed=45.0s
step   525/700 tau=0.0630 loss=0.377324 mse_soft=0.377205 ent_in=0.9155 ent_out=0.2726 rowmax_in=0.5954 rowmax_out=0.8727 discrete_mse=190.234116 best_discrete=87.455414 hash=False elapsed=47.2s
step   550/700 tau=0.0552 loss=0.280646 mse_soft=0.280529 ent_in=0.9058 ent_out=0.2635 rowmax_in=0.5948 rowmax_out=0.8712 discrete_mse=253.473465 best_discrete=87.455414 hash=False elapsed=49.6s
step   575/700 tau=0.0484 loss=0.275842 mse_soft=0.275726 ent_in=0.8988 ent_out=0.2658 rowmax_in=0.5977 rowmax_out=0.8675 discrete_mse=202.719696 best_discrete=87.455414 hash=False elapsed=51.8s
step   600/700 tau=0.0424 loss=0.281123 mse_soft=0.281007 ent_in=0.8997 ent_out=0.2550 rowmax_in=0.5954 rowmax_out=0.8766 discrete_mse=217.094894 best_discrete=87.455414 hash=False elapsed=54.0s
step   625/700 tau=0.0371 loss=0.301898 mse_soft=0.301782 ent_in=0.9054 ent_out=0.2542 rowmax_in=0.5862 rowmax_out=0.8757 discrete_mse=310.959259 best_discrete=87.455414 hash=False elapsed=56.2s
step   650/700 tau=0.0325 loss=0.318197 mse_soft=0.318083 ent_in=0.8965 ent_out=0.2482 rowmax_in=0.5847 rowmax_out=0.8794 discrete_mse=499.268127 best_discrete=87.455414 hash=False elapsed=58.5s
step   675/700 tau=0.0285 loss=0.339341 mse_soft=0.339246 ent_in=0.7614 ent_out=0.1896 rowmax_in=0.6375 rowmax_out=0.9060 discrete_mse=68.396645 best_discrete=68.396645 hash=False elapsed=60.6s
step   700/700 tau=0.0250 loss=0.310882 mse_soft=0.310786 ent_in=0.7751 ent_out=0.1859 rowmax_in=0.6208 rowmax_out=0.9089 discrete_mse=215.263687 best_discrete=68.396645 hash=False elapsed=62.8s

Final metrics:
  soft_mse_full=0.304529
  rowmax_in_mean=0.6234
  rowmax_out_mean=0.9094
  ent_in_mean=0.7769
  ent_out_mean=0.1849
  final_discrete_mse=235.183350
  hash_match=False
  best_discrete_mse_seen=68.396645
Saved results to overnight_b121_j4.json
