Using device: cuda
Train rows: 10000 / Full rows: 10000, steps=700, lr=0.015
step     1/700 tau=1.0000 loss=1.064127 mse_soft=1.063353 ent_in=3.8712 ent_out=3.8712 rowmax_in=0.0213 rowmax_out=0.0213 discrete_mse=32.983364 best_discrete=32.983364 hash=False elapsed=0.5s
step    25/700 tau=0.8810 loss=0.971919 mse_soft=0.971159 ent_in=3.7933 ent_out=3.8051 rowmax_in=0.0333 rowmax_out=0.0322 discrete_mse=415.544250 best_discrete=32.983364 hash=False elapsed=2.8s
step    50/700 tau=0.7721 loss=0.786384 mse_soft=0.785676 ent_in=3.5169 ent_out=3.5647 rowmax_in=0.0571 rowmax_out=0.0545 discrete_mse=4475.872559 best_discrete=32.983364 hash=False elapsed=5.0s
step    75/700 tau=0.6767 loss=0.645485 mse_soft=0.644848 ent_in=3.1361 ent_out=3.2328 rowmax_in=0.0985 rowmax_out=0.0915 discrete_mse=908.865967 best_discrete=32.983364 hash=False elapsed=7.3s
step   100/700 tau=0.5931 loss=0.537379 mse_soft=0.536823 ent_in=2.7293 ent_out=2.8316 rowmax_in=0.1848 rowmax_out=0.1670 discrete_mse=1352.157227 best_discrete=32.983364 hash=False elapsed=9.4s
step   125/700 tau=0.5198 loss=0.439569 mse_soft=0.439131 ent_in=2.1985 ent_out=2.1733 rowmax_in=0.3025 rowmax_out=0.3243 discrete_mse=475.135345 best_discrete=32.983364 hash=False elapsed=11.5s
step   150/700 tau=0.4555 loss=0.362566 mse_soft=0.362248 ent_in=1.7324 ent_out=1.4456 rowmax_in=0.4099 rowmax_out=0.5484 discrete_mse=561.295959 best_discrete=32.983364 hash=False elapsed=13.9s
step   175/700 tau=0.3992 loss=0.329044 mse_soft=0.328799 ent_in=1.4695 ent_out=0.9793 rowmax_in=0.4664 rowmax_out=0.6548 discrete_mse=375.726135 best_discrete=32.983364 hash=False elapsed=16.4s
step   200/700 tau=0.3499 loss=0.315050 mse_soft=0.314842 ent_in=1.3437 ent_out=0.7415 rowmax_in=0.4889 rowmax_out=0.7095 discrete_mse=1231.428711 best_discrete=32.983364 hash=False elapsed=18.8s
step   225/700 tau=0.3066 loss=0.305595 mse_soft=0.305408 ent_in=1.2593 ent_out=0.6092 rowmax_in=0.5054 rowmax_out=0.7520 discrete_mse=1388.074707 best_discrete=32.983364 hash=False elapsed=21.0s
step   250/700 tau=0.2687 loss=0.298998 mse_soft=0.298829 ent_in=1.1896 ent_out=0.5010 rowmax_in=0.5207 rowmax_out=0.7890 discrete_mse=345.972626 best_discrete=32.983364 hash=False elapsed=23.2s
step   275/700 tau=0.2355 loss=0.293502 mse_soft=0.293341 ent_in=1.1575 ent_out=0.4503 rowmax_in=0.5205 rowmax_out=0.8038 discrete_mse=174.342514 best_discrete=32.983364 hash=False elapsed=25.6s
step   300/700 tau=0.2064 loss=0.290073 mse_soft=0.289917 ent_in=1.1303 ent_out=0.4240 rowmax_in=0.5207 rowmax_out=0.8119 discrete_mse=174.342514 best_discrete=32.983364 hash=False elapsed=27.8s
step   325/700 tau=0.1809 loss=0.290085 mse_soft=0.289932 ent_in=1.1144 ent_out=0.4145 rowmax_in=0.5215 rowmax_out=0.8141 discrete_mse=174.342514 best_discrete=32.983364 hash=False elapsed=30.0s
step   350/700 tau=0.1585 loss=0.287841 mse_soft=0.287690 ent_in=1.1040 ent_out=0.4044 rowmax_in=0.5226 rowmax_out=0.8171 discrete_mse=174.342514 best_discrete=32.983364 hash=False elapsed=32.4s
step   375/700 tau=0.1389 loss=0.290334 mse_soft=0.290185 ent_in=1.0963 ent_out=0.3963 rowmax_in=0.5235 rowmax_out=0.8194 discrete_mse=174.342514 best_discrete=32.983364 hash=False elapsed=34.6s
step   400/700 tau=0.1218 loss=0.288641 mse_soft=0.288493 ent_in=1.0916 ent_out=0.3942 rowmax_in=0.5231 rowmax_out=0.8192 discrete_mse=153.071274 best_discrete=32.983364 hash=False elapsed=36.8s
step   425/700 tau=0.1067 loss=0.292435 mse_soft=0.292287 ent_in=1.0854 ent_out=0.3949 rowmax_in=0.5246 rowmax_out=0.8170 discrete_mse=134.519150 best_discrete=32.983364 hash=False elapsed=39.3s
step   450/700 tau=0.0935 loss=0.290564 mse_soft=0.290416 ent_in=1.0849 ent_out=0.3950 rowmax_in=0.5239 rowmax_out=0.8185 discrete_mse=285.744629 best_discrete=32.983364 hash=False elapsed=41.6s
step   475/700 tau=0.0820 loss=0.288508 mse_soft=0.288360 ent_in=1.0858 ent_out=0.3982 rowmax_in=0.5224 rowmax_out=0.8151 discrete_mse=285.744629 best_discrete=32.983364 hash=False elapsed=44.0s
step   500/700 tau=0.0718 loss=0.301583 mse_soft=0.301435 ent_in=1.0912 ent_out=0.3980 rowmax_in=0.5204 rowmax_out=0.8148 discrete_mse=240.537888 best_discrete=32.983364 hash=False elapsed=46.5s
step   525/700 tau=0.0630 loss=0.300999 mse_soft=0.300850 ent_in=1.0821 ent_out=0.4084 rowmax_in=0.5255 rowmax_out=0.8048 discrete_mse=240.537888 best_discrete=32.983364 hash=False elapsed=48.9s
step   550/700 tau=0.0552 loss=0.308727 mse_soft=0.308581 ent_in=1.0599 ent_out=0.4023 rowmax_in=0.5352 rowmax_out=0.8080 discrete_mse=96.525826 best_discrete=32.983364 hash=False elapsed=51.2s
step   575/700 tau=0.0484 loss=0.295971 mse_soft=0.295827 ent_in=1.0451 ent_out=0.3932 rowmax_in=0.5354 rowmax_out=0.8016 discrete_mse=8.379477 best_discrete=8.379477 hash=False elapsed=53.5s
step   600/700 tau=0.0424 loss=0.289574 mse_soft=0.289433 ent_in=1.0228 ent_out=0.3830 rowmax_in=0.5444 rowmax_out=0.8082 discrete_mse=26.930843 best_discrete=8.379477 hash=False elapsed=55.8s
step   625/700 tau=0.0371 loss=0.291369 mse_soft=0.291231 ent_in=1.0066 ent_out=0.3737 rowmax_in=0.5478 rowmax_out=0.8118 discrete_mse=153.157532 best_discrete=8.379477 hash=False elapsed=58.2s
step   650/700 tau=0.0325 loss=0.337354 mse_soft=0.337222 ent_in=0.9696 ent_out=0.3470 rowmax_in=0.5676 rowmax_out=0.8314 discrete_mse=175.647797 best_discrete=8.379477 hash=False elapsed=60.4s
step   675/700 tau=0.0285 loss=0.315123 mse_soft=0.315004 ent_in=0.8665 ent_out=0.3255 rowmax_in=0.5925 rowmax_out=0.8304 discrete_mse=85.265213 best_discrete=8.379477 hash=False elapsed=62.8s
step   700/700 tau=0.0250 loss=0.345387 mse_soft=0.345279 ent_in=0.8027 ent_out=0.2787 rowmax_in=0.6210 rowmax_out=0.8546 discrete_mse=54.984600 best_discrete=8.379477 hash=False elapsed=65.1s

Final metrics:
  soft_mse_full=0.333485
  rowmax_in_mean=0.6335
  rowmax_out_mean=0.8570
  ent_in_mean=0.7883
  ent_out_mean=0.2783
  final_discrete_mse=6.371846
  hash_match=False
  best_discrete_mse_seen=8.379477
Saved results to overnight_b177_j4.json
