Using device: cuda
Train rows: 10000 / Full rows: 10000, steps=700, lr=0.015
step     1/700 tau=1.0000 loss=1.064167 mse_soft=1.063393 ent_in=3.8712 ent_out=3.8712 rowmax_in=0.0213 rowmax_out=0.0213 discrete_mse=34.233143 best_discrete=34.233143 hash=False elapsed=0.6s
step    25/700 tau=0.8810 loss=0.971981 mse_soft=0.971221 ent_in=3.7934 ent_out=3.8055 rowmax_in=0.0332 rowmax_out=0.0322 discrete_mse=1928.306763 best_discrete=34.233143 hash=False elapsed=2.9s
step    50/700 tau=0.7721 loss=0.786329 mse_soft=0.785621 ent_in=3.5169 ent_out=3.5670 rowmax_in=0.0561 rowmax_out=0.0545 discrete_mse=6186.070312 best_discrete=34.233143 hash=False elapsed=5.3s
step    75/700 tau=0.6767 loss=0.646115 mse_soft=0.645478 ent_in=3.1410 ent_out=3.2334 rowmax_in=0.0941 rowmax_out=0.0900 discrete_mse=4309.584961 best_discrete=34.233143 hash=False elapsed=7.5s
step   100/700 tau=0.5931 loss=0.534992 mse_soft=0.534438 ent_in=2.7229 ent_out=2.8251 rowmax_in=0.1848 rowmax_out=0.1671 discrete_mse=477.518585 best_discrete=34.233143 hash=False elapsed=9.8s
step   125/700 tau=0.5198 loss=0.434737 mse_soft=0.434303 ent_in=2.1691 ent_out=2.1789 rowmax_in=0.3138 rowmax_out=0.3164 discrete_mse=153.712479 best_discrete=34.233143 hash=False elapsed=12.1s
step   150/700 tau=0.4555 loss=0.361378 mse_soft=0.361057 ent_in=1.6908 ent_out=1.5175 rowmax_in=0.4192 rowmax_out=0.5223 discrete_mse=124.047249 best_discrete=34.233143 hash=False elapsed=14.4s
step   175/700 tau=0.3992 loss=0.329519 mse_soft=0.329276 ent_in=1.4054 ent_out=1.0259 rowmax_in=0.4718 rowmax_out=0.6648 discrete_mse=206.940598 best_discrete=34.233143 hash=False elapsed=16.5s
step   200/700 tau=0.3499 loss=0.315731 mse_soft=0.315530 ent_in=1.2787 ent_out=0.7285 rowmax_in=0.4928 rowmax_out=0.7477 discrete_mse=215.148849 best_discrete=34.233143 hash=False elapsed=18.6s
step   225/700 tau=0.3066 loss=0.306865 mse_soft=0.306687 ent_in=1.2019 ent_out=0.5766 rowmax_in=0.5079 rowmax_out=0.7806 discrete_mse=208.852600 best_discrete=34.233143 hash=False elapsed=21.0s
step   250/700 tau=0.2687 loss=0.300914 mse_soft=0.300748 ent_in=1.1577 ent_out=0.5015 rowmax_in=0.5167 rowmax_out=0.7941 discrete_mse=292.939423 best_discrete=34.233143 hash=False elapsed=23.2s
step   275/700 tau=0.2355 loss=0.297909 mse_soft=0.297751 ent_in=1.1378 ent_out=0.4461 rowmax_in=0.5193 rowmax_out=0.8044 discrete_mse=292.939423 best_discrete=34.233143 hash=False elapsed=25.4s
step   300/700 tau=0.2064 loss=0.296920 mse_soft=0.296768 ent_in=1.1155 ent_out=0.4116 rowmax_in=0.5239 rowmax_out=0.8085 discrete_mse=774.997803 best_discrete=34.233143 hash=False elapsed=27.6s
step   325/700 tau=0.1809 loss=0.295554 mse_soft=0.295405 ent_in=1.1069 ent_out=0.3917 rowmax_in=0.5240 rowmax_out=0.8100 discrete_mse=774.997803 best_discrete=34.233143 hash=False elapsed=29.8s
step   350/700 tau=0.1585 loss=0.294313 mse_soft=0.294165 ent_in=1.1004 ent_out=0.3795 rowmax_in=0.5265 rowmax_out=0.8081 discrete_mse=774.997803 best_discrete=34.233143 hash=False elapsed=32.1s
step   375/700 tau=0.1389 loss=0.294503 mse_soft=0.294356 ent_in=1.0936 ent_out=0.3739 rowmax_in=0.5264 rowmax_out=0.8077 discrete_mse=774.997803 best_discrete=34.233143 hash=False elapsed=34.4s
step   400/700 tau=0.1218 loss=0.295184 mse_soft=0.295039 ent_in=1.0877 ent_out=0.3669 rowmax_in=0.5281 rowmax_out=0.8098 discrete_mse=774.997803 best_discrete=34.233143 hash=False elapsed=36.8s
step   425/700 tau=0.1067 loss=0.296500 mse_soft=0.296355 ent_in=1.0848 ent_out=0.3636 rowmax_in=0.5278 rowmax_out=0.8106 discrete_mse=663.518494 best_discrete=34.233143 hash=False elapsed=39.1s
step   450/700 tau=0.0935 loss=0.297046 mse_soft=0.296903 ent_in=1.0766 ent_out=0.3571 rowmax_in=0.5302 rowmax_out=0.8166 discrete_mse=347.800903 best_discrete=34.233143 hash=False elapsed=41.5s
step   475/700 tau=0.0820 loss=0.293899 mse_soft=0.293756 ent_in=1.0741 ent_out=0.3549 rowmax_in=0.5297 rowmax_out=0.8132 discrete_mse=347.800903 best_discrete=34.233143 hash=False elapsed=43.9s
step   500/700 tau=0.0718 loss=0.294385 mse_soft=0.294244 ent_in=1.0692 ent_out=0.3493 rowmax_in=0.5326 rowmax_out=0.8169 discrete_mse=347.800903 best_discrete=34.233143 hash=False elapsed=46.1s
step   525/700 tau=0.0630 loss=0.300617 mse_soft=0.300477 ent_in=1.0587 ent_out=0.3422 rowmax_in=0.5380 rowmax_out=0.8188 discrete_mse=347.800903 best_discrete=34.233143 hash=False elapsed=48.2s
step   550/700 tau=0.0552 loss=0.298519 mse_soft=0.298380 ent_in=1.0507 ent_out=0.3391 rowmax_in=0.5392 rowmax_out=0.8208 discrete_mse=347.800903 best_discrete=34.233143 hash=False elapsed=50.7s
step   575/700 tau=0.0484 loss=0.302670 mse_soft=0.302533 ent_in=1.0333 ent_out=0.3405 rowmax_in=0.5462 rowmax_out=0.8196 discrete_mse=347.800903 best_discrete=34.233143 hash=False elapsed=53.0s
step   600/700 tau=0.0424 loss=0.310440 mse_soft=0.310304 ent_in=1.0110 ent_out=0.3446 rowmax_in=0.5563 rowmax_out=0.8164 discrete_mse=246.270599 best_discrete=34.233143 hash=False elapsed=55.2s
step   625/700 tau=0.0371 loss=0.344151 mse_soft=0.344017 ent_in=0.9957 ent_out=0.3406 rowmax_in=0.5509 rowmax_out=0.8251 discrete_mse=150.888718 best_discrete=34.233143 hash=False elapsed=57.5s
step   650/700 tau=0.0325 loss=0.311060 mse_soft=0.310940 ent_in=0.8897 ent_out=0.3137 rowmax_in=0.5957 rowmax_out=0.8337 discrete_mse=225.489273 best_discrete=34.233143 hash=False elapsed=59.8s
step   675/700 tau=0.0285 loss=0.329293 mse_soft=0.329176 ent_in=0.8622 ent_out=0.3030 rowmax_in=0.5903 rowmax_out=0.8519 discrete_mse=76.442581 best_discrete=34.233143 hash=False elapsed=62.0s
step   700/700 tau=0.0250 loss=0.372113 mse_soft=0.372026 ent_in=0.6327 ent_out=0.2298 rowmax_in=0.6927 rowmax_out=0.8729 discrete_mse=60.683025 best_discrete=34.233143 hash=False elapsed=64.1s

Final metrics:
  soft_mse_full=0.364907
  rowmax_in_mean=0.6874
  rowmax_out_mean=0.8689
  ent_in_mean=0.6343
  ent_out_mean=0.2330
  final_discrete_mse=73.760323
  hash_match=False
  best_discrete_mse_seen=34.233143
Saved results to overnight_b040_j4.json
