Using device: cuda
Train rows: 10000 / Full rows: 10000, steps=700, lr=0.015
step     1/700 tau=1.0000 loss=1.064196 mse_soft=1.063422 ent_in=3.8712 ent_out=3.8712 rowmax_in=0.0213 rowmax_out=0.0213 discrete_mse=63.058403 best_discrete=63.058403 hash=False elapsed=0.5s
step    25/700 tau=0.8810 loss=0.971870 mse_soft=0.971111 ent_in=3.7930 ent_out=3.8055 rowmax_in=0.0330 rowmax_out=0.0323 discrete_mse=368.305878 best_discrete=63.058403 hash=False elapsed=2.7s
step    50/700 tau=0.7721 loss=0.786682 mse_soft=0.785974 ent_in=3.5142 ent_out=3.5673 rowmax_in=0.0566 rowmax_out=0.0542 discrete_mse=219.918518 best_discrete=63.058403 hash=False elapsed=5.1s
step    75/700 tau=0.6767 loss=0.644127 mse_soft=0.643490 ent_in=3.1303 ent_out=3.2339 rowmax_in=0.0960 rowmax_out=0.0901 discrete_mse=881.557373 best_discrete=63.058403 hash=False elapsed=7.5s
step   100/700 tau=0.5931 loss=0.536394 mse_soft=0.535837 ent_in=2.7296 ent_out=2.8348 rowmax_in=0.1768 rowmax_out=0.1637 discrete_mse=172.419739 best_discrete=63.058403 hash=False elapsed=10.0s
step   125/700 tau=0.5198 loss=0.433414 mse_soft=0.432978 ent_in=2.1929 ent_out=2.1613 rowmax_in=0.3152 rowmax_out=0.3315 discrete_mse=1613.099854 best_discrete=63.058403 hash=False elapsed=12.2s
step   150/700 tau=0.4555 loss=0.361061 mse_soft=0.360748 ent_in=1.6385 ent_out=1.4873 rowmax_in=0.4509 rowmax_out=0.5353 discrete_mse=717.559082 best_discrete=63.058403 hash=False elapsed=14.7s
step   175/700 tau=0.3992 loss=0.329548 mse_soft=0.329307 ent_in=1.3738 ent_out=1.0337 rowmax_in=0.5045 rowmax_out=0.6481 discrete_mse=827.356628 best_discrete=63.058403 hash=False elapsed=17.1s
step   200/700 tau=0.3499 loss=0.313549 mse_soft=0.313352 ent_in=1.2314 ent_out=0.7377 rowmax_in=0.5242 rowmax_out=0.7325 discrete_mse=280.954895 best_discrete=63.058403 hash=False elapsed=19.6s
step   225/700 tau=0.3066 loss=0.304837 mse_soft=0.304667 ent_in=1.1471 ent_out=0.5528 rowmax_in=0.5313 rowmax_out=0.7958 discrete_mse=615.895142 best_discrete=63.058403 hash=False elapsed=22.0s
step   250/700 tau=0.2687 loss=0.299761 mse_soft=0.299601 ent_in=1.1040 ent_out=0.4975 rowmax_in=0.5362 rowmax_out=0.8010 discrete_mse=326.881500 best_discrete=63.058403 hash=False elapsed=24.4s
step   275/700 tau=0.2355 loss=0.296182 mse_soft=0.296028 ent_in=1.0684 ent_out=0.4739 rowmax_in=0.5401 rowmax_out=0.7981 discrete_mse=344.496490 best_discrete=63.058403 hash=False elapsed=26.3s
step   300/700 tau=0.2064 loss=0.293739 mse_soft=0.293589 ent_in=1.0463 ent_out=0.4543 rowmax_in=0.5431 rowmax_out=0.7974 discrete_mse=183.351776 best_discrete=63.058403 hash=False elapsed=28.4s
step   325/700 tau=0.1809 loss=0.292606 mse_soft=0.292462 ent_in=1.0168 ent_out=0.4229 rowmax_in=0.5479 rowmax_out=0.8033 discrete_mse=283.507751 best_discrete=63.058403 hash=False elapsed=30.3s
step   350/700 tau=0.1585 loss=0.290869 mse_soft=0.290729 ent_in=1.0050 ent_out=0.3985 rowmax_in=0.5508 rowmax_out=0.8115 discrete_mse=1821.812378 best_discrete=63.058403 hash=False elapsed=32.6s
step   375/700 tau=0.1389 loss=0.287351 mse_soft=0.287213 ent_in=0.9937 ent_out=0.3858 rowmax_in=0.5564 rowmax_out=0.8146 discrete_mse=3446.927979 best_discrete=63.058403 hash=False elapsed=34.9s
step   400/700 tau=0.1218 loss=0.289067 mse_soft=0.288931 ent_in=0.9843 ent_out=0.3784 rowmax_in=0.5595 rowmax_out=0.8182 discrete_mse=3884.202637 best_discrete=63.058403 hash=False elapsed=37.0s
step   425/700 tau=0.1067 loss=0.286181 mse_soft=0.286046 ent_in=0.9788 ent_out=0.3718 rowmax_in=0.5603 rowmax_out=0.8192 discrete_mse=1207.700073 best_discrete=63.058403 hash=False elapsed=39.3s
step   450/700 tau=0.0935 loss=0.289489 mse_soft=0.289356 ent_in=0.9700 ent_out=0.3607 rowmax_in=0.5609 rowmax_out=0.8240 discrete_mse=882.040283 best_discrete=63.058403 hash=False elapsed=41.6s
step   475/700 tau=0.0820 loss=0.292587 mse_soft=0.292455 ent_in=0.9651 ent_out=0.3537 rowmax_in=0.5588 rowmax_out=0.8263 discrete_mse=3671.630615 best_discrete=63.058403 hash=False elapsed=44.1s
step   500/700 tau=0.0718 loss=0.293293 mse_soft=0.293164 ent_in=0.9570 ent_out=0.3367 rowmax_in=0.5597 rowmax_out=0.8377 discrete_mse=1656.040894 best_discrete=63.058403 hash=False elapsed=46.7s
step   525/700 tau=0.0630 loss=0.286807 mse_soft=0.286680 ent_in=0.9505 ent_out=0.3237 rowmax_in=0.5581 rowmax_out=0.8405 discrete_mse=1325.664307 best_discrete=63.058403 hash=False elapsed=49.1s
step   550/700 tau=0.0552 loss=0.289153 mse_soft=0.289028 ent_in=0.9339 ent_out=0.3125 rowmax_in=0.5576 rowmax_out=0.8440 discrete_mse=1392.220337 best_discrete=63.058403 hash=False elapsed=51.5s
step   575/700 tau=0.0484 loss=0.290763 mse_soft=0.290642 ent_in=0.9122 ent_out=0.3001 rowmax_in=0.5671 rowmax_out=0.8466 discrete_mse=1214.146973 best_discrete=63.058403 hash=False elapsed=54.0s
step   600/700 tau=0.0424 loss=0.302348 mse_soft=0.302228 ent_in=0.9053 ent_out=0.3007 rowmax_in=0.5663 rowmax_out=0.8476 discrete_mse=677.273010 best_discrete=63.058403 hash=False elapsed=56.5s
step   625/700 tau=0.0371 loss=0.294809 mse_soft=0.294691 ent_in=0.8790 ent_out=0.2993 rowmax_in=0.5769 rowmax_out=0.8461 discrete_mse=1550.544312 best_discrete=63.058403 hash=False elapsed=59.2s
step   650/700 tau=0.0325 loss=0.308556 mse_soft=0.308442 ent_in=0.8409 ent_out=0.2937 rowmax_in=0.5879 rowmax_out=0.8486 discrete_mse=55.253475 best_discrete=55.253475 hash=False elapsed=61.7s
step   675/700 tau=0.0285 loss=0.299960 mse_soft=0.299848 ent_in=0.8418 ent_out=0.2829 rowmax_in=0.5860 rowmax_out=0.8485 discrete_mse=65.999191 best_discrete=55.253475 hash=False elapsed=64.2s
step   700/700 tau=0.0250 loss=0.305221 mse_soft=0.305113 ent_in=0.8082 ent_out=0.2741 rowmax_in=0.5946 rowmax_out=0.8596 discrete_mse=224.287598 best_discrete=55.253475 hash=False elapsed=66.8s

Final metrics:
  soft_mse_full=0.302617
  rowmax_in_mean=0.5924
  rowmax_out_mean=0.8578
  ent_in_mean=0.8090
  ent_out_mean=0.2762
  final_discrete_mse=143.194565
  hash_match=False
  best_discrete_mse_seen=55.253475
Saved results to overnight_b169_j4.json
