Using device: cuda
Train rows: 10000 / Full rows: 10000, steps=700, lr=0.02
step     1/700 tau=1.0000 loss=1.065759 mse_soft=1.063436 ent_in=3.8712 ent_out=3.8712 rowmax_in=0.0213 rowmax_out=0.0213 discrete_mse=505.551544 best_discrete=505.551544 hash=False elapsed=0.6s
step    25/700 tau=0.8866 loss=0.934819 mse_soft=0.932567 ent_in=3.7419 ent_out=3.7631 rowmax_in=0.0372 rowmax_out=0.0364 discrete_mse=312.616669 best_discrete=312.616669 hash=False elapsed=2.8s
step    50/700 tau=0.7821 loss=0.711839 mse_soft=0.709802 ent_in=3.3622 ent_out=3.4265 rowmax_in=0.0695 rowmax_out=0.0657 discrete_mse=15055.388672 best_discrete=312.616669 hash=False elapsed=5.0s
step    75/700 tau=0.6899 loss=0.591074 mse_soft=0.589270 ent_in=2.9498 ent_out=3.0652 rowmax_in=0.1283 rowmax_out=0.1210 discrete_mse=942.535400 best_discrete=312.616669 hash=False elapsed=7.5s
step   100/700 tau=0.6086 loss=0.477143 mse_soft=0.475680 ent_in=2.4371 ent_out=2.4388 rowmax_in=0.2401 rowmax_out=0.2564 discrete_mse=1244.880371 best_discrete=312.616669 hash=False elapsed=9.8s
step   125/700 tau=0.5368 loss=0.393690 mse_soft=0.392590 ent_in=1.9399 ent_out=1.7262 rowmax_in=0.3562 rowmax_out=0.4389 discrete_mse=220.211700 best_discrete=220.211700 hash=False elapsed=11.9s
step   150/700 tau=0.4736 loss=0.348799 mse_soft=0.347951 ent_in=1.6245 ent_out=1.2041 rowmax_in=0.4251 rowmax_out=0.5784 discrete_mse=242.784393 best_discrete=220.211700 hash=False elapsed=14.0s
step   175/700 tau=0.4177 loss=0.326029 mse_soft=0.325334 ent_in=1.4481 ent_out=0.8674 rowmax_in=0.4582 rowmax_out=0.6769 discrete_mse=220.111450 best_discrete=220.111450 hash=False elapsed=16.0s
step   200/700 tau=0.3685 loss=0.315208 mse_soft=0.314620 ent_in=1.3488 ent_out=0.6123 rowmax_in=0.4695 rowmax_out=0.7643 discrete_mse=317.366577 best_discrete=220.111450 hash=False elapsed=18.1s
step   225/700 tau=0.3251 loss=0.306318 mse_soft=0.305772 ent_in=1.2905 ent_out=0.5301 rowmax_in=0.4818 rowmax_out=0.7860 discrete_mse=2.176238 best_discrete=2.176238 hash=False elapsed=20.4s
step   250/700 tau=0.2868 loss=0.302578 mse_soft=0.302062 ent_in=1.2499 ent_out=0.4707 rowmax_in=0.4901 rowmax_out=0.8028 discrete_mse=2.176238 best_discrete=2.176238 hash=False elapsed=22.5s
step   275/700 tau=0.2530 loss=0.299140 mse_soft=0.298644 ent_in=1.2195 ent_out=0.4335 rowmax_in=0.4941 rowmax_out=0.8160 discrete_mse=2.176238 best_discrete=2.176238 hash=False elapsed=24.7s
step   300/700 tau=0.2231 loss=0.297798 mse_soft=0.297312 ent_in=1.1981 ent_out=0.4214 rowmax_in=0.4981 rowmax_out=0.8172 discrete_mse=157.818130 best_discrete=2.176238 hash=False elapsed=26.8s
step   325/700 tau=0.1968 loss=0.300991 mse_soft=0.300509 ent_in=1.1868 ent_out=0.4207 rowmax_in=0.4999 rowmax_out=0.8117 discrete_mse=157.818130 best_discrete=2.176238 hash=False elapsed=29.1s
step   350/700 tau=0.1736 loss=0.296882 mse_soft=0.296405 ent_in=1.1684 ent_out=0.4222 rowmax_in=0.5051 rowmax_out=0.8074 discrete_mse=157.472610 best_discrete=2.176238 hash=False elapsed=31.3s
step   375/700 tau=0.1532 loss=0.294960 mse_soft=0.294484 ent_in=1.1617 ent_out=0.4235 rowmax_in=0.5037 rowmax_out=0.8069 discrete_mse=157.472610 best_discrete=2.176238 hash=False elapsed=33.5s
step   400/700 tau=0.1351 loss=0.299743 mse_soft=0.299271 ent_in=1.1536 ent_out=0.4202 rowmax_in=0.5035 rowmax_out=0.8072 discrete_mse=157.818130 best_discrete=2.176238 hash=False elapsed=35.9s
step   425/700 tau=0.1192 loss=0.298374 mse_soft=0.297909 ent_in=1.1436 ent_out=0.4079 rowmax_in=0.5063 rowmax_out=0.8095 discrete_mse=247.360992 best_discrete=2.176238 hash=False elapsed=38.1s
step   450/700 tau=0.1051 loss=0.304197 mse_soft=0.303738 ent_in=1.1326 ent_out=0.3963 rowmax_in=0.5053 rowmax_out=0.8140 discrete_mse=83.469200 best_discrete=2.176238 hash=False elapsed=40.3s
step   475/700 tau=0.0928 loss=0.293440 mse_soft=0.292986 ent_in=1.1258 ent_out=0.3880 rowmax_in=0.5059 rowmax_out=0.8176 discrete_mse=83.469200 best_discrete=2.176238 hash=False elapsed=42.4s
step   500/700 tau=0.0818 loss=0.293557 mse_soft=0.293110 ent_in=1.1081 ent_out=0.3818 rowmax_in=0.5081 rowmax_out=0.8192 discrete_mse=83.469200 best_discrete=2.176238 hash=False elapsed=44.5s
step   525/700 tau=0.0722 loss=0.321451 mse_soft=0.321016 ent_in=1.0777 ent_out=0.3746 rowmax_in=0.5101 rowmax_out=0.8299 discrete_mse=101.540047 best_discrete=2.176238 hash=False elapsed=46.6s
step   550/700 tau=0.0637 loss=0.304330 mse_soft=0.303910 ent_in=1.0297 ent_out=0.3727 rowmax_in=0.5370 rowmax_out=0.8203 discrete_mse=265.621429 best_discrete=2.176238 hash=False elapsed=48.9s
step   575/700 tau=0.0562 loss=0.297315 mse_soft=0.296905 ent_in=1.0335 ent_out=0.3335 rowmax_in=0.5313 rowmax_out=0.8486 discrete_mse=156.931686 best_discrete=2.176238 hash=False elapsed=51.3s
step   600/700 tau=0.0495 loss=0.353167 mse_soft=0.352787 ent_in=0.9621 ent_out=0.3062 rowmax_in=0.5625 rowmax_out=0.8645 discrete_mse=68.552711 best_discrete=2.176238 hash=False elapsed=53.6s
step   625/700 tau=0.0437 loss=0.343481 mse_soft=0.343139 ent_in=0.8570 ent_out=0.2811 rowmax_in=0.6044 rowmax_out=0.8693 discrete_mse=65.261612 best_discrete=2.176238 hash=False elapsed=55.9s
step   650/700 tau=0.0386 loss=0.324471 mse_soft=0.324146 ent_in=0.8241 ent_out=0.2580 rowmax_in=0.6003 rowmax_out=0.8650 discrete_mse=408.310822 best_discrete=2.176238 hash=False elapsed=58.2s
step   675/700 tau=0.0340 loss=0.315683 mse_soft=0.315352 ent_in=0.8404 ent_out=0.2614 rowmax_in=0.6016 rowmax_out=0.8650 discrete_mse=174.294891 best_discrete=2.176238 hash=False elapsed=60.6s
step   700/700 tau=0.0300 loss=0.311889 mse_soft=0.311556 ent_in=0.8512 ent_out=0.2570 rowmax_in=0.5903 rowmax_out=0.8635 discrete_mse=136.534653 best_discrete=2.176238 hash=False elapsed=62.7s

Final metrics:
  soft_mse_full=0.311175
  rowmax_in_mean=0.5908
  rowmax_out_mean=0.8636
  ent_in_mean=0.8520
  ent_out_mean=0.2570
  final_discrete_mse=184.212891
  hash_match=False
  best_discrete_mse_seen=2.176238
Saved results to overnight_b200_j3.json
