Using device: cuda
Train rows: 4096 / Full rows: 10000, steps=900, lr=0.03
step     1/900 tau=1.0000 loss=1.069948 mse_soft=1.067626 ent_in=3.8712 ent_out=3.8712 rowmax_in=0.0213 rowmax_out=0.0213 discrete_mse=14.481353 best_discrete=14.481353 hash=False elapsed=0.6s
step    25/900 tau=0.9106 loss=0.865381 mse_soft=0.863191 ent_in=3.6329 ent_out=3.6677 rowmax_in=0.0456 rowmax_out=0.0443 discrete_mse=1177.019165 best_discrete=14.481353 hash=False elapsed=2.8s
step    50/900 tau=0.8260 loss=0.650516 mse_soft=0.648605 ent_in=3.1402 ent_out=3.2306 rowmax_in=0.0945 rowmax_out=0.0872 discrete_mse=12889.999023 best_discrete=14.481353 hash=False elapsed=5.1s
step    75/900 tau=0.7493 loss=0.515553 mse_soft=0.513960 ent_in=2.6076 ent_out=2.7021 rowmax_in=0.2071 rowmax_out=0.1907 discrete_mse=4849.781250 best_discrete=14.481353 hash=False elapsed=7.4s
step   100/900 tau=0.6797 loss=0.415959 mse_soft=0.414768 ent_in=2.0081 ent_out=1.9625 rowmax_in=0.3489 rowmax_out=0.3764 discrete_mse=130.237076 best_discrete=14.481353 hash=False elapsed=9.8s
step   125/900 tau=0.6165 loss=0.355461 mse_soft=0.354587 ent_in=1.6159 ent_out=1.2972 rowmax_in=0.4332 rowmax_out=0.5609 discrete_mse=295.145599 best_discrete=14.481353 hash=False elapsed=12.2s
step   150/900 tau=0.5592 loss=0.322053 mse_soft=0.321378 ent_in=1.3953 ent_out=0.8532 rowmax_in=0.4868 rowmax_out=0.6965 discrete_mse=1.101976 best_discrete=1.101976 hash=False elapsed=14.8s
step   175/900 tau=0.5073 loss=0.305354 mse_soft=0.304802 ent_in=1.2566 ent_out=0.5831 rowmax_in=0.5235 rowmax_out=0.7846 discrete_mse=7.213524 best_discrete=1.101976 hash=False elapsed=17.2s
step   200/900 tau=0.4602 loss=0.296292 mse_soft=0.295806 ent_in=1.1713 ent_out=0.4493 rowmax_in=0.5421 rowmax_out=0.8268 discrete_mse=7.368309 best_discrete=1.101976 hash=False elapsed=19.7s
step   225/900 tau=0.4174 loss=0.292297 mse_soft=0.291836 ent_in=1.1393 ent_out=0.3998 rowmax_in=0.5457 rowmax_out=0.8428 discrete_mse=7.368309 best_discrete=1.101976 hash=False elapsed=22.3s
step   250/900 tau=0.3786 loss=0.290140 mse_soft=0.289690 ent_in=1.1171 ent_out=0.3838 rowmax_in=0.5506 rowmax_out=0.8454 discrete_mse=15.584237 best_discrete=1.101976 hash=False elapsed=24.6s
step   275/900 tau=0.3434 loss=0.287686 mse_soft=0.287243 ent_in=1.1025 ent_out=0.3719 rowmax_in=0.5527 rowmax_out=0.8491 discrete_mse=29.897783 best_discrete=1.101976 hash=False elapsed=27.0s
step   300/900 tau=0.3115 loss=0.286108 mse_soft=0.285674 ent_in=1.0927 ent_out=0.3538 rowmax_in=0.5537 rowmax_out=0.8533 discrete_mse=29.897783 best_discrete=1.101976 hash=False elapsed=29.6s
step   325/900 tau=0.2826 loss=0.285634 mse_soft=0.285207 ent_in=1.0846 ent_out=0.3399 rowmax_in=0.5547 rowmax_out=0.8567 discrete_mse=29.897783 best_discrete=1.101976 hash=False elapsed=31.9s
step   350/900 tau=0.2563 loss=0.286583 mse_soft=0.286158 ent_in=1.0766 ent_out=0.3397 rowmax_in=0.5569 rowmax_out=0.8561 discrete_mse=29.897783 best_discrete=1.101976 hash=False elapsed=34.5s
step   375/900 tau=0.2325 loss=0.287845 mse_soft=0.287425 ent_in=1.0634 ent_out=0.3378 rowmax_in=0.5606 rowmax_out=0.8582 discrete_mse=32.293968 best_discrete=1.101976 hash=False elapsed=36.9s
step   400/900 tau=0.2109 loss=0.283022 mse_soft=0.282606 ent_in=1.0595 ent_out=0.3274 rowmax_in=0.5624 rowmax_out=0.8622 discrete_mse=37.838295 best_discrete=1.101976 hash=False elapsed=39.5s
step   425/900 tau=0.1913 loss=0.284805 mse_soft=0.284397 ent_in=1.0506 ent_out=0.3104 rowmax_in=0.5640 rowmax_out=0.8683 discrete_mse=37.838295 best_discrete=1.101976 hash=False elapsed=41.9s
step   450/900 tau=0.1735 loss=0.282625 mse_soft=0.282219 ent_in=1.0467 ent_out=0.3067 rowmax_in=0.5637 rowmax_out=0.8691 discrete_mse=21.058315 best_discrete=1.101976 hash=False elapsed=44.4s
step   475/900 tau=0.1574 loss=0.284758 mse_soft=0.284355 ent_in=1.0431 ent_out=0.2990 rowmax_in=0.5655 rowmax_out=0.8721 discrete_mse=21.058315 best_discrete=1.101976 hash=False elapsed=46.6s
step   500/900 tau=0.1428 loss=0.281956 mse_soft=0.281555 ent_in=1.0439 ent_out=0.2944 rowmax_in=0.5646 rowmax_out=0.8739 discrete_mse=26.697765 best_discrete=1.101976 hash=False elapsed=49.3s
step   525/900 tau=0.1295 loss=0.282871 mse_soft=0.282472 ent_in=1.0383 ent_out=0.2920 rowmax_in=0.5671 rowmax_out=0.8741 discrete_mse=21.324738 best_discrete=1.101976 hash=False elapsed=51.7s
step   550/900 tau=0.1175 loss=0.283352 mse_soft=0.282957 ent_in=1.0283 ent_out=0.2873 rowmax_in=0.5710 rowmax_out=0.8752 discrete_mse=26.697765 best_discrete=1.101976 hash=False elapsed=54.1s
step   575/900 tau=0.1066 loss=0.283942 mse_soft=0.283551 ent_in=1.0224 ent_out=0.2825 rowmax_in=0.5725 rowmax_out=0.8764 discrete_mse=26.134857 best_discrete=1.101976 hash=False elapsed=56.5s
step   600/900 tau=0.0967 loss=0.282911 mse_soft=0.282524 ent_in=1.0075 ent_out=0.2815 rowmax_in=0.5707 rowmax_out=0.8746 discrete_mse=21.324738 best_discrete=1.101976 hash=False elapsed=59.1s
step   625/900 tau=0.0877 loss=0.282410 mse_soft=0.282029 ent_in=0.9982 ent_out=0.2733 rowmax_in=0.5715 rowmax_out=0.8772 discrete_mse=49.324425 best_discrete=1.101976 hash=False elapsed=61.7s
step   650/900 tau=0.0795 loss=0.289580 mse_soft=0.289203 ent_in=0.9869 ent_out=0.2689 rowmax_in=0.5710 rowmax_out=0.8769 discrete_mse=49.324425 best_discrete=1.101976 hash=False elapsed=64.1s
step   675/900 tau=0.0722 loss=0.291491 mse_soft=0.291121 ent_in=0.9675 ent_out=0.2666 rowmax_in=0.5784 rowmax_out=0.8741 discrete_mse=57.343143 best_discrete=1.101976 hash=False elapsed=66.5s
step   700/900 tau=0.0655 loss=0.321660 mse_soft=0.321284 ent_in=0.9810 ent_out=0.2706 rowmax_in=0.5682 rowmax_out=0.8741 discrete_mse=92.249580 best_discrete=1.101976 hash=False elapsed=68.7s
step   725/900 tau=0.0594 loss=0.293936 mse_soft=0.293577 ent_in=0.9337 ent_out=0.2627 rowmax_in=0.5831 rowmax_out=0.8728 discrete_mse=36.159885 best_discrete=1.101976 hash=False elapsed=71.1s
step   750/900 tau=0.0539 loss=0.380881 mse_soft=0.380614 ent_in=0.6943 ent_out=0.1961 rowmax_in=0.6828 rowmax_out=0.9051 discrete_mse=24.486252 best_discrete=1.101976 hash=False elapsed=73.4s
step   775/900 tau=0.0489 loss=0.339520 mse_soft=0.339267 ent_in=0.6271 ent_out=0.2165 rowmax_in=0.6904 rowmax_out=0.8957 discrete_mse=21.750320 best_discrete=1.101976 hash=False elapsed=75.7s
step   800/900 tau=0.0443 loss=0.451030 mse_soft=0.450864 ent_in=0.4579 ent_out=0.0967 rowmax_in=0.7753 rowmax_out=0.9574 discrete_mse=100.557411 best_discrete=1.101976 hash=False elapsed=77.9s
step   825/900 tau=0.0402 loss=0.397463 mse_soft=0.397300 ent_in=0.4345 ent_out=0.1107 rowmax_in=0.7628 rowmax_out=0.9362 discrete_mse=80.406548 best_discrete=1.101976 hash=False elapsed=80.2s
step   850/900 tau=0.0365 loss=0.389733 mse_soft=0.389560 ent_in=0.4498 ent_out=0.1271 rowmax_in=0.7499 rowmax_out=0.9284 discrete_mse=108.244370 best_discrete=1.101976 hash=False elapsed=82.3s
step   875/900 tau=0.0331 loss=0.387488 mse_soft=0.387316 ent_in=0.4519 ent_out=0.1213 rowmax_in=0.7485 rowmax_out=0.9296 discrete_mse=124.143135 best_discrete=1.101976 hash=False elapsed=84.4s
step   900/900 tau=0.0300 loss=0.386476 mse_soft=0.386309 ent_in=0.4512 ent_out=0.1084 rowmax_in=0.7493 rowmax_out=0.9340 discrete_mse=124.143135 best_discrete=1.101976 hash=False elapsed=86.6s

Final metrics:
  soft_mse_full=0.387831
  rowmax_in_mean=0.7511
  rowmax_out_mean=0.9338
  ent_in_mean=0.4502
  ent_out_mean=0.1086
  final_discrete_mse=124.143135
  hash_match=False
  best_discrete_mse_seen=1.101976
Saved results to overnight_b094_j1.json
