Using device: cuda
Train rows: 4096 / Full rows: 10000, steps=900, lr=0.03
step     1/900 tau=1.0000 loss=1.060377 mse_soft=1.058054 ent_in=3.8712 ent_out=3.8712 rowmax_in=0.0213 rowmax_out=0.0213 discrete_mse=138.709015 best_discrete=138.709015 hash=False elapsed=0.5s
step    25/900 tau=0.9106 loss=0.857931 mse_soft=0.855741 ent_in=3.6331 ent_out=3.6676 rowmax_in=0.0462 rowmax_out=0.0448 discrete_mse=3818.173096 best_discrete=138.709015 hash=False elapsed=2.7s
step    50/900 tau=0.8260 loss=0.644456 mse_soft=0.642552 ent_in=3.1239 ent_out=3.2204 rowmax_in=0.0955 rowmax_out=0.0895 discrete_mse=27778.412109 best_discrete=138.709015 hash=False elapsed=4.8s
step    75/900 tau=0.7493 loss=0.506320 mse_soft=0.504738 ent_in=2.5903 ent_out=2.6845 rowmax_in=0.2127 rowmax_out=0.1966 discrete_mse=51.511322 best_discrete=51.511322 hash=False elapsed=7.1s
step   100/900 tau=0.6797 loss=0.400238 mse_soft=0.399085 ent_in=1.9822 ent_out=1.8583 rowmax_in=0.3562 rowmax_out=0.4249 discrete_mse=1095.553101 best_discrete=51.511322 hash=False elapsed=9.5s
step   125/900 tau=0.6165 loss=0.342526 mse_soft=0.341723 ent_in=1.5989 ent_out=1.0771 rowmax_in=0.4372 rowmax_out=0.6653 discrete_mse=2065.297119 best_discrete=51.511322 hash=False elapsed=11.7s
step   150/900 tau=0.5592 loss=0.313311 mse_soft=0.312668 ent_in=1.4086 ent_out=0.7319 rowmax_in=0.4773 rowmax_out=0.7561 discrete_mse=1915.836304 best_discrete=51.511322 hash=False elapsed=14.3s
step   175/900 tau=0.5073 loss=0.296265 mse_soft=0.295716 ent_in=1.3178 ent_out=0.5126 rowmax_in=0.4920 rowmax_out=0.8163 discrete_mse=1776.063599 best_discrete=51.511322 hash=False elapsed=16.7s
step   200/900 tau=0.4602 loss=0.287794 mse_soft=0.287293 ent_in=1.2444 ent_out=0.4274 rowmax_in=0.5072 rowmax_out=0.8301 discrete_mse=1777.886719 best_discrete=51.511322 hash=False elapsed=19.2s
step   225/900 tau=0.4174 loss=0.280250 mse_soft=0.279775 ent_in=1.1910 ent_out=0.3934 rowmax_in=0.5217 rowmax_out=0.8301 discrete_mse=1200.621338 best_discrete=51.511322 hash=False elapsed=21.6s
step   250/900 tau=0.3786 loss=0.277172 mse_soft=0.276715 ent_in=1.1625 ent_out=0.3631 rowmax_in=0.5280 rowmax_out=0.8352 discrete_mse=1008.737000 best_discrete=51.511322 hash=False elapsed=23.8s
step   275/900 tau=0.3434 loss=0.273418 mse_soft=0.272971 ent_in=1.1469 ent_out=0.3430 rowmax_in=0.5326 rowmax_out=0.8417 discrete_mse=364.371643 best_discrete=51.511322 hash=False elapsed=25.9s
step   300/900 tau=0.3115 loss=0.272302 mse_soft=0.271862 ent_in=1.1323 ent_out=0.3331 rowmax_in=0.5365 rowmax_out=0.8452 discrete_mse=763.919861 best_discrete=51.511322 hash=False elapsed=28.2s
step   325/900 tau=0.2826 loss=0.272246 mse_soft=0.271811 ent_in=1.1204 ent_out=0.3291 rowmax_in=0.5397 rowmax_out=0.8457 discrete_mse=519.637512 best_discrete=51.511322 hash=False elapsed=30.5s
step   350/900 tau=0.2563 loss=0.269998 mse_soft=0.269566 ent_in=1.1132 ent_out=0.3267 rowmax_in=0.5414 rowmax_out=0.8461 discrete_mse=75.874329 best_discrete=51.511322 hash=False elapsed=32.7s
step   375/900 tau=0.2325 loss=0.271541 mse_soft=0.271111 ent_in=1.1097 ent_out=0.3233 rowmax_in=0.5425 rowmax_out=0.8479 discrete_mse=75.874329 best_discrete=51.511322 hash=False elapsed=34.9s
step   400/900 tau=0.2109 loss=0.273082 mse_soft=0.272654 ent_in=1.1081 ent_out=0.3189 rowmax_in=0.5422 rowmax_out=0.8508 discrete_mse=75.874329 best_discrete=51.511322 hash=False elapsed=37.0s
step   425/900 tau=0.1913 loss=0.273022 mse_soft=0.272596 ent_in=1.1036 ent_out=0.3159 rowmax_in=0.5427 rowmax_out=0.8518 discrete_mse=151.423340 best_discrete=51.511322 hash=False elapsed=39.3s
step   450/900 tau=0.1735 loss=0.269441 mse_soft=0.269018 ent_in=1.0990 ent_out=0.3115 rowmax_in=0.5458 rowmax_out=0.8546 discrete_mse=172.818558 best_discrete=51.511322 hash=False elapsed=41.4s
step   475/900 tau=0.1574 loss=0.273256 mse_soft=0.272836 ent_in=1.0912 ent_out=0.3094 rowmax_in=0.5480 rowmax_out=0.8560 discrete_mse=172.818558 best_discrete=51.511322 hash=False elapsed=43.8s
step   500/900 tau=0.1428 loss=0.268478 mse_soft=0.268061 ent_in=1.0870 ent_out=0.3043 rowmax_in=0.5496 rowmax_out=0.8598 discrete_mse=104.097000 best_discrete=51.511322 hash=False elapsed=46.0s
step   525/900 tau=0.1295 loss=0.275114 mse_soft=0.274700 ent_in=1.0879 ent_out=0.2926 rowmax_in=0.5471 rowmax_out=0.8665 discrete_mse=172.818558 best_discrete=51.511322 hash=False elapsed=48.3s
step   550/900 tau=0.1175 loss=0.272800 mse_soft=0.272388 ent_in=1.0873 ent_out=0.2867 rowmax_in=0.5471 rowmax_out=0.8696 discrete_mse=104.097000 best_discrete=51.511322 hash=False elapsed=50.5s
step   575/900 tau=0.1066 loss=0.273161 mse_soft=0.272751 ent_in=1.0888 ent_out=0.2792 rowmax_in=0.5462 rowmax_out=0.8728 discrete_mse=104.097000 best_discrete=51.511322 hash=False elapsed=52.8s
step   600/900 tau=0.0967 loss=0.284359 mse_soft=0.283950 ent_in=1.0901 ent_out=0.2731 rowmax_in=0.5435 rowmax_out=0.8734 discrete_mse=172.818558 best_discrete=51.511322 hash=False elapsed=55.3s
step   625/900 tau=0.0877 loss=0.277156 mse_soft=0.276751 ent_in=1.0805 ent_out=0.2687 rowmax_in=0.5395 rowmax_out=0.8748 discrete_mse=257.412292 best_discrete=51.511322 hash=False elapsed=57.6s
step   650/900 tau=0.0795 loss=0.311724 mse_soft=0.311355 ent_in=0.9996 ent_out=0.2306 rowmax_in=0.5680 rowmax_out=0.8954 discrete_mse=115.348724 best_discrete=51.511322 hash=False elapsed=60.0s
step   675/900 tau=0.0722 loss=0.353281 mse_soft=0.352955 ent_in=0.8469 ent_out=0.2420 rowmax_in=0.6421 rowmax_out=0.8835 discrete_mse=86.058601 best_discrete=51.511322 hash=False elapsed=62.5s
step   700/900 tau=0.0655 loss=0.292334 mse_soft=0.292026 ent_in=0.8129 ent_out=0.2148 rowmax_in=0.6347 rowmax_out=0.9018 discrete_mse=111.216469 best_discrete=51.511322 hash=False elapsed=64.8s
step   725/900 tau=0.0594 loss=0.286170 mse_soft=0.285862 ent_in=0.8157 ent_out=0.2089 rowmax_in=0.6262 rowmax_out=0.9020 discrete_mse=260.946106 best_discrete=51.511322 hash=False elapsed=66.9s
step   750/900 tau=0.0539 loss=0.290277 mse_soft=0.289974 ent_in=0.7993 ent_out=0.2087 rowmax_in=0.6378 rowmax_out=0.8968 discrete_mse=328.699036 best_discrete=51.511322 hash=False elapsed=69.1s
step   775/900 tau=0.0489 loss=0.284029 mse_soft=0.283725 ent_in=0.8099 ent_out=0.2047 rowmax_in=0.6279 rowmax_out=0.8966 discrete_mse=559.177429 best_discrete=51.511322 hash=False elapsed=71.4s
step   800/900 tau=0.0443 loss=0.615271 mse_soft=0.615125 ent_in=0.3613 ent_out=0.1275 rowmax_in=0.8375 rowmax_out=0.9313 discrete_mse=38.399067 best_discrete=38.399067 hash=False elapsed=73.6s
step   825/900 tau=0.0402 loss=0.507505 mse_soft=0.507375 ent_in=0.2980 ent_out=0.1356 rowmax_in=0.8559 rowmax_out=0.9145 discrete_mse=114.056023 best_discrete=38.399067 hash=False elapsed=75.8s
step   850/900 tau=0.0365 loss=0.487330 mse_soft=0.487205 ent_in=0.2928 ent_out=0.1240 rowmax_in=0.8569 rowmax_out=0.9191 discrete_mse=384.270630 best_discrete=38.399067 hash=False elapsed=77.8s
step   875/900 tau=0.0331 loss=0.462709 mse_soft=0.462585 ent_in=0.3111 ent_out=0.1039 rowmax_in=0.8483 rowmax_out=0.9283 discrete_mse=85.541679 best_discrete=38.399067 hash=False elapsed=79.9s
step   900/900 tau=0.0300 loss=0.453978 mse_soft=0.453846 ent_in=0.3211 ent_out=0.1186 rowmax_in=0.8363 rowmax_out=0.9207 discrete_mse=333.559601 best_discrete=38.399067 hash=False elapsed=82.3s

Final metrics:
  soft_mse_full=0.467178
  rowmax_in_mean=0.8359
  rowmax_out_mean=0.9213
  ent_in_mean=0.3215
  ent_out_mean=0.1182
  final_discrete_mse=69.473373
  hash_match=False
  best_discrete_mse_seen=38.399067
Saved results to overnight_b154_j1.json
