Using device: cuda
Train rows: 10000 / Full rows: 10000, steps=700, lr=0.02
step     1/700 tau=1.0000 loss=1.065786 mse_soft=1.063464 ent_in=3.8712 ent_out=3.8712 rowmax_in=0.0213 rowmax_out=0.0213 discrete_mse=9.057142 best_discrete=9.057142 hash=False elapsed=0.5s
step    25/700 tau=0.8866 loss=0.934773 mse_soft=0.932521 ent_in=3.7426 ent_out=3.7628 rowmax_in=0.0376 rowmax_out=0.0362 discrete_mse=272.770996 best_discrete=9.057142 hash=False elapsed=2.7s
step    50/700 tau=0.7821 loss=0.708450 mse_soft=0.706415 ent_in=3.3594 ent_out=3.4239 rowmax_in=0.0704 rowmax_out=0.0671 discrete_mse=4851.092285 best_discrete=9.057142 hash=False elapsed=5.0s
step    75/700 tau=0.6899 loss=0.582409 mse_soft=0.580617 ent_in=2.9313 ent_out=3.0415 rowmax_in=0.1326 rowmax_out=0.1207 discrete_mse=3058.386230 best_discrete=9.057142 hash=False elapsed=7.3s
step   100/700 tau=0.6086 loss=0.470918 mse_soft=0.469470 ent_in=2.4002 ent_out=2.4267 rowmax_in=0.2459 rowmax_out=0.2451 discrete_mse=606.723755 best_discrete=9.057142 hash=False elapsed=9.6s
step   125/700 tau=0.5368 loss=0.393516 mse_soft=0.392433 ent_in=1.9127 ent_out=1.6986 rowmax_in=0.3592 rowmax_out=0.4583 discrete_mse=475.205780 best_discrete=9.057142 hash=False elapsed=12.0s
step   150/700 tau=0.4736 loss=0.345603 mse_soft=0.344807 ent_in=1.5904 ent_out=1.0650 rowmax_in=0.4305 rowmax_out=0.6429 discrete_mse=152.704727 best_discrete=9.057142 hash=False elapsed=14.4s
step   175/700 tau=0.4177 loss=0.321848 mse_soft=0.321203 ent_in=1.4278 ent_out=0.7216 rowmax_in=0.4603 rowmax_out=0.7407 discrete_mse=125.986771 best_discrete=9.057142 hash=False elapsed=16.7s
step   200/700 tau=0.3685 loss=0.308334 mse_soft=0.307776 ent_in=1.3432 ent_out=0.5168 rowmax_in=0.4689 rowmax_out=0.7979 discrete_mse=217.585541 best_discrete=9.057142 hash=False elapsed=19.1s
step   225/700 tau=0.3251 loss=0.301979 mse_soft=0.301468 ent_in=1.2810 ent_out=0.4199 rowmax_in=0.4740 rowmax_out=0.8214 discrete_mse=252.739563 best_discrete=9.057142 hash=False elapsed=21.4s
step   250/700 tau=0.2868 loss=0.297835 mse_soft=0.297358 ent_in=1.2260 ent_out=0.3624 rowmax_in=0.4817 rowmax_out=0.8331 discrete_mse=234.254990 best_discrete=9.057142 hash=False elapsed=23.7s
step   275/700 tau=0.2530 loss=0.292429 mse_soft=0.291975 ent_in=1.1996 ent_out=0.3115 rowmax_in=0.4888 rowmax_out=0.8486 discrete_mse=141.453674 best_discrete=9.057142 hash=False elapsed=26.1s
step   300/700 tau=0.2231 loss=0.289929 mse_soft=0.289484 ent_in=1.1924 ent_out=0.2904 rowmax_in=0.4859 rowmax_out=0.8531 discrete_mse=159.989395 best_discrete=9.057142 hash=False elapsed=28.5s
step   325/700 tau=0.1968 loss=0.289822 mse_soft=0.289384 ent_in=1.1860 ent_out=0.2738 rowmax_in=0.4859 rowmax_out=0.8628 discrete_mse=159.989395 best_discrete=9.057142 hash=False elapsed=30.9s
step   350/700 tau=0.1736 loss=0.288967 mse_soft=0.288535 ent_in=1.1762 ent_out=0.2634 rowmax_in=0.4900 rowmax_out=0.8675 discrete_mse=245.010712 best_discrete=9.057142 hash=False elapsed=33.3s
step   375/700 tau=0.1532 loss=0.286867 mse_soft=0.286445 ent_in=1.1609 ent_out=0.2473 rowmax_in=0.4979 rowmax_out=0.8786 discrete_mse=157.895004 best_discrete=9.057142 hash=False elapsed=35.6s
step   400/700 tau=0.1351 loss=0.289395 mse_soft=0.288979 ent_in=1.1526 ent_out=0.2338 rowmax_in=0.4960 rowmax_out=0.8826 discrete_mse=420.519226 best_discrete=9.057142 hash=False elapsed=37.9s
step   425/700 tau=0.1192 loss=0.289714 mse_soft=0.289302 ent_in=1.1421 ent_out=0.2315 rowmax_in=0.4988 rowmax_out=0.8830 discrete_mse=420.519226 best_discrete=9.057142 hash=False elapsed=40.1s
step   450/700 tau=0.1051 loss=0.293302 mse_soft=0.292892 ent_in=1.1369 ent_out=0.2292 rowmax_in=0.4966 rowmax_out=0.8851 discrete_mse=375.346649 best_discrete=9.057142 hash=False elapsed=42.2s
step   475/700 tau=0.0928 loss=0.292810 mse_soft=0.292402 ent_in=1.1326 ent_out=0.2248 rowmax_in=0.4975 rowmax_out=0.8895 discrete_mse=420.519226 best_discrete=9.057142 hash=False elapsed=44.3s
step   500/700 tau=0.0818 loss=0.289164 mse_soft=0.288760 ent_in=1.1269 ent_out=0.2195 rowmax_in=0.4995 rowmax_out=0.8934 discrete_mse=182.418243 best_discrete=9.057142 hash=False elapsed=46.4s
step   525/700 tau=0.0722 loss=0.286524 mse_soft=0.286124 ent_in=1.1196 ent_out=0.2147 rowmax_in=0.5035 rowmax_out=0.8956 discrete_mse=182.418243 best_discrete=9.057142 hash=False elapsed=48.6s
step   550/700 tau=0.0637 loss=0.286459 mse_soft=0.286061 ent_in=1.1138 ent_out=0.2121 rowmax_in=0.5060 rowmax_out=0.8960 discrete_mse=133.770218 best_discrete=9.057142 hash=False elapsed=50.9s
step   575/700 tau=0.0562 loss=0.297326 mse_soft=0.296936 ent_in=1.0984 ent_out=0.2025 rowmax_in=0.5121 rowmax_out=0.9007 discrete_mse=158.498505 best_discrete=9.057142 hash=False elapsed=53.2s
step   600/700 tau=0.0495 loss=0.302472 mse_soft=0.302088 ent_in=1.0871 ent_out=0.1910 rowmax_in=0.5151 rowmax_out=0.9072 discrete_mse=295.198059 best_discrete=9.057142 hash=False elapsed=55.5s
step   625/700 tau=0.0437 loss=0.321709 mse_soft=0.321347 ent_in=1.0244 ent_out=0.1823 rowmax_in=0.5402 rowmax_out=0.9036 discrete_mse=48.249050 best_discrete=9.057142 hash=False elapsed=57.8s
step   650/700 tau=0.0386 loss=0.316336 mse_soft=0.316018 ent_in=0.8836 ent_out=0.1754 rowmax_in=0.5888 rowmax_out=0.9069 discrete_mse=130.225891 best_discrete=9.057142 hash=False elapsed=60.1s
step   675/700 tau=0.0340 loss=0.299434 mse_soft=0.299134 ent_in=0.8186 ent_out=0.1795 rowmax_in=0.6096 rowmax_out=0.9019 discrete_mse=227.291046 best_discrete=9.057142 hash=False elapsed=62.6s
step   700/700 tau=0.0300 loss=0.332493 mse_soft=0.332221 ent_in=0.7251 ent_out=0.1835 rowmax_in=0.6486 rowmax_out=0.8979 discrete_mse=189.344406 best_discrete=9.057142 hash=False elapsed=64.9s

Final metrics:
  soft_mse_full=0.333191
  rowmax_in_mean=0.6505
  rowmax_out_mean=0.9012
  ent_in_mean=0.7307
  ent_out_mean=0.1822
  final_discrete_mse=201.038544
  hash_match=False
  best_discrete_mse_seen=9.057142
Saved results to overnight_b061_j3.json
