Using device: cuda
Train rows: 10000 / Full rows: 10000, steps=700, lr=0.02
step     1/700 tau=1.0000 loss=1.065740 mse_soft=1.063418 ent_in=3.8712 ent_out=3.8712 rowmax_in=0.0213 rowmax_out=0.0213 discrete_mse=168.065506 best_discrete=168.065506 hash=False elapsed=0.5s
step    25/700 tau=0.8866 loss=0.935459 mse_soft=0.933208 ent_in=3.7424 ent_out=3.7630 rowmax_in=0.0372 rowmax_out=0.0362 discrete_mse=576.617676 best_discrete=168.065506 hash=False elapsed=2.7s
step    50/700 tau=0.7821 loss=0.711697 mse_soft=0.709661 ent_in=3.3628 ent_out=3.4253 rowmax_in=0.0687 rowmax_out=0.0663 discrete_mse=5357.199219 best_discrete=168.065506 hash=False elapsed=4.9s
step    75/700 tau=0.6899 loss=0.587985 mse_soft=0.586181 ent_in=2.9542 ent_out=3.0589 rowmax_in=0.1297 rowmax_out=0.1207 discrete_mse=548.072693 best_discrete=168.065506 hash=False elapsed=7.2s
step   100/700 tau=0.6086 loss=0.470049 mse_soft=0.468597 ent_in=2.4169 ent_out=2.4205 rowmax_in=0.2490 rowmax_out=0.2481 discrete_mse=1215.999390 best_discrete=168.065506 hash=False elapsed=9.4s
step   125/700 tau=0.5368 loss=0.388115 mse_soft=0.387025 ent_in=1.9109 ent_out=1.7248 rowmax_in=0.3707 rowmax_out=0.4546 discrete_mse=696.699707 best_discrete=168.065506 hash=False elapsed=11.8s
step   150/700 tau=0.4736 loss=0.342189 mse_soft=0.341371 ent_in=1.5840 ent_out=1.1444 rowmax_in=0.4436 rowmax_out=0.6480 discrete_mse=801.916992 best_discrete=168.065506 hash=False elapsed=14.2s
step   175/700 tau=0.4177 loss=0.312237 mse_soft=0.311599 ent_in=1.3560 ent_out=0.7701 rowmax_in=0.4990 rowmax_out=0.7372 discrete_mse=2143.183838 best_discrete=168.065506 hash=False elapsed=16.6s
step   200/700 tau=0.3685 loss=0.295437 mse_soft=0.294904 ent_in=1.2361 ent_out=0.5405 rowmax_in=0.5251 rowmax_out=0.8044 discrete_mse=700.566467 best_discrete=168.065506 hash=False elapsed=18.9s
step   225/700 tau=0.3251 loss=0.287741 mse_soft=0.287254 ent_in=1.1854 ent_out=0.4403 rowmax_in=0.5279 rowmax_out=0.8359 discrete_mse=973.764587 best_discrete=168.065506 hash=False elapsed=21.3s
step   250/700 tau=0.2868 loss=0.282562 mse_soft=0.282099 ent_in=1.1527 ent_out=0.3893 rowmax_in=0.5274 rowmax_out=0.8478 discrete_mse=700.349609 best_discrete=168.065506 hash=False elapsed=23.5s
step   275/700 tau=0.2530 loss=0.281364 mse_soft=0.280916 ent_in=1.1273 ent_out=0.3666 rowmax_in=0.5285 rowmax_out=0.8503 discrete_mse=700.349609 best_discrete=168.065506 hash=False elapsed=25.7s
step   300/700 tau=0.2231 loss=0.280285 mse_soft=0.279844 ent_in=1.1158 ent_out=0.3535 rowmax_in=0.5284 rowmax_out=0.8516 discrete_mse=700.349609 best_discrete=168.065506 hash=False elapsed=28.0s
step   325/700 tau=0.1968 loss=0.281041 mse_soft=0.280605 ent_in=1.1085 ent_out=0.3448 rowmax_in=0.5287 rowmax_out=0.8529 discrete_mse=700.349609 best_discrete=168.065506 hash=False elapsed=30.4s
step   350/700 tau=0.1736 loss=0.278609 mse_soft=0.278177 ent_in=1.0999 ent_out=0.3373 rowmax_in=0.5313 rowmax_out=0.8551 discrete_mse=405.277985 best_discrete=168.065506 hash=False elapsed=32.7s
step   375/700 tau=0.1532 loss=0.281831 mse_soft=0.281405 ent_in=1.0915 ent_out=0.3279 rowmax_in=0.5325 rowmax_out=0.8565 discrete_mse=405.277985 best_discrete=168.065506 hash=False elapsed=35.0s
step   400/700 tau=0.1351 loss=0.280858 mse_soft=0.280439 ent_in=1.0796 ent_out=0.3161 rowmax_in=0.5384 rowmax_out=0.8611 discrete_mse=405.277985 best_discrete=168.065506 hash=False elapsed=37.5s
step   425/700 tau=0.1192 loss=0.281806 mse_soft=0.281390 ent_in=1.0801 ent_out=0.3076 rowmax_in=0.5355 rowmax_out=0.8607 discrete_mse=405.277985 best_discrete=168.065506 hash=False elapsed=39.6s
step   450/700 tau=0.1051 loss=0.277083 mse_soft=0.276672 ent_in=1.0713 ent_out=0.3006 rowmax_in=0.5371 rowmax_out=0.8619 discrete_mse=405.277985 best_discrete=168.065506 hash=False elapsed=42.0s
step   475/700 tau=0.0928 loss=0.280739 mse_soft=0.280333 ent_in=1.0640 ent_out=0.2877 rowmax_in=0.5399 rowmax_out=0.8652 discrete_mse=512.022583 best_discrete=168.065506 hash=False elapsed=44.3s
step   500/700 tau=0.0818 loss=0.276231 mse_soft=0.275828 ent_in=1.0610 ent_out=0.2804 rowmax_in=0.5375 rowmax_out=0.8671 discrete_mse=859.050354 best_discrete=168.065506 hash=False elapsed=46.5s
step   525/700 tau=0.0722 loss=0.287011 mse_soft=0.286615 ent_in=1.0549 ent_out=0.2649 rowmax_in=0.5360 rowmax_out=0.8737 discrete_mse=506.769073 best_discrete=168.065506 hash=False elapsed=48.8s
step   550/700 tau=0.0637 loss=0.299945 mse_soft=0.299556 ent_in=1.0446 ent_out=0.2532 rowmax_in=0.5411 rowmax_out=0.8799 discrete_mse=134.147125 best_discrete=134.147125 hash=False elapsed=51.3s
step   575/700 tau=0.0562 loss=0.310948 mse_soft=0.310563 ent_in=1.0403 ent_out=0.2407 rowmax_in=0.5401 rowmax_out=0.8800 discrete_mse=555.123413 best_discrete=134.147125 hash=False elapsed=53.6s
step   600/700 tau=0.0495 loss=0.301626 mse_soft=0.301254 ent_in=1.0144 ent_out=0.2247 rowmax_in=0.5520 rowmax_out=0.8851 discrete_mse=492.615448 best_discrete=134.147125 hash=False elapsed=55.8s
step   625/700 tau=0.0437 loss=0.281771 mse_soft=0.281401 ent_in=1.0113 ent_out=0.2208 rowmax_in=0.5556 rowmax_out=0.8839 discrete_mse=562.238403 best_discrete=134.147125 hash=False elapsed=58.2s
step   650/700 tau=0.0386 loss=0.337584 mse_soft=0.337216 ent_in=0.9994 ent_out=0.2267 rowmax_in=0.5542 rowmax_out=0.8822 discrete_mse=781.706848 best_discrete=134.147125 hash=False elapsed=60.7s
step   675/700 tau=0.0340 loss=0.337369 mse_soft=0.337073 ent_in=0.7921 ent_out=0.1945 rowmax_in=0.6175 rowmax_out=0.8983 discrete_mse=181.546707 best_discrete=134.147125 hash=False elapsed=62.9s
step   700/700 tau=0.0300 loss=0.380119 mse_soft=0.379852 ent_in=0.6970 ent_out=0.1909 rowmax_in=0.6557 rowmax_out=0.9044 discrete_mse=190.728897 best_discrete=134.147125 hash=False elapsed=65.4s

Final metrics:
  soft_mse_full=0.430720
  rowmax_in_mean=0.6374
  rowmax_out_mean=0.9030
  ent_in_mean=0.7199
  ent_out_mean=0.1949
  final_discrete_mse=106.534775
  hash_match=False
  best_discrete_mse_seen=134.147125
Saved results to overnight_b217_j3.json
