Using device: cuda
Train rows: 10000 / Full rows: 10000, steps=700, lr=0.02
step     1/700 tau=1.0000 loss=1.065769 mse_soft=1.063447 ent_in=3.8712 ent_out=3.8712 rowmax_in=0.0213 rowmax_out=0.0213 discrete_mse=15.982473 best_discrete=15.982473 hash=False elapsed=0.5s
step    25/700 tau=0.8866 loss=0.935106 mse_soft=0.932855 ent_in=3.7419 ent_out=3.7632 rowmax_in=0.0376 rowmax_out=0.0363 discrete_mse=1691.080322 best_discrete=15.982473 hash=False elapsed=3.1s
step    50/700 tau=0.7821 loss=0.712135 mse_soft=0.710100 ent_in=3.3589 ent_out=3.4238 rowmax_in=0.0693 rowmax_out=0.0669 discrete_mse=9755.572266 best_discrete=15.982473 hash=False elapsed=5.6s
step    75/700 tau=0.6899 loss=0.588677 mse_soft=0.586878 ent_in=2.9363 ent_out=3.0578 rowmax_in=0.1318 rowmax_out=0.1181 discrete_mse=3389.360352 best_discrete=15.982473 hash=False elapsed=8.2s
step   100/700 tau=0.6086 loss=0.472044 mse_soft=0.470598 ent_in=2.4009 ent_out=2.4198 rowmax_in=0.2539 rowmax_out=0.2606 discrete_mse=3544.832764 best_discrete=15.982473 hash=False elapsed=10.8s
step   125/700 tau=0.5368 loss=0.384822 mse_soft=0.383764 ent_in=1.8647 ent_out=1.6601 rowmax_in=0.3836 rowmax_out=0.4642 discrete_mse=1367.019775 best_discrete=15.982473 hash=False elapsed=13.2s
step   150/700 tau=0.4736 loss=0.336390 mse_soft=0.335626 ent_in=1.5365 ent_out=1.0112 rowmax_in=0.4503 rowmax_out=0.6751 discrete_mse=1213.058350 best_discrete=15.982473 hash=False elapsed=15.7s
step   175/700 tau=0.4177 loss=0.318134 mse_soft=0.317502 ent_in=1.3902 ent_out=0.7170 rowmax_in=0.4693 rowmax_out=0.7331 discrete_mse=54.402100 best_discrete=15.982473 hash=False elapsed=18.3s
step   200/700 tau=0.3685 loss=0.305134 mse_soft=0.304572 ent_in=1.3051 ent_out=0.5657 rowmax_in=0.4902 rowmax_out=0.7855 discrete_mse=87.363937 best_discrete=15.982473 hash=False elapsed=20.9s
step   225/700 tau=0.3251 loss=0.294211 mse_soft=0.293694 ent_in=1.2252 ent_out=0.5013 rowmax_in=0.4985 rowmax_out=0.7995 discrete_mse=117.502472 best_discrete=15.982473 hash=False elapsed=23.3s
step   250/700 tau=0.2868 loss=0.287365 mse_soft=0.286875 ent_in=1.1768 ent_out=0.4541 rowmax_in=0.5095 rowmax_out=0.8104 discrete_mse=347.738556 best_discrete=15.982473 hash=False elapsed=25.8s
step   275/700 tau=0.2530 loss=0.283695 mse_soft=0.283224 ent_in=1.1398 ent_out=0.4322 rowmax_in=0.5201 rowmax_out=0.8094 discrete_mse=1300.124512 best_discrete=15.982473 hash=False elapsed=28.3s
step   300/700 tau=0.2231 loss=0.279647 mse_soft=0.279199 ent_in=1.0929 ent_out=0.3977 rowmax_in=0.5324 rowmax_out=0.8276 discrete_mse=908.050354 best_discrete=15.982473 hash=False elapsed=30.5s
step   325/700 tau=0.1968 loss=0.277001 mse_soft=0.276572 ent_in=1.0539 ent_out=0.3755 rowmax_in=0.5448 rowmax_out=0.8390 discrete_mse=908.050354 best_discrete=15.982473 hash=False elapsed=33.1s
step   350/700 tau=0.1736 loss=0.277149 mse_soft=0.276731 ent_in=1.0308 ent_out=0.3629 rowmax_in=0.5496 rowmax_out=0.8455 discrete_mse=1349.631958 best_discrete=15.982473 hash=False elapsed=35.5s
step   375/700 tau=0.1532 loss=0.275642 mse_soft=0.275229 ent_in=1.0209 ent_out=0.3577 rowmax_in=0.5506 rowmax_out=0.8468 discrete_mse=973.857605 best_discrete=15.982473 hash=False elapsed=37.7s
step   400/700 tau=0.1351 loss=0.278935 mse_soft=0.278524 ent_in=1.0116 ent_out=0.3551 rowmax_in=0.5520 rowmax_out=0.8457 discrete_mse=585.459778 best_discrete=15.982473 hash=False elapsed=40.2s
step   425/700 tau=0.1192 loss=0.280078 mse_soft=0.279670 ent_in=1.0041 ent_out=0.3567 rowmax_in=0.5536 rowmax_out=0.8440 discrete_mse=459.615326 best_discrete=15.982473 hash=False elapsed=43.0s
step   450/700 tau=0.1051 loss=0.297977 mse_soft=0.297571 ent_in=0.9972 ent_out=0.3573 rowmax_in=0.5535 rowmax_out=0.8440 discrete_mse=358.321198 best_discrete=15.982473 hash=False elapsed=45.2s
step   475/700 tau=0.0928 loss=0.276175 mse_soft=0.275773 ent_in=0.9822 ent_out=0.3577 rowmax_in=0.5593 rowmax_out=0.8439 discrete_mse=733.248108 best_discrete=15.982473 hash=False elapsed=47.5s
step   500/700 tau=0.0818 loss=0.276072 mse_soft=0.275670 ent_in=0.9805 ent_out=0.3592 rowmax_in=0.5606 rowmax_out=0.8431 discrete_mse=358.321198 best_discrete=15.982473 hash=False elapsed=50.0s
step   525/700 tau=0.0722 loss=0.281611 mse_soft=0.281210 ent_in=0.9787 ent_out=0.3569 rowmax_in=0.5627 rowmax_out=0.8412 discrete_mse=459.615326 best_discrete=15.982473 hash=False elapsed=52.5s
step   550/700 tau=0.0637 loss=0.282167 mse_soft=0.281776 ent_in=0.9693 ent_out=0.3349 rowmax_in=0.5661 rowmax_out=0.8524 discrete_mse=1005.923401 best_discrete=15.982473 hash=False elapsed=54.9s
step   575/700 tau=0.0562 loss=0.289773 mse_soft=0.289408 ent_in=0.9036 ent_out=0.3141 rowmax_in=0.5923 rowmax_out=0.8588 discrete_mse=537.209106 best_discrete=15.982473 hash=False elapsed=57.3s
step   600/700 tau=0.0495 loss=0.285916 mse_soft=0.285552 ent_in=0.8968 ent_out=0.3147 rowmax_in=0.5958 rowmax_out=0.8517 discrete_mse=973.767273 best_discrete=15.982473 hash=False elapsed=59.8s
step   625/700 tau=0.0437 loss=0.283559 mse_soft=0.283199 ent_in=0.8815 ent_out=0.3203 rowmax_in=0.6034 rowmax_out=0.8503 discrete_mse=1188.962769 best_discrete=15.982473 hash=False elapsed=62.2s
step   650/700 tau=0.0386 loss=0.282882 mse_soft=0.282519 ent_in=0.8941 ent_out=0.3170 rowmax_in=0.5966 rowmax_out=0.8504 discrete_mse=734.791199 best_discrete=15.982473 hash=False elapsed=64.6s
step   675/700 tau=0.0340 loss=0.320374 mse_soft=0.320063 ent_in=0.7337 ent_out=0.3026 rowmax_in=0.6486 rowmax_out=0.8441 discrete_mse=54.218662 best_discrete=15.982473 hash=False elapsed=67.0s
step   700/700 tau=0.0300 loss=0.342141 mse_soft=0.341889 ent_in=0.6240 ent_out=0.2153 rowmax_in=0.6808 rowmax_out=0.8905 discrete_mse=10.619970 best_discrete=10.619970 hash=False elapsed=69.6s

Final metrics:
  soft_mse_full=0.344716
  rowmax_in_mean=0.6901
  rowmax_out_mean=0.8908
  ent_in_mean=0.6168
  ent_out_mean=0.2151
  final_discrete_mse=10.619970
  hash_match=False
  best_discrete_mse_seen=10.619970
Saved results to overnight_b234_j3.json
