Using device: cuda
Train rows: 10000 / Full rows: 10000, steps=700, lr=0.015
step     1/700 tau=1.0000 loss=1.064146 mse_soft=1.063371 ent_in=3.8712 ent_out=3.8712 rowmax_in=0.0213 rowmax_out=0.0213 discrete_mse=225.363419 best_discrete=225.363419 hash=False elapsed=0.6s
step    25/700 tau=0.8810 loss=0.971888 mse_soft=0.971128 ent_in=3.7930 ent_out=3.8054 rowmax_in=0.0330 rowmax_out=0.0322 discrete_mse=867.173767 best_discrete=225.363419 hash=False elapsed=2.7s
step    50/700 tau=0.7721 loss=0.786820 mse_soft=0.786112 ent_in=3.5149 ent_out=3.5649 rowmax_in=0.0569 rowmax_out=0.0541 discrete_mse=1322.372559 best_discrete=225.363419 hash=False elapsed=4.9s
step    75/700 tau=0.6767 loss=0.643356 mse_soft=0.642720 ent_in=3.1320 ent_out=3.2254 rowmax_in=0.0970 rowmax_out=0.0926 discrete_mse=1290.537476 best_discrete=225.363419 hash=False elapsed=7.0s
step   100/700 tau=0.5931 loss=0.534306 mse_soft=0.533752 ent_in=2.7194 ent_out=2.8124 rowmax_in=0.1795 rowmax_out=0.1715 discrete_mse=756.756958 best_discrete=225.363419 hash=False elapsed=9.0s
step   125/700 tau=0.5198 loss=0.436032 mse_soft=0.435599 ent_in=2.1874 ent_out=2.1464 rowmax_in=0.3014 rowmax_out=0.3280 discrete_mse=253.233444 best_discrete=225.363419 hash=False elapsed=11.2s
step   150/700 tau=0.4555 loss=0.365523 mse_soft=0.365209 ent_in=1.6786 ent_out=1.4689 rowmax_in=0.4462 rowmax_out=0.5269 discrete_mse=1672.520508 best_discrete=225.363419 hash=False elapsed=13.4s
step   175/700 tau=0.3992 loss=0.327118 mse_soft=0.326878 ent_in=1.4377 ent_out=0.9597 rowmax_in=0.4778 rowmax_out=0.6863 discrete_mse=915.072754 best_discrete=225.363419 hash=False elapsed=15.8s
step   200/700 tau=0.3499 loss=0.306004 mse_soft=0.305815 ent_in=1.2826 ent_out=0.6121 rowmax_in=0.5093 rowmax_out=0.7863 discrete_mse=905.420776 best_discrete=225.363419 hash=False elapsed=18.1s
step   225/700 tau=0.3066 loss=0.294714 mse_soft=0.294549 ent_in=1.1830 ent_out=0.4719 rowmax_in=0.5291 rowmax_out=0.8315 discrete_mse=233.669388 best_discrete=225.363419 hash=False elapsed=20.5s
step   250/700 tau=0.2687 loss=0.287184 mse_soft=0.287030 ent_in=1.1034 ent_out=0.4387 rowmax_in=0.5455 rowmax_out=0.8322 discrete_mse=379.492767 best_discrete=225.363419 hash=False elapsed=22.7s
step   275/700 tau=0.2355 loss=0.282830 mse_soft=0.282687 ent_in=1.0535 ent_out=0.3763 rowmax_in=0.5498 rowmax_out=0.8413 discrete_mse=102.714218 best_discrete=102.714218 hash=False elapsed=25.1s
step   300/700 tau=0.2064 loss=0.280395 mse_soft=0.280258 ent_in=1.0285 ent_out=0.3444 rowmax_in=0.5566 rowmax_out=0.8465 discrete_mse=84.744301 best_discrete=84.744301 hash=False elapsed=27.4s
step   325/700 tau=0.1809 loss=0.278959 mse_soft=0.278826 ent_in=1.0140 ent_out=0.3199 rowmax_in=0.5559 rowmax_out=0.8525 discrete_mse=84.744301 best_discrete=84.744301 hash=False elapsed=29.7s
step   350/700 tau=0.1585 loss=0.279288 mse_soft=0.279157 ent_in=1.0013 ent_out=0.3066 rowmax_in=0.5544 rowmax_out=0.8550 discrete_mse=137.880814 best_discrete=84.744301 hash=False elapsed=32.0s
step   375/700 tau=0.1389 loss=0.277617 mse_soft=0.277488 ent_in=0.9910 ent_out=0.3047 rowmax_in=0.5551 rowmax_out=0.8531 discrete_mse=137.880814 best_discrete=84.744301 hash=False elapsed=34.3s
step   400/700 tau=0.1218 loss=0.277617 mse_soft=0.277490 ent_in=0.9765 ent_out=0.2956 rowmax_in=0.5603 rowmax_out=0.8562 discrete_mse=228.266739 best_discrete=84.744301 hash=False elapsed=36.9s
step   425/700 tau=0.1067 loss=0.276102 mse_soft=0.275976 ent_in=0.9597 ent_out=0.2938 rowmax_in=0.5673 rowmax_out=0.8558 discrete_mse=228.266739 best_discrete=84.744301 hash=False elapsed=39.3s
step   450/700 tau=0.0935 loss=0.277053 mse_soft=0.276929 ent_in=0.9470 ent_out=0.2912 rowmax_in=0.5722 rowmax_out=0.8557 discrete_mse=228.266739 best_discrete=84.744301 hash=False elapsed=41.6s
step   475/700 tau=0.0820 loss=0.279178 mse_soft=0.279055 ent_in=0.9435 ent_out=0.2884 rowmax_in=0.5745 rowmax_out=0.8564 discrete_mse=152.478699 best_discrete=84.744301 hash=False elapsed=44.0s
step   500/700 tau=0.0718 loss=0.277508 mse_soft=0.277386 ent_in=0.9355 ent_out=0.2841 rowmax_in=0.5763 rowmax_out=0.8572 discrete_mse=228.266739 best_discrete=84.744301 hash=False elapsed=46.2s
step   525/700 tau=0.0630 loss=0.282737 mse_soft=0.282616 ent_in=0.9304 ent_out=0.2833 rowmax_in=0.5766 rowmax_out=0.8544 discrete_mse=73.292809 best_discrete=73.292809 hash=False elapsed=48.6s
step   550/700 tau=0.0552 loss=0.280089 mse_soft=0.279970 ent_in=0.9096 ent_out=0.2829 rowmax_in=0.5789 rowmax_out=0.8553 discrete_mse=152.478699 best_discrete=73.292809 hash=False elapsed=50.9s
step   575/700 tau=0.0484 loss=0.280919 mse_soft=0.280802 ent_in=0.8961 ent_out=0.2732 rowmax_in=0.5811 rowmax_out=0.8600 discrete_mse=172.285599 best_discrete=73.292809 hash=False elapsed=53.2s
step   600/700 tau=0.0424 loss=0.288219 mse_soft=0.288109 ent_in=0.8563 ent_out=0.2523 rowmax_in=0.5985 rowmax_out=0.8641 discrete_mse=86.685471 best_discrete=73.292809 hash=False elapsed=55.7s
step   625/700 tau=0.0371 loss=0.288832 mse_soft=0.288724 ent_in=0.8316 ent_out=0.2403 rowmax_in=0.6011 rowmax_out=0.8674 discrete_mse=124.818726 best_discrete=73.292809 hash=False elapsed=58.1s
step   650/700 tau=0.0325 loss=0.282984 mse_soft=0.282879 ent_in=0.8084 ent_out=0.2348 rowmax_in=0.6085 rowmax_out=0.8728 discrete_mse=174.206223 best_discrete=73.292809 hash=False elapsed=60.3s
step   675/700 tau=0.0285 loss=0.385469 mse_soft=0.385399 ent_in=0.4887 ent_out=0.2114 rowmax_in=0.7751 rowmax_out=0.8847 discrete_mse=14.848628 best_discrete=14.848628 hash=False elapsed=62.6s
step   700/700 tau=0.0250 loss=0.350823 mse_soft=0.350755 ent_in=0.4565 ent_out=0.2173 rowmax_in=0.7719 rowmax_out=0.8767 discrete_mse=56.583534 best_discrete=14.848628 hash=False elapsed=65.1s

Final metrics:
  soft_mse_full=0.349813
  rowmax_in_mean=0.7655
  rowmax_out_mean=0.8761
  ent_in_mean=0.4589
  ent_out_mean=0.2181
  final_discrete_mse=71.098961
  hash_match=False
  best_discrete_mse_seen=14.848628
Saved results to overnight_b082_j4.json
