Using device: cuda
Train rows: 10000 / Full rows: 10000, steps=700, lr=0.015
step     1/700 tau=1.0000 loss=1.064223 mse_soft=1.063448 ent_in=3.8712 ent_out=3.8712 rowmax_in=0.0213 rowmax_out=0.0213 discrete_mse=31.567970 best_discrete=31.567970 hash=False elapsed=0.5s
step    25/700 tau=0.8810 loss=0.972026 mse_soft=0.971266 ent_in=3.7931 ent_out=3.8055 rowmax_in=0.0330 rowmax_out=0.0323 discrete_mse=1264.032837 best_discrete=31.567970 hash=False elapsed=2.7s
step    50/700 tau=0.7721 loss=0.787708 mse_soft=0.787000 ent_in=3.5154 ent_out=3.5674 rowmax_in=0.0562 rowmax_out=0.0538 discrete_mse=1718.766357 best_discrete=31.567970 hash=False elapsed=4.8s
step    75/700 tau=0.6767 loss=0.643527 mse_soft=0.642890 ent_in=3.1299 ent_out=3.2331 rowmax_in=0.0980 rowmax_out=0.0899 discrete_mse=1934.929932 best_discrete=31.567970 hash=False elapsed=7.1s
step   100/700 tau=0.5931 loss=0.535794 mse_soft=0.535239 ent_in=2.7226 ent_out=2.8281 rowmax_in=0.1784 rowmax_out=0.1655 discrete_mse=484.628387 best_discrete=31.567970 hash=False elapsed=9.4s
step   125/700 tau=0.5198 loss=0.438639 mse_soft=0.438200 ent_in=2.2164 ent_out=2.1750 rowmax_in=0.2931 rowmax_out=0.3243 discrete_mse=108.141350 best_discrete=31.567970 hash=False elapsed=12.0s
step   150/700 tau=0.4555 loss=0.372680 mse_soft=0.372351 ent_in=1.7501 ent_out=1.5413 rowmax_in=0.4232 rowmax_out=0.5009 discrete_mse=111.980408 best_discrete=31.567970 hash=False elapsed=14.1s
step   175/700 tau=0.3992 loss=0.341331 mse_soft=0.341077 ent_in=1.4712 ent_out=1.0704 rowmax_in=0.4860 rowmax_out=0.6243 discrete_mse=286.391846 best_discrete=31.567970 hash=False elapsed=16.3s
step   200/700 tau=0.3499 loss=0.325222 mse_soft=0.325007 ent_in=1.3536 ent_out=0.7884 rowmax_in=0.4910 rowmax_out=0.7043 discrete_mse=155.666763 best_discrete=31.567970 hash=False elapsed=18.5s
step   225/700 tau=0.3066 loss=0.315972 mse_soft=0.315787 ent_in=1.2567 ent_out=0.5941 rowmax_in=0.4997 rowmax_out=0.7697 discrete_mse=89.876732 best_discrete=31.567970 hash=False elapsed=20.9s
step   250/700 tau=0.2687 loss=0.309989 mse_soft=0.309819 ent_in=1.1918 ent_out=0.5111 rowmax_in=0.5111 rowmax_out=0.8017 discrete_mse=97.749214 best_discrete=31.567970 hash=False elapsed=23.4s
step   275/700 tau=0.2355 loss=0.303721 mse_soft=0.303562 ent_in=1.1414 ent_out=0.4491 rowmax_in=0.5203 rowmax_out=0.8288 discrete_mse=272.641693 best_discrete=31.567970 hash=False elapsed=25.8s
step   300/700 tau=0.2064 loss=0.299743 mse_soft=0.299589 ent_in=1.1190 ent_out=0.4179 rowmax_in=0.5295 rowmax_out=0.8291 discrete_mse=241.388916 best_discrete=31.567970 hash=False elapsed=28.0s
step   325/700 tau=0.1809 loss=0.296233 mse_soft=0.296083 ent_in=1.0977 ent_out=0.4035 rowmax_in=0.5338 rowmax_out=0.8207 discrete_mse=241.388916 best_discrete=31.567970 hash=False elapsed=30.3s
step   350/700 tau=0.1585 loss=0.294079 mse_soft=0.293933 ent_in=1.0711 ent_out=0.3907 rowmax_in=0.5413 rowmax_out=0.8175 discrete_mse=388.655090 best_discrete=31.567970 hash=False elapsed=32.5s
step   375/700 tau=0.1389 loss=0.292476 mse_soft=0.292332 ent_in=1.0506 ent_out=0.3808 rowmax_in=0.5499 rowmax_out=0.8139 discrete_mse=388.655090 best_discrete=31.567970 hash=False elapsed=34.8s
step   400/700 tau=0.1218 loss=0.293813 mse_soft=0.293673 ent_in=1.0345 ent_out=0.3704 rowmax_in=0.5544 rowmax_out=0.8144 discrete_mse=388.655090 best_discrete=31.567970 hash=False elapsed=36.9s
step   425/700 tau=0.1067 loss=0.293174 mse_soft=0.293034 ent_in=1.0268 ent_out=0.3661 rowmax_in=0.5562 rowmax_out=0.8118 discrete_mse=388.655090 best_discrete=31.567970 hash=False elapsed=39.2s
step   450/700 tau=0.0935 loss=0.294258 mse_soft=0.294119 ent_in=1.0254 ent_out=0.3620 rowmax_in=0.5532 rowmax_out=0.8123 discrete_mse=388.655090 best_discrete=31.567970 hash=False elapsed=41.3s
step   475/700 tau=0.0820 loss=0.290880 mse_soft=0.290742 ent_in=1.0259 ent_out=0.3594 rowmax_in=0.5520 rowmax_out=0.8141 discrete_mse=388.655090 best_discrete=31.567970 hash=False elapsed=43.5s
step   500/700 tau=0.0718 loss=0.296410 mse_soft=0.296272 ent_in=1.0227 ent_out=0.3576 rowmax_in=0.5546 rowmax_out=0.8146 discrete_mse=388.655090 best_discrete=31.567970 hash=False elapsed=45.8s
step   525/700 tau=0.0630 loss=0.291381 mse_soft=0.291243 ent_in=1.0226 ent_out=0.3521 rowmax_in=0.5537 rowmax_out=0.8158 discrete_mse=388.655090 best_discrete=31.567970 hash=False elapsed=48.0s
step   550/700 tau=0.0552 loss=0.297389 mse_soft=0.297254 ent_in=1.0105 ent_out=0.3461 rowmax_in=0.5575 rowmax_out=0.8148 discrete_mse=195.336823 best_discrete=31.567970 hash=False elapsed=50.3s
step   575/700 tau=0.0484 loss=0.302655 mse_soft=0.302520 ent_in=1.0102 ent_out=0.3485 rowmax_in=0.5528 rowmax_out=0.8126 discrete_mse=72.887764 best_discrete=31.567970 hash=False elapsed=52.6s
step   600/700 tau=0.0424 loss=0.297745 mse_soft=0.297611 ent_in=0.9981 ent_out=0.3373 rowmax_in=0.5593 rowmax_out=0.8179 discrete_mse=388.655090 best_discrete=31.567970 hash=False elapsed=54.9s
step   625/700 tau=0.0371 loss=0.316020 mse_soft=0.315894 ent_in=0.9456 ent_out=0.3149 rowmax_in=0.5791 rowmax_out=0.8345 discrete_mse=88.155495 best_discrete=31.567970 hash=False elapsed=57.2s
step   650/700 tau=0.0325 loss=0.400761 mse_soft=0.400681 ent_in=0.6093 ent_out=0.1946 rowmax_in=0.7191 rowmax_out=0.9121 discrete_mse=29.866297 best_discrete=29.866297 hash=False elapsed=59.3s
step   675/700 tau=0.0285 loss=0.344722 mse_soft=0.344640 ent_in=0.6275 ent_out=0.2005 rowmax_in=0.6855 rowmax_out=0.9037 discrete_mse=85.767464 best_discrete=29.866297 hash=False elapsed=61.3s
step   700/700 tau=0.0250 loss=0.335259 mse_soft=0.335178 ent_in=0.6194 ent_out=0.1940 rowmax_in=0.6856 rowmax_out=0.9030 discrete_mse=24.169258 best_discrete=24.169258 hash=False elapsed=63.5s

Final metrics:
  soft_mse_full=0.334892
  rowmax_in_mean=0.6844
  rowmax_out_mean=0.9033
  ent_in_mean=0.6214
  ent_out_mean=0.1946
  final_discrete_mse=47.663235
  hash_match=False
  best_discrete_mse_seen=24.169258
Saved results to overnight_b060_j4.json
