Using device: cuda
Train rows: 4096 / Full rows: 10000, steps=900, lr=0.03
step     1/900 tau=1.0000 loss=1.064809 mse_soft=1.062486 ent_in=3.8712 ent_out=3.8712 rowmax_in=0.0213 rowmax_out=0.0213 discrete_mse=97.782646 best_discrete=97.782646 hash=False elapsed=0.5s
step    25/900 tau=0.9090 loss=0.861143 mse_soft=0.858954 ent_in=3.6325 ent_out=3.6653 rowmax_in=0.0451 rowmax_out=0.0441 discrete_mse=878.661987 best_discrete=97.782646 hash=False elapsed=2.7s
step    50/900 tau=0.8229 loss=0.647277 mse_soft=0.645372 ent_in=3.1301 ent_out=3.2198 rowmax_in=0.0937 rowmax_out=0.0865 discrete_mse=763.233459 best_discrete=97.782646 hash=False elapsed=4.9s
step    75/900 tau=0.7450 loss=0.507390 mse_soft=0.505818 ent_in=2.5902 ent_out=2.6492 rowmax_in=0.2053 rowmax_out=0.2067 discrete_mse=827.301453 best_discrete=97.782646 hash=False elapsed=6.9s
step   100/900 tau=0.6745 loss=0.404115 mse_soft=0.402951 ent_in=1.9951 ent_out=1.8842 rowmax_in=0.3459 rowmax_out=0.4068 discrete_mse=767.074829 best_discrete=97.782646 hash=False elapsed=9.0s
step   125/900 tau=0.6107 loss=0.341178 mse_soft=0.340360 ent_in=1.6250 ent_out=1.1018 rowmax_in=0.4296 rowmax_out=0.6368 discrete_mse=663.144287 best_discrete=97.782646 hash=False elapsed=11.1s
step   150/900 tau=0.5529 loss=0.313541 mse_soft=0.312875 ent_in=1.4590 ent_out=0.7607 rowmax_in=0.4719 rowmax_out=0.7405 discrete_mse=912.266907 best_discrete=97.782646 hash=False elapsed=13.4s
step   175/900 tau=0.5006 loss=0.296630 mse_soft=0.296041 ent_in=1.3653 ent_out=0.5987 rowmax_in=0.4867 rowmax_out=0.7964 discrete_mse=92.544296 best_discrete=92.544296 hash=False elapsed=15.8s
step   200/900 tau=0.4532 loss=0.285081 mse_soft=0.284545 ent_in=1.2992 ent_out=0.4885 rowmax_in=0.4971 rowmax_out=0.8266 discrete_mse=92.544296 best_discrete=92.544296 hash=False elapsed=18.2s
step   225/900 tau=0.4103 loss=0.281552 mse_soft=0.281051 ent_in=1.2472 ent_out=0.4224 rowmax_in=0.5092 rowmax_out=0.8453 discrete_mse=321.929199 best_discrete=92.544296 hash=False elapsed=20.3s
step   250/900 tau=0.3715 loss=0.274013 mse_soft=0.273534 ent_in=1.2079 ent_out=0.3887 rowmax_in=0.5156 rowmax_out=0.8547 discrete_mse=475.371399 best_discrete=92.544296 hash=False elapsed=22.6s
step   275/900 tau=0.3363 loss=0.273121 mse_soft=0.272658 ent_in=1.1841 ent_out=0.3591 rowmax_in=0.5208 rowmax_out=0.8596 discrete_mse=475.371399 best_discrete=92.544296 hash=False elapsed=24.9s
step   300/900 tau=0.3045 loss=0.273180 mse_soft=0.272727 ent_in=1.1700 ent_out=0.3430 rowmax_in=0.5219 rowmax_out=0.8629 discrete_mse=341.754181 best_discrete=92.544296 hash=False elapsed=27.2s
step   325/900 tau=0.2756 loss=0.270507 mse_soft=0.270059 ent_in=1.1600 ent_out=0.3350 rowmax_in=0.5228 rowmax_out=0.8622 discrete_mse=96.975700 best_discrete=92.544296 hash=False elapsed=29.6s
step   350/900 tau=0.2496 loss=0.270950 mse_soft=0.270507 ent_in=1.1448 ent_out=0.3313 rowmax_in=0.5262 rowmax_out=0.8628 discrete_mse=290.829834 best_discrete=92.544296 hash=False elapsed=32.0s
step   375/900 tau=0.2259 loss=0.271470 mse_soft=0.271030 ent_in=1.1391 ent_out=0.3254 rowmax_in=0.5250 rowmax_out=0.8621 discrete_mse=456.468903 best_discrete=92.544296 hash=False elapsed=34.2s
step   400/900 tau=0.2046 loss=0.268473 mse_soft=0.268037 ent_in=1.1318 ent_out=0.3190 rowmax_in=0.5275 rowmax_out=0.8628 discrete_mse=126.859894 best_discrete=92.544296 hash=False elapsed=36.5s
step   425/900 tau=0.1852 loss=0.273290 mse_soft=0.272858 ent_in=1.1279 ent_out=0.3119 rowmax_in=0.5288 rowmax_out=0.8639 discrete_mse=1040.833618 best_discrete=92.544296 hash=False elapsed=38.6s
step   450/900 tau=0.1677 loss=0.272136 mse_soft=0.271708 ent_in=1.1230 ent_out=0.3040 rowmax_in=0.5303 rowmax_out=0.8652 discrete_mse=1040.833618 best_discrete=92.544296 hash=False elapsed=41.1s
step   475/900 tau=0.1518 loss=0.274748 mse_soft=0.274323 ent_in=1.1195 ent_out=0.2965 rowmax_in=0.5289 rowmax_out=0.8648 discrete_mse=1186.879395 best_discrete=92.544296 hash=False elapsed=43.5s
step   500/900 tau=0.1374 loss=0.268641 mse_soft=0.268219 ent_in=1.1157 ent_out=0.2910 rowmax_in=0.5304 rowmax_out=0.8659 discrete_mse=1729.446533 best_discrete=92.544296 hash=False elapsed=45.8s
step   525/900 tau=0.1244 loss=0.279565 mse_soft=0.279147 ent_in=1.1070 ent_out=0.2866 rowmax_in=0.5322 rowmax_out=0.8672 discrete_mse=1707.215332 best_discrete=92.544296 hash=False elapsed=47.9s
step   550/900 tau=0.1126 loss=0.277982 mse_soft=0.277568 ent_in=1.0955 ent_out=0.2844 rowmax_in=0.5368 rowmax_out=0.8684 discrete_mse=1707.215332 best_discrete=92.544296 hash=False elapsed=49.9s
step   575/900 tau=0.1020 loss=0.273248 mse_soft=0.272839 ent_in=1.0825 ent_out=0.2807 rowmax_in=0.5373 rowmax_out=0.8670 discrete_mse=419.533295 best_discrete=92.544296 hash=False elapsed=52.1s
step   600/900 tau=0.0923 loss=0.272642 mse_soft=0.272238 ent_in=1.0755 ent_out=0.2711 rowmax_in=0.5402 rowmax_out=0.8696 discrete_mse=1115.894897 best_discrete=92.544296 hash=False elapsed=54.3s
step   625/900 tau=0.0836 loss=0.299262 mse_soft=0.298861 ent_in=1.0730 ent_out=0.2632 rowmax_in=0.5362 rowmax_out=0.8735 discrete_mse=1117.362549 best_discrete=92.544296 hash=False elapsed=56.5s
step   650/900 tau=0.0757 loss=0.338298 mse_soft=0.337902 ent_in=1.0670 ent_out=0.2536 rowmax_in=0.5212 rowmax_out=0.8787 discrete_mse=87.297653 best_discrete=87.297653 hash=False elapsed=58.9s
step   675/900 tau=0.0685 loss=0.310793 mse_soft=0.310448 ent_in=0.9370 ent_out=0.2132 rowmax_in=0.5740 rowmax_out=0.9042 discrete_mse=228.683441 best_discrete=87.297653 hash=False elapsed=61.2s
step   700/900 tau=0.0620 loss=0.293681 mse_soft=0.293338 ent_in=0.8959 ent_out=0.2463 rowmax_in=0.6051 rowmax_out=0.8746 discrete_mse=1170.133911 best_discrete=87.297653 hash=False elapsed=63.6s
step   725/900 tau=0.0562 loss=0.293986 mse_soft=0.293637 ent_in=0.9098 ent_out=0.2530 rowmax_in=0.5873 rowmax_out=0.8637 discrete_mse=1170.133911 best_discrete=87.297653 hash=False elapsed=65.9s
step   750/900 tau=0.0508 loss=0.312562 mse_soft=0.312238 ent_in=0.8503 ent_out=0.2286 rowmax_in=0.6039 rowmax_out=0.8891 discrete_mse=125.613434 best_discrete=87.297653 hash=False elapsed=68.0s
step   775/900 tau=0.0460 loss=0.294033 mse_soft=0.293702 ent_in=0.8620 ent_out=0.2402 rowmax_in=0.5887 rowmax_out=0.8719 discrete_mse=530.849609 best_discrete=87.297653 hash=False elapsed=70.1s
step   800/900 tau=0.0417 loss=0.315714 mse_soft=0.315387 ent_in=0.8580 ent_out=0.2326 rowmax_in=0.6010 rowmax_out=0.8833 discrete_mse=732.646484 best_discrete=87.297653 hash=False elapsed=72.3s
step   825/900 tau=0.0377 loss=0.456415 mse_soft=0.456251 ent_in=0.4022 ent_out=0.1463 rowmax_in=0.8042 rowmax_out=0.9121 discrete_mse=55.277363 best_discrete=55.277363 hash=False elapsed=74.5s
step   850/900 tau=0.0342 loss=0.417828 mse_soft=0.417670 ent_in=0.3979 ent_out=0.1298 rowmax_in=0.7850 rowmax_out=0.9191 discrete_mse=1.999272 best_discrete=1.999272 hash=False elapsed=76.8s
step   875/900 tau=0.0309 loss=0.460045 mse_soft=0.459892 ent_in=0.3810 ent_out=0.1293 rowmax_in=0.7970 rowmax_out=0.9191 discrete_mse=2.172236 best_discrete=1.999272 hash=False elapsed=79.2s
step   900/900 tau=0.0280 loss=0.445121 mse_soft=0.444972 ent_in=0.3641 ent_out=0.1298 rowmax_in=0.8122 rowmax_out=0.9190 discrete_mse=3.684173 best_discrete=1.999272 hash=False elapsed=81.5s

Final metrics:
  soft_mse_full=0.448433
  rowmax_in_mean=0.8097
  rowmax_out_mean=0.9190
  ent_in_mean=0.3673
  ent_out_mean=0.1298
  final_discrete_mse=1.200303
  hash_match=False
  best_discrete_mse_seen=1.999272
Saved results to overnight_b082_j2.json
