Using device: cuda
Train rows: 4096 / Full rows: 10000, steps=900, lr=0.03
step     1/900 tau=1.0000 loss=1.063472 mse_soft=1.061149 ent_in=3.8712 ent_out=3.8712 rowmax_in=0.0213 rowmax_out=0.0213 discrete_mse=26.409967 best_discrete=26.409967 hash=False elapsed=0.5s
step    25/900 tau=0.9090 loss=0.860404 mse_soft=0.858214 ent_in=3.6319 ent_out=3.6680 rowmax_in=0.0460 rowmax_out=0.0445 discrete_mse=1278.208740 best_discrete=26.409967 hash=False elapsed=2.6s
step    50/900 tau=0.8229 loss=0.643638 mse_soft=0.641733 ent_in=3.1275 ent_out=3.2244 rowmax_in=0.0942 rowmax_out=0.0907 discrete_mse=6091.268555 best_discrete=26.409967 hash=False elapsed=4.8s
step    75/900 tau=0.7450 loss=0.503023 mse_soft=0.501457 ent_in=2.5899 ent_out=2.6292 rowmax_in=0.2049 rowmax_out=0.2133 discrete_mse=1896.383545 best_discrete=26.409967 hash=False elapsed=7.2s
step   100/900 tau=0.6745 loss=0.406115 mse_soft=0.404959 ent_in=2.0096 ent_out=1.8437 rowmax_in=0.3416 rowmax_out=0.4249 discrete_mse=1314.082520 best_discrete=26.409967 hash=False elapsed=9.6s
step   125/900 tau=0.6107 loss=0.342989 mse_soft=0.342154 ent_in=1.5620 ent_out=1.2224 rowmax_in=0.4525 rowmax_out=0.5914 discrete_mse=211.340591 best_discrete=26.409967 hash=False elapsed=12.1s
step   150/900 tau=0.5529 loss=0.320000 mse_soft=0.319309 ent_in=1.3876 ent_out=0.9180 rowmax_in=0.4918 rowmax_out=0.6679 discrete_mse=2154.508545 best_discrete=26.409967 hash=False elapsed=14.5s
step   175/900 tau=0.5006 loss=0.305796 mse_soft=0.305206 ent_in=1.2811 ent_out=0.6847 rowmax_in=0.5116 rowmax_out=0.7394 discrete_mse=890.817749 best_discrete=26.409967 hash=False elapsed=16.9s
step   200/900 tau=0.4532 loss=0.294269 mse_soft=0.293747 ent_in=1.2231 ent_out=0.5153 rowmax_in=0.5218 rowmax_out=0.8049 discrete_mse=630.102722 best_discrete=26.409967 hash=False elapsed=19.3s
step   225/900 tau=0.4103 loss=0.287750 mse_soft=0.287264 ent_in=1.1695 ent_out=0.4507 rowmax_in=0.5285 rowmax_out=0.8137 discrete_mse=1152.648438 best_discrete=26.409967 hash=False elapsed=21.6s
step   250/900 tau=0.3715 loss=0.282574 mse_soft=0.282104 ent_in=1.1477 ent_out=0.4191 rowmax_in=0.5302 rowmax_out=0.8225 discrete_mse=1391.051514 best_discrete=26.409967 hash=False elapsed=23.9s
step   275/900 tau=0.3363 loss=0.279632 mse_soft=0.279179 ent_in=1.1200 ent_out=0.3909 rowmax_in=0.5330 rowmax_out=0.8307 discrete_mse=1460.862305 best_discrete=26.409967 hash=False elapsed=25.9s
step   300/900 tau=0.3045 loss=0.278026 mse_soft=0.277580 ent_in=1.1171 ent_out=0.3717 rowmax_in=0.5342 rowmax_out=0.8354 discrete_mse=1112.232788 best_discrete=26.409967 hash=False elapsed=28.0s
step   325/900 tau=0.2756 loss=0.275756 mse_soft=0.275312 ent_in=1.1155 ent_out=0.3654 rowmax_in=0.5335 rowmax_out=0.8357 discrete_mse=1093.813232 best_discrete=26.409967 hash=False elapsed=30.1s
step   350/900 tau=0.2496 loss=0.276009 mse_soft=0.275567 ent_in=1.1097 ent_out=0.3617 rowmax_in=0.5341 rowmax_out=0.8341 discrete_mse=1021.117859 best_discrete=26.409967 hash=False elapsed=32.3s
step   375/900 tau=0.2259 loss=0.281300 mse_soft=0.280862 ent_in=1.1039 ent_out=0.3538 rowmax_in=0.5335 rowmax_out=0.8368 discrete_mse=1205.915771 best_discrete=26.409967 hash=False elapsed=34.5s
step   400/900 tau=0.2046 loss=0.277615 mse_soft=0.277178 ent_in=1.1025 ent_out=0.3542 rowmax_in=0.5330 rowmax_out=0.8359 discrete_mse=1113.120117 best_discrete=26.409967 hash=False elapsed=36.7s
step   425/900 tau=0.1852 loss=0.275541 mse_soft=0.275106 ent_in=1.0989 ent_out=0.3511 rowmax_in=0.5353 rowmax_out=0.8363 discrete_mse=1021.117859 best_discrete=26.409967 hash=False elapsed=39.1s
step   450/900 tau=0.1677 loss=0.288806 mse_soft=0.288373 ent_in=1.0956 ent_out=0.3488 rowmax_in=0.5334 rowmax_out=0.8366 discrete_mse=1029.274048 best_discrete=26.409967 hash=False elapsed=41.4s
step   475/900 tau=0.1518 loss=0.279312 mse_soft=0.278881 ent_in=1.0900 ent_out=0.3452 rowmax_in=0.5388 rowmax_out=0.8372 discrete_mse=1064.860596 best_discrete=26.409967 hash=False elapsed=43.7s
step   500/900 tau=0.1374 loss=0.279610 mse_soft=0.279179 ent_in=1.0921 ent_out=0.3450 rowmax_in=0.5354 rowmax_out=0.8375 discrete_mse=754.404358 best_discrete=26.409967 hash=False elapsed=45.9s
step   525/900 tau=0.1244 loss=0.278127 mse_soft=0.277701 ent_in=1.0878 ent_out=0.3332 rowmax_in=0.5384 rowmax_out=0.8438 discrete_mse=790.037354 best_discrete=26.409967 hash=False elapsed=48.3s
step   550/900 tau=0.1126 loss=0.279452 mse_soft=0.279022 ent_in=1.0922 ent_out=0.3402 rowmax_in=0.5359 rowmax_out=0.8392 discrete_mse=754.404358 best_discrete=26.409967 hash=False elapsed=50.5s
step   575/900 tau=0.1020 loss=0.286562 mse_soft=0.286133 ent_in=1.0897 ent_out=0.3387 rowmax_in=0.5381 rowmax_out=0.8383 discrete_mse=659.366333 best_discrete=26.409967 hash=False elapsed=52.8s
step   600/900 tau=0.0923 loss=0.292546 mse_soft=0.292122 ent_in=1.0702 ent_out=0.3428 rowmax_in=0.5520 rowmax_out=0.8321 discrete_mse=544.688049 best_discrete=26.409967 hash=False elapsed=55.2s
step   625/900 tau=0.0836 loss=0.283505 mse_soft=0.283092 ent_in=1.0506 ent_out=0.3245 rowmax_in=0.5560 rowmax_out=0.8433 discrete_mse=905.714600 best_discrete=26.409967 hash=False elapsed=57.7s
step   650/900 tau=0.0757 loss=0.394694 mse_soft=0.394392 ent_in=0.7744 ent_out=0.2319 rowmax_in=0.6678 rowmax_out=0.9057 discrete_mse=29.979519 best_discrete=26.409967 hash=False elapsed=60.1s
step   675/900 tau=0.0685 loss=0.342449 mse_soft=0.342147 ent_in=0.7590 ent_out=0.2490 rowmax_in=0.6378 rowmax_out=0.8766 discrete_mse=40.044495 best_discrete=26.409967 hash=False elapsed=62.4s
step   700/900 tau=0.0620 loss=0.319633 mse_soft=0.319335 ent_in=0.7503 ent_out=0.2448 rowmax_in=0.6417 rowmax_out=0.8713 discrete_mse=43.141506 best_discrete=26.409967 hash=False elapsed=65.0s
step   725/900 tau=0.0562 loss=0.316895 mse_soft=0.316600 ent_in=0.7373 ent_out=0.2428 rowmax_in=0.6463 rowmax_out=0.8713 discrete_mse=77.777771 best_discrete=26.409967 hash=False elapsed=67.3s
step   750/900 tau=0.0508 loss=0.314967 mse_soft=0.314677 ent_in=0.7226 ent_out=0.2447 rowmax_in=0.6529 rowmax_out=0.8681 discrete_mse=298.743103 best_discrete=26.409967 hash=False elapsed=69.6s
step   775/900 tau=0.0460 loss=0.346981 mse_soft=0.346720 ent_in=0.6385 ent_out=0.2315 rowmax_in=0.6677 rowmax_out=0.8877 discrete_mse=65.900803 best_discrete=26.409967 hash=False elapsed=71.8s
step   800/900 tau=0.0417 loss=0.326466 mse_soft=0.326208 ent_in=0.6289 ent_out=0.2300 rowmax_in=0.6805 rowmax_out=0.8866 discrete_mse=159.679581 best_discrete=26.409967 hash=False elapsed=74.1s
step   825/900 tau=0.0377 loss=0.400510 mse_soft=0.400259 ent_in=0.5987 ent_out=0.2408 rowmax_in=0.7010 rowmax_out=0.8758 discrete_mse=88.072510 best_discrete=26.409967 hash=False elapsed=76.1s
step   850/900 tau=0.0342 loss=0.467930 mse_soft=0.467791 ent_in=0.3790 ent_out=0.0826 rowmax_in=0.7918 rowmax_out=0.9583 discrete_mse=55.045849 best_discrete=26.409967 hash=False elapsed=78.3s
step   875/900 tau=0.0309 loss=0.498039 mse_soft=0.497906 ent_in=0.3590 ent_out=0.0860 rowmax_in=0.8017 rowmax_out=0.9599 discrete_mse=155.461014 best_discrete=26.409967 hash=False elapsed=80.3s
step   900/900 tau=0.0280 loss=0.508453 mse_soft=0.508321 ent_in=0.3249 ent_out=0.1130 rowmax_in=0.8105 rowmax_out=0.9295 discrete_mse=83.792381 best_discrete=26.409967 hash=False elapsed=82.4s

Final metrics:
  soft_mse_full=0.500302
  rowmax_in_mean=0.8001
  rowmax_out_mean=0.9297
  ent_in_mean=0.3316
  ent_out_mean=0.1129
  final_discrete_mse=518.897522
  hash_match=False
  best_discrete_mse_seen=26.409967
Saved results to overnight_b193_j2.json
