Using device: cuda
Train rows: 10000 / Full rows: 10000, steps=700, lr=0.02
step     1/700 tau=1.0000 loss=1.065762 mse_soft=1.063439 ent_in=3.8712 ent_out=3.8712 rowmax_in=0.0213 rowmax_out=0.0213 discrete_mse=15.189840 best_discrete=15.189840 hash=False elapsed=0.5s
step    25/700 tau=0.8866 loss=0.935243 mse_soft=0.932991 ent_in=3.7423 ent_out=3.7623 rowmax_in=0.0371 rowmax_out=0.0363 discrete_mse=818.358582 best_discrete=15.189840 hash=False elapsed=2.5s
step    50/700 tau=0.7821 loss=0.710268 mse_soft=0.708234 ent_in=3.3591 ent_out=3.4213 rowmax_in=0.0685 rowmax_out=0.0676 discrete_mse=2058.886719 best_discrete=15.189840 hash=False elapsed=4.5s
step    75/700 tau=0.6899 loss=0.587499 mse_soft=0.585701 ent_in=2.9388 ent_out=3.0545 rowmax_in=0.1321 rowmax_out=0.1207 discrete_mse=326.355408 best_discrete=15.189840 hash=False elapsed=6.5s
step   100/700 tau=0.6086 loss=0.475368 mse_soft=0.473916 ent_in=2.4224 ent_out=2.4170 rowmax_in=0.2475 rowmax_out=0.2614 discrete_mse=1128.302124 best_discrete=15.189840 hash=False elapsed=8.4s
step   125/700 tau=0.5368 loss=0.389511 mse_soft=0.388435 ent_in=1.9200 ent_out=1.6653 rowmax_in=0.3600 rowmax_out=0.4730 discrete_mse=1093.880127 best_discrete=15.189840 hash=False elapsed=10.4s
step   150/700 tau=0.4736 loss=0.341311 mse_soft=0.340502 ent_in=1.5636 ent_out=1.1327 rowmax_in=0.4579 rowmax_out=0.6357 discrete_mse=841.781799 best_discrete=15.189840 hash=False elapsed=12.4s
step   175/700 tau=0.4177 loss=0.321827 mse_soft=0.321147 ent_in=1.4041 ent_out=0.8631 rowmax_in=0.4886 rowmax_out=0.7025 discrete_mse=917.291199 best_discrete=15.189840 hash=False elapsed=14.4s
step   200/700 tau=0.3685 loss=0.309756 mse_soft=0.309163 ent_in=1.3107 ent_out=0.6651 rowmax_in=0.4952 rowmax_out=0.7603 discrete_mse=2688.797852 best_discrete=15.189840 hash=False elapsed=16.3s
step   225/700 tau=0.3251 loss=0.299754 mse_soft=0.299230 ent_in=1.2410 ent_out=0.5055 rowmax_in=0.5061 rowmax_out=0.8098 discrete_mse=1201.956177 best_discrete=15.189840 hash=False elapsed=18.3s
step   250/700 tau=0.2868 loss=0.296113 mse_soft=0.295619 ent_in=1.2042 ent_out=0.4432 rowmax_in=0.5143 rowmax_out=0.8214 discrete_mse=906.020203 best_discrete=15.189840 hash=False elapsed=20.3s
step   275/700 tau=0.2530 loss=0.294211 mse_soft=0.293733 ent_in=1.1786 ent_out=0.4142 rowmax_in=0.5185 rowmax_out=0.8239 discrete_mse=1358.120605 best_discrete=15.189840 hash=False elapsed=22.3s
step   300/700 tau=0.2231 loss=0.292740 mse_soft=0.292281 ent_in=1.1543 ent_out=0.3768 rowmax_in=0.5243 rowmax_out=0.8309 discrete_mse=1765.339966 best_discrete=15.189840 hash=False elapsed=24.3s
step   325/700 tau=0.1968 loss=0.289342 mse_soft=0.288899 ent_in=1.1346 ent_out=0.3418 rowmax_in=0.5292 rowmax_out=0.8400 discrete_mse=1217.455322 best_discrete=15.189840 hash=False elapsed=26.4s
step   350/700 tau=0.1736 loss=0.288344 mse_soft=0.287913 ent_in=1.1149 ent_out=0.3217 rowmax_in=0.5341 rowmax_out=0.8433 discrete_mse=699.552185 best_discrete=15.189840 hash=False elapsed=28.7s
step   375/700 tau=0.1532 loss=0.289109 mse_soft=0.288685 ent_in=1.0989 ent_out=0.3137 rowmax_in=0.5392 rowmax_out=0.8443 discrete_mse=699.552185 best_discrete=15.189840 hash=False elapsed=30.9s
step   400/700 tau=0.1351 loss=0.285173 mse_soft=0.284753 ent_in=1.0895 ent_out=0.3108 rowmax_in=0.5411 rowmax_out=0.8467 discrete_mse=699.552185 best_discrete=15.189840 hash=False elapsed=33.0s
step   425/700 tau=0.1192 loss=0.290701 mse_soft=0.290287 ent_in=1.0825 ent_out=0.2979 rowmax_in=0.5428 rowmax_out=0.8558 discrete_mse=732.642761 best_discrete=15.189840 hash=False elapsed=35.3s
step   450/700 tau=0.1051 loss=0.286030 mse_soft=0.285623 ent_in=1.0605 ent_out=0.2983 rowmax_in=0.5499 rowmax_out=0.8514 discrete_mse=668.982056 best_discrete=15.189840 hash=False elapsed=37.4s
step   475/700 tau=0.0928 loss=0.292105 mse_soft=0.291701 ent_in=1.0541 ent_out=0.2933 rowmax_in=0.5498 rowmax_out=0.8514 discrete_mse=732.642761 best_discrete=15.189840 hash=False elapsed=39.5s
step   500/700 tau=0.0818 loss=0.295158 mse_soft=0.294765 ent_in=1.0414 ent_out=0.2673 rowmax_in=0.5605 rowmax_out=0.8612 discrete_mse=374.691925 best_discrete=15.189840 hash=False elapsed=41.5s
step   525/700 tau=0.0722 loss=0.285569 mse_soft=0.285181 ent_in=1.0280 ent_out=0.2676 rowmax_in=0.5570 rowmax_out=0.8633 discrete_mse=473.818176 best_discrete=15.189840 hash=False elapsed=43.6s
step   550/700 tau=0.0637 loss=0.324724 mse_soft=0.324344 ent_in=1.0133 ent_out=0.2553 rowmax_in=0.5629 rowmax_out=0.8680 discrete_mse=183.544968 best_discrete=15.189840 hash=False elapsed=45.7s
step   575/700 tau=0.0562 loss=0.290070 mse_soft=0.289699 ent_in=0.9836 ent_out=0.2525 rowmax_in=0.5673 rowmax_out=0.8687 discrete_mse=307.954865 best_discrete=15.189840 hash=False elapsed=47.9s
step   600/700 tau=0.0495 loss=0.299908 mse_soft=0.299541 ent_in=0.9728 ent_out=0.2515 rowmax_in=0.5719 rowmax_out=0.8743 discrete_mse=299.166290 best_discrete=15.189840 hash=False elapsed=50.1s
step   625/700 tau=0.0437 loss=0.300134 mse_soft=0.299775 ent_in=0.9429 ent_out=0.2530 rowmax_in=0.5839 rowmax_out=0.8715 discrete_mse=235.492874 best_discrete=15.189840 hash=False elapsed=52.1s
step   650/700 tau=0.0386 loss=0.311811 mse_soft=0.311487 ent_in=0.8498 ent_out=0.2306 rowmax_in=0.6261 rowmax_out=0.8858 discrete_mse=12.559052 best_discrete=12.559052 hash=False elapsed=54.2s
step   675/700 tau=0.0340 loss=0.334846 mse_soft=0.334564 ent_in=0.7218 ent_out=0.2171 rowmax_in=0.6721 rowmax_out=0.8927 discrete_mse=485.858093 best_discrete=12.559052 hash=False elapsed=56.3s
step   700/700 tau=0.0300 loss=0.318457 mse_soft=0.318176 ent_in=0.7271 ent_out=0.2102 rowmax_in=0.6529 rowmax_out=0.8915 discrete_mse=28.698872 best_discrete=12.559052 hash=False elapsed=58.4s

Final metrics:
  soft_mse_full=0.328182
  rowmax_in_mean=0.6512
  rowmax_out_mean=0.8925
  ent_in_mean=0.7289
  ent_out_mean=0.2087
  final_discrete_mse=16.522564
  hash_match=False
  best_discrete_mse_seen=12.559052
Saved results to overnight_b142_j3.json
