Using device: cuda
Train rows: 4096 / Full rows: 10000, steps=900, lr=0.03
step     1/900 tau=1.0000 loss=1.054053 mse_soft=1.051730 ent_in=3.8712 ent_out=3.8712 rowmax_in=0.0213 rowmax_out=0.0213 discrete_mse=26.574705 best_discrete=26.574705 hash=False elapsed=0.5s
step    25/900 tau=0.9090 loss=0.852365 mse_soft=0.850175 ent_in=3.6322 ent_out=3.6658 rowmax_in=0.0454 rowmax_out=0.0450 discrete_mse=3083.298340 best_discrete=26.574705 hash=False elapsed=2.8s
step    50/900 tau=0.8229 loss=0.644747 mse_soft=0.642841 ent_in=3.1350 ent_out=3.2174 rowmax_in=0.0920 rowmax_out=0.0893 discrete_mse=3883.329834 best_discrete=26.574705 hash=False elapsed=5.1s
step    75/900 tau=0.7450 loss=0.505690 mse_soft=0.504108 ent_in=2.6042 ent_out=2.6708 rowmax_in=0.2048 rowmax_out=0.2004 discrete_mse=4783.926270 best_discrete=26.574705 hash=False elapsed=7.2s
step   100/900 tau=0.6745 loss=0.403758 mse_soft=0.402589 ent_in=2.0211 ent_out=1.8766 rowmax_in=0.3423 rowmax_out=0.3903 discrete_mse=923.611267 best_discrete=26.574705 hash=False elapsed=9.3s
step   125/900 tau=0.6107 loss=0.348215 mse_soft=0.347375 ent_in=1.6192 ent_out=1.1810 rowmax_in=0.4424 rowmax_out=0.6008 discrete_mse=153.902527 best_discrete=26.574705 hash=False elapsed=11.4s
step   150/900 tau=0.5529 loss=0.321798 mse_soft=0.321113 ent_in=1.4407 ent_out=0.8426 rowmax_in=0.4734 rowmax_out=0.6858 discrete_mse=204.807617 best_discrete=26.574705 hash=False elapsed=13.7s
step   175/900 tau=0.5006 loss=0.306700 mse_soft=0.306109 ent_in=1.3122 ent_out=0.6601 rowmax_in=0.4926 rowmax_out=0.7422 discrete_mse=141.919235 best_discrete=26.574705 hash=False elapsed=15.8s
step   200/900 tau=0.4532 loss=0.297444 mse_soft=0.296901 ent_in=1.2463 ent_out=0.5650 rowmax_in=0.4984 rowmax_out=0.7677 discrete_mse=6.316426 best_discrete=6.316426 hash=False elapsed=18.0s
step   225/900 tau=0.4103 loss=0.290146 mse_soft=0.289630 ent_in=1.1988 ent_out=0.5195 rowmax_in=0.5085 rowmax_out=0.7788 discrete_mse=2.272343 best_discrete=2.272343 hash=False elapsed=20.3s
step   250/900 tau=0.3715 loss=0.287554 mse_soft=0.287065 ent_in=1.1677 ent_out=0.4616 rowmax_in=0.5127 rowmax_out=0.7974 discrete_mse=2.272343 best_discrete=2.272343 hash=False elapsed=22.5s
step   275/900 tau=0.3363 loss=0.284191 mse_soft=0.283720 ent_in=1.1536 ent_out=0.4178 rowmax_in=0.5107 rowmax_out=0.8128 discrete_mse=30.385668 best_discrete=2.272343 hash=False elapsed=24.6s
step   300/900 tau=0.3045 loss=0.282567 mse_soft=0.282104 ent_in=1.1352 ent_out=0.4065 rowmax_in=0.5155 rowmax_out=0.8121 discrete_mse=57.874775 best_discrete=2.272343 hash=False elapsed=26.6s
step   325/900 tau=0.2756 loss=0.281792 mse_soft=0.281335 ent_in=1.1199 ent_out=0.4005 rowmax_in=0.5191 rowmax_out=0.8111 discrete_mse=57.874775 best_discrete=2.272343 hash=False elapsed=28.6s
step   350/900 tau=0.2496 loss=0.283054 mse_soft=0.282604 ent_in=1.1135 ent_out=0.3872 rowmax_in=0.5214 rowmax_out=0.8148 discrete_mse=39.816391 best_discrete=2.272343 hash=False elapsed=30.5s
step   375/900 tau=0.2259 loss=0.282643 mse_soft=0.282198 ent_in=1.1046 ent_out=0.3769 rowmax_in=0.5230 rowmax_out=0.8172 discrete_mse=39.816391 best_discrete=2.272343 hash=False elapsed=32.7s
step   400/900 tau=0.2046 loss=0.280425 mse_soft=0.279985 ent_in=1.0990 ent_out=0.3680 rowmax_in=0.5246 rowmax_out=0.8180 discrete_mse=39.816391 best_discrete=2.272343 hash=False elapsed=34.9s
step   425/900 tau=0.1852 loss=0.282576 mse_soft=0.282140 ent_in=1.0947 ent_out=0.3572 rowmax_in=0.5265 rowmax_out=0.8199 discrete_mse=39.816391 best_discrete=2.272343 hash=False elapsed=36.8s
step   450/900 tau=0.1677 loss=0.280011 mse_soft=0.279580 ent_in=1.0895 ent_out=0.3488 rowmax_in=0.5272 rowmax_out=0.8214 discrete_mse=24.685371 best_discrete=2.272343 hash=False elapsed=38.8s
step   475/900 tau=0.1518 loss=0.280272 mse_soft=0.279844 ent_in=1.0821 ent_out=0.3440 rowmax_in=0.5302 rowmax_out=0.8215 discrete_mse=24.685371 best_discrete=2.272343 hash=False elapsed=40.8s
step   500/900 tau=0.1374 loss=0.286809 mse_soft=0.286382 ent_in=1.0822 ent_out=0.3405 rowmax_in=0.5291 rowmax_out=0.8222 discrete_mse=35.220844 best_discrete=2.272343 hash=False elapsed=42.8s
step   525/900 tau=0.1244 loss=0.280719 mse_soft=0.280294 ent_in=1.0801 ent_out=0.3394 rowmax_in=0.5295 rowmax_out=0.8218 discrete_mse=13.153684 best_discrete=2.272343 hash=False elapsed=44.8s
step   550/900 tau=0.1126 loss=0.281181 mse_soft=0.280758 ent_in=1.0706 ent_out=0.3404 rowmax_in=0.5332 rowmax_out=0.8202 discrete_mse=13.153684 best_discrete=2.272343 hash=False elapsed=46.8s
step   575/900 tau=0.1020 loss=0.290276 mse_soft=0.289859 ent_in=1.0497 ent_out=0.3425 rowmax_in=0.5453 rowmax_out=0.8171 discrete_mse=305.667480 best_discrete=2.272343 hash=False elapsed=48.8s
step   600/900 tau=0.0923 loss=0.290499 mse_soft=0.290085 ent_in=1.0430 ent_out=0.3383 rowmax_in=0.5427 rowmax_out=0.8213 discrete_mse=790.422485 best_discrete=2.272343 hash=False elapsed=50.7s
step   625/900 tau=0.0836 loss=0.292839 mse_soft=0.292434 ent_in=1.0125 ent_out=0.3372 rowmax_in=0.5574 rowmax_out=0.8207 discrete_mse=329.367737 best_discrete=2.272343 hash=False elapsed=52.7s
step   650/900 tau=0.0757 loss=0.286030 mse_soft=0.285625 ent_in=1.0137 ent_out=0.3368 rowmax_in=0.5547 rowmax_out=0.8266 discrete_mse=409.454987 best_discrete=2.272343 hash=False elapsed=54.6s
step   675/900 tau=0.0685 loss=0.305484 mse_soft=0.305085 ent_in=0.9940 ent_out=0.3343 rowmax_in=0.5621 rowmax_out=0.8268 discrete_mse=228.051590 best_discrete=2.272343 hash=False elapsed=56.7s
step   700/900 tau=0.0620 loss=0.302141 mse_soft=0.301744 ent_in=0.9925 ent_out=0.3315 rowmax_in=0.5539 rowmax_out=0.8292 discrete_mse=351.460541 best_discrete=2.272343 hash=False elapsed=58.8s
step   725/900 tau=0.0562 loss=0.349438 mse_soft=0.349141 ent_in=0.7418 ent_out=0.2456 rowmax_in=0.6631 rowmax_out=0.9025 discrete_mse=91.272209 best_discrete=2.272343 hash=False elapsed=61.1s
step   750/900 tau=0.0508 loss=0.321307 mse_soft=0.321022 ent_in=0.7007 ent_out=0.2521 rowmax_in=0.6653 rowmax_out=0.8936 discrete_mse=101.815849 best_discrete=2.272343 hash=False elapsed=63.3s
step   775/900 tau=0.0460 loss=0.312326 mse_soft=0.312048 ent_in=0.6829 ent_out=0.2434 rowmax_in=0.6764 rowmax_out=0.8960 discrete_mse=104.719757 best_discrete=2.272343 hash=False elapsed=65.3s
step   800/900 tau=0.0417 loss=0.458248 mse_soft=0.458043 ent_in=0.5142 ent_out=0.1678 rowmax_in=0.7423 rowmax_out=0.9293 discrete_mse=101.241119 best_discrete=2.272343 hash=False elapsed=67.2s
step   825/900 tau=0.0377 loss=0.432273 mse_soft=0.432107 ent_in=0.3876 ent_out=0.1664 rowmax_in=0.7920 rowmax_out=0.9101 discrete_mse=82.472061 best_discrete=2.272343 hash=False elapsed=69.0s
step   850/900 tau=0.0342 loss=0.412038 mse_soft=0.411872 ent_in=0.3960 ent_out=0.1588 rowmax_in=0.7855 rowmax_out=0.9105 discrete_mse=299.791870 best_discrete=2.272343 hash=False elapsed=70.9s
step   875/900 tau=0.0309 loss=0.401776 mse_soft=0.401612 ent_in=0.3949 ent_out=0.1532 rowmax_in=0.7826 rowmax_out=0.9133 discrete_mse=299.752350 best_discrete=2.272343 hash=False elapsed=72.9s
step   900/900 tau=0.0280 loss=0.406808 mse_soft=0.406649 ent_in=0.3849 ent_out=0.1434 rowmax_in=0.7915 rowmax_out=0.9171 discrete_mse=249.913239 best_discrete=2.272343 hash=False elapsed=74.9s

Final metrics:
  soft_mse_full=0.409202
  rowmax_in_mean=0.7938
  rowmax_out_mean=0.9171
  ent_in_mean=0.3822
  ent_out_mean=0.1434
  final_discrete_mse=143.589493
  hash_match=False
  best_discrete_mse_seen=2.272343
Saved results to overnight_b071_j2.json
