Using device: cuda
Train rows: 10000 / Full rows: 10000, steps=700, lr=0.02
step     1/700 tau=1.0000 loss=1.065693 mse_soft=1.063371 ent_in=3.8712 ent_out=3.8712 rowmax_in=0.0213 rowmax_out=0.0213 discrete_mse=118.995300 best_discrete=118.995300 hash=False elapsed=0.5s
step    25/700 tau=0.8866 loss=0.934815 mse_soft=0.932563 ent_in=3.7417 ent_out=3.7627 rowmax_in=0.0374 rowmax_out=0.0363 discrete_mse=807.718079 best_discrete=118.995300 hash=False elapsed=2.5s
step    50/700 tau=0.7821 loss=0.711586 mse_soft=0.709551 ent_in=3.3605 ent_out=3.4235 rowmax_in=0.0697 rowmax_out=0.0669 discrete_mse=4752.280762 best_discrete=118.995300 hash=False elapsed=4.5s
step    75/700 tau=0.6899 loss=0.587289 mse_soft=0.585490 ent_in=2.9389 ent_out=3.0576 rowmax_in=0.1323 rowmax_out=0.1227 discrete_mse=457.921753 best_discrete=118.995300 hash=False elapsed=6.6s
step   100/700 tau=0.6086 loss=0.468467 mse_soft=0.467032 ent_in=2.3836 ent_out=2.4000 rowmax_in=0.2615 rowmax_out=0.2627 discrete_mse=1905.833130 best_discrete=118.995300 hash=False elapsed=8.8s
step   125/700 tau=0.5368 loss=0.384958 mse_soft=0.383905 ent_in=1.8092 ent_out=1.7021 rowmax_in=0.4093 rowmax_out=0.4368 discrete_mse=844.799988 best_discrete=118.995300 hash=False elapsed=10.7s
step   150/700 tau=0.4736 loss=0.341228 mse_soft=0.340404 ent_in=1.5112 ent_out=1.2355 rowmax_in=0.4706 rowmax_out=0.5693 discrete_mse=3220.305908 best_discrete=118.995300 hash=False elapsed=12.6s
step   175/700 tau=0.4177 loss=0.312813 mse_soft=0.312169 ent_in=1.2973 ent_out=0.8480 rowmax_in=0.5192 rowmax_out=0.6954 discrete_mse=1802.386719 best_discrete=118.995300 hash=False elapsed=14.5s
step   200/700 tau=0.3685 loss=0.299494 mse_soft=0.298947 ent_in=1.1854 ent_out=0.6355 rowmax_in=0.5399 rowmax_out=0.7681 discrete_mse=1093.853394 best_discrete=118.995300 hash=False elapsed=16.5s
step   225/700 tau=0.3251 loss=0.294028 mse_soft=0.293531 ent_in=1.1192 ent_out=0.5377 rowmax_in=0.5587 rowmax_out=0.7916 discrete_mse=833.074707 best_discrete=118.995300 hash=False elapsed=18.5s
step   250/700 tau=0.2868 loss=0.292640 mse_soft=0.292166 ent_in=1.0915 ent_out=0.4905 rowmax_in=0.5598 rowmax_out=0.8042 discrete_mse=3231.255371 best_discrete=118.995300 hash=False elapsed=20.5s
step   275/700 tau=0.2530 loss=0.289807 mse_soft=0.289347 ent_in=1.0719 ent_out=0.4616 rowmax_in=0.5616 rowmax_out=0.8137 discrete_mse=2993.602295 best_discrete=118.995300 hash=False elapsed=22.4s
step   300/700 tau=0.2231 loss=0.288243 mse_soft=0.287793 ent_in=1.0607 ent_out=0.4409 rowmax_in=0.5611 rowmax_out=0.8199 discrete_mse=1491.927002 best_discrete=118.995300 hash=False elapsed=24.5s
step   325/700 tau=0.1968 loss=0.285688 mse_soft=0.285247 ent_in=1.0493 ent_out=0.4195 rowmax_in=0.5644 rowmax_out=0.8263 discrete_mse=2140.935059 best_discrete=118.995300 hash=False elapsed=26.6s
step   350/700 tau=0.1736 loss=0.283853 mse_soft=0.283422 ent_in=1.0372 ent_out=0.3986 rowmax_in=0.5637 rowmax_out=0.8369 discrete_mse=2140.935059 best_discrete=118.995300 hash=False elapsed=28.8s
step   375/700 tau=0.1532 loss=0.283293 mse_soft=0.282867 ent_in=1.0286 ent_out=0.3918 rowmax_in=0.5646 rowmax_out=0.8382 discrete_mse=1745.742798 best_discrete=118.995300 hash=False elapsed=30.8s
step   400/700 tau=0.1351 loss=0.283124 mse_soft=0.282702 ent_in=1.0245 ent_out=0.3818 rowmax_in=0.5627 rowmax_out=0.8414 discrete_mse=1745.742798 best_discrete=118.995300 hash=False elapsed=32.8s
step   425/700 tau=0.1192 loss=0.283630 mse_soft=0.283212 ent_in=1.0198 ent_out=0.3725 rowmax_in=0.5619 rowmax_out=0.8448 discrete_mse=2108.319580 best_discrete=118.995300 hash=False elapsed=34.9s
step   450/700 tau=0.1051 loss=0.286043 mse_soft=0.285628 ent_in=1.0148 ent_out=0.3685 rowmax_in=0.5627 rowmax_out=0.8473 discrete_mse=2108.319580 best_discrete=118.995300 hash=False elapsed=37.0s
step   475/700 tau=0.0928 loss=0.284467 mse_soft=0.284055 ent_in=1.0144 ent_out=0.3567 rowmax_in=0.5612 rowmax_out=0.8540 discrete_mse=4178.966797 best_discrete=118.995300 hash=False elapsed=39.0s
step   500/700 tau=0.0818 loss=0.288643 mse_soft=0.288232 ent_in=1.0064 ent_out=0.3652 rowmax_in=0.5579 rowmax_out=0.8459 discrete_mse=4172.750488 best_discrete=118.995300 hash=False elapsed=40.9s
step   525/700 tau=0.0722 loss=0.287986 mse_soft=0.287574 ent_in=1.0058 ent_out=0.3666 rowmax_in=0.5560 rowmax_out=0.8431 discrete_mse=2086.474854 best_discrete=118.995300 hash=False elapsed=43.0s
step   550/700 tau=0.0637 loss=0.288229 mse_soft=0.287821 ent_in=0.9941 ent_out=0.3660 rowmax_in=0.5562 rowmax_out=0.8409 discrete_mse=2838.949219 best_discrete=118.995300 hash=False elapsed=45.0s
step   575/700 tau=0.0562 loss=0.299120 mse_soft=0.298715 ent_in=0.9862 ent_out=0.3634 rowmax_in=0.5525 rowmax_out=0.8402 discrete_mse=3015.513184 best_discrete=118.995300 hash=False elapsed=47.0s
step   600/700 tau=0.0495 loss=0.316360 mse_soft=0.316003 ent_in=0.8755 ent_out=0.3125 rowmax_in=0.5929 rowmax_out=0.8636 discrete_mse=2498.373291 best_discrete=118.995300 hash=False elapsed=49.1s
step   625/700 tau=0.0437 loss=0.343262 mse_soft=0.342917 ent_in=0.8335 ent_out=0.3161 rowmax_in=0.5999 rowmax_out=0.8524 discrete_mse=1175.877808 best_discrete=118.995300 hash=False elapsed=51.2s
step   650/700 tau=0.0386 loss=0.303072 mse_soft=0.302729 ent_in=0.8474 ent_out=0.2954 rowmax_in=0.5980 rowmax_out=0.8597 discrete_mse=3050.460693 best_discrete=118.995300 hash=False elapsed=53.4s
step   675/700 tau=0.0340 loss=0.366422 mse_soft=0.366108 ent_in=0.7851 ent_out=0.2626 rowmax_in=0.6160 rowmax_out=0.8801 discrete_mse=90.204056 best_discrete=90.204056 hash=False elapsed=55.4s
step   700/700 tau=0.0300 loss=0.356707 mse_soft=0.356450 ent_in=0.6411 ent_out=0.2187 rowmax_in=0.6656 rowmax_out=0.8923 discrete_mse=452.382141 best_discrete=90.204056 hash=False elapsed=57.7s

Final metrics:
  soft_mse_full=0.355157
  rowmax_in_mean=0.6608
  rowmax_out_mean=0.8902
  ent_in_mean=0.6482
  ent_out_mean=0.2213
  final_discrete_mse=452.382141
  hash_match=False
  best_discrete_mse_seen=90.204056
Saved results to overnight_b092_j3.json
