Using device: cuda
Train rows: 10000 / Full rows: 10000, steps=700, lr=0.015
step     1/700 tau=1.0000 loss=1.064228 mse_soft=1.063454 ent_in=3.8712 ent_out=3.8712 rowmax_in=0.0213 rowmax_out=0.0213 discrete_mse=75.526909 best_discrete=75.526909 hash=False elapsed=0.5s
step    25/700 tau=0.8810 loss=0.971849 mse_soft=0.971089 ent_in=3.7932 ent_out=3.8053 rowmax_in=0.0333 rowmax_out=0.0322 discrete_mse=2259.775879 best_discrete=75.526909 hash=False elapsed=2.6s
step    50/700 tau=0.7721 loss=0.786896 mse_soft=0.786188 ent_in=3.5161 ent_out=3.5653 rowmax_in=0.0569 rowmax_out=0.0545 discrete_mse=5069.012695 best_discrete=75.526909 hash=False elapsed=4.7s
step    75/700 tau=0.6767 loss=0.645606 mse_soft=0.644969 ent_in=3.1349 ent_out=3.2325 rowmax_in=0.0945 rowmax_out=0.0907 discrete_mse=1139.626343 best_discrete=75.526909 hash=False elapsed=6.8s
step   100/700 tau=0.5931 loss=0.539967 mse_soft=0.539412 ent_in=2.7316 ent_out=2.8245 rowmax_in=0.1749 rowmax_out=0.1705 discrete_mse=27.614059 best_discrete=27.614059 hash=False elapsed=8.8s
step   125/700 tau=0.5198 loss=0.442629 mse_soft=0.442190 ent_in=2.2292 ent_out=2.1621 rowmax_in=0.2895 rowmax_out=0.3290 discrete_mse=546.002686 best_discrete=27.614059 hash=False elapsed=11.0s
step   150/700 tau=0.4555 loss=0.373381 mse_soft=0.373053 ent_in=1.7636 ent_out=1.5180 rowmax_in=0.3939 rowmax_out=0.5110 discrete_mse=377.528320 best_discrete=27.614059 hash=False elapsed=13.2s
step   175/700 tau=0.3992 loss=0.335450 mse_soft=0.335198 ent_in=1.4534 ent_out=1.0641 rowmax_in=0.4709 rowmax_out=0.6346 discrete_mse=1849.217896 best_discrete=27.614059 hash=False elapsed=15.4s
step   200/700 tau=0.3499 loss=0.313657 mse_soft=0.313453 ent_in=1.3018 ent_out=0.7380 rowmax_in=0.5058 rowmax_out=0.7425 discrete_mse=765.209473 best_discrete=27.614059 hash=False elapsed=17.6s
step   225/700 tau=0.3066 loss=0.303975 mse_soft=0.303796 ent_in=1.2237 ent_out=0.5671 rowmax_in=0.5140 rowmax_out=0.7965 discrete_mse=2189.272705 best_discrete=27.614059 hash=False elapsed=19.8s
step   250/700 tau=0.2687 loss=0.299739 mse_soft=0.299576 ent_in=1.1707 ent_out=0.4647 rowmax_in=0.5255 rowmax_out=0.8280 discrete_mse=2101.070801 best_discrete=27.614059 hash=False elapsed=21.9s
step   275/700 tau=0.2355 loss=0.297568 mse_soft=0.297412 ent_in=1.1430 ent_out=0.4206 rowmax_in=0.5275 rowmax_out=0.8392 discrete_mse=2101.070801 best_discrete=27.614059 hash=False elapsed=24.4s
step   300/700 tau=0.2064 loss=0.297399 mse_soft=0.297247 ent_in=1.1268 ent_out=0.3887 rowmax_in=0.5274 rowmax_out=0.8488 discrete_mse=2613.057861 best_discrete=27.614059 hash=False elapsed=26.6s
step   325/700 tau=0.1809 loss=0.294825 mse_soft=0.294676 ent_in=1.1146 ent_out=0.3702 rowmax_in=0.5282 rowmax_out=0.8531 discrete_mse=487.186188 best_discrete=27.614059 hash=False elapsed=28.7s
step   350/700 tau=0.1585 loss=0.295824 mse_soft=0.295678 ent_in=1.1030 ent_out=0.3610 rowmax_in=0.5284 rowmax_out=0.8548 discrete_mse=1990.187500 best_discrete=27.614059 hash=False elapsed=30.8s
step   375/700 tau=0.1389 loss=0.293342 mse_soft=0.293198 ent_in=1.0892 ent_out=0.3514 rowmax_in=0.5296 rowmax_out=0.8597 discrete_mse=2484.982666 best_discrete=27.614059 hash=False elapsed=33.0s
step   400/700 tau=0.1218 loss=0.293464 mse_soft=0.293322 ent_in=1.0797 ent_out=0.3414 rowmax_in=0.5313 rowmax_out=0.8641 discrete_mse=1546.433960 best_discrete=27.614059 hash=False elapsed=35.4s
step   425/700 tau=0.1067 loss=0.295362 mse_soft=0.295222 ent_in=1.0725 ent_out=0.3280 rowmax_in=0.5312 rowmax_out=0.8681 discrete_mse=1546.433960 best_discrete=27.614059 hash=False elapsed=37.5s
step   450/700 tau=0.0935 loss=0.292309 mse_soft=0.292170 ent_in=1.0650 ent_out=0.3210 rowmax_in=0.5341 rowmax_out=0.8698 discrete_mse=1546.433960 best_discrete=27.614059 hash=False elapsed=39.3s
step   475/700 tau=0.0820 loss=0.298911 mse_soft=0.298773 ent_in=1.0593 ent_out=0.3196 rowmax_in=0.5365 rowmax_out=0.8698 discrete_mse=1546.433960 best_discrete=27.614059 hash=False elapsed=41.4s
step   500/700 tau=0.0718 loss=0.292672 mse_soft=0.292534 ent_in=1.0591 ent_out=0.3216 rowmax_in=0.5356 rowmax_out=0.8669 discrete_mse=1546.433960 best_discrete=27.614059 hash=False elapsed=43.8s
step   525/700 tau=0.0630 loss=0.294347 mse_soft=0.294210 ent_in=1.0485 ent_out=0.3238 rowmax_in=0.5364 rowmax_out=0.8624 discrete_mse=1546.433960 best_discrete=27.614059 hash=False elapsed=46.1s
step   550/700 tau=0.0552 loss=0.306065 mse_soft=0.305929 ent_in=1.0439 ent_out=0.3177 rowmax_in=0.5322 rowmax_out=0.8651 discrete_mse=1247.809814 best_discrete=27.614059 hash=False elapsed=48.4s
step   575/700 tau=0.0484 loss=0.296159 mse_soft=0.296026 ent_in=1.0241 ent_out=0.3085 rowmax_in=0.5383 rowmax_out=0.8616 discrete_mse=1636.467407 best_discrete=27.614059 hash=False elapsed=50.5s
step   600/700 tau=0.0424 loss=0.307186 mse_soft=0.307055 ent_in=1.0131 ent_out=0.3043 rowmax_in=0.5451 rowmax_out=0.8612 discrete_mse=233.842087 best_discrete=27.614059 hash=False elapsed=52.6s
step   625/700 tau=0.0371 loss=0.299803 mse_soft=0.299672 ent_in=1.0105 ent_out=0.2971 rowmax_in=0.5447 rowmax_out=0.8631 discrete_mse=233.842087 best_discrete=27.614059 hash=False elapsed=54.7s
step   650/700 tau=0.0325 loss=0.408302 mse_soft=0.408171 ent_in=1.0167 ent_out=0.2868 rowmax_in=0.5344 rowmax_out=0.8721 discrete_mse=358.160431 best_discrete=27.614059 hash=False elapsed=56.9s
step   675/700 tau=0.0285 loss=0.354195 mse_soft=0.354100 ent_in=0.7388 ent_out=0.2173 rowmax_in=0.6589 rowmax_out=0.8900 discrete_mse=45.370724 best_discrete=27.614059 hash=False elapsed=59.1s
step   700/700 tau=0.0250 loss=0.323807 mse_soft=0.323712 ent_in=0.7293 ent_out=0.2175 rowmax_in=0.6483 rowmax_out=0.8843 discrete_mse=20.681881 best_discrete=20.681881 hash=False elapsed=61.6s

Final metrics:
  soft_mse_full=0.326089
  rowmax_in_mean=0.6466
  rowmax_out_mean=0.8838
  ent_in_mean=0.7306
  ent_out_mean=0.2183
  final_discrete_mse=20.681881
  hash_match=False
  best_discrete_mse_seen=20.681881
Saved results to overnight_b055_j4.json
