Using device: cuda
Train rows: 10000 / Full rows: 10000, steps=700, lr=0.015
step     1/700 tau=1.0000 loss=1.064213 mse_soft=1.063439 ent_in=3.8712 ent_out=3.8712 rowmax_in=0.0213 rowmax_out=0.0213 discrete_mse=63.174500 best_discrete=63.174500 hash=False elapsed=0.5s
step    25/700 tau=0.8810 loss=0.972020 mse_soft=0.971260 ent_in=3.7931 ent_out=3.8051 rowmax_in=0.0330 rowmax_out=0.0321 discrete_mse=334.491699 best_discrete=63.174500 hash=False elapsed=2.8s
step    50/700 tau=0.7721 loss=0.784956 mse_soft=0.784248 ent_in=3.5148 ent_out=3.5665 rowmax_in=0.0559 rowmax_out=0.0536 discrete_mse=2056.166748 best_discrete=63.174500 hash=False elapsed=5.1s
step    75/700 tau=0.6767 loss=0.641461 mse_soft=0.640824 ent_in=3.1327 ent_out=3.2322 rowmax_in=0.0964 rowmax_out=0.0918 discrete_mse=9657.929688 best_discrete=63.174500 hash=False elapsed=7.3s
step   100/700 tau=0.5931 loss=0.534153 mse_soft=0.533598 ent_in=2.7152 ent_out=2.8314 rowmax_in=0.1822 rowmax_out=0.1672 discrete_mse=1985.280396 best_discrete=63.174500 hash=False elapsed=9.6s
step   125/700 tau=0.5198 loss=0.433702 mse_soft=0.433270 ent_in=2.1750 ent_out=2.1440 rowmax_in=0.3142 rowmax_out=0.3264 discrete_mse=3298.058350 best_discrete=63.174500 hash=False elapsed=12.0s
step   150/700 tau=0.4555 loss=0.364931 mse_soft=0.364611 ent_in=1.6826 ent_out=1.5122 rowmax_in=0.4283 rowmax_out=0.4988 discrete_mse=167.004181 best_discrete=63.174500 hash=False elapsed=14.4s
step   175/700 tau=0.3992 loss=0.333832 mse_soft=0.333578 ent_in=1.4347 ent_out=1.1092 rowmax_in=0.4754 rowmax_out=0.6312 discrete_mse=1345.204834 best_discrete=63.174500 hash=False elapsed=16.9s
step   200/700 tau=0.3499 loss=0.316742 mse_soft=0.316529 ent_in=1.2996 ent_out=0.8379 rowmax_in=0.5009 rowmax_out=0.7046 discrete_mse=702.845581 best_discrete=63.174500 hash=False elapsed=19.4s
step   225/700 tau=0.3066 loss=0.305466 mse_soft=0.305284 ent_in=1.2099 ent_out=0.6094 rowmax_in=0.5215 rowmax_out=0.7620 discrete_mse=291.275330 best_discrete=63.174500 hash=False elapsed=21.8s
step   250/700 tau=0.2687 loss=0.297986 mse_soft=0.297819 ent_in=1.1712 ent_out=0.5058 rowmax_in=0.5258 rowmax_out=0.8042 discrete_mse=1376.646729 best_discrete=63.174500 hash=False elapsed=24.2s
step   275/700 tau=0.2355 loss=0.292271 mse_soft=0.292112 ent_in=1.1303 ent_out=0.4597 rowmax_in=0.5309 rowmax_out=0.8179 discrete_mse=1320.658569 best_discrete=63.174500 hash=False elapsed=26.8s
step   300/700 tau=0.2064 loss=0.289951 mse_soft=0.289797 ent_in=1.1114 ent_out=0.4264 rowmax_in=0.5321 rowmax_out=0.8262 discrete_mse=944.308777 best_discrete=63.174500 hash=False elapsed=29.2s
step   325/700 tau=0.1809 loss=0.288076 mse_soft=0.287925 ent_in=1.1037 ent_out=0.4064 rowmax_in=0.5304 rowmax_out=0.8261 discrete_mse=773.207458 best_discrete=63.174500 hash=False elapsed=31.6s
step   350/700 tau=0.1585 loss=0.285893 mse_soft=0.285744 ent_in=1.1015 ent_out=0.3878 rowmax_in=0.5312 rowmax_out=0.8290 discrete_mse=782.977051 best_discrete=63.174500 hash=False elapsed=33.9s
step   375/700 tau=0.1389 loss=0.287563 mse_soft=0.287415 ent_in=1.0972 ent_out=0.3812 rowmax_in=0.5329 rowmax_out=0.8290 discrete_mse=1093.164551 best_discrete=63.174500 hash=False elapsed=36.4s
step   400/700 tau=0.1218 loss=0.284786 mse_soft=0.284640 ent_in=1.0916 ent_out=0.3752 rowmax_in=0.5328 rowmax_out=0.8308 discrete_mse=1322.447876 best_discrete=63.174500 hash=False elapsed=38.7s
step   425/700 tau=0.1067 loss=0.287818 mse_soft=0.287673 ent_in=1.0881 ent_out=0.3636 rowmax_in=0.5329 rowmax_out=0.8349 discrete_mse=947.781982 best_discrete=63.174500 hash=False elapsed=40.8s
step   450/700 tau=0.0935 loss=0.287603 mse_soft=0.287459 ent_in=1.0884 ent_out=0.3532 rowmax_in=0.5278 rowmax_out=0.8382 discrete_mse=947.781982 best_discrete=63.174500 hash=False elapsed=43.0s
step   475/700 tau=0.0820 loss=0.285696 mse_soft=0.285553 ent_in=1.0865 ent_out=0.3443 rowmax_in=0.5241 rowmax_out=0.8423 discrete_mse=947.781982 best_discrete=63.174500 hash=False elapsed=45.2s
step   500/700 tau=0.0718 loss=0.288921 mse_soft=0.288779 ent_in=1.0740 ent_out=0.3440 rowmax_in=0.5275 rowmax_out=0.8429 discrete_mse=1006.219360 best_discrete=63.174500 hash=False elapsed=47.4s
step   525/700 tau=0.0630 loss=0.285186 mse_soft=0.285045 ent_in=1.0635 ent_out=0.3389 rowmax_in=0.5261 rowmax_out=0.8434 discrete_mse=1006.219360 best_discrete=63.174500 hash=False elapsed=49.6s
step   550/700 tau=0.0552 loss=0.288726 mse_soft=0.288587 ent_in=1.0530 ent_out=0.3351 rowmax_in=0.5324 rowmax_out=0.8438 discrete_mse=731.390259 best_discrete=63.174500 hash=False elapsed=51.8s
step   575/700 tau=0.0484 loss=0.287166 mse_soft=0.287028 ent_in=1.0543 ent_out=0.3275 rowmax_in=0.5323 rowmax_out=0.8452 discrete_mse=731.390259 best_discrete=63.174500 hash=False elapsed=54.0s
step   600/700 tau=0.0424 loss=0.287949 mse_soft=0.287812 ent_in=1.0419 ent_out=0.3256 rowmax_in=0.5368 rowmax_out=0.8455 discrete_mse=917.240295 best_discrete=63.174500 hash=False elapsed=56.2s
step   625/700 tau=0.0371 loss=0.319716 mse_soft=0.319608 ent_in=0.8202 ent_out=0.2616 rowmax_in=0.6227 rowmax_out=0.8706 discrete_mse=55.210537 best_discrete=55.210537 hash=False elapsed=58.3s
step   650/700 tau=0.0325 loss=0.317315 mse_soft=0.317204 ent_in=0.8313 ent_out=0.2758 rowmax_in=0.6092 rowmax_out=0.8546 discrete_mse=312.475739 best_discrete=55.210537 hash=False elapsed=60.4s
step   675/700 tau=0.0285 loss=0.319531 mse_soft=0.319420 ent_in=0.8407 ent_out=0.2678 rowmax_in=0.6001 rowmax_out=0.8616 discrete_mse=323.627991 best_discrete=55.210537 hash=False elapsed=62.7s
step   700/700 tau=0.0250 loss=0.351474 mse_soft=0.351383 ent_in=0.6534 ent_out=0.2553 rowmax_in=0.6798 rowmax_out=0.8724 discrete_mse=79.326424 best_discrete=55.210537 hash=False elapsed=64.9s

Final metrics:
  soft_mse_full=0.347495
  rowmax_in_mean=0.6685
  rowmax_out_mean=0.8710
  ent_in_mean=0.6646
  ent_out_mean=0.2568
  final_discrete_mse=79.326424
  hash_match=False
  best_discrete_mse_seen=55.210537
Saved results to overnight_b109_j4.json
