Using device: cuda
Train rows: 4096 / Full rows: 10000, steps=900, lr=0.03
step     1/900 tau=1.0000 loss=1.078104 mse_soft=1.075782 ent_in=3.8712 ent_out=3.8712 rowmax_in=0.0213 rowmax_out=0.0213 discrete_mse=56.510498 best_discrete=56.510498 hash=False elapsed=0.5s
step    25/900 tau=0.9090 loss=0.860998 mse_soft=0.858808 ent_in=3.6325 ent_out=3.6662 rowmax_in=0.0460 rowmax_out=0.0445 discrete_mse=446.557404 best_discrete=56.510498 hash=False elapsed=2.6s
step    50/900 tau=0.8229 loss=0.637542 mse_soft=0.635637 ent_in=3.1321 ent_out=3.2181 rowmax_in=0.0933 rowmax_out=0.0876 discrete_mse=1825.239746 best_discrete=56.510498 hash=False elapsed=4.7s
step    75/900 tau=0.7450 loss=0.500163 mse_soft=0.498575 ent_in=2.6239 ent_out=2.6683 rowmax_in=0.2004 rowmax_out=0.2148 discrete_mse=1411.496948 best_discrete=56.510498 hash=False elapsed=6.8s
step   100/900 tau=0.6745 loss=0.383153 mse_soft=0.382013 ent_in=2.0097 ent_out=1.7899 rowmax_in=0.3494 rowmax_out=0.4461 discrete_mse=1922.766357 best_discrete=56.510498 hash=False elapsed=9.0s
step   125/900 tau=0.6107 loss=0.328134 mse_soft=0.327297 ent_in=1.6265 ent_out=1.1649 rowmax_in=0.4167 rowmax_out=0.6082 discrete_mse=296.486786 best_discrete=56.510498 hash=False elapsed=11.5s
step   150/900 tau=0.5529 loss=0.306109 mse_soft=0.305422 ent_in=1.4481 ent_out=0.8420 rowmax_in=0.4300 rowmax_out=0.7067 discrete_mse=458.401001 best_discrete=56.510498 hash=False elapsed=13.6s
step   175/900 tau=0.5006 loss=0.294725 mse_soft=0.294116 ent_in=1.3703 ent_out=0.6594 rowmax_in=0.4447 rowmax_out=0.7631 discrete_mse=332.174164 best_discrete=56.510498 hash=False elapsed=15.7s
step   200/900 tau=0.4532 loss=0.286613 mse_soft=0.286061 ent_in=1.3143 ent_out=0.5257 rowmax_in=0.4552 rowmax_out=0.8054 discrete_mse=332.174164 best_discrete=56.510498 hash=False elapsed=17.8s
step   225/900 tau=0.4103 loss=0.282806 mse_soft=0.282281 ent_in=1.2795 ent_out=0.4682 rowmax_in=0.4587 rowmax_out=0.8154 discrete_mse=368.128296 best_discrete=56.510498 hash=False elapsed=20.0s
step   250/900 tau=0.3715 loss=0.278212 mse_soft=0.277704 ent_in=1.2568 ent_out=0.4365 rowmax_in=0.4619 rowmax_out=0.8081 discrete_mse=287.220947 best_discrete=56.510498 hash=False elapsed=22.2s
step   275/900 tau=0.3363 loss=0.276219 mse_soft=0.275724 ent_in=1.2377 ent_out=0.4127 rowmax_in=0.4658 rowmax_out=0.8051 discrete_mse=29.822659 best_discrete=29.822659 hash=False elapsed=24.4s
step   300/900 tau=0.3045 loss=0.286944 mse_soft=0.286458 ent_in=1.2267 ent_out=0.3925 rowmax_in=0.4660 rowmax_out=0.8102 discrete_mse=29.822659 best_discrete=29.822659 hash=False elapsed=26.5s
step   325/900 tau=0.2756 loss=0.272660 mse_soft=0.272181 ent_in=1.2151 ent_out=0.3833 rowmax_in=0.4683 rowmax_out=0.8146 discrete_mse=110.491051 best_discrete=29.822659 hash=False elapsed=28.8s
step   350/900 tau=0.2496 loss=0.271407 mse_soft=0.270931 ent_in=1.2082 ent_out=0.3787 rowmax_in=0.4697 rowmax_out=0.8140 discrete_mse=110.491051 best_discrete=29.822659 hash=False elapsed=30.9s
step   375/900 tau=0.2259 loss=0.272100 mse_soft=0.271628 ent_in=1.2029 ent_out=0.3696 rowmax_in=0.4713 rowmax_out=0.8206 discrete_mse=115.288818 best_discrete=29.822659 hash=False elapsed=33.0s
step   400/900 tau=0.2046 loss=0.273466 mse_soft=0.272998 ent_in=1.1953 ent_out=0.3641 rowmax_in=0.4739 rowmax_out=0.8228 discrete_mse=75.255920 best_discrete=29.822659 hash=False elapsed=35.1s
step   425/900 tau=0.1852 loss=0.271367 mse_soft=0.270901 ent_in=1.1926 ent_out=0.3615 rowmax_in=0.4739 rowmax_out=0.8236 discrete_mse=115.288818 best_discrete=29.822659 hash=False elapsed=37.4s
step   450/900 tau=0.1677 loss=0.273200 mse_soft=0.272735 ent_in=1.1917 ent_out=0.3581 rowmax_in=0.4732 rowmax_out=0.8271 discrete_mse=73.882294 best_discrete=29.822659 hash=False elapsed=39.7s
step   475/900 tau=0.1518 loss=0.273362 mse_soft=0.272899 ent_in=1.1886 ent_out=0.3548 rowmax_in=0.4743 rowmax_out=0.8286 discrete_mse=110.491051 best_discrete=29.822659 hash=False elapsed=41.9s
step   500/900 tau=0.1374 loss=0.274311 mse_soft=0.273851 ent_in=1.1856 ent_out=0.3490 rowmax_in=0.4738 rowmax_out=0.8338 discrete_mse=110.238548 best_discrete=29.822659 hash=False elapsed=44.0s
step   525/900 tau=0.1244 loss=0.279911 mse_soft=0.279463 ent_in=1.1684 ent_out=0.3260 rowmax_in=0.4783 rowmax_out=0.8500 discrete_mse=34.278069 best_discrete=29.822659 hash=False elapsed=46.3s
step   550/900 tau=0.1126 loss=0.278308 mse_soft=0.277859 ent_in=1.1680 ent_out=0.3309 rowmax_in=0.4802 rowmax_out=0.8452 discrete_mse=41.016838 best_discrete=29.822659 hash=False elapsed=48.6s
step   575/900 tau=0.1020 loss=0.272392 mse_soft=0.271942 ent_in=1.1712 ent_out=0.3301 rowmax_in=0.4787 rowmax_out=0.8449 discrete_mse=208.989212 best_discrete=29.822659 hash=False elapsed=51.0s
step   600/900 tau=0.0923 loss=0.272603 mse_soft=0.272156 ent_in=1.1639 ent_out=0.3245 rowmax_in=0.4803 rowmax_out=0.8476 discrete_mse=808.720276 best_discrete=29.822659 hash=False elapsed=53.5s
step   625/900 tau=0.0836 loss=0.323419 mse_soft=0.323017 ent_in=1.0564 ent_out=0.2842 rowmax_in=0.5274 rowmax_out=0.8723 discrete_mse=92.558067 best_discrete=29.822659 hash=False elapsed=55.7s
step   650/900 tau=0.0757 loss=0.287057 mse_soft=0.286673 ent_in=1.0136 ent_out=0.2657 rowmax_in=0.5354 rowmax_out=0.8795 discrete_mse=123.939346 best_discrete=29.822659 hash=False elapsed=58.0s
step   675/900 tau=0.0685 loss=0.285698 mse_soft=0.285324 ent_in=0.9956 ent_out=0.2504 rowmax_in=0.5379 rowmax_out=0.8880 discrete_mse=224.329239 best_discrete=29.822659 hash=False elapsed=60.6s
step   700/900 tau=0.0620 loss=0.310715 mse_soft=0.310359 ent_in=0.9267 ent_out=0.2581 rowmax_in=0.5630 rowmax_out=0.8794 discrete_mse=656.237610 best_discrete=29.822659 hash=False elapsed=62.8s
step   725/900 tau=0.0562 loss=0.291547 mse_soft=0.291190 ent_in=0.9437 ent_out=0.2457 rowmax_in=0.5550 rowmax_out=0.8878 discrete_mse=173.033264 best_discrete=29.822659 hash=False elapsed=65.2s
step   750/900 tau=0.0508 loss=0.315242 mse_soft=0.314915 ent_in=0.8630 ent_out=0.2270 rowmax_in=0.5798 rowmax_out=0.8948 discrete_mse=72.139748 best_discrete=29.822659 hash=False elapsed=67.5s
step   775/900 tau=0.0460 loss=0.444335 mse_soft=0.444161 ent_in=0.4555 ent_out=0.1232 rowmax_in=0.7964 rowmax_out=0.9387 discrete_mse=266.543732 best_discrete=29.822659 hash=False elapsed=69.8s
step   800/900 tau=0.0417 loss=0.468506 mse_soft=0.468378 ent_in=0.3676 ent_out=0.0594 rowmax_in=0.8123 rowmax_out=0.9682 discrete_mse=24.635931 best_discrete=24.635931 hash=False elapsed=72.3s
step   825/900 tau=0.0377 loss=0.445340 mse_soft=0.445219 ent_in=0.3582 ent_out=0.0466 rowmax_in=0.8157 rowmax_out=0.9752 discrete_mse=137.980515 best_discrete=24.635931 hash=False elapsed=74.6s
step   850/900 tau=0.0342 loss=0.431093 mse_soft=0.430962 ent_in=0.3911 ent_out=0.0460 rowmax_in=0.8013 rowmax_out=0.9752 discrete_mse=110.204849 best_discrete=24.635931 hash=False elapsed=77.0s
step   875/900 tau=0.0309 loss=0.445076 mse_soft=0.444947 ent_in=0.3842 ent_out=0.0465 rowmax_in=0.7934 rowmax_out=0.9750 discrete_mse=133.511002 best_discrete=24.635931 hash=False elapsed=79.5s
step   900/900 tau=0.0280 loss=0.430158 mse_soft=0.430032 ent_in=0.3717 ent_out=0.0490 rowmax_in=0.8029 rowmax_out=0.9740 discrete_mse=38.160221 best_discrete=24.635931 hash=False elapsed=82.0s

Final metrics:
  soft_mse_full=0.444327
  rowmax_in_mean=0.8012
  rowmax_out_mean=0.9740
  ent_in_mean=0.3736
  ent_out_mean=0.0491
  final_discrete_mse=40.866856
  hash_match=False
  best_discrete_mse_seen=24.635931
Saved results to overnight_b001_j2.json
