Using device: cuda
Train rows: 10000 / Full rows: 10000, steps=700, lr=0.015
step     1/700 tau=1.0000 loss=1.064158 mse_soft=1.063384 ent_in=3.8712 ent_out=3.8712 rowmax_in=0.0213 rowmax_out=0.0213 discrete_mse=31.937223 best_discrete=31.937223 hash=False elapsed=0.5s
step    25/700 tau=0.8810 loss=0.971890 mse_soft=0.971130 ent_in=3.7927 ent_out=3.8051 rowmax_in=0.0333 rowmax_out=0.0321 discrete_mse=122.332062 best_discrete=31.937223 hash=False elapsed=2.7s
step    50/700 tau=0.7721 loss=0.785321 mse_soft=0.784613 ent_in=3.5134 ent_out=3.5647 rowmax_in=0.0559 rowmax_out=0.0544 discrete_mse=5103.778809 best_discrete=31.937223 hash=False elapsed=5.0s
step    75/700 tau=0.6767 loss=0.640204 mse_soft=0.639568 ent_in=3.1290 ent_out=3.2308 rowmax_in=0.0962 rowmax_out=0.0898 discrete_mse=4876.310059 best_discrete=31.937223 hash=False elapsed=7.5s
step   100/700 tau=0.5931 loss=0.532039 mse_soft=0.531484 ent_in=2.7152 ent_out=2.8258 rowmax_in=0.1789 rowmax_out=0.1674 discrete_mse=1979.756348 best_discrete=31.937223 hash=False elapsed=9.6s
step   125/700 tau=0.5198 loss=0.437593 mse_soft=0.437155 ent_in=2.2038 ent_out=2.1770 rowmax_in=0.3004 rowmax_out=0.3190 discrete_mse=304.191559 best_discrete=31.937223 hash=False elapsed=11.8s
step   150/700 tau=0.4555 loss=0.368718 mse_soft=0.368391 ent_in=1.7407 ent_out=1.5333 rowmax_in=0.4229 rowmax_out=0.4957 discrete_mse=550.424866 best_discrete=31.937223 hash=False elapsed=14.1s
step   175/700 tau=0.3992 loss=0.328781 mse_soft=0.328537 ent_in=1.4697 ent_out=0.9787 rowmax_in=0.4747 rowmax_out=0.6735 discrete_mse=73.992226 best_discrete=31.937223 hash=False elapsed=16.4s
step   200/700 tau=0.3499 loss=0.312068 mse_soft=0.311867 ent_in=1.3254 ent_out=0.6885 rowmax_in=0.5023 rowmax_out=0.7481 discrete_mse=333.033691 best_discrete=31.937223 hash=False elapsed=18.8s
step   225/700 tau=0.3066 loss=0.303595 mse_soft=0.303414 ent_in=1.2515 ent_out=0.5659 rowmax_in=0.5115 rowmax_out=0.7737 discrete_mse=799.033997 best_discrete=31.937223 hash=False elapsed=21.1s
step   250/700 tau=0.2687 loss=0.298716 mse_soft=0.298545 ent_in=1.2012 ent_out=0.5110 rowmax_in=0.5239 rowmax_out=0.7867 discrete_mse=1359.210083 best_discrete=31.937223 hash=False elapsed=23.3s
step   275/700 tau=0.2355 loss=0.294773 mse_soft=0.294610 ent_in=1.1702 ent_out=0.4601 rowmax_in=0.5273 rowmax_out=0.8060 discrete_mse=708.260559 best_discrete=31.937223 hash=False elapsed=25.5s
step   300/700 tau=0.2064 loss=0.293175 mse_soft=0.293018 ent_in=1.1440 ent_out=0.4194 rowmax_in=0.5321 rowmax_out=0.8189 discrete_mse=1359.210083 best_discrete=31.937223 hash=False elapsed=27.6s
step   325/700 tau=0.1809 loss=0.291908 mse_soft=0.291756 ent_in=1.1310 ent_out=0.3924 rowmax_in=0.5341 rowmax_out=0.8295 discrete_mse=1163.757812 best_discrete=31.937223 hash=False elapsed=30.0s
step   350/700 tau=0.1585 loss=0.291522 mse_soft=0.291373 ent_in=1.1188 ent_out=0.3714 rowmax_in=0.5347 rowmax_out=0.8368 discrete_mse=1212.703735 best_discrete=31.937223 hash=False elapsed=32.3s
step   375/700 tau=0.1389 loss=0.290994 mse_soft=0.290846 ent_in=1.1172 ent_out=0.3688 rowmax_in=0.5287 rowmax_out=0.8375 discrete_mse=1162.930176 best_discrete=31.937223 hash=False elapsed=34.5s
step   400/700 tau=0.1218 loss=0.290570 mse_soft=0.290424 ent_in=1.1007 ent_out=0.3515 rowmax_in=0.5317 rowmax_out=0.8419 discrete_mse=1833.146729 best_discrete=31.937223 hash=False elapsed=36.9s
step   425/700 tau=0.1067 loss=0.286210 mse_soft=0.286067 ent_in=1.0950 ent_out=0.3404 rowmax_in=0.5293 rowmax_out=0.8433 discrete_mse=1833.146729 best_discrete=31.937223 hash=False elapsed=39.2s
step   450/700 tau=0.0935 loss=0.290398 mse_soft=0.290257 ent_in=1.0834 ent_out=0.3302 rowmax_in=0.5298 rowmax_out=0.8445 discrete_mse=791.661987 best_discrete=31.937223 hash=False elapsed=41.8s
step   475/700 tau=0.0820 loss=0.287570 mse_soft=0.287431 ent_in=1.0735 ent_out=0.3125 rowmax_in=0.5310 rowmax_out=0.8547 discrete_mse=561.050964 best_discrete=31.937223 hash=False elapsed=44.1s
step   500/700 tau=0.0718 loss=0.297599 mse_soft=0.297462 ent_in=1.0639 ent_out=0.3064 rowmax_in=0.5264 rowmax_out=0.8573 discrete_mse=1203.368408 best_discrete=31.937223 hash=False elapsed=46.3s
step   525/700 tau=0.0630 loss=0.287018 mse_soft=0.286884 ent_in=1.0426 ent_out=0.2992 rowmax_in=0.5310 rowmax_out=0.8609 discrete_mse=2176.240234 best_discrete=31.937223 hash=False elapsed=48.3s
step   550/700 tau=0.0552 loss=0.288835 mse_soft=0.288704 ent_in=1.0267 ent_out=0.2891 rowmax_in=0.5326 rowmax_out=0.8678 discrete_mse=1034.328735 best_discrete=31.937223 hash=False elapsed=50.5s
step   575/700 tau=0.0484 loss=0.301544 mse_soft=0.301415 ent_in=0.9890 ent_out=0.3023 rowmax_in=0.5489 rowmax_out=0.8569 discrete_mse=169.482864 best_discrete=31.937223 hash=False elapsed=52.6s
step   600/700 tau=0.0424 loss=0.292742 mse_soft=0.292615 ent_in=0.9696 ent_out=0.3032 rowmax_in=0.5513 rowmax_out=0.8533 discrete_mse=424.697449 best_discrete=31.937223 hash=False elapsed=54.9s
step   625/700 tau=0.0371 loss=0.308662 mse_soft=0.308541 ent_in=0.9260 ent_out=0.2864 rowmax_in=0.5683 rowmax_out=0.8571 discrete_mse=299.073700 best_discrete=31.937223 hash=False elapsed=57.1s
step   650/700 tau=0.0325 loss=0.340863 mse_soft=0.340751 ent_in=0.8587 ent_out=0.2561 rowmax_in=0.5890 rowmax_out=0.8761 discrete_mse=241.397095 best_discrete=31.937223 hash=False elapsed=59.3s
step   675/700 tau=0.0285 loss=0.361439 mse_soft=0.361347 ent_in=0.6881 ent_out=0.2315 rowmax_in=0.6853 rowmax_out=0.8822 discrete_mse=532.138306 best_discrete=31.937223 hash=False elapsed=61.6s
step   700/700 tau=0.0250 loss=0.402420 mse_soft=0.402328 ent_in=0.7149 ent_out=0.2107 rowmax_in=0.6484 rowmax_out=0.8982 discrete_mse=203.788071 best_discrete=31.937223 hash=False elapsed=64.1s

Final metrics:
  soft_mse_full=0.362227
  rowmax_in_mean=0.6589
  rowmax_out_mean=0.9048
  ent_in_mean=0.7032
  ent_out_mean=0.2029
  final_discrete_mse=163.559235
  hash_match=False
  best_discrete_mse_seen=31.937223
Saved results to overnight_b185_j4.json
