Using device: cuda
Train rows: 10000 / Full rows: 10000, steps=700, lr=0.02
step     1/700 tau=1.0000 loss=1.065713 mse_soft=1.063390 ent_in=3.8712 ent_out=3.8712 rowmax_in=0.0213 rowmax_out=0.0213 discrete_mse=57.399857 best_discrete=57.399857 hash=False elapsed=0.5s
step    25/700 tau=0.8866 loss=0.935153 mse_soft=0.932901 ent_in=3.7423 ent_out=3.7631 rowmax_in=0.0373 rowmax_out=0.0361 discrete_mse=2097.824707 best_discrete=57.399857 hash=False elapsed=2.6s
step    50/700 tau=0.7821 loss=0.709075 mse_soft=0.707040 ent_in=3.3585 ent_out=3.4258 rowmax_in=0.0700 rowmax_out=0.0670 discrete_mse=3710.077393 best_discrete=57.399857 hash=False elapsed=4.8s
step    75/700 tau=0.6899 loss=0.589843 mse_soft=0.588041 ent_in=2.9485 ent_out=3.0583 rowmax_in=0.1327 rowmax_out=0.1200 discrete_mse=751.157288 best_discrete=57.399857 hash=False elapsed=7.0s
step   100/700 tau=0.6086 loss=0.476472 mse_soft=0.475017 ent_in=2.4079 ent_out=2.4416 rowmax_in=0.2579 rowmax_out=0.2436 discrete_mse=46.704288 best_discrete=46.704288 hash=False elapsed=9.1s
step   125/700 tau=0.5368 loss=0.387172 mse_soft=0.386119 ent_in=1.8381 ent_out=1.6716 rowmax_in=0.3916 rowmax_out=0.4689 discrete_mse=1429.005127 best_discrete=46.704288 hash=False elapsed=11.1s
step   150/700 tau=0.4736 loss=0.336929 mse_soft=0.336180 ent_in=1.4879 ent_out=1.0084 rowmax_in=0.4612 rowmax_out=0.6671 discrete_mse=287.674805 best_discrete=46.704288 hash=False elapsed=13.2s
step   175/700 tau=0.4177 loss=0.312975 mse_soft=0.312381 ent_in=1.3275 ent_out=0.6542 rowmax_in=0.4852 rowmax_out=0.7673 discrete_mse=514.637756 best_discrete=46.704288 hash=False elapsed=15.3s
step   200/700 tau=0.3685 loss=0.301936 mse_soft=0.301401 ent_in=1.2527 ent_out=0.5307 rowmax_in=0.4976 rowmax_out=0.7925 discrete_mse=647.748413 best_discrete=46.704288 hash=False elapsed=17.6s
step   225/700 tau=0.3251 loss=0.293971 mse_soft=0.293468 ent_in=1.1959 ent_out=0.4814 rowmax_in=0.5080 rowmax_out=0.8044 discrete_mse=580.910461 best_discrete=46.704288 hash=False elapsed=19.6s
step   250/700 tau=0.2868 loss=0.287955 mse_soft=0.287480 ent_in=1.1403 ent_out=0.4434 rowmax_in=0.5219 rowmax_out=0.8084 discrete_mse=965.738403 best_discrete=46.704288 hash=False elapsed=21.6s
step   275/700 tau=0.2530 loss=0.285845 mse_soft=0.285395 ent_in=1.0985 ent_out=0.4035 rowmax_in=0.5306 rowmax_out=0.8217 discrete_mse=391.577087 best_discrete=46.704288 hash=False elapsed=23.8s
step   300/700 tau=0.2231 loss=0.283544 mse_soft=0.283108 ent_in=1.0724 ent_out=0.3813 rowmax_in=0.5364 rowmax_out=0.8272 discrete_mse=313.262115 best_discrete=46.704288 hash=False elapsed=25.8s
step   325/700 tau=0.1968 loss=0.282770 mse_soft=0.282340 ent_in=1.0609 ent_out=0.3700 rowmax_in=0.5370 rowmax_out=0.8292 discrete_mse=238.417648 best_discrete=46.704288 hash=False elapsed=28.0s
step   350/700 tau=0.1736 loss=0.281945 mse_soft=0.281522 ent_in=1.0533 ent_out=0.3585 rowmax_in=0.5359 rowmax_out=0.8325 discrete_mse=540.656189 best_discrete=46.704288 hash=False elapsed=29.9s
step   375/700 tau=0.1532 loss=0.286139 mse_soft=0.285718 ent_in=1.0526 ent_out=0.3513 rowmax_in=0.5348 rowmax_out=0.8354 discrete_mse=424.129181 best_discrete=46.704288 hash=False elapsed=32.0s
step   400/700 tau=0.1351 loss=0.283534 mse_soft=0.283115 ent_in=1.0478 ent_out=0.3487 rowmax_in=0.5350 rowmax_out=0.8362 discrete_mse=644.673462 best_discrete=46.704288 hash=False elapsed=34.1s
step   425/700 tau=0.1192 loss=0.282389 mse_soft=0.281971 ent_in=1.0435 ent_out=0.3489 rowmax_in=0.5351 rowmax_out=0.8346 discrete_mse=626.976379 best_discrete=46.704288 hash=False elapsed=36.2s
step   450/700 tau=0.1051 loss=0.284861 mse_soft=0.284444 ent_in=1.0408 ent_out=0.3475 rowmax_in=0.5336 rowmax_out=0.8371 discrete_mse=260.181854 best_discrete=46.704288 hash=False elapsed=38.5s
step   475/700 tau=0.0928 loss=0.286432 mse_soft=0.286018 ent_in=1.0388 ent_out=0.3409 rowmax_in=0.5367 rowmax_out=0.8384 discrete_mse=225.802643 best_discrete=46.704288 hash=False elapsed=40.7s
step   500/700 tau=0.0818 loss=0.281619 mse_soft=0.281206 ent_in=1.0415 ent_out=0.3383 rowmax_in=0.5313 rowmax_out=0.8409 discrete_mse=464.812195 best_discrete=46.704288 hash=False elapsed=42.8s
step   525/700 tau=0.0722 loss=0.299193 mse_soft=0.298786 ent_in=1.0289 ent_out=0.3293 rowmax_in=0.5299 rowmax_out=0.8422 discrete_mse=379.198181 best_discrete=46.704288 hash=False elapsed=45.0s
step   550/700 tau=0.0637 loss=0.326374 mse_soft=0.325975 ent_in=1.0083 ent_out=0.3236 rowmax_in=0.5458 rowmax_out=0.8427 discrete_mse=48.686981 best_discrete=46.704288 hash=False elapsed=47.4s
step   575/700 tau=0.0562 loss=0.288412 mse_soft=0.288013 ent_in=1.0099 ent_out=0.3203 rowmax_in=0.5401 rowmax_out=0.8490 discrete_mse=261.829437 best_discrete=46.704288 hash=False elapsed=49.6s
step   600/700 tau=0.0495 loss=0.329385 mse_soft=0.329013 ent_in=0.9470 ent_out=0.2941 rowmax_in=0.5572 rowmax_out=0.8530 discrete_mse=291.059479 best_discrete=46.704288 hash=False elapsed=51.8s
step   625/700 tau=0.0437 loss=0.347358 mse_soft=0.347066 ent_in=0.7757 ent_out=0.1950 rowmax_in=0.6232 rowmax_out=0.9057 discrete_mse=66.996147 best_discrete=46.704288 hash=False elapsed=53.9s
step   650/700 tau=0.0386 loss=0.319891 mse_soft=0.319593 ent_in=0.7773 ent_out=0.2177 rowmax_in=0.6140 rowmax_out=0.8837 discrete_mse=389.368561 best_discrete=46.704288 hash=False elapsed=56.0s
step   675/700 tau=0.0340 loss=0.336296 mse_soft=0.335994 ent_in=0.7907 ent_out=0.2176 rowmax_in=0.6121 rowmax_out=0.8794 discrete_mse=384.018524 best_discrete=46.704288 hash=False elapsed=58.0s
step   700/700 tau=0.0300 loss=0.366963 mse_soft=0.366717 ent_in=0.6131 ent_out=0.2082 rowmax_in=0.6942 rowmax_out=0.8915 discrete_mse=66.226051 best_discrete=46.704288 hash=False elapsed=60.2s

Final metrics:
  soft_mse_full=0.351708
  rowmax_in_mean=0.6855
  rowmax_out_mean=0.8890
  ent_in_mean=0.6196
  ent_out_mean=0.2110
  final_discrete_mse=48.555485
  hash_match=False
  best_discrete_mse_seen=46.704288
Saved results to overnight_b012_j3.json
