Using device: cuda
Train rows: 10000 / Full rows: 10000, steps=700, lr=0.02
step     1/700 tau=1.0000 loss=1.065751 mse_soft=1.063429 ent_in=3.8712 ent_out=3.8712 rowmax_in=0.0213 rowmax_out=0.0213 discrete_mse=12.479001 best_discrete=12.479001 hash=False elapsed=0.6s
step    25/700 tau=0.8866 loss=0.935274 mse_soft=0.933022 ent_in=3.7431 ent_out=3.7628 rowmax_in=0.0374 rowmax_out=0.0363 discrete_mse=1613.231934 best_discrete=12.479001 hash=False elapsed=2.9s
step    50/700 tau=0.7821 loss=0.711076 mse_soft=0.709039 ent_in=3.3636 ent_out=3.4251 rowmax_in=0.0691 rowmax_out=0.0669 discrete_mse=4313.989258 best_discrete=12.479001 hash=False elapsed=5.3s
step    75/700 tau=0.6899 loss=0.586254 mse_soft=0.584454 ent_in=2.9400 ent_out=3.0588 rowmax_in=0.1309 rowmax_out=0.1221 discrete_mse=1074.960815 best_discrete=12.479001 hash=False elapsed=7.7s
step   100/700 tau=0.6086 loss=0.468989 mse_soft=0.467550 ent_in=2.3763 ent_out=2.4198 rowmax_in=0.2582 rowmax_out=0.2508 discrete_mse=234.004974 best_discrete=12.479001 hash=False elapsed=9.8s
step   125/700 tau=0.5368 loss=0.378384 mse_soft=0.377347 ent_in=1.8010 ent_out=1.6559 rowmax_in=0.3997 rowmax_out=0.4737 discrete_mse=13.135587 best_discrete=12.479001 hash=False elapsed=12.1s
step   150/700 tau=0.4736 loss=0.335749 mse_soft=0.334988 ent_in=1.4844 ent_out=1.0509 rowmax_in=0.4610 rowmax_out=0.6532 discrete_mse=371.367401 best_discrete=12.479001 hash=False elapsed=14.4s
step   175/700 tau=0.4177 loss=0.319585 mse_soft=0.318939 ent_in=1.3670 ent_out=0.7865 rowmax_in=0.4836 rowmax_out=0.7297 discrete_mse=1286.419312 best_discrete=12.479001 hash=False elapsed=16.7s
step   200/700 tau=0.3685 loss=0.308613 mse_soft=0.308018 ent_in=1.2962 ent_out=0.6871 rowmax_in=0.4946 rowmax_out=0.7347 discrete_mse=297.582947 best_discrete=12.479001 hash=False elapsed=19.1s
step   225/700 tau=0.3251 loss=0.302623 mse_soft=0.302063 ent_in=1.2546 ent_out=0.6113 rowmax_in=0.5022 rowmax_out=0.7544 discrete_mse=216.670120 best_discrete=12.479001 hash=False elapsed=21.6s
step   250/700 tau=0.2868 loss=0.295036 mse_soft=0.294518 ent_in=1.2083 ent_out=0.5183 rowmax_in=0.5111 rowmax_out=0.7832 discrete_mse=840.708496 best_discrete=12.479001 hash=False elapsed=24.0s
step   275/700 tau=0.2530 loss=0.292622 mse_soft=0.292136 ent_in=1.1692 ent_out=0.4517 rowmax_in=0.5168 rowmax_out=0.7981 discrete_mse=282.161438 best_discrete=12.479001 hash=False elapsed=26.3s
step   300/700 tau=0.2231 loss=0.289862 mse_soft=0.289393 ent_in=1.1397 ent_out=0.4221 rowmax_in=0.5229 rowmax_out=0.8035 discrete_mse=221.836563 best_discrete=12.479001 hash=False elapsed=28.6s
step   325/700 tau=0.1968 loss=0.289497 mse_soft=0.289039 ent_in=1.1193 ent_out=0.4076 rowmax_in=0.5267 rowmax_out=0.8057 discrete_mse=221.836563 best_discrete=12.479001 hash=False elapsed=31.0s
step   350/700 tau=0.1736 loss=0.289296 mse_soft=0.288845 ent_in=1.1026 ent_out=0.4014 rowmax_in=0.5295 rowmax_out=0.8066 discrete_mse=162.416290 best_discrete=12.479001 hash=False elapsed=33.4s
step   375/700 tau=0.1532 loss=0.288680 mse_soft=0.288234 ent_in=1.0877 ent_out=0.4007 rowmax_in=0.5333 rowmax_out=0.8064 discrete_mse=162.416290 best_discrete=12.479001 hash=False elapsed=35.7s
step   400/700 tau=0.1351 loss=0.289074 mse_soft=0.288631 ent_in=1.0786 ent_out=0.3962 rowmax_in=0.5343 rowmax_out=0.8076 discrete_mse=162.923401 best_discrete=12.479001 hash=False elapsed=38.1s
step   425/700 tau=0.1192 loss=0.292577 mse_soft=0.292138 ent_in=1.0702 ent_out=0.3910 rowmax_in=0.5373 rowmax_out=0.8083 discrete_mse=158.952759 best_discrete=12.479001 hash=False elapsed=40.4s
step   450/700 tau=0.1051 loss=0.288983 mse_soft=0.288549 ent_in=1.0626 ent_out=0.3850 rowmax_in=0.5376 rowmax_out=0.8075 discrete_mse=264.031891 best_discrete=12.479001 hash=False elapsed=42.8s
step   475/700 tau=0.0928 loss=0.296247 mse_soft=0.295818 ent_in=1.0526 ent_out=0.3765 rowmax_in=0.5378 rowmax_out=0.8081 discrete_mse=264.031891 best_discrete=12.479001 hash=False elapsed=45.1s
step   500/700 tau=0.0818 loss=0.296768 mse_soft=0.296354 ent_in=1.0158 ent_out=0.3635 rowmax_in=0.5496 rowmax_out=0.8069 discrete_mse=393.921051 best_discrete=12.479001 hash=False elapsed=47.6s
step   525/700 tau=0.0722 loss=0.298694 mse_soft=0.298290 ent_in=0.9967 ent_out=0.3511 rowmax_in=0.5482 rowmax_out=0.8143 discrete_mse=283.553345 best_discrete=12.479001 hash=False elapsed=49.9s
step   550/700 tau=0.0637 loss=0.289181 mse_soft=0.288778 ent_in=1.0023 ent_out=0.3422 rowmax_in=0.5488 rowmax_out=0.8231 discrete_mse=1144.089600 best_discrete=12.479001 hash=False elapsed=52.2s
step   575/700 tau=0.0562 loss=0.404352 mse_soft=0.403954 ent_in=1.0006 ent_out=0.3245 rowmax_in=0.5422 rowmax_out=0.8340 discrete_mse=941.257568 best_discrete=12.479001 hash=False elapsed=54.5s
step   600/700 tau=0.0495 loss=0.320994 mse_soft=0.320657 ent_in=0.8550 ent_out=0.2676 rowmax_in=0.5875 rowmax_out=0.8551 discrete_mse=133.486557 best_discrete=12.479001 hash=False elapsed=56.7s
step   625/700 tau=0.0437 loss=0.305111 mse_soft=0.304779 ent_in=0.8391 ent_out=0.2684 rowmax_in=0.5879 rowmax_out=0.8615 discrete_mse=330.248993 best_discrete=12.479001 hash=False elapsed=59.2s
step   650/700 tau=0.0386 loss=0.334285 mse_soft=0.334009 ent_in=0.7147 ent_out=0.2049 rowmax_in=0.6642 rowmax_out=0.8816 discrete_mse=121.665573 best_discrete=12.479001 hash=False elapsed=61.9s
step   675/700 tau=0.0340 loss=0.330858 mse_soft=0.330594 ent_in=0.6949 ent_out=0.1849 rowmax_in=0.6541 rowmax_out=0.9009 discrete_mse=79.489601 best_discrete=12.479001 hash=False elapsed=64.4s
step   700/700 tau=0.0300 loss=0.333947 mse_soft=0.333696 ent_in=0.6459 ent_out=0.1923 rowmax_in=0.6905 rowmax_out=0.8957 discrete_mse=128.432953 best_discrete=12.479001 hash=False elapsed=67.0s

Final metrics:
  soft_mse_full=0.341089
  rowmax_in_mean=0.6986
  rowmax_out_mean=0.8968
  ent_in_mean=0.6351
  ent_out_mean=0.1913
  final_discrete_mse=128.432953
  hash_match=False
  best_discrete_mse_seen=12.479001
Saved results to overnight_b233_j3.json
