Using device: cuda
Train rows: 10000 / Full rows: 10000, steps=700, lr=0.02
step     1/700 tau=1.0000 loss=1.065757 mse_soft=1.063434 ent_in=3.8712 ent_out=3.8712 rowmax_in=0.0213 rowmax_out=0.0213 discrete_mse=58.143875 best_discrete=58.143875 hash=False elapsed=0.5s
step    25/700 tau=0.8866 loss=0.935238 mse_soft=0.932986 ent_in=3.7425 ent_out=3.7632 rowmax_in=0.0374 rowmax_out=0.0361 discrete_mse=3417.765625 best_discrete=58.143875 hash=False elapsed=2.6s
step    50/700 tau=0.7821 loss=0.708530 mse_soft=0.706495 ent_in=3.3592 ent_out=3.4255 rowmax_in=0.0706 rowmax_out=0.0667 discrete_mse=3169.706787 best_discrete=58.143875 hash=False elapsed=4.9s
step    75/700 tau=0.6899 loss=0.587250 mse_soft=0.585450 ent_in=2.9402 ent_out=3.0587 rowmax_in=0.1346 rowmax_out=0.1210 discrete_mse=5087.573242 best_discrete=58.143875 hash=False elapsed=7.2s
step   100/700 tau=0.6086 loss=0.473247 mse_soft=0.471804 ent_in=2.3956 ent_out=2.4138 rowmax_in=0.2512 rowmax_out=0.2538 discrete_mse=1327.761353 best_discrete=58.143875 hash=False elapsed=9.6s
step   125/700 tau=0.5368 loss=0.386078 mse_soft=0.385010 ent_in=1.8472 ent_out=1.7140 rowmax_in=0.3828 rowmax_out=0.4496 discrete_mse=1388.104614 best_discrete=58.143875 hash=False elapsed=11.9s
step   150/700 tau=0.4736 loss=0.334657 mse_soft=0.333869 ent_in=1.4879 ent_out=1.1362 rowmax_in=0.4630 rowmax_out=0.6189 discrete_mse=2470.770264 best_discrete=58.143875 hash=False elapsed=14.2s
step   175/700 tau=0.4177 loss=0.317081 mse_soft=0.316399 ent_in=1.3779 ent_out=0.8953 rowmax_in=0.4757 rowmax_out=0.6758 discrete_mse=524.199158 best_discrete=58.143875 hash=False elapsed=16.4s
step   200/700 tau=0.3685 loss=0.306202 mse_soft=0.305598 ent_in=1.2765 ent_out=0.7363 rowmax_in=0.4916 rowmax_out=0.7191 discrete_mse=409.309601 best_discrete=58.143875 hash=False elapsed=18.7s
step   225/700 tau=0.3251 loss=0.298828 mse_soft=0.298274 ent_in=1.2089 ent_out=0.6373 rowmax_in=0.5039 rowmax_out=0.7342 discrete_mse=860.555908 best_discrete=58.143875 hash=False elapsed=20.9s
step   250/700 tau=0.2868 loss=0.293407 mse_soft=0.292888 ent_in=1.1524 ent_out=0.5787 rowmax_in=0.5132 rowmax_out=0.7465 discrete_mse=90.679535 best_discrete=58.143875 hash=False elapsed=23.0s
step   275/700 tau=0.2530 loss=0.290259 mse_soft=0.289759 ent_in=1.1273 ent_out=0.5385 rowmax_in=0.5142 rowmax_out=0.7585 discrete_mse=90.002480 best_discrete=58.143875 hash=False elapsed=25.1s
step   300/700 tau=0.2231 loss=0.287352 mse_soft=0.286865 ent_in=1.1084 ent_out=0.5159 rowmax_in=0.5178 rowmax_out=0.7664 discrete_mse=165.137115 best_discrete=58.143875 hash=False elapsed=27.3s
step   325/700 tau=0.1968 loss=0.287416 mse_soft=0.286939 ent_in=1.0906 ent_out=0.5002 rowmax_in=0.5211 rowmax_out=0.7723 discrete_mse=174.509628 best_discrete=58.143875 hash=False elapsed=29.5s
step   350/700 tau=0.1736 loss=0.286443 mse_soft=0.285974 ent_in=1.0737 ent_out=0.4916 rowmax_in=0.5256 rowmax_out=0.7746 discrete_mse=174.509628 best_discrete=58.143875 hash=False elapsed=31.8s
step   375/700 tau=0.1532 loss=0.285628 mse_soft=0.285165 ent_in=1.0633 ent_out=0.4784 rowmax_in=0.5275 rowmax_out=0.7760 discrete_mse=162.629547 best_discrete=58.143875 hash=False elapsed=34.3s
step   400/700 tau=0.1351 loss=0.287685 mse_soft=0.287229 ent_in=1.0529 ent_out=0.4653 rowmax_in=0.5305 rowmax_out=0.7794 discrete_mse=162.629547 best_discrete=58.143875 hash=False elapsed=36.6s
step   425/700 tau=0.1192 loss=0.286905 mse_soft=0.286456 ent_in=1.0472 ent_out=0.4502 rowmax_in=0.5321 rowmax_out=0.7845 discrete_mse=395.186401 best_discrete=58.143875 hash=False elapsed=38.7s
step   450/700 tau=0.1051 loss=0.285793 mse_soft=0.285350 ent_in=1.0390 ent_out=0.4363 rowmax_in=0.5321 rowmax_out=0.7922 discrete_mse=395.186401 best_discrete=58.143875 hash=False elapsed=40.8s
step   475/700 tau=0.0928 loss=0.287147 mse_soft=0.286711 ent_in=1.0310 ent_out=0.4252 rowmax_in=0.5342 rowmax_out=0.7971 discrete_mse=194.792938 best_discrete=58.143875 hash=False elapsed=43.0s
step   500/700 tau=0.0818 loss=0.288178 mse_soft=0.287746 ent_in=1.0244 ent_out=0.4164 rowmax_in=0.5378 rowmax_out=0.7949 discrete_mse=277.310455 best_discrete=58.143875 hash=False elapsed=45.4s
step   525/700 tau=0.0722 loss=0.299156 mse_soft=0.298733 ent_in=1.0062 ent_out=0.4061 rowmax_in=0.5429 rowmax_out=0.7944 discrete_mse=421.367889 best_discrete=58.143875 hash=False elapsed=47.6s
step   550/700 tau=0.0637 loss=0.312844 mse_soft=0.312428 ent_in=1.0010 ent_out=0.3856 rowmax_in=0.5501 rowmax_out=0.8064 discrete_mse=229.279617 best_discrete=58.143875 hash=False elapsed=49.8s
step   575/700 tau=0.0562 loss=0.296317 mse_soft=0.295910 ent_in=0.9867 ent_out=0.3705 rowmax_in=0.5433 rowmax_out=0.8146 discrete_mse=566.208618 best_discrete=58.143875 hash=False elapsed=52.0s
step   600/700 tau=0.0495 loss=0.358715 mse_soft=0.358348 ent_in=0.8753 ent_out=0.3464 rowmax_in=0.6017 rowmax_out=0.8262 discrete_mse=313.576752 best_discrete=58.143875 hash=False elapsed=54.3s
step   625/700 tau=0.0437 loss=0.386162 mse_soft=0.385871 ent_in=0.7013 ent_out=0.2681 rowmax_in=0.6665 rowmax_out=0.8627 discrete_mse=90.623047 best_discrete=58.143875 hash=False elapsed=56.7s
step   650/700 tau=0.0386 loss=0.410161 mse_soft=0.409901 ent_in=0.6086 ent_out=0.2591 rowmax_in=0.6983 rowmax_out=0.8662 discrete_mse=108.673325 best_discrete=58.143875 hash=False elapsed=59.2s
step   675/700 tau=0.0340 loss=0.424151 mse_soft=0.423931 ent_in=0.5315 ent_out=0.2024 rowmax_in=0.7382 rowmax_out=0.8983 discrete_mse=162.257004 best_discrete=58.143875 hash=False elapsed=61.5s
step   700/700 tau=0.0300 loss=0.391169 mse_soft=0.390949 ent_in=0.5011 ent_out=0.2338 rowmax_in=0.7375 rowmax_out=0.8790 discrete_mse=105.785973 best_discrete=58.143875 hash=False elapsed=64.0s

Final metrics:
  soft_mse_full=0.386143
  rowmax_in_mean=0.7385
  rowmax_out_mean=0.8765
  ent_in_mean=0.4982
  ent_out_mean=0.2380
  final_discrete_mse=105.785973
  hash_match=False
  best_discrete_mse_seen=58.143875
Saved results to overnight_b094_j3.json
