Using device: cuda
Train rows: 10000 / Full rows: 10000, steps=700, lr=0.015
step     1/700 tau=1.0000 loss=1.064184 mse_soft=1.063410 ent_in=3.8712 ent_out=3.8712 rowmax_in=0.0213 rowmax_out=0.0213 discrete_mse=30.663534 best_discrete=30.663534 hash=False elapsed=0.5s
step    25/700 tau=0.8810 loss=0.972160 mse_soft=0.971400 ent_in=3.7935 ent_out=3.8056 rowmax_in=0.0333 rowmax_out=0.0321 discrete_mse=600.683838 best_discrete=30.663534 hash=False elapsed=2.5s
step    50/700 tau=0.7721 loss=0.785755 mse_soft=0.785047 ent_in=3.5162 ent_out=3.5676 rowmax_in=0.0573 rowmax_out=0.0538 discrete_mse=472.552185 best_discrete=30.663534 hash=False elapsed=4.7s
step    75/700 tau=0.6767 loss=0.642929 mse_soft=0.642292 ent_in=3.1338 ent_out=3.2339 rowmax_in=0.0955 rowmax_out=0.0906 discrete_mse=3011.689941 best_discrete=30.663534 hash=False elapsed=7.1s
step   100/700 tau=0.5931 loss=0.530210 mse_soft=0.529656 ent_in=2.7131 ent_out=2.8269 rowmax_in=0.1858 rowmax_out=0.1636 discrete_mse=761.455688 best_discrete=30.663534 hash=False elapsed=9.3s
step   125/700 tau=0.5198 loss=0.435426 mse_soft=0.434990 ent_in=2.1750 ent_out=2.1822 rowmax_in=0.3153 rowmax_out=0.3167 discrete_mse=297.011505 best_discrete=30.663534 hash=False elapsed=11.5s
step   150/700 tau=0.4555 loss=0.367451 mse_soft=0.367121 ent_in=1.7550 ent_out=1.5485 rowmax_in=0.4099 rowmax_out=0.4855 discrete_mse=646.896606 best_discrete=30.663534 hash=False elapsed=13.7s
step   175/700 tau=0.3992 loss=0.333005 mse_soft=0.332754 ent_in=1.4941 ent_out=1.0119 rowmax_in=0.4622 rowmax_out=0.6528 discrete_mse=141.879715 best_discrete=30.663534 hash=False elapsed=16.1s
step   200/700 tau=0.3499 loss=0.312180 mse_soft=0.311980 ent_in=1.3397 ent_out=0.6519 rowmax_in=0.4972 rowmax_out=0.7801 discrete_mse=203.186737 best_discrete=30.663534 hash=False elapsed=18.3s
step   225/700 tau=0.3066 loss=0.299294 mse_soft=0.299121 ent_in=1.2608 ent_out=0.4676 rowmax_in=0.5057 rowmax_out=0.8339 discrete_mse=243.320343 best_discrete=30.663534 hash=False elapsed=20.5s
step   250/700 tau=0.2687 loss=0.292915 mse_soft=0.292755 ent_in=1.2013 ent_out=0.3988 rowmax_in=0.5178 rowmax_out=0.8509 discrete_mse=493.347046 best_discrete=30.663534 hash=False elapsed=22.7s
step   275/700 tau=0.2355 loss=0.291348 mse_soft=0.291196 ent_in=1.1676 ent_out=0.3473 rowmax_in=0.5216 rowmax_out=0.8634 discrete_mse=1326.281006 best_discrete=30.663534 hash=False elapsed=24.9s
step   300/700 tau=0.2064 loss=0.287666 mse_soft=0.287521 ent_in=1.1303 ent_out=0.3172 rowmax_in=0.5276 rowmax_out=0.8683 discrete_mse=609.379761 best_discrete=30.663534 hash=False elapsed=26.9s
step   325/700 tau=0.1809 loss=0.286148 mse_soft=0.286006 ent_in=1.1175 ent_out=0.2987 rowmax_in=0.5285 rowmax_out=0.8726 discrete_mse=1185.600098 best_discrete=30.663534 hash=False elapsed=29.0s
step   350/700 tau=0.1585 loss=0.285826 mse_soft=0.285686 ent_in=1.1118 ent_out=0.2886 rowmax_in=0.5295 rowmax_out=0.8754 discrete_mse=1269.297119 best_discrete=30.663534 hash=False elapsed=31.3s
step   375/700 tau=0.1389 loss=0.286165 mse_soft=0.286026 ent_in=1.1034 ent_out=0.2841 rowmax_in=0.5314 rowmax_out=0.8760 discrete_mse=1185.600098 best_discrete=30.663534 hash=False elapsed=33.6s
step   400/700 tau=0.1218 loss=0.283319 mse_soft=0.283181 ent_in=1.0961 ent_out=0.2773 rowmax_in=0.5314 rowmax_out=0.8768 discrete_mse=1185.600098 best_discrete=30.663534 hash=False elapsed=35.7s
step   425/700 tau=0.1067 loss=0.287400 mse_soft=0.287264 ent_in=1.0871 ent_out=0.2717 rowmax_in=0.5331 rowmax_out=0.8781 discrete_mse=391.845734 best_discrete=30.663534 hash=False elapsed=38.0s
step   450/700 tau=0.0935 loss=0.288187 mse_soft=0.288052 ent_in=1.0818 ent_out=0.2664 rowmax_in=0.5324 rowmax_out=0.8802 discrete_mse=391.845734 best_discrete=30.663534 hash=False elapsed=40.2s
step   475/700 tau=0.0820 loss=0.283801 mse_soft=0.283668 ent_in=1.0765 ent_out=0.2578 rowmax_in=0.5328 rowmax_out=0.8829 discrete_mse=702.497375 best_discrete=30.663534 hash=False elapsed=42.3s
step   500/700 tau=0.0718 loss=0.288345 mse_soft=0.288212 ent_in=1.0765 ent_out=0.2534 rowmax_in=0.5306 rowmax_out=0.8834 discrete_mse=702.497375 best_discrete=30.663534 hash=False elapsed=44.4s
step   525/700 tau=0.0630 loss=0.286921 mse_soft=0.286788 ent_in=1.0771 ent_out=0.2498 rowmax_in=0.5281 rowmax_out=0.8840 discrete_mse=702.497375 best_discrete=30.663534 hash=False elapsed=46.6s
step   550/700 tau=0.0552 loss=0.290057 mse_soft=0.289926 ent_in=1.0758 ent_out=0.2422 rowmax_in=0.5284 rowmax_out=0.8873 discrete_mse=702.497375 best_discrete=30.663534 hash=False elapsed=48.9s
step   575/700 tau=0.0484 loss=0.287869 mse_soft=0.287737 ent_in=1.0739 ent_out=0.2428 rowmax_in=0.5266 rowmax_out=0.8880 discrete_mse=391.845734 best_discrete=30.663534 hash=False elapsed=51.1s
step   600/700 tau=0.0424 loss=0.294390 mse_soft=0.294259 ent_in=1.0752 ent_out=0.2368 rowmax_in=0.5256 rowmax_out=0.8889 discrete_mse=739.530884 best_discrete=30.663534 hash=False elapsed=53.2s
step   625/700 tau=0.0371 loss=0.316998 mse_soft=0.316887 ent_in=0.9043 ent_out=0.2042 rowmax_in=0.5975 rowmax_out=0.8949 discrete_mse=101.057045 best_discrete=30.663534 hash=False elapsed=55.3s
step   650/700 tau=0.0325 loss=0.297651 mse_soft=0.297542 ent_in=0.8891 ent_out=0.1966 rowmax_in=0.5889 rowmax_out=0.8947 discrete_mse=108.062119 best_discrete=30.663534 hash=False elapsed=57.8s
step   675/700 tau=0.0285 loss=0.354951 mse_soft=0.354847 ent_in=0.8592 ent_out=0.1791 rowmax_in=0.5957 rowmax_out=0.9161 discrete_mse=13.426266 best_discrete=13.426266 hash=False elapsed=60.3s
step   700/700 tau=0.0250 loss=0.364735 mse_soft=0.364660 ent_in=0.5910 ent_out=0.1640 rowmax_in=0.7142 rowmax_out=0.9180 discrete_mse=187.343338 best_discrete=13.426266 hash=False elapsed=62.5s

Final metrics:
  soft_mse_full=0.361281
  rowmax_in_mean=0.7140
  rowmax_out_mean=0.9158
  ent_in_mean=0.5905
  ent_out_mean=0.1653
  final_discrete_mse=152.565552
  hash_match=False
  best_discrete_mse_seen=13.426266
Saved results to overnight_b076_j4.json
