Using device: cuda
Train rows: 10000 / Full rows: 10000, steps=700, lr=0.015
step     1/700 tau=1.0000 loss=1.064190 mse_soft=1.063416 ent_in=3.8712 ent_out=3.8712 rowmax_in=0.0213 rowmax_out=0.0213 discrete_mse=32.987526 best_discrete=32.987526 hash=False elapsed=0.5s
step    25/700 tau=0.8810 loss=0.971921 mse_soft=0.971161 ent_in=3.7931 ent_out=3.8053 rowmax_in=0.0332 rowmax_out=0.0322 discrete_mse=680.717468 best_discrete=32.987526 hash=False elapsed=2.6s
step    50/700 tau=0.7721 loss=0.786826 mse_soft=0.786118 ent_in=3.5146 ent_out=3.5664 rowmax_in=0.0574 rowmax_out=0.0548 discrete_mse=4724.883301 best_discrete=32.987526 hash=False elapsed=5.0s
step    75/700 tau=0.6767 loss=0.643860 mse_soft=0.643223 ent_in=3.1295 ent_out=3.2347 rowmax_in=0.0970 rowmax_out=0.0932 discrete_mse=4785.635254 best_discrete=32.987526 hash=False elapsed=7.4s
step   100/700 tau=0.5931 loss=0.534626 mse_soft=0.534069 ent_in=2.7283 ent_out=2.8341 rowmax_in=0.1745 rowmax_out=0.1659 discrete_mse=762.061768 best_discrete=32.987526 hash=False elapsed=9.8s
step   125/700 tau=0.5198 loss=0.433946 mse_soft=0.433506 ent_in=2.2096 ent_out=2.1875 rowmax_in=0.2916 rowmax_out=0.3236 discrete_mse=3235.168457 best_discrete=32.987526 hash=False elapsed=12.3s
step   150/700 tau=0.4555 loss=0.364763 mse_soft=0.364435 ent_in=1.7368 ent_out=1.5364 rowmax_in=0.3984 rowmax_out=0.5063 discrete_mse=1521.866821 best_discrete=32.987526 hash=False elapsed=14.6s
step   175/700 tau=0.3992 loss=0.331562 mse_soft=0.331302 ent_in=1.5200 ent_out=1.0747 rowmax_in=0.4383 rowmax_out=0.6317 discrete_mse=1460.735474 best_discrete=32.987526 hash=False elapsed=17.0s
step   200/700 tau=0.3499 loss=0.313293 mse_soft=0.313079 ent_in=1.3742 ent_out=0.7581 rowmax_in=0.4828 rowmax_out=0.7361 discrete_mse=1618.509399 best_discrete=32.987526 hash=False elapsed=19.2s
step   225/700 tau=0.3066 loss=0.302383 mse_soft=0.302197 ent_in=1.2950 ent_out=0.5624 rowmax_in=0.4871 rowmax_out=0.7950 discrete_mse=783.227783 best_discrete=32.987526 hash=False elapsed=21.3s
step   250/700 tau=0.2687 loss=0.296213 mse_soft=0.296043 ent_in=1.2514 ent_out=0.4471 rowmax_in=0.4863 rowmax_out=0.8227 discrete_mse=975.649658 best_discrete=32.987526 hash=False elapsed=23.5s
step   275/700 tau=0.2355 loss=0.294619 mse_soft=0.294459 ent_in=1.2274 ent_out=0.3798 rowmax_in=0.4887 rowmax_out=0.8435 discrete_mse=554.114014 best_discrete=32.987526 hash=False elapsed=25.7s
step   300/700 tau=0.2064 loss=0.290994 mse_soft=0.290840 ent_in=1.2060 ent_out=0.3432 rowmax_in=0.4928 rowmax_out=0.8541 discrete_mse=56.664700 best_discrete=32.987526 hash=False elapsed=27.9s
step   325/700 tau=0.1809 loss=0.287855 mse_soft=0.287706 ent_in=1.1754 ent_out=0.3180 rowmax_in=0.4992 rowmax_out=0.8658 discrete_mse=139.749268 best_discrete=32.987526 hash=False elapsed=30.1s
step   350/700 tau=0.1585 loss=0.287436 mse_soft=0.287290 ent_in=1.1528 ent_out=0.3068 rowmax_in=0.5058 rowmax_out=0.8705 discrete_mse=198.070633 best_discrete=32.987526 hash=False elapsed=32.2s
step   375/700 tau=0.1389 loss=0.285635 mse_soft=0.285491 ent_in=1.1392 ent_out=0.2974 rowmax_in=0.5109 rowmax_out=0.8769 discrete_mse=70.116020 best_discrete=32.987526 hash=False elapsed=34.3s
step   400/700 tau=0.1218 loss=0.283135 mse_soft=0.282994 ent_in=1.1271 ent_out=0.2855 rowmax_in=0.5130 rowmax_out=0.8824 discrete_mse=102.522797 best_discrete=32.987526 hash=False elapsed=36.7s
step   425/700 tau=0.1067 loss=0.288310 mse_soft=0.288171 ent_in=1.1197 ent_out=0.2669 rowmax_in=0.5111 rowmax_out=0.8892 discrete_mse=102.522797 best_discrete=32.987526 hash=False elapsed=38.9s
step   450/700 tau=0.0935 loss=0.282423 mse_soft=0.282287 ent_in=1.1110 ent_out=0.2475 rowmax_in=0.5104 rowmax_out=0.8944 discrete_mse=102.522797 best_discrete=32.987526 hash=False elapsed=41.1s
step   475/700 tau=0.0820 loss=0.286521 mse_soft=0.286389 ent_in=1.0889 ent_out=0.2357 rowmax_in=0.5153 rowmax_out=0.8976 discrete_mse=95.683235 best_discrete=32.987526 hash=False elapsed=43.5s
step   500/700 tau=0.0718 loss=0.284123 mse_soft=0.283991 ent_in=1.1001 ent_out=0.2283 rowmax_in=0.5101 rowmax_out=0.9020 discrete_mse=102.522797 best_discrete=32.987526 hash=False elapsed=46.0s
step   525/700 tau=0.0630 loss=0.292430 mse_soft=0.292298 ent_in=1.0935 ent_out=0.2236 rowmax_in=0.5121 rowmax_out=0.9030 discrete_mse=87.462807 best_discrete=32.987526 hash=False elapsed=48.1s
step   550/700 tau=0.0552 loss=0.288517 mse_soft=0.288385 ent_in=1.0898 ent_out=0.2208 rowmax_in=0.5105 rowmax_out=0.9047 discrete_mse=87.462807 best_discrete=32.987526 hash=False elapsed=50.2s
step   575/700 tau=0.0484 loss=0.294560 mse_soft=0.294430 ent_in=1.0833 ent_out=0.2159 rowmax_in=0.5121 rowmax_out=0.9059 discrete_mse=87.462807 best_discrete=32.987526 hash=False elapsed=52.3s
step   600/700 tau=0.0424 loss=0.287388 mse_soft=0.287261 ent_in=1.0661 ent_out=0.2036 rowmax_in=0.5203 rowmax_out=0.9099 discrete_mse=94.813850 best_discrete=32.987526 hash=False elapsed=54.5s
step   625/700 tau=0.0371 loss=0.312209 mse_soft=0.312090 ent_in=1.0012 ent_out=0.1841 rowmax_in=0.5512 rowmax_out=0.9136 discrete_mse=79.376976 best_discrete=32.987526 hash=False elapsed=56.6s
step   650/700 tau=0.0325 loss=0.293530 mse_soft=0.293414 ent_in=0.9891 ent_out=0.1696 rowmax_in=0.5443 rowmax_out=0.9205 discrete_mse=33.999237 best_discrete=32.987526 hash=False elapsed=58.8s
step   675/700 tau=0.0285 loss=0.323496 mse_soft=0.323388 ent_in=0.9118 ent_out=0.1700 rowmax_in=0.5798 rowmax_out=0.9176 discrete_mse=141.495514 best_discrete=32.987526 hash=False elapsed=60.9s
step   700/700 tau=0.0250 loss=0.344430 mse_soft=0.344341 ent_in=0.7336 ent_out=0.1511 rowmax_in=0.6528 rowmax_out=0.9220 discrete_mse=6.785193 best_discrete=6.785193 hash=False elapsed=62.9s

Final metrics:
  soft_mse_full=0.365219
  rowmax_in_mean=0.6519
  rowmax_out_mean=0.9211
  ent_in_mean=0.7249
  ent_out_mean=0.1499
  final_discrete_mse=14.446341
  hash_match=False
  best_discrete_mse_seen=6.785193
Saved results to overnight_b211_j4.json
