Using device: cuda
Train rows: 4096 / Full rows: 10000, steps=900, lr=0.03
step     1/900 tau=1.0000 loss=1.049530 mse_soft=1.047208 ent_in=3.8712 ent_out=3.8712 rowmax_in=0.0213 rowmax_out=0.0213 discrete_mse=16.543102 best_discrete=16.543102 hash=False elapsed=0.5s
step    25/900 tau=0.9090 loss=0.852762 mse_soft=0.850573 ent_in=3.6322 ent_out=3.6647 rowmax_in=0.0458 rowmax_out=0.0448 discrete_mse=829.457275 best_discrete=16.543102 hash=False elapsed=2.8s
step    50/900 tau=0.8229 loss=0.641724 mse_soft=0.639821 ent_in=3.1308 ent_out=3.2093 rowmax_in=0.0921 rowmax_out=0.0914 discrete_mse=3744.275879 best_discrete=16.543102 hash=False elapsed=5.3s
step    75/900 tau=0.7450 loss=0.500647 mse_soft=0.499065 ent_in=2.6123 ent_out=2.6602 rowmax_in=0.2023 rowmax_out=0.1979 discrete_mse=11742.975586 best_discrete=16.543102 hash=False elapsed=7.8s
step   100/900 tau=0.6745 loss=0.392140 mse_soft=0.390971 ent_in=2.0203 ent_out=1.8758 rowmax_in=0.3273 rowmax_out=0.3983 discrete_mse=2529.582031 best_discrete=16.543102 hash=False elapsed=10.2s
step   125/900 tau=0.6107 loss=0.332074 mse_soft=0.331222 ent_in=1.5991 ent_out=1.2411 rowmax_in=0.4295 rowmax_out=0.5893 discrete_mse=85.313858 best_discrete=16.543102 hash=False elapsed=12.6s
step   150/900 tau=0.5529 loss=0.306337 mse_soft=0.305629 ent_in=1.4395 ent_out=0.9217 rowmax_in=0.4586 rowmax_out=0.6714 discrete_mse=3072.306641 best_discrete=16.543102 hash=False elapsed=15.0s
step   175/900 tau=0.5006 loss=0.293509 mse_soft=0.292886 ent_in=1.3416 ent_out=0.7362 rowmax_in=0.4737 rowmax_out=0.7235 discrete_mse=2793.843994 best_discrete=16.543102 hash=False elapsed=17.5s
step   200/900 tau=0.4532 loss=0.289748 mse_soft=0.289174 ent_in=1.2701 ent_out=0.6442 rowmax_in=0.4879 rowmax_out=0.7441 discrete_mse=3847.769043 best_discrete=16.543102 hash=False elapsed=19.9s
step   225/900 tau=0.4103 loss=0.281073 mse_soft=0.280530 ent_in=1.2234 ent_out=0.5862 rowmax_in=0.4964 rowmax_out=0.7530 discrete_mse=1840.203979 best_discrete=16.543102 hash=False elapsed=22.4s
step   250/900 tau=0.3715 loss=0.279298 mse_soft=0.278779 ent_in=1.1905 ent_out=0.5396 rowmax_in=0.5014 rowmax_out=0.7658 discrete_mse=636.417664 best_discrete=16.543102 hash=False elapsed=24.5s
step   275/900 tau=0.3363 loss=0.279171 mse_soft=0.278669 ent_in=1.1762 ent_out=0.4988 rowmax_in=0.5001 rowmax_out=0.7843 discrete_mse=636.417664 best_discrete=16.543102 hash=False elapsed=26.6s
step   300/900 tau=0.3045 loss=0.274596 mse_soft=0.274107 ent_in=1.1624 ent_out=0.4684 rowmax_in=0.5003 rowmax_out=0.7969 discrete_mse=1119.341187 best_discrete=16.543102 hash=False elapsed=28.9s
step   325/900 tau=0.2756 loss=0.274975 mse_soft=0.274494 ent_in=1.1503 ent_out=0.4531 rowmax_in=0.5021 rowmax_out=0.8012 discrete_mse=129.719879 best_discrete=16.543102 hash=False elapsed=31.3s
step   350/900 tau=0.2496 loss=0.273800 mse_soft=0.273330 ent_in=1.1351 ent_out=0.4310 rowmax_in=0.5063 rowmax_out=0.8092 discrete_mse=129.719879 best_discrete=16.543102 hash=False elapsed=33.4s
step   375/900 tau=0.2259 loss=0.270446 mse_soft=0.269983 ent_in=1.1219 ent_out=0.4230 rowmax_in=0.5091 rowmax_out=0.8099 discrete_mse=942.106384 best_discrete=16.543102 hash=False elapsed=35.6s
step   400/900 tau=0.2046 loss=0.273028 mse_soft=0.272567 ent_in=1.1125 ent_out=0.4211 rowmax_in=0.5109 rowmax_out=0.8081 discrete_mse=697.613953 best_discrete=16.543102 hash=False elapsed=37.7s
step   425/900 tau=0.1852 loss=0.273781 mse_soft=0.273325 ent_in=1.1070 ent_out=0.4134 rowmax_in=0.5123 rowmax_out=0.8114 discrete_mse=431.102783 best_discrete=16.543102 hash=False elapsed=39.7s
step   450/900 tau=0.1677 loss=0.272754 mse_soft=0.272298 ent_in=1.1008 ent_out=0.4169 rowmax_in=0.5137 rowmax_out=0.8077 discrete_mse=835.368958 best_discrete=16.543102 hash=False elapsed=41.9s
step   475/900 tau=0.1518 loss=0.278365 mse_soft=0.277912 ent_in=1.0954 ent_out=0.4162 rowmax_in=0.5152 rowmax_out=0.8067 discrete_mse=485.199585 best_discrete=16.543102 hash=False elapsed=44.1s
step   500/900 tau=0.1374 loss=0.270496 mse_soft=0.270043 ent_in=1.0928 ent_out=0.4162 rowmax_in=0.5136 rowmax_out=0.8054 discrete_mse=431.102783 best_discrete=16.543102 hash=False elapsed=46.4s
step   525/900 tau=0.1244 loss=0.277664 mse_soft=0.277212 ent_in=1.0867 ent_out=0.4198 rowmax_in=0.5156 rowmax_out=0.7953 discrete_mse=209.616776 best_discrete=16.543102 hash=False elapsed=48.7s
step   550/900 tau=0.1126 loss=0.277262 mse_soft=0.276813 ent_in=1.0840 ent_out=0.4128 rowmax_in=0.5159 rowmax_out=0.8030 discrete_mse=467.938690 best_discrete=16.543102 hash=False elapsed=51.2s
step   575/900 tau=0.1020 loss=0.271020 mse_soft=0.270572 ent_in=1.0823 ent_out=0.4130 rowmax_in=0.5149 rowmax_out=0.7958 discrete_mse=209.616776 best_discrete=16.543102 hash=False elapsed=53.4s
step   600/900 tau=0.0923 loss=0.284402 mse_soft=0.283960 ent_in=1.0773 ent_out=0.3956 rowmax_in=0.5162 rowmax_out=0.8050 discrete_mse=97.200775 best_discrete=16.543102 hash=False elapsed=55.8s
step   625/900 tau=0.0836 loss=0.301216 mse_soft=0.300787 ent_in=1.0644 ent_out=0.3655 rowmax_in=0.5259 rowmax_out=0.8318 discrete_mse=48.787354 best_discrete=16.543102 hash=False elapsed=58.0s
step   650/900 tau=0.0757 loss=0.351194 mse_soft=0.350809 ent_in=0.9731 ent_out=0.3115 rowmax_in=0.5611 rowmax_out=0.8601 discrete_mse=51.928574 best_discrete=16.543102 hash=False elapsed=60.4s
step   675/900 tau=0.0685 loss=0.310378 mse_soft=0.310034 ent_in=0.9072 ent_out=0.2408 rowmax_in=0.5803 rowmax_out=0.8892 discrete_mse=66.634018 best_discrete=16.543102 hash=False elapsed=62.9s
step   700/900 tau=0.0620 loss=0.295115 mse_soft=0.294776 ent_in=0.8933 ent_out=0.2373 rowmax_in=0.5761 rowmax_out=0.8852 discrete_mse=68.114868 best_discrete=16.543102 hash=False elapsed=65.4s
step   725/900 tau=0.0562 loss=0.287310 mse_soft=0.286973 ent_in=0.8887 ent_out=0.2338 rowmax_in=0.5728 rowmax_out=0.8895 discrete_mse=81.077126 best_discrete=16.543102 hash=False elapsed=67.6s
step   750/900 tau=0.0508 loss=0.428227 mse_soft=0.427936 ent_in=0.7420 ent_out=0.2284 rowmax_in=0.6678 rowmax_out=0.8957 discrete_mse=9.261253 best_discrete=9.261253 hash=False elapsed=69.8s
step   775/900 tau=0.0460 loss=0.475078 mse_soft=0.474907 ent_in=0.4002 ent_out=0.1692 rowmax_in=0.8066 rowmax_out=0.9291 discrete_mse=1.041846 best_discrete=1.041846 hash=False elapsed=72.0s
step   800/900 tau=0.0417 loss=0.425062 mse_soft=0.424907 ent_in=0.3653 ent_out=0.1519 rowmax_in=0.8261 rowmax_out=0.9256 discrete_mse=1.251509 best_discrete=1.041846 hash=False elapsed=74.3s
step   825/900 tau=0.0377 loss=0.401125 mse_soft=0.400951 ent_in=0.3687 ent_out=0.2102 rowmax_in=0.8222 rowmax_out=0.8929 discrete_mse=5.044158 best_discrete=1.041846 hash=False elapsed=76.7s
step   850/900 tau=0.0342 loss=0.392888 mse_soft=0.392708 ent_in=0.3859 ent_out=0.2140 rowmax_in=0.8164 rowmax_out=0.8758 discrete_mse=1.134314 best_discrete=1.041846 hash=False elapsed=79.0s
step   875/900 tau=0.0309 loss=0.388137 mse_soft=0.387959 ent_in=0.3941 ent_out=0.2006 rowmax_in=0.8085 rowmax_out=0.8821 discrete_mse=16.736153 best_discrete=1.041846 hash=False elapsed=81.2s
step   900/900 tau=0.0280 loss=0.383885 mse_soft=0.383711 ent_in=0.3831 ent_out=0.1957 rowmax_in=0.8134 rowmax_out=0.8830 discrete_mse=2.605107 best_discrete=1.041846 hash=False elapsed=83.4s

Final metrics:
  soft_mse_full=0.395910
  rowmax_in_mean=0.8137
  rowmax_out_mean=0.8825
  ent_in_mean=0.3823
  ent_out_mean=0.1958
  final_discrete_mse=2.605107
  hash_match=False
  best_discrete_mse_seen=1.041846
Saved results to overnight_b219_j2.json
