Using device: cuda
Train rows: 10000 / Full rows: 10000, steps=700, lr=0.015
step     1/700 tau=1.0000 loss=1.064167 mse_soft=1.063393 ent_in=3.8712 ent_out=3.8712 rowmax_in=0.0213 rowmax_out=0.0213 discrete_mse=20.468277 best_discrete=20.468277 hash=False elapsed=0.5s
step    25/700 tau=0.8810 loss=0.971713 mse_soft=0.970953 ent_in=3.7930 ent_out=3.8054 rowmax_in=0.0331 rowmax_out=0.0322 discrete_mse=2105.030029 best_discrete=20.468277 hash=False elapsed=2.7s
step    50/700 tau=0.7721 loss=0.785526 mse_soft=0.784818 ent_in=3.5148 ent_out=3.5655 rowmax_in=0.0567 rowmax_out=0.0543 discrete_mse=1227.419922 best_discrete=20.468277 hash=False elapsed=5.0s
step    75/700 tau=0.6767 loss=0.642567 mse_soft=0.641930 ent_in=3.1315 ent_out=3.2341 rowmax_in=0.0973 rowmax_out=0.0918 discrete_mse=7227.172852 best_discrete=20.468277 hash=False elapsed=7.2s
step   100/700 tau=0.5931 loss=0.532723 mse_soft=0.532171 ent_in=2.7120 ent_out=2.8175 rowmax_in=0.1831 rowmax_out=0.1754 discrete_mse=2594.406250 best_discrete=20.468277 hash=False elapsed=9.5s
step   125/700 tau=0.5198 loss=0.435981 mse_soft=0.435546 ent_in=2.1777 ent_out=2.1708 rowmax_in=0.3063 rowmax_out=0.3193 discrete_mse=2282.622559 best_discrete=20.468277 hash=False elapsed=11.8s
step   150/700 tau=0.4555 loss=0.366381 mse_soft=0.366057 ent_in=1.7154 ent_out=1.5215 rowmax_in=0.4195 rowmax_out=0.5020 discrete_mse=418.466583 best_discrete=20.468277 hash=False elapsed=13.9s
step   175/700 tau=0.3992 loss=0.331233 mse_soft=0.330977 ent_in=1.4602 ent_out=1.1019 rowmax_in=0.4683 rowmax_out=0.6211 discrete_mse=758.818359 best_discrete=20.468277 hash=False elapsed=16.0s
step   200/700 tau=0.3499 loss=0.314305 mse_soft=0.314086 ent_in=1.3304 ent_out=0.8621 rowmax_in=0.4939 rowmax_out=0.6811 discrete_mse=180.411026 best_discrete=20.468277 hash=False elapsed=18.1s
step   225/700 tau=0.3066 loss=0.304402 mse_soft=0.304210 ent_in=1.2361 ent_out=0.6892 rowmax_in=0.5183 rowmax_out=0.7296 discrete_mse=238.420319 best_discrete=20.468277 hash=False elapsed=20.4s
step   250/700 tau=0.2687 loss=0.299939 mse_soft=0.299762 ent_in=1.1787 ent_out=0.5980 rowmax_in=0.5275 rowmax_out=0.7504 discrete_mse=316.232727 best_discrete=20.468277 hash=False elapsed=22.8s
step   275/700 tau=0.2355 loss=0.293463 mse_soft=0.293296 ent_in=1.1240 ent_out=0.5556 rowmax_in=0.5403 rowmax_out=0.7525 discrete_mse=491.053589 best_discrete=20.468277 hash=False elapsed=25.0s
step   300/700 tau=0.2064 loss=0.290687 mse_soft=0.290525 ent_in=1.0846 ent_out=0.5376 rowmax_in=0.5509 rowmax_out=0.7504 discrete_mse=214.539566 best_discrete=20.468277 hash=False elapsed=27.1s
step   325/700 tau=0.1809 loss=0.289555 mse_soft=0.289396 ent_in=1.0613 ent_out=0.5322 rowmax_in=0.5547 rowmax_out=0.7504 discrete_mse=214.539566 best_discrete=20.468277 hash=False elapsed=29.2s
step   350/700 tau=0.1585 loss=0.288513 mse_soft=0.288356 ent_in=1.0439 ent_out=0.5273 rowmax_in=0.5581 rowmax_out=0.7513 discrete_mse=120.596046 best_discrete=20.468277 hash=False elapsed=31.5s
step   375/700 tau=0.1389 loss=0.291544 mse_soft=0.291388 ent_in=1.0380 ent_out=0.5210 rowmax_in=0.5575 rowmax_out=0.7523 discrete_mse=106.087997 best_discrete=20.468277 hash=False elapsed=33.7s
step   400/700 tau=0.1218 loss=0.290445 mse_soft=0.290291 ent_in=1.0316 ent_out=0.5117 rowmax_in=0.5590 rowmax_out=0.7562 discrete_mse=159.252975 best_discrete=20.468277 hash=False elapsed=35.8s
step   425/700 tau=0.1067 loss=0.288683 mse_soft=0.288531 ent_in=1.0153 ent_out=0.5034 rowmax_in=0.5637 rowmax_out=0.7590 discrete_mse=92.900375 best_discrete=20.468277 hash=False elapsed=37.9s
step   450/700 tau=0.0935 loss=0.291800 mse_soft=0.291650 ent_in=1.0057 ent_out=0.4966 rowmax_in=0.5662 rowmax_out=0.7621 discrete_mse=108.408157 best_discrete=20.468277 hash=False elapsed=40.0s
step   475/700 tau=0.0820 loss=0.286037 mse_soft=0.285888 ent_in=0.9978 ent_out=0.4921 rowmax_in=0.5676 rowmax_out=0.7643 discrete_mse=61.490860 best_discrete=20.468277 hash=False elapsed=42.1s
step   500/700 tau=0.0718 loss=0.313644 mse_soft=0.313494 ent_in=1.0154 ent_out=0.4819 rowmax_in=0.5477 rowmax_out=0.7651 discrete_mse=44.812721 best_discrete=20.468277 hash=False elapsed=44.3s
step   525/700 tau=0.0630 loss=0.294774 mse_soft=0.294634 ent_in=0.9366 ent_out=0.4615 rowmax_in=0.5845 rowmax_out=0.7711 discrete_mse=305.941254 best_discrete=20.468277 hash=False elapsed=46.4s
step   550/700 tau=0.0552 loss=0.298506 mse_soft=0.298365 ent_in=0.9472 ent_out=0.4591 rowmax_in=0.5757 rowmax_out=0.7744 discrete_mse=241.294220 best_discrete=20.468277 hash=False elapsed=48.5s
step   575/700 tau=0.0484 loss=0.289351 mse_soft=0.289212 ent_in=0.9413 ent_out=0.4554 rowmax_in=0.5749 rowmax_out=0.7756 discrete_mse=141.474045 best_discrete=20.468277 hash=False elapsed=50.7s
step   600/700 tau=0.0424 loss=0.300649 mse_soft=0.300510 ent_in=0.9341 ent_out=0.4566 rowmax_in=0.5756 rowmax_out=0.7729 discrete_mse=73.409058 best_discrete=20.468277 hash=False elapsed=52.9s
step   625/700 tau=0.0371 loss=0.295126 mse_soft=0.294990 ent_in=0.9066 ent_out=0.4544 rowmax_in=0.5902 rowmax_out=0.7767 discrete_mse=125.583298 best_discrete=20.468277 hash=False elapsed=55.0s
step   650/700 tau=0.0325 loss=0.338654 mse_soft=0.338551 ent_in=0.6728 ent_out=0.3581 rowmax_in=0.7054 rowmax_out=0.8190 discrete_mse=25.510517 best_discrete=20.468277 hash=False elapsed=57.1s
step   675/700 tau=0.0285 loss=0.363975 mse_soft=0.363874 ent_in=0.6575 ent_out=0.3572 rowmax_in=0.7029 rowmax_out=0.8163 discrete_mse=6.894164 best_discrete=6.894164 hash=False elapsed=59.2s
step   700/700 tau=0.0250 loss=0.335275 mse_soft=0.335182 ent_in=0.5992 ent_out=0.3307 rowmax_in=0.7237 rowmax_out=0.8315 discrete_mse=138.943924 best_discrete=6.894164 hash=False elapsed=61.4s

Final metrics:
  soft_mse_full=0.331472
  rowmax_in_mean=0.7097
  rowmax_out_mean=0.8298
  ent_in_mean=0.6154
  ent_out_mean=0.3324
  final_discrete_mse=138.943924
  hash_match=False
  best_discrete_mse_seen=6.894164
Saved results to overnight_b044_j4.json
