Using device: cuda
Train rows: 10000 / Full rows: 10000, steps=700, lr=0.015
step     1/700 tau=1.0000 loss=1.064139 mse_soft=1.063364 ent_in=3.8712 ent_out=3.8712 rowmax_in=0.0213 rowmax_out=0.0213 discrete_mse=48.213383 best_discrete=48.213383 hash=False elapsed=0.5s
step    25/700 tau=0.8810 loss=0.971914 mse_soft=0.971154 ent_in=3.7935 ent_out=3.8053 rowmax_in=0.0330 rowmax_out=0.0322 discrete_mse=3239.064697 best_discrete=48.213383 hash=False elapsed=3.0s
step    50/700 tau=0.7721 loss=0.786068 mse_soft=0.785360 ent_in=3.5143 ent_out=3.5669 rowmax_in=0.0572 rowmax_out=0.0545 discrete_mse=11374.409180 best_discrete=48.213383 hash=False elapsed=5.5s
step    75/700 tau=0.6767 loss=0.644794 mse_soft=0.644157 ent_in=3.1322 ent_out=3.2383 rowmax_in=0.0961 rowmax_out=0.0899 discrete_mse=4883.491699 best_discrete=48.213383 hash=False elapsed=7.9s
step   100/700 tau=0.5931 loss=0.537231 mse_soft=0.536676 ent_in=2.7315 ent_out=2.8254 rowmax_in=0.1768 rowmax_out=0.1678 discrete_mse=559.978821 best_discrete=48.213383 hash=False elapsed=10.3s
step   125/700 tau=0.5198 loss=0.440857 mse_soft=0.440419 ent_in=2.2351 ent_out=2.1494 rowmax_in=0.2898 rowmax_out=0.3307 discrete_mse=1314.535156 best_discrete=48.213383 hash=False elapsed=12.7s
step   150/700 tau=0.4555 loss=0.373920 mse_soft=0.373589 ent_in=1.7960 ent_out=1.5066 rowmax_in=0.3925 rowmax_out=0.5174 discrete_mse=1215.996704 best_discrete=48.213383 hash=False elapsed=15.3s
step   175/700 tau=0.3992 loss=0.333762 mse_soft=0.333504 ent_in=1.5287 ent_out=1.0431 rowmax_in=0.4430 rowmax_out=0.6473 discrete_mse=978.601746 best_discrete=48.213383 hash=False elapsed=17.7s
step   200/700 tau=0.3499 loss=0.309488 mse_soft=0.309282 ent_in=1.3354 ent_out=0.7322 rowmax_in=0.4875 rowmax_out=0.7316 discrete_mse=328.180298 best_discrete=48.213383 hash=False elapsed=20.1s
step   225/700 tau=0.3066 loss=0.295267 mse_soft=0.295093 ent_in=1.2202 ent_out=0.5265 rowmax_in=0.5128 rowmax_out=0.7967 discrete_mse=223.736115 best_discrete=48.213383 hash=False elapsed=22.6s
step   250/700 tau=0.2687 loss=0.289416 mse_soft=0.289257 ent_in=1.1423 ent_out=0.4500 rowmax_in=0.5299 rowmax_out=0.8137 discrete_mse=94.323967 best_discrete=48.213383 hash=False elapsed=25.0s
step   275/700 tau=0.2355 loss=0.285328 mse_soft=0.285176 ent_in=1.1015 ent_out=0.4169 rowmax_in=0.5385 rowmax_out=0.8218 discrete_mse=107.760574 best_discrete=48.213383 hash=False elapsed=27.6s
step   300/700 tau=0.2064 loss=0.283612 mse_soft=0.283467 ent_in=1.0723 ent_out=0.3825 rowmax_in=0.5467 rowmax_out=0.8313 discrete_mse=51.518295 best_discrete=48.213383 hash=False elapsed=29.9s
step   325/700 tau=0.1809 loss=0.283728 mse_soft=0.283586 ent_in=1.0594 ent_out=0.3645 rowmax_in=0.5485 rowmax_out=0.8351 discrete_mse=148.269562 best_discrete=48.213383 hash=False elapsed=32.3s
step   350/700 tau=0.1585 loss=0.282620 mse_soft=0.282479 ent_in=1.0473 ent_out=0.3600 rowmax_in=0.5497 rowmax_out=0.8353 discrete_mse=107.760574 best_discrete=48.213383 hash=False elapsed=34.8s
step   375/700 tau=0.1389 loss=0.281106 mse_soft=0.280967 ent_in=1.0405 ent_out=0.3543 rowmax_in=0.5503 rowmax_out=0.8345 discrete_mse=148.269562 best_discrete=48.213383 hash=False elapsed=37.0s
step   400/700 tau=0.1218 loss=0.283037 mse_soft=0.282898 ent_in=1.0364 ent_out=0.3486 rowmax_in=0.5528 rowmax_out=0.8346 discrete_mse=148.269562 best_discrete=48.213383 hash=False elapsed=39.5s
step   425/700 tau=0.1067 loss=0.281600 mse_soft=0.281462 ent_in=1.0364 ent_out=0.3431 rowmax_in=0.5505 rowmax_out=0.8363 discrete_mse=148.269562 best_discrete=48.213383 hash=False elapsed=41.8s
step   450/700 tau=0.0935 loss=0.282051 mse_soft=0.281914 ent_in=1.0285 ent_out=0.3362 rowmax_in=0.5529 rowmax_out=0.8385 discrete_mse=148.269562 best_discrete=48.213383 hash=False elapsed=44.2s
step   475/700 tau=0.0820 loss=0.282105 mse_soft=0.281969 ent_in=1.0279 ent_out=0.3310 rowmax_in=0.5494 rowmax_out=0.8401 discrete_mse=148.269562 best_discrete=48.213383 hash=False elapsed=46.5s
step   500/700 tau=0.0718 loss=0.289454 mse_soft=0.289319 ent_in=1.0199 ent_out=0.3263 rowmax_in=0.5518 rowmax_out=0.8421 discrete_mse=148.269562 best_discrete=48.213383 hash=False elapsed=48.8s
step   525/700 tau=0.0630 loss=0.284249 mse_soft=0.284115 ent_in=1.0141 ent_out=0.3292 rowmax_in=0.5539 rowmax_out=0.8426 discrete_mse=98.942169 best_discrete=48.213383 hash=False elapsed=51.3s
step   550/700 tau=0.0552 loss=0.301153 mse_soft=0.301028 ent_in=0.9532 ent_out=0.3022 rowmax_in=0.5778 rowmax_out=0.8588 discrete_mse=44.500927 best_discrete=44.500927 hash=False elapsed=53.5s
step   575/700 tau=0.0484 loss=0.287496 mse_soft=0.287374 ent_in=0.8976 ent_out=0.3191 rowmax_in=0.5962 rowmax_out=0.8377 discrete_mse=61.116123 best_discrete=44.500927 hash=False elapsed=55.9s
step   600/700 tau=0.0424 loss=0.291690 mse_soft=0.291568 ent_in=0.9035 ent_out=0.3168 rowmax_in=0.5867 rowmax_out=0.8392 discrete_mse=51.230885 best_discrete=44.500927 hash=False elapsed=58.3s
step   625/700 tau=0.0371 loss=0.304998 mse_soft=0.304877 ent_in=0.8941 ent_out=0.3117 rowmax_in=0.5867 rowmax_out=0.8446 discrete_mse=315.965790 best_discrete=44.500927 hash=False elapsed=60.7s
step   650/700 tau=0.0325 loss=0.337092 mse_soft=0.336993 ent_in=0.7416 ent_out=0.2511 rowmax_in=0.6557 rowmax_out=0.8810 discrete_mse=62.183800 best_discrete=44.500927 hash=False elapsed=63.0s
step   675/700 tau=0.0285 loss=0.310526 mse_soft=0.310427 ent_in=0.7366 ent_out=0.2576 rowmax_in=0.6182 rowmax_out=0.8630 discrete_mse=293.623566 best_discrete=44.500927 hash=False elapsed=65.5s
step   700/700 tau=0.0250 loss=0.331158 mse_soft=0.331064 ent_in=0.6901 ent_out=0.2544 rowmax_in=0.6601 rowmax_out=0.8869 discrete_mse=167.804367 best_discrete=44.500927 hash=False elapsed=67.8s

Final metrics:
  soft_mse_full=0.338694
  rowmax_in_mean=0.6695
  rowmax_out_mean=0.8814
  ent_in_mean=0.6755
  ent_out_mean=0.2618
  final_discrete_mse=166.051575
  hash_match=False
  best_discrete_mse_seen=44.500927
Saved results to overnight_b113_j4.json
