Using device: cuda
Train rows: 10000 / Full rows: 10000, steps=700, lr=0.015
step     1/700 tau=1.0000 loss=1.064270 mse_soft=1.063496 ent_in=3.8712 ent_out=3.8712 rowmax_in=0.0213 rowmax_out=0.0213 discrete_mse=76.831215 best_discrete=76.831215 hash=False elapsed=0.5s
step    25/700 tau=0.8810 loss=0.972070 mse_soft=0.971310 ent_in=3.7931 ent_out=3.8055 rowmax_in=0.0330 rowmax_out=0.0323 discrete_mse=2629.322754 best_discrete=76.831215 hash=False elapsed=2.8s
step    50/700 tau=0.7721 loss=0.787257 mse_soft=0.786549 ent_in=3.5149 ent_out=3.5633 rowmax_in=0.0575 rowmax_out=0.0547 discrete_mse=5152.076660 best_discrete=76.831215 hash=False elapsed=5.1s
step    75/700 tau=0.6767 loss=0.644875 mse_soft=0.644239 ent_in=3.1301 ent_out=3.2300 rowmax_in=0.0976 rowmax_out=0.0919 discrete_mse=9829.063477 best_discrete=76.831215 hash=False elapsed=7.5s
step   100/700 tau=0.5931 loss=0.536156 mse_soft=0.535601 ent_in=2.7207 ent_out=2.8259 rowmax_in=0.1789 rowmax_out=0.1656 discrete_mse=2617.255371 best_discrete=76.831215 hash=False elapsed=9.8s
step   125/700 tau=0.5198 loss=0.439302 mse_soft=0.438865 ent_in=2.1910 ent_out=2.1770 rowmax_in=0.3061 rowmax_out=0.3178 discrete_mse=3298.990479 best_discrete=76.831215 hash=False elapsed=12.1s
step   150/700 tau=0.4555 loss=0.364243 mse_soft=0.363928 ent_in=1.6623 ent_out=1.4806 rowmax_in=0.4483 rowmax_out=0.5118 discrete_mse=1009.708984 best_discrete=76.831215 hash=False elapsed=14.5s
step   175/700 tau=0.3992 loss=0.330576 mse_soft=0.330338 ent_in=1.3688 ent_out=1.0083 rowmax_in=0.5076 rowmax_out=0.6523 discrete_mse=1658.839600 best_discrete=76.831215 hash=False elapsed=16.9s
step   200/700 tau=0.3499 loss=0.311303 mse_soft=0.311102 ent_in=1.2320 ent_out=0.7750 rowmax_in=0.5300 rowmax_out=0.7190 discrete_mse=84.037613 best_discrete=76.831215 hash=False elapsed=19.3s
step   225/700 tau=0.3066 loss=0.301579 mse_soft=0.301403 ent_in=1.1249 ent_out=0.6270 rowmax_in=0.5436 rowmax_out=0.7571 discrete_mse=157.263947 best_discrete=76.831215 hash=False elapsed=21.7s
step   250/700 tau=0.2687 loss=0.295986 mse_soft=0.295823 ent_in=1.0889 ent_out=0.5454 rowmax_in=0.5462 rowmax_out=0.7771 discrete_mse=382.968750 best_discrete=76.831215 hash=False elapsed=24.2s
step   275/700 tau=0.2355 loss=0.291878 mse_soft=0.291721 ent_in=1.0816 ent_out=0.4819 rowmax_in=0.5428 rowmax_out=0.7922 discrete_mse=708.163086 best_discrete=76.831215 hash=False elapsed=26.6s
step   300/700 tau=0.2064 loss=0.290085 mse_soft=0.289934 ent_in=1.0664 ent_out=0.4436 rowmax_in=0.5424 rowmax_out=0.7952 discrete_mse=613.861328 best_discrete=76.831215 hash=False elapsed=29.1s
step   325/700 tau=0.1809 loss=0.289004 mse_soft=0.288857 ent_in=1.0474 ent_out=0.4226 rowmax_in=0.5450 rowmax_out=0.7993 discrete_mse=613.861328 best_discrete=76.831215 hash=False elapsed=31.7s
step   350/700 tau=0.1585 loss=0.287691 mse_soft=0.287547 ent_in=1.0370 ent_out=0.4075 rowmax_in=0.5483 rowmax_out=0.8023 discrete_mse=567.494324 best_discrete=76.831215 hash=False elapsed=34.3s
step   375/700 tau=0.1389 loss=0.288793 mse_soft=0.288650 ent_in=1.0288 ent_out=0.3946 rowmax_in=0.5503 rowmax_out=0.8040 discrete_mse=756.651245 best_discrete=76.831215 hash=False elapsed=37.0s
step   400/700 tau=0.1218 loss=0.288087 mse_soft=0.287947 ent_in=1.0204 ent_out=0.3876 rowmax_in=0.5536 rowmax_out=0.8066 discrete_mse=756.651245 best_discrete=76.831215 hash=False elapsed=39.6s
step   425/700 tau=0.1067 loss=0.286388 mse_soft=0.286249 ent_in=1.0102 ent_out=0.3851 rowmax_in=0.5556 rowmax_out=0.8065 discrete_mse=658.848267 best_discrete=76.831215 hash=False elapsed=41.7s
step   450/700 tau=0.0935 loss=0.289127 mse_soft=0.288988 ent_in=1.0016 ent_out=0.3868 rowmax_in=0.5551 rowmax_out=0.8052 discrete_mse=658.848267 best_discrete=76.831215 hash=False elapsed=44.2s
step   475/700 tau=0.0820 loss=0.289794 mse_soft=0.289656 ent_in=0.9907 ent_out=0.3899 rowmax_in=0.5569 rowmax_out=0.8029 discrete_mse=658.848267 best_discrete=76.831215 hash=False elapsed=46.7s
step   500/700 tau=0.0718 loss=0.290180 mse_soft=0.290042 ent_in=0.9821 ent_out=0.3926 rowmax_in=0.5559 rowmax_out=0.8010 discrete_mse=1263.200317 best_discrete=76.831215 hash=False elapsed=49.2s
step   525/700 tau=0.0630 loss=0.288434 mse_soft=0.288299 ent_in=0.9683 ent_out=0.3899 rowmax_in=0.5558 rowmax_out=0.8028 discrete_mse=364.830261 best_discrete=76.831215 hash=False elapsed=51.8s
step   550/700 tau=0.0552 loss=0.293197 mse_soft=0.293063 ent_in=0.9545 ent_out=0.3869 rowmax_in=0.5526 rowmax_out=0.8009 discrete_mse=372.605255 best_discrete=76.831215 hash=False elapsed=54.4s
step   575/700 tau=0.0484 loss=0.340661 mse_soft=0.340550 ent_in=0.8078 ent_out=0.3098 rowmax_in=0.6308 rowmax_out=0.8699 discrete_mse=110.343407 best_discrete=76.831215 hash=False elapsed=56.7s
step   600/700 tau=0.0424 loss=0.309132 mse_soft=0.309024 ent_in=0.7601 ent_out=0.3176 rowmax_in=0.6313 rowmax_out=0.8480 discrete_mse=17.932680 best_discrete=17.932680 hash=False elapsed=59.1s
step   625/700 tau=0.0371 loss=0.313879 mse_soft=0.313771 ent_in=0.7542 ent_out=0.3213 rowmax_in=0.6346 rowmax_out=0.8422 discrete_mse=41.505291 best_discrete=17.932680 hash=False elapsed=61.5s
step   650/700 tau=0.0325 loss=0.335204 mse_soft=0.335094 ent_in=0.7660 ent_out=0.3301 rowmax_in=0.6099 rowmax_out=0.8368 discrete_mse=29.956768 best_discrete=17.932680 hash=False elapsed=64.1s
step   675/700 tau=0.0285 loss=0.306265 mse_soft=0.306158 ent_in=0.7574 ent_out=0.3177 rowmax_in=0.6218 rowmax_out=0.8387 discrete_mse=12.356000 best_discrete=12.356000 hash=False elapsed=66.6s
step   700/700 tau=0.0250 loss=0.315010 mse_soft=0.314906 ent_in=0.7272 ent_out=0.3124 rowmax_in=0.6330 rowmax_out=0.8377 discrete_mse=1.947687 best_discrete=1.947687 hash=False elapsed=68.8s

Final metrics:
  soft_mse_full=0.332518
  rowmax_in_mean=0.6323
  rowmax_out_mean=0.8389
  ent_in_mean=0.7269
  ent_out_mean=0.3109
  final_discrete_mse=8.648571
  hash_match=False
  best_discrete_mse_seen=1.947687
Saved results to overnight_b087_j4.json
