Using device: cuda
Train rows: 10000 / Full rows: 10000, steps=700, lr=0.02
step     1/700 tau=1.0000 loss=1.065763 mse_soft=1.063440 ent_in=3.8712 ent_out=3.8712 rowmax_in=0.0213 rowmax_out=0.0213 discrete_mse=40.796696 best_discrete=40.796696 hash=False elapsed=0.5s
step    25/700 tau=0.8866 loss=0.935317 mse_soft=0.933066 ent_in=3.7423 ent_out=3.7627 rowmax_in=0.0373 rowmax_out=0.0362 discrete_mse=1712.387817 best_discrete=40.796696 hash=False elapsed=2.7s
step    50/700 tau=0.7821 loss=0.711435 mse_soft=0.709401 ent_in=3.3605 ent_out=3.4215 rowmax_in=0.0691 rowmax_out=0.0671 discrete_mse=7096.906250 best_discrete=40.796696 hash=False elapsed=5.2s
step    75/700 tau=0.6899 loss=0.584948 mse_soft=0.583151 ent_in=2.9366 ent_out=3.0510 rowmax_in=0.1320 rowmax_out=0.1240 discrete_mse=1925.965942 best_discrete=40.796696 hash=False elapsed=7.5s
step   100/700 tau=0.6086 loss=0.464483 mse_soft=0.463047 ent_in=2.3880 ent_out=2.4003 rowmax_in=0.2475 rowmax_out=0.2630 discrete_mse=1578.968750 best_discrete=40.796696 hash=False elapsed=9.7s
step   125/700 tau=0.5368 loss=0.379708 mse_soft=0.378651 ent_in=1.8475 ent_out=1.6732 rowmax_in=0.3897 rowmax_out=0.4605 discrete_mse=2060.685303 best_discrete=40.796696 hash=False elapsed=12.1s
step   150/700 tau=0.4736 loss=0.342910 mse_soft=0.342080 ent_in=1.5731 ent_out=1.1938 rowmax_in=0.4423 rowmax_out=0.5922 discrete_mse=154.284592 best_discrete=40.796696 hash=False elapsed=14.2s
step   175/700 tau=0.4177 loss=0.320412 mse_soft=0.319735 ent_in=1.4125 ent_out=0.8458 rowmax_in=0.4708 rowmax_out=0.7055 discrete_mse=2225.839355 best_discrete=40.796696 hash=False elapsed=16.4s
step   200/700 tau=0.3685 loss=0.307653 mse_soft=0.307069 ent_in=1.3155 ent_out=0.6325 rowmax_in=0.4893 rowmax_out=0.7721 discrete_mse=414.031921 best_discrete=40.796696 hash=False elapsed=18.5s
step   225/700 tau=0.3251 loss=0.300869 mse_soft=0.300338 ent_in=1.2458 ent_out=0.5241 rowmax_in=0.4980 rowmax_out=0.8036 discrete_mse=217.421249 best_discrete=40.796696 hash=False elapsed=20.7s
step   250/700 tau=0.2868 loss=0.297984 mse_soft=0.297474 ent_in=1.2013 ent_out=0.4974 rowmax_in=0.5014 rowmax_out=0.8022 discrete_mse=42.664486 best_discrete=40.796696 hash=False elapsed=23.2s
step   275/700 tau=0.2530 loss=0.296704 mse_soft=0.296209 ent_in=1.1760 ent_out=0.4748 rowmax_in=0.5061 rowmax_out=0.8018 discrete_mse=145.327728 best_discrete=40.796696 hash=False elapsed=25.5s
step   300/700 tau=0.2231 loss=0.294047 mse_soft=0.293559 ent_in=1.1620 ent_out=0.4643 rowmax_in=0.5072 rowmax_out=0.7996 discrete_mse=189.059525 best_discrete=40.796696 hash=False elapsed=28.0s
step   325/700 tau=0.1968 loss=0.292650 mse_soft=0.292169 ent_in=1.1552 ent_out=0.4484 rowmax_in=0.5066 rowmax_out=0.7994 discrete_mse=189.059525 best_discrete=40.796696 hash=False elapsed=30.4s
step   350/700 tau=0.1736 loss=0.289337 mse_soft=0.288861 ent_in=1.1509 ent_out=0.4349 rowmax_in=0.5048 rowmax_out=0.8026 discrete_mse=432.772095 best_discrete=40.796696 hash=False elapsed=32.8s
step   375/700 tau=0.1532 loss=0.290384 mse_soft=0.289914 ent_in=1.1454 ent_out=0.4207 rowmax_in=0.5037 rowmax_out=0.8092 discrete_mse=573.642822 best_discrete=40.796696 hash=False elapsed=35.4s
step   400/700 tau=0.1351 loss=0.292679 mse_soft=0.292214 ent_in=1.1402 ent_out=0.4110 rowmax_in=0.5049 rowmax_out=0.8144 discrete_mse=573.642822 best_discrete=40.796696 hash=False elapsed=37.5s
step   425/700 tau=0.1192 loss=0.299326 mse_soft=0.298863 ent_in=1.1409 ent_out=0.4009 rowmax_in=0.5038 rowmax_out=0.8190 discrete_mse=1353.390503 best_discrete=40.796696 hash=False elapsed=39.8s
step   450/700 tau=0.1051 loss=0.295734 mse_soft=0.295275 ent_in=1.1337 ent_out=0.3976 rowmax_in=0.5068 rowmax_out=0.8196 discrete_mse=1353.390503 best_discrete=40.796696 hash=False elapsed=42.1s
step   475/700 tau=0.0928 loss=0.292471 mse_soft=0.292015 ent_in=1.1262 ent_out=0.3946 rowmax_in=0.5095 rowmax_out=0.8202 discrete_mse=155.875153 best_discrete=40.796696 hash=False elapsed=44.5s
step   500/700 tau=0.0818 loss=0.295973 mse_soft=0.295518 ent_in=1.1192 ent_out=0.3973 rowmax_in=0.5127 rowmax_out=0.8154 discrete_mse=155.875153 best_discrete=40.796696 hash=False elapsed=46.9s
step   525/700 tau=0.0722 loss=0.305240 mse_soft=0.304791 ent_in=1.1043 ent_out=0.3938 rowmax_in=0.5150 rowmax_out=0.8147 discrete_mse=150.910233 best_discrete=40.796696 hash=False elapsed=49.1s
step   550/700 tau=0.0637 loss=0.297471 mse_soft=0.297026 ent_in=1.0952 ent_out=0.3879 rowmax_in=0.5175 rowmax_out=0.8186 discrete_mse=165.646622 best_discrete=40.796696 hash=False elapsed=51.2s
step   575/700 tau=0.0562 loss=0.303755 mse_soft=0.303319 ent_in=1.0764 ent_out=0.3785 rowmax_in=0.5219 rowmax_out=0.8213 discrete_mse=165.646622 best_discrete=40.796696 hash=False elapsed=53.5s
step   600/700 tau=0.0495 loss=0.336037 mse_soft=0.335614 ent_in=1.0460 ent_out=0.3612 rowmax_in=0.5296 rowmax_out=0.8267 discrete_mse=180.066620 best_discrete=40.796696 hash=False elapsed=55.6s
step   625/700 tau=0.0437 loss=0.304769 mse_soft=0.304353 ent_in=1.0331 ent_out=0.3527 rowmax_in=0.5379 rowmax_out=0.8299 discrete_mse=220.577194 best_discrete=40.796696 hash=False elapsed=58.0s
step   650/700 tau=0.0386 loss=0.380547 mse_soft=0.380213 ent_in=0.8349 ent_out=0.2784 rowmax_in=0.6357 rowmax_out=0.8739 discrete_mse=6.428164 best_discrete=6.428164 hash=False elapsed=60.2s
step   675/700 tau=0.0340 loss=0.347467 mse_soft=0.347216 ent_in=0.6417 ent_out=0.1953 rowmax_in=0.6851 rowmax_out=0.8995 discrete_mse=30.469740 best_discrete=6.428164 hash=False elapsed=62.5s
step   700/700 tau=0.0300 loss=0.332605 mse_soft=0.332349 ent_in=0.6507 ent_out=0.2031 rowmax_in=0.6727 rowmax_out=0.8851 discrete_mse=1.698679 best_discrete=1.698679 hash=False elapsed=64.8s

Final metrics:
  soft_mse_full=0.334787
  rowmax_in_mean=0.6768
  rowmax_out_mean=0.8843
  ent_in_mean=0.6489
  ent_out_mean=0.2069
  final_discrete_mse=6.742283
  hash_match=False
  best_discrete_mse_seen=1.698679
Saved results to overnight_b138_j3.json
