Using device: cuda
Train rows: 10000 / Full rows: 10000, steps=700, lr=0.02
step     1/700 tau=1.0000 loss=1.065774 mse_soft=1.063451 ent_in=3.8712 ent_out=3.8712 rowmax_in=0.0213 rowmax_out=0.0213 discrete_mse=47.088779 best_discrete=47.088779 hash=False elapsed=0.5s
step    25/700 tau=0.8866 loss=0.935360 mse_soft=0.933109 ent_in=3.7431 ent_out=3.7627 rowmax_in=0.0370 rowmax_out=0.0363 discrete_mse=44.352932 best_discrete=44.352932 hash=False elapsed=2.7s
step    50/700 tau=0.7821 loss=0.709678 mse_soft=0.707642 ent_in=3.3638 ent_out=3.4238 rowmax_in=0.0693 rowmax_out=0.0667 discrete_mse=4275.620117 best_discrete=44.352932 hash=False elapsed=5.0s
step    75/700 tau=0.6899 loss=0.584581 mse_soft=0.582783 ent_in=2.9437 ent_out=3.0489 rowmax_in=0.1325 rowmax_out=0.1251 discrete_mse=256.825958 best_discrete=44.352932 hash=False elapsed=7.4s
step   100/700 tau=0.6086 loss=0.471278 mse_soft=0.469838 ent_in=2.3906 ent_out=2.4081 rowmax_in=0.2584 rowmax_out=0.2580 discrete_mse=3546.248779 best_discrete=44.352932 hash=False elapsed=9.8s
step   125/700 tau=0.5368 loss=0.395327 mse_soft=0.394230 ent_in=1.9274 ent_out=1.7294 rowmax_in=0.3637 rowmax_out=0.4424 discrete_mse=515.329895 best_discrete=44.352932 hash=False elapsed=12.2s
step   150/700 tau=0.4736 loss=0.341399 mse_soft=0.340581 ent_in=1.5802 ent_out=1.1444 rowmax_in=0.4508 rowmax_out=0.6108 discrete_mse=1156.549805 best_discrete=44.352932 hash=False elapsed=14.4s
step   175/700 tau=0.4177 loss=0.320314 mse_soft=0.319631 ent_in=1.3898 ent_out=0.8855 rowmax_in=0.4827 rowmax_out=0.6757 discrete_mse=353.846558 best_discrete=44.352932 hash=False elapsed=16.5s
step   200/700 tau=0.3685 loss=0.310578 mse_soft=0.309965 ent_in=1.3007 ent_out=0.7422 rowmax_in=0.4955 rowmax_out=0.7107 discrete_mse=817.617310 best_discrete=44.352932 hash=False elapsed=18.6s
step   225/700 tau=0.3251 loss=0.302981 mse_soft=0.302416 ent_in=1.2414 ent_out=0.6421 rowmax_in=0.5045 rowmax_out=0.7491 discrete_mse=932.725586 best_discrete=44.352932 hash=False elapsed=20.9s
step   250/700 tau=0.2868 loss=0.297628 mse_soft=0.297098 ent_in=1.2001 ent_out=0.5681 rowmax_in=0.5148 rowmax_out=0.7645 discrete_mse=1450.499023 best_discrete=44.352932 hash=False elapsed=23.2s
step   275/700 tau=0.2530 loss=0.291266 mse_soft=0.290761 ent_in=1.1661 ent_out=0.5174 rowmax_in=0.5210 rowmax_out=0.7726 discrete_mse=715.229248 best_discrete=44.352932 hash=False elapsed=25.6s
step   300/700 tau=0.2231 loss=0.286670 mse_soft=0.286189 ent_in=1.1287 ent_out=0.4731 rowmax_in=0.5352 rowmax_out=0.7751 discrete_mse=1173.334595 best_discrete=44.352932 hash=False elapsed=27.8s
step   325/700 tau=0.1968 loss=0.285678 mse_soft=0.285211 ent_in=1.1070 ent_out=0.4496 rowmax_in=0.5392 rowmax_out=0.7829 discrete_mse=679.794861 best_discrete=44.352932 hash=False elapsed=30.1s
step   350/700 tau=0.1736 loss=0.288097 mse_soft=0.287638 ent_in=1.0893 ent_out=0.4418 rowmax_in=0.5429 rowmax_out=0.7867 discrete_mse=416.643311 best_discrete=44.352932 hash=False elapsed=32.6s
step   375/700 tau=0.1532 loss=0.283834 mse_soft=0.283378 ent_in=1.0799 ent_out=0.4420 rowmax_in=0.5416 rowmax_out=0.7908 discrete_mse=518.703064 best_discrete=44.352932 hash=False elapsed=34.9s
step   400/700 tau=0.1351 loss=0.281654 mse_soft=0.281199 ent_in=1.0714 ent_out=0.4460 rowmax_in=0.5418 rowmax_out=0.7924 discrete_mse=518.703064 best_discrete=44.352932 hash=False elapsed=37.1s
step   425/700 tau=0.1192 loss=0.289240 mse_soft=0.288788 ent_in=1.0623 ent_out=0.4434 rowmax_in=0.5439 rowmax_out=0.7926 discrete_mse=181.286316 best_discrete=44.352932 hash=False elapsed=39.4s
step   450/700 tau=0.1051 loss=0.288463 mse_soft=0.288016 ent_in=1.0533 ent_out=0.4352 rowmax_in=0.5462 rowmax_out=0.7973 discrete_mse=181.286316 best_discrete=44.352932 hash=False elapsed=41.7s
step   475/700 tau=0.0928 loss=0.283005 mse_soft=0.282564 ent_in=1.0443 ent_out=0.4257 rowmax_in=0.5478 rowmax_out=0.8015 discrete_mse=414.208038 best_discrete=44.352932 hash=False elapsed=43.7s
step   500/700 tau=0.0818 loss=0.299446 mse_soft=0.299010 ent_in=1.0293 ent_out=0.4244 rowmax_in=0.5527 rowmax_out=0.7986 discrete_mse=312.829407 best_discrete=44.352932 hash=False elapsed=45.9s
step   525/700 tau=0.0722 loss=0.332636 mse_soft=0.332219 ent_in=0.9916 ent_out=0.3960 rowmax_in=0.5677 rowmax_out=0.8160 discrete_mse=104.288986 best_discrete=44.352932 hash=False elapsed=48.1s
step   550/700 tau=0.0637 loss=0.302779 mse_soft=0.302386 ent_in=0.9098 ent_out=0.4004 rowmax_in=0.5965 rowmax_out=0.8018 discrete_mse=131.658722 best_discrete=44.352932 hash=False elapsed=50.5s
step   575/700 tau=0.0562 loss=0.288611 mse_soft=0.288224 ent_in=0.8977 ent_out=0.3910 rowmax_in=0.5963 rowmax_out=0.8068 discrete_mse=292.542999 best_discrete=44.352932 hash=False elapsed=52.9s
step   600/700 tau=0.0495 loss=0.287281 mse_soft=0.286900 ent_in=0.8887 ent_out=0.3810 rowmax_in=0.5996 rowmax_out=0.8086 discrete_mse=296.932953 best_discrete=44.352932 hash=False elapsed=55.2s
step   625/700 tau=0.0437 loss=0.316087 mse_soft=0.315754 ent_in=0.7674 ent_out=0.3416 rowmax_in=0.6455 rowmax_out=0.8292 discrete_mse=82.246513 best_discrete=44.352932 hash=False elapsed=57.4s
step   650/700 tau=0.0386 loss=0.314511 mse_soft=0.314193 ent_in=0.7834 ent_out=0.2781 rowmax_in=0.6263 rowmax_out=0.8710 discrete_mse=64.163086 best_discrete=44.352932 hash=False elapsed=59.8s
step   675/700 tau=0.0340 loss=0.332486 mse_soft=0.332191 ent_in=0.6989 ent_out=0.2831 rowmax_in=0.6796 rowmax_out=0.8662 discrete_mse=72.464546 best_discrete=44.352932 hash=False elapsed=62.2s
step   700/700 tau=0.0300 loss=0.385522 mse_soft=0.385303 ent_in=0.5177 ent_out=0.2147 rowmax_in=0.7290 rowmax_out=0.8978 discrete_mse=60.844772 best_discrete=44.352932 hash=False elapsed=64.6s

Final metrics:
  soft_mse_full=0.385053
  rowmax_in_mean=0.7296
  rowmax_out_mean=0.8952
  ent_in_mean=0.5178
  ent_out_mean=0.2187
  final_discrete_mse=114.736557
  hash_match=False
  best_discrete_mse_seen=44.352932
Saved results to overnight_b062_j3.json
