Using device: cuda
Train rows: 4096 / Full rows: 10000, steps=900, lr=0.03
step     1/900 tau=1.0000 loss=1.071127 mse_soft=1.068805 ent_in=3.8712 ent_out=3.8712 rowmax_in=0.0213 rowmax_out=0.0213 discrete_mse=47.310982 best_discrete=47.310982 hash=False elapsed=0.5s
step    25/900 tau=0.9106 loss=0.861881 mse_soft=0.859692 ent_in=3.6313 ent_out=3.6652 rowmax_in=0.0460 rowmax_out=0.0447 discrete_mse=1063.871460 best_discrete=47.310982 hash=False elapsed=3.0s
step    50/900 tau=0.8260 loss=0.637724 mse_soft=0.635822 ent_in=3.1244 ent_out=3.2130 rowmax_in=0.0912 rowmax_out=0.0890 discrete_mse=2773.187012 best_discrete=47.310982 hash=False elapsed=5.2s
step    75/900 tau=0.7493 loss=0.496249 mse_soft=0.494680 ent_in=2.5680 ent_out=2.6606 rowmax_in=0.2013 rowmax_out=0.1908 discrete_mse=157.296265 best_discrete=47.310982 hash=False elapsed=7.7s
step   100/900 tau=0.6797 loss=0.399459 mse_soft=0.398292 ent_in=1.9811 ent_out=1.9091 rowmax_in=0.3463 rowmax_out=0.3975 discrete_mse=2084.806396 best_discrete=47.310982 hash=False elapsed=10.0s
step   125/900 tau=0.6165 loss=0.341870 mse_soft=0.341030 ent_in=1.6451 ent_out=1.1560 rowmax_in=0.4251 rowmax_out=0.6304 discrete_mse=6669.843262 best_discrete=47.310982 hash=False elapsed=12.3s
step   150/900 tau=0.5592 loss=0.317123 mse_soft=0.316464 ent_in=1.4602 ent_out=0.7365 rowmax_in=0.4607 rowmax_out=0.7509 discrete_mse=740.109863 best_discrete=47.310982 hash=False elapsed=14.7s
step   175/900 tau=0.5073 loss=0.300270 mse_soft=0.299722 ent_in=1.3329 ent_out=0.4926 rowmax_in=0.4819 rowmax_out=0.8167 discrete_mse=295.904053 best_discrete=47.310982 hash=False elapsed=17.0s
step   200/900 tau=0.4602 loss=0.292632 mse_soft=0.292123 ent_in=1.2747 ent_out=0.4232 rowmax_in=0.4887 rowmax_out=0.8350 discrete_mse=307.344086 best_discrete=47.310982 hash=False elapsed=19.4s
step   225/900 tau=0.4174 loss=0.288587 mse_soft=0.288097 ent_in=1.2463 ent_out=0.3853 rowmax_in=0.4946 rowmax_out=0.8443 discrete_mse=766.251160 best_discrete=47.310982 hash=False elapsed=21.6s
step   250/900 tau=0.3786 loss=0.282196 mse_soft=0.281725 ent_in=1.2277 ent_out=0.3426 rowmax_in=0.4999 rowmax_out=0.8624 discrete_mse=821.139282 best_discrete=47.310982 hash=False elapsed=24.0s
step   275/900 tau=0.3434 loss=0.279341 mse_soft=0.278892 ent_in=1.1929 ent_out=0.3026 rowmax_in=0.5077 rowmax_out=0.8717 discrete_mse=753.539551 best_discrete=47.310982 hash=False elapsed=26.6s
step   300/900 tau=0.3115 loss=0.280417 mse_soft=0.279985 ent_in=1.1638 ent_out=0.2739 rowmax_in=0.5159 rowmax_out=0.8818 discrete_mse=645.007446 best_discrete=47.310982 hash=False elapsed=29.2s
step   325/900 tau=0.2826 loss=0.276270 mse_soft=0.275846 ent_in=1.1526 ent_out=0.2605 rowmax_in=0.5178 rowmax_out=0.8861 discrete_mse=293.793915 best_discrete=47.310982 hash=False elapsed=31.7s
step   350/900 tau=0.2563 loss=0.275214 mse_soft=0.274796 ent_in=1.1410 ent_out=0.2537 rowmax_in=0.5197 rowmax_out=0.8863 discrete_mse=227.738144 best_discrete=47.310982 hash=False elapsed=34.0s
step   375/900 tau=0.2325 loss=0.275394 mse_soft=0.274982 ent_in=1.1283 ent_out=0.2449 rowmax_in=0.5227 rowmax_out=0.8880 discrete_mse=246.260468 best_discrete=47.310982 hash=False elapsed=36.1s
step   400/900 tau=0.2109 loss=0.273614 mse_soft=0.273204 ent_in=1.1216 ent_out=0.2443 rowmax_in=0.5251 rowmax_out=0.8873 discrete_mse=297.049805 best_discrete=47.310982 hash=False elapsed=38.4s
step   425/900 tau=0.1913 loss=0.273588 mse_soft=0.273181 ent_in=1.1168 ent_out=0.2413 rowmax_in=0.5254 rowmax_out=0.8876 discrete_mse=297.049805 best_discrete=47.310982 hash=False elapsed=40.8s
step   450/900 tau=0.1735 loss=0.275548 mse_soft=0.275143 ent_in=1.1133 ent_out=0.2379 rowmax_in=0.5248 rowmax_out=0.8889 discrete_mse=246.260468 best_discrete=47.310982 hash=False elapsed=43.2s
step   475/900 tau=0.1574 loss=0.275634 mse_soft=0.275232 ent_in=1.1061 ent_out=0.2350 rowmax_in=0.5280 rowmax_out=0.8893 discrete_mse=220.181671 best_discrete=47.310982 hash=False elapsed=45.7s
step   500/900 tau=0.1428 loss=0.272174 mse_soft=0.271774 ent_in=1.1000 ent_out=0.2332 rowmax_in=0.5300 rowmax_out=0.8887 discrete_mse=198.101868 best_discrete=47.310982 hash=False elapsed=48.1s
step   525/900 tau=0.1295 loss=0.278681 mse_soft=0.278282 ent_in=1.0990 ent_out=0.2308 rowmax_in=0.5290 rowmax_out=0.8890 discrete_mse=220.181671 best_discrete=47.310982 hash=False elapsed=50.6s
step   550/900 tau=0.1175 loss=0.286825 mse_soft=0.286429 ent_in=1.0893 ent_out=0.2298 rowmax_in=0.5313 rowmax_out=0.8886 discrete_mse=596.856567 best_discrete=47.310982 hash=False elapsed=52.9s
step   575/900 tau=0.1066 loss=0.288019 mse_soft=0.287624 ent_in=1.0847 ent_out=0.2309 rowmax_in=0.5329 rowmax_out=0.8877 discrete_mse=195.998322 best_discrete=47.310982 hash=False elapsed=55.3s
step   600/900 tau=0.0967 loss=0.275192 mse_soft=0.274801 ent_in=1.0772 ent_out=0.2265 rowmax_in=0.5331 rowmax_out=0.8900 discrete_mse=327.648895 best_discrete=47.310982 hash=False elapsed=57.6s
step   625/900 tau=0.0877 loss=0.293437 mse_soft=0.293056 ent_in=1.0615 ent_out=0.2074 rowmax_in=0.5408 rowmax_out=0.9057 discrete_mse=130.511856 best_discrete=47.310982 hash=False elapsed=60.1s
step   650/900 tau=0.0795 loss=0.276995 mse_soft=0.276626 ent_in=1.0275 ent_out=0.2020 rowmax_in=0.5505 rowmax_out=0.8993 discrete_mse=229.714020 best_discrete=47.310982 hash=False elapsed=62.3s
step   675/900 tau=0.0722 loss=0.285354 mse_soft=0.284990 ent_in=1.0189 ent_out=0.1938 rowmax_in=0.5492 rowmax_out=0.9028 discrete_mse=157.624069 best_discrete=47.310982 hash=False elapsed=64.8s
step   700/900 tau=0.0655 loss=0.285420 mse_soft=0.285060 ent_in=1.0099 ent_out=0.1928 rowmax_in=0.5520 rowmax_out=0.9000 discrete_mse=321.324127 best_discrete=47.310982 hash=False elapsed=67.1s
step   725/900 tau=0.0594 loss=0.289707 mse_soft=0.289356 ent_in=0.9878 ent_out=0.1804 rowmax_in=0.5597 rowmax_out=0.9094 discrete_mse=122.984787 best_discrete=47.310982 hash=False elapsed=69.4s
step   750/900 tau=0.0539 loss=0.374400 mse_soft=0.374158 ent_in=0.6808 ent_out=0.1256 rowmax_in=0.6984 rowmax_out=0.9403 discrete_mse=51.103794 best_discrete=47.310982 hash=False elapsed=71.9s
step   775/900 tau=0.0489 loss=0.332024 mse_soft=0.331797 ent_in=0.6245 ent_out=0.1308 rowmax_in=0.6887 rowmax_out=0.9284 discrete_mse=19.952774 best_discrete=19.952774 hash=False elapsed=74.3s
step   800/900 tau=0.0443 loss=0.347032 mse_soft=0.346828 ent_in=0.5730 ent_out=0.1050 rowmax_in=0.7064 rowmax_out=0.9485 discrete_mse=22.454586 best_discrete=19.952774 hash=False elapsed=76.6s
step   825/900 tau=0.0402 loss=0.331238 mse_soft=0.331023 ent_in=0.5854 ent_out=0.1332 rowmax_in=0.6982 rowmax_out=0.9249 discrete_mse=32.863037 best_discrete=19.952774 hash=False elapsed=79.1s
step   850/900 tau=0.0365 loss=0.326936 mse_soft=0.326717 ent_in=0.5945 ent_out=0.1360 rowmax_in=0.6909 rowmax_out=0.9205 discrete_mse=33.971680 best_discrete=19.952774 hash=False elapsed=81.3s
step   875/900 tau=0.0331 loss=0.550885 mse_soft=0.550768 ent_in=0.3256 ent_out=0.0621 rowmax_in=0.8389 rowmax_out=0.9674 discrete_mse=82.381561 best_discrete=19.952774 hash=False elapsed=83.6s
step   900/900 tau=0.0300 loss=0.459557 mse_soft=0.459435 ent_in=0.3230 ent_out=0.0815 rowmax_in=0.8185 rowmax_out=0.9594 discrete_mse=2.352792 best_discrete=2.352792 hash=False elapsed=85.8s

Final metrics:
  soft_mse_full=0.464617
  rowmax_in_mean=0.8187
  rowmax_out_mean=0.9590
  ent_in_mean=0.3235
  ent_out_mean=0.0822
  final_discrete_mse=3.446445
  hash_match=False
  best_discrete_mse_seen=2.352792
Saved results to overnight_b096_j1.json
