Using device: cuda
Train rows: 4096 / Full rows: 10000, steps=900, lr=0.03
step     1/900 tau=1.0000 loss=1.062338 mse_soft=1.060015 ent_in=3.8712 ent_out=3.8712 rowmax_in=0.0213 rowmax_out=0.0213 discrete_mse=12.158798 best_discrete=12.158798 hash=False elapsed=0.5s
step    25/900 tau=0.9090 loss=0.861547 mse_soft=0.859358 ent_in=3.6297 ent_out=3.6664 rowmax_in=0.0460 rowmax_out=0.0441 discrete_mse=884.544678 best_discrete=12.158798 hash=False elapsed=2.5s
step    50/900 tau=0.8229 loss=0.657033 mse_soft=0.655129 ent_in=3.1206 ent_out=3.2265 rowmax_in=0.0967 rowmax_out=0.0883 discrete_mse=1190.933228 best_discrete=12.158798 hash=False elapsed=4.6s
step    75/900 tau=0.7450 loss=0.514347 mse_soft=0.512770 ent_in=2.5865 ent_out=2.6713 rowmax_in=0.2105 rowmax_out=0.1932 discrete_mse=901.652649 best_discrete=12.158798 hash=False elapsed=6.5s
step   100/900 tau=0.6745 loss=0.410711 mse_soft=0.409551 ent_in=1.9648 ent_out=1.9025 rowmax_in=0.3505 rowmax_out=0.3878 discrete_mse=336.145752 best_discrete=12.158798 hash=False elapsed=8.7s
step   125/900 tau=0.6107 loss=0.351342 mse_soft=0.350520 ent_in=1.5724 ent_out=1.1701 rowmax_in=0.4449 rowmax_out=0.6003 discrete_mse=42.892651 best_discrete=12.158798 hash=False elapsed=10.7s
step   150/900 tau=0.5529 loss=0.315561 mse_soft=0.314934 ent_in=1.3634 ent_out=0.7246 rowmax_in=0.4927 rowmax_out=0.7506 discrete_mse=75.395805 best_discrete=12.158798 hash=False elapsed=12.6s
step   175/900 tau=0.5006 loss=0.297573 mse_soft=0.297035 ent_in=1.2739 ent_out=0.5199 rowmax_in=0.5076 rowmax_out=0.8114 discrete_mse=737.369080 best_discrete=12.158798 hash=False elapsed=14.6s
step   200/900 tau=0.4532 loss=0.289782 mse_soft=0.289280 ent_in=1.2394 ent_out=0.4366 rowmax_in=0.5072 rowmax_out=0.8411 discrete_mse=737.369080 best_discrete=12.158798 hash=False elapsed=16.6s
step   225/900 tau=0.4103 loss=0.284020 mse_soft=0.283537 ent_in=1.2135 ent_out=0.3958 rowmax_in=0.5080 rowmax_out=0.8556 discrete_mse=362.412964 best_discrete=12.158798 hash=False elapsed=18.5s
step   250/900 tau=0.3715 loss=0.280145 mse_soft=0.279677 ent_in=1.1868 ent_out=0.3719 rowmax_in=0.5109 rowmax_out=0.8611 discrete_mse=828.401184 best_discrete=12.158798 hash=False elapsed=20.4s
step   275/900 tau=0.3363 loss=0.277837 mse_soft=0.277382 ent_in=1.1649 ent_out=0.3494 rowmax_in=0.5123 rowmax_out=0.8662 discrete_mse=914.751953 best_discrete=12.158798 hash=False elapsed=22.3s
step   300/900 tau=0.3045 loss=0.276949 mse_soft=0.276505 ent_in=1.1482 ent_out=0.3338 rowmax_in=0.5125 rowmax_out=0.8697 discrete_mse=914.751953 best_discrete=12.158798 hash=False elapsed=24.3s
step   325/900 tau=0.2756 loss=0.276137 mse_soft=0.275699 ent_in=1.1350 ent_out=0.3258 rowmax_in=0.5141 rowmax_out=0.8709 discrete_mse=387.604828 best_discrete=12.158798 hash=False elapsed=26.2s
step   350/900 tau=0.2496 loss=0.278060 mse_soft=0.277625 ent_in=1.1282 ent_out=0.3210 rowmax_in=0.5145 rowmax_out=0.8717 discrete_mse=387.604828 best_discrete=12.158798 hash=False elapsed=28.3s
step   375/900 tau=0.2259 loss=0.275415 mse_soft=0.274985 ent_in=1.1183 ent_out=0.3135 rowmax_in=0.5165 rowmax_out=0.8745 discrete_mse=387.604828 best_discrete=12.158798 hash=False elapsed=30.3s
step   400/900 tau=0.2046 loss=0.273919 mse_soft=0.273492 ent_in=1.1133 ent_out=0.3127 rowmax_in=0.5168 rowmax_out=0.8741 discrete_mse=927.114197 best_discrete=12.158798 hash=False elapsed=32.2s
step   425/900 tau=0.1852 loss=0.276621 mse_soft=0.276198 ent_in=1.1086 ent_out=0.3030 rowmax_in=0.5141 rowmax_out=0.8780 discrete_mse=927.114197 best_discrete=12.158798 hash=False elapsed=34.4s
step   450/900 tau=0.1677 loss=0.273361 mse_soft=0.272942 ent_in=1.1036 ent_out=0.2940 rowmax_in=0.5137 rowmax_out=0.8809 discrete_mse=927.114197 best_discrete=12.158798 hash=False elapsed=36.5s
step   475/900 tau=0.1518 loss=0.278734 mse_soft=0.278320 ent_in=1.0930 ent_out=0.2887 rowmax_in=0.5160 rowmax_out=0.8821 discrete_mse=837.142883 best_discrete=12.158798 hash=False elapsed=38.5s
step   500/900 tau=0.1374 loss=0.272524 mse_soft=0.272110 ent_in=1.0909 ent_out=0.2890 rowmax_in=0.5138 rowmax_out=0.8805 discrete_mse=927.114197 best_discrete=12.158798 hash=False elapsed=40.5s
step   525/900 tau=0.1244 loss=0.274003 mse_soft=0.273591 ent_in=1.0848 ent_out=0.2883 rowmax_in=0.5160 rowmax_out=0.8799 discrete_mse=1061.152222 best_discrete=12.158798 hash=False elapsed=42.6s
step   550/900 tau=0.1126 loss=0.281681 mse_soft=0.281271 ent_in=1.0795 ent_out=0.2872 rowmax_in=0.5166 rowmax_out=0.8800 discrete_mse=342.936707 best_discrete=12.158798 hash=False elapsed=44.7s
step   575/900 tau=0.1020 loss=0.274751 mse_soft=0.274346 ent_in=1.0640 ent_out=0.2869 rowmax_in=0.5208 rowmax_out=0.8797 discrete_mse=837.142883 best_discrete=12.158798 hash=False elapsed=46.7s
step   600/900 tau=0.0923 loss=0.277010 mse_soft=0.276610 ent_in=1.0479 ent_out=0.2861 rowmax_in=0.5301 rowmax_out=0.8786 discrete_mse=837.142883 best_discrete=12.158798 hash=False elapsed=48.7s
step   625/900 tau=0.0836 loss=0.280735 mse_soft=0.280335 ent_in=1.0480 ent_out=0.2858 rowmax_in=0.5286 rowmax_out=0.8788 discrete_mse=927.114197 best_discrete=12.158798 hash=False elapsed=50.7s
step   650/900 tau=0.0757 loss=0.295970 mse_soft=0.295582 ent_in=1.0124 ent_out=0.2786 rowmax_in=0.5445 rowmax_out=0.8775 discrete_mse=158.092621 best_discrete=12.158798 hash=False elapsed=52.9s
step   675/900 tau=0.0685 loss=0.320972 mse_soft=0.320617 ent_in=0.9268 ent_out=0.2578 rowmax_in=0.5802 rowmax_out=0.8826 discrete_mse=646.621948 best_discrete=12.158798 hash=False elapsed=55.1s
step   700/900 tau=0.0620 loss=0.289091 mse_soft=0.288739 ent_in=0.9102 ent_out=0.2631 rowmax_in=0.5865 rowmax_out=0.8790 discrete_mse=94.481194 best_discrete=12.158798 hash=False elapsed=57.2s
step   725/900 tau=0.0562 loss=0.283147 mse_soft=0.282783 ent_in=0.9437 ent_out=0.2682 rowmax_in=0.5586 rowmax_out=0.8764 discrete_mse=104.666260 best_discrete=12.158798 hash=False elapsed=59.4s
step   750/900 tau=0.0508 loss=0.285383 mse_soft=0.285020 ent_in=0.9467 ent_out=0.2627 rowmax_in=0.5628 rowmax_out=0.8765 discrete_mse=203.301865 best_discrete=12.158798 hash=False elapsed=61.5s
step   775/900 tau=0.0460 loss=0.292457 mse_soft=0.292106 ent_in=0.9203 ent_out=0.2514 rowmax_in=0.5692 rowmax_out=0.8786 discrete_mse=318.057281 best_discrete=12.158798 hash=False elapsed=63.6s
step   800/900 tau=0.0417 loss=0.462567 mse_soft=0.462376 ent_in=0.4903 ent_out=0.1459 rowmax_in=0.7792 rowmax_out=0.9259 discrete_mse=165.653397 best_discrete=12.158798 hash=False elapsed=65.6s
step   825/900 tau=0.0377 loss=0.393213 mse_soft=0.393016 ent_in=0.5067 ent_out=0.1506 rowmax_in=0.7415 rowmax_out=0.9221 discrete_mse=51.477600 best_discrete=12.158798 hash=False elapsed=67.6s
step   850/900 tau=0.0342 loss=0.385249 mse_soft=0.385065 ent_in=0.4910 ent_out=0.1228 rowmax_in=0.7499 rowmax_out=0.9338 discrete_mse=118.589546 best_discrete=12.158798 hash=False elapsed=69.6s
step   875/900 tau=0.0309 loss=0.376359 mse_soft=0.376159 ent_in=0.5253 ent_out=0.1406 rowmax_in=0.7332 rowmax_out=0.9236 discrete_mse=239.087051 best_discrete=12.158798 hash=False elapsed=71.5s
step   900/900 tau=0.0280 loss=0.394962 mse_soft=0.394770 ent_in=0.5031 ent_out=0.1383 rowmax_in=0.7491 rowmax_out=0.9250 discrete_mse=105.396324 best_discrete=12.158798 hash=False elapsed=73.5s

Final metrics:
  soft_mse_full=0.397412
  rowmax_in_mean=0.7461
  rowmax_out_mean=0.9259
  ent_in_mean=0.5054
  ent_out_mean=0.1360
  final_discrete_mse=101.527504
  hash_match=False
  best_discrete_mse_seen=12.158798
Saved results to overnight_b200_j2.json
