Using device: cuda
Train rows: 4096 / Full rows: 10000, steps=900, lr=0.03
step     1/900 tau=1.0000 loss=1.047681 mse_soft=1.045358 ent_in=3.8712 ent_out=3.8711 rowmax_in=0.0213 rowmax_out=0.0213 discrete_mse=12.956137 best_discrete=12.956137 hash=False elapsed=0.5s
step    25/900 tau=0.9090 loss=0.843789 mse_soft=0.841598 ent_in=3.6338 ent_out=3.6682 rowmax_in=0.0454 rowmax_out=0.0438 discrete_mse=1482.021240 best_discrete=12.956137 hash=False elapsed=2.6s
step    50/900 tau=0.8229 loss=0.634634 mse_soft=0.632720 ent_in=3.1408 ent_out=3.2396 rowmax_in=0.0925 rowmax_out=0.0862 discrete_mse=7906.833496 best_discrete=12.956137 hash=False elapsed=4.7s
step    75/900 tau=0.7450 loss=0.498831 mse_soft=0.497238 ent_in=2.6082 ent_out=2.7028 rowmax_in=0.2082 rowmax_out=0.1935 discrete_mse=925.050171 best_discrete=12.956137 hash=False elapsed=6.9s
step   100/900 tau=0.6745 loss=0.394238 mse_soft=0.393060 ent_in=1.9907 ent_out=1.9350 rowmax_in=0.3658 rowmax_out=0.3704 discrete_mse=3682.957520 best_discrete=12.956137 hash=False elapsed=8.9s
step   125/900 tau=0.6107 loss=0.334804 mse_soft=0.333946 ent_in=1.5831 ent_out=1.2765 rowmax_in=0.4639 rowmax_out=0.5715 discrete_mse=1535.221924 best_discrete=12.956137 hash=False elapsed=10.9s
step   150/900 tau=0.5529 loss=0.312234 mse_soft=0.311560 ent_in=1.3962 ent_out=0.8502 rowmax_in=0.5023 rowmax_out=0.7087 discrete_mse=268.187622 best_discrete=12.956137 hash=False elapsed=13.2s
step   175/900 tau=0.5006 loss=0.298511 mse_soft=0.297939 ent_in=1.3117 ent_out=0.5952 rowmax_in=0.5120 rowmax_out=0.7934 discrete_mse=170.741394 best_discrete=12.956137 hash=False elapsed=15.5s
step   200/900 tau=0.4532 loss=0.291392 mse_soft=0.290880 ent_in=1.2487 ent_out=0.4568 rowmax_in=0.5262 rowmax_out=0.8354 discrete_mse=96.019012 best_discrete=12.956137 hash=False elapsed=17.5s
step   225/900 tau=0.4103 loss=0.286891 mse_soft=0.286411 ent_in=1.2177 ent_out=0.3849 rowmax_in=0.5277 rowmax_out=0.8525 discrete_mse=145.624451 best_discrete=12.956137 hash=False elapsed=19.5s
step   250/900 tau=0.3715 loss=0.282987 mse_soft=0.282526 ent_in=1.1919 ent_out=0.3457 rowmax_in=0.5311 rowmax_out=0.8575 discrete_mse=90.032387 best_discrete=12.956137 hash=False elapsed=21.5s
step   275/900 tau=0.3363 loss=0.281420 mse_soft=0.280973 ent_in=1.1734 ent_out=0.3166 rowmax_in=0.5323 rowmax_out=0.8626 discrete_mse=153.678818 best_discrete=12.956137 hash=False elapsed=23.5s
step   300/900 tau=0.3045 loss=0.279651 mse_soft=0.279213 ent_in=1.1610 ent_out=0.2981 rowmax_in=0.5334 rowmax_out=0.8661 discrete_mse=52.974205 best_discrete=12.956137 hash=False elapsed=25.7s
step   325/900 tau=0.2756 loss=0.278920 mse_soft=0.278488 ent_in=1.1483 ent_out=0.2889 rowmax_in=0.5359 rowmax_out=0.8682 discrete_mse=132.629288 best_discrete=12.956137 hash=False elapsed=27.8s
step   350/900 tau=0.2496 loss=0.279242 mse_soft=0.278815 ent_in=1.1417 ent_out=0.2827 rowmax_in=0.5372 rowmax_out=0.8697 discrete_mse=81.180115 best_discrete=12.956137 hash=False elapsed=30.1s
step   375/900 tau=0.2259 loss=0.287645 mse_soft=0.287220 ent_in=1.1395 ent_out=0.2773 rowmax_in=0.5366 rowmax_out=0.8712 discrete_mse=105.541161 best_discrete=12.956137 hash=False elapsed=32.3s
step   400/900 tau=0.2046 loss=0.277708 mse_soft=0.277285 ent_in=1.1399 ent_out=0.2685 rowmax_in=0.5351 rowmax_out=0.8764 discrete_mse=105.541161 best_discrete=12.956137 hash=False elapsed=34.7s
step   425/900 tau=0.1852 loss=0.277781 mse_soft=0.277362 ent_in=1.1366 ent_out=0.2600 rowmax_in=0.5340 rowmax_out=0.8777 discrete_mse=102.673996 best_discrete=12.956137 hash=False elapsed=36.9s
step   450/900 tau=0.1677 loss=0.277149 mse_soft=0.276732 ent_in=1.1316 ent_out=0.2579 rowmax_in=0.5336 rowmax_out=0.8777 discrete_mse=97.708176 best_discrete=12.956137 hash=False elapsed=39.0s
step   475/900 tau=0.1518 loss=0.278869 mse_soft=0.278453 ent_in=1.1289 ent_out=0.2581 rowmax_in=0.5330 rowmax_out=0.8787 discrete_mse=26.211187 best_discrete=12.956137 hash=False elapsed=41.2s
step   500/900 tau=0.1374 loss=0.282308 mse_soft=0.281893 ent_in=1.1271 ent_out=0.2584 rowmax_in=0.5330 rowmax_out=0.8784 discrete_mse=32.816341 best_discrete=12.956137 hash=False elapsed=43.4s
step   525/900 tau=0.1244 loss=0.278116 mse_soft=0.277702 ent_in=1.1216 ent_out=0.2572 rowmax_in=0.5362 rowmax_out=0.8780 discrete_mse=35.293911 best_discrete=12.956137 hash=False elapsed=45.7s
step   550/900 tau=0.1126 loss=0.298677 mse_soft=0.298273 ent_in=1.0902 ent_out=0.2559 rowmax_in=0.5499 rowmax_out=0.8796 discrete_mse=45.695049 best_discrete=12.956137 hash=False elapsed=47.6s
step   575/900 tau=0.1020 loss=0.280910 mse_soft=0.280508 ent_in=1.0857 ent_out=0.2550 rowmax_in=0.5486 rowmax_out=0.8763 discrete_mse=51.511463 best_discrete=12.956137 hash=False elapsed=49.8s
step   600/900 tau=0.0923 loss=0.279229 mse_soft=0.278833 ent_in=1.0752 ent_out=0.2463 rowmax_in=0.5476 rowmax_out=0.8839 discrete_mse=12.418324 best_discrete=12.418324 hash=False elapsed=52.0s
step   625/900 tau=0.0836 loss=0.308650 mse_soft=0.308282 ent_in=1.0089 ent_out=0.2168 rowmax_in=0.5616 rowmax_out=0.8886 discrete_mse=70.619225 best_discrete=12.418324 hash=False elapsed=54.1s
step   650/900 tau=0.0757 loss=0.292558 mse_soft=0.292202 ent_in=0.9852 ent_out=0.2005 rowmax_in=0.5759 rowmax_out=0.9036 discrete_mse=20.028904 best_discrete=12.418324 hash=False elapsed=56.4s
step   675/900 tau=0.0685 loss=0.285180 mse_soft=0.284831 ent_in=0.9642 ent_out=0.1984 rowmax_in=0.5820 rowmax_out=0.9039 discrete_mse=10.822530 best_discrete=10.822530 hash=False elapsed=58.6s
step   700/900 tau=0.0620 loss=0.305612 mse_soft=0.305271 ent_in=0.9355 ent_out=0.1994 rowmax_in=0.5873 rowmax_out=0.9053 discrete_mse=30.454731 best_discrete=10.822530 hash=False elapsed=60.7s
step   725/900 tau=0.0562 loss=0.410073 mse_soft=0.409807 ent_in=0.6964 ent_out=0.1893 rowmax_in=0.6931 rowmax_out=0.9138 discrete_mse=82.556068 best_discrete=10.822530 hash=False elapsed=63.0s
step   750/900 tau=0.0508 loss=0.419682 mse_soft=0.419488 ent_in=0.4954 ent_out=0.1481 rowmax_in=0.7571 rowmax_out=0.9164 discrete_mse=30.097128 best_discrete=10.822530 hash=False elapsed=65.2s
step   775/900 tau=0.0460 loss=0.383508 mse_soft=0.383329 ent_in=0.4634 ent_out=0.1330 rowmax_in=0.7595 rowmax_out=0.9288 discrete_mse=42.668945 best_discrete=10.822530 hash=False elapsed=67.5s
step   800/900 tau=0.0417 loss=0.379137 mse_soft=0.378958 ent_in=0.4620 ent_out=0.1351 rowmax_in=0.7602 rowmax_out=0.9238 discrete_mse=42.668945 best_discrete=10.822530 hash=False elapsed=69.7s
step   825/900 tau=0.0377 loss=0.384860 mse_soft=0.384679 ent_in=0.4656 ent_out=0.1354 rowmax_in=0.7567 rowmax_out=0.9233 discrete_mse=42.668945 best_discrete=10.822530 hash=False elapsed=71.8s
step   850/900 tau=0.0342 loss=0.415865 mse_soft=0.415691 ent_in=0.4447 ent_out=0.1353 rowmax_in=0.7621 rowmax_out=0.9236 discrete_mse=45.167843 best_discrete=10.822530 hash=False elapsed=73.9s
step   875/900 tau=0.0309 loss=0.422205 mse_soft=0.422056 ent_in=0.3910 ent_out=0.1058 rowmax_in=0.7876 rowmax_out=0.9283 discrete_mse=181.692673 best_discrete=10.822530 hash=False elapsed=76.3s
step   900/900 tau=0.0280 loss=0.394721 mse_soft=0.394570 ent_in=0.3959 ent_out=0.1065 rowmax_in=0.7859 rowmax_out=0.9278 discrete_mse=178.230362 best_discrete=10.822530 hash=False elapsed=78.4s

Final metrics:
  soft_mse_full=0.411013
  rowmax_in_mean=0.7838
  rowmax_out_mean=0.9278
  ent_in_mean=0.3977
  ent_out_mean=0.1064
  final_discrete_mse=178.230362
  hash_match=False
  best_discrete_mse_seen=10.822530
Saved results to overnight_b144_j2.json
