Using device: cuda
Train rows: 10000 / Full rows: 10000, steps=700, lr=0.015
step     1/700 tau=1.0000 loss=1.064154 mse_soft=1.063380 ent_in=3.8712 ent_out=3.8712 rowmax_in=0.0213 rowmax_out=0.0213 discrete_mse=71.516808 best_discrete=71.516808 hash=False elapsed=0.5s
step    25/700 tau=0.8810 loss=0.971639 mse_soft=0.970879 ent_in=3.7930 ent_out=3.8053 rowmax_in=0.0332 rowmax_out=0.0323 discrete_mse=4492.582031 best_discrete=71.516808 hash=False elapsed=2.9s
step    50/700 tau=0.7721 loss=0.785850 mse_soft=0.785142 ent_in=3.5148 ent_out=3.5641 rowmax_in=0.0572 rowmax_out=0.0546 discrete_mse=4405.500000 best_discrete=71.516808 hash=False elapsed=5.4s
step    75/700 tau=0.6767 loss=0.644480 mse_soft=0.643844 ent_in=3.1311 ent_out=3.2286 rowmax_in=0.0956 rowmax_out=0.0904 discrete_mse=4468.032227 best_discrete=71.516808 hash=False elapsed=7.8s
step   100/700 tau=0.5931 loss=0.536902 mse_soft=0.536346 ent_in=2.7218 ent_out=2.8313 rowmax_in=0.1759 rowmax_out=0.1641 discrete_mse=413.685272 best_discrete=71.516808 hash=False elapsed=10.1s
step   125/700 tau=0.5198 loss=0.438466 mse_soft=0.438027 ent_in=2.1986 ent_out=2.1860 rowmax_in=0.3080 rowmax_out=0.3079 discrete_mse=362.082703 best_discrete=71.516808 hash=False elapsed=12.8s
step   150/700 tau=0.4555 loss=0.368815 mse_soft=0.368490 ent_in=1.7178 ent_out=1.5296 rowmax_in=0.4079 rowmax_out=0.4971 discrete_mse=2333.866699 best_discrete=71.516808 hash=False elapsed=15.3s
step   175/700 tau=0.3992 loss=0.334168 mse_soft=0.333912 ent_in=1.4637 ent_out=1.0912 rowmax_in=0.4658 rowmax_out=0.6161 discrete_mse=551.950500 best_discrete=71.516808 hash=False elapsed=17.7s
step   200/700 tau=0.3499 loss=0.312110 mse_soft=0.311901 ent_in=1.2956 ent_out=0.8034 rowmax_in=0.4999 rowmax_out=0.6982 discrete_mse=471.413940 best_discrete=71.516808 hash=False elapsed=20.0s
step   225/700 tau=0.3066 loss=0.301269 mse_soft=0.301082 ent_in=1.2043 ent_out=0.6644 rowmax_in=0.5211 rowmax_out=0.7119 discrete_mse=651.369507 best_discrete=71.516808 hash=False elapsed=22.3s
step   250/700 tau=0.2687 loss=0.295376 mse_soft=0.295200 ent_in=1.1619 ent_out=0.5930 rowmax_in=0.5333 rowmax_out=0.7282 discrete_mse=660.437195 best_discrete=71.516808 hash=False elapsed=24.7s
step   275/700 tau=0.2355 loss=0.292552 mse_soft=0.292381 ent_in=1.1362 ent_out=0.5672 rowmax_in=0.5360 rowmax_out=0.7309 discrete_mse=584.653625 best_discrete=71.516808 hash=False elapsed=27.1s
step   300/700 tau=0.2064 loss=0.289393 mse_soft=0.289228 ent_in=1.1150 ent_out=0.5356 rowmax_in=0.5392 rowmax_out=0.7416 discrete_mse=267.356628 best_discrete=71.516808 hash=False elapsed=29.4s
step   325/700 tau=0.1809 loss=0.287225 mse_soft=0.287066 ent_in=1.0898 ent_out=0.5010 rowmax_in=0.5458 rowmax_out=0.7681 discrete_mse=304.290680 best_discrete=71.516808 hash=False elapsed=31.6s
step   350/700 tau=0.1585 loss=0.288689 mse_soft=0.288536 ent_in=1.0650 ent_out=0.4723 rowmax_in=0.5499 rowmax_out=0.7831 discrete_mse=243.332214 best_discrete=71.516808 hash=False elapsed=33.9s
step   375/700 tau=0.1389 loss=0.286110 mse_soft=0.285960 ent_in=1.0463 ent_out=0.4461 rowmax_in=0.5547 rowmax_out=0.7900 discrete_mse=243.332214 best_discrete=71.516808 hash=False elapsed=36.2s
step   400/700 tau=0.1218 loss=0.283305 mse_soft=0.283159 ent_in=1.0330 ent_out=0.4289 rowmax_in=0.5571 rowmax_out=0.7903 discrete_mse=243.332214 best_discrete=71.516808 hash=False elapsed=38.5s
step   425/700 tau=0.1067 loss=0.285081 mse_soft=0.284937 ent_in=1.0281 ent_out=0.4169 rowmax_in=0.5586 rowmax_out=0.7922 discrete_mse=439.246002 best_discrete=71.516808 hash=False elapsed=40.9s
step   450/700 tau=0.0935 loss=0.283321 mse_soft=0.283177 ent_in=1.0279 ent_out=0.4083 rowmax_in=0.5564 rowmax_out=0.7942 discrete_mse=439.246002 best_discrete=71.516808 hash=False elapsed=43.2s
step   475/700 tau=0.0820 loss=0.288325 mse_soft=0.288183 ent_in=1.0263 ent_out=0.3977 rowmax_in=0.5549 rowmax_out=0.7976 discrete_mse=466.333923 best_discrete=71.516808 hash=False elapsed=45.6s
step   500/700 tau=0.0718 loss=0.290339 mse_soft=0.290199 ent_in=1.0223 ent_out=0.3873 rowmax_in=0.5536 rowmax_out=0.8042 discrete_mse=121.642296 best_discrete=71.516808 hash=False elapsed=48.0s
step   525/700 tau=0.0630 loss=0.290834 mse_soft=0.290694 ent_in=1.0190 ent_out=0.3864 rowmax_in=0.5567 rowmax_out=0.8024 discrete_mse=64.155434 best_discrete=64.155434 hash=False elapsed=50.3s
step   550/700 tau=0.0552 loss=0.295901 mse_soft=0.295761 ent_in=1.0249 ent_out=0.3734 rowmax_in=0.5525 rowmax_out=0.8133 discrete_mse=397.174072 best_discrete=64.155434 hash=False elapsed=52.4s
step   575/700 tau=0.0484 loss=0.289081 mse_soft=0.288942 ent_in=1.0300 ent_out=0.3676 rowmax_in=0.5507 rowmax_out=0.8111 discrete_mse=83.961044 best_discrete=64.155434 hash=False elapsed=54.6s
step   600/700 tau=0.0424 loss=0.317263 mse_soft=0.317126 ent_in=1.0250 ent_out=0.3536 rowmax_in=0.5485 rowmax_out=0.8158 discrete_mse=66.585983 best_discrete=64.155434 hash=False elapsed=56.8s
step   625/700 tau=0.0371 loss=0.324676 mse_soft=0.324559 ent_in=0.8879 ent_out=0.2867 rowmax_in=0.6135 rowmax_out=0.8538 discrete_mse=80.921524 best_discrete=64.155434 hash=False elapsed=59.3s
step   650/700 tau=0.0325 loss=0.332290 mse_soft=0.332176 ent_in=0.8635 ent_out=0.2794 rowmax_in=0.6051 rowmax_out=0.8462 discrete_mse=134.754120 best_discrete=64.155434 hash=False elapsed=61.7s
step   675/700 tau=0.0285 loss=0.326547 mse_soft=0.326442 ent_in=0.7715 ent_out=0.2756 rowmax_in=0.6392 rowmax_out=0.8416 discrete_mse=29.437428 best_discrete=29.437428 hash=False elapsed=63.9s
step   700/700 tau=0.0250 loss=0.328888 mse_soft=0.328789 ent_in=0.7349 ent_out=0.2567 rowmax_in=0.6398 rowmax_out=0.8681 discrete_mse=101.698288 best_discrete=29.437428 hash=False elapsed=66.2s

Final metrics:
  soft_mse_full=0.321147
  rowmax_in_mean=0.6354
  rowmax_out_mean=0.8673
  ent_in_mean=0.7413
  ent_out_mean=0.2562
  final_discrete_mse=109.324821
  hash_match=False
  best_discrete_mse_seen=29.437428
Saved results to overnight_b117_j4.json
