Using device: cuda
Train rows: 10000 / Full rows: 10000, steps=700, lr=0.02
step     1/700 tau=1.0000 loss=1.065764 mse_soft=1.063442 ent_in=3.8712 ent_out=3.8712 rowmax_in=0.0213 rowmax_out=0.0213 discrete_mse=64.587822 best_discrete=64.587822 hash=False elapsed=0.5s
step    25/700 tau=0.8866 loss=0.935051 mse_soft=0.932799 ent_in=3.7426 ent_out=3.7630 rowmax_in=0.0374 rowmax_out=0.0363 discrete_mse=5112.124512 best_discrete=64.587822 hash=False elapsed=2.8s
step    50/700 tau=0.7821 loss=0.709825 mse_soft=0.707789 ent_in=3.3621 ent_out=3.4235 rowmax_in=0.0704 rowmax_out=0.0661 discrete_mse=8497.998047 best_discrete=64.587822 hash=False elapsed=5.3s
step    75/700 tau=0.6899 loss=0.586047 mse_soft=0.584250 ent_in=2.9400 ent_out=3.0516 rowmax_in=0.1302 rowmax_out=0.1208 discrete_mse=1172.517334 best_discrete=64.587822 hash=False elapsed=7.4s
step   100/700 tau=0.6086 loss=0.471827 mse_soft=0.470379 ent_in=2.4175 ent_out=2.4114 rowmax_in=0.2423 rowmax_out=0.2554 discrete_mse=3855.956787 best_discrete=64.587822 hash=False elapsed=9.8s
step   125/700 tau=0.5368 loss=0.389270 mse_soft=0.388187 ent_in=1.9138 ent_out=1.6967 rowmax_in=0.3622 rowmax_out=0.4604 discrete_mse=852.917480 best_discrete=64.587822 hash=False elapsed=12.2s
step   150/700 tau=0.4736 loss=0.339991 mse_soft=0.339209 ent_in=1.5591 ent_out=1.0478 rowmax_in=0.4501 rowmax_out=0.6520 discrete_mse=776.927368 best_discrete=64.587822 hash=False elapsed=14.5s
step   175/700 tau=0.4177 loss=0.318488 mse_soft=0.317868 ent_in=1.3696 ent_out=0.6964 rowmax_in=0.4860 rowmax_out=0.7584 discrete_mse=846.029358 best_discrete=64.587822 hash=False elapsed=16.9s
step   200/700 tau=0.3685 loss=0.306677 mse_soft=0.306133 ent_in=1.2749 ent_out=0.5400 rowmax_in=0.5031 rowmax_out=0.7953 discrete_mse=2128.998779 best_discrete=64.587822 hash=False elapsed=19.4s
step   225/700 tau=0.3251 loss=0.301618 mse_soft=0.301123 ent_in=1.2161 ent_out=0.4348 rowmax_in=0.5120 rowmax_out=0.8176 discrete_mse=625.892700 best_discrete=64.587822 hash=False elapsed=21.7s
step   250/700 tau=0.2868 loss=0.296375 mse_soft=0.295905 ent_in=1.1828 ent_out=0.3852 rowmax_in=0.5144 rowmax_out=0.8250 discrete_mse=698.201660 best_discrete=64.587822 hash=False elapsed=24.0s
step   275/700 tau=0.2530 loss=0.294094 mse_soft=0.293637 ent_in=1.1640 ent_out=0.3622 rowmax_in=0.5163 rowmax_out=0.8300 discrete_mse=1177.027954 best_discrete=64.587822 hash=False elapsed=26.3s
step   300/700 tau=0.2231 loss=0.293134 mse_soft=0.292685 ent_in=1.1518 ent_out=0.3439 rowmax_in=0.5198 rowmax_out=0.8384 discrete_mse=324.343903 best_discrete=64.587822 hash=False elapsed=28.5s
step   325/700 tau=0.1968 loss=0.291826 mse_soft=0.291386 ent_in=1.1385 ent_out=0.3279 rowmax_in=0.5213 rowmax_out=0.8460 discrete_mse=402.317322 best_discrete=64.587822 hash=False elapsed=30.8s
step   350/700 tau=0.1736 loss=0.289547 mse_soft=0.289113 ent_in=1.1296 ent_out=0.3153 rowmax_in=0.5223 rowmax_out=0.8489 discrete_mse=418.302734 best_discrete=64.587822 hash=False elapsed=33.1s
step   375/700 tau=0.1532 loss=0.293784 mse_soft=0.293355 ent_in=1.1197 ent_out=0.3091 rowmax_in=0.5252 rowmax_out=0.8490 discrete_mse=611.870056 best_discrete=64.587822 hash=False elapsed=35.4s
step   400/700 tau=0.1351 loss=0.289169 mse_soft=0.288744 ent_in=1.1122 ent_out=0.3054 rowmax_in=0.5274 rowmax_out=0.8492 discrete_mse=539.790894 best_discrete=64.587822 hash=False elapsed=37.5s
step   425/700 tau=0.1192 loss=0.295378 mse_soft=0.294955 ent_in=1.1056 ent_out=0.3040 rowmax_in=0.5305 rowmax_out=0.8475 discrete_mse=397.798645 best_discrete=64.587822 hash=False elapsed=39.7s
step   450/700 tau=0.1051 loss=0.304723 mse_soft=0.304305 ent_in=1.0927 ent_out=0.3024 rowmax_in=0.5345 rowmax_out=0.8486 discrete_mse=391.660919 best_discrete=64.587822 hash=False elapsed=42.0s
step   475/700 tau=0.0928 loss=0.292617 mse_soft=0.292199 ent_in=1.0881 ent_out=0.3060 rowmax_in=0.5327 rowmax_out=0.8448 discrete_mse=453.589874 best_discrete=64.587822 hash=False elapsed=44.2s
step   500/700 tau=0.0818 loss=0.298657 mse_soft=0.298239 ent_in=1.0831 ent_out=0.3081 rowmax_in=0.5324 rowmax_out=0.8427 discrete_mse=378.525543 best_discrete=64.587822 hash=False elapsed=46.5s
step   525/700 tau=0.0722 loss=0.291439 mse_soft=0.291023 ent_in=1.0763 ent_out=0.3095 rowmax_in=0.5333 rowmax_out=0.8415 discrete_mse=326.750092 best_discrete=64.587822 hash=False elapsed=48.9s
step   550/700 tau=0.0637 loss=0.297978 mse_soft=0.297566 ent_in=1.0649 ent_out=0.3080 rowmax_in=0.5362 rowmax_out=0.8403 discrete_mse=913.228149 best_discrete=64.587822 hash=False elapsed=51.0s
step   575/700 tau=0.0562 loss=0.356655 mse_soft=0.356260 ent_in=1.0120 ent_out=0.3034 rowmax_in=0.5509 rowmax_out=0.8421 discrete_mse=244.625839 best_discrete=64.587822 hash=False elapsed=53.3s
step   600/700 tau=0.0495 loss=0.366667 mse_soft=0.366329 ent_in=0.8669 ent_out=0.2590 rowmax_in=0.5802 rowmax_out=0.8814 discrete_mse=67.143761 best_discrete=64.587822 hash=False elapsed=55.5s
step   625/700 tau=0.0437 loss=0.329184 mse_soft=0.328846 ent_in=0.8410 ent_out=0.2854 rowmax_in=0.5913 rowmax_out=0.8548 discrete_mse=191.369751 best_discrete=64.587822 hash=False elapsed=57.7s
step   650/700 tau=0.0386 loss=0.320500 mse_soft=0.320155 ent_in=0.8460 ent_out=0.3043 rowmax_in=0.5892 rowmax_out=0.8460 discrete_mse=226.717575 best_discrete=64.587822 hash=False elapsed=60.0s
step   675/700 tau=0.0340 loss=0.319297 mse_soft=0.318954 ent_in=0.8391 ent_out=0.3042 rowmax_in=0.5964 rowmax_out=0.8424 discrete_mse=228.792252 best_discrete=64.587822 hash=False elapsed=62.4s
step   700/700 tau=0.0300 loss=0.361354 mse_soft=0.361107 ent_in=0.5794 ent_out=0.2462 rowmax_in=0.7184 rowmax_out=0.8734 discrete_mse=51.301300 best_discrete=51.301300 hash=False elapsed=64.8s

Final metrics:
  soft_mse_full=0.388163
  rowmax_in_mean=0.7289
  rowmax_out_mean=0.8756
  ent_in_mean=0.5641
  ent_out_mean=0.2427
  final_discrete_mse=131.283524
  hash_match=False
  best_discrete_mse_seen=51.301300
Saved results to overnight_b054_j3.json
