Using device: cuda
Train rows: 10000 / Full rows: 10000, steps=700, lr=0.015
step     1/700 tau=1.0000 loss=1.064252 mse_soft=1.063478 ent_in=3.8712 ent_out=3.8712 rowmax_in=0.0213 rowmax_out=0.0213 discrete_mse=15.292304 best_discrete=15.292304 hash=False elapsed=0.5s
step    25/700 tau=0.8810 loss=0.972342 mse_soft=0.971582 ent_in=3.7933 ent_out=3.8057 rowmax_in=0.0332 rowmax_out=0.0322 discrete_mse=2885.618652 best_discrete=15.292304 hash=False elapsed=2.8s
step    50/700 tau=0.7721 loss=0.787387 mse_soft=0.786679 ent_in=3.5155 ent_out=3.5666 rowmax_in=0.0570 rowmax_out=0.0542 discrete_mse=11290.346680 best_discrete=15.292304 hash=False elapsed=5.0s
step    75/700 tau=0.6767 loss=0.643129 mse_soft=0.642493 ent_in=3.1314 ent_out=3.2273 rowmax_in=0.0956 rowmax_out=0.0920 discrete_mse=2423.477051 best_discrete=15.292304 hash=False elapsed=7.0s
step   100/700 tau=0.5931 loss=0.530592 mse_soft=0.530037 ent_in=2.7227 ent_out=2.8223 rowmax_in=0.1778 rowmax_out=0.1697 discrete_mse=1932.939941 best_discrete=15.292304 hash=False elapsed=9.3s
step   125/700 tau=0.5198 loss=0.435574 mse_soft=0.435131 ent_in=2.2183 ent_out=2.2087 rowmax_in=0.2870 rowmax_out=0.3072 discrete_mse=7035.068848 best_discrete=15.292304 hash=False elapsed=11.7s
step   150/700 tau=0.4555 loss=0.368096 mse_soft=0.367764 ent_in=1.7711 ent_out=1.5536 rowmax_in=0.3834 rowmax_out=0.5072 discrete_mse=1395.700562 best_discrete=15.292304 hash=False elapsed=14.1s
step   175/700 tau=0.3992 loss=0.333342 mse_soft=0.333099 ent_in=1.4683 ent_out=0.9589 rowmax_in=0.4449 rowmax_out=0.6899 discrete_mse=5.650017 best_discrete=5.650017 hash=False elapsed=16.3s
step   200/700 tau=0.3499 loss=0.319433 mse_soft=0.319231 ent_in=1.3471 ent_out=0.6726 rowmax_in=0.4623 rowmax_out=0.7603 discrete_mse=322.329346 best_discrete=5.650017 hash=False elapsed=18.6s
step   225/700 tau=0.3066 loss=0.312057 mse_soft=0.311874 ent_in=1.2780 ent_out=0.5595 rowmax_in=0.4714 rowmax_out=0.7927 discrete_mse=148.463882 best_discrete=5.650017 hash=False elapsed=21.0s
step   250/700 tau=0.2687 loss=0.306342 mse_soft=0.306172 ent_in=1.2207 ent_out=0.4811 rowmax_in=0.4855 rowmax_out=0.8147 discrete_mse=3.449336 best_discrete=3.449336 hash=False elapsed=23.3s
step   275/700 tau=0.2355 loss=0.301900 mse_soft=0.301738 ent_in=1.1791 ent_out=0.4447 rowmax_in=0.4940 rowmax_out=0.8186 discrete_mse=1.863252 best_discrete=1.863252 hash=False elapsed=25.8s
step   300/700 tau=0.2064 loss=0.298409 mse_soft=0.298253 ent_in=1.1427 ent_out=0.4155 rowmax_in=0.5048 rowmax_out=0.8246 discrete_mse=63.073223 best_discrete=1.863252 hash=False elapsed=28.2s
step   325/700 tau=0.1809 loss=0.296095 mse_soft=0.295943 ent_in=1.1201 ent_out=0.3953 rowmax_in=0.5123 rowmax_out=0.8288 discrete_mse=3.001378 best_discrete=1.863252 hash=False elapsed=30.8s
step   350/700 tau=0.1585 loss=0.295496 mse_soft=0.295348 ent_in=1.1058 ent_out=0.3815 rowmax_in=0.5158 rowmax_out=0.8309 discrete_mse=4.392077 best_discrete=1.863252 hash=False elapsed=33.1s
step   375/700 tau=0.1389 loss=0.297281 mse_soft=0.297134 ent_in=1.0975 ent_out=0.3718 rowmax_in=0.5179 rowmax_out=0.8333 discrete_mse=23.897400 best_discrete=1.863252 hash=False elapsed=35.4s
step   400/700 tau=0.1218 loss=0.293900 mse_soft=0.293754 ent_in=1.0958 ent_out=0.3672 rowmax_in=0.5191 rowmax_out=0.8348 discrete_mse=23.897400 best_discrete=1.863252 hash=False elapsed=38.0s
step   425/700 tau=0.1067 loss=0.293217 mse_soft=0.293072 ent_in=1.0901 ent_out=0.3632 rowmax_in=0.5216 rowmax_out=0.8369 discrete_mse=1.341712 best_discrete=1.341712 hash=False elapsed=40.2s
step   450/700 tau=0.0935 loss=0.295022 mse_soft=0.294878 ent_in=1.0827 ent_out=0.3622 rowmax_in=0.5250 rowmax_out=0.8367 discrete_mse=5.839418 best_discrete=1.341712 hash=False elapsed=42.6s
step   475/700 tau=0.0820 loss=0.294648 mse_soft=0.294504 ent_in=1.0754 ent_out=0.3668 rowmax_in=0.5285 rowmax_out=0.8318 discrete_mse=7.263308 best_discrete=1.341712 hash=False elapsed=44.9s
step   500/700 tau=0.0718 loss=0.293838 mse_soft=0.293696 ent_in=1.0663 ent_out=0.3594 rowmax_in=0.5323 rowmax_out=0.8328 discrete_mse=7.263308 best_discrete=1.341712 hash=False elapsed=47.4s
step   525/700 tau=0.0630 loss=0.314935 mse_soft=0.314792 ent_in=1.0747 ent_out=0.3585 rowmax_in=0.5241 rowmax_out=0.8292 discrete_mse=5.839418 best_discrete=1.341712 hash=False elapsed=49.8s
step   550/700 tau=0.0552 loss=0.304098 mse_soft=0.303956 ent_in=1.0597 ent_out=0.3578 rowmax_in=0.5313 rowmax_out=0.8265 discrete_mse=1.897440 best_discrete=1.341712 hash=False elapsed=52.3s
step   575/700 tau=0.0484 loss=0.310862 mse_soft=0.310721 ent_in=1.0525 ent_out=0.3528 rowmax_in=0.5350 rowmax_out=0.8276 discrete_mse=0.918941 best_discrete=0.918941 hash=False elapsed=54.5s
step   600/700 tau=0.0424 loss=0.296562 mse_soft=0.296426 ent_in=1.0147 ent_out=0.3445 rowmax_in=0.5505 rowmax_out=0.8295 discrete_mse=4.290213 best_discrete=0.918941 hash=False elapsed=56.7s
step   625/700 tau=0.0371 loss=0.336540 mse_soft=0.336407 ent_in=0.9974 ent_out=0.3334 rowmax_in=0.5544 rowmax_out=0.8329 discrete_mse=15.603127 best_discrete=0.918941 hash=False elapsed=59.0s
step   650/700 tau=0.0325 loss=0.346504 mse_soft=0.346393 ent_in=0.7995 ent_out=0.3095 rowmax_in=0.6292 rowmax_out=0.8408 discrete_mse=37.257366 best_discrete=0.918941 hash=False elapsed=61.1s
step   675/700 tau=0.0285 loss=0.421771 mse_soft=0.421676 ent_in=0.6414 ent_out=0.3030 rowmax_in=0.7109 rowmax_out=0.8496 discrete_mse=11.849826 best_discrete=0.918941 hash=False elapsed=63.1s
step   700/700 tau=0.0250 loss=0.386631 mse_soft=0.386554 ent_in=0.5252 ent_out=0.2426 rowmax_in=0.7499 rowmax_out=0.8855 discrete_mse=25.093809 best_discrete=0.918941 hash=False elapsed=65.2s

Final metrics:
  soft_mse_full=0.351687
  rowmax_in_mean=0.7435
  rowmax_out_mean=0.8693
  ent_in_mean=0.5311
  ent_out_mean=0.2462
  final_discrete_mse=22.213158
  hash_match=False
  best_discrete_mse_seen=0.918941
Saved results to overnight_b026_j4.json
