Using device: cuda
Train rows: 4096 / Full rows: 10000, steps=900, lr=0.03
step     1/900 tau=1.0000 loss=1.062055 mse_soft=1.059732 ent_in=3.8712 ent_out=3.8712 rowmax_in=0.0213 rowmax_out=0.0213 discrete_mse=14.495728 best_discrete=14.495728 hash=False elapsed=0.5s
step    25/900 tau=0.9090 loss=0.859975 mse_soft=0.857785 ent_in=3.6322 ent_out=3.6651 rowmax_in=0.0464 rowmax_out=0.0442 discrete_mse=2059.428711 best_discrete=14.495728 hash=False elapsed=2.4s
step    50/900 tau=0.8229 loss=0.641451 mse_soft=0.639550 ent_in=3.1221 ent_out=3.2136 rowmax_in=0.0921 rowmax_out=0.0918 discrete_mse=251.447876 best_discrete=14.495728 hash=False elapsed=4.4s
step    75/900 tau=0.7450 loss=0.505073 mse_soft=0.503494 ent_in=2.5976 ent_out=2.6665 rowmax_in=0.2023 rowmax_out=0.2012 discrete_mse=217.257248 best_discrete=14.495728 hash=False elapsed=6.7s
step   100/900 tau=0.6745 loss=0.393357 mse_soft=0.392212 ent_in=1.9010 ent_out=1.9161 rowmax_in=0.3773 rowmax_out=0.3868 discrete_mse=674.517578 best_discrete=14.495728 hash=False elapsed=8.8s
step   125/900 tau=0.6107 loss=0.337329 mse_soft=0.336473 ent_in=1.5354 ent_out=1.3174 rowmax_in=0.4580 rowmax_out=0.5487 discrete_mse=1149.411499 best_discrete=14.495728 hash=False elapsed=10.9s
step   150/900 tau=0.5529 loss=0.312029 mse_soft=0.311351 ent_in=1.3987 ent_out=0.8616 rowmax_in=0.4762 rowmax_out=0.6965 discrete_mse=86.758896 best_discrete=14.495728 hash=False elapsed=12.9s
step   175/900 tau=0.5006 loss=0.302643 mse_soft=0.302047 ent_in=1.3089 ent_out=0.6766 rowmax_in=0.4871 rowmax_out=0.7498 discrete_mse=183.412445 best_discrete=14.495728 hash=False elapsed=14.7s
step   200/900 tau=0.4532 loss=0.296045 mse_soft=0.295495 ent_in=1.2639 ent_out=0.5674 rowmax_in=0.4957 rowmax_out=0.7804 discrete_mse=44.131855 best_discrete=14.495728 hash=False elapsed=16.7s
step   225/900 tau=0.4103 loss=0.291503 mse_soft=0.290987 ent_in=1.2280 ent_out=0.4945 rowmax_in=0.5060 rowmax_out=0.7886 discrete_mse=33.032059 best_discrete=14.495728 hash=False elapsed=18.6s
step   250/900 tau=0.3715 loss=0.286458 mse_soft=0.285954 ent_in=1.2091 ent_out=0.4702 rowmax_in=0.5103 rowmax_out=0.7986 discrete_mse=254.249146 best_discrete=14.495728 hash=False elapsed=20.7s
step   275/900 tau=0.3363 loss=0.282858 mse_soft=0.282373 ent_in=1.1740 ent_out=0.4414 rowmax_in=0.5149 rowmax_out=0.8088 discrete_mse=191.239227 best_discrete=14.495728 hash=False elapsed=22.9s
step   300/900 tau=0.3045 loss=0.279695 mse_soft=0.279216 ent_in=1.1578 ent_out=0.4393 rowmax_in=0.5198 rowmax_out=0.8076 discrete_mse=180.450012 best_discrete=14.495728 hash=False elapsed=25.2s
step   325/900 tau=0.2756 loss=0.276981 mse_soft=0.276506 ent_in=1.1509 ent_out=0.4337 rowmax_in=0.5224 rowmax_out=0.8113 discrete_mse=150.733856 best_discrete=14.495728 hash=False elapsed=27.1s
step   350/900 tau=0.2496 loss=0.289665 mse_soft=0.289196 ent_in=1.1462 ent_out=0.4183 rowmax_in=0.5231 rowmax_out=0.8191 discrete_mse=150.733856 best_discrete=14.495728 hash=False elapsed=29.3s
step   375/900 tau=0.2259 loss=0.275232 mse_soft=0.274770 ent_in=1.1339 ent_out=0.4061 rowmax_in=0.5260 rowmax_out=0.8199 discrete_mse=150.733856 best_discrete=14.495728 hash=False elapsed=31.2s
step   400/900 tau=0.2046 loss=0.275839 mse_soft=0.275382 ent_in=1.1329 ent_out=0.3889 rowmax_in=0.5246 rowmax_out=0.8262 discrete_mse=150.733856 best_discrete=14.495728 hash=False elapsed=33.3s
step   425/900 tau=0.1852 loss=0.277240 mse_soft=0.276788 ent_in=1.1322 ent_out=0.3749 rowmax_in=0.5234 rowmax_out=0.8302 discrete_mse=150.733856 best_discrete=14.495728 hash=False elapsed=35.5s
step   450/900 tau=0.1677 loss=0.275441 mse_soft=0.274990 ent_in=1.1323 ent_out=0.3728 rowmax_in=0.5216 rowmax_out=0.8282 discrete_mse=180.450012 best_discrete=14.495728 hash=False elapsed=37.4s
step   475/900 tau=0.1518 loss=0.276068 mse_soft=0.275617 ent_in=1.1255 ent_out=0.3754 rowmax_in=0.5225 rowmax_out=0.8232 discrete_mse=180.450012 best_discrete=14.495728 hash=False elapsed=39.4s
step   500/900 tau=0.1374 loss=0.280597 mse_soft=0.280150 ent_in=1.1152 ent_out=0.3767 rowmax_in=0.5237 rowmax_out=0.8205 discrete_mse=245.617737 best_discrete=14.495728 hash=False elapsed=41.3s
step   525/900 tau=0.1244 loss=0.281845 mse_soft=0.281398 ent_in=1.1180 ent_out=0.3698 rowmax_in=0.5219 rowmax_out=0.8225 discrete_mse=225.327591 best_discrete=14.495728 hash=False elapsed=43.4s
step   550/900 tau=0.1126 loss=0.274974 mse_soft=0.274526 ent_in=1.1186 ent_out=0.3729 rowmax_in=0.5202 rowmax_out=0.8206 discrete_mse=364.943390 best_discrete=14.495728 hash=False elapsed=45.5s
step   575/900 tau=0.1020 loss=0.281376 mse_soft=0.280930 ent_in=1.1143 ent_out=0.3725 rowmax_in=0.5188 rowmax_out=0.8194 discrete_mse=291.754364 best_discrete=14.495728 hash=False elapsed=47.5s
step   600/900 tau=0.0923 loss=0.284415 mse_soft=0.283974 ent_in=1.0996 ent_out=0.3700 rowmax_in=0.5213 rowmax_out=0.8102 discrete_mse=86.878532 best_discrete=14.495728 hash=False elapsed=49.6s
step   625/900 tau=0.0836 loss=0.282454 mse_soft=0.282014 ent_in=1.1006 ent_out=0.3656 rowmax_in=0.5164 rowmax_out=0.8170 discrete_mse=261.551056 best_discrete=14.495728 hash=False elapsed=51.7s
step   650/900 tau=0.0757 loss=0.278405 mse_soft=0.277967 ent_in=1.0919 ent_out=0.3702 rowmax_in=0.5216 rowmax_out=0.8120 discrete_mse=335.024078 best_discrete=14.495728 hash=False elapsed=53.9s
step   675/900 tau=0.0685 loss=0.294481 mse_soft=0.294072 ent_in=1.0262 ent_out=0.3386 rowmax_in=0.5486 rowmax_out=0.8255 discrete_mse=125.256081 best_discrete=14.495728 hash=False elapsed=56.1s
step   700/900 tau=0.0620 loss=0.291027 mse_soft=0.290614 ent_in=1.0449 ent_out=0.3312 rowmax_in=0.5353 rowmax_out=0.8263 discrete_mse=98.266747 best_discrete=14.495728 hash=False elapsed=58.4s
step   725/900 tau=0.0562 loss=0.288199 mse_soft=0.287797 ent_in=1.0129 ent_out=0.3287 rowmax_in=0.5519 rowmax_out=0.8212 discrete_mse=169.346695 best_discrete=14.495728 hash=False elapsed=60.5s
step   750/900 tau=0.0508 loss=0.504410 mse_soft=0.504175 ent_in=0.5772 ent_out=0.2076 rowmax_in=0.7464 rowmax_out=0.9059 discrete_mse=22.224604 best_discrete=14.495728 hash=False elapsed=62.3s
step   775/900 tau=0.0460 loss=0.448228 mse_soft=0.448049 ent_in=0.4317 ent_out=0.1642 rowmax_in=0.7838 rowmax_out=0.9248 discrete_mse=64.254120 best_discrete=14.495728 hash=False elapsed=64.5s
step   800/900 tau=0.0417 loss=0.492703 mse_soft=0.492556 ent_in=0.2974 ent_out=0.1937 rowmax_in=0.8436 rowmax_out=0.9058 discrete_mse=13.861925 best_discrete=13.861925 hash=False elapsed=66.5s
step   825/900 tau=0.0377 loss=0.462402 mse_soft=0.462263 ent_in=0.2941 ent_out=0.1694 rowmax_in=0.8519 rowmax_out=0.9198 discrete_mse=2.082021 best_discrete=2.082021 hash=False elapsed=68.6s
step   850/900 tau=0.0342 loss=0.445501 mse_soft=0.445374 ent_in=0.2484 ent_out=0.1760 rowmax_in=0.8605 rowmax_out=0.9177 discrete_mse=11.237362 best_discrete=2.082021 hash=False elapsed=70.8s
step   875/900 tau=0.0309 loss=0.463913 mse_soft=0.463798 ent_in=0.2241 ent_out=0.1572 rowmax_in=0.8750 rowmax_out=0.9266 discrete_mse=49.908897 best_discrete=2.082021 hash=False elapsed=72.8s
step   900/900 tau=0.0280 loss=0.521844 mse_soft=0.521731 ent_in=0.2301 ent_out=0.1470 rowmax_in=0.8838 rowmax_out=0.9272 discrete_mse=139.961197 best_discrete=2.082021 hash=False elapsed=74.7s

Final metrics:
  soft_mse_full=0.476145
  rowmax_in_mean=0.8895
  rowmax_out_mean=0.9299
  ent_in_mean=0.2175
  ent_out_mean=0.1442
  final_discrete_mse=139.961197
  hash_match=False
  best_discrete_mse_seen=2.082021
Saved results to overnight_b072_j2.json
