Using device: cuda
Train rows: 4096 / Full rows: 10000, steps=900, lr=0.03
step     1/900 tau=1.0000 loss=1.033127 mse_soft=1.030804 ent_in=3.8712 ent_out=3.8712 rowmax_in=0.0213 rowmax_out=0.0213 discrete_mse=724.187256 best_discrete=724.187256 hash=False elapsed=0.5s
step    25/900 tau=0.9090 loss=0.837331 mse_soft=0.835141 ent_in=3.6335 ent_out=3.6659 rowmax_in=0.0452 rowmax_out=0.0448 discrete_mse=799.036682 best_discrete=724.187256 hash=False elapsed=2.6s
step    50/900 tau=0.8229 loss=0.632835 mse_soft=0.630929 ent_in=3.1330 ent_out=3.2187 rowmax_in=0.0945 rowmax_out=0.0898 discrete_mse=6321.016113 best_discrete=724.187256 hash=False elapsed=5.1s
step    75/900 tau=0.7450 loss=0.498757 mse_soft=0.497187 ent_in=2.5888 ent_out=2.6425 rowmax_in=0.2046 rowmax_out=0.2146 discrete_mse=391.166077 best_discrete=391.166077 hash=False elapsed=7.3s
step   100/900 tau=0.6745 loss=0.391880 mse_soft=0.390740 ent_in=1.9503 ent_out=1.8500 rowmax_in=0.3747 rowmax_out=0.4207 discrete_mse=1936.537109 best_discrete=391.166077 hash=False elapsed=9.4s
step   125/900 tau=0.6107 loss=0.327419 mse_soft=0.326617 ent_in=1.5195 ent_out=1.1540 rowmax_in=0.4649 rowmax_out=0.6124 discrete_mse=568.984497 best_discrete=391.166077 hash=False elapsed=11.5s
step   150/900 tau=0.5529 loss=0.305744 mse_soft=0.305084 ent_in=1.3959 ent_out=0.8024 rowmax_in=0.4796 rowmax_out=0.7188 discrete_mse=392.364655 best_discrete=391.166077 hash=False elapsed=13.5s
step   175/900 tau=0.5006 loss=0.287847 mse_soft=0.287275 ent_in=1.3287 ent_out=0.5779 rowmax_in=0.4829 rowmax_out=0.7967 discrete_mse=638.355713 best_discrete=391.166077 hash=False elapsed=15.5s
step   200/900 tau=0.4532 loss=0.277044 mse_soft=0.276541 ent_in=1.2707 ent_out=0.4055 rowmax_in=0.4822 rowmax_out=0.8517 discrete_mse=1116.530518 best_discrete=391.166077 hash=False elapsed=17.7s
step   225/900 tau=0.4103 loss=0.271014 mse_soft=0.270554 ent_in=1.2260 ent_out=0.3091 rowmax_in=0.4883 rowmax_out=0.8754 discrete_mse=942.192200 best_discrete=391.166077 hash=False elapsed=19.8s
step   250/900 tau=0.3715 loss=0.269780 mse_soft=0.269335 ent_in=1.2075 ent_out=0.2780 rowmax_in=0.4884 rowmax_out=0.8811 discrete_mse=655.196411 best_discrete=391.166077 hash=False elapsed=22.2s
step   275/900 tau=0.3363 loss=0.268032 mse_soft=0.267593 ent_in=1.2009 ent_out=0.2634 rowmax_in=0.4881 rowmax_out=0.8820 discrete_mse=942.192200 best_discrete=391.166077 hash=False elapsed=24.2s
step   300/900 tau=0.3045 loss=0.265198 mse_soft=0.264765 ent_in=1.1940 ent_out=0.2486 rowmax_in=0.4867 rowmax_out=0.8865 discrete_mse=1116.530518 best_discrete=391.166077 hash=False elapsed=26.2s
step   325/900 tau=0.2756 loss=0.263796 mse_soft=0.263371 ent_in=1.1785 ent_out=0.2367 rowmax_in=0.4873 rowmax_out=0.8887 discrete_mse=420.050629 best_discrete=391.166077 hash=False elapsed=28.4s
step   350/900 tau=0.2496 loss=0.260916 mse_soft=0.260495 ent_in=1.1784 ent_out=0.2241 rowmax_in=0.4888 rowmax_out=0.8934 discrete_mse=812.973999 best_discrete=391.166077 hash=False elapsed=30.7s
step   375/900 tau=0.2259 loss=0.262597 mse_soft=0.262181 ent_in=1.1716 ent_out=0.2158 rowmax_in=0.4913 rowmax_out=0.8946 discrete_mse=577.364563 best_discrete=391.166077 hash=False elapsed=32.9s
step   400/900 tau=0.2046 loss=0.261424 mse_soft=0.261009 ent_in=1.1684 ent_out=0.2146 rowmax_in=0.4895 rowmax_out=0.8946 discrete_mse=577.364563 best_discrete=391.166077 hash=False elapsed=35.2s
step   425/900 tau=0.1852 loss=0.261378 mse_soft=0.260964 ent_in=1.1635 ent_out=0.2156 rowmax_in=0.4890 rowmax_out=0.8938 discrete_mse=577.364563 best_discrete=391.166077 hash=False elapsed=37.7s
step   450/900 tau=0.1677 loss=0.261264 mse_soft=0.260851 ent_in=1.1592 ent_out=0.2195 rowmax_in=0.4895 rowmax_out=0.8917 discrete_mse=577.364563 best_discrete=391.166077 hash=False elapsed=40.2s
step   475/900 tau=0.1518 loss=0.260124 mse_soft=0.259712 ent_in=1.1539 ent_out=0.2216 rowmax_in=0.4926 rowmax_out=0.8906 discrete_mse=577.364563 best_discrete=391.166077 hash=False elapsed=42.6s
step   500/900 tau=0.1374 loss=0.262110 mse_soft=0.261698 ent_in=1.1518 ent_out=0.2215 rowmax_in=0.4925 rowmax_out=0.8925 discrete_mse=577.364563 best_discrete=391.166077 hash=False elapsed=45.0s
step   525/900 tau=0.1244 loss=0.261352 mse_soft=0.260941 ent_in=1.1467 ent_out=0.2230 rowmax_in=0.4950 rowmax_out=0.8925 discrete_mse=577.364563 best_discrete=391.166077 hash=False elapsed=47.4s
step   550/900 tau=0.1126 loss=0.265345 mse_soft=0.264935 ent_in=1.1452 ent_out=0.2214 rowmax_in=0.4943 rowmax_out=0.8950 discrete_mse=577.364563 best_discrete=391.166077 hash=False elapsed=49.7s
step   575/900 tau=0.1020 loss=0.262819 mse_soft=0.262413 ent_in=1.1383 ent_out=0.2152 rowmax_in=0.4946 rowmax_out=0.8965 discrete_mse=319.014526 best_discrete=319.014526 hash=False elapsed=51.8s
step   600/900 tau=0.0923 loss=0.275430 mse_soft=0.275027 ent_in=1.1354 ent_out=0.2086 rowmax_in=0.4930 rowmax_out=0.8998 discrete_mse=319.014526 best_discrete=319.014526 hash=False elapsed=53.8s
step   625/900 tau=0.0836 loss=0.272588 mse_soft=0.272188 ent_in=1.1255 ent_out=0.2064 rowmax_in=0.4993 rowmax_out=0.8999 discrete_mse=518.921814 best_discrete=319.014526 hash=False elapsed=56.0s
step   650/900 tau=0.0757 loss=0.272996 mse_soft=0.272610 ent_in=1.0880 ent_out=0.1989 rowmax_in=0.5152 rowmax_out=0.9072 discrete_mse=387.711243 best_discrete=319.014526 hash=False elapsed=58.2s
step   675/900 tau=0.0685 loss=0.266284 mse_soft=0.265897 ent_in=1.0902 ent_out=0.1996 rowmax_in=0.5130 rowmax_out=0.9023 discrete_mse=319.014526 best_discrete=319.014526 hash=False elapsed=60.4s
step   700/900 tau=0.0620 loss=0.267863 mse_soft=0.267479 ent_in=1.0907 ent_out=0.1904 rowmax_in=0.5077 rowmax_out=0.9113 discrete_mse=330.631927 best_discrete=319.014526 hash=False elapsed=62.6s
step   725/900 tau=0.0562 loss=0.358617 mse_soft=0.358350 ent_in=0.7630 ent_out=0.1272 rowmax_in=0.6470 rowmax_out=0.9506 discrete_mse=58.670624 best_discrete=58.670624 hash=False elapsed=64.7s
step   750/900 tau=0.0508 loss=0.367089 mse_soft=0.366859 ent_in=0.6083 ent_out=0.1584 rowmax_in=0.6982 rowmax_out=0.9179 discrete_mse=27.135881 best_discrete=27.135881 hash=False elapsed=66.8s
step   775/900 tau=0.0460 loss=0.351026 mse_soft=0.350799 ent_in=0.6029 ent_out=0.1549 rowmax_in=0.6991 rowmax_out=0.9239 discrete_mse=29.208492 best_discrete=27.135881 hash=False elapsed=68.8s
step   800/900 tau=0.0417 loss=0.346015 mse_soft=0.345783 ent_in=0.6169 ent_out=0.1568 rowmax_in=0.6848 rowmax_out=0.9242 discrete_mse=30.520521 best_discrete=27.135881 hash=False elapsed=70.8s
step   825/900 tau=0.0377 loss=0.521475 mse_soft=0.521327 ent_in=0.4269 ent_out=0.0681 rowmax_in=0.8009 rowmax_out=0.9752 discrete_mse=3.644266 best_discrete=3.644266 hash=False elapsed=72.7s
step   850/900 tau=0.0342 loss=0.413589 mse_soft=0.413436 ent_in=0.4213 ent_out=0.0910 rowmax_in=0.7764 rowmax_out=0.9606 discrete_mse=2.997235 best_discrete=2.997235 hash=False elapsed=74.7s
step   875/900 tau=0.0309 loss=0.382910 mse_soft=0.382754 ent_in=0.4278 ent_out=0.0931 rowmax_in=0.7757 rowmax_out=0.9589 discrete_mse=1.837831 best_discrete=1.837831 hash=False elapsed=76.7s
step   900/900 tau=0.0280 loss=0.383922 mse_soft=0.383762 ent_in=0.4368 ent_out=0.0949 rowmax_in=0.7677 rowmax_out=0.9580 discrete_mse=2.985942 best_discrete=1.837831 hash=False elapsed=78.7s

Final metrics:
  soft_mse_full=0.406543
  rowmax_in_mean=0.7643
  rowmax_out_mean=0.9654
  ent_in_mean=0.4399
  ent_out_mean=0.0888
  final_discrete_mse=1.837831
  hash_match=False
  best_discrete_mse_seen=1.837831
Saved results to overnight_b174_j2.json
