Using device: cuda
Train rows: 10000 / Full rows: 10000, steps=700, lr=0.015
step     1/700 tau=1.0000 loss=1.064202 mse_soft=1.063428 ent_in=3.8712 ent_out=3.8712 rowmax_in=0.0213 rowmax_out=0.0213 discrete_mse=95.179329 best_discrete=95.179329 hash=False elapsed=0.5s
step    25/700 tau=0.8810 loss=0.972091 mse_soft=0.971331 ent_in=3.7935 ent_out=3.8056 rowmax_in=0.0333 rowmax_out=0.0322 discrete_mse=190.204025 best_discrete=95.179329 hash=False elapsed=2.5s
step    50/700 tau=0.7721 loss=0.787079 mse_soft=0.786371 ent_in=3.5159 ent_out=3.5658 rowmax_in=0.0568 rowmax_out=0.0548 discrete_mse=9220.879883 best_discrete=95.179329 hash=False elapsed=4.7s
step    75/700 tau=0.6767 loss=0.642677 mse_soft=0.642040 ent_in=3.1339 ent_out=3.2290 rowmax_in=0.0952 rowmax_out=0.0928 discrete_mse=1055.195190 best_discrete=95.179329 hash=False elapsed=7.1s
step   100/700 tau=0.5931 loss=0.527541 mse_soft=0.526992 ent_in=2.7001 ent_out=2.7970 rowmax_in=0.1798 rowmax_out=0.1732 discrete_mse=2425.360840 best_discrete=95.179329 hash=False elapsed=9.4s
step   125/700 tau=0.5198 loss=0.432087 mse_soft=0.431654 ent_in=2.1838 ent_out=2.1493 rowmax_in=0.3009 rowmax_out=0.3204 discrete_mse=591.920898 best_discrete=95.179329 hash=False elapsed=11.7s
step   150/700 tau=0.4555 loss=0.364552 mse_soft=0.364231 ent_in=1.7054 ent_out=1.5060 rowmax_in=0.4297 rowmax_out=0.5113 discrete_mse=753.956055 best_discrete=95.179329 hash=False elapsed=14.0s
step   175/700 tau=0.3992 loss=0.330998 mse_soft=0.330752 ent_in=1.4492 ent_out=1.0114 rowmax_in=0.4800 rowmax_out=0.6510 discrete_mse=219.109268 best_discrete=95.179329 hash=False elapsed=16.2s
step   200/700 tau=0.3499 loss=0.315654 mse_soft=0.315454 ent_in=1.2769 ent_out=0.7167 rowmax_in=0.5132 rowmax_out=0.7306 discrete_mse=120.170631 best_discrete=95.179329 hash=False elapsed=18.5s
step   225/700 tau=0.3066 loss=0.309722 mse_soft=0.309542 ent_in=1.2007 ent_out=0.6007 rowmax_in=0.5229 rowmax_out=0.7574 discrete_mse=36.771057 best_discrete=36.771057 hash=False elapsed=20.8s
step   250/700 tau=0.2687 loss=0.305689 mse_soft=0.305517 ent_in=1.1645 ent_out=0.5492 rowmax_in=0.5258 rowmax_out=0.7649 discrete_mse=124.632462 best_discrete=36.771057 hash=False elapsed=23.1s
step   275/700 tau=0.2355 loss=0.303027 mse_soft=0.302861 ent_in=1.1477 ent_out=0.5100 rowmax_in=0.5266 rowmax_out=0.7715 discrete_mse=82.984924 best_discrete=36.771057 hash=False elapsed=25.5s
step   300/700 tau=0.2064 loss=0.301361 mse_soft=0.301198 ent_in=1.1342 ent_out=0.4946 rowmax_in=0.5281 rowmax_out=0.7682 discrete_mse=444.702576 best_discrete=36.771057 hash=False elapsed=27.8s
step   325/700 tau=0.1809 loss=0.301692 mse_soft=0.301532 ent_in=1.1236 ent_out=0.4829 rowmax_in=0.5296 rowmax_out=0.7677 discrete_mse=603.853699 best_discrete=36.771057 hash=False elapsed=30.0s
step   350/700 tau=0.1585 loss=0.301426 mse_soft=0.301268 ent_in=1.1127 ent_out=0.4697 rowmax_in=0.5320 rowmax_out=0.7670 discrete_mse=603.853699 best_discrete=36.771057 hash=False elapsed=32.1s
step   375/700 tau=0.1389 loss=0.301714 mse_soft=0.301559 ent_in=1.0985 ent_out=0.4589 rowmax_in=0.5357 rowmax_out=0.7668 discrete_mse=603.853699 best_discrete=36.771057 hash=False elapsed=34.1s
step   400/700 tau=0.1218 loss=0.298256 mse_soft=0.298103 ent_in=1.0770 ent_out=0.4527 rowmax_in=0.5465 rowmax_out=0.7672 discrete_mse=426.588745 best_discrete=36.771057 hash=False elapsed=36.5s
step   425/700 tau=0.1067 loss=0.298571 mse_soft=0.298420 ent_in=1.0678 ent_out=0.4482 rowmax_in=0.5478 rowmax_out=0.7685 discrete_mse=217.925293 best_discrete=36.771057 hash=False elapsed=38.6s
step   450/700 tau=0.0935 loss=0.298638 mse_soft=0.298487 ent_in=1.0653 ent_out=0.4434 rowmax_in=0.5470 rowmax_out=0.7733 discrete_mse=210.219315 best_discrete=36.771057 hash=False elapsed=41.0s
step   475/700 tau=0.0820 loss=0.297134 mse_soft=0.296984 ent_in=1.0591 ent_out=0.4351 rowmax_in=0.5480 rowmax_out=0.7804 discrete_mse=170.630997 best_discrete=36.771057 hash=False elapsed=43.3s
step   500/700 tau=0.0718 loss=0.307303 mse_soft=0.307154 ent_in=1.0561 ent_out=0.4259 rowmax_in=0.5485 rowmax_out=0.7879 discrete_mse=389.309235 best_discrete=36.771057 hash=False elapsed=45.6s
step   525/700 tau=0.0630 loss=0.303201 mse_soft=0.303055 ent_in=1.0416 ent_out=0.4170 rowmax_in=0.5518 rowmax_out=0.7960 discrete_mse=256.356842 best_discrete=36.771057 hash=False elapsed=47.8s
step   550/700 tau=0.0552 loss=0.304747 mse_soft=0.304604 ent_in=1.0306 ent_out=0.4009 rowmax_in=0.5526 rowmax_out=0.8080 discrete_mse=224.681198 best_discrete=36.771057 hash=False elapsed=50.1s
step   575/700 tau=0.0484 loss=0.296077 mse_soft=0.295937 ent_in=1.0236 ent_out=0.3794 rowmax_in=0.5522 rowmax_out=0.8201 discrete_mse=245.025345 best_discrete=36.771057 hash=False elapsed=52.5s
step   600/700 tau=0.0424 loss=0.310406 mse_soft=0.310270 ent_in=0.9950 ent_out=0.3661 rowmax_in=0.5657 rowmax_out=0.8314 discrete_mse=190.238892 best_discrete=36.771057 hash=False elapsed=54.7s
step   625/700 tau=0.0371 loss=0.319787 mse_soft=0.319653 ent_in=1.0023 ent_out=0.3442 rowmax_in=0.5566 rowmax_out=0.8386 discrete_mse=115.909546 best_discrete=36.771057 hash=False elapsed=56.9s
step   650/700 tau=0.0325 loss=0.370416 mse_soft=0.370285 ent_in=0.9795 ent_out=0.3338 rowmax_in=0.5668 rowmax_out=0.8419 discrete_mse=126.761795 best_discrete=36.771057 hash=False elapsed=59.2s
step   675/700 tau=0.0285 loss=0.318029 mse_soft=0.317910 ent_in=0.8695 ent_out=0.3164 rowmax_in=0.6067 rowmax_out=0.8533 discrete_mse=15.011934 best_discrete=15.011934 hash=False elapsed=61.4s
step   700/700 tau=0.0250 loss=0.323424 mse_soft=0.323314 ent_in=0.8002 ent_out=0.2985 rowmax_in=0.6254 rowmax_out=0.8457 discrete_mse=8.679124 best_discrete=8.679124 hash=False elapsed=63.7s

Final metrics:
  soft_mse_full=0.317356
  rowmax_in_mean=0.6320
  rowmax_out_mean=0.8466
  ent_in_mean=0.7999
  ent_out_mean=0.2965
  final_discrete_mse=10.144334
  hash_match=False
  best_discrete_mse_seen=8.679124
Saved results to overnight_b158_j4.json
