Using device: cuda
Train rows: 4096 / Full rows: 10000, steps=900, lr=0.03
step     1/900 tau=1.0000 loss=1.065282 mse_soft=1.062960 ent_in=3.8712 ent_out=3.8712 rowmax_in=0.0213 rowmax_out=0.0213 discrete_mse=63.986073 best_discrete=63.986073 hash=False elapsed=0.5s
step    25/900 tau=0.9090 loss=0.861150 mse_soft=0.858960 ent_in=3.6315 ent_out=3.6690 rowmax_in=0.0462 rowmax_out=0.0438 discrete_mse=3310.597900 best_discrete=63.986073 hash=False elapsed=2.6s
step    50/900 tau=0.8229 loss=0.650138 mse_soft=0.648231 ent_in=3.1291 ent_out=3.2269 rowmax_in=0.0950 rowmax_out=0.0884 discrete_mse=3490.571533 best_discrete=63.986073 hash=False elapsed=4.9s
step    75/900 tau=0.7450 loss=0.513039 mse_soft=0.511470 ent_in=2.5739 ent_out=2.6542 rowmax_in=0.2071 rowmax_out=0.2046 discrete_mse=598.157715 best_discrete=63.986073 hash=False elapsed=7.1s
step   100/900 tau=0.6745 loss=0.402982 mse_soft=0.401831 ent_in=1.9713 ent_out=1.8650 rowmax_in=0.3625 rowmax_out=0.4093 discrete_mse=1925.953735 best_discrete=63.986073 hash=False elapsed=9.3s
step   125/900 tau=0.6107 loss=0.345111 mse_soft=0.344300 ent_in=1.5765 ent_out=1.1271 rowmax_in=0.4349 rowmax_out=0.6400 discrete_mse=1317.128662 best_discrete=63.986073 hash=False elapsed=11.6s
step   150/900 tau=0.5529 loss=0.322933 mse_soft=0.322270 ent_in=1.4397 ent_out=0.7711 rowmax_in=0.4553 rowmax_out=0.7114 discrete_mse=266.024780 best_discrete=63.986073 hash=False elapsed=13.7s
step   175/900 tau=0.5006 loss=0.306958 mse_soft=0.306385 ent_in=1.3249 ent_out=0.5853 rowmax_in=0.4882 rowmax_out=0.7715 discrete_mse=307.399200 best_discrete=63.986073 hash=False elapsed=15.8s
step   200/900 tau=0.4532 loss=0.297659 mse_soft=0.297148 ent_in=1.2437 ent_out=0.4603 rowmax_in=0.5066 rowmax_out=0.8033 discrete_mse=219.075668 best_discrete=63.986073 hash=False elapsed=17.9s
step   225/900 tau=0.4103 loss=0.291114 mse_soft=0.290630 ent_in=1.2028 ent_out=0.4098 rowmax_in=0.5140 rowmax_out=0.8129 discrete_mse=423.250153 best_discrete=63.986073 hash=False elapsed=20.1s
step   250/900 tau=0.3715 loss=0.289577 mse_soft=0.289107 ent_in=1.1714 ent_out=0.3937 rowmax_in=0.5204 rowmax_out=0.8223 discrete_mse=159.168365 best_discrete=63.986073 hash=False elapsed=22.2s
step   275/900 tau=0.3363 loss=0.285603 mse_soft=0.285140 ent_in=1.1550 ent_out=0.3894 rowmax_in=0.5257 rowmax_out=0.8217 discrete_mse=159.168365 best_discrete=63.986073 hash=False elapsed=24.5s
step   300/900 tau=0.3045 loss=0.283902 mse_soft=0.283444 ent_in=1.1453 ent_out=0.3820 rowmax_in=0.5288 rowmax_out=0.8227 discrete_mse=225.442398 best_discrete=63.986073 hash=False elapsed=26.8s
step   325/900 tau=0.2756 loss=0.283378 mse_soft=0.282926 ent_in=1.1193 ent_out=0.3874 rowmax_in=0.5376 rowmax_out=0.8186 discrete_mse=137.518234 best_discrete=63.986073 hash=False elapsed=29.0s
step   350/900 tau=0.2496 loss=0.282332 mse_soft=0.281885 ent_in=1.1072 ent_out=0.3832 rowmax_in=0.5389 rowmax_out=0.8211 discrete_mse=137.518234 best_discrete=63.986073 hash=False elapsed=31.1s
step   375/900 tau=0.2259 loss=0.283033 mse_soft=0.282590 ent_in=1.0934 ent_out=0.3830 rowmax_in=0.5424 rowmax_out=0.8204 discrete_mse=329.123169 best_discrete=63.986073 hash=False elapsed=33.4s
step   400/900 tau=0.2046 loss=0.278885 mse_soft=0.278452 ent_in=1.0701 ent_out=0.3741 rowmax_in=0.5507 rowmax_out=0.8286 discrete_mse=117.742874 best_discrete=63.986073 hash=False elapsed=35.6s
step   425/900 tau=0.1852 loss=0.281594 mse_soft=0.281167 ent_in=1.0575 ent_out=0.3645 rowmax_in=0.5530 rowmax_out=0.8354 discrete_mse=117.742874 best_discrete=63.986073 hash=False elapsed=37.9s
step   450/900 tau=0.1677 loss=0.282969 mse_soft=0.282544 ent_in=1.0498 ent_out=0.3652 rowmax_in=0.5558 rowmax_out=0.8333 discrete_mse=117.742874 best_discrete=63.986073 hash=False elapsed=40.1s
step   475/900 tau=0.1518 loss=0.285141 mse_soft=0.284721 ent_in=1.0430 ent_out=0.3560 rowmax_in=0.5574 rowmax_out=0.8394 discrete_mse=117.742874 best_discrete=63.986073 hash=False elapsed=42.4s
step   500/900 tau=0.1374 loss=0.278656 mse_soft=0.278237 ent_in=1.0387 ent_out=0.3572 rowmax_in=0.5578 rowmax_out=0.8378 discrete_mse=117.742874 best_discrete=63.986073 hash=False elapsed=44.9s
step   525/900 tau=0.1244 loss=0.279075 mse_soft=0.278658 ent_in=1.0373 ent_out=0.3535 rowmax_in=0.5554 rowmax_out=0.8408 discrete_mse=117.742874 best_discrete=63.986073 hash=False elapsed=47.1s
step   550/900 tau=0.1126 loss=0.277016 mse_soft=0.276600 ent_in=1.0303 ent_out=0.3579 rowmax_in=0.5602 rowmax_out=0.8380 discrete_mse=117.742874 best_discrete=63.986073 hash=False elapsed=49.4s
step   575/900 tau=0.1020 loss=0.304900 mse_soft=0.304488 ent_in=1.0245 ent_out=0.3473 rowmax_in=0.5598 rowmax_out=0.8435 discrete_mse=86.160469 best_discrete=63.986073 hash=False elapsed=51.6s
step   600/900 tau=0.0923 loss=0.280586 mse_soft=0.280176 ent_in=1.0099 ent_out=0.3551 rowmax_in=0.5647 rowmax_out=0.8394 discrete_mse=377.323792 best_discrete=63.986073 hash=False elapsed=53.6s
step   625/900 tau=0.0836 loss=0.279108 mse_soft=0.278699 ent_in=1.0111 ent_out=0.3533 rowmax_in=0.5657 rowmax_out=0.8382 discrete_mse=706.916870 best_discrete=63.986073 hash=False elapsed=55.8s
step   650/900 tau=0.0757 loss=0.289946 mse_soft=0.289538 ent_in=1.0104 ent_out=0.3518 rowmax_in=0.5667 rowmax_out=0.8368 discrete_mse=226.076752 best_discrete=63.986073 hash=False elapsed=57.8s
step   675/900 tau=0.0685 loss=0.281631 mse_soft=0.281227 ent_in=1.0057 ent_out=0.3409 rowmax_in=0.5668 rowmax_out=0.8424 discrete_mse=280.339935 best_discrete=63.986073 hash=False elapsed=60.0s
step   700/900 tau=0.0620 loss=0.342412 mse_soft=0.342015 ent_in=1.0028 ent_out=0.3202 rowmax_in=0.5675 rowmax_out=0.8498 discrete_mse=226.076752 best_discrete=63.986073 hash=False elapsed=62.2s
step   725/900 tau=0.0562 loss=0.314117 mse_soft=0.313759 ent_in=0.8759 ent_out=0.3176 rowmax_in=0.6233 rowmax_out=0.8551 discrete_mse=90.360626 best_discrete=63.986073 hash=False elapsed=64.1s
step   750/900 tau=0.0508 loss=0.307014 mse_soft=0.306679 ent_in=0.8383 ent_out=0.2776 rowmax_in=0.6227 rowmax_out=0.8719 discrete_mse=191.582138 best_discrete=63.986073 hash=False elapsed=66.0s
step   775/900 tau=0.0460 loss=0.302420 mse_soft=0.302100 ent_in=0.8122 ent_out=0.2543 rowmax_in=0.6161 rowmax_out=0.8736 discrete_mse=242.017120 best_discrete=63.986073 hash=False elapsed=68.2s
step   800/900 tau=0.0417 loss=0.308666 mse_soft=0.308358 ent_in=0.7943 ent_out=0.2345 rowmax_in=0.6239 rowmax_out=0.8863 discrete_mse=294.575409 best_discrete=63.986073 hash=False elapsed=70.1s
step   825/900 tau=0.0377 loss=0.417478 mse_soft=0.417311 ent_in=0.4154 ent_out=0.1408 rowmax_in=0.7974 rowmax_out=0.9367 discrete_mse=43.324333 best_discrete=43.324333 hash=False elapsed=72.1s
step   850/900 tau=0.0342 loss=0.387586 mse_soft=0.387417 ent_in=0.4230 ent_out=0.1386 rowmax_in=0.7843 rowmax_out=0.9343 discrete_mse=24.999390 best_discrete=24.999390 hash=False elapsed=74.0s
step   875/900 tau=0.0309 loss=0.402636 mse_soft=0.402473 ent_in=0.3879 ent_out=0.1563 rowmax_in=0.7980 rowmax_out=0.9298 discrete_mse=25.033049 best_discrete=24.999390 hash=False elapsed=76.0s
step   900/900 tau=0.0280 loss=0.395457 mse_soft=0.395285 ent_in=0.3953 ent_out=0.1779 rowmax_in=0.7878 rowmax_out=0.9106 discrete_mse=39.527924 best_discrete=24.999390 hash=False elapsed=78.0s

Final metrics:
  soft_mse_full=0.398126
  rowmax_in_mean=0.7886
  rowmax_out_mean=0.9107
  ent_in_mean=0.3948
  ent_out_mean=0.1778
  final_discrete_mse=33.147591
  hash_match=False
  best_discrete_mse_seen=24.999390
Saved results to overnight_b051_j2.json
