Using device: cuda
Train rows: 4096 / Full rows: 10000, steps=900, lr=0.03
step     1/900 tau=1.0000 loss=1.060214 mse_soft=1.057891 ent_in=3.8712 ent_out=3.8712 rowmax_in=0.0213 rowmax_out=0.0213 discrete_mse=139.943573 best_discrete=139.943573 hash=False elapsed=0.5s
step    25/900 tau=0.9106 loss=0.858480 mse_soft=0.856290 ent_in=3.6347 ent_out=3.6651 rowmax_in=0.0455 rowmax_out=0.0449 discrete_mse=994.844788 best_discrete=139.943573 hash=False elapsed=2.7s
step    50/900 tau=0.8260 loss=0.645958 mse_soft=0.644046 ent_in=3.1452 ent_out=3.2260 rowmax_in=0.0919 rowmax_out=0.0882 discrete_mse=3636.641846 best_discrete=139.943573 hash=False elapsed=4.9s
step    75/900 tau=0.7493 loss=0.499153 mse_soft=0.497575 ent_in=2.5879 ent_out=2.6714 rowmax_in=0.2053 rowmax_out=0.1953 discrete_mse=221.653198 best_discrete=139.943573 hash=False elapsed=7.3s
step   100/900 tau=0.6797 loss=0.387505 mse_soft=0.386371 ent_in=1.9010 ent_out=1.8783 rowmax_in=0.3801 rowmax_out=0.3923 discrete_mse=642.261963 best_discrete=139.943573 hash=False elapsed=9.8s
step   125/900 tau=0.6165 loss=0.325399 mse_soft=0.324591 ent_in=1.4794 ent_out=1.2132 rowmax_in=0.4814 rowmax_out=0.6024 discrete_mse=1204.640991 best_discrete=139.943573 hash=False elapsed=12.0s
step   150/900 tau=0.5592 loss=0.299539 mse_soft=0.298895 ent_in=1.2928 ent_out=0.8565 rowmax_in=0.5178 rowmax_out=0.6990 discrete_mse=77.514145 best_discrete=77.514145 hash=False elapsed=14.3s
step   175/900 tau=0.5073 loss=0.289466 mse_soft=0.288889 ent_in=1.2267 ent_out=0.6949 rowmax_in=0.5290 rowmax_out=0.7408 discrete_mse=245.858749 best_discrete=77.514145 hash=False elapsed=16.6s
step   200/900 tau=0.4602 loss=0.283649 mse_soft=0.283105 ent_in=1.2041 ent_out=0.6089 rowmax_in=0.5299 rowmax_out=0.7508 discrete_mse=125.064621 best_discrete=77.514145 hash=False elapsed=18.8s
step   225/900 tau=0.4174 loss=0.280192 mse_soft=0.279668 ent_in=1.1861 ent_out=0.5630 rowmax_in=0.5286 rowmax_out=0.7622 discrete_mse=256.003906 best_discrete=77.514145 hash=False elapsed=21.0s
step   250/900 tau=0.3786 loss=0.278447 mse_soft=0.277940 ent_in=1.1615 ent_out=0.5267 rowmax_in=0.5314 rowmax_out=0.7746 discrete_mse=150.236282 best_discrete=77.514145 hash=False elapsed=23.1s
step   275/900 tau=0.3434 loss=0.275806 mse_soft=0.275317 ent_in=1.1381 ent_out=0.4923 rowmax_in=0.5345 rowmax_out=0.7877 discrete_mse=150.236282 best_discrete=77.514145 hash=False elapsed=25.3s
step   300/900 tau=0.3115 loss=0.273639 mse_soft=0.273160 ent_in=1.1240 ent_out=0.4706 rowmax_in=0.5363 rowmax_out=0.7951 discrete_mse=150.236282 best_discrete=77.514145 hash=False elapsed=27.5s
step   325/900 tau=0.2826 loss=0.272030 mse_soft=0.271562 ent_in=1.1085 ent_out=0.4516 rowmax_in=0.5418 rowmax_out=0.7989 discrete_mse=367.564850 best_discrete=77.514145 hash=False elapsed=29.8s
step   350/900 tau=0.2563 loss=0.271625 mse_soft=0.271163 ent_in=1.0968 ent_out=0.4428 rowmax_in=0.5457 rowmax_out=0.7998 discrete_mse=282.218170 best_discrete=77.514145 hash=False elapsed=32.2s
step   375/900 tau=0.2325 loss=0.271584 mse_soft=0.271125 ent_in=1.0949 ent_out=0.4371 rowmax_in=0.5447 rowmax_out=0.8013 discrete_mse=195.978424 best_discrete=77.514145 hash=False elapsed=34.3s
step   400/900 tau=0.2109 loss=0.271015 mse_soft=0.270557 ent_in=1.0919 ent_out=0.4358 rowmax_in=0.5455 rowmax_out=0.7996 discrete_mse=195.978424 best_discrete=77.514145 hash=False elapsed=36.5s
step   425/900 tau=0.1913 loss=0.273613 mse_soft=0.273154 ent_in=1.0924 ent_out=0.4378 rowmax_in=0.5464 rowmax_out=0.7986 discrete_mse=195.978424 best_discrete=77.514145 hash=False elapsed=38.8s
step   450/900 tau=0.1735 loss=0.273557 mse_soft=0.273096 ent_in=1.0946 ent_out=0.4428 rowmax_in=0.5441 rowmax_out=0.7976 discrete_mse=427.219635 best_discrete=77.514145 hash=False elapsed=40.8s
step   475/900 tau=0.1574 loss=0.271870 mse_soft=0.271409 ent_in=1.0933 ent_out=0.4445 rowmax_in=0.5434 rowmax_out=0.7970 discrete_mse=242.093842 best_discrete=77.514145 hash=False elapsed=43.1s
step   500/900 tau=0.1428 loss=0.272873 mse_soft=0.272415 ent_in=1.0904 ent_out=0.4386 rowmax_in=0.5454 rowmax_out=0.7984 discrete_mse=145.199127 best_discrete=77.514145 hash=False elapsed=45.5s
step   525/900 tau=0.1295 loss=0.271158 mse_soft=0.270704 ent_in=1.0824 ent_out=0.4319 rowmax_in=0.5486 rowmax_out=0.7977 discrete_mse=238.157288 best_discrete=77.514145 hash=False elapsed=47.7s
step   550/900 tau=0.1175 loss=0.275921 mse_soft=0.275471 ent_in=1.0780 ent_out=0.4220 rowmax_in=0.5512 rowmax_out=0.8000 discrete_mse=407.395691 best_discrete=77.514145 hash=False elapsed=49.8s
step   575/900 tau=0.1066 loss=0.272114 mse_soft=0.271668 ent_in=1.0708 ent_out=0.4149 rowmax_in=0.5513 rowmax_out=0.8008 discrete_mse=292.179321 best_discrete=77.514145 hash=False elapsed=52.1s
step   600/900 tau=0.0967 loss=0.277635 mse_soft=0.277193 ent_in=1.0565 ent_out=0.4152 rowmax_in=0.5481 rowmax_out=0.7996 discrete_mse=193.264343 best_discrete=77.514145 hash=False elapsed=54.3s
step   625/900 tau=0.0877 loss=0.272512 mse_soft=0.272076 ent_in=1.0455 ent_out=0.4074 rowmax_in=0.5577 rowmax_out=0.8006 discrete_mse=325.176727 best_discrete=77.514145 hash=False elapsed=56.5s
step   650/900 tau=0.0795 loss=0.298902 mse_soft=0.298468 ent_in=1.0441 ent_out=0.4044 rowmax_in=0.5562 rowmax_out=0.8016 discrete_mse=428.372040 best_discrete=77.514145 hash=False elapsed=58.8s
step   675/900 tau=0.0722 loss=0.298513 mse_soft=0.298096 ent_in=1.0095 ent_out=0.3801 rowmax_in=0.5638 rowmax_out=0.8174 discrete_mse=215.458939 best_discrete=77.514145 hash=False elapsed=60.8s
step   700/900 tau=0.0655 loss=0.443936 mse_soft=0.443709 ent_in=0.5420 ent_out=0.2141 rowmax_in=0.7420 rowmax_out=0.8969 discrete_mse=46.727318 best_discrete=46.727318 hash=False elapsed=63.1s
step   725/900 tau=0.0594 loss=0.404480 mse_soft=0.404252 ent_in=0.5444 ent_out=0.2143 rowmax_in=0.7195 rowmax_out=0.8802 discrete_mse=180.619873 best_discrete=46.727318 hash=False elapsed=65.2s
step   750/900 tau=0.0539 loss=0.391104 mse_soft=0.390883 ent_in=0.5343 ent_out=0.2022 rowmax_in=0.7255 rowmax_out=0.8917 discrete_mse=16.323593 best_discrete=16.323593 hash=False elapsed=67.5s
step   775/900 tau=0.0489 loss=0.381131 mse_soft=0.380919 ent_in=0.5303 ent_out=0.1783 rowmax_in=0.7225 rowmax_out=0.8899 discrete_mse=198.271255 best_discrete=16.323593 hash=False elapsed=69.8s
step   800/900 tau=0.0443 loss=0.376806 mse_soft=0.376599 ent_in=0.5335 ent_out=0.1551 rowmax_in=0.7094 rowmax_out=0.9026 discrete_mse=89.860619 best_discrete=16.323593 hash=False elapsed=71.9s
step   825/900 tau=0.0402 loss=0.374618 mse_soft=0.374409 ent_in=0.5445 ent_out=0.1533 rowmax_in=0.6980 rowmax_out=0.9034 discrete_mse=112.274734 best_discrete=16.323593 hash=False elapsed=74.1s
step   850/900 tau=0.0365 loss=0.547933 mse_soft=0.547813 ent_in=0.2762 ent_out=0.1240 rowmax_in=0.8607 rowmax_out=0.9153 discrete_mse=104.581406 best_discrete=16.323593 hash=False elapsed=76.4s
step   875/900 tau=0.0331 loss=0.451325 mse_soft=0.451213 ent_in=0.2637 ent_out=0.1096 rowmax_in=0.8728 rowmax_out=0.8990 discrete_mse=118.919220 best_discrete=16.323593 hash=False elapsed=78.5s
step   900/900 tau=0.0300 loss=0.437844 mse_soft=0.437725 ent_in=0.2897 ent_out=0.1094 rowmax_in=0.8532 rowmax_out=0.8990 discrete_mse=239.622238 best_discrete=16.323593 hash=False elapsed=80.5s

Final metrics:
  soft_mse_full=0.438608
  rowmax_in_mean=0.8553
  rowmax_out_mean=0.8990
  ent_in_mean=0.2886
  ent_out_mean=0.1094
  final_discrete_mse=239.622238
  hash_match=False
  best_discrete_mse_seen=16.323593
Saved results to overnight_b153_j1.json
