Using device: cuda
Train rows: 10000 / Full rows: 10000, steps=700, lr=0.02
step     1/700 tau=1.0000 loss=1.065730 mse_soft=1.063408 ent_in=3.8712 ent_out=3.8712 rowmax_in=0.0213 rowmax_out=0.0213 discrete_mse=158.508453 best_discrete=158.508453 hash=False elapsed=0.5s
step    25/700 tau=0.8866 loss=0.934945 mse_soft=0.932694 ent_in=3.7424 ent_out=3.7625 rowmax_in=0.0373 rowmax_out=0.0363 discrete_mse=1731.703613 best_discrete=158.508453 hash=False elapsed=2.7s
step    50/700 tau=0.7821 loss=0.710865 mse_soft=0.708829 ent_in=3.3614 ent_out=3.4240 rowmax_in=0.0680 rowmax_out=0.0667 discrete_mse=1978.297119 best_discrete=158.508453 hash=False elapsed=5.1s
step    75/700 tau=0.6899 loss=0.585854 mse_soft=0.584055 ent_in=2.9429 ent_out=3.0539 rowmax_in=0.1321 rowmax_out=0.1201 discrete_mse=235.221573 best_discrete=158.508453 hash=False elapsed=7.4s
step   100/700 tau=0.6086 loss=0.469096 mse_soft=0.467653 ent_in=2.4022 ent_out=2.4107 rowmax_in=0.2570 rowmax_out=0.2606 discrete_mse=599.579712 best_discrete=158.508453 hash=False elapsed=9.7s
step   125/700 tau=0.5368 loss=0.388592 mse_soft=0.387517 ent_in=1.8892 ent_out=1.6954 rowmax_in=0.3708 rowmax_out=0.4622 discrete_mse=333.661530 best_discrete=158.508453 hash=False elapsed=12.1s
step   150/700 tau=0.4736 loss=0.339223 mse_soft=0.338405 ent_in=1.5363 ent_out=1.1887 rowmax_in=0.4613 rowmax_out=0.6050 discrete_mse=335.429321 best_discrete=158.508453 hash=False elapsed=14.5s
step   175/700 tau=0.4177 loss=0.312651 mse_soft=0.312011 ent_in=1.3158 ent_out=0.8157 rowmax_in=0.5006 rowmax_out=0.6964 discrete_mse=247.891220 best_discrete=158.508453 hash=False elapsed=17.1s
step   200/700 tau=0.3685 loss=0.302538 mse_soft=0.301980 ent_in=1.2132 ent_out=0.6466 rowmax_in=0.5136 rowmax_out=0.7483 discrete_mse=545.501038 best_discrete=158.508453 hash=False elapsed=19.6s
step   225/700 tau=0.3251 loss=0.297784 mse_soft=0.297267 ent_in=1.1623 ent_out=0.5599 rowmax_in=0.5235 rowmax_out=0.7710 discrete_mse=638.673157 best_discrete=158.508453 hash=False elapsed=22.2s
step   250/700 tau=0.2868 loss=0.295454 mse_soft=0.294957 ent_in=1.1342 ent_out=0.5224 rowmax_in=0.5277 rowmax_out=0.7822 discrete_mse=329.184753 best_discrete=158.508453 hash=False elapsed=24.8s
step   275/700 tau=0.2530 loss=0.293590 mse_soft=0.293107 ent_in=1.1064 ent_out=0.5038 rowmax_in=0.5305 rowmax_out=0.7828 discrete_mse=237.008118 best_discrete=158.508453 hash=False elapsed=27.2s
step   300/700 tau=0.2231 loss=0.290722 mse_soft=0.290253 ent_in=1.0869 ent_out=0.4789 rowmax_in=0.5347 rowmax_out=0.7943 discrete_mse=376.820099 best_discrete=158.508453 hash=False elapsed=29.9s
step   325/700 tau=0.1968 loss=0.290784 mse_soft=0.290327 ent_in=1.0685 ent_out=0.4553 rowmax_in=0.5374 rowmax_out=0.8073 discrete_mse=369.827942 best_discrete=158.508453 hash=False elapsed=32.5s
step   350/700 tau=0.1736 loss=0.288936 mse_soft=0.288488 ent_in=1.0532 ent_out=0.4408 rowmax_in=0.5403 rowmax_out=0.8140 discrete_mse=369.827942 best_discrete=158.508453 hash=False elapsed=34.8s
step   375/700 tau=0.1532 loss=0.291032 mse_soft=0.290590 ent_in=1.0436 ent_out=0.4272 rowmax_in=0.5428 rowmax_out=0.8183 discrete_mse=369.827942 best_discrete=158.508453 hash=False elapsed=37.3s
step   400/700 tau=0.1351 loss=0.288359 mse_soft=0.287924 ent_in=1.0293 ent_out=0.4210 rowmax_in=0.5487 rowmax_out=0.8194 discrete_mse=220.336197 best_discrete=158.508453 hash=False elapsed=39.8s
step   425/700 tau=0.1192 loss=0.290612 mse_soft=0.290181 ent_in=1.0198 ent_out=0.4147 rowmax_in=0.5504 rowmax_out=0.8179 discrete_mse=519.082581 best_discrete=158.508453 hash=False elapsed=42.3s
step   450/700 tau=0.1051 loss=0.291466 mse_soft=0.291040 ent_in=1.0123 ent_out=0.4086 rowmax_in=0.5519 rowmax_out=0.8169 discrete_mse=348.496552 best_discrete=158.508453 hash=False elapsed=44.6s
step   475/700 tau=0.0928 loss=0.286560 mse_soft=0.286137 ent_in=1.0092 ent_out=0.4032 rowmax_in=0.5519 rowmax_out=0.8161 discrete_mse=581.244446 best_discrete=158.508453 hash=False elapsed=47.0s
step   500/700 tau=0.0818 loss=0.313783 mse_soft=0.313375 ent_in=0.9830 ent_out=0.3776 rowmax_in=0.5680 rowmax_out=0.8226 discrete_mse=370.782043 best_discrete=158.508453 hash=False elapsed=49.5s
step   525/700 tau=0.0722 loss=0.289135 mse_soft=0.288718 ent_in=0.9950 ent_out=0.3979 rowmax_in=0.5595 rowmax_out=0.8058 discrete_mse=1888.136719 best_discrete=158.508453 hash=False elapsed=52.0s
step   550/700 tau=0.0637 loss=0.298431 mse_soft=0.298014 ent_in=1.0021 ent_out=0.3889 rowmax_in=0.5546 rowmax_out=0.8106 discrete_mse=581.244446 best_discrete=158.508453 hash=False elapsed=54.4s
step   575/700 tau=0.0562 loss=0.306067 mse_soft=0.305650 ent_in=1.0044 ent_out=0.3856 rowmax_in=0.5572 rowmax_out=0.8113 discrete_mse=610.759460 best_discrete=158.508453 hash=False elapsed=56.8s
step   600/700 tau=0.0495 loss=0.301992 mse_soft=0.301581 ent_in=0.9742 ent_out=0.3957 rowmax_in=0.5691 rowmax_out=0.7990 discrete_mse=192.723434 best_discrete=158.508453 hash=False elapsed=59.2s
step   625/700 tau=0.0437 loss=0.394676 mse_soft=0.394404 ent_in=0.7036 ent_out=0.2005 rowmax_in=0.7033 rowmax_out=0.9188 discrete_mse=6.722659 best_discrete=6.722659 hash=False elapsed=61.7s
step   650/700 tau=0.0386 loss=0.346572 mse_soft=0.346329 ent_in=0.6093 ent_out=0.2007 rowmax_in=0.7211 rowmax_out=0.9084 discrete_mse=4.330282 best_discrete=4.330282 hash=False elapsed=64.1s
step   675/700 tau=0.0340 loss=0.366015 mse_soft=0.365755 ent_in=0.6525 ent_out=0.2164 rowmax_in=0.6796 rowmax_out=0.8957 discrete_mse=9.515161 best_discrete=4.330282 hash=False elapsed=66.5s
step   700/700 tau=0.0300 loss=0.359350 mse_soft=0.359095 ent_in=0.6324 ent_out=0.2170 rowmax_in=0.6970 rowmax_out=0.8991 discrete_mse=0.731137 best_discrete=0.731137 hash=False elapsed=68.9s

Final metrics:
  soft_mse_full=0.346160
  rowmax_in_mean=0.6904
  rowmax_out_mean=0.9004
  ent_in_mean=0.6399
  ent_out_mean=0.2170
  final_discrete_mse=0.731137
  hash_match=False
  best_discrete_mse_seen=0.731137
Saved results to overnight_b003_j3.json
