Using device: cuda
Train rows: 10000 / Full rows: 10000, steps=700, lr=0.015
step     1/700 tau=1.0000 loss=1.064214 mse_soft=1.063440 ent_in=3.8712 ent_out=3.8712 rowmax_in=0.0213 rowmax_out=0.0213 discrete_mse=55.939011 best_discrete=55.939011 hash=False elapsed=0.5s
step    25/700 tau=0.8810 loss=0.971836 mse_soft=0.971077 ent_in=3.7930 ent_out=3.8053 rowmax_in=0.0331 rowmax_out=0.0323 discrete_mse=1324.295044 best_discrete=55.939011 hash=False elapsed=2.8s
step    50/700 tau=0.7721 loss=0.784768 mse_soft=0.784060 ent_in=3.5122 ent_out=3.5653 rowmax_in=0.0560 rowmax_out=0.0540 discrete_mse=8936.055664 best_discrete=55.939011 hash=False elapsed=5.2s
step    75/700 tau=0.6767 loss=0.641971 mse_soft=0.641335 ent_in=3.1300 ent_out=3.2333 rowmax_in=0.0969 rowmax_out=0.0914 discrete_mse=6542.544434 best_discrete=55.939011 hash=False elapsed=7.4s
step   100/700 tau=0.5931 loss=0.531493 mse_soft=0.530939 ent_in=2.7153 ent_out=2.8218 rowmax_in=0.1777 rowmax_out=0.1672 discrete_mse=5520.830078 best_discrete=55.939011 hash=False elapsed=9.8s
step   125/700 tau=0.5198 loss=0.437210 mse_soft=0.436771 ent_in=2.2272 ent_out=2.1590 rowmax_in=0.2838 rowmax_out=0.3148 discrete_mse=3090.910889 best_discrete=55.939011 hash=False elapsed=12.0s
step   150/700 tau=0.4555 loss=0.374342 mse_soft=0.374007 ent_in=1.8470 ent_out=1.5049 rowmax_in=0.3712 rowmax_out=0.5110 discrete_mse=490.625092 best_discrete=55.939011 hash=False elapsed=14.3s
step   175/700 tau=0.3992 loss=0.341559 mse_soft=0.341296 ent_in=1.5880 ent_out=1.0384 rowmax_in=0.4240 rowmax_out=0.6653 discrete_mse=2.546665 best_discrete=2.546665 hash=False elapsed=16.5s
step   200/700 tau=0.3499 loss=0.322450 mse_soft=0.322231 ent_in=1.4280 ent_out=0.7632 rowmax_in=0.4535 rowmax_out=0.7380 discrete_mse=2797.551514 best_discrete=2.546665 hash=False elapsed=18.9s
step   225/700 tau=0.3066 loss=0.307955 mse_soft=0.307764 ent_in=1.2896 ent_out=0.6163 rowmax_in=0.4953 rowmax_out=0.7552 discrete_mse=1021.104248 best_discrete=2.546665 hash=False elapsed=21.1s
step   250/700 tau=0.2687 loss=0.301556 mse_soft=0.301377 ent_in=1.2396 ent_out=0.5491 rowmax_in=0.5020 rowmax_out=0.7654 discrete_mse=780.969788 best_discrete=2.546665 hash=False elapsed=23.3s
step   275/700 tau=0.2355 loss=0.296834 mse_soft=0.296663 ent_in=1.2065 ent_out=0.5066 rowmax_in=0.5082 rowmax_out=0.7725 discrete_mse=427.406586 best_discrete=2.546665 hash=False elapsed=25.6s
step   300/700 tau=0.2064 loss=0.296671 mse_soft=0.296504 ent_in=1.1846 ent_out=0.4806 rowmax_in=0.5111 rowmax_out=0.7788 discrete_mse=628.863708 best_discrete=2.546665 hash=False elapsed=27.9s
step   325/700 tau=0.1809 loss=0.295607 mse_soft=0.295445 ent_in=1.1631 ent_out=0.4637 rowmax_in=0.5169 rowmax_out=0.7831 discrete_mse=1205.896240 best_discrete=2.546665 hash=False elapsed=30.1s
step   350/700 tau=0.1585 loss=0.293261 mse_soft=0.293102 ent_in=1.1449 ent_out=0.4488 rowmax_in=0.5217 rowmax_out=0.7851 discrete_mse=1543.569702 best_discrete=2.546665 hash=False elapsed=32.4s
step   375/700 tau=0.1389 loss=0.296797 mse_soft=0.296640 ent_in=1.1339 ent_out=0.4336 rowmax_in=0.5219 rowmax_out=0.7900 discrete_mse=1543.569702 best_discrete=2.546665 hash=False elapsed=34.9s
step   400/700 tau=0.1218 loss=0.292373 mse_soft=0.292218 ent_in=1.1272 ent_out=0.4257 rowmax_in=0.5241 rowmax_out=0.7933 discrete_mse=1873.159180 best_discrete=2.546665 hash=False elapsed=37.4s
step   425/700 tau=0.1067 loss=0.295793 mse_soft=0.295639 ent_in=1.1209 ent_out=0.4178 rowmax_in=0.5261 rowmax_out=0.7970 discrete_mse=1267.469849 best_discrete=2.546665 hash=False elapsed=39.6s
step   450/700 tau=0.0935 loss=0.291253 mse_soft=0.291100 ent_in=1.1152 ent_out=0.4130 rowmax_in=0.5266 rowmax_out=0.7969 discrete_mse=1267.469849 best_discrete=2.546665 hash=False elapsed=41.8s
step   475/700 tau=0.0820 loss=0.293455 mse_soft=0.293304 ent_in=1.1054 ent_out=0.4085 rowmax_in=0.5298 rowmax_out=0.8010 discrete_mse=671.337158 best_discrete=2.546665 hash=False elapsed=44.1s
step   500/700 tau=0.0718 loss=0.295637 mse_soft=0.295487 ent_in=1.0922 ent_out=0.4072 rowmax_in=0.5301 rowmax_out=0.7982 discrete_mse=858.055359 best_discrete=2.546665 hash=False elapsed=46.2s
step   525/700 tau=0.0630 loss=0.291465 mse_soft=0.291317 ent_in=1.0805 ent_out=0.4083 rowmax_in=0.5343 rowmax_out=0.7981 discrete_mse=214.144669 best_discrete=2.546665 hash=False elapsed=48.3s
step   550/700 tau=0.0552 loss=0.319057 mse_soft=0.318909 ent_in=1.0726 ent_out=0.4095 rowmax_in=0.5325 rowmax_out=0.7981 discrete_mse=417.996368 best_discrete=2.546665 hash=False elapsed=50.5s
step   575/700 tau=0.0484 loss=0.299143 mse_soft=0.298997 ent_in=1.0500 ent_out=0.4030 rowmax_in=0.5386 rowmax_out=0.7953 discrete_mse=785.082642 best_discrete=2.546665 hash=False elapsed=52.7s
step   600/700 tau=0.0424 loss=0.388845 mse_soft=0.388715 ent_in=0.9711 ent_out=0.3269 rowmax_in=0.5740 rowmax_out=0.8623 discrete_mse=160.612747 best_discrete=2.546665 hash=False elapsed=55.2s
step   625/700 tau=0.0371 loss=0.341383 mse_soft=0.341265 ent_in=0.8360 ent_out=0.3391 rowmax_in=0.6338 rowmax_out=0.8417 discrete_mse=81.841682 best_discrete=2.546665 hash=False elapsed=57.3s
step   650/700 tau=0.0325 loss=0.319567 mse_soft=0.319452 ent_in=0.8291 ent_out=0.3214 rowmax_in=0.6162 rowmax_out=0.8560 discrete_mse=76.143349 best_discrete=2.546665 hash=False elapsed=59.6s
step   675/700 tau=0.0285 loss=0.353734 mse_soft=0.353627 ent_in=0.7686 ent_out=0.3022 rowmax_in=0.6493 rowmax_out=0.8577 discrete_mse=109.807961 best_discrete=2.546665 hash=False elapsed=61.6s
step   700/700 tau=0.0250 loss=0.342715 mse_soft=0.342626 ent_in=0.6566 ent_out=0.2341 rowmax_in=0.6893 rowmax_out=0.8940 discrete_mse=279.755157 best_discrete=2.546665 hash=False elapsed=64.0s

Final metrics:
  soft_mse_full=0.334561
  rowmax_in_mean=0.6847
  rowmax_out_mean=0.8923
  ent_in_mean=0.6589
  ent_out_mean=0.2358
  final_discrete_mse=204.875671
  hash_match=False
  best_discrete_mse_seen=2.546665
Saved results to overnight_b151_j4.json
