Using device: cuda
Train rows: 4096 / Full rows: 10000, steps=900, lr=0.03
step     1/900 tau=1.0000 loss=1.067243 mse_soft=1.064921 ent_in=3.8712 ent_out=3.8712 rowmax_in=0.0213 rowmax_out=0.0213 discrete_mse=163.583542 best_discrete=163.583542 hash=False elapsed=0.5s
step    25/900 tau=0.9106 loss=0.859758 mse_soft=0.857568 ent_in=3.6334 ent_out=3.6667 rowmax_in=0.0461 rowmax_out=0.0444 discrete_mse=3089.250000 best_discrete=163.583542 hash=False elapsed=2.7s
step    50/900 tau=0.8260 loss=0.642168 mse_soft=0.640253 ent_in=3.1442 ent_out=3.2386 rowmax_in=0.0937 rowmax_out=0.0845 discrete_mse=4236.759766 best_discrete=163.583542 hash=False elapsed=4.8s
step    75/900 tau=0.7493 loss=0.505953 mse_soft=0.504356 ent_in=2.6310 ent_out=2.6945 rowmax_in=0.1992 rowmax_out=0.2036 discrete_mse=1595.117920 best_discrete=163.583542 hash=False elapsed=7.2s
step   100/900 tau=0.6797 loss=0.407367 mse_soft=0.406182 ent_in=2.1192 ent_out=1.8299 rowmax_in=0.3175 rowmax_out=0.4220 discrete_mse=407.699799 best_discrete=163.583542 hash=False elapsed=9.5s
step   125/900 tau=0.6165 loss=0.339422 mse_soft=0.338590 ent_in=1.6990 ent_out=1.0733 rowmax_in=0.4170 rowmax_out=0.6482 discrete_mse=1727.383789 best_discrete=163.583542 hash=False elapsed=11.7s
step   150/900 tau=0.5592 loss=0.304107 mse_soft=0.303467 ent_in=1.4564 ent_out=0.6749 rowmax_in=0.4601 rowmax_out=0.7599 discrete_mse=757.323364 best_discrete=163.583542 hash=False elapsed=14.1s
step   175/900 tau=0.5073 loss=0.286181 mse_soft=0.285632 ent_in=1.3382 ent_out=0.4913 rowmax_in=0.4828 rowmax_out=0.8332 discrete_mse=789.382690 best_discrete=163.583542 hash=False elapsed=16.4s
step   200/900 tau=0.4602 loss=0.275309 mse_soft=0.274825 ent_in=1.2468 ent_out=0.3660 rowmax_in=0.5022 rowmax_out=0.8681 discrete_mse=837.466003 best_discrete=163.583542 hash=False elapsed=18.7s
step   225/900 tau=0.4174 loss=0.269380 mse_soft=0.268932 ent_in=1.1992 ent_out=0.2947 rowmax_in=0.5063 rowmax_out=0.8857 discrete_mse=2380.606934 best_discrete=163.583542 hash=False elapsed=21.0s
step   250/900 tau=0.3786 loss=0.265675 mse_soft=0.265239 ent_in=1.1851 ent_out=0.2671 rowmax_in=0.5007 rowmax_out=0.8919 discrete_mse=1343.332397 best_discrete=163.583542 hash=False elapsed=23.4s
step   275/900 tau=0.3434 loss=0.263349 mse_soft=0.262915 ent_in=1.1868 ent_out=0.2568 rowmax_in=0.4968 rowmax_out=0.8934 discrete_mse=1873.276978 best_discrete=163.583542 hash=False elapsed=25.8s
step   300/900 tau=0.3115 loss=0.260787 mse_soft=0.260361 ent_in=1.1821 ent_out=0.2359 rowmax_in=0.4935 rowmax_out=0.8952 discrete_mse=459.043549 best_discrete=163.583542 hash=False elapsed=28.1s
step   325/900 tau=0.2826 loss=0.259627 mse_soft=0.259206 ent_in=1.1754 ent_out=0.2273 rowmax_in=0.4967 rowmax_out=0.8954 discrete_mse=712.475525 best_discrete=163.583542 hash=False elapsed=30.5s
step   350/900 tau=0.2563 loss=0.259035 mse_soft=0.258617 ent_in=1.1705 ent_out=0.2245 rowmax_in=0.4979 rowmax_out=0.8951 discrete_mse=1001.924988 best_discrete=163.583542 hash=False elapsed=33.0s
step   375/900 tau=0.2325 loss=0.259159 mse_soft=0.258742 ent_in=1.1662 ent_out=0.2224 rowmax_in=0.4997 rowmax_out=0.8971 discrete_mse=602.936707 best_discrete=163.583542 hash=False elapsed=35.3s
step   400/900 tau=0.2109 loss=0.257996 mse_soft=0.257585 ent_in=1.1590 ent_out=0.2119 rowmax_in=0.5003 rowmax_out=0.8970 discrete_mse=704.712708 best_discrete=163.583542 hash=False elapsed=37.5s
step   425/900 tau=0.1913 loss=0.258292 mse_soft=0.257885 ent_in=1.1537 ent_out=0.2035 rowmax_in=0.4987 rowmax_out=0.9000 discrete_mse=513.069458 best_discrete=163.583542 hash=False elapsed=39.8s
step   450/900 tau=0.1735 loss=0.258770 mse_soft=0.258363 ent_in=1.1526 ent_out=0.2025 rowmax_in=0.4979 rowmax_out=0.9013 discrete_mse=513.069458 best_discrete=163.583542 hash=False elapsed=42.1s
step   475/900 tau=0.1574 loss=0.260185 mse_soft=0.259781 ent_in=1.1470 ent_out=0.1995 rowmax_in=0.4995 rowmax_out=0.9030 discrete_mse=513.069458 best_discrete=163.583542 hash=False elapsed=44.5s
step   500/900 tau=0.1428 loss=0.257328 mse_soft=0.256926 ent_in=1.1450 ent_out=0.1954 rowmax_in=0.4995 rowmax_out=0.9043 discrete_mse=730.130676 best_discrete=163.583542 hash=False elapsed=46.9s
step   525/900 tau=0.1295 loss=0.258530 mse_soft=0.258129 ent_in=1.1473 ent_out=0.1913 rowmax_in=0.4987 rowmax_out=0.9046 discrete_mse=840.806580 best_discrete=163.583542 hash=False elapsed=49.1s
step   550/900 tau=0.1175 loss=0.261307 mse_soft=0.260907 ent_in=1.1442 ent_out=0.1897 rowmax_in=0.4990 rowmax_out=0.9043 discrete_mse=297.773041 best_discrete=163.583542 hash=False elapsed=51.6s
step   575/900 tau=0.1066 loss=0.259676 mse_soft=0.259277 ent_in=1.1412 ent_out=0.1892 rowmax_in=0.4997 rowmax_out=0.9041 discrete_mse=840.806580 best_discrete=163.583542 hash=False elapsed=53.9s
step   600/900 tau=0.0967 loss=0.273652 mse_soft=0.273256 ent_in=1.1312 ent_out=0.1887 rowmax_in=0.5059 rowmax_out=0.9060 discrete_mse=610.371643 best_discrete=163.583542 hash=False elapsed=56.2s
step   625/900 tau=0.0877 loss=0.300093 mse_soft=0.299707 ent_in=1.1013 ent_out=0.1881 rowmax_in=0.5130 rowmax_out=0.9065 discrete_mse=363.234589 best_discrete=163.583542 hash=False elapsed=58.4s
step   650/900 tau=0.0795 loss=0.263274 mse_soft=0.262885 ent_in=1.1111 ent_out=0.1846 rowmax_in=0.5036 rowmax_out=0.9048 discrete_mse=196.652100 best_discrete=163.583542 hash=False elapsed=60.6s
step   675/900 tau=0.0722 loss=0.259512 mse_soft=0.259119 ent_in=1.1249 ent_out=0.1870 rowmax_in=0.4997 rowmax_out=0.9038 discrete_mse=297.773041 best_discrete=163.583542 hash=False elapsed=62.9s
step   700/900 tau=0.0655 loss=0.280500 mse_soft=0.280121 ent_in=1.0828 ent_out=0.1816 rowmax_in=0.5170 rowmax_out=0.9068 discrete_mse=145.922241 best_discrete=145.922241 hash=False elapsed=65.3s
step   725/900 tau=0.0594 loss=0.306306 mse_soft=0.305967 ent_in=0.9550 ent_out=0.1756 rowmax_in=0.5777 rowmax_out=0.9071 discrete_mse=193.497772 best_discrete=145.922241 hash=False elapsed=67.6s
step   750/900 tau=0.0539 loss=0.320940 mse_soft=0.320617 ent_in=0.9153 ent_out=0.1619 rowmax_in=0.5795 rowmax_out=0.9262 discrete_mse=218.463943 best_discrete=145.922241 hash=False elapsed=70.0s
step   775/900 tau=0.0489 loss=0.283467 mse_soft=0.283135 ent_in=0.9218 ent_out=0.1833 rowmax_in=0.5716 rowmax_out=0.9084 discrete_mse=170.861740 best_discrete=145.922241 hash=False elapsed=72.3s
step   800/900 tau=0.0443 loss=0.319276 mse_soft=0.319020 ent_in=0.7409 ent_out=0.1127 rowmax_in=0.6381 rowmax_out=0.9433 discrete_mse=132.713852 best_discrete=132.713852 hash=False elapsed=74.7s
step   825/900 tau=0.0402 loss=0.306921 mse_soft=0.306667 ent_in=0.7346 ent_out=0.1115 rowmax_in=0.6439 rowmax_out=0.9434 discrete_mse=76.499176 best_discrete=76.499176 hash=False elapsed=76.9s
step   850/900 tau=0.0365 loss=0.319200 mse_soft=0.318956 ent_in=0.7103 ent_out=0.1031 rowmax_in=0.6523 rowmax_out=0.9496 discrete_mse=83.705299 best_discrete=76.499176 hash=False elapsed=79.1s
step   875/900 tau=0.0331 loss=0.392302 mse_soft=0.392117 ent_in=0.5294 ent_out=0.0860 rowmax_in=0.7390 rowmax_out=0.9533 discrete_mse=25.350780 best_discrete=25.350780 hash=False elapsed=81.2s
step   900/900 tau=0.0300 loss=0.344959 mse_soft=0.344762 ent_in=0.5666 ent_out=0.0918 rowmax_in=0.7085 rowmax_out=0.9499 discrete_mse=116.613632 best_discrete=25.350780 hash=False elapsed=83.4s

Final metrics:
  soft_mse_full=0.362628
  rowmax_in_mean=0.7124
  rowmax_out_mean=0.9498
  ent_in_mean=0.5635
  ent_out_mean=0.0921
  final_discrete_mse=169.619965
  hash_match=False
  best_discrete_mse_seen=25.350780
Saved results to overnight_b125_j1.json
