Using device: cuda
Train rows: 10000 / Full rows: 10000, steps=700, lr=0.02
step     1/700 tau=1.0000 loss=1.065682 mse_soft=1.063359 ent_in=3.8712 ent_out=3.8712 rowmax_in=0.0213 rowmax_out=0.0213 discrete_mse=564.447266 best_discrete=564.447266 hash=False elapsed=0.5s
step    25/700 tau=0.8866 loss=0.934888 mse_soft=0.932636 ent_in=3.7420 ent_out=3.7627 rowmax_in=0.0373 rowmax_out=0.0363 discrete_mse=494.148041 best_discrete=494.148041 hash=False elapsed=2.6s
step    50/700 tau=0.7821 loss=0.710386 mse_soft=0.708353 ent_in=3.3577 ent_out=3.4195 rowmax_in=0.0703 rowmax_out=0.0671 discrete_mse=7251.049316 best_discrete=494.148041 hash=False elapsed=4.7s
step    75/700 tau=0.6899 loss=0.585247 mse_soft=0.583455 ent_in=2.9351 ent_out=3.0362 rowmax_in=0.1340 rowmax_out=0.1241 discrete_mse=746.692627 best_discrete=494.148041 hash=False elapsed=7.0s
step   100/700 tau=0.6086 loss=0.470838 mse_soft=0.469407 ent_in=2.3847 ent_out=2.3857 rowmax_in=0.2509 rowmax_out=0.2665 discrete_mse=1682.247192 best_discrete=494.148041 hash=False elapsed=9.4s
step   125/700 tau=0.5368 loss=0.384642 mse_soft=0.383593 ent_in=1.8256 ent_out=1.6712 rowmax_in=0.3822 rowmax_out=0.4766 discrete_mse=1214.286621 best_discrete=494.148041 hash=False elapsed=11.7s
step   150/700 tau=0.4736 loss=0.336136 mse_soft=0.335356 ent_in=1.4761 ent_out=1.1211 rowmax_in=0.4701 rowmax_out=0.6359 discrete_mse=585.489258 best_discrete=494.148041 hash=False elapsed=13.9s
step   175/700 tau=0.4177 loss=0.314250 mse_soft=0.313590 ent_in=1.3173 ent_out=0.8818 rowmax_in=0.4957 rowmax_out=0.6874 discrete_mse=321.651154 best_discrete=321.651154 hash=False elapsed=16.1s
step   200/700 tau=0.3685 loss=0.301850 mse_soft=0.301263 ent_in=1.2399 ent_out=0.7164 rowmax_in=0.5021 rowmax_out=0.7205 discrete_mse=247.945175 best_discrete=247.945175 hash=False elapsed=18.5s
step   225/700 tau=0.3251 loss=0.296654 mse_soft=0.296111 ent_in=1.1874 ent_out=0.6200 rowmax_in=0.5058 rowmax_out=0.7425 discrete_mse=159.884476 best_discrete=159.884476 hash=False elapsed=20.5s
step   250/700 tau=0.2868 loss=0.292051 mse_soft=0.291534 ent_in=1.1577 ent_out=0.5683 rowmax_in=0.5090 rowmax_out=0.7607 discrete_mse=171.429764 best_discrete=159.884476 hash=False elapsed=22.7s
step   275/700 tau=0.2530 loss=0.290568 mse_soft=0.290067 ent_in=1.1329 ent_out=0.5379 rowmax_in=0.5145 rowmax_out=0.7686 discrete_mse=344.668182 best_discrete=159.884476 hash=False elapsed=25.1s
step   300/700 tau=0.2231 loss=0.287631 mse_soft=0.287144 ent_in=1.1098 ent_out=0.5128 rowmax_in=0.5174 rowmax_out=0.7741 discrete_mse=869.265381 best_discrete=159.884476 hash=False elapsed=27.2s
step   325/700 tau=0.1968 loss=0.285903 mse_soft=0.285430 ent_in=1.0913 ent_out=0.4870 rowmax_in=0.5212 rowmax_out=0.7849 discrete_mse=1720.885498 best_discrete=159.884476 hash=False elapsed=29.5s
step   350/700 tau=0.1736 loss=0.284780 mse_soft=0.284315 ent_in=1.0790 ent_out=0.4681 rowmax_in=0.5230 rowmax_out=0.7894 discrete_mse=1720.885498 best_discrete=159.884476 hash=False elapsed=31.8s
step   375/700 tau=0.1532 loss=0.283493 mse_soft=0.283036 ent_in=1.0687 ent_out=0.4552 rowmax_in=0.5254 rowmax_out=0.7917 discrete_mse=1142.824219 best_discrete=159.884476 hash=False elapsed=34.1s
step   400/700 tau=0.1351 loss=0.290434 mse_soft=0.289981 ent_in=1.0625 ent_out=0.4459 rowmax_in=0.5264 rowmax_out=0.7938 discrete_mse=1142.824219 best_discrete=159.884476 hash=False elapsed=36.3s
step   425/700 tau=0.1192 loss=0.292905 mse_soft=0.292454 ent_in=1.0592 ent_out=0.4432 rowmax_in=0.5259 rowmax_out=0.7930 discrete_mse=279.133545 best_discrete=159.884476 hash=False elapsed=38.5s
step   450/700 tau=0.1051 loss=0.284480 mse_soft=0.284031 ent_in=1.0582 ent_out=0.4402 rowmax_in=0.5238 rowmax_out=0.7919 discrete_mse=279.133545 best_discrete=159.884476 hash=False elapsed=40.7s
step   475/700 tau=0.0928 loss=0.311410 mse_soft=0.310964 ent_in=1.0469 ent_out=0.4386 rowmax_in=0.5334 rowmax_out=0.7947 discrete_mse=128.875793 best_discrete=128.875793 hash=False elapsed=42.9s
step   500/700 tau=0.0818 loss=0.298233 mse_soft=0.297789 ent_in=1.0461 ent_out=0.4332 rowmax_in=0.5290 rowmax_out=0.7955 discrete_mse=126.354446 best_discrete=126.354446 hash=False elapsed=45.2s
step   525/700 tau=0.0722 loss=0.287512 mse_soft=0.287071 ent_in=1.0436 ent_out=0.4263 rowmax_in=0.5301 rowmax_out=0.7955 discrete_mse=385.303589 best_discrete=126.354446 hash=False elapsed=47.6s
step   550/700 tau=0.0637 loss=0.310234 mse_soft=0.309837 ent_in=0.9379 ent_out=0.3863 rowmax_in=0.5716 rowmax_out=0.8178 discrete_mse=100.870697 best_discrete=100.870697 hash=False elapsed=50.0s
step   575/700 tau=0.0562 loss=0.303381 mse_soft=0.302994 ent_in=0.9225 ent_out=0.3688 rowmax_in=0.5677 rowmax_out=0.8257 discrete_mse=328.444092 best_discrete=100.870697 hash=False elapsed=52.5s
step   600/700 tau=0.0495 loss=0.296576 mse_soft=0.296183 ent_in=0.9336 ent_out=0.3784 rowmax_in=0.5583 rowmax_out=0.8162 discrete_mse=445.103882 best_discrete=100.870697 hash=False elapsed=54.8s
step   625/700 tau=0.0437 loss=0.353214 mse_soft=0.352859 ent_in=0.8389 ent_out=0.3451 rowmax_in=0.6140 rowmax_out=0.8376 discrete_mse=549.111877 best_discrete=100.870697 hash=False elapsed=57.3s
step   650/700 tau=0.0386 loss=0.315816 mse_soft=0.315460 ent_in=0.8277 ent_out=0.3582 rowmax_in=0.6024 rowmax_out=0.8219 discrete_mse=1048.680176 best_discrete=100.870697 hash=False elapsed=59.8s
step   675/700 tau=0.0340 loss=0.327811 mse_soft=0.327468 ent_in=0.8026 ent_out=0.3422 rowmax_in=0.6105 rowmax_out=0.8321 discrete_mse=79.233932 best_discrete=79.233932 hash=False elapsed=62.1s
step   700/700 tau=0.0300 loss=0.425786 mse_soft=0.425545 ent_in=0.5506 ent_out=0.2521 rowmax_in=0.7440 rowmax_out=0.8770 discrete_mse=41.085457 best_discrete=41.085457 hash=False elapsed=64.5s

Final metrics:
  soft_mse_full=0.413496
  rowmax_in_mean=0.7501
  rowmax_out_mean=0.8825
  ent_in_mean=0.5409
  ent_out_mean=0.2412
  final_discrete_mse=15.568459
  hash_match=False
  best_discrete_mse_seen=41.085457
Saved results to overnight_b124_j3.json
