Using device: cuda
Train rows: 10000 / Full rows: 10000, steps=700, lr=0.015
step     1/700 tau=1.0000 loss=1.064204 mse_soft=1.063429 ent_in=3.8712 ent_out=3.8712 rowmax_in=0.0213 rowmax_out=0.0213 discrete_mse=156.115997 best_discrete=156.115997 hash=False elapsed=0.5s
step    25/700 tau=0.8810 loss=0.971899 mse_soft=0.971139 ent_in=3.7932 ent_out=3.8053 rowmax_in=0.0330 rowmax_out=0.0322 discrete_mse=4286.434082 best_discrete=156.115997 hash=False elapsed=2.5s
step    50/700 tau=0.7721 loss=0.788037 mse_soft=0.787329 ent_in=3.5166 ent_out=3.5645 rowmax_in=0.0552 rowmax_out=0.0548 discrete_mse=4859.600098 best_discrete=156.115997 hash=False elapsed=4.7s
step    75/700 tau=0.6767 loss=0.647897 mse_soft=0.647260 ent_in=3.1382 ent_out=3.2302 rowmax_in=0.0938 rowmax_out=0.0898 discrete_mse=818.528809 best_discrete=156.115997 hash=False elapsed=6.8s
step   100/700 tau=0.5931 loss=0.535165 mse_soft=0.534608 ent_in=2.7288 ent_out=2.8381 rowmax_in=0.1792 rowmax_out=0.1668 discrete_mse=270.260590 best_discrete=156.115997 hash=False elapsed=9.1s
step   125/700 tau=0.5198 loss=0.435154 mse_soft=0.434716 ent_in=2.1968 ent_out=2.1798 rowmax_in=0.3077 rowmax_out=0.3119 discrete_mse=1281.599487 best_discrete=156.115997 hash=False elapsed=11.3s
step   150/700 tau=0.4555 loss=0.366448 mse_soft=0.366121 ent_in=1.7073 ent_out=1.5597 rowmax_in=0.4297 rowmax_out=0.4803 discrete_mse=1607.782471 best_discrete=156.115997 hash=False elapsed=13.6s
step   175/700 tau=0.3992 loss=0.330519 mse_soft=0.330259 ent_in=1.4685 ent_out=1.1252 rowmax_in=0.4750 rowmax_out=0.6175 discrete_mse=738.911011 best_discrete=156.115997 hash=False elapsed=16.0s
step   200/700 tau=0.3499 loss=0.311799 mse_soft=0.311581 ent_in=1.3410 ent_out=0.8367 rowmax_in=0.5002 rowmax_out=0.6970 discrete_mse=690.731140 best_discrete=156.115997 hash=False elapsed=18.4s
step   225/700 tau=0.3066 loss=0.302683 mse_soft=0.302491 ent_in=1.2571 ent_out=0.6597 rowmax_in=0.5178 rowmax_out=0.7382 discrete_mse=1169.744995 best_discrete=156.115997 hash=False elapsed=20.8s
step   250/700 tau=0.2687 loss=0.297505 mse_soft=0.297333 ent_in=1.1808 ent_out=0.5379 rowmax_in=0.5317 rowmax_out=0.7826 discrete_mse=1272.935913 best_discrete=156.115997 hash=False elapsed=23.3s
step   275/700 tau=0.2355 loss=0.293511 mse_soft=0.293350 ent_in=1.1413 ent_out=0.4702 rowmax_in=0.5351 rowmax_out=0.7989 discrete_mse=357.091339 best_discrete=156.115997 hash=False elapsed=25.7s
step   300/700 tau=0.2064 loss=0.291537 mse_soft=0.291382 ent_in=1.1153 ent_out=0.4324 rowmax_in=0.5355 rowmax_out=0.8050 discrete_mse=246.643921 best_discrete=156.115997 hash=False elapsed=28.0s
step   325/700 tau=0.1809 loss=0.290477 mse_soft=0.290328 ent_in=1.0982 ent_out=0.3985 rowmax_in=0.5371 rowmax_out=0.8112 discrete_mse=203.964462 best_discrete=156.115997 hash=False elapsed=30.4s
step   350/700 tau=0.1585 loss=0.290901 mse_soft=0.290754 ent_in=1.0864 ent_out=0.3833 rowmax_in=0.5376 rowmax_out=0.8153 discrete_mse=128.710968 best_discrete=128.710968 hash=False elapsed=32.5s
step   375/700 tau=0.1389 loss=0.289987 mse_soft=0.289842 ent_in=1.0746 ent_out=0.3737 rowmax_in=0.5407 rowmax_out=0.8172 discrete_mse=199.551163 best_discrete=128.710968 hash=False elapsed=34.6s
step   400/700 tau=0.1218 loss=0.292810 mse_soft=0.292667 ent_in=1.0665 ent_out=0.3693 rowmax_in=0.5408 rowmax_out=0.8159 discrete_mse=199.551163 best_discrete=128.710968 hash=False elapsed=36.7s
step   425/700 tau=0.1067 loss=0.288865 mse_soft=0.288723 ent_in=1.0565 ent_out=0.3682 rowmax_in=0.5415 rowmax_out=0.8152 discrete_mse=199.551163 best_discrete=128.710968 hash=False elapsed=38.9s
step   450/700 tau=0.0935 loss=0.289342 mse_soft=0.289201 ent_in=1.0459 ent_out=0.3630 rowmax_in=0.5452 rowmax_out=0.8165 discrete_mse=199.551163 best_discrete=128.710968 hash=False elapsed=41.1s
step   475/700 tau=0.0820 loss=0.288997 mse_soft=0.288858 ent_in=1.0401 ent_out=0.3526 rowmax_in=0.5440 rowmax_out=0.8202 discrete_mse=199.551163 best_discrete=128.710968 hash=False elapsed=43.2s
step   500/700 tau=0.0718 loss=0.292694 mse_soft=0.292557 ent_in=1.0312 ent_out=0.3391 rowmax_in=0.5484 rowmax_out=0.8272 discrete_mse=199.551163 best_discrete=128.710968 hash=False elapsed=45.5s
step   525/700 tau=0.0630 loss=0.289812 mse_soft=0.289676 ent_in=1.0256 ent_out=0.3274 rowmax_in=0.5476 rowmax_out=0.8331 discrete_mse=199.551163 best_discrete=128.710968 hash=False elapsed=48.1s
step   550/700 tau=0.0552 loss=0.291574 mse_soft=0.291440 ent_in=1.0187 ent_out=0.3218 rowmax_in=0.5490 rowmax_out=0.8374 discrete_mse=199.551163 best_discrete=128.710968 hash=False elapsed=50.5s
step   575/700 tau=0.0484 loss=0.378984 mse_soft=0.378853 ent_in=1.0057 ent_out=0.3074 rowmax_in=0.5552 rowmax_out=0.8447 discrete_mse=73.656464 best_discrete=73.656464 hash=False elapsed=53.0s
step   600/700 tau=0.0424 loss=0.301959 mse_soft=0.301838 ent_in=0.9280 ent_out=0.2865 rowmax_in=0.5749 rowmax_out=0.8538 discrete_mse=127.929344 best_discrete=73.656464 hash=False elapsed=55.3s
step   625/700 tau=0.0371 loss=0.304036 mse_soft=0.303919 ent_in=0.9116 ent_out=0.2630 rowmax_in=0.5765 rowmax_out=0.8627 discrete_mse=107.435371 best_discrete=73.656464 hash=False elapsed=57.5s
step   650/700 tau=0.0325 loss=0.307105 mse_soft=0.306992 ent_in=0.8889 ent_out=0.2481 rowmax_in=0.5835 rowmax_out=0.8688 discrete_mse=28.616480 best_discrete=28.616480 hash=False elapsed=59.8s
step   675/700 tau=0.0285 loss=0.330920 mse_soft=0.330812 ent_in=0.8469 ent_out=0.2363 rowmax_in=0.6082 rowmax_out=0.8763 discrete_mse=43.372124 best_discrete=28.616480 hash=False elapsed=62.0s
step   700/700 tau=0.0250 loss=0.329676 mse_soft=0.329573 ent_in=0.7937 ent_out=0.2360 rowmax_in=0.6202 rowmax_out=0.8805 discrete_mse=2.164449 best_discrete=2.164449 hash=False elapsed=64.2s

Final metrics:
  soft_mse_full=0.317249
  rowmax_in_mean=0.6200
  rowmax_out_mean=0.8780
  ent_in_mean=0.7958
  ent_out_mean=0.2389
  final_discrete_mse=60.576866
  hash_match=False
  best_discrete_mse_seen=2.164449
Saved results to overnight_b236_j4.json
