Using device: cuda
Train rows: 4096 / Full rows: 10000, steps=900, lr=0.03
step     1/900 tau=1.0000 loss=1.069730 mse_soft=1.067407 ent_in=3.8712 ent_out=3.8712 rowmax_in=0.0213 rowmax_out=0.0213 discrete_mse=122.672897 best_discrete=122.672897 hash=False elapsed=0.5s
step    25/900 tau=0.9106 loss=0.870769 mse_soft=0.868579 ent_in=3.6348 ent_out=3.6669 rowmax_in=0.0458 rowmax_out=0.0440 discrete_mse=4773.598145 best_discrete=122.672897 hash=False elapsed=2.7s
step    50/900 tau=0.8260 loss=0.656702 mse_soft=0.654797 ent_in=3.1311 ent_out=3.2192 rowmax_in=0.0928 rowmax_out=0.0882 discrete_mse=1359.935913 best_discrete=122.672897 hash=False elapsed=4.8s
step    75/900 tau=0.7493 loss=0.516168 mse_soft=0.514595 ent_in=2.5900 ent_out=2.6531 rowmax_in=0.2029 rowmax_out=0.2106 discrete_mse=2778.718262 best_discrete=122.672897 hash=False elapsed=6.9s
step   100/900 tau=0.6797 loss=0.407214 mse_soft=0.406081 ent_in=1.9710 ent_out=1.8069 rowmax_in=0.3477 rowmax_out=0.4325 discrete_mse=1655.361938 best_discrete=122.672897 hash=False elapsed=9.4s
step   125/900 tau=0.6165 loss=0.345014 mse_soft=0.344221 ent_in=1.5333 ent_out=1.1108 rowmax_in=0.4439 rowmax_out=0.6328 discrete_mse=195.396027 best_discrete=122.672897 hash=False elapsed=11.8s
step   150/900 tau=0.5592 loss=0.317249 mse_soft=0.316599 ent_in=1.3450 ent_out=0.8212 rowmax_in=0.4843 rowmax_out=0.7133 discrete_mse=169.900589 best_discrete=122.672897 hash=False elapsed=14.2s
step   175/900 tau=0.5073 loss=0.305213 mse_soft=0.304645 ent_in=1.2454 ent_out=0.6502 rowmax_in=0.4981 rowmax_out=0.7541 discrete_mse=20.402916 best_discrete=20.402916 hash=False elapsed=16.7s
step   200/900 tau=0.4602 loss=0.298679 mse_soft=0.298152 ent_in=1.1915 ent_out=0.5631 rowmax_in=0.5103 rowmax_out=0.7781 discrete_mse=180.367065 best_discrete=20.402916 hash=False elapsed=19.2s
step   225/900 tau=0.4174 loss=0.294763 mse_soft=0.294263 ent_in=1.1634 ent_out=0.5008 rowmax_in=0.5099 rowmax_out=0.7929 discrete_mse=150.390152 best_discrete=20.402916 hash=False elapsed=21.7s
step   250/900 tau=0.3786 loss=0.289936 mse_soft=0.289464 ent_in=1.1289 ent_out=0.4435 rowmax_in=0.5168 rowmax_out=0.8112 discrete_mse=132.028992 best_discrete=20.402916 hash=False elapsed=24.1s
step   275/900 tau=0.3434 loss=0.287744 mse_soft=0.287291 ent_in=1.1060 ent_out=0.4058 rowmax_in=0.5186 rowmax_out=0.8216 discrete_mse=53.372772 best_discrete=20.402916 hash=False elapsed=26.6s
step   300/900 tau=0.3115 loss=0.287015 mse_soft=0.286572 ent_in=1.0967 ent_out=0.3796 rowmax_in=0.5200 rowmax_out=0.8293 discrete_mse=12.527530 best_discrete=12.527530 hash=False elapsed=29.0s
step   325/900 tau=0.2826 loss=0.285362 mse_soft=0.284930 ent_in=1.0841 ent_out=0.3571 rowmax_in=0.5223 rowmax_out=0.8363 discrete_mse=63.411678 best_discrete=12.527530 hash=False elapsed=31.5s
step   350/900 tau=0.2563 loss=0.285885 mse_soft=0.285460 ent_in=1.0769 ent_out=0.3391 rowmax_in=0.5229 rowmax_out=0.8414 discrete_mse=63.411678 best_discrete=12.527530 hash=False elapsed=33.9s
step   375/900 tau=0.2325 loss=0.284958 mse_soft=0.284541 ent_in=1.0691 ent_out=0.3216 rowmax_in=0.5260 rowmax_out=0.8456 discrete_mse=63.036991 best_discrete=12.527530 hash=False elapsed=36.3s
step   400/900 tau=0.2109 loss=0.283107 mse_soft=0.282694 ent_in=1.0690 ent_out=0.3047 rowmax_in=0.5234 rowmax_out=0.8515 discrete_mse=34.304985 best_discrete=12.527530 hash=False elapsed=38.8s
step   425/900 tau=0.1913 loss=0.285638 mse_soft=0.285230 ent_in=1.0653 ent_out=0.2942 rowmax_in=0.5224 rowmax_out=0.8550 discrete_mse=34.304985 best_discrete=12.527530 hash=False elapsed=41.3s
step   450/900 tau=0.1735 loss=0.287227 mse_soft=0.286821 ent_in=1.0632 ent_out=0.2914 rowmax_in=0.5248 rowmax_out=0.8553 discrete_mse=63.036991 best_discrete=12.527530 hash=False elapsed=43.7s
step   475/900 tau=0.1574 loss=0.290660 mse_soft=0.290255 ent_in=1.0608 ent_out=0.2908 rowmax_in=0.5208 rowmax_out=0.8576 discrete_mse=34.304985 best_discrete=12.527530 hash=False elapsed=46.2s
step   500/900 tau=0.1428 loss=0.292859 mse_soft=0.292455 ent_in=1.0575 ent_out=0.2872 rowmax_in=0.5187 rowmax_out=0.8596 discrete_mse=34.304985 best_discrete=12.527530 hash=False elapsed=48.6s
step   525/900 tau=0.1295 loss=0.308448 mse_soft=0.308045 ent_in=1.0540 ent_out=0.2898 rowmax_in=0.5218 rowmax_out=0.8561 discrete_mse=43.165268 best_discrete=12.527530 hash=False elapsed=51.0s
step   550/900 tau=0.1175 loss=0.283529 mse_soft=0.283129 ent_in=1.0456 ent_out=0.2864 rowmax_in=0.5191 rowmax_out=0.8612 discrete_mse=26.430286 best_discrete=12.527530 hash=False elapsed=53.5s
step   575/900 tau=0.1066 loss=0.281365 mse_soft=0.280971 ent_in=1.0305 ent_out=0.2851 rowmax_in=0.5270 rowmax_out=0.8615 discrete_mse=26.430286 best_discrete=12.527530 hash=False elapsed=56.0s
step   600/900 tau=0.0967 loss=0.294670 mse_soft=0.294274 ent_in=1.0325 ent_out=0.2874 rowmax_in=0.5215 rowmax_out=0.8590 discrete_mse=5.187452 best_discrete=5.187452 hash=False elapsed=58.3s
step   625/900 tau=0.0877 loss=0.286066 mse_soft=0.285680 ent_in=1.0084 ent_out=0.2798 rowmax_in=0.5334 rowmax_out=0.8658 discrete_mse=32.241024 best_discrete=5.187452 hash=False elapsed=60.3s
step   650/900 tau=0.0795 loss=0.298816 mse_soft=0.298431 ent_in=0.9965 ent_out=0.2853 rowmax_in=0.5401 rowmax_out=0.8607 discrete_mse=14.733340 best_discrete=5.187452 hash=False elapsed=62.5s
step   675/900 tau=0.0722 loss=0.318238 mse_soft=0.317907 ent_in=0.8653 ent_out=0.2398 rowmax_in=0.5915 rowmax_out=0.8839 discrete_mse=237.160965 best_discrete=5.187452 hash=False elapsed=64.5s
step   700/900 tau=0.0655 loss=0.296157 mse_soft=0.295816 ent_in=0.8892 ent_out=0.2478 rowmax_in=0.5655 rowmax_out=0.8891 discrete_mse=67.506348 best_discrete=5.187452 hash=False elapsed=66.5s
step   725/900 tau=0.0594 loss=0.322136 mse_soft=0.321794 ent_in=0.8788 ent_out=0.2580 rowmax_in=0.5730 rowmax_out=0.8746 discrete_mse=17.524380 best_discrete=5.187452 hash=False elapsed=68.5s
step   750/900 tau=0.0539 loss=0.369662 mse_soft=0.369353 ent_in=0.7791 ent_out=0.2537 rowmax_in=0.6329 rowmax_out=0.8720 discrete_mse=11.196177 best_discrete=5.187452 hash=False elapsed=70.8s
step   775/900 tau=0.0489 loss=0.319613 mse_soft=0.319324 ent_in=0.7470 ent_out=0.2150 rowmax_in=0.6115 rowmax_out=0.9054 discrete_mse=1.718949 best_discrete=1.718949 hash=False elapsed=72.8s
step   800/900 tau=0.0443 loss=0.358815 mse_soft=0.358539 ent_in=0.6941 ent_out=0.2263 rowmax_in=0.6598 rowmax_out=0.8890 discrete_mse=5.087771 best_discrete=1.718949 hash=False elapsed=75.0s
step   825/900 tau=0.0402 loss=0.343202 mse_soft=0.342956 ent_in=0.6124 ent_out=0.2054 rowmax_in=0.6796 rowmax_out=0.9020 discrete_mse=4.785264 best_discrete=1.718949 hash=False elapsed=77.0s
step   850/900 tau=0.0365 loss=0.374007 mse_soft=0.373818 ent_in=0.5009 ent_out=0.1276 rowmax_in=0.7642 rowmax_out=0.9413 discrete_mse=17.939806 best_discrete=1.718949 hash=False elapsed=79.0s
step   875/900 tau=0.0331 loss=0.351360 mse_soft=0.351157 ent_in=0.5546 ent_out=0.1221 rowmax_in=0.7074 rowmax_out=0.9417 discrete_mse=17.939806 best_discrete=1.718949 hash=False elapsed=81.1s
step   900/900 tau=0.0300 loss=0.348597 mse_soft=0.348383 ent_in=0.5845 ent_out=0.1278 rowmax_in=0.6785 rowmax_out=0.9375 discrete_mse=6.533551 best_discrete=1.718949 hash=False elapsed=83.1s

Final metrics:
  soft_mse_full=0.351784
  rowmax_in_mean=0.6996
  rowmax_out_mean=0.9380
  ent_in_mean=0.5710
  ent_out_mean=0.1272
  final_discrete_mse=7.552045
  hash_match=False
  best_discrete_mse_seen=1.718949
Saved results to overnight_b014_j1.json
