Using device: cuda
Train rows: 4096 / Full rows: 10000, steps=900, lr=0.03
step     1/900 tau=1.0000 loss=1.053681 mse_soft=1.051359 ent_in=3.8712 ent_out=3.8712 rowmax_in=0.0213 rowmax_out=0.0213 discrete_mse=32.701572 best_discrete=32.701572 hash=False elapsed=0.5s
step    25/900 tau=0.9106 loss=0.854190 mse_soft=0.851999 ent_in=3.6344 ent_out=3.6694 rowmax_in=0.0452 rowmax_out=0.0434 discrete_mse=591.091614 best_discrete=32.701572 hash=False elapsed=2.6s
step    50/900 tau=0.8260 loss=0.644584 mse_soft=0.642670 ent_in=3.1386 ent_out=3.2427 rowmax_in=0.0950 rowmax_out=0.0848 discrete_mse=4973.426270 best_discrete=32.701572 hash=False elapsed=4.7s
step    75/900 tau=0.7493 loss=0.505086 mse_soft=0.503491 ent_in=2.6035 ent_out=2.7119 rowmax_in=0.2099 rowmax_out=0.1886 discrete_mse=2997.117432 best_discrete=32.701572 hash=False elapsed=6.7s
step   100/900 tau=0.6797 loss=0.403296 mse_soft=0.402104 ent_in=2.0038 ent_out=1.9712 rowmax_in=0.3440 rowmax_out=0.3724 discrete_mse=862.486267 best_discrete=32.701572 hash=False elapsed=9.0s
step   125/900 tau=0.6165 loss=0.345994 mse_soft=0.345103 ent_in=1.6517 ent_out=1.3190 rowmax_in=0.4178 rowmax_out=0.5593 discrete_mse=1804.260010 best_discrete=32.701572 hash=False elapsed=11.1s
step   150/900 tau=0.5592 loss=0.320242 mse_soft=0.319527 ent_in=1.4529 ent_out=0.9310 rowmax_in=0.4488 rowmax_out=0.6424 discrete_mse=1821.900513 best_discrete=32.701572 hash=False elapsed=13.3s
step   175/900 tau=0.5073 loss=0.309561 mse_soft=0.308923 ent_in=1.3576 ent_out=0.7669 rowmax_in=0.4666 rowmax_out=0.6769 discrete_mse=1367.850586 best_discrete=32.701572 hash=False elapsed=15.5s
step   200/900 tau=0.4602 loss=0.303809 mse_soft=0.303212 ent_in=1.2985 ent_out=0.6920 rowmax_in=0.4763 rowmax_out=0.6943 discrete_mse=724.117065 best_discrete=32.701572 hash=False elapsed=17.9s
step   225/900 tau=0.4174 loss=0.300229 mse_soft=0.299657 ent_in=1.2624 ent_out=0.6442 rowmax_in=0.4787 rowmax_out=0.7070 discrete_mse=634.853210 best_discrete=32.701572 hash=False elapsed=20.4s
step   250/900 tau=0.3786 loss=0.298265 mse_soft=0.297709 ent_in=1.2392 ent_out=0.6135 rowmax_in=0.4800 rowmax_out=0.7154 discrete_mse=1092.078491 best_discrete=32.701572 hash=False elapsed=22.7s
step   275/900 tau=0.3434 loss=0.296828 mse_soft=0.296283 ent_in=1.2208 ent_out=0.5963 rowmax_in=0.4826 rowmax_out=0.7194 discrete_mse=1092.078491 best_discrete=32.701572 hash=False elapsed=25.0s
step   300/900 tau=0.3115 loss=0.294484 mse_soft=0.293946 ent_in=1.2034 ent_out=0.5909 rowmax_in=0.4871 rowmax_out=0.7154 discrete_mse=830.553101 best_discrete=32.701572 hash=False elapsed=27.4s
step   325/900 tau=0.2826 loss=0.292556 mse_soft=0.292026 ent_in=1.1878 ent_out=0.5786 rowmax_in=0.4922 rowmax_out=0.7161 discrete_mse=387.876007 best_discrete=32.701572 hash=False elapsed=29.7s
step   350/900 tau=0.2563 loss=0.299509 mse_soft=0.298986 ent_in=1.1780 ent_out=0.5649 rowmax_in=0.4957 rowmax_out=0.7207 discrete_mse=315.120453 best_discrete=32.701572 hash=False elapsed=32.0s
step   375/900 tau=0.2325 loss=0.292924 mse_soft=0.292406 ent_in=1.1733 ent_out=0.5562 rowmax_in=0.4972 rowmax_out=0.7228 discrete_mse=315.120453 best_discrete=32.701572 hash=False elapsed=34.3s
step   400/900 tau=0.2109 loss=0.293813 mse_soft=0.293301 ent_in=1.1625 ent_out=0.5449 rowmax_in=0.4994 rowmax_out=0.7279 discrete_mse=279.171997 best_discrete=32.701572 hash=False elapsed=36.4s
step   425/900 tau=0.1913 loss=0.289674 mse_soft=0.289167 ent_in=1.1573 ent_out=0.5311 rowmax_in=0.5002 rowmax_out=0.7376 discrete_mse=175.571396 best_discrete=32.701572 hash=False elapsed=38.8s
step   450/900 tau=0.1735 loss=0.295647 mse_soft=0.295147 ent_in=1.1511 ent_out=0.5134 rowmax_in=0.5014 rowmax_out=0.7462 discrete_mse=171.922226 best_discrete=32.701572 hash=False elapsed=41.3s
step   475/900 tau=0.1574 loss=0.289047 mse_soft=0.288551 ent_in=1.1513 ent_out=0.5007 rowmax_in=0.4993 rowmax_out=0.7482 discrete_mse=257.994354 best_discrete=32.701572 hash=False elapsed=43.8s
step   500/900 tau=0.1428 loss=0.289781 mse_soft=0.289293 ent_in=1.1389 ent_out=0.4877 rowmax_in=0.5019 rowmax_out=0.7527 discrete_mse=257.994354 best_discrete=32.701572 hash=False elapsed=46.1s
step   525/900 tau=0.1295 loss=0.291310 mse_soft=0.290830 ent_in=1.1201 ent_out=0.4811 rowmax_in=0.5104 rowmax_out=0.7477 discrete_mse=21.301291 best_discrete=21.301291 hash=False elapsed=48.3s
step   550/900 tau=0.1175 loss=0.296531 mse_soft=0.296056 ent_in=1.1087 ent_out=0.4743 rowmax_in=0.5141 rowmax_out=0.7514 discrete_mse=92.996613 best_discrete=21.301291 hash=False elapsed=50.5s
step   575/900 tau=0.1066 loss=0.295590 mse_soft=0.295121 ent_in=1.0955 ent_out=0.4659 rowmax_in=0.5164 rowmax_out=0.7529 discrete_mse=42.663002 best_discrete=21.301291 hash=False elapsed=52.9s
step   600/900 tau=0.0967 loss=0.288099 mse_soft=0.287635 ent_in=1.0862 ent_out=0.4616 rowmax_in=0.5210 rowmax_out=0.7495 discrete_mse=149.434525 best_discrete=21.301291 hash=False elapsed=55.3s
step   625/900 tau=0.0877 loss=0.323368 mse_soft=0.322930 ent_in=1.0174 ent_out=0.4426 rowmax_in=0.5423 rowmax_out=0.7618 discrete_mse=135.550720 best_discrete=21.301291 hash=False elapsed=57.7s
step   650/900 tau=0.0795 loss=0.294086 mse_soft=0.293656 ent_in=0.9946 ent_out=0.4379 rowmax_in=0.5494 rowmax_out=0.7545 discrete_mse=54.366425 best_discrete=21.301291 hash=False elapsed=60.1s
step   675/900 tau=0.0722 loss=0.300491 mse_soft=0.300068 ent_in=0.9850 ent_out=0.4229 rowmax_in=0.5545 rowmax_out=0.7730 discrete_mse=530.700684 best_discrete=21.301291 hash=False elapsed=62.5s
step   700/900 tau=0.0655 loss=0.310842 mse_soft=0.310429 ent_in=0.9644 ent_out=0.4107 rowmax_in=0.5597 rowmax_out=0.7866 discrete_mse=200.992386 best_discrete=21.301291 hash=False elapsed=64.9s
step   725/900 tau=0.0594 loss=0.432470 mse_soft=0.432222 ent_in=0.5521 ent_out=0.2770 rowmax_in=0.7204 rowmax_out=0.8753 discrete_mse=21.279039 best_discrete=21.279039 hash=False elapsed=67.1s
step   750/900 tau=0.0539 loss=0.389489 mse_soft=0.389252 ent_in=0.5261 ent_out=0.2622 rowmax_in=0.7392 rowmax_out=0.8628 discrete_mse=30.901028 best_discrete=21.279039 hash=False elapsed=69.4s
step   775/900 tau=0.0489 loss=0.361526 mse_soft=0.361284 ent_in=0.5398 ent_out=0.2682 rowmax_in=0.7316 rowmax_out=0.8472 discrete_mse=187.633911 best_discrete=21.279039 hash=False elapsed=71.5s
step   800/900 tau=0.0443 loss=0.353260 mse_soft=0.353022 ent_in=0.5370 ent_out=0.2573 rowmax_in=0.7283 rowmax_out=0.8542 discrete_mse=146.784134 best_discrete=21.279039 hash=False elapsed=73.8s
step   825/900 tau=0.0402 loss=0.352839 mse_soft=0.352602 ent_in=0.5378 ent_out=0.2517 rowmax_in=0.7288 rowmax_out=0.8523 discrete_mse=236.506195 best_discrete=21.279039 hash=False elapsed=75.8s
step   850/900 tau=0.0365 loss=0.362352 mse_soft=0.362132 ent_in=0.4818 ent_out=0.2490 rowmax_in=0.7635 rowmax_out=0.8564 discrete_mse=67.251137 best_discrete=21.279039 hash=False elapsed=77.8s
step   875/900 tau=0.0331 loss=0.400802 mse_soft=0.400604 ent_in=0.4277 ent_out=0.2320 rowmax_in=0.7757 rowmax_out=0.8651 discrete_mse=22.006565 best_discrete=21.279039 hash=False elapsed=79.9s
step   900/900 tau=0.0300 loss=0.370122 mse_soft=0.369931 ent_in=0.4338 ent_out=0.2025 rowmax_in=0.7716 rowmax_out=0.8800 discrete_mse=83.866241 best_discrete=21.279039 hash=False elapsed=82.1s

Final metrics:
  soft_mse_full=0.371855
  rowmax_in_mean=0.7742
  rowmax_out_mean=0.8841
  ent_in_mean=0.4297
  ent_out_mean=0.1996
  final_discrete_mse=17.121000
  hash_match=False
  best_discrete_mse_seen=21.279039
Saved results to overnight_b075_j1.json
