Using device: cuda
Train rows: 10000 / Full rows: 10000, steps=700, lr=0.02
step     1/700 tau=1.0000 loss=1.065747 mse_soft=1.063424 ent_in=3.8712 ent_out=3.8712 rowmax_in=0.0213 rowmax_out=0.0213 discrete_mse=9.833838 best_discrete=9.833838 hash=False elapsed=0.5s
step    25/700 tau=0.8866 loss=0.935245 mse_soft=0.932993 ent_in=3.7428 ent_out=3.7630 rowmax_in=0.0369 rowmax_out=0.0362 discrete_mse=370.693481 best_discrete=9.833838 hash=False elapsed=2.5s
step    50/700 tau=0.7821 loss=0.713183 mse_soft=0.711145 ent_in=3.3674 ent_out=3.4254 rowmax_in=0.0683 rowmax_out=0.0668 discrete_mse=3041.977539 best_discrete=9.833838 hash=False elapsed=4.7s
step    75/700 tau=0.6899 loss=0.585257 mse_soft=0.583458 ent_in=2.9424 ent_out=3.0533 rowmax_in=0.1313 rowmax_out=0.1227 discrete_mse=1303.052734 best_discrete=9.833838 hash=False elapsed=6.9s
step   100/700 tau=0.6086 loss=0.468679 mse_soft=0.467238 ent_in=2.3999 ent_out=2.4050 rowmax_in=0.2519 rowmax_out=0.2607 discrete_mse=621.741455 best_discrete=9.833838 hash=False elapsed=9.3s
step   125/700 tau=0.5368 loss=0.385764 mse_soft=0.384699 ent_in=1.8750 ent_out=1.6755 rowmax_in=0.3868 rowmax_out=0.4729 discrete_mse=746.594604 best_discrete=9.833838 hash=False elapsed=11.4s
step   150/700 tau=0.4736 loss=0.342404 mse_soft=0.341603 ent_in=1.5376 ent_out=1.1324 rowmax_in=0.4560 rowmax_out=0.6336 discrete_mse=350.502014 best_discrete=9.833838 hash=False elapsed=13.7s
step   175/700 tau=0.4177 loss=0.319912 mse_soft=0.319266 ent_in=1.3445 ent_out=0.8110 rowmax_in=0.4904 rowmax_out=0.7025 discrete_mse=14.615070 best_discrete=9.833838 hash=False elapsed=15.8s
step   200/700 tau=0.3685 loss=0.309262 mse_soft=0.308689 ent_in=1.2558 ent_out=0.6519 rowmax_in=0.5038 rowmax_out=0.7435 discrete_mse=2.178822 best_discrete=2.178822 hash=False elapsed=18.0s
step   225/700 tau=0.3251 loss=0.302790 mse_soft=0.302272 ent_in=1.1983 ent_out=0.5275 rowmax_in=0.5213 rowmax_out=0.7883 discrete_mse=4.730254 best_discrete=2.178822 hash=False elapsed=20.2s
step   250/700 tau=0.2868 loss=0.300653 mse_soft=0.300163 ent_in=1.1616 ent_out=0.4714 rowmax_in=0.5283 rowmax_out=0.7982 discrete_mse=4.730254 best_discrete=2.178822 hash=False elapsed=22.7s
step   275/700 tau=0.2530 loss=0.298872 mse_soft=0.298400 ent_in=1.1435 ent_out=0.4311 rowmax_in=0.5279 rowmax_out=0.8051 discrete_mse=26.500710 best_discrete=2.178822 hash=False elapsed=25.1s
step   300/700 tau=0.2231 loss=0.296966 mse_soft=0.296508 ent_in=1.1274 ent_out=0.4012 rowmax_in=0.5295 rowmax_out=0.8106 discrete_mse=10.575989 best_discrete=2.178822 hash=False elapsed=27.6s
step   325/700 tau=0.1968 loss=0.298136 mse_soft=0.297684 ent_in=1.1182 ent_out=0.3887 rowmax_in=0.5281 rowmax_out=0.8101 discrete_mse=22.862431 best_discrete=2.178822 hash=False elapsed=29.8s
step   350/700 tau=0.1736 loss=0.297324 mse_soft=0.296877 ent_in=1.1083 ent_out=0.3817 rowmax_in=0.5265 rowmax_out=0.8106 discrete_mse=6.037837 best_discrete=2.178822 hash=False elapsed=32.1s
step   375/700 tau=0.1532 loss=0.294267 mse_soft=0.293826 ent_in=1.0946 ent_out=0.3762 rowmax_in=0.5304 rowmax_out=0.8065 discrete_mse=25.779572 best_discrete=2.178822 hash=False elapsed=34.2s
step   400/700 tau=0.1351 loss=0.294826 mse_soft=0.294388 ent_in=1.0887 ent_out=0.3705 rowmax_in=0.5327 rowmax_out=0.8093 discrete_mse=5.604476 best_discrete=2.178822 hash=False elapsed=36.5s
step   425/700 tau=0.1192 loss=0.295084 mse_soft=0.294647 ent_in=1.0863 ent_out=0.3714 rowmax_in=0.5333 rowmax_out=0.8074 discrete_mse=5.604476 best_discrete=2.178822 hash=False elapsed=38.8s
step   450/700 tau=0.1051 loss=0.301092 mse_soft=0.300658 ent_in=1.0791 ent_out=0.3674 rowmax_in=0.5333 rowmax_out=0.8112 discrete_mse=5.604476 best_discrete=2.178822 hash=False elapsed=41.1s
step   475/700 tau=0.0928 loss=0.298435 mse_soft=0.297998 ent_in=1.0846 ent_out=0.3702 rowmax_in=0.5291 rowmax_out=0.8057 discrete_mse=10.954185 best_discrete=2.178822 hash=False elapsed=43.6s
step   500/700 tau=0.0818 loss=0.349210 mse_soft=0.348777 ent_in=1.0800 ent_out=0.3621 rowmax_in=0.5260 rowmax_out=0.8127 discrete_mse=3.630734 best_discrete=2.178822 hash=False elapsed=45.9s
step   525/700 tau=0.0722 loss=0.306610 mse_soft=0.306182 ent_in=1.0664 ent_out=0.3606 rowmax_in=0.5351 rowmax_out=0.8080 discrete_mse=7.313160 best_discrete=2.178822 hash=False elapsed=47.9s
step   550/700 tau=0.0637 loss=0.298679 mse_soft=0.298250 ent_in=1.0743 ent_out=0.3569 rowmax_in=0.5296 rowmax_out=0.8086 discrete_mse=5.749844 best_discrete=2.178822 hash=False elapsed=50.0s
step   575/700 tau=0.0562 loss=0.315617 mse_soft=0.315192 ent_in=1.0551 ent_out=0.3628 rowmax_in=0.5420 rowmax_out=0.8056 discrete_mse=1.482757 best_discrete=1.482757 hash=False elapsed=52.3s
step   600/700 tau=0.0495 loss=0.299995 mse_soft=0.299576 ent_in=1.0290 ent_out=0.3673 rowmax_in=0.5512 rowmax_out=0.8056 discrete_mse=188.920990 best_discrete=1.482757 hash=False elapsed=54.7s
step   625/700 tau=0.0437 loss=0.333515 mse_soft=0.333178 ent_in=0.8341 ent_out=0.2908 rowmax_in=0.6211 rowmax_out=0.8601 discrete_mse=12.955558 best_discrete=1.482757 hash=False elapsed=56.8s
step   650/700 tau=0.0386 loss=0.320355 mse_soft=0.320013 ent_in=0.8369 ent_out=0.3049 rowmax_in=0.6180 rowmax_out=0.8472 discrete_mse=40.879208 best_discrete=1.482757 hash=False elapsed=59.0s
step   675/700 tau=0.0340 loss=0.308555 mse_soft=0.308211 ent_in=0.8461 ent_out=0.2993 rowmax_in=0.6123 rowmax_out=0.8455 discrete_mse=21.165756 best_discrete=1.482757 hash=False elapsed=61.2s
step   700/700 tau=0.0300 loss=0.382548 mse_soft=0.382249 ent_in=0.8106 ent_out=0.1873 rowmax_in=0.6054 rowmax_out=0.9178 discrete_mse=268.754395 best_discrete=1.482757 hash=False elapsed=63.4s

Final metrics:
  soft_mse_full=0.365760
  rowmax_in_mean=0.5951
  rowmax_out_mean=0.9183
  ent_in_mean=0.8213
  ent_out_mean=0.1867
  final_discrete_mse=178.097397
  hash_match=False
  best_discrete_mse_seen=1.482757
Saved results to overnight_b060_j3.json
