Using device: cuda
Train rows: 10000 / Full rows: 10000, steps=700, lr=0.015
step     1/700 tau=1.0000 loss=1.064273 mse_soft=1.063499 ent_in=3.8712 ent_out=3.8712 rowmax_in=0.0213 rowmax_out=0.0213 discrete_mse=26.184439 best_discrete=26.184439 hash=False elapsed=0.5s
step    25/700 tau=0.8810 loss=0.972058 mse_soft=0.971298 ent_in=3.7934 ent_out=3.8055 rowmax_in=0.0330 rowmax_out=0.0322 discrete_mse=125.788521 best_discrete=26.184439 hash=False elapsed=2.8s
step    50/700 tau=0.7721 loss=0.786523 mse_soft=0.785815 ent_in=3.5173 ent_out=3.5653 rowmax_in=0.0569 rowmax_out=0.0547 discrete_mse=519.772461 best_discrete=26.184439 hash=False elapsed=5.2s
step    75/700 tau=0.6767 loss=0.643573 mse_soft=0.642937 ent_in=3.1320 ent_out=3.2313 rowmax_in=0.0970 rowmax_out=0.0913 discrete_mse=12397.800781 best_discrete=26.184439 hash=False elapsed=7.4s
step   100/700 tau=0.5931 loss=0.534865 mse_soft=0.534310 ent_in=2.7247 ent_out=2.8227 rowmax_in=0.1787 rowmax_out=0.1785 discrete_mse=560.983704 best_discrete=26.184439 hash=False elapsed=9.6s
step   125/700 tau=0.5198 loss=0.436145 mse_soft=0.435711 ent_in=2.2128 ent_out=2.1265 rowmax_in=0.2894 rowmax_out=0.3434 discrete_mse=211.680023 best_discrete=26.184439 hash=False elapsed=12.0s
step   150/700 tau=0.4555 loss=0.366482 mse_soft=0.366162 ent_in=1.7822 ent_out=1.4216 rowmax_in=0.4019 rowmax_out=0.5431 discrete_mse=330.498505 best_discrete=26.184439 hash=False elapsed=14.2s
step   175/700 tau=0.3992 loss=0.328579 mse_soft=0.328338 ent_in=1.5337 ent_out=0.8781 rowmax_in=0.4476 rowmax_out=0.7228 discrete_mse=258.927094 best_discrete=26.184439 hash=False elapsed=16.6s
step   200/700 tau=0.3499 loss=0.310352 mse_soft=0.310160 ent_in=1.3813 ent_out=0.5391 rowmax_in=0.4708 rowmax_out=0.8212 discrete_mse=211.408539 best_discrete=26.184439 hash=False elapsed=19.0s
step   225/700 tau=0.3066 loss=0.300107 mse_soft=0.299937 ent_in=1.2992 ent_out=0.3991 rowmax_in=0.4863 rowmax_out=0.8603 discrete_mse=148.252090 best_discrete=26.184439 hash=False elapsed=21.4s
step   250/700 tau=0.2687 loss=0.292149 mse_soft=0.291999 ent_in=1.2252 ent_out=0.2820 rowmax_in=0.5107 rowmax_out=0.8997 discrete_mse=520.338623 best_discrete=26.184439 hash=False elapsed=23.6s
step   275/700 tau=0.2355 loss=0.286967 mse_soft=0.286825 ent_in=1.1832 ent_out=0.2384 rowmax_in=0.5230 rowmax_out=0.9118 discrete_mse=108.574913 best_discrete=26.184439 hash=False elapsed=26.1s
step   300/700 tau=0.2064 loss=0.291167 mse_soft=0.291029 ent_in=1.1581 ent_out=0.2262 rowmax_in=0.5299 rowmax_out=0.9121 discrete_mse=260.328613 best_discrete=26.184439 hash=False elapsed=28.5s
step   325/700 tau=0.1809 loss=0.282533 mse_soft=0.282397 ent_in=1.1315 ent_out=0.2250 rowmax_in=0.5340 rowmax_out=0.9092 discrete_mse=182.689301 best_discrete=26.184439 hash=False elapsed=31.1s
step   350/700 tau=0.1585 loss=0.279996 mse_soft=0.279863 ent_in=1.1125 ent_out=0.2188 rowmax_in=0.5365 rowmax_out=0.9115 discrete_mse=15.320462 best_discrete=15.320462 hash=False elapsed=33.6s
step   375/700 tau=0.1389 loss=0.280509 mse_soft=0.280379 ent_in=1.0950 ent_out=0.2142 rowmax_in=0.5385 rowmax_out=0.9141 discrete_mse=59.070312 best_discrete=15.320462 hash=False elapsed=36.0s
step   400/700 tau=0.1218 loss=0.279921 mse_soft=0.279791 ent_in=1.0863 ent_out=0.2178 rowmax_in=0.5399 rowmax_out=0.9120 discrete_mse=59.070312 best_discrete=15.320462 hash=False elapsed=38.3s
step   425/700 tau=0.1067 loss=0.277986 mse_soft=0.277857 ent_in=1.0799 ent_out=0.2149 rowmax_in=0.5427 rowmax_out=0.9131 discrete_mse=59.070312 best_discrete=15.320462 hash=False elapsed=40.6s
step   450/700 tau=0.0935 loss=0.277821 mse_soft=0.277692 ent_in=1.0749 ent_out=0.2169 rowmax_in=0.5430 rowmax_out=0.9114 discrete_mse=32.826427 best_discrete=15.320462 hash=False elapsed=43.0s
step   475/700 tau=0.0820 loss=0.279733 mse_soft=0.279604 ent_in=1.0726 ent_out=0.2219 rowmax_in=0.5444 rowmax_out=0.9090 discrete_mse=32.826427 best_discrete=15.320462 hash=False elapsed=45.2s
step   500/700 tau=0.0718 loss=0.282183 mse_soft=0.282053 ent_in=1.0719 ent_out=0.2242 rowmax_in=0.5448 rowmax_out=0.9082 discrete_mse=23.609673 best_discrete=15.320462 hash=False elapsed=47.4s
step   525/700 tau=0.0630 loss=0.285610 mse_soft=0.285481 ent_in=1.0669 ent_out=0.2244 rowmax_in=0.5471 rowmax_out=0.9083 discrete_mse=74.500870 best_discrete=15.320462 hash=False elapsed=49.7s
step   550/700 tau=0.0552 loss=0.278195 mse_soft=0.278066 ent_in=1.0624 ent_out=0.2265 rowmax_in=0.5467 rowmax_out=0.9068 discrete_mse=80.365631 best_discrete=15.320462 hash=False elapsed=52.0s
step   575/700 tau=0.0484 loss=0.281293 mse_soft=0.281166 ent_in=1.0535 ent_out=0.2238 rowmax_in=0.5486 rowmax_out=0.9077 discrete_mse=70.801712 best_discrete=15.320462 hash=False elapsed=54.3s
step   600/700 tau=0.0424 loss=0.328148 mse_soft=0.328024 ent_in=1.0359 ent_out=0.2058 rowmax_in=0.5512 rowmax_out=0.9157 discrete_mse=61.365700 best_discrete=15.320462 hash=False elapsed=56.8s
step   625/700 tau=0.0371 loss=0.285311 mse_soft=0.285189 ent_in=1.0229 ent_out=0.1918 rowmax_in=0.5465 rowmax_out=0.9209 discrete_mse=15.371973 best_discrete=15.320462 hash=False elapsed=59.3s
step   650/700 tau=0.0325 loss=0.309403 mse_soft=0.309285 ent_in=0.9898 ent_out=0.1900 rowmax_in=0.5758 rowmax_out=0.9177 discrete_mse=19.554426 best_discrete=15.320462 hash=False elapsed=61.8s
step   675/700 tau=0.0285 loss=0.306964 mse_soft=0.306856 ent_in=0.9470 ent_out=0.1388 rowmax_in=0.5735 rowmax_out=0.9378 discrete_mse=442.220337 best_discrete=15.320462 hash=False elapsed=64.2s
step   700/700 tau=0.0250 loss=0.285926 mse_soft=0.285818 ent_in=0.9540 ent_out=0.1242 rowmax_in=0.5625 rowmax_out=0.9424 discrete_mse=40.248444 best_discrete=15.320462 hash=False elapsed=66.4s

Final metrics:
  soft_mse_full=0.285386
  rowmax_in_mean=0.5623
  rowmax_out_mean=0.9448
  ent_in_mean=0.9539
  ent_out_mean=0.1219
  final_discrete_mse=29.709787
  hash_match=False
  best_discrete_mse_seen=15.320462
Saved results to overnight_b173_j4.json
