Using device: cuda
Train rows: 4096 / Full rows: 10000, steps=900, lr=0.03
step     1/900 tau=1.0000 loss=1.064847 mse_soft=1.062524 ent_in=3.8712 ent_out=3.8712 rowmax_in=0.0213 rowmax_out=0.0213 discrete_mse=19.328093 best_discrete=19.328093 hash=False elapsed=0.5s
step    25/900 tau=0.9106 loss=0.858910 mse_soft=0.856719 ent_in=3.6337 ent_out=3.6694 rowmax_in=0.0452 rowmax_out=0.0437 discrete_mse=10080.491211 best_discrete=19.328093 hash=False elapsed=2.8s
step    50/900 tau=0.8260 loss=0.655385 mse_soft=0.653466 ent_in=3.1466 ent_out=3.2527 rowmax_in=0.0944 rowmax_out=0.0853 discrete_mse=5996.599609 best_discrete=19.328093 hash=False elapsed=5.3s
step    75/900 tau=0.7493 loss=0.524517 mse_soft=0.522904 ent_in=2.6415 ent_out=2.7364 rowmax_in=0.2067 rowmax_out=0.1941 discrete_mse=4871.316895 best_discrete=19.328093 hash=False elapsed=7.8s
step   100/900 tau=0.6797 loss=0.401994 mse_soft=0.400813 ent_in=2.0431 ent_out=1.8952 rowmax_in=0.3532 rowmax_out=0.3960 discrete_mse=221.820541 best_discrete=19.328093 hash=False elapsed=10.3s
step   125/900 tau=0.6165 loss=0.336717 mse_soft=0.335856 ent_in=1.6045 ent_out=1.2656 rowmax_in=0.4584 rowmax_out=0.5951 discrete_mse=353.768188 best_discrete=19.328093 hash=False elapsed=12.7s
step   150/900 tau=0.5592 loss=0.316192 mse_soft=0.315475 ent_in=1.4298 ent_out=0.9615 rowmax_in=0.4831 rowmax_out=0.6764 discrete_mse=125.055946 best_discrete=19.328093 hash=False elapsed=15.2s
step   175/900 tau=0.5073 loss=0.304950 mse_soft=0.304311 ent_in=1.3276 ent_out=0.8032 rowmax_in=0.4968 rowmax_out=0.7041 discrete_mse=117.436607 best_discrete=19.328093 hash=False elapsed=17.5s
step   200/900 tau=0.4602 loss=0.298142 mse_soft=0.297548 ent_in=1.2693 ent_out=0.7113 rowmax_in=0.5019 rowmax_out=0.7249 discrete_mse=223.662338 best_discrete=19.328093 hash=False elapsed=20.0s
step   225/900 tau=0.4174 loss=0.292997 mse_soft=0.292441 ent_in=1.2252 ent_out=0.6293 rowmax_in=0.5105 rowmax_out=0.7506 discrete_mse=14.484116 best_discrete=14.484116 hash=False elapsed=22.5s
step   250/900 tau=0.3786 loss=0.290035 mse_soft=0.289502 ent_in=1.1978 ent_out=0.5811 rowmax_in=0.5172 rowmax_out=0.7649 discrete_mse=112.611275 best_discrete=14.484116 hash=False elapsed=25.1s
step   275/900 tau=0.3434 loss=0.285219 mse_soft=0.284702 ent_in=1.1741 ent_out=0.5470 rowmax_in=0.5199 rowmax_out=0.7714 discrete_mse=54.465698 best_discrete=14.484116 hash=False elapsed=27.6s
step   300/900 tau=0.3115 loss=0.281723 mse_soft=0.281227 ent_in=1.1470 ent_out=0.5057 rowmax_in=0.5257 rowmax_out=0.7792 discrete_mse=49.141212 best_discrete=14.484116 hash=False elapsed=30.0s
step   325/900 tau=0.2826 loss=0.282557 mse_soft=0.282077 ent_in=1.1189 ent_out=0.4800 rowmax_in=0.5357 rowmax_out=0.7832 discrete_mse=41.460388 best_discrete=14.484116 hash=False elapsed=32.6s
step   350/900 tau=0.2563 loss=0.279273 mse_soft=0.278804 ent_in=1.0982 ent_out=0.4649 rowmax_in=0.5414 rowmax_out=0.7868 discrete_mse=36.998936 best_discrete=14.484116 hash=False elapsed=34.9s
step   375/900 tau=0.2325 loss=0.281988 mse_soft=0.281527 ent_in=1.0915 ent_out=0.4454 rowmax_in=0.5438 rowmax_out=0.7933 discrete_mse=177.255051 best_discrete=14.484116 hash=False elapsed=37.5s
step   400/900 tau=0.2109 loss=0.280333 mse_soft=0.279876 ent_in=1.0877 ent_out=0.4347 rowmax_in=0.5444 rowmax_out=0.7970 discrete_mse=230.070648 best_discrete=14.484116 hash=False elapsed=39.9s
step   425/900 tau=0.1913 loss=0.277218 mse_soft=0.276764 ent_in=1.0802 ent_out=0.4306 rowmax_in=0.5474 rowmax_out=0.7992 discrete_mse=230.070648 best_discrete=14.484116 hash=False elapsed=42.1s
step   450/900 tau=0.1735 loss=0.276741 mse_soft=0.276290 ent_in=1.0769 ent_out=0.4272 rowmax_in=0.5472 rowmax_out=0.8009 discrete_mse=230.070648 best_discrete=14.484116 hash=False elapsed=44.4s
step   475/900 tau=0.1574 loss=0.283345 mse_soft=0.282895 ent_in=1.0736 ent_out=0.4265 rowmax_in=0.5486 rowmax_out=0.8001 discrete_mse=68.273926 best_discrete=14.484116 hash=False elapsed=46.6s
step   500/900 tau=0.1428 loss=0.283004 mse_soft=0.282556 ent_in=1.0674 ent_out=0.4254 rowmax_in=0.5512 rowmax_out=0.7997 discrete_mse=92.480026 best_discrete=14.484116 hash=False elapsed=48.9s
step   525/900 tau=0.1295 loss=0.279516 mse_soft=0.279071 ent_in=1.0585 ent_out=0.4235 rowmax_in=0.5545 rowmax_out=0.8033 discrete_mse=68.273926 best_discrete=14.484116 hash=False elapsed=51.1s
step   550/900 tau=0.1175 loss=0.287494 mse_soft=0.287051 ent_in=1.0485 ent_out=0.4285 rowmax_in=0.5558 rowmax_out=0.8011 discrete_mse=36.998936 best_discrete=14.484116 hash=False elapsed=53.5s
step   575/900 tau=0.1066 loss=0.277645 mse_soft=0.277201 ent_in=1.0400 ent_out=0.4410 rowmax_in=0.5609 rowmax_out=0.7934 discrete_mse=47.932789 best_discrete=14.484116 hash=False elapsed=55.9s
step   600/900 tau=0.0967 loss=0.281501 mse_soft=0.281073 ent_in=0.9934 ent_out=0.4317 rowmax_in=0.5799 rowmax_out=0.8009 discrete_mse=48.306393 best_discrete=14.484116 hash=False elapsed=58.3s
step   625/900 tau=0.0877 loss=0.285350 mse_soft=0.284926 ent_in=0.9871 ent_out=0.4250 rowmax_in=0.5772 rowmax_out=0.8058 discrete_mse=15.523732 best_discrete=14.484116 hash=False elapsed=60.7s
step   650/900 tau=0.0795 loss=0.291016 mse_soft=0.290607 ent_in=0.9674 ent_out=0.3988 rowmax_in=0.5739 rowmax_out=0.8124 discrete_mse=13.156212 best_discrete=13.156212 hash=False elapsed=63.1s
step   675/900 tau=0.0722 loss=0.281758 mse_soft=0.281361 ent_in=0.9546 ent_out=0.3698 rowmax_in=0.5777 rowmax_out=0.8263 discrete_mse=84.109421 best_discrete=13.156212 hash=False elapsed=65.5s
step   700/900 tau=0.0655 loss=0.282657 mse_soft=0.282260 ent_in=0.9614 ent_out=0.3620 rowmax_in=0.5724 rowmax_out=0.8323 discrete_mse=33.249187 best_discrete=13.156212 hash=False elapsed=67.7s
step   725/900 tau=0.0594 loss=0.299549 mse_soft=0.299187 ent_in=0.8779 ent_out=0.3287 rowmax_in=0.6078 rowmax_out=0.8467 discrete_mse=238.829147 best_discrete=13.156212 hash=False elapsed=69.8s
step   750/900 tau=0.0539 loss=0.338716 mse_soft=0.338443 ent_in=0.7213 ent_out=0.1862 rowmax_in=0.6555 rowmax_out=0.9100 discrete_mse=6.253292 best_discrete=6.253292 hash=False elapsed=72.0s
step   775/900 tau=0.0489 loss=0.327221 mse_soft=0.326951 ent_in=0.7158 ent_out=0.1852 rowmax_in=0.6500 rowmax_out=0.9033 discrete_mse=11.560379 best_discrete=6.253292 hash=False elapsed=74.2s
step   800/900 tau=0.0443 loss=0.340813 mse_soft=0.340551 ent_in=0.6818 ent_out=0.1887 rowmax_in=0.6614 rowmax_out=0.9009 discrete_mse=6.253292 best_discrete=6.253292 hash=False elapsed=76.4s
step   825/900 tau=0.0402 loss=0.401459 mse_soft=0.401209 ent_in=0.6488 ent_out=0.1830 rowmax_in=0.6837 rowmax_out=0.9003 discrete_mse=8.932856 best_discrete=6.253292 hash=False elapsed=78.8s
step   850/900 tau=0.0365 loss=0.345594 mse_soft=0.345360 ent_in=0.5874 ent_out=0.1948 rowmax_in=0.7075 rowmax_out=0.8962 discrete_mse=12.141670 best_discrete=6.253292 hash=False elapsed=81.0s
step   875/900 tau=0.0331 loss=0.382333 mse_soft=0.382138 ent_in=0.5052 ent_out=0.1425 rowmax_in=0.7121 rowmax_out=0.9336 discrete_mse=40.665588 best_discrete=6.253292 hash=False elapsed=83.5s
step   900/900 tau=0.0300 loss=0.374928 mse_soft=0.374733 ent_in=0.4947 ent_out=0.1539 rowmax_in=0.7228 rowmax_out=0.9244 discrete_mse=40.665588 best_discrete=6.253292 hash=False elapsed=85.6s

Final metrics:
  soft_mse_full=0.378614
  rowmax_in_mean=0.7218
  rowmax_out_mean=0.9243
  ent_in_mean=0.4984
  ent_out_mean=0.1541
  final_discrete_mse=63.625961
  hash_match=False
  best_discrete_mse_seen=6.253292
Saved results to overnight_b182_j1.json
