Using device: cuda
Train rows: 10000 / Full rows: 10000, steps=700, lr=0.02
step     1/700 tau=1.0000 loss=1.065744 mse_soft=1.063421 ent_in=3.8712 ent_out=3.8712 rowmax_in=0.0213 rowmax_out=0.0213 discrete_mse=70.965614 best_discrete=70.965614 hash=False elapsed=0.6s
step    25/700 tau=0.8866 loss=0.935256 mse_soft=0.933005 ent_in=3.7417 ent_out=3.7629 rowmax_in=0.0380 rowmax_out=0.0363 discrete_mse=652.743896 best_discrete=70.965614 hash=False elapsed=2.7s
step    50/700 tau=0.7821 loss=0.710747 mse_soft=0.708712 ent_in=3.3564 ent_out=3.4254 rowmax_in=0.0711 rowmax_out=0.0664 discrete_mse=9093.333984 best_discrete=70.965614 hash=False elapsed=4.9s
step    75/700 tau=0.6899 loss=0.587359 mse_soft=0.585563 ent_in=2.9339 ent_out=3.0510 rowmax_in=0.1314 rowmax_out=0.1196 discrete_mse=820.309937 best_discrete=70.965614 hash=False elapsed=7.2s
step   100/700 tau=0.6086 loss=0.473082 mse_soft=0.471644 ent_in=2.3790 ent_out=2.4139 rowmax_in=0.2551 rowmax_out=0.2561 discrete_mse=248.610046 best_discrete=70.965614 hash=False elapsed=9.6s
step   125/700 tau=0.5368 loss=0.386294 mse_soft=0.385239 ent_in=1.8785 ent_out=1.6379 rowmax_in=0.3708 rowmax_out=0.4833 discrete_mse=450.334290 best_discrete=70.965614 hash=False elapsed=11.8s
step   150/700 tau=0.4736 loss=0.335946 mse_soft=0.335180 ent_in=1.5843 ent_out=0.9684 rowmax_in=0.4389 rowmax_out=0.6930 discrete_mse=943.356384 best_discrete=70.965614 hash=False elapsed=14.2s
step   175/700 tau=0.4177 loss=0.316215 mse_soft=0.315589 ent_in=1.4369 ent_out=0.6522 rowmax_in=0.4641 rowmax_out=0.7734 discrete_mse=780.346985 best_discrete=70.965614 hash=False elapsed=16.4s
step   200/700 tau=0.3685 loss=0.304876 mse_soft=0.304317 ent_in=1.3263 ent_out=0.5382 rowmax_in=0.4830 rowmax_out=0.7891 discrete_mse=1070.752686 best_discrete=70.965614 hash=False elapsed=18.5s
step   225/700 tau=0.3251 loss=0.293719 mse_soft=0.293215 ent_in=1.2540 ent_out=0.4245 rowmax_in=0.4993 rowmax_out=0.8356 discrete_mse=1094.127808 best_discrete=70.965614 hash=False elapsed=20.6s
step   250/700 tau=0.2868 loss=0.286916 mse_soft=0.286458 ent_in=1.2063 ent_out=0.3217 rowmax_in=0.5060 rowmax_out=0.8729 discrete_mse=2168.606689 best_discrete=70.965614 hash=False elapsed=22.9s
step   275/700 tau=0.2530 loss=0.282294 mse_soft=0.281856 ent_in=1.1806 ent_out=0.2817 rowmax_in=0.5094 rowmax_out=0.8783 discrete_mse=2168.606689 best_discrete=70.965614 hash=False elapsed=25.3s
step   300/700 tau=0.2231 loss=0.282168 mse_soft=0.281736 ent_in=1.1669 ent_out=0.2711 rowmax_in=0.5084 rowmax_out=0.8780 discrete_mse=456.693176 best_discrete=70.965614 hash=False elapsed=27.5s
step   325/700 tau=0.1968 loss=0.280614 mse_soft=0.280189 ent_in=1.1490 ent_out=0.2670 rowmax_in=0.5126 rowmax_out=0.8784 discrete_mse=456.693176 best_discrete=70.965614 hash=False elapsed=30.0s
step   350/700 tau=0.1736 loss=0.280971 mse_soft=0.280551 ent_in=1.1387 ent_out=0.2638 rowmax_in=0.5138 rowmax_out=0.8775 discrete_mse=456.693176 best_discrete=70.965614 hash=False elapsed=32.2s
step   375/700 tau=0.1532 loss=0.279048 mse_soft=0.278631 ent_in=1.1272 ent_out=0.2624 rowmax_in=0.5159 rowmax_out=0.8773 discrete_mse=678.636780 best_discrete=70.965614 hash=False elapsed=34.3s
step   400/700 tau=0.1351 loss=0.282276 mse_soft=0.281860 ent_in=1.1229 ent_out=0.2639 rowmax_in=0.5146 rowmax_out=0.8735 discrete_mse=456.693176 best_discrete=70.965614 hash=False elapsed=36.5s
step   425/700 tau=0.1192 loss=0.284565 mse_soft=0.284152 ent_in=1.1135 ent_out=0.2614 rowmax_in=0.5182 rowmax_out=0.8739 discrete_mse=235.579147 best_discrete=70.965614 hash=False elapsed=38.7s
step   450/700 tau=0.1051 loss=0.281020 mse_soft=0.280610 ent_in=1.1073 ent_out=0.2609 rowmax_in=0.5174 rowmax_out=0.8717 discrete_mse=235.579147 best_discrete=70.965614 hash=False elapsed=40.9s
step   475/700 tau=0.0928 loss=0.281437 mse_soft=0.281029 ent_in=1.1010 ent_out=0.2584 rowmax_in=0.5193 rowmax_out=0.8723 discrete_mse=428.022888 best_discrete=70.965614 hash=False elapsed=43.1s
step   500/700 tau=0.0818 loss=0.278034 mse_soft=0.277628 ent_in=1.0961 ent_out=0.2559 rowmax_in=0.5196 rowmax_out=0.8722 discrete_mse=234.798676 best_discrete=70.965614 hash=False elapsed=45.4s
step   525/700 tau=0.0722 loss=0.279731 mse_soft=0.279329 ent_in=1.0873 ent_out=0.2547 rowmax_in=0.5207 rowmax_out=0.8702 discrete_mse=176.416473 best_discrete=70.965614 hash=False elapsed=47.9s
step   550/700 tau=0.0637 loss=0.279979 mse_soft=0.279581 ent_in=1.0745 ent_out=0.2501 rowmax_in=0.5168 rowmax_out=0.8764 discrete_mse=159.003754 best_discrete=70.965614 hash=False elapsed=50.3s
step   575/700 tau=0.0562 loss=0.317666 mse_soft=0.317275 ent_in=1.0530 ent_out=0.2495 rowmax_in=0.5207 rowmax_out=0.8753 discrete_mse=553.726868 best_discrete=70.965614 hash=False elapsed=52.5s
step   600/700 tau=0.0495 loss=0.302466 mse_soft=0.302088 ent_in=1.0117 ent_out=0.2479 rowmax_in=0.5389 rowmax_out=0.8765 discrete_mse=135.037842 best_discrete=70.965614 hash=False elapsed=54.8s
step   625/700 tau=0.0437 loss=0.283446 mse_soft=0.283077 ent_in=0.9969 ent_out=0.2317 rowmax_in=0.5403 rowmax_out=0.8869 discrete_mse=47.838871 best_discrete=47.838871 hash=False elapsed=57.4s
step   650/700 tau=0.0386 loss=0.307213 mse_soft=0.306872 ent_in=0.8942 ent_out=0.2426 rowmax_in=0.5599 rowmax_out=0.8762 discrete_mse=64.192986 best_discrete=47.838871 hash=False elapsed=59.7s
step   675/700 tau=0.0340 loss=0.355442 mse_soft=0.355141 ent_in=0.7741 ent_out=0.2308 rowmax_in=0.6158 rowmax_out=0.8852 discrete_mse=67.739647 best_discrete=47.838871 hash=False elapsed=62.1s
step   700/700 tau=0.0300 loss=0.328435 mse_soft=0.328146 ent_in=0.7400 ent_out=0.2234 rowmax_in=0.6229 rowmax_out=0.8903 discrete_mse=61.328018 best_discrete=47.838871 hash=False elapsed=64.7s

Final metrics:
  soft_mse_full=0.326155
  rowmax_in_mean=0.6151
  rowmax_out_mean=0.8904
  ent_in_mean=0.7480
  ent_out_mean=0.2244
  final_discrete_mse=23.390215
  hash_match=False
  best_discrete_mse_seen=47.838871
Saved results to overnight_b112_j3.json
