Using device: cuda
Train rows: 10000 / Full rows: 10000, steps=700, lr=0.02
step     1/700 tau=1.0000 loss=1.065717 mse_soft=1.063394 ent_in=3.8712 ent_out=3.8712 rowmax_in=0.0213 rowmax_out=0.0213 discrete_mse=54.296749 best_discrete=54.296749 hash=False elapsed=0.5s
step    25/700 tau=0.8866 loss=0.934964 mse_soft=0.932712 ent_in=3.7424 ent_out=3.7626 rowmax_in=0.0376 rowmax_out=0.0363 discrete_mse=1322.971313 best_discrete=54.296749 hash=False elapsed=2.5s
step    50/700 tau=0.7821 loss=0.709753 mse_soft=0.707717 ent_in=3.3585 ent_out=3.4262 rowmax_in=0.0706 rowmax_out=0.0665 discrete_mse=1912.127197 best_discrete=54.296749 hash=False elapsed=4.6s
step    75/700 tau=0.6899 loss=0.588618 mse_soft=0.586816 ent_in=2.9453 ent_out=3.0623 rowmax_in=0.1307 rowmax_out=0.1197 discrete_mse=4605.323242 best_discrete=54.296749 hash=False elapsed=6.6s
step   100/700 tau=0.6086 loss=0.470829 mse_soft=0.469379 ent_in=2.4008 ent_out=2.4314 rowmax_in=0.2576 rowmax_out=0.2500 discrete_mse=6.536924 best_discrete=6.536924 hash=False elapsed=8.7s
step   125/700 tau=0.5368 loss=0.385354 mse_soft=0.384290 ent_in=1.8715 ent_out=1.6760 rowmax_in=0.3819 rowmax_out=0.4650 discrete_mse=3098.302002 best_discrete=6.536924 hash=False elapsed=10.9s
step   150/700 tau=0.4736 loss=0.346427 mse_soft=0.345611 ent_in=1.6006 ent_out=1.1178 rowmax_in=0.4260 rowmax_out=0.6235 discrete_mse=3561.714355 best_discrete=6.536924 hash=False elapsed=12.9s
step   175/700 tau=0.4177 loss=0.329056 mse_soft=0.328395 ent_in=1.4538 ent_out=0.7498 rowmax_in=0.4485 rowmax_out=0.7486 discrete_mse=9224.640625 best_discrete=6.536924 hash=False elapsed=14.8s
step   200/700 tau=0.3685 loss=0.317424 mse_soft=0.316839 ent_in=1.3613 ent_out=0.5871 rowmax_in=0.4656 rowmax_out=0.7855 discrete_mse=1099.704712 best_discrete=6.536924 hash=False elapsed=16.9s
step   225/700 tau=0.3251 loss=0.307892 mse_soft=0.307355 ent_in=1.2967 ent_out=0.4920 rowmax_in=0.4763 rowmax_out=0.8128 discrete_mse=1073.628174 best_discrete=6.536924 hash=False elapsed=19.0s
step   250/700 tau=0.2868 loss=0.303212 mse_soft=0.302701 ent_in=1.2606 ent_out=0.4407 rowmax_in=0.4826 rowmax_out=0.8302 discrete_mse=701.567993 best_discrete=6.536924 hash=False elapsed=21.3s
step   275/700 tau=0.2530 loss=0.300568 mse_soft=0.300078 ent_in=1.2210 ent_out=0.4152 rowmax_in=0.4941 rowmax_out=0.8376 discrete_mse=1933.099609 best_discrete=6.536924 hash=False elapsed=23.4s
step   300/700 tau=0.2231 loss=0.299380 mse_soft=0.298900 ent_in=1.2009 ent_out=0.3961 rowmax_in=0.4960 rowmax_out=0.8388 discrete_mse=800.108887 best_discrete=6.536924 hash=False elapsed=25.5s
step   325/700 tau=0.1968 loss=0.299007 mse_soft=0.298540 ent_in=1.1778 ent_out=0.3779 rowmax_in=0.5008 rowmax_out=0.8445 discrete_mse=515.870361 best_discrete=6.536924 hash=False elapsed=27.6s
step   350/700 tau=0.1736 loss=0.295596 mse_soft=0.295136 ent_in=1.1691 ent_out=0.3663 rowmax_in=0.5005 rowmax_out=0.8475 discrete_mse=1873.297729 best_discrete=6.536924 hash=False elapsed=30.0s
step   375/700 tau=0.1532 loss=0.296354 mse_soft=0.295896 ent_in=1.1678 ent_out=0.3583 rowmax_in=0.5003 rowmax_out=0.8483 discrete_mse=515.870361 best_discrete=6.536924 hash=False elapsed=32.2s
step   400/700 tau=0.1351 loss=0.299151 mse_soft=0.298696 ent_in=1.1668 ent_out=0.3502 rowmax_in=0.4996 rowmax_out=0.8493 discrete_mse=53.156975 best_discrete=6.536924 hash=False elapsed=34.6s
step   425/700 tau=0.1192 loss=0.302421 mse_soft=0.301970 ent_in=1.1612 ent_out=0.3431 rowmax_in=0.5044 rowmax_out=0.8503 discrete_mse=53.156975 best_discrete=6.536924 hash=False elapsed=37.1s
step   450/700 tau=0.1051 loss=0.298227 mse_soft=0.297776 ent_in=1.1635 ent_out=0.3389 rowmax_in=0.4984 rowmax_out=0.8509 discrete_mse=69.833557 best_discrete=6.536924 hash=False elapsed=39.6s
step   475/700 tau=0.0928 loss=0.305608 mse_soft=0.305158 ent_in=1.1612 ent_out=0.3380 rowmax_in=0.4977 rowmax_out=0.8508 discrete_mse=366.815979 best_discrete=6.536924 hash=False elapsed=42.0s
step   500/700 tau=0.0818 loss=0.296762 mse_soft=0.296314 ent_in=1.1600 ent_out=0.3356 rowmax_in=0.5000 rowmax_out=0.8500 discrete_mse=466.849792 best_discrete=6.536924 hash=False elapsed=44.4s
step   525/700 tau=0.0722 loss=0.344769 mse_soft=0.344319 ent_in=1.1556 ent_out=0.3434 rowmax_in=0.4916 rowmax_out=0.8433 discrete_mse=451.125275 best_discrete=6.536924 hash=False elapsed=46.6s
step   550/700 tau=0.0637 loss=0.311750 mse_soft=0.311324 ent_in=1.0923 ent_out=0.3262 rowmax_in=0.5223 rowmax_out=0.8491 discrete_mse=286.904083 best_discrete=6.536924 hash=False elapsed=48.8s
step   575/700 tau=0.0562 loss=0.317505 mse_soft=0.317093 ent_in=1.0698 ent_out=0.3052 rowmax_in=0.5362 rowmax_out=0.8569 discrete_mse=296.538940 best_discrete=6.536924 hash=False elapsed=51.1s
step   600/700 tau=0.0495 loss=0.307885 mse_soft=0.307479 ent_in=1.0622 ent_out=0.2879 rowmax_in=0.5339 rowmax_out=0.8621 discrete_mse=694.825684 best_discrete=6.536924 hash=False elapsed=53.5s
step   625/700 tau=0.0437 loss=0.368868 mse_soft=0.368468 ent_in=1.0446 ent_out=0.2900 rowmax_in=0.5422 rowmax_out=0.8539 discrete_mse=254.903168 best_discrete=6.536924 hash=False elapsed=55.7s
step   650/700 tau=0.0386 loss=0.352078 mse_soft=0.351749 ent_in=0.8296 ent_out=0.2649 rowmax_in=0.6128 rowmax_out=0.8532 discrete_mse=690.482117 best_discrete=6.536924 hash=False elapsed=57.8s
step   675/700 tau=0.0340 loss=0.347232 mse_soft=0.346916 ent_in=0.8175 ent_out=0.2365 rowmax_in=0.6069 rowmax_out=0.8725 discrete_mse=305.931885 best_discrete=6.536924 hash=False elapsed=60.0s
step   700/700 tau=0.0300 loss=0.473861 mse_soft=0.473651 ent_in=0.5707 ent_out=0.1284 rowmax_in=0.7272 rowmax_out=0.9426 discrete_mse=145.847061 best_discrete=6.536924 hash=False elapsed=62.2s

Final metrics:
  soft_mse_full=0.488340
  rowmax_in_mean=0.7402
  rowmax_out_mean=0.9445
  ent_in_mean=0.5483
  ent_out_mean=0.1249
  final_discrete_mse=191.339676
  hash_match=False
  best_discrete_mse_seen=6.536924
Saved results to overnight_b207_j3.json
