Using device: cuda
Train rows: 4096 / Full rows: 10000, steps=900, lr=0.03
step     1/900 tau=1.0000 loss=1.070034 mse_soft=1.067711 ent_in=3.8712 ent_out=3.8712 rowmax_in=0.0213 rowmax_out=0.0213 discrete_mse=273.743073 best_discrete=273.743073 hash=False elapsed=0.5s
step    25/900 tau=0.9090 loss=0.867784 mse_soft=0.865594 ent_in=3.6321 ent_out=3.6683 rowmax_in=0.0461 rowmax_out=0.0438 discrete_mse=1908.439941 best_discrete=273.743073 hash=False elapsed=3.0s
step    50/900 tau=0.8229 loss=0.658789 mse_soft=0.656885 ent_in=3.1219 ent_out=3.2264 rowmax_in=0.0953 rowmax_out=0.0867 discrete_mse=4189.608398 best_discrete=273.743073 hash=False elapsed=5.4s
step    75/900 tau=0.7450 loss=0.525255 mse_soft=0.523667 ent_in=2.5987 ent_out=2.6964 rowmax_in=0.2097 rowmax_out=0.1964 discrete_mse=3231.664795 best_discrete=273.743073 hash=False elapsed=7.7s
step   100/900 tau=0.6745 loss=0.418534 mse_soft=0.417353 ent_in=2.0157 ent_out=1.9210 rowmax_in=0.3415 rowmax_out=0.3864 discrete_mse=807.431152 best_discrete=273.743073 hash=False elapsed=10.1s
step   125/900 tau=0.6107 loss=0.351990 mse_soft=0.351142 ent_in=1.6933 ent_out=1.1311 rowmax_in=0.4032 rowmax_out=0.6370 discrete_mse=428.575775 best_discrete=273.743073 hash=False elapsed=12.6s
step   150/900 tau=0.5529 loss=0.319831 mse_soft=0.319195 ent_in=1.5045 ent_out=0.6132 rowmax_in=0.4415 rowmax_out=0.7973 discrete_mse=97.032104 best_discrete=97.032104 hash=False elapsed=14.8s
step   175/900 tau=0.5006 loss=0.304778 mse_soft=0.304234 ent_in=1.4315 ent_out=0.3823 rowmax_in=0.4449 rowmax_out=0.8515 discrete_mse=806.020386 best_discrete=97.032104 hash=False elapsed=17.1s
step   200/900 tau=0.4532 loss=0.297661 mse_soft=0.297157 ent_in=1.3864 ent_out=0.2933 rowmax_in=0.4477 rowmax_out=0.8788 discrete_mse=1422.926392 best_discrete=97.032104 hash=False elapsed=19.3s
step   225/900 tau=0.4103 loss=0.292950 mse_soft=0.292474 ent_in=1.3542 ent_out=0.2299 rowmax_in=0.4490 rowmax_out=0.8966 discrete_mse=840.244507 best_discrete=97.032104 hash=False elapsed=21.6s
step   250/900 tau=0.3715 loss=0.290175 mse_soft=0.289715 ent_in=1.3431 ent_out=0.1919 rowmax_in=0.4478 rowmax_out=0.9070 discrete_mse=855.305054 best_discrete=97.032104 hash=False elapsed=23.7s
step   275/900 tau=0.3363 loss=0.288505 mse_soft=0.288052 ent_in=1.3347 ent_out=0.1754 rowmax_in=0.4498 rowmax_out=0.9117 discrete_mse=855.305054 best_discrete=97.032104 hash=False elapsed=25.9s
step   300/900 tau=0.3045 loss=0.287255 mse_soft=0.286806 ent_in=1.3294 ent_out=0.1691 rowmax_in=0.4488 rowmax_out=0.9130 discrete_mse=1193.020142 best_discrete=97.032104 hash=False elapsed=28.3s
step   325/900 tau=0.2756 loss=0.285648 mse_soft=0.285202 ent_in=1.3226 ent_out=0.1648 rowmax_in=0.4475 rowmax_out=0.9145 discrete_mse=1655.468750 best_discrete=97.032104 hash=False elapsed=30.5s
step   350/900 tau=0.2496 loss=0.287099 mse_soft=0.286656 ent_in=1.3148 ent_out=0.1628 rowmax_in=0.4507 rowmax_out=0.9149 discrete_mse=1730.912354 best_discrete=97.032104 hash=False elapsed=32.7s
step   375/900 tau=0.2259 loss=0.285089 mse_soft=0.284648 ent_in=1.3058 ent_out=0.1652 rowmax_in=0.4543 rowmax_out=0.9138 discrete_mse=1310.713745 best_discrete=97.032104 hash=False elapsed=35.1s
step   400/900 tau=0.2046 loss=0.284623 mse_soft=0.284184 ent_in=1.2995 ent_out=0.1648 rowmax_in=0.4555 rowmax_out=0.9136 discrete_mse=1074.313721 best_discrete=97.032104 hash=False elapsed=37.5s
step   425/900 tau=0.1852 loss=0.284789 mse_soft=0.284353 ent_in=1.2865 ent_out=0.1677 rowmax_in=0.4602 rowmax_out=0.9126 discrete_mse=1310.713745 best_discrete=97.032104 hash=False elapsed=39.7s
step   450/900 tau=0.1677 loss=0.284140 mse_soft=0.283708 ent_in=1.2683 ent_out=0.1709 rowmax_in=0.4655 rowmax_out=0.9107 discrete_mse=831.159668 best_discrete=97.032104 hash=False elapsed=42.1s
step   475/900 tau=0.1518 loss=0.279935 mse_soft=0.279505 ent_in=1.2623 ent_out=0.1704 rowmax_in=0.4640 rowmax_out=0.9102 discrete_mse=1636.767700 best_discrete=97.032104 hash=False elapsed=44.3s
step   500/900 tau=0.1374 loss=0.283153 mse_soft=0.282726 ent_in=1.2533 ent_out=0.1698 rowmax_in=0.4666 rowmax_out=0.9110 discrete_mse=774.227356 best_discrete=97.032104 hash=False elapsed=46.4s
step   525/900 tau=0.1244 loss=0.283542 mse_soft=0.283118 ent_in=1.2424 ent_out=0.1691 rowmax_in=0.4672 rowmax_out=0.9121 discrete_mse=998.319946 best_discrete=97.032104 hash=False elapsed=48.8s
step   550/900 tau=0.1126 loss=0.282617 mse_soft=0.282194 ent_in=1.2412 ent_out=0.1691 rowmax_in=0.4692 rowmax_out=0.9141 discrete_mse=774.510498 best_discrete=97.032104 hash=False elapsed=51.2s
step   575/900 tau=0.1020 loss=0.312332 mse_soft=0.311915 ent_in=1.2232 ent_out=0.1678 rowmax_in=0.4712 rowmax_out=0.9155 discrete_mse=255.113373 best_discrete=97.032104 hash=False elapsed=53.6s
step   600/900 tau=0.0923 loss=0.283835 mse_soft=0.283423 ent_in=1.2036 ent_out=0.1688 rowmax_in=0.4856 rowmax_out=0.9159 discrete_mse=451.151489 best_discrete=97.032104 hash=False elapsed=56.0s
step   625/900 tau=0.0836 loss=0.293239 mse_soft=0.292827 ent_in=1.1968 ent_out=0.1753 rowmax_in=0.4823 rowmax_out=0.9134 discrete_mse=419.744904 best_discrete=97.032104 hash=False elapsed=58.5s
step   650/900 tau=0.0757 loss=0.335236 mse_soft=0.334841 ent_in=1.1457 ent_out=0.1687 rowmax_in=0.5008 rowmax_out=0.9162 discrete_mse=800.456970 best_discrete=97.032104 hash=False elapsed=60.9s
step   675/900 tau=0.0685 loss=0.289754 mse_soft=0.289359 ent_in=1.1498 ent_out=0.1650 rowmax_in=0.4911 rowmax_out=0.9186 discrete_mse=507.970825 best_discrete=97.032104 hash=False elapsed=63.3s
step   700/900 tau=0.0620 loss=0.428584 mse_soft=0.428226 ent_in=1.0314 ent_out=0.1636 rowmax_in=0.5286 rowmax_out=0.9160 discrete_mse=138.870041 best_discrete=97.032104 hash=False elapsed=65.7s
step   725/900 tau=0.0562 loss=0.400084 mse_soft=0.399842 ent_in=0.7327 ent_out=0.0765 rowmax_in=0.6808 rowmax_out=0.9651 discrete_mse=43.940693 best_discrete=43.940693 hash=False elapsed=67.9s
step   750/900 tau=0.0508 loss=0.432947 mse_soft=0.432735 ent_in=0.6496 ent_out=0.0561 rowmax_in=0.6940 rowmax_out=0.9674 discrete_mse=1.733063 best_discrete=1.733063 hash=False elapsed=70.2s
step   775/900 tau=0.0460 loss=0.440200 mse_soft=0.440040 ent_in=0.4757 ent_out=0.0589 rowmax_in=0.7811 rowmax_out=0.9666 discrete_mse=2.402818 best_discrete=1.733063 hash=False elapsed=72.6s
step   800/900 tau=0.0417 loss=0.413586 mse_soft=0.413420 ent_in=0.4916 ent_out=0.0605 rowmax_in=0.7623 rowmax_out=0.9662 discrete_mse=2.960323 best_discrete=1.733063 hash=False elapsed=74.9s
step   825/900 tau=0.0377 loss=0.403580 mse_soft=0.403409 ent_in=0.4929 ent_out=0.0767 rowmax_in=0.7555 rowmax_out=0.9601 discrete_mse=1.295307 best_discrete=1.295307 hash=False elapsed=77.0s
step   850/900 tau=0.0342 loss=0.396035 mse_soft=0.395860 ent_in=0.4912 ent_out=0.0926 rowmax_in=0.7539 rowmax_out=0.9497 discrete_mse=0.827756 best_discrete=0.827756 hash=False elapsed=79.2s
step   875/900 tau=0.0309 loss=0.447343 mse_soft=0.447186 ent_in=0.4253 ent_out=0.0992 rowmax_in=0.7938 rowmax_out=0.9391 discrete_mse=3.065032 best_discrete=0.827756 hash=False elapsed=81.2s
step   900/900 tau=0.0280 loss=0.408208 mse_soft=0.408057 ent_in=0.4147 ent_out=0.0899 rowmax_in=0.7895 rowmax_out=0.9440 discrete_mse=0.988541 best_discrete=0.827756 hash=False elapsed=83.3s

Final metrics:
  soft_mse_full=0.410115
  rowmax_in_mean=0.7880
  rowmax_out_mean=0.9462
  ent_in_mean=0.4141
  ent_out_mean=0.0878
  final_discrete_mse=3.284749
  hash_match=False
  best_discrete_mse_seen=0.827756
Saved results to overnight_b062_j2.json
