Using device: cuda
Train rows: 10000 / Full rows: 10000, steps=700, lr=0.02
step     1/700 tau=1.0000 loss=1.065816 mse_soft=1.063493 ent_in=3.8712 ent_out=3.8712 rowmax_in=0.0213 rowmax_out=0.0213 discrete_mse=155.093903 best_discrete=155.093903 hash=False elapsed=0.5s
step    25/700 tau=0.8866 loss=0.935819 mse_soft=0.933567 ent_in=3.7424 ent_out=3.7634 rowmax_in=0.0375 rowmax_out=0.0361 discrete_mse=356.900543 best_discrete=155.093903 hash=False elapsed=2.9s
step    50/700 tau=0.7821 loss=0.710595 mse_soft=0.708559 ent_in=3.3603 ent_out=3.4239 rowmax_in=0.0710 rowmax_out=0.0662 discrete_mse=1375.954956 best_discrete=155.093903 hash=False elapsed=5.2s
step    75/700 tau=0.6899 loss=0.586793 mse_soft=0.584992 ent_in=2.9377 ent_out=3.0633 rowmax_in=0.1339 rowmax_out=0.1165 discrete_mse=885.653992 best_discrete=155.093903 hash=False elapsed=7.4s
step   100/700 tau=0.6086 loss=0.470872 mse_soft=0.469419 ent_in=2.3879 ent_out=2.4536 rowmax_in=0.2599 rowmax_out=0.2462 discrete_mse=266.868652 best_discrete=155.093903 hash=False elapsed=9.9s
step   125/700 tau=0.5368 loss=0.381860 mse_soft=0.380815 ent_in=1.8162 ent_out=1.6665 rowmax_in=0.4059 rowmax_out=0.4775 discrete_mse=352.079651 best_discrete=155.093903 hash=False elapsed=12.0s
step   150/700 tau=0.4736 loss=0.331949 mse_soft=0.331189 ent_in=1.4937 ent_out=1.0383 rowmax_in=0.4728 rowmax_out=0.6738 discrete_mse=89.368233 best_discrete=89.368233 hash=False elapsed=14.3s
step   175/700 tau=0.4177 loss=0.313090 mse_soft=0.312449 ent_in=1.3632 ent_out=0.7713 rowmax_in=0.4844 rowmax_out=0.7423 discrete_mse=84.800270 best_discrete=84.800270 hash=False elapsed=16.7s
step   200/700 tau=0.3685 loss=0.302290 mse_soft=0.301729 ent_in=1.2825 ent_out=0.5884 rowmax_in=0.4965 rowmax_out=0.7912 discrete_mse=114.703468 best_discrete=84.800270 hash=False elapsed=18.9s
step   225/700 tau=0.3251 loss=0.293181 mse_soft=0.292674 ent_in=1.2167 ent_out=0.4733 rowmax_in=0.5026 rowmax_out=0.8243 discrete_mse=44.222954 best_discrete=44.222954 hash=False elapsed=21.2s
step   250/700 tau=0.2868 loss=0.288632 mse_soft=0.288161 ent_in=1.1704 ent_out=0.3976 rowmax_in=0.5125 rowmax_out=0.8405 discrete_mse=50.526646 best_discrete=44.222954 hash=False elapsed=23.4s
step   275/700 tau=0.2530 loss=0.284390 mse_soft=0.283936 ent_in=1.1503 ent_out=0.3638 rowmax_in=0.5184 rowmax_out=0.8430 discrete_mse=12.653795 best_discrete=12.653795 hash=False elapsed=25.8s
step   300/700 tau=0.2231 loss=0.283145 mse_soft=0.282707 ent_in=1.1186 ent_out=0.3426 rowmax_in=0.5238 rowmax_out=0.8456 discrete_mse=60.270210 best_discrete=12.653795 hash=False elapsed=28.0s
step   325/700 tau=0.1968 loss=0.282627 mse_soft=0.282193 ent_in=1.1059 ent_out=0.3398 rowmax_in=0.5266 rowmax_out=0.8439 discrete_mse=60.270210 best_discrete=12.653795 hash=False elapsed=30.3s
step   350/700 tau=0.1736 loss=0.281824 mse_soft=0.281392 ent_in=1.0995 ent_out=0.3403 rowmax_in=0.5278 rowmax_out=0.8426 discrete_mse=60.270210 best_discrete=12.653795 hash=False elapsed=32.8s
step   375/700 tau=0.1532 loss=0.283329 mse_soft=0.282898 ent_in=1.0939 ent_out=0.3418 rowmax_in=0.5297 rowmax_out=0.8398 discrete_mse=60.270210 best_discrete=12.653795 hash=False elapsed=35.1s
step   400/700 tau=0.1351 loss=0.281459 mse_soft=0.281030 ent_in=1.0894 ent_out=0.3412 rowmax_in=0.5321 rowmax_out=0.8379 discrete_mse=60.270210 best_discrete=12.653795 hash=False elapsed=37.6s
step   425/700 tau=0.1192 loss=0.283544 mse_soft=0.283117 ent_in=1.0872 ent_out=0.3375 rowmax_in=0.5318 rowmax_out=0.8390 discrete_mse=60.270210 best_discrete=12.653795 hash=False elapsed=40.0s
step   450/700 tau=0.1051 loss=0.282742 mse_soft=0.282316 ent_in=1.0823 ent_out=0.3363 rowmax_in=0.5359 rowmax_out=0.8363 discrete_mse=60.270210 best_discrete=12.653795 hash=False elapsed=42.2s
step   475/700 tau=0.0928 loss=0.288703 mse_soft=0.288278 ent_in=1.0814 ent_out=0.3361 rowmax_in=0.5343 rowmax_out=0.8335 discrete_mse=60.270210 best_discrete=12.653795 hash=False elapsed=44.6s
step   500/700 tau=0.0818 loss=0.282362 mse_soft=0.281937 ent_in=1.0843 ent_out=0.3318 rowmax_in=0.5315 rowmax_out=0.8329 discrete_mse=60.270210 best_discrete=12.653795 hash=False elapsed=47.0s
step   525/700 tau=0.0722 loss=0.284537 mse_soft=0.284116 ent_in=1.0822 ent_out=0.3219 rowmax_in=0.5293 rowmax_out=0.8356 discrete_mse=52.983261 best_discrete=12.653795 hash=False elapsed=49.2s
step   550/700 tau=0.0637 loss=0.285767 mse_soft=0.285347 ent_in=1.0786 ent_out=0.3212 rowmax_in=0.5300 rowmax_out=0.8327 discrete_mse=256.439636 best_discrete=12.653795 hash=False elapsed=51.6s
step   575/700 tau=0.0562 loss=0.284984 mse_soft=0.284571 ent_in=1.0553 ent_out=0.3214 rowmax_in=0.5375 rowmax_out=0.8309 discrete_mse=415.400970 best_discrete=12.653795 hash=False elapsed=53.7s
step   600/700 tau=0.0495 loss=0.323979 mse_soft=0.323584 ent_in=0.9924 ent_out=0.3252 rowmax_in=0.5718 rowmax_out=0.8329 discrete_mse=489.369598 best_discrete=12.653795 hash=False elapsed=56.0s
step   625/700 tau=0.0437 loss=0.332959 mse_soft=0.332626 ent_in=0.8210 ent_out=0.2898 rowmax_in=0.6222 rowmax_out=0.8644 discrete_mse=49.738010 best_discrete=12.653795 hash=False elapsed=58.3s
step   650/700 tau=0.0386 loss=0.317857 mse_soft=0.317520 ent_in=0.8111 ent_out=0.3135 rowmax_in=0.6184 rowmax_out=0.8298 discrete_mse=3.125535 best_discrete=3.125535 hash=False elapsed=60.8s
step   675/700 tau=0.0340 loss=0.295159 mse_soft=0.294809 ent_in=0.8386 ent_out=0.3293 rowmax_in=0.5992 rowmax_out=0.8127 discrete_mse=36.895493 best_discrete=3.125535 hash=False elapsed=63.1s
step   700/700 tau=0.0300 loss=0.303289 mse_soft=0.302937 ent_in=0.8391 ent_out=0.3333 rowmax_in=0.5908 rowmax_out=0.8114 discrete_mse=26.739693 best_discrete=3.125535 hash=False elapsed=65.4s

Final metrics:
  soft_mse_full=0.302596
  rowmax_in_mean=0.5909
  rowmax_out_mean=0.8110
  ent_in_mean=0.8412
  ent_out_mean=0.3311
  final_discrete_mse=36.112293
  hash_match=False
  best_discrete_mse_seen=3.125535
Saved results to overnight_b231_j3.json
