Using device: cuda
Train rows: 10000 / Full rows: 10000, steps=700, lr=0.02
step     1/700 tau=1.0000 loss=1.065796 mse_soft=1.063473 ent_in=3.8712 ent_out=3.8712 rowmax_in=0.0213 rowmax_out=0.0213 discrete_mse=106.170761 best_discrete=106.170761 hash=False elapsed=0.5s
step    25/700 tau=0.8866 loss=0.935254 mse_soft=0.933003 ent_in=3.7429 ent_out=3.7632 rowmax_in=0.0372 rowmax_out=0.0363 discrete_mse=1193.208130 best_discrete=106.170761 hash=False elapsed=2.7s
step    50/700 tau=0.7821 loss=0.710198 mse_soft=0.708162 ent_in=3.3634 ent_out=3.4224 rowmax_in=0.0682 rowmax_out=0.0668 discrete_mse=8893.841797 best_discrete=106.170761 hash=False elapsed=4.8s
step    75/700 tau=0.6899 loss=0.581624 mse_soft=0.579834 ent_in=2.9329 ent_out=3.0363 rowmax_in=0.1331 rowmax_out=0.1233 discrete_mse=1091.449219 best_discrete=106.170761 hash=False elapsed=6.9s
step   100/700 tau=0.6086 loss=0.463972 mse_soft=0.462546 ent_in=2.3796 ent_out=2.3739 rowmax_in=0.2460 rowmax_out=0.2715 discrete_mse=2643.073975 best_discrete=106.170761 hash=False elapsed=9.0s
step   125/700 tau=0.5368 loss=0.380090 mse_soft=0.379049 ent_in=1.8388 ent_out=1.6326 rowmax_in=0.3904 rowmax_out=0.4582 discrete_mse=447.634979 best_discrete=106.170761 hash=False elapsed=11.1s
step   150/700 tau=0.4736 loss=0.339958 mse_soft=0.339159 ent_in=1.5004 ent_out=1.1628 rowmax_in=0.4791 rowmax_out=0.5938 discrete_mse=314.103027 best_discrete=106.170761 hash=False elapsed=13.1s
step   175/700 tau=0.4177 loss=0.318887 mse_soft=0.318206 ent_in=1.3610 ent_out=0.9094 rowmax_in=0.4968 rowmax_out=0.6665 discrete_mse=414.393188 best_discrete=106.170761 hash=False elapsed=15.2s
step   200/700 tau=0.3685 loss=0.305930 mse_soft=0.305335 ent_in=1.2760 ent_out=0.7073 rowmax_in=0.5040 rowmax_out=0.7266 discrete_mse=676.714661 best_discrete=106.170761 hash=False elapsed=17.4s
step   225/700 tau=0.3251 loss=0.299154 mse_soft=0.298613 ent_in=1.1974 ent_out=0.6076 rowmax_in=0.5133 rowmax_out=0.7433 discrete_mse=347.038727 best_discrete=106.170761 hash=False elapsed=19.5s
step   250/700 tau=0.2868 loss=0.294125 mse_soft=0.293617 ent_in=1.1362 ent_out=0.5581 rowmax_in=0.5307 rowmax_out=0.7567 discrete_mse=378.745636 best_discrete=106.170761 hash=False elapsed=21.7s
step   275/700 tau=0.2530 loss=0.290523 mse_soft=0.290035 ent_in=1.0898 ent_out=0.5353 rowmax_in=0.5444 rowmax_out=0.7647 discrete_mse=505.859650 best_discrete=106.170761 hash=False elapsed=23.7s
step   300/700 tau=0.2231 loss=0.290519 mse_soft=0.290044 ent_in=1.0561 ent_out=0.5280 rowmax_in=0.5548 rowmax_out=0.7616 discrete_mse=632.594055 best_discrete=106.170761 hash=False elapsed=25.7s
step   325/700 tau=0.1968 loss=0.290172 mse_soft=0.289704 ent_in=1.0342 ent_out=0.5250 rowmax_in=0.5620 rowmax_out=0.7607 discrete_mse=396.889343 best_discrete=106.170761 hash=False elapsed=27.6s
step   350/700 tau=0.1736 loss=0.287731 mse_soft=0.287268 ent_in=1.0235 ent_out=0.5199 rowmax_in=0.5667 rowmax_out=0.7606 discrete_mse=234.936111 best_discrete=106.170761 hash=False elapsed=29.7s
step   375/700 tau=0.1532 loss=0.285984 mse_soft=0.285528 ent_in=1.0070 ent_out=0.5109 rowmax_in=0.5721 rowmax_out=0.7615 discrete_mse=116.420982 best_discrete=106.170761 hash=False elapsed=31.8s
step   400/700 tau=0.1351 loss=0.286334 mse_soft=0.285884 ent_in=0.9972 ent_out=0.5036 rowmax_in=0.5746 rowmax_out=0.7617 discrete_mse=131.061249 best_discrete=106.170761 hash=False elapsed=33.7s
step   425/700 tau=0.1192 loss=0.289737 mse_soft=0.289292 ent_in=0.9898 ent_out=0.4952 rowmax_in=0.5789 rowmax_out=0.7618 discrete_mse=309.325684 best_discrete=106.170761 hash=False elapsed=35.9s
step   450/700 tau=0.1051 loss=0.296012 mse_soft=0.295571 ent_in=0.9826 ent_out=0.4888 rowmax_in=0.5801 rowmax_out=0.7623 discrete_mse=334.269531 best_discrete=106.170761 hash=False elapsed=38.1s
step   475/700 tau=0.0928 loss=0.290988 mse_soft=0.290552 ent_in=0.9746 ent_out=0.4789 rowmax_in=0.5817 rowmax_out=0.7642 discrete_mse=411.147644 best_discrete=106.170761 hash=False elapsed=40.3s
step   500/700 tau=0.0818 loss=0.301450 mse_soft=0.301021 ent_in=0.9586 ent_out=0.4711 rowmax_in=0.5882 rowmax_out=0.7672 discrete_mse=568.613159 best_discrete=106.170761 hash=False elapsed=42.4s
step   525/700 tau=0.0722 loss=0.300928 mse_soft=0.300503 ent_in=0.9528 ent_out=0.4635 rowmax_in=0.5853 rowmax_out=0.7672 discrete_mse=568.613159 best_discrete=106.170761 hash=False elapsed=44.6s
step   550/700 tau=0.0637 loss=0.297652 mse_soft=0.297230 ent_in=0.9434 ent_out=0.4642 rowmax_in=0.5870 rowmax_out=0.7701 discrete_mse=525.640076 best_discrete=106.170761 hash=False elapsed=46.6s
step   575/700 tau=0.0562 loss=0.303502 mse_soft=0.303089 ent_in=0.9245 ent_out=0.4518 rowmax_in=0.5918 rowmax_out=0.7787 discrete_mse=1041.296997 best_discrete=106.170761 hash=False elapsed=48.7s
step   600/700 tau=0.0495 loss=0.375732 mse_soft=0.375396 ent_in=0.7408 ent_out=0.3792 rowmax_in=0.6585 rowmax_out=0.8067 discrete_mse=68.744476 best_discrete=68.744476 hash=False elapsed=50.8s
step   625/700 tau=0.0437 loss=0.336704 mse_soft=0.336397 ent_in=0.6812 ent_out=0.3409 rowmax_in=0.6653 rowmax_out=0.8303 discrete_mse=145.994263 best_discrete=68.744476 hash=False elapsed=53.0s
step   650/700 tau=0.0386 loss=0.389669 mse_soft=0.389390 ent_in=0.5951 ent_out=0.3328 rowmax_in=0.7157 rowmax_out=0.8197 discrete_mse=65.960037 best_discrete=65.960037 hash=False elapsed=55.2s
step   675/700 tau=0.0340 loss=0.340536 mse_soft=0.340252 ent_in=0.6405 ent_out=0.3070 rowmax_in=0.6516 rowmax_out=0.8286 discrete_mse=99.486176 best_discrete=65.960037 hash=False elapsed=57.6s
step   700/700 tau=0.0300 loss=0.416046 mse_soft=0.415808 ent_in=0.4965 ent_out=0.2989 rowmax_in=0.7517 rowmax_out=0.8360 discrete_mse=59.536930 best_discrete=59.536930 hash=False elapsed=59.6s

Final metrics:
  soft_mse_full=0.404980
  rowmax_in_mean=0.7497
  rowmax_out_mean=0.8389
  ent_in_mean=0.4996
  ent_out_mean=0.2984
  final_discrete_mse=77.103363
  hash_match=False
  best_discrete_mse_seen=59.536930
Saved results to overnight_b016_j3.json
