Using device: cuda
Train rows: 10000 / Full rows: 10000, steps=700, lr=0.02
step     1/700 tau=1.0000 loss=1.065778 mse_soft=1.063455 ent_in=3.8712 ent_out=3.8712 rowmax_in=0.0213 rowmax_out=0.0213 discrete_mse=3.169315 best_discrete=3.169315 hash=False elapsed=0.5s
step    25/700 tau=0.8866 loss=0.935133 mse_soft=0.932882 ent_in=3.7421 ent_out=3.7621 rowmax_in=0.0369 rowmax_out=0.0363 discrete_mse=1922.231567 best_discrete=3.169315 hash=False elapsed=2.7s
step    50/700 tau=0.7821 loss=0.711150 mse_soft=0.709116 ent_in=3.3625 ent_out=3.4196 rowmax_in=0.0685 rowmax_out=0.0670 discrete_mse=35652.832031 best_discrete=3.169315 hash=False elapsed=5.2s
step    75/700 tau=0.6899 loss=0.587897 mse_soft=0.586101 ent_in=2.9376 ent_out=3.0500 rowmax_in=0.1340 rowmax_out=0.1241 discrete_mse=1431.395020 best_discrete=3.169315 hash=False elapsed=7.5s
step   100/700 tau=0.6086 loss=0.474184 mse_soft=0.472739 ent_in=2.4027 ent_out=2.4133 rowmax_in=0.2458 rowmax_out=0.2677 discrete_mse=2346.571045 best_discrete=3.169315 hash=False elapsed=9.7s
step   125/700 tau=0.5368 loss=0.383215 mse_soft=0.382149 ent_in=1.8661 ent_out=1.6891 rowmax_in=0.3895 rowmax_out=0.4669 discrete_mse=1769.581543 best_discrete=3.169315 hash=False elapsed=12.0s
step   150/700 tau=0.4736 loss=0.336148 mse_soft=0.335364 ent_in=1.5139 ent_out=1.1009 rowmax_in=0.4808 rowmax_out=0.6496 discrete_mse=695.922668 best_discrete=3.169315 hash=False elapsed=14.4s
step   175/700 tau=0.4177 loss=0.316490 mse_soft=0.315844 ent_in=1.3393 ent_out=0.8147 rowmax_in=0.5121 rowmax_out=0.7207 discrete_mse=819.244568 best_discrete=3.169315 hash=False elapsed=16.7s
step   200/700 tau=0.3685 loss=0.306844 mse_soft=0.306266 ent_in=1.2458 ent_out=0.6795 rowmax_in=0.5316 rowmax_out=0.7513 discrete_mse=958.186279 best_discrete=3.169315 hash=False elapsed=19.0s
step   225/700 tau=0.3251 loss=0.301329 mse_soft=0.300798 ent_in=1.1709 ent_out=0.5966 rowmax_in=0.5455 rowmax_out=0.7654 discrete_mse=439.802551 best_discrete=3.169315 hash=False elapsed=21.4s
step   250/700 tau=0.2868 loss=0.296595 mse_soft=0.296096 ent_in=1.1175 ent_out=0.5439 rowmax_in=0.5553 rowmax_out=0.7823 discrete_mse=439.802551 best_discrete=3.169315 hash=False elapsed=23.5s
step   275/700 tau=0.2530 loss=0.292681 mse_soft=0.292202 ent_in=1.0845 ent_out=0.5125 rowmax_in=0.5615 rowmax_out=0.7896 discrete_mse=462.208130 best_discrete=3.169315 hash=False elapsed=25.5s
step   300/700 tau=0.2231 loss=0.290569 mse_soft=0.290110 ent_in=1.0451 ent_out=0.4830 rowmax_in=0.5678 rowmax_out=0.7991 discrete_mse=462.208130 best_discrete=3.169315 hash=False elapsed=27.8s
step   325/700 tau=0.1968 loss=0.293666 mse_soft=0.293221 ent_in=1.0170 ent_out=0.4650 rowmax_in=0.5727 rowmax_out=0.8040 discrete_mse=410.695404 best_discrete=3.169315 hash=False elapsed=30.1s
step   350/700 tau=0.1736 loss=0.290668 mse_soft=0.290233 ent_in=0.9969 ent_out=0.4508 rowmax_in=0.5780 rowmax_out=0.8087 discrete_mse=410.695404 best_discrete=3.169315 hash=False elapsed=32.5s
step   375/700 tau=0.1532 loss=0.288518 mse_soft=0.288090 ent_in=0.9899 ent_out=0.4385 rowmax_in=0.5774 rowmax_out=0.8116 discrete_mse=563.355347 best_discrete=3.169315 hash=False elapsed=35.0s
step   400/700 tau=0.1351 loss=0.291491 mse_soft=0.291067 ent_in=0.9856 ent_out=0.4269 rowmax_in=0.5768 rowmax_out=0.8159 discrete_mse=985.227783 best_discrete=3.169315 hash=False elapsed=37.4s
step   425/700 tau=0.1192 loss=0.296548 mse_soft=0.296130 ent_in=0.9742 ent_out=0.4193 rowmax_in=0.5829 rowmax_out=0.8162 discrete_mse=563.355347 best_discrete=3.169315 hash=False elapsed=39.5s
step   450/700 tau=0.1051 loss=0.291085 mse_soft=0.290668 ent_in=0.9740 ent_out=0.4139 rowmax_in=0.5828 rowmax_out=0.8150 discrete_mse=796.615906 best_discrete=3.169315 hash=False elapsed=41.7s
step   475/700 tau=0.0928 loss=0.295423 mse_soft=0.295009 ent_in=0.9714 ent_out=0.4093 rowmax_in=0.5845 rowmax_out=0.8140 discrete_mse=796.615906 best_discrete=3.169315 hash=False elapsed=43.8s
step   500/700 tau=0.0818 loss=0.304951 mse_soft=0.304539 ent_in=0.9716 ent_out=0.4026 rowmax_in=0.5777 rowmax_out=0.8160 discrete_mse=796.615906 best_discrete=3.169315 hash=False elapsed=46.0s
step   525/700 tau=0.0722 loss=0.338213 mse_soft=0.337815 ent_in=0.9507 ent_out=0.3734 rowmax_in=0.5844 rowmax_out=0.8084 discrete_mse=504.044586 best_discrete=3.169315 hash=False elapsed=48.3s
step   550/700 tau=0.0637 loss=0.300599 mse_soft=0.300213 ent_in=0.9220 ent_out=0.3657 rowmax_in=0.5938 rowmax_out=0.8128 discrete_mse=237.327393 best_discrete=3.169315 hash=False elapsed=50.7s
step   575/700 tau=0.0562 loss=0.307179 mse_soft=0.306795 ent_in=0.9050 ent_out=0.3730 rowmax_in=0.5976 rowmax_out=0.8116 discrete_mse=270.573608 best_discrete=3.169315 hash=False elapsed=53.1s
step   600/700 tau=0.0495 loss=0.308147 mse_soft=0.307765 ent_in=0.9023 ent_out=0.3683 rowmax_in=0.5989 rowmax_out=0.8177 discrete_mse=132.435730 best_discrete=3.169315 hash=False elapsed=55.3s
step   625/700 tau=0.0437 loss=0.338273 mse_soft=0.337906 ent_in=0.8716 ent_out=0.3519 rowmax_in=0.6061 rowmax_out=0.8209 discrete_mse=215.818802 best_discrete=3.169315 hash=False elapsed=57.6s
step   650/700 tau=0.0386 loss=0.339651 mse_soft=0.339348 ent_in=0.6723 ent_out=0.3372 rowmax_in=0.6946 rowmax_out=0.8340 discrete_mse=68.600899 best_discrete=3.169315 hash=False elapsed=59.9s
step   675/700 tau=0.0340 loss=0.323695 mse_soft=0.323396 ent_in=0.6999 ent_out=0.2964 rowmax_in=0.6717 rowmax_out=0.8651 discrete_mse=21.367924 best_discrete=3.169315 hash=False elapsed=62.2s
step   700/700 tau=0.0300 loss=0.353634 mse_soft=0.353361 ent_in=0.6321 ent_out=0.2761 rowmax_in=0.7125 rowmax_out=0.8730 discrete_mse=31.605724 best_discrete=3.169315 hash=False elapsed=64.5s

Final metrics:
  soft_mse_full=0.349358
  rowmax_in_mean=0.7149
  rowmax_out_mean=0.8738
  ent_in_mean=0.6318
  ent_out_mean=0.2749
  final_discrete_mse=31.605724
  hash_match=False
  best_discrete_mse_seen=3.169315
Saved results to overnight_b086_j3.json
