Using device: cuda
Train rows: 10000 / Full rows: 10000, steps=700, lr=0.02
step     1/700 tau=1.0000 loss=1.065685 mse_soft=1.063362 ent_in=3.8712 ent_out=3.8712 rowmax_in=0.0213 rowmax_out=0.0213 discrete_mse=130.742523 best_discrete=130.742523 hash=False elapsed=0.5s
step    25/700 tau=0.8866 loss=0.935140 mse_soft=0.932888 ent_in=3.7425 ent_out=3.7627 rowmax_in=0.0371 rowmax_out=0.0363 discrete_mse=1242.489014 best_discrete=130.742523 hash=False elapsed=2.6s
step    50/700 tau=0.7821 loss=0.711966 mse_soft=0.709929 ent_in=3.3639 ent_out=3.4251 rowmax_in=0.0688 rowmax_out=0.0668 discrete_mse=16676.144531 best_discrete=130.742523 hash=False elapsed=4.7s
step    75/700 tau=0.6899 loss=0.586405 mse_soft=0.584606 ent_in=2.9390 ent_out=3.0571 rowmax_in=0.1319 rowmax_out=0.1204 discrete_mse=3732.834229 best_discrete=130.742523 hash=False elapsed=6.7s
step   100/700 tau=0.6086 loss=0.470375 mse_soft=0.468937 ent_in=2.3872 ent_out=2.4040 rowmax_in=0.2550 rowmax_out=0.2600 discrete_mse=1523.464478 best_discrete=130.742523 hash=False elapsed=8.9s
step   125/700 tau=0.5368 loss=0.391280 mse_soft=0.390195 ent_in=1.9192 ent_out=1.6983 rowmax_in=0.3582 rowmax_out=0.4602 discrete_mse=911.293152 best_discrete=130.742523 hash=False elapsed=11.0s
step   150/700 tau=0.4736 loss=0.344468 mse_soft=0.343621 ent_in=1.6098 ent_out=1.2124 rowmax_in=0.4272 rowmax_out=0.5770 discrete_mse=186.259949 best_discrete=130.742523 hash=False elapsed=13.1s
step   175/700 tau=0.4177 loss=0.324687 mse_soft=0.323983 ent_in=1.4140 ent_out=0.9312 rowmax_in=0.4600 rowmax_out=0.6621 discrete_mse=1098.207153 best_discrete=130.742523 hash=False elapsed=15.1s
step   200/700 tau=0.3685 loss=0.308005 mse_soft=0.307382 ent_in=1.3094 ent_out=0.7674 rowmax_in=0.4749 rowmax_out=0.7049 discrete_mse=258.244904 best_discrete=130.742523 hash=False elapsed=17.2s
step   225/700 tau=0.3251 loss=0.300875 mse_soft=0.300302 ent_in=1.2435 ent_out=0.6642 rowmax_in=0.4892 rowmax_out=0.7287 discrete_mse=1360.912231 best_discrete=130.742523 hash=False elapsed=19.3s
step   250/700 tau=0.2868 loss=0.298430 mse_soft=0.297883 ent_in=1.2107 ent_out=0.6116 rowmax_in=0.4948 rowmax_out=0.7394 discrete_mse=1508.096191 best_discrete=130.742523 hash=False elapsed=21.4s
step   275/700 tau=0.2530 loss=0.298628 mse_soft=0.298101 ent_in=1.1838 ent_out=0.5727 rowmax_in=0.5002 rowmax_out=0.7491 discrete_mse=2343.487549 best_discrete=130.742523 hash=False elapsed=23.5s
step   300/700 tau=0.2231 loss=0.292439 mse_soft=0.291930 ent_in=1.1581 ent_out=0.5372 rowmax_in=0.5018 rowmax_out=0.7624 discrete_mse=633.938660 best_discrete=130.742523 hash=False elapsed=25.8s
step   325/700 tau=0.1968 loss=0.291961 mse_soft=0.291460 ent_in=1.1494 ent_out=0.5187 rowmax_in=0.5031 rowmax_out=0.7722 discrete_mse=1508.016602 best_discrete=130.742523 hash=False elapsed=28.2s
step   350/700 tau=0.1736 loss=0.289957 mse_soft=0.289465 ent_in=1.1415 ent_out=0.4983 rowmax_in=0.5062 rowmax_out=0.7825 discrete_mse=1273.937622 best_discrete=130.742523 hash=False elapsed=30.5s
step   375/700 tau=0.1532 loss=0.291149 mse_soft=0.290672 ent_in=1.1213 ent_out=0.4709 rowmax_in=0.5175 rowmax_out=0.7970 discrete_mse=610.643860 best_discrete=130.742523 hash=False elapsed=32.5s
step   400/700 tau=0.1351 loss=0.289568 mse_soft=0.289104 ent_in=1.1005 ent_out=0.4466 rowmax_in=0.5223 rowmax_out=0.8071 discrete_mse=610.643860 best_discrete=130.742523 hash=False elapsed=34.6s
step   425/700 tau=0.1192 loss=0.283956 mse_soft=0.283499 ent_in=1.0888 ent_out=0.4329 rowmax_in=0.5236 rowmax_out=0.8101 discrete_mse=582.160095 best_discrete=130.742523 hash=False elapsed=36.6s
step   450/700 tau=0.1051 loss=0.283427 mse_soft=0.282975 ent_in=1.0850 ent_out=0.4223 rowmax_in=0.5257 rowmax_out=0.8132 discrete_mse=582.160095 best_discrete=130.742523 hash=False elapsed=38.7s
step   475/700 tau=0.0928 loss=0.289314 mse_soft=0.288867 ent_in=1.0777 ent_out=0.4106 rowmax_in=0.5259 rowmax_out=0.8176 discrete_mse=1312.177612 best_discrete=130.742523 hash=False elapsed=40.8s
step   500/700 tau=0.0818 loss=0.289465 mse_soft=0.289023 ent_in=1.0737 ent_out=0.4011 rowmax_in=0.5263 rowmax_out=0.8191 discrete_mse=542.550781 best_discrete=130.742523 hash=False elapsed=42.9s
step   525/700 tau=0.0722 loss=0.296124 mse_soft=0.295693 ent_in=1.0453 ent_out=0.3895 rowmax_in=0.5367 rowmax_out=0.8212 discrete_mse=191.308090 best_discrete=130.742523 hash=False elapsed=45.2s
step   550/700 tau=0.0637 loss=0.296675 mse_soft=0.296255 ent_in=1.0186 ent_out=0.3807 rowmax_in=0.5473 rowmax_out=0.8241 discrete_mse=80.738113 best_discrete=80.738113 hash=False elapsed=47.4s
step   575/700 tau=0.0562 loss=0.302535 mse_soft=0.302125 ent_in=1.0008 ent_out=0.3648 rowmax_in=0.5505 rowmax_out=0.8317 discrete_mse=84.690041 best_discrete=80.738113 hash=False elapsed=49.5s
step   600/700 tau=0.0495 loss=0.343053 mse_soft=0.342690 ent_in=0.8822 ent_out=0.3278 rowmax_in=0.6073 rowmax_out=0.8367 discrete_mse=37.955395 best_discrete=37.955395 hash=False elapsed=51.7s
step   625/700 tau=0.0437 loss=0.378134 mse_soft=0.377827 ent_in=0.7232 ent_out=0.3013 rowmax_in=0.6777 rowmax_out=0.8501 discrete_mse=80.572411 best_discrete=37.955395 hash=False elapsed=53.8s
step   650/700 tau=0.0386 loss=0.319897 mse_soft=0.319570 ent_in=0.7673 ent_out=0.3198 rowmax_in=0.6300 rowmax_out=0.8292 discrete_mse=61.847225 best_discrete=37.955395 hash=False elapsed=56.1s
step   675/700 tau=0.0340 loss=0.318961 mse_soft=0.318638 ent_in=0.7544 ent_out=0.3226 rowmax_in=0.6302 rowmax_out=0.8295 discrete_mse=91.414909 best_discrete=37.955395 hash=False elapsed=58.5s
step   700/700 tau=0.0300 loss=0.362894 mse_soft=0.362574 ent_in=0.7408 ent_out=0.3258 rowmax_in=0.6358 rowmax_out=0.8249 discrete_mse=52.651299 best_discrete=37.955395 hash=False elapsed=60.8s

Final metrics:
  soft_mse_full=0.353821
  rowmax_in_mean=0.6345
  rowmax_out_mean=0.8314
  ent_in_mean=0.7422
  ent_out_mean=0.3214
  final_discrete_mse=35.985683
  hash_match=False
  best_discrete_mse_seen=37.955395
Saved results to overnight_b019_j3.json
