Using device: cuda
Train rows: 10000 / Full rows: 10000, steps=700, lr=0.02
step     1/700 tau=1.0000 loss=1.065751 mse_soft=1.063428 ent_in=3.8712 ent_out=3.8712 rowmax_in=0.0213 rowmax_out=0.0213 discrete_mse=29.631317 best_discrete=29.631317 hash=False elapsed=0.5s
step    25/700 tau=0.8866 loss=0.935324 mse_soft=0.933073 ent_in=3.7429 ent_out=3.7624 rowmax_in=0.0369 rowmax_out=0.0363 discrete_mse=554.693237 best_discrete=29.631317 hash=False elapsed=2.8s
step    50/700 tau=0.7821 loss=0.711452 mse_soft=0.709416 ent_in=3.3656 ent_out=3.4224 rowmax_in=0.0672 rowmax_out=0.0676 discrete_mse=8215.465820 best_discrete=29.631317 hash=False elapsed=5.0s
step    75/700 tau=0.6899 loss=0.585346 mse_soft=0.583549 ent_in=2.9424 ent_out=3.0493 rowmax_in=0.1334 rowmax_out=0.1231 discrete_mse=732.781860 best_discrete=29.631317 hash=False elapsed=7.3s
step   100/700 tau=0.6086 loss=0.467781 mse_soft=0.466351 ent_in=2.3619 ent_out=2.4060 rowmax_in=0.2635 rowmax_out=0.2622 discrete_mse=7943.958008 best_discrete=29.631317 hash=False elapsed=9.6s
step   125/700 tau=0.5368 loss=0.383010 mse_soft=0.381974 ent_in=1.8023 ent_out=1.6497 rowmax_in=0.3950 rowmax_out=0.4716 discrete_mse=891.693054 best_discrete=29.631317 hash=False elapsed=11.8s
step   150/700 tau=0.4736 loss=0.339198 mse_soft=0.338458 ent_in=1.4576 ent_out=1.0067 rowmax_in=0.4570 rowmax_out=0.6719 discrete_mse=122.630333 best_discrete=29.631317 hash=False elapsed=14.2s
step   175/700 tau=0.4177 loss=0.320533 mse_soft=0.319925 ent_in=1.2688 ent_out=0.7555 rowmax_in=0.4978 rowmax_out=0.7356 discrete_mse=189.634521 best_discrete=29.631317 hash=False elapsed=16.4s
step   200/700 tau=0.3685 loss=0.307169 mse_soft=0.306643 ent_in=1.1599 ent_out=0.5931 rowmax_in=0.5286 rowmax_out=0.7679 discrete_mse=225.491501 best_discrete=29.631317 hash=False elapsed=18.6s
step   225/700 tau=0.3251 loss=0.300465 mse_soft=0.299981 ent_in=1.1056 ent_out=0.5077 rowmax_in=0.5407 rowmax_out=0.7783 discrete_mse=124.472359 best_discrete=29.631317 hash=False elapsed=20.7s
step   250/700 tau=0.2868 loss=0.292771 mse_soft=0.292313 ent_in=1.0695 ent_out=0.4541 rowmax_in=0.5519 rowmax_out=0.8002 discrete_mse=64.640396 best_discrete=29.631317 hash=False elapsed=22.9s
step   275/700 tau=0.2530 loss=0.288832 mse_soft=0.288398 ent_in=1.0234 ent_out=0.4218 rowmax_in=0.5643 rowmax_out=0.8056 discrete_mse=76.045525 best_discrete=29.631317 hash=False elapsed=25.2s
step   300/700 tau=0.2231 loss=0.283823 mse_soft=0.283401 ent_in=0.9997 ent_out=0.4049 rowmax_in=0.5652 rowmax_out=0.8067 discrete_mse=155.258194 best_discrete=29.631317 hash=False elapsed=27.3s
step   325/700 tau=0.1968 loss=0.282988 mse_soft=0.282571 ent_in=0.9913 ent_out=0.4003 rowmax_in=0.5667 rowmax_out=0.8050 discrete_mse=269.009033 best_discrete=29.631317 hash=False elapsed=29.5s
step   350/700 tau=0.1736 loss=0.282009 mse_soft=0.281597 ent_in=0.9802 ent_out=0.3957 rowmax_in=0.5684 rowmax_out=0.8062 discrete_mse=345.544220 best_discrete=29.631317 hash=False elapsed=31.6s
step   375/700 tau=0.1532 loss=0.283060 mse_soft=0.282649 ent_in=0.9755 ent_out=0.3932 rowmax_in=0.5682 rowmax_out=0.8074 discrete_mse=345.544220 best_discrete=29.631317 hash=False elapsed=33.8s
step   400/700 tau=0.1351 loss=0.282507 mse_soft=0.282098 ent_in=0.9722 ent_out=0.3909 rowmax_in=0.5682 rowmax_out=0.8096 discrete_mse=222.437973 best_discrete=29.631317 hash=False elapsed=35.9s
step   425/700 tau=0.1192 loss=0.282692 mse_soft=0.282285 ent_in=0.9669 ent_out=0.3909 rowmax_in=0.5711 rowmax_out=0.8098 discrete_mse=345.544220 best_discrete=29.631317 hash=False elapsed=38.2s
step   450/700 tau=0.1051 loss=0.285136 mse_soft=0.284728 ent_in=0.9718 ent_out=0.3907 rowmax_in=0.5702 rowmax_out=0.8089 discrete_mse=222.437973 best_discrete=29.631317 hash=False elapsed=40.3s
step   475/700 tau=0.0928 loss=0.282667 mse_soft=0.282258 ent_in=0.9752 ent_out=0.3912 rowmax_in=0.5679 rowmax_out=0.8082 discrete_mse=222.437973 best_discrete=29.631317 hash=False elapsed=42.3s
step   500/700 tau=0.0818 loss=0.287194 mse_soft=0.286786 ent_in=0.9789 ent_out=0.3803 rowmax_in=0.5651 rowmax_out=0.8165 discrete_mse=114.161545 best_discrete=29.631317 hash=False elapsed=44.4s
step   525/700 tau=0.0722 loss=0.298576 mse_soft=0.298165 ent_in=0.9812 ent_out=0.3877 rowmax_in=0.5624 rowmax_out=0.8082 discrete_mse=130.290573 best_discrete=29.631317 hash=False elapsed=46.8s
step   550/700 tau=0.0637 loss=0.319353 mse_soft=0.318947 ent_in=0.9641 ent_out=0.3878 rowmax_in=0.5701 rowmax_out=0.8010 discrete_mse=188.707764 best_discrete=29.631317 hash=False elapsed=49.1s
step   575/700 tau=0.0562 loss=0.297613 mse_soft=0.297232 ent_in=0.9255 ent_out=0.3439 rowmax_in=0.5779 rowmax_out=0.8326 discrete_mse=397.697968 best_discrete=29.631317 hash=False elapsed=51.5s
step   600/700 tau=0.0495 loss=0.294160 mse_soft=0.293786 ent_in=0.9338 ent_out=0.3104 rowmax_in=0.5702 rowmax_out=0.8513 discrete_mse=368.192078 best_discrete=29.631317 hash=False elapsed=53.6s
step   625/700 tau=0.0437 loss=0.303785 mse_soft=0.303453 ent_in=0.8249 ent_out=0.2830 rowmax_in=0.6231 rowmax_out=0.8647 discrete_mse=135.630798 best_discrete=29.631317 hash=False elapsed=55.9s
step   650/700 tau=0.0386 loss=0.301759 mse_soft=0.301442 ent_in=0.7961 ent_out=0.2607 rowmax_in=0.6280 rowmax_out=0.8724 discrete_mse=65.451782 best_discrete=29.631317 hash=False elapsed=58.0s
step   675/700 tau=0.0340 loss=0.459952 mse_soft=0.459716 ent_in=0.5823 ent_out=0.2022 rowmax_in=0.7383 rowmax_out=0.9101 discrete_mse=25.797892 best_discrete=25.797892 hash=False elapsed=60.1s
step   700/700 tau=0.0300 loss=0.379982 mse_soft=0.379737 ent_in=0.5820 ent_out=0.2339 rowmax_in=0.7096 rowmax_out=0.8806 discrete_mse=14.559792 best_discrete=14.559792 hash=False elapsed=62.2s

Final metrics:
  soft_mse_full=0.339629
  rowmax_in_mean=0.6921
  rowmax_out_mean=0.8768
  ent_in_mean=0.5877
  ent_out_mean=0.2380
  final_discrete_mse=1.988180
  hash_match=False
  best_discrete_mse_seen=14.559792
Saved results to overnight_b020_j3.json
