Using device: cuda
Train rows: 4096 / Full rows: 10000, steps=900, lr=0.03
step     1/900 tau=1.0000 loss=1.081336 mse_soft=1.079013 ent_in=3.8712 ent_out=3.8712 rowmax_in=0.0213 rowmax_out=0.0213 discrete_mse=22.686888 best_discrete=22.686888 hash=False elapsed=0.5s
step    25/900 tau=0.9090 loss=0.870767 mse_soft=0.868579 ent_in=3.6311 ent_out=3.6635 rowmax_in=0.0453 rowmax_out=0.0442 discrete_mse=585.271973 best_discrete=22.686888 hash=False elapsed=3.0s
step    50/900 tau=0.8229 loss=0.643705 mse_soft=0.641807 ent_in=3.1197 ent_out=3.2062 rowmax_in=0.0961 rowmax_out=0.0898 discrete_mse=12983.021484 best_discrete=22.686888 hash=False elapsed=5.7s
step    75/900 tau=0.7450 loss=0.499882 mse_soft=0.498312 ent_in=2.5745 ent_out=2.6603 rowmax_in=0.2082 rowmax_out=0.1945 discrete_mse=2984.876465 best_discrete=22.686888 hash=False elapsed=8.1s
step   100/900 tau=0.6745 loss=0.387212 mse_soft=0.386058 ent_in=1.9684 ent_out=1.8781 rowmax_in=0.3589 rowmax_out=0.3968 discrete_mse=1757.063354 best_discrete=22.686888 hash=False elapsed=10.2s
step   125/900 tau=0.6107 loss=0.337578 mse_soft=0.336710 ent_in=1.5931 ent_out=1.2999 rowmax_in=0.4294 rowmax_out=0.5415 discrete_mse=23.602312 best_discrete=22.686888 hash=False elapsed=12.7s
step   150/900 tau=0.5529 loss=0.316578 mse_soft=0.315868 ent_in=1.4245 ent_out=0.9422 rowmax_in=0.4686 rowmax_out=0.6480 discrete_mse=167.889313 best_discrete=22.686888 hash=False elapsed=15.1s
step   175/900 tau=0.5006 loss=0.303806 mse_soft=0.303184 ent_in=1.3181 ent_out=0.7567 rowmax_in=0.4919 rowmax_out=0.6885 discrete_mse=2017.653198 best_discrete=22.686888 hash=False elapsed=17.4s
step   200/900 tau=0.4532 loss=0.295973 mse_soft=0.295391 ent_in=1.2702 ent_out=0.6718 rowmax_in=0.4973 rowmax_out=0.7162 discrete_mse=230.975113 best_discrete=22.686888 hash=False elapsed=19.6s
step   225/900 tau=0.4103 loss=0.289962 mse_soft=0.289420 ent_in=1.2194 ent_out=0.5857 rowmax_in=0.5085 rowmax_out=0.7526 discrete_mse=103.663376 best_discrete=22.686888 hash=False elapsed=22.1s
step   250/900 tau=0.3715 loss=0.285092 mse_soft=0.284587 ent_in=1.1773 ent_out=0.5058 rowmax_in=0.5128 rowmax_out=0.7843 discrete_mse=276.090576 best_discrete=22.686888 hash=False elapsed=24.6s
step   275/900 tau=0.3363 loss=0.280160 mse_soft=0.279687 ent_in=1.1318 ent_out=0.4437 rowmax_in=0.5194 rowmax_out=0.8156 discrete_mse=287.437592 best_discrete=22.686888 hash=False elapsed=26.9s
step   300/900 tau=0.3045 loss=0.277463 mse_soft=0.277005 ent_in=1.1122 ent_out=0.4150 rowmax_in=0.5247 rowmax_out=0.8234 discrete_mse=287.437592 best_discrete=22.686888 hash=False elapsed=29.4s
step   325/900 tau=0.2756 loss=0.280364 mse_soft=0.279917 ent_in=1.0972 ent_out=0.3935 rowmax_in=0.5287 rowmax_out=0.8309 discrete_mse=412.884460 best_discrete=22.686888 hash=False elapsed=31.8s
step   350/900 tau=0.2496 loss=0.274004 mse_soft=0.273565 ent_in=1.0827 ent_out=0.3837 rowmax_in=0.5319 rowmax_out=0.8365 discrete_mse=412.884460 best_discrete=22.686888 hash=False elapsed=34.2s
step   375/900 tau=0.2259 loss=0.275848 mse_soft=0.275411 ent_in=1.0737 ent_out=0.3816 rowmax_in=0.5371 rowmax_out=0.8381 discrete_mse=342.543732 best_discrete=22.686888 hash=False elapsed=36.5s
step   400/900 tau=0.2046 loss=0.274461 mse_soft=0.274028 ent_in=1.0629 ent_out=0.3797 rowmax_in=0.5373 rowmax_out=0.8384 discrete_mse=381.776001 best_discrete=22.686888 hash=False elapsed=38.8s
step   425/900 tau=0.1852 loss=0.273705 mse_soft=0.273272 ent_in=1.0587 ent_out=0.3830 rowmax_in=0.5370 rowmax_out=0.8363 discrete_mse=228.449448 best_discrete=22.686888 hash=False elapsed=41.0s
step   450/900 tau=0.1677 loss=0.276495 mse_soft=0.276067 ent_in=1.0462 ent_out=0.3831 rowmax_in=0.5398 rowmax_out=0.8334 discrete_mse=87.617859 best_discrete=22.686888 hash=False elapsed=43.4s
step   475/900 tau=0.1518 loss=0.274471 mse_soft=0.274043 ent_in=1.0448 ent_out=0.3802 rowmax_in=0.5411 rowmax_out=0.8348 discrete_mse=201.358810 best_discrete=22.686888 hash=False elapsed=45.9s
step   500/900 tau=0.1374 loss=0.282662 mse_soft=0.282238 ent_in=1.0365 ent_out=0.3752 rowmax_in=0.5393 rowmax_out=0.8361 discrete_mse=399.843994 best_discrete=22.686888 hash=False elapsed=48.1s
step   525/900 tau=0.1244 loss=0.272263 mse_soft=0.271843 ent_in=1.0298 ent_out=0.3697 rowmax_in=0.5422 rowmax_out=0.8391 discrete_mse=426.794098 best_discrete=22.686888 hash=False elapsed=50.3s
step   550/900 tau=0.1126 loss=0.284399 mse_soft=0.283984 ent_in=1.0194 ent_out=0.3648 rowmax_in=0.5431 rowmax_out=0.8398 discrete_mse=516.133301 best_discrete=22.686888 hash=False elapsed=52.8s
step   575/900 tau=0.1020 loss=0.286133 mse_soft=0.285730 ent_in=0.9962 ent_out=0.3447 rowmax_in=0.5491 rowmax_out=0.8441 discrete_mse=228.449448 best_discrete=22.686888 hash=False elapsed=55.5s
step   600/900 tau=0.0923 loss=0.281289 mse_soft=0.280885 ent_in=0.9942 ent_out=0.3527 rowmax_in=0.5475 rowmax_out=0.8343 discrete_mse=177.460373 best_discrete=22.686888 hash=False elapsed=57.9s
step   625/900 tau=0.0836 loss=0.312900 mse_soft=0.312505 ent_in=0.9732 ent_out=0.3409 rowmax_in=0.5610 rowmax_out=0.8430 discrete_mse=75.253998 best_discrete=22.686888 hash=False elapsed=60.3s
step   650/900 tau=0.0757 loss=0.292363 mse_soft=0.291986 ent_in=0.9227 ent_out=0.3345 rowmax_in=0.5705 rowmax_out=0.8295 discrete_mse=209.865738 best_discrete=22.686888 hash=False elapsed=62.7s
step   675/900 tau=0.0685 loss=0.284553 mse_soft=0.284177 ent_in=0.9092 ent_out=0.3450 rowmax_in=0.5784 rowmax_out=0.8124 discrete_mse=416.639252 best_discrete=22.686888 hash=False elapsed=64.8s
step   700/900 tau=0.0620 loss=0.368518 mse_soft=0.368140 ent_in=0.9198 ent_out=0.3383 rowmax_in=0.5734 rowmax_out=0.8313 discrete_mse=25.323105 best_discrete=22.686888 hash=False elapsed=67.0s
step   725/900 tau=0.0562 loss=0.385614 mse_soft=0.385400 ent_in=0.4595 ent_out=0.2560 rowmax_in=0.7873 rowmax_out=0.8597 discrete_mse=38.124573 best_discrete=22.686888 hash=False elapsed=69.4s
step   750/900 tau=0.0508 loss=0.356021 mse_soft=0.355812 ent_in=0.4634 ent_out=0.2334 rowmax_in=0.7825 rowmax_out=0.8720 discrete_mse=22.757225 best_discrete=22.686888 hash=False elapsed=71.8s
step   775/900 tau=0.0460 loss=0.346789 mse_soft=0.346587 ent_in=0.4476 ent_out=0.2232 rowmax_in=0.7869 rowmax_out=0.8754 discrete_mse=8.157331 best_discrete=8.157331 hash=False elapsed=74.1s
step   800/900 tau=0.0417 loss=0.352252 mse_soft=0.352055 ent_in=0.4369 ent_out=0.2189 rowmax_in=0.7900 rowmax_out=0.8786 discrete_mse=8.157331 best_discrete=8.157331 hash=False elapsed=76.3s
step   825/900 tau=0.0377 loss=0.359154 mse_soft=0.358959 ent_in=0.4425 ent_out=0.2067 rowmax_in=0.7797 rowmax_out=0.8932 discrete_mse=18.023600 best_discrete=8.157331 hash=False elapsed=78.6s
step   850/900 tau=0.0342 loss=0.353191 mse_soft=0.353001 ent_in=0.4184 ent_out=0.2160 rowmax_in=0.7994 rowmax_out=0.8841 discrete_mse=8.957490 best_discrete=8.157331 hash=False elapsed=80.9s
step   875/900 tau=0.0309 loss=0.720062 mse_soft=0.719895 ent_in=0.3396 ent_out=0.2168 rowmax_in=0.8470 rowmax_out=0.8748 discrete_mse=73.588470 best_discrete=8.157331 hash=False elapsed=83.2s
step   900/900 tau=0.0280 loss=0.484031 mse_soft=0.483929 ent_in=0.2175 ent_out=0.1221 rowmax_in=0.8837 rowmax_out=0.9138 discrete_mse=35.216549 best_discrete=8.157331 hash=False elapsed=85.4s

Final metrics:
  soft_mse_full=0.493991
  rowmax_in_mean=0.8849
  rowmax_out_mean=0.9150
  ent_in_mean=0.2164
  ent_out_mean=0.1210
  final_discrete_mse=35.216549
  hash_match=False
  best_discrete_mse_seen=8.157331
Saved results to overnight_b106_j2.json
