Using device: cuda
Train rows: 10000 / Full rows: 10000, steps=700, lr=0.02
step     1/700 tau=1.0000 loss=1.065815 mse_soft=1.063492 ent_in=3.8712 ent_out=3.8712 rowmax_in=0.0213 rowmax_out=0.0213 discrete_mse=66.354851 best_discrete=66.354851 hash=False elapsed=0.5s
step    25/700 tau=0.8866 loss=0.935029 mse_soft=0.932777 ent_in=3.7424 ent_out=3.7626 rowmax_in=0.0367 rowmax_out=0.0364 discrete_mse=1495.083374 best_discrete=66.354851 hash=False elapsed=2.9s
step    50/700 tau=0.7821 loss=0.714141 mse_soft=0.712105 ent_in=3.3642 ent_out=3.4237 rowmax_in=0.0677 rowmax_out=0.0666 discrete_mse=9087.940430 best_discrete=66.354851 hash=False elapsed=5.5s
step    75/700 tau=0.6899 loss=0.593282 mse_soft=0.591478 ent_in=2.9453 ent_out=3.0683 rowmax_in=0.1308 rowmax_out=0.1212 discrete_mse=579.872375 best_discrete=66.354851 hash=False elapsed=7.9s
step   100/700 tau=0.6086 loss=0.472792 mse_soft=0.471334 ent_in=2.4156 ent_out=2.4434 rowmax_in=0.2521 rowmax_out=0.2584 discrete_mse=748.923706 best_discrete=66.354851 hash=False elapsed=10.3s
step   125/700 tau=0.5368 loss=0.385566 mse_soft=0.384485 ent_in=1.9206 ent_out=1.6824 rowmax_in=0.3646 rowmax_out=0.4783 discrete_mse=420.391876 best_discrete=66.354851 hash=False elapsed=12.8s
step   150/700 tau=0.4736 loss=0.338243 mse_soft=0.337443 ent_in=1.5771 ent_out=1.0918 rowmax_in=0.4408 rowmax_out=0.6284 discrete_mse=202.138367 best_discrete=66.354851 hash=False elapsed=15.2s
step   175/700 tau=0.4177 loss=0.318663 mse_soft=0.318006 ent_in=1.4056 ent_out=0.7841 rowmax_in=0.4712 rowmax_out=0.7171 discrete_mse=1623.818970 best_discrete=66.354851 hash=False elapsed=17.8s
step   200/700 tau=0.3685 loss=0.309098 mse_soft=0.308508 ent_in=1.3211 ent_out=0.6458 rowmax_in=0.4833 rowmax_out=0.7489 discrete_mse=435.908203 best_discrete=66.354851 hash=False elapsed=20.2s
step   225/700 tau=0.3251 loss=0.303098 mse_soft=0.302551 ent_in=1.2597 ent_out=0.5638 rowmax_in=0.4933 rowmax_out=0.7648 discrete_mse=264.191406 best_discrete=66.354851 hash=False elapsed=22.6s
step   250/700 tau=0.2868 loss=0.298418 mse_soft=0.297897 ent_in=1.2151 ent_out=0.5242 rowmax_in=0.5000 rowmax_out=0.7732 discrete_mse=480.614349 best_discrete=66.354851 hash=False elapsed=25.1s
step   275/700 tau=0.2530 loss=0.295601 mse_soft=0.295098 ent_in=1.1801 ent_out=0.4994 rowmax_in=0.5092 rowmax_out=0.7763 discrete_mse=438.204987 best_discrete=66.354851 hash=False elapsed=27.5s
step   300/700 tau=0.2231 loss=0.293763 mse_soft=0.293275 ent_in=1.1528 ent_out=0.4749 rowmax_in=0.5189 rowmax_out=0.7846 discrete_mse=229.694244 best_discrete=66.354851 hash=False elapsed=30.1s
step   325/700 tau=0.1968 loss=0.290806 mse_soft=0.290329 ent_in=1.1245 ent_out=0.4631 rowmax_in=0.5270 rowmax_out=0.7830 discrete_mse=229.694244 best_discrete=66.354851 hash=False elapsed=32.6s
step   350/700 tau=0.1736 loss=0.289249 mse_soft=0.288780 ent_in=1.1095 ent_out=0.4551 rowmax_in=0.5282 rowmax_out=0.7837 discrete_mse=229.694244 best_discrete=66.354851 hash=False elapsed=35.2s
step   375/700 tau=0.1532 loss=0.287979 mse_soft=0.287516 ent_in=1.0989 ent_out=0.4438 rowmax_in=0.5270 rowmax_out=0.7855 discrete_mse=192.710022 best_discrete=66.354851 hash=False elapsed=37.7s
step   400/700 tau=0.1351 loss=0.289179 mse_soft=0.288720 ent_in=1.0911 ent_out=0.4391 rowmax_in=0.5280 rowmax_out=0.7876 discrete_mse=131.008926 best_discrete=66.354851 hash=False elapsed=40.1s
step   425/700 tau=0.1192 loss=0.289150 mse_soft=0.288695 ent_in=1.0830 ent_out=0.4352 rowmax_in=0.5289 rowmax_out=0.7892 discrete_mse=309.477051 best_discrete=66.354851 hash=False elapsed=42.6s
step   450/700 tau=0.1051 loss=0.291948 mse_soft=0.291497 ent_in=1.0761 ent_out=0.4301 rowmax_in=0.5297 rowmax_out=0.7907 discrete_mse=131.008926 best_discrete=66.354851 hash=False elapsed=45.2s
step   475/700 tau=0.0928 loss=0.295164 mse_soft=0.294715 ent_in=1.0722 ent_out=0.4237 rowmax_in=0.5303 rowmax_out=0.7976 discrete_mse=309.477051 best_discrete=66.354851 hash=False elapsed=48.0s
step   500/700 tau=0.0818 loss=0.287473 mse_soft=0.287028 ent_in=1.0659 ent_out=0.4179 rowmax_in=0.5327 rowmax_out=0.8007 discrete_mse=309.477051 best_discrete=66.354851 hash=False elapsed=50.5s
step   525/700 tau=0.0722 loss=0.328209 mse_soft=0.327770 ent_in=1.0497 ent_out=0.4111 rowmax_in=0.5420 rowmax_out=0.8006 discrete_mse=17.298136 best_discrete=17.298136 hash=False elapsed=52.8s
step   550/700 tau=0.0637 loss=0.296940 mse_soft=0.296525 ent_in=0.9872 ent_out=0.3992 rowmax_in=0.5573 rowmax_out=0.8069 discrete_mse=309.415253 best_discrete=17.298136 hash=False elapsed=55.4s
step   575/700 tau=0.0562 loss=0.294406 mse_soft=0.293995 ent_in=0.9854 ent_out=0.3841 rowmax_in=0.5659 rowmax_out=0.8156 discrete_mse=41.656425 best_discrete=17.298136 hash=False elapsed=57.8s
step   600/700 tau=0.0495 loss=0.337578 mse_soft=0.337221 ent_in=0.8456 ent_out=0.3414 rowmax_in=0.6136 rowmax_out=0.8242 discrete_mse=57.582809 best_discrete=17.298136 hash=False elapsed=60.3s
step   625/700 tau=0.0437 loss=0.319343 mse_soft=0.319002 ent_in=0.8080 ent_out=0.3267 rowmax_in=0.6295 rowmax_out=0.8292 discrete_mse=4.259797 best_discrete=4.259797 hash=False elapsed=62.7s
step   650/700 tau=0.0386 loss=0.350600 mse_soft=0.350312 ent_in=0.6448 ent_out=0.3154 rowmax_in=0.6866 rowmax_out=0.8389 discrete_mse=92.730972 best_discrete=4.259797 hash=False elapsed=65.3s
step   675/700 tau=0.0340 loss=0.328196 mse_soft=0.327904 ent_in=0.6599 ent_out=0.3126 rowmax_in=0.6806 rowmax_out=0.8385 discrete_mse=94.243111 best_discrete=4.259797 hash=False elapsed=67.6s
step   700/700 tau=0.0300 loss=0.327033 mse_soft=0.326734 ent_in=0.6765 ent_out=0.3200 rowmax_in=0.6724 rowmax_out=0.8284 discrete_mse=10.594222 best_discrete=4.259797 hash=False elapsed=70.0s

Final metrics:
  soft_mse_full=0.324121
  rowmax_in_mean=0.6743
  rowmax_out_mean=0.8289
  ent_in_mean=0.6727
  ent_out_mean=0.3182
  final_discrete_mse=10.594222
  hash_match=False
  best_discrete_mse_seen=4.259797
Saved results to overnight_b215_j3.json
