Using device: cuda
Train rows: 4096 / Full rows: 10000, steps=900, lr=0.03
step     1/900 tau=1.0000 loss=1.068735 mse_soft=1.066412 ent_in=3.8712 ent_out=3.8712 rowmax_in=0.0213 rowmax_out=0.0213 discrete_mse=6.706628 best_discrete=6.706628 hash=False elapsed=0.6s
step    25/900 tau=0.9106 loss=0.863919 mse_soft=0.861729 ent_in=3.6323 ent_out=3.6685 rowmax_in=0.0457 rowmax_out=0.0444 discrete_mse=2581.464844 best_discrete=6.706628 hash=False elapsed=3.1s
step    50/900 tau=0.8260 loss=0.655286 mse_soft=0.653373 ent_in=3.1392 ent_out=3.2397 rowmax_in=0.0895 rowmax_out=0.0850 discrete_mse=3622.011230 best_discrete=6.706628 hash=False elapsed=5.5s
step    75/900 tau=0.7493 loss=0.514823 mse_soft=0.513233 ent_in=2.5914 ent_out=2.7091 rowmax_in=0.2056 rowmax_out=0.1859 discrete_mse=3164.495850 best_discrete=6.706628 hash=False elapsed=8.1s
step   100/900 tau=0.6797 loss=0.403111 mse_soft=0.401929 ent_in=1.9719 ent_out=1.9668 rowmax_in=0.3631 rowmax_out=0.3766 discrete_mse=1820.423950 best_discrete=6.706628 hash=False elapsed=10.4s
step   125/900 tau=0.6165 loss=0.336188 mse_soft=0.335364 ent_in=1.5156 ent_out=1.2325 rowmax_in=0.4749 rowmax_out=0.5844 discrete_mse=1406.614868 best_discrete=6.706628 hash=False elapsed=12.9s
step   150/900 tau=0.5592 loss=0.307253 mse_soft=0.306580 ent_in=1.3584 ent_out=0.8858 rowmax_in=0.5007 rowmax_out=0.6849 discrete_mse=414.139954 best_discrete=6.706628 hash=False elapsed=15.3s
step   175/900 tau=0.5073 loss=0.295677 mse_soft=0.295095 ent_in=1.2674 ent_out=0.6753 rowmax_in=0.5165 rowmax_out=0.7454 discrete_mse=277.569855 best_discrete=6.706628 hash=False elapsed=17.6s
step   200/900 tau=0.4602 loss=0.289526 mse_soft=0.288982 ent_in=1.2350 ent_out=0.5773 rowmax_in=0.5212 rowmax_out=0.7738 discrete_mse=865.778076 best_discrete=6.706628 hash=False elapsed=19.8s
step   225/900 tau=0.4174 loss=0.285668 mse_soft=0.285148 ent_in=1.2122 ent_out=0.5222 rowmax_in=0.5244 rowmax_out=0.7874 discrete_mse=1319.427368 best_discrete=6.706628 hash=False elapsed=22.1s
step   250/900 tau=0.3786 loss=0.280895 mse_soft=0.280399 ent_in=1.1846 ent_out=0.4707 rowmax_in=0.5318 rowmax_out=0.7982 discrete_mse=1073.782837 best_discrete=6.706628 hash=False elapsed=24.2s
step   275/900 tau=0.3434 loss=0.279180 mse_soft=0.278703 ent_in=1.1559 ent_out=0.4340 rowmax_in=0.5396 rowmax_out=0.8071 discrete_mse=1202.222534 best_discrete=6.706628 hash=False elapsed=26.5s
step   300/900 tau=0.3115 loss=0.278226 mse_soft=0.277761 ent_in=1.1403 ent_out=0.4095 rowmax_in=0.5444 rowmax_out=0.8132 discrete_mse=1073.782837 best_discrete=6.706628 hash=False elapsed=28.7s
step   325/900 tau=0.2826 loss=0.275617 mse_soft=0.275160 ent_in=1.1266 ent_out=0.3949 rowmax_in=0.5483 rowmax_out=0.8160 discrete_mse=1073.782837 best_discrete=6.706628 hash=False elapsed=31.0s
step   350/900 tau=0.2563 loss=0.278506 mse_soft=0.278055 ent_in=1.1141 ent_out=0.3890 rowmax_in=0.5523 rowmax_out=0.8171 discrete_mse=1073.782837 best_discrete=6.706628 hash=False elapsed=33.0s
step   375/900 tau=0.2325 loss=0.275820 mse_soft=0.275372 ent_in=1.1099 ent_out=0.3825 rowmax_in=0.5521 rowmax_out=0.8180 discrete_mse=519.574097 best_discrete=6.706628 hash=False elapsed=35.2s
step   400/900 tau=0.2109 loss=0.282375 mse_soft=0.281930 ent_in=1.1062 ent_out=0.3758 rowmax_in=0.5521 rowmax_out=0.8201 discrete_mse=519.574097 best_discrete=6.706628 hash=False elapsed=37.4s
step   425/900 tau=0.1913 loss=0.275588 mse_soft=0.275148 ent_in=1.0992 ent_out=0.3664 rowmax_in=0.5537 rowmax_out=0.8240 discrete_mse=519.574097 best_discrete=6.706628 hash=False elapsed=39.7s
step   450/900 tau=0.1735 loss=0.280479 mse_soft=0.280043 ent_in=1.0982 ent_out=0.3565 rowmax_in=0.5532 rowmax_out=0.8279 discrete_mse=1073.782837 best_discrete=6.706628 hash=False elapsed=41.8s
step   475/900 tau=0.1574 loss=0.280828 mse_soft=0.280395 ent_in=1.0957 ent_out=0.3487 rowmax_in=0.5527 rowmax_out=0.8304 discrete_mse=710.958862 best_discrete=6.706628 hash=False elapsed=43.8s
step   500/900 tau=0.1428 loss=0.278332 mse_soft=0.277902 ent_in=1.0913 ent_out=0.3419 rowmax_in=0.5535 rowmax_out=0.8338 discrete_mse=710.958862 best_discrete=6.706628 hash=False elapsed=45.9s
step   525/900 tau=0.1295 loss=0.287114 mse_soft=0.286688 ent_in=1.0850 ent_out=0.3361 rowmax_in=0.5559 rowmax_out=0.8368 discrete_mse=710.958862 best_discrete=6.706628 hash=False elapsed=48.0s
step   550/900 tau=0.1175 loss=0.286824 mse_soft=0.286397 ent_in=1.0904 ent_out=0.3324 rowmax_in=0.5490 rowmax_out=0.8351 discrete_mse=710.958862 best_discrete=6.706628 hash=False elapsed=50.2s
step   575/900 tau=0.1066 loss=0.308469 mse_soft=0.308043 ent_in=1.0798 ent_out=0.3410 rowmax_in=0.5603 rowmax_out=0.8288 discrete_mse=379.078979 best_discrete=6.706628 hash=False elapsed=52.3s
step   600/900 tau=0.0967 loss=0.318056 mse_soft=0.317661 ent_in=0.9984 ent_out=0.3211 rowmax_in=0.5851 rowmax_out=0.8446 discrete_mse=1479.480957 best_discrete=6.706628 hash=False elapsed=54.4s
step   625/900 tau=0.0877 loss=0.283688 mse_soft=0.283293 ent_in=0.9893 ent_out=0.3288 rowmax_in=0.5861 rowmax_out=0.8408 discrete_mse=144.504700 best_discrete=6.706628 hash=False elapsed=56.8s
step   650/900 tau=0.0795 loss=0.335136 mse_soft=0.334766 ent_in=0.9026 ent_out=0.3298 rowmax_in=0.6211 rowmax_out=0.8274 discrete_mse=402.630737 best_discrete=6.706628 hash=False elapsed=59.1s
step   675/900 tau=0.0722 loss=0.307775 mse_soft=0.307421 ent_in=0.8580 ent_out=0.3212 rowmax_in=0.6181 rowmax_out=0.8425 discrete_mse=97.219559 best_discrete=6.706628 hash=False elapsed=61.3s
step   700/900 tau=0.0655 loss=0.299522 mse_soft=0.299183 ent_in=0.8156 ent_out=0.3165 rowmax_in=0.6349 rowmax_out=0.8356 discrete_mse=101.051949 best_discrete=6.706628 hash=False elapsed=63.6s
step   725/900 tau=0.0594 loss=0.296252 mse_soft=0.295916 ent_in=0.8069 ent_out=0.3140 rowmax_in=0.6343 rowmax_out=0.8476 discrete_mse=95.090523 best_discrete=6.706628 hash=False elapsed=65.9s
step   750/900 tau=0.0539 loss=1.019550 mse_soft=1.019273 ent_in=0.7009 ent_out=0.2223 rowmax_in=0.6780 rowmax_out=0.8930 discrete_mse=243.122498 best_discrete=6.706628 hash=False elapsed=68.0s
step   775/900 tau=0.0489 loss=0.524134 mse_soft=0.523972 ent_in=0.4437 ent_out=0.0971 rowmax_in=0.7858 rowmax_out=0.9521 discrete_mse=1.736880 best_discrete=1.736880 hash=False elapsed=70.0s
step   800/900 tau=0.0443 loss=0.473981 mse_soft=0.473829 ent_in=0.4315 ent_out=0.0726 rowmax_in=0.7605 rowmax_out=0.9623 discrete_mse=110.818695 best_discrete=1.736880 hash=False elapsed=72.1s
step   825/900 tau=0.0402 loss=0.455898 mse_soft=0.455748 ent_in=0.4348 ent_out=0.0671 rowmax_in=0.7553 rowmax_out=0.9650 discrete_mse=300.654541 best_discrete=1.736880 hash=False elapsed=74.3s
step   850/900 tau=0.0365 loss=0.443173 mse_soft=0.443019 ent_in=0.4380 ent_out=0.0757 rowmax_in=0.7526 rowmax_out=0.9606 discrete_mse=37.522003 best_discrete=1.736880 hash=False elapsed=76.3s
step   875/900 tau=0.0331 loss=0.455328 mse_soft=0.455173 ent_in=0.4312 ent_out=0.0871 rowmax_in=0.7664 rowmax_out=0.9526 discrete_mse=59.828560 best_discrete=1.736880 hash=False elapsed=78.4s
step   900/900 tau=0.0300 loss=0.495104 mse_soft=0.494960 ent_in=0.4074 ent_out=0.0738 rowmax_in=0.7710 rowmax_out=0.9627 discrete_mse=25.072771 best_discrete=1.736880 hash=False elapsed=80.6s

Final metrics:
  soft_mse_full=0.482570
  rowmax_in_mean=0.7649
  rowmax_out_mean=0.9626
  ent_in_mean=0.4122
  ent_out_mean=0.0740
  final_discrete_mse=71.526009
  hash_match=False
  best_discrete_mse_seen=1.736880
Saved results to overnight_b243_j1.json
