Using device: cuda
Train rows: 10000 / Full rows: 10000, steps=700, lr=0.02
step     1/700 tau=1.0000 loss=1.065682 mse_soft=1.063359 ent_in=3.8712 ent_out=3.8712 rowmax_in=0.0213 rowmax_out=0.0213 discrete_mse=76.700714 best_discrete=76.700714 hash=False elapsed=0.5s
step    25/700 tau=0.8866 loss=0.935245 mse_soft=0.932993 ent_in=3.7427 ent_out=3.7626 rowmax_in=0.0375 rowmax_out=0.0362 discrete_mse=153.846390 best_discrete=76.700714 hash=False elapsed=2.8s
step    50/700 tau=0.7821 loss=0.711272 mse_soft=0.709237 ent_in=3.3613 ent_out=3.4222 rowmax_in=0.0691 rowmax_out=0.0669 discrete_mse=5372.618652 best_discrete=76.700714 hash=False elapsed=5.2s
step    75/700 tau=0.6899 loss=0.584236 mse_soft=0.582439 ent_in=2.9375 ent_out=3.0511 rowmax_in=0.1365 rowmax_out=0.1224 discrete_mse=1261.038330 best_discrete=76.700714 hash=False elapsed=7.7s
step   100/700 tau=0.6086 loss=0.463902 mse_soft=0.462479 ent_in=2.3637 ent_out=2.3803 rowmax_in=0.2648 rowmax_out=0.2655 discrete_mse=1854.030518 best_discrete=76.700714 hash=False elapsed=10.0s
step   125/700 tau=0.5368 loss=0.384460 mse_soft=0.383406 ent_in=1.8256 ent_out=1.6893 rowmax_in=0.3934 rowmax_out=0.4407 discrete_mse=248.835846 best_discrete=76.700714 hash=False elapsed=12.3s
step   150/700 tau=0.4736 loss=0.346147 mse_soft=0.345343 ent_in=1.5058 ent_out=1.1751 rowmax_in=0.4608 rowmax_out=0.5809 discrete_mse=555.805359 best_discrete=76.700714 hash=False elapsed=14.6s
step   175/700 tau=0.4177 loss=0.326408 mse_soft=0.325745 ent_in=1.3267 ent_out=0.8813 rowmax_in=0.4934 rowmax_out=0.6349 discrete_mse=343.104553 best_discrete=76.700714 hash=False elapsed=16.8s
step   200/700 tau=0.3685 loss=0.315449 mse_soft=0.314865 ent_in=1.2445 ent_out=0.7006 rowmax_in=0.5046 rowmax_out=0.6987 discrete_mse=516.643982 best_discrete=76.700714 hash=False elapsed=19.1s
step   225/700 tau=0.3251 loss=0.306983 mse_soft=0.306456 ent_in=1.1790 ent_out=0.5802 rowmax_in=0.5177 rowmax_out=0.7483 discrete_mse=345.293549 best_discrete=76.700714 hash=False elapsed=21.5s
step   250/700 tau=0.2868 loss=0.303015 mse_soft=0.302525 ent_in=1.1220 ent_out=0.5102 rowmax_in=0.5263 rowmax_out=0.7706 discrete_mse=352.244720 best_discrete=76.700714 hash=False elapsed=23.9s
step   275/700 tau=0.2530 loss=0.300226 mse_soft=0.299748 ent_in=1.0984 ent_out=0.4938 rowmax_in=0.5271 rowmax_out=0.7724 discrete_mse=306.737305 best_discrete=76.700714 hash=False elapsed=26.2s
step   300/700 tau=0.2231 loss=0.299116 mse_soft=0.298642 ent_in=1.0793 ent_out=0.5001 rowmax_in=0.5278 rowmax_out=0.7670 discrete_mse=306.737305 best_discrete=76.700714 hash=False elapsed=28.3s
step   325/700 tau=0.1968 loss=0.298572 mse_soft=0.298106 ent_in=1.0619 ent_out=0.4915 rowmax_in=0.5317 rowmax_out=0.7640 discrete_mse=407.860565 best_discrete=76.700714 hash=False elapsed=30.6s
step   350/700 tau=0.1736 loss=0.296299 mse_soft=0.295843 ent_in=1.0463 ent_out=0.4762 rowmax_in=0.5370 rowmax_out=0.7646 discrete_mse=224.045242 best_discrete=76.700714 hash=False elapsed=33.0s
step   375/700 tau=0.1532 loss=0.297146 mse_soft=0.296695 ent_in=1.0382 ent_out=0.4663 rowmax_in=0.5389 rowmax_out=0.7670 discrete_mse=224.045242 best_discrete=76.700714 hash=False elapsed=35.3s
step   400/700 tau=0.1351 loss=0.295927 mse_soft=0.295478 ent_in=1.0345 ent_out=0.4622 rowmax_in=0.5386 rowmax_out=0.7691 discrete_mse=224.045242 best_discrete=76.700714 hash=False elapsed=37.7s
step   425/700 tau=0.1192 loss=0.297959 mse_soft=0.297512 ent_in=1.0345 ent_out=0.4548 rowmax_in=0.5372 rowmax_out=0.7700 discrete_mse=224.045242 best_discrete=76.700714 hash=False elapsed=40.0s
step   450/700 tau=0.1051 loss=0.298994 mse_soft=0.298548 ent_in=1.0326 ent_out=0.4534 rowmax_in=0.5342 rowmax_out=0.7682 discrete_mse=178.284042 best_discrete=76.700714 hash=False elapsed=42.3s
step   475/700 tau=0.0928 loss=0.303889 mse_soft=0.303444 ent_in=1.0303 ent_out=0.4517 rowmax_in=0.5355 rowmax_out=0.7680 discrete_mse=293.322113 best_discrete=76.700714 hash=False elapsed=44.7s
step   500/700 tau=0.0818 loss=0.300626 mse_soft=0.300183 ent_in=1.0237 ent_out=0.4518 rowmax_in=0.5391 rowmax_out=0.7690 discrete_mse=415.476135 best_discrete=76.700714 hash=False elapsed=47.3s
step   525/700 tau=0.0722 loss=0.306485 mse_soft=0.306045 ent_in=1.0215 ent_out=0.4459 rowmax_in=0.5418 rowmax_out=0.7796 discrete_mse=449.704193 best_discrete=76.700714 hash=False elapsed=49.7s
step   550/700 tau=0.0637 loss=0.324677 mse_soft=0.324263 ent_in=0.9626 ent_out=0.4206 rowmax_in=0.5633 rowmax_out=0.7865 discrete_mse=123.290985 best_discrete=76.700714 hash=False elapsed=52.1s
step   575/700 tau=0.0562 loss=0.306538 mse_soft=0.306122 ent_in=0.9665 ent_out=0.4211 rowmax_in=0.5610 rowmax_out=0.7810 discrete_mse=376.756104 best_discrete=76.700714 hash=False elapsed=54.4s
step   600/700 tau=0.0495 loss=0.323439 mse_soft=0.323024 ent_in=0.9776 ent_out=0.4051 rowmax_in=0.5571 rowmax_out=0.7876 discrete_mse=192.830002 best_discrete=76.700714 hash=False elapsed=56.6s
step   625/700 tau=0.0437 loss=0.301478 mse_soft=0.301074 ent_in=0.9582 ent_out=0.3889 rowmax_in=0.5646 rowmax_out=0.7967 discrete_mse=193.466705 best_discrete=76.700714 hash=False elapsed=59.0s
step   650/700 tau=0.0386 loss=0.421031 mse_soft=0.420665 ent_in=0.8769 ent_out=0.3452 rowmax_in=0.6134 rowmax_out=0.8265 discrete_mse=200.738647 best_discrete=76.700714 hash=False elapsed=61.2s
step   675/700 tau=0.0340 loss=0.347907 mse_soft=0.347634 ent_in=0.6610 ent_out=0.2470 rowmax_in=0.6756 rowmax_out=0.8715 discrete_mse=65.058777 best_discrete=65.058777 hash=False elapsed=63.6s
step   700/700 tau=0.0300 loss=0.332787 mse_soft=0.332515 ent_in=0.6627 ent_out=0.2440 rowmax_in=0.6673 rowmax_out=0.8657 discrete_mse=302.943054 best_discrete=65.058777 hash=False elapsed=66.0s

Final metrics:
  soft_mse_full=0.333203
  rowmax_in_mean=0.6635
  rowmax_out_mean=0.8668
  ent_in_mean=0.6662
  ent_out_mean=0.2435
  final_discrete_mse=302.943054
  hash_match=False
  best_discrete_mse_seen=65.058777
Saved results to overnight_b188_j3.json
