Using device: cuda
Train rows: 4096 / Full rows: 10000, steps=900, lr=0.03
step     1/900 tau=1.0000 loss=1.079719 mse_soft=1.077397 ent_in=3.8712 ent_out=3.8712 rowmax_in=0.0213 rowmax_out=0.0213 discrete_mse=21.893669 best_discrete=21.893669 hash=False elapsed=0.5s
step    25/900 tau=0.9090 loss=0.868383 mse_soft=0.866192 ent_in=3.6352 ent_out=3.6661 rowmax_in=0.0460 rowmax_out=0.0446 discrete_mse=1722.312012 best_discrete=21.893669 hash=False elapsed=2.9s
step    50/900 tau=0.8229 loss=0.644496 mse_soft=0.642590 ent_in=3.1257 ent_out=3.2270 rowmax_in=0.0962 rowmax_out=0.0872 discrete_mse=3128.450684 best_discrete=21.893669 hash=False elapsed=5.3s
step    75/900 tau=0.7450 loss=0.499190 mse_soft=0.497608 ent_in=2.5901 ent_out=2.6839 rowmax_in=0.2122 rowmax_out=0.2081 discrete_mse=731.998352 best_discrete=21.893669 hash=False elapsed=7.6s
step   100/900 tau=0.6745 loss=0.385564 mse_soft=0.384430 ent_in=1.9629 ent_out=1.8192 rowmax_in=0.3662 rowmax_out=0.4308 discrete_mse=926.828491 best_discrete=21.893669 hash=False elapsed=9.7s
step   125/900 tau=0.6107 loss=0.330680 mse_soft=0.329871 ent_in=1.5583 ent_out=1.1378 rowmax_in=0.4622 rowmax_out=0.6380 discrete_mse=102.164207 best_discrete=21.893669 hash=False elapsed=12.1s
step   150/900 tau=0.5529 loss=0.305510 mse_soft=0.304884 ent_in=1.3453 ent_out=0.7410 rowmax_in=0.5150 rowmax_out=0.7493 discrete_mse=53.569042 best_discrete=21.893669 hash=False elapsed=14.3s
step   175/900 tau=0.5006 loss=0.291519 mse_soft=0.290998 ent_in=1.2196 ent_out=0.5170 rowmax_in=0.5390 rowmax_out=0.8201 discrete_mse=329.704193 best_discrete=21.893669 hash=False elapsed=16.6s
step   200/900 tau=0.4532 loss=0.279605 mse_soft=0.279154 ent_in=1.1382 ent_out=0.3648 rowmax_in=0.5575 rowmax_out=0.8624 discrete_mse=228.881699 best_discrete=21.893669 hash=False elapsed=18.8s
step   225/900 tau=0.4103 loss=0.272707 mse_soft=0.272291 ent_in=1.0816 ent_out=0.3046 rowmax_in=0.5658 rowmax_out=0.8763 discrete_mse=180.796249 best_discrete=21.893669 hash=False elapsed=20.9s
step   250/900 tau=0.3715 loss=0.268933 mse_soft=0.268539 ent_in=1.0485 ent_out=0.2659 rowmax_in=0.5658 rowmax_out=0.8826 discrete_mse=180.796249 best_discrete=21.893669 hash=False elapsed=22.9s
step   275/900 tau=0.3363 loss=0.267205 mse_soft=0.266823 ent_in=1.0288 ent_out=0.2431 rowmax_in=0.5663 rowmax_out=0.8809 discrete_mse=107.090820 best_discrete=21.893669 hash=False elapsed=25.1s
step   300/900 tau=0.3045 loss=0.265222 mse_soft=0.264850 ent_in=1.0099 ent_out=0.2317 rowmax_in=0.5719 rowmax_out=0.8815 discrete_mse=107.090820 best_discrete=21.893669 hash=False elapsed=27.3s
step   325/900 tau=0.2756 loss=0.265028 mse_soft=0.264659 ent_in=1.0030 ent_out=0.2278 rowmax_in=0.5729 rowmax_out=0.8802 discrete_mse=180.796249 best_discrete=21.893669 hash=False elapsed=29.4s
step   350/900 tau=0.2496 loss=0.267556 mse_soft=0.267189 ent_in=1.0000 ent_out=0.2232 rowmax_in=0.5726 rowmax_out=0.8811 discrete_mse=107.090820 best_discrete=21.893669 hash=False elapsed=31.4s
step   375/900 tau=0.2259 loss=0.266908 mse_soft=0.266542 ent_in=0.9976 ent_out=0.2220 rowmax_in=0.5739 rowmax_out=0.8816 discrete_mse=180.796249 best_discrete=21.893669 hash=False elapsed=33.7s
step   400/900 tau=0.2046 loss=0.268187 mse_soft=0.267821 ent_in=0.9971 ent_out=0.2212 rowmax_in=0.5742 rowmax_out=0.8820 discrete_mse=180.796249 best_discrete=21.893669 hash=False elapsed=36.0s
step   425/900 tau=0.1852 loss=0.268042 mse_soft=0.267676 ent_in=0.9969 ent_out=0.2217 rowmax_in=0.5734 rowmax_out=0.8816 discrete_mse=180.796249 best_discrete=21.893669 hash=False elapsed=38.3s
step   450/900 tau=0.1677 loss=0.265475 mse_soft=0.265109 ent_in=0.9974 ent_out=0.2223 rowmax_in=0.5720 rowmax_out=0.8797 discrete_mse=107.090820 best_discrete=21.893669 hash=False elapsed=40.5s
step   475/900 tau=0.1518 loss=0.268962 mse_soft=0.268595 ent_in=0.9989 ent_out=0.2241 rowmax_in=0.5717 rowmax_out=0.8787 discrete_mse=107.090820 best_discrete=21.893669 hash=False elapsed=42.8s
step   500/900 tau=0.1374 loss=0.270133 mse_soft=0.269764 ent_in=1.0030 ent_out=0.2254 rowmax_in=0.5696 rowmax_out=0.8784 discrete_mse=170.310287 best_discrete=21.893669 hash=False elapsed=44.9s
step   525/900 tau=0.1244 loss=0.268620 mse_soft=0.268255 ent_in=0.9996 ent_out=0.2163 rowmax_in=0.5691 rowmax_out=0.8766 discrete_mse=299.274902 best_discrete=21.893669 hash=False elapsed=47.1s
step   550/900 tau=0.1126 loss=0.272135 mse_soft=0.271774 ent_in=0.9951 ent_out=0.2100 rowmax_in=0.5688 rowmax_out=0.8793 discrete_mse=170.310287 best_discrete=21.893669 hash=False elapsed=49.1s
step   575/900 tau=0.1020 loss=0.269810 mse_soft=0.269454 ent_in=0.9849 ent_out=0.2016 rowmax_in=0.5631 rowmax_out=0.8823 discrete_mse=99.042374 best_discrete=21.893669 hash=False elapsed=51.3s
step   600/900 tau=0.0923 loss=0.270012 mse_soft=0.269660 ent_in=0.9695 ent_out=0.2029 rowmax_in=0.5659 rowmax_out=0.8834 discrete_mse=99.042374 best_discrete=21.893669 hash=False elapsed=53.5s
step   625/900 tau=0.0836 loss=0.274600 mse_soft=0.274246 ent_in=0.9770 ent_out=0.2037 rowmax_in=0.5656 rowmax_out=0.8819 discrete_mse=69.205345 best_discrete=21.893669 hash=False elapsed=56.0s
step   650/900 tau=0.0757 loss=0.272289 mse_soft=0.271937 ent_in=0.9688 ent_out=0.2042 rowmax_in=0.5695 rowmax_out=0.8875 discrete_mse=69.205345 best_discrete=21.893669 hash=False elapsed=58.3s
step   675/900 tau=0.0685 loss=0.272055 mse_soft=0.271705 ent_in=0.9666 ent_out=0.2013 rowmax_in=0.5667 rowmax_out=0.8802 discrete_mse=99.042374 best_discrete=21.893669 hash=False elapsed=60.5s
step   700/900 tau=0.0620 loss=0.297289 mse_soft=0.296967 ent_in=0.8879 ent_out=0.1827 rowmax_in=0.5889 rowmax_out=0.9078 discrete_mse=66.772964 best_discrete=21.893669 hash=False elapsed=62.7s
step   725/900 tau=0.0562 loss=0.316378 mse_soft=0.316077 ent_in=0.8195 ent_out=0.1858 rowmax_in=0.6174 rowmax_out=0.9037 discrete_mse=36.451500 best_discrete=21.893669 hash=False elapsed=65.0s
step   750/900 tau=0.0508 loss=0.300495 mse_soft=0.300192 ent_in=0.8249 ent_out=0.1843 rowmax_in=0.5976 rowmax_out=0.9051 discrete_mse=95.140785 best_discrete=21.893669 hash=False elapsed=67.2s
step   775/900 tau=0.0460 loss=0.282070 mse_soft=0.281765 ent_in=0.8202 ent_out=0.1959 rowmax_in=0.5994 rowmax_out=0.8948 discrete_mse=82.585434 best_discrete=21.893669 hash=False elapsed=69.4s
step   800/900 tau=0.0417 loss=0.514152 mse_soft=0.513877 ent_in=0.7238 ent_out=0.1918 rowmax_in=0.6637 rowmax_out=0.8992 discrete_mse=29.474817 best_discrete=21.893669 hash=False elapsed=71.6s
step   825/900 tau=0.0377 loss=0.380053 mse_soft=0.379845 ent_in=0.5641 ent_out=0.1277 rowmax_in=0.7229 rowmax_out=0.9326 discrete_mse=154.522171 best_discrete=21.893669 hash=False elapsed=73.8s
step   850/900 tau=0.0342 loss=0.348087 mse_soft=0.347884 ent_in=0.5464 ent_out=0.1273 rowmax_in=0.7399 rowmax_out=0.9359 discrete_mse=25.158739 best_discrete=21.893669 hash=False elapsed=76.0s
step   875/900 tau=0.0309 loss=0.372607 mse_soft=0.372422 ent_in=0.4843 ent_out=0.1334 rowmax_in=0.7566 rowmax_out=0.9322 discrete_mse=4.932527 best_discrete=4.932527 hash=False elapsed=78.1s
step   900/900 tau=0.0280 loss=0.384128 mse_soft=0.383950 ent_in=0.4636 ent_out=0.1310 rowmax_in=0.7712 rowmax_out=0.9323 discrete_mse=23.088140 best_discrete=4.932527 hash=False elapsed=80.4s

Final metrics:
  soft_mse_full=0.397103
  rowmax_in_mean=0.7847
  rowmax_out_mean=0.9352
  ent_in_mean=0.4506
  ent_out_mean=0.1254
  final_discrete_mse=24.386520
  hash_match=False
  best_discrete_mse_seen=4.932527
Saved results to overnight_b230_j2.json
