Using device: cuda
Train rows: 10000 / Full rows: 10000, steps=700, lr=0.02
step     1/700 tau=1.0000 loss=1.065735 mse_soft=1.063412 ent_in=3.8712 ent_out=3.8712 rowmax_in=0.0213 rowmax_out=0.0213 discrete_mse=80.698082 best_discrete=80.698082 hash=False elapsed=0.5s
step    25/700 tau=0.8866 loss=0.935183 mse_soft=0.932932 ent_in=3.7431 ent_out=3.7621 rowmax_in=0.0372 rowmax_out=0.0363 discrete_mse=557.945740 best_discrete=80.698082 hash=False elapsed=2.7s
step    50/700 tau=0.7821 loss=0.709472 mse_soft=0.707438 ent_in=3.3637 ent_out=3.4190 rowmax_in=0.0705 rowmax_out=0.0671 discrete_mse=4623.504883 best_discrete=80.698082 hash=False elapsed=5.0s
step    75/700 tau=0.6899 loss=0.585143 mse_soft=0.583346 ent_in=2.9419 ent_out=3.0461 rowmax_in=0.1315 rowmax_out=0.1222 discrete_mse=1685.437988 best_discrete=80.698082 hash=False elapsed=7.3s
step   100/700 tau=0.6086 loss=0.465684 mse_soft=0.464252 ent_in=2.3903 ent_out=2.3842 rowmax_in=0.2526 rowmax_out=0.2649 discrete_mse=6950.887695 best_discrete=80.698082 hash=False elapsed=9.6s
step   125/700 tau=0.5368 loss=0.379484 mse_soft=0.378432 ent_in=1.8906 ent_out=1.6180 rowmax_in=0.3682 rowmax_out=0.5076 discrete_mse=305.317047 best_discrete=80.698082 hash=False elapsed=11.7s
step   150/700 tau=0.4736 loss=0.338279 mse_soft=0.337465 ent_in=1.6325 ent_out=1.0781 rowmax_in=0.4152 rowmax_out=0.6453 discrete_mse=3223.596680 best_discrete=80.698082 hash=False elapsed=13.8s
step   175/700 tau=0.4177 loss=0.318516 mse_soft=0.317860 ent_in=1.4627 ent_out=0.7214 rowmax_in=0.4508 rowmax_out=0.7465 discrete_mse=141.511902 best_discrete=80.698082 hash=False elapsed=16.0s
step   200/700 tau=0.3685 loss=0.308153 mse_soft=0.307573 ent_in=1.3650 ent_out=0.5687 rowmax_in=0.4688 rowmax_out=0.7865 discrete_mse=804.477173 best_discrete=80.698082 hash=False elapsed=18.3s
step   225/700 tau=0.3251 loss=0.303298 mse_soft=0.302758 ent_in=1.2912 ent_out=0.5067 rowmax_in=0.4895 rowmax_out=0.7977 discrete_mse=804.477173 best_discrete=80.698082 hash=False elapsed=20.6s
step   250/700 tau=0.2868 loss=0.299338 mse_soft=0.298822 ent_in=1.2616 ent_out=0.4594 rowmax_in=0.4938 rowmax_out=0.8057 discrete_mse=804.477173 best_discrete=80.698082 hash=False elapsed=22.7s
step   275/700 tau=0.2530 loss=0.295919 mse_soft=0.295416 ent_in=1.2522 ent_out=0.4271 rowmax_in=0.4963 rowmax_out=0.8131 discrete_mse=804.477173 best_discrete=80.698082 hash=False elapsed=25.0s
step   300/700 tau=0.2231 loss=0.294442 mse_soft=0.293945 ent_in=1.2524 ent_out=0.4028 rowmax_in=0.4922 rowmax_out=0.8166 discrete_mse=218.030594 best_discrete=80.698082 hash=False elapsed=27.6s
step   325/700 tau=0.1968 loss=0.296217 mse_soft=0.295728 ent_in=1.2485 ent_out=0.3821 rowmax_in=0.4892 rowmax_out=0.8226 discrete_mse=199.145096 best_discrete=80.698082 hash=False elapsed=29.8s
step   350/700 tau=0.1736 loss=0.291787 mse_soft=0.291302 ent_in=1.2333 ent_out=0.3817 rowmax_in=0.4905 rowmax_out=0.8205 discrete_mse=145.049408 best_discrete=80.698082 hash=False elapsed=32.1s
step   375/700 tau=0.1532 loss=0.290255 mse_soft=0.289778 ent_in=1.2071 ent_out=0.3811 rowmax_in=0.4986 rowmax_out=0.8198 discrete_mse=199.145096 best_discrete=80.698082 hash=False elapsed=34.5s
step   400/700 tau=0.1351 loss=0.289199 mse_soft=0.288727 ent_in=1.1914 ent_out=0.3802 rowmax_in=0.5000 rowmax_out=0.8216 discrete_mse=175.101974 best_discrete=80.698082 hash=False elapsed=36.8s
step   425/700 tau=0.1192 loss=0.290904 mse_soft=0.290436 ent_in=1.1748 ent_out=0.3859 rowmax_in=0.5010 rowmax_out=0.8231 discrete_mse=156.451477 best_discrete=80.698082 hash=False elapsed=38.9s
step   450/700 tau=0.1051 loss=0.291364 mse_soft=0.290897 ent_in=1.1647 ent_out=0.3910 rowmax_in=0.5034 rowmax_out=0.8155 discrete_mse=236.461288 best_discrete=80.698082 hash=False elapsed=41.1s
step   475/700 tau=0.0928 loss=0.301003 mse_soft=0.300540 ent_in=1.1554 ent_out=0.3885 rowmax_in=0.5060 rowmax_out=0.8149 discrete_mse=29.431515 best_discrete=29.431515 hash=False elapsed=43.6s
step   500/700 tau=0.0818 loss=0.287637 mse_soft=0.287180 ent_in=1.1405 ent_out=0.3852 rowmax_in=0.5075 rowmax_out=0.8189 discrete_mse=196.078949 best_discrete=29.431515 hash=False elapsed=45.9s
step   525/700 tau=0.0722 loss=0.293625 mse_soft=0.293174 ent_in=1.1383 ent_out=0.3655 rowmax_in=0.5047 rowmax_out=0.8272 discrete_mse=20.620472 best_discrete=20.620472 hash=False elapsed=48.1s
step   550/700 tau=0.0637 loss=0.301810 mse_soft=0.301367 ent_in=1.1250 ent_out=0.3499 rowmax_in=0.5133 rowmax_out=0.8304 discrete_mse=313.030304 best_discrete=20.620472 hash=False elapsed=50.1s
step   575/700 tau=0.0562 loss=0.307560 mse_soft=0.307126 ent_in=1.1172 ent_out=0.3290 rowmax_in=0.5127 rowmax_out=0.8423 discrete_mse=401.699249 best_discrete=20.620472 hash=False elapsed=52.4s
step   600/700 tau=0.0495 loss=0.286156 mse_soft=0.285732 ent_in=1.0857 ent_out=0.3284 rowmax_in=0.5243 rowmax_out=0.8392 discrete_mse=114.677711 best_discrete=20.620472 hash=False elapsed=54.7s
step   625/700 tau=0.0437 loss=0.299798 mse_soft=0.299380 ent_in=1.0644 ent_out=0.3284 rowmax_in=0.5304 rowmax_out=0.8396 discrete_mse=260.542877 best_discrete=20.620472 hash=False elapsed=56.9s
step   650/700 tau=0.0386 loss=0.326361 mse_soft=0.325980 ent_in=0.9738 ent_out=0.2960 rowmax_in=0.5668 rowmax_out=0.8490 discrete_mse=239.367249 best_discrete=20.620472 hash=False elapsed=59.3s
step   675/700 tau=0.0340 loss=0.432054 mse_soft=0.431820 ent_in=0.6050 ent_out=0.1759 rowmax_in=0.7299 rowmax_out=0.9119 discrete_mse=2.585499 best_discrete=2.585499 hash=False elapsed=61.7s
step   700/700 tau=0.0300 loss=0.455294 mse_soft=0.455121 ent_in=0.4132 ent_out=0.1633 rowmax_in=0.8081 rowmax_out=0.9169 discrete_mse=94.988609 best_discrete=2.585499 hash=False elapsed=63.9s

Final metrics:
  soft_mse_full=0.447334
  rowmax_in_mean=0.8108
  rowmax_out_mean=0.9161
  ent_in_mean=0.4032
  ent_out_mean=0.1648
  final_discrete_mse=108.190926
  hash_match=False
  best_discrete_mse_seen=2.585499
Saved results to overnight_b164_j3.json
