Using device: cuda
Train rows: 4096 / Full rows: 10000, steps=900, lr=0.03
step     1/900 tau=1.0000 loss=1.071689 mse_soft=1.069367 ent_in=3.8712 ent_out=3.8712 rowmax_in=0.0213 rowmax_out=0.0213 discrete_mse=109.303612 best_discrete=109.303612 hash=False elapsed=0.5s
step    25/900 tau=0.9106 loss=0.869085 mse_soft=0.866895 ent_in=3.6335 ent_out=3.6660 rowmax_in=0.0449 rowmax_out=0.0441 discrete_mse=2765.037354 best_discrete=109.303612 hash=False elapsed=2.5s
step    50/900 tau=0.8260 loss=0.656057 mse_soft=0.654149 ent_in=3.1331 ent_out=3.2243 rowmax_in=0.0912 rowmax_out=0.0864 discrete_mse=37.811378 best_discrete=37.811378 hash=False elapsed=4.6s
step    75/900 tau=0.7493 loss=0.507217 mse_soft=0.505644 ent_in=2.5864 ent_out=2.6546 rowmax_in=0.2122 rowmax_out=0.2120 discrete_mse=351.455688 best_discrete=37.811378 hash=False elapsed=6.8s
step   100/900 tau=0.6797 loss=0.405458 mse_soft=0.404287 ent_in=2.0318 ent_out=1.8697 rowmax_in=0.3320 rowmax_out=0.4007 discrete_mse=977.853394 best_discrete=37.811378 hash=False elapsed=8.9s
step   125/900 tau=0.6165 loss=0.342254 mse_soft=0.341413 ent_in=1.5909 ent_out=1.2130 rowmax_in=0.4396 rowmax_out=0.5972 discrete_mse=706.263977 best_discrete=37.811378 hash=False elapsed=11.2s
step   150/900 tau=0.5592 loss=0.317394 mse_soft=0.316709 ent_in=1.4248 ent_out=0.8557 rowmax_in=0.4735 rowmax_out=0.7008 discrete_mse=267.004150 best_discrete=37.811378 hash=False elapsed=13.3s
step   175/900 tau=0.5073 loss=0.302312 mse_soft=0.301725 ent_in=1.3081 ent_out=0.6489 rowmax_in=0.4973 rowmax_out=0.7653 discrete_mse=64.734215 best_discrete=37.811378 hash=False elapsed=15.5s
step   200/900 tau=0.4602 loss=0.293344 mse_soft=0.292813 ent_in=1.2559 ent_out=0.5150 rowmax_in=0.5002 rowmax_out=0.8035 discrete_mse=130.557541 best_discrete=37.811378 hash=False elapsed=17.5s
step   225/900 tau=0.4174 loss=0.288082 mse_soft=0.287587 ent_in=1.2189 ent_out=0.4288 rowmax_in=0.4993 rowmax_out=0.8289 discrete_mse=63.400455 best_discrete=37.811378 hash=False elapsed=19.4s
step   250/900 tau=0.3786 loss=0.285045 mse_soft=0.284573 ent_in=1.1896 ent_out=0.3831 rowmax_in=0.5039 rowmax_out=0.8407 discrete_mse=117.505051 best_discrete=37.811378 hash=False elapsed=21.4s
step   275/900 tau=0.3434 loss=0.283640 mse_soft=0.283183 ent_in=1.1554 ent_out=0.3685 rowmax_in=0.5146 rowmax_out=0.8431 discrete_mse=61.282219 best_discrete=37.811378 hash=False elapsed=23.5s
step   300/900 tau=0.3115 loss=0.279487 mse_soft=0.279038 ent_in=1.1416 ent_out=0.3549 rowmax_in=0.5135 rowmax_out=0.8446 discrete_mse=33.723846 best_discrete=33.723846 hash=False elapsed=25.8s
step   325/900 tau=0.2826 loss=0.277534 mse_soft=0.277096 ent_in=1.1297 ent_out=0.3277 rowmax_in=0.5121 rowmax_out=0.8522 discrete_mse=32.836391 best_discrete=32.836391 hash=False elapsed=28.0s
step   350/900 tau=0.2563 loss=0.278712 mse_soft=0.278281 ent_in=1.1229 ent_out=0.3143 rowmax_in=0.5107 rowmax_out=0.8554 discrete_mse=36.929630 best_discrete=32.836391 hash=False elapsed=30.1s
step   375/900 tau=0.2325 loss=0.276001 mse_soft=0.275572 ent_in=1.1230 ent_out=0.3067 rowmax_in=0.5117 rowmax_out=0.8570 discrete_mse=36.929630 best_discrete=32.836391 hash=False elapsed=32.3s
step   400/900 tau=0.2109 loss=0.278651 mse_soft=0.278226 ent_in=1.1142 ent_out=0.3035 rowmax_in=0.5154 rowmax_out=0.8571 discrete_mse=25.702646 best_discrete=25.702646 hash=False elapsed=34.5s
step   425/900 tau=0.1913 loss=0.278824 mse_soft=0.278400 ent_in=1.1109 ent_out=0.3010 rowmax_in=0.5149 rowmax_out=0.8575 discrete_mse=25.702646 best_discrete=25.702646 hash=False elapsed=36.7s
step   450/900 tau=0.1735 loss=0.276654 mse_soft=0.276233 ent_in=1.1058 ent_out=0.2973 rowmax_in=0.5171 rowmax_out=0.8575 discrete_mse=32.836391 best_discrete=25.702646 hash=False elapsed=38.9s
step   475/900 tau=0.1574 loss=0.277764 mse_soft=0.277344 ent_in=1.1072 ent_out=0.2942 rowmax_in=0.5160 rowmax_out=0.8591 discrete_mse=18.818987 best_discrete=18.818987 hash=False elapsed=41.1s
step   500/900 tau=0.1428 loss=0.277134 mse_soft=0.276716 ent_in=1.0954 ent_out=0.2958 rowmax_in=0.5207 rowmax_out=0.8592 discrete_mse=19.377571 best_discrete=18.818987 hash=False elapsed=43.2s
step   525/900 tau=0.1295 loss=0.279357 mse_soft=0.278940 ent_in=1.0959 ent_out=0.2949 rowmax_in=0.5210 rowmax_out=0.8600 discrete_mse=19.377571 best_discrete=18.818987 hash=False elapsed=45.1s
step   550/900 tau=0.1175 loss=0.277256 mse_soft=0.276837 ent_in=1.0967 ent_out=0.2992 rowmax_in=0.5204 rowmax_out=0.8553 discrete_mse=19.377571 best_discrete=18.818987 hash=False elapsed=47.4s
step   575/900 tau=0.1066 loss=0.282320 mse_soft=0.281902 ent_in=1.0915 ent_out=0.3035 rowmax_in=0.5212 rowmax_out=0.8531 discrete_mse=19.474737 best_discrete=18.818987 hash=False elapsed=49.5s
step   600/900 tau=0.0967 loss=0.280163 mse_soft=0.279747 ent_in=1.0795 ent_out=0.3050 rowmax_in=0.5274 rowmax_out=0.8528 discrete_mse=36.604355 best_discrete=18.818987 hash=False elapsed=51.7s
step   625/900 tau=0.0877 loss=0.279559 mse_soft=0.279147 ent_in=1.0683 ent_out=0.3067 rowmax_in=0.5327 rowmax_out=0.8487 discrete_mse=14.696239 best_discrete=14.696239 hash=False elapsed=53.8s
step   650/900 tau=0.0795 loss=0.293525 mse_soft=0.293123 ent_in=1.0426 ent_out=0.2967 rowmax_in=0.5402 rowmax_out=0.8510 discrete_mse=34.186592 best_discrete=14.696239 hash=False elapsed=56.0s
step   675/900 tau=0.0722 loss=0.287704 mse_soft=0.287307 ent_in=1.0201 ent_out=0.3029 rowmax_in=0.5486 rowmax_out=0.8492 discrete_mse=55.758022 best_discrete=14.696239 hash=False elapsed=58.5s
step   700/900 tau=0.0655 loss=0.294845 mse_soft=0.294468 ent_in=0.9683 ent_out=0.2884 rowmax_in=0.5726 rowmax_out=0.8583 discrete_mse=116.064995 best_discrete=14.696239 hash=False elapsed=60.7s
step   725/900 tau=0.0594 loss=0.298944 mse_soft=0.298606 ent_in=0.8799 ent_out=0.2453 rowmax_in=0.6079 rowmax_out=0.8731 discrete_mse=105.209808 best_discrete=14.696239 hash=False elapsed=63.0s
step   750/900 tau=0.0539 loss=0.287737 mse_soft=0.287404 ent_in=0.8638 ent_out=0.2461 rowmax_in=0.6134 rowmax_out=0.8706 discrete_mse=91.493500 best_discrete=14.696239 hash=False elapsed=65.2s
step   775/900 tau=0.0489 loss=0.298370 mse_soft=0.298030 ent_in=0.8773 ent_out=0.2552 rowmax_in=0.6030 rowmax_out=0.8619 discrete_mse=102.950630 best_discrete=14.696239 hash=False elapsed=67.6s
step   800/900 tau=0.0443 loss=0.296706 mse_soft=0.296370 ent_in=0.8597 ent_out=0.2606 rowmax_in=0.6153 rowmax_out=0.8529 discrete_mse=101.937057 best_discrete=14.696239 hash=False elapsed=70.0s
step   825/900 tau=0.0402 loss=0.579565 mse_soft=0.579419 ent_in=0.3383 ent_out=0.1474 rowmax_in=0.8441 rowmax_out=0.9328 discrete_mse=121.239586 best_discrete=14.696239 hash=False elapsed=72.2s
step   850/900 tau=0.0365 loss=0.454313 mse_soft=0.454171 ent_in=0.3399 ent_out=0.1337 rowmax_in=0.8185 rowmax_out=0.9380 discrete_mse=31.592617 best_discrete=14.696239 hash=False elapsed=74.5s
step   875/900 tau=0.0331 loss=0.429607 mse_soft=0.429467 ent_in=0.3219 ent_out=0.1446 rowmax_in=0.8306 rowmax_out=0.9281 discrete_mse=11.292308 best_discrete=11.292308 hash=False elapsed=76.9s
step   900/900 tau=0.0300 loss=0.423798 mse_soft=0.423653 ent_in=0.3425 ent_out=0.1410 rowmax_in=0.8190 rowmax_out=0.9313 discrete_mse=11.421429 best_discrete=11.292308 hash=False elapsed=78.9s

Final metrics:
  soft_mse_full=0.428444
  rowmax_in_mean=0.8182
  rowmax_out_mean=0.9317
  ent_in_mean=0.3429
  ent_out_mean=0.1406
  final_discrete_mse=11.421429
  hash_match=False
  best_discrete_mse_seen=11.292308
Saved results to overnight_b144_j1.json
