Using device: cuda
Train rows: 4096 / Full rows: 10000, steps=900, lr=0.03
step     1/900 tau=1.0000 loss=1.092424 mse_soft=1.090102 ent_in=3.8712 ent_out=3.8712 rowmax_in=0.0213 rowmax_out=0.0213 discrete_mse=22.214706 best_discrete=22.214706 hash=False elapsed=0.6s
step    25/900 tau=0.9106 loss=0.879311 mse_soft=0.877121 ent_in=3.6310 ent_out=3.6679 rowmax_in=0.0452 rowmax_out=0.0444 discrete_mse=6872.799805 best_discrete=22.214706 hash=False elapsed=2.6s
step    50/900 tau=0.8260 loss=0.657350 mse_soft=0.655446 ent_in=3.1270 ent_out=3.2203 rowmax_in=0.0925 rowmax_out=0.0874 discrete_mse=1803.638550 best_discrete=22.214706 hash=False elapsed=4.9s
step    75/900 tau=0.7493 loss=0.526419 mse_soft=0.524826 ent_in=2.6014 ent_out=2.7086 rowmax_in=0.2010 rowmax_out=0.1939 discrete_mse=2905.494141 best_discrete=22.214706 hash=False elapsed=7.2s
step   100/900 tau=0.6797 loss=0.421608 mse_soft=0.420427 ent_in=2.0423 ent_out=1.8922 rowmax_in=0.3366 rowmax_out=0.3967 discrete_mse=944.070801 best_discrete=22.214706 hash=False elapsed=9.5s
step   125/900 tau=0.6165 loss=0.352632 mse_soft=0.351763 ent_in=1.6448 ent_out=1.2514 rowmax_in=0.4143 rowmax_out=0.5686 discrete_mse=572.705261 best_discrete=22.214706 hash=False elapsed=11.9s
step   150/900 tau=0.5592 loss=0.316247 mse_soft=0.315565 ent_in=1.4083 ent_out=0.8652 rowmax_in=0.4684 rowmax_out=0.6959 discrete_mse=195.926285 best_discrete=22.214706 hash=False elapsed=14.4s
step   175/900 tau=0.5073 loss=0.297670 mse_soft=0.297096 ent_in=1.2772 ent_out=0.6362 rowmax_in=0.4977 rowmax_out=0.7617 discrete_mse=108.135124 best_discrete=22.214706 hash=False elapsed=16.6s
step   200/900 tau=0.4602 loss=0.288904 mse_soft=0.288386 ent_in=1.2156 ent_out=0.5095 rowmax_in=0.5014 rowmax_out=0.7936 discrete_mse=158.380096 best_discrete=22.214706 hash=False elapsed=19.0s
step   225/900 tau=0.4174 loss=0.283115 mse_soft=0.282630 ent_in=1.1711 ent_out=0.4466 rowmax_in=0.5082 rowmax_out=0.7994 discrete_mse=410.147308 best_discrete=22.214706 hash=False elapsed=21.4s
step   250/900 tau=0.3786 loss=0.280104 mse_soft=0.279638 ent_in=1.1432 ent_out=0.4112 rowmax_in=0.5115 rowmax_out=0.8023 discrete_mse=848.513367 best_discrete=22.214706 hash=False elapsed=23.8s
step   275/900 tau=0.3434 loss=0.277441 mse_soft=0.276987 ent_in=1.1213 ent_out=0.3922 rowmax_in=0.5117 rowmax_out=0.8065 discrete_mse=659.346680 best_discrete=22.214706 hash=False elapsed=26.1s
step   300/900 tau=0.3115 loss=0.276329 mse_soft=0.275881 ent_in=1.1094 ent_out=0.3859 rowmax_in=0.5124 rowmax_out=0.8100 discrete_mse=659.346680 best_discrete=22.214706 hash=False elapsed=28.3s
step   325/900 tau=0.2826 loss=0.273464 mse_soft=0.273020 ent_in=1.0948 ent_out=0.3846 rowmax_in=0.5165 rowmax_out=0.8103 discrete_mse=659.346680 best_discrete=22.214706 hash=False elapsed=30.5s
step   350/900 tau=0.2563 loss=0.275496 mse_soft=0.275057 ent_in=1.0847 ent_out=0.3776 rowmax_in=0.5154 rowmax_out=0.8159 discrete_mse=722.743958 best_discrete=22.214706 hash=False elapsed=33.0s
step   375/900 tau=0.2325 loss=0.271680 mse_soft=0.271244 ent_in=1.0770 ent_out=0.3743 rowmax_in=0.5153 rowmax_out=0.8173 discrete_mse=416.685303 best_discrete=22.214706 hash=False elapsed=35.3s
step   400/900 tau=0.2109 loss=0.273003 mse_soft=0.272569 ent_in=1.0720 ent_out=0.3752 rowmax_in=0.5153 rowmax_out=0.8135 discrete_mse=416.685303 best_discrete=22.214706 hash=False elapsed=37.6s
step   425/900 tau=0.1913 loss=0.270962 mse_soft=0.270528 ent_in=1.0730 ent_out=0.3732 rowmax_in=0.5155 rowmax_out=0.8165 discrete_mse=416.685303 best_discrete=22.214706 hash=False elapsed=39.8s
step   450/900 tau=0.1735 loss=0.273037 mse_soft=0.272608 ent_in=1.0666 ent_out=0.3638 rowmax_in=0.5163 rowmax_out=0.8210 discrete_mse=416.685303 best_discrete=22.214706 hash=False elapsed=42.1s
step   475/900 tau=0.1574 loss=0.270732 mse_soft=0.270302 ent_in=1.0645 ent_out=0.3665 rowmax_in=0.5175 rowmax_out=0.8179 discrete_mse=332.456970 best_discrete=22.214706 hash=False elapsed=44.5s
step   500/900 tau=0.1428 loss=0.275436 mse_soft=0.275007 ent_in=1.0612 ent_out=0.3695 rowmax_in=0.5190 rowmax_out=0.8141 discrete_mse=332.456970 best_discrete=22.214706 hash=False elapsed=46.8s
step   525/900 tau=0.1295 loss=0.272686 mse_soft=0.272258 ent_in=1.0598 ent_out=0.3688 rowmax_in=0.5181 rowmax_out=0.8147 discrete_mse=351.455780 best_discrete=22.214706 hash=False elapsed=49.2s
step   550/900 tau=0.1175 loss=0.338565 mse_soft=0.338147 ent_in=1.0465 ent_out=0.3477 rowmax_in=0.5209 rowmax_out=0.8278 discrete_mse=45.079651 best_discrete=22.214706 hash=False elapsed=51.7s
step   575/900 tau=0.1066 loss=0.284123 mse_soft=0.283729 ent_in=0.9885 ent_out=0.3259 rowmax_in=0.5496 rowmax_out=0.8302 discrete_mse=339.247498 best_discrete=22.214706 hash=False elapsed=54.0s
step   600/900 tau=0.0967 loss=0.276482 mse_soft=0.276092 ent_in=0.9711 ent_out=0.3298 rowmax_in=0.5524 rowmax_out=0.8346 discrete_mse=65.953918 best_discrete=22.214706 hash=False elapsed=56.0s
step   625/900 tau=0.0877 loss=0.278231 mse_soft=0.277839 ent_in=0.9724 ent_out=0.3344 rowmax_in=0.5510 rowmax_out=0.8300 discrete_mse=54.938488 best_discrete=22.214706 hash=False elapsed=58.1s
step   650/900 tau=0.0795 loss=0.279802 mse_soft=0.279410 ent_in=0.9705 ent_out=0.3355 rowmax_in=0.5496 rowmax_out=0.8310 discrete_mse=98.416985 best_discrete=22.214706 hash=False elapsed=60.2s
step   675/900 tau=0.0722 loss=0.277926 mse_soft=0.277541 ent_in=0.9603 ent_out=0.3228 rowmax_in=0.5572 rowmax_out=0.8399 discrete_mse=63.978722 best_discrete=22.214706 hash=False elapsed=62.2s
step   700/900 tau=0.0655 loss=0.297271 mse_soft=0.296925 ent_in=0.8595 ent_out=0.2953 rowmax_in=0.5976 rowmax_out=0.8352 discrete_mse=20.217728 best_discrete=20.217728 hash=False elapsed=64.2s
step   725/900 tau=0.0594 loss=0.337210 mse_soft=0.336879 ent_in=0.8098 ent_out=0.2932 rowmax_in=0.6085 rowmax_out=0.8355 discrete_mse=225.754791 best_discrete=20.217728 hash=False elapsed=66.4s
step   750/900 tau=0.0539 loss=0.320220 mse_soft=0.319945 ent_in=0.6936 ent_out=0.2250 rowmax_in=0.6542 rowmax_out=0.8785 discrete_mse=22.565651 best_discrete=20.217728 hash=False elapsed=68.4s
step   775/900 tau=0.0489 loss=0.368106 mse_soft=0.367877 ent_in=0.5409 ent_out=0.2205 rowmax_in=0.7507 rowmax_out=0.8781 discrete_mse=25.554148 best_discrete=20.217728 hash=False elapsed=70.6s
step   800/900 tau=0.0443 loss=0.329808 mse_soft=0.329567 ent_in=0.5767 ent_out=0.2276 rowmax_in=0.7114 rowmax_out=0.8679 discrete_mse=49.821117 best_discrete=20.217728 hash=False elapsed=72.7s
step   825/900 tau=0.0402 loss=0.363588 mse_soft=0.363373 ent_in=0.5011 ent_out=0.2170 rowmax_in=0.7449 rowmax_out=0.8821 discrete_mse=5.138007 best_discrete=5.138007 hash=False elapsed=74.9s
step   850/900 tau=0.0365 loss=0.340313 mse_soft=0.340086 ent_in=0.5164 ent_out=0.2387 rowmax_in=0.7226 rowmax_out=0.8688 discrete_mse=36.724506 best_discrete=5.138007 hash=False elapsed=77.0s
step   875/900 tau=0.0331 loss=0.399614 mse_soft=0.399432 ent_in=0.3950 ent_out=0.2121 rowmax_in=0.8104 rowmax_out=0.8829 discrete_mse=0.732989 best_discrete=0.732989 hash=False elapsed=79.1s
step   900/900 tau=0.0300 loss=0.443850 mse_soft=0.443712 ent_in=0.2803 ent_out=0.1781 rowmax_in=0.8666 rowmax_out=0.8965 discrete_mse=5.766297 best_discrete=0.732989 hash=False elapsed=81.1s

Final metrics:
  soft_mse_full=0.436821
  rowmax_in_mean=0.8653
  rowmax_out_mean=0.9035
  ent_in_mean=0.2797
  ent_out_mean=0.1757
  final_discrete_mse=14.215221
  hash_match=False
  best_discrete_mse_seen=0.732989
Saved results to overnight_b141_j1.json
