Using device: cuda
Train rows: 10000 / Full rows: 10000, steps=700, lr=0.015
step     1/700 tau=1.0000 loss=1.064144 mse_soft=1.063370 ent_in=3.8712 ent_out=3.8712 rowmax_in=0.0213 rowmax_out=0.0213 discrete_mse=36.713737 best_discrete=36.713737 hash=False elapsed=0.5s
step    25/700 tau=0.8810 loss=0.971757 mse_soft=0.970997 ent_in=3.7932 ent_out=3.8052 rowmax_in=0.0331 rowmax_out=0.0324 discrete_mse=775.105347 best_discrete=36.713737 hash=False elapsed=2.8s
step    50/700 tau=0.7721 loss=0.787510 mse_soft=0.786802 ent_in=3.5164 ent_out=3.5669 rowmax_in=0.0560 rowmax_out=0.0547 discrete_mse=1841.641113 best_discrete=36.713737 hash=False elapsed=5.5s
step    75/700 tau=0.6767 loss=0.643972 mse_soft=0.643335 ent_in=3.1343 ent_out=3.2289 rowmax_in=0.0942 rowmax_out=0.0930 discrete_mse=5630.283691 best_discrete=36.713737 hash=False elapsed=8.1s
step   100/700 tau=0.5931 loss=0.527570 mse_soft=0.527018 ent_in=2.7207 ent_out=2.7994 rowmax_in=0.1805 rowmax_out=0.1718 discrete_mse=3319.530762 best_discrete=36.713737 hash=False elapsed=10.7s
step   125/700 tau=0.5198 loss=0.429501 mse_soft=0.429069 ent_in=2.1642 ent_out=2.1562 rowmax_in=0.3137 rowmax_out=0.3230 discrete_mse=1295.511353 best_discrete=36.713737 hash=False elapsed=13.2s
step   150/700 tau=0.4555 loss=0.366651 mse_soft=0.366326 ent_in=1.7264 ent_out=1.5187 rowmax_in=0.4150 rowmax_out=0.5036 discrete_mse=154.759277 best_discrete=36.713737 hash=False elapsed=15.8s
step   175/700 tau=0.3992 loss=0.333530 mse_soft=0.333274 ent_in=1.4635 ent_out=1.1007 rowmax_in=0.4802 rowmax_out=0.6259 discrete_mse=194.904785 best_discrete=36.713737 hash=False elapsed=18.4s
step   200/700 tau=0.3499 loss=0.310945 mse_soft=0.310735 ent_in=1.2796 ent_out=0.8189 rowmax_in=0.5159 rowmax_out=0.6846 discrete_mse=81.600899 best_discrete=36.713737 hash=False elapsed=20.9s
step   225/700 tau=0.3066 loss=0.300141 mse_soft=0.299952 ent_in=1.1694 ent_out=0.7153 rowmax_in=0.5384 rowmax_out=0.7035 discrete_mse=92.494476 best_discrete=36.713737 hash=False elapsed=23.4s
step   250/700 tau=0.2687 loss=0.294152 mse_soft=0.293978 ent_in=1.1092 ent_out=0.6275 rowmax_in=0.5509 rowmax_out=0.7341 discrete_mse=49.357143 best_discrete=36.713737 hash=False elapsed=26.1s
step   275/700 tau=0.2355 loss=0.291690 mse_soft=0.291527 ent_in=1.0718 ent_out=0.5544 rowmax_in=0.5555 rowmax_out=0.7588 discrete_mse=102.785583 best_discrete=36.713737 hash=False elapsed=28.6s
step   300/700 tau=0.2064 loss=0.291212 mse_soft=0.291058 ent_in=1.0372 ent_out=0.5067 rowmax_in=0.5634 rowmax_out=0.7736 discrete_mse=43.850887 best_discrete=36.713737 hash=False elapsed=30.9s
step   325/700 tau=0.1809 loss=0.288543 mse_soft=0.288393 ent_in=1.0173 ent_out=0.4798 rowmax_in=0.5689 rowmax_out=0.7796 discrete_mse=43.850887 best_discrete=36.713737 hash=False elapsed=33.1s
step   350/700 tau=0.1585 loss=0.287648 mse_soft=0.287501 ent_in=1.0104 ent_out=0.4622 rowmax_in=0.5683 rowmax_out=0.7832 discrete_mse=43.850887 best_discrete=36.713737 hash=False elapsed=35.4s
step   375/700 tau=0.1389 loss=0.289264 mse_soft=0.289118 ent_in=1.0142 ent_out=0.4492 rowmax_in=0.5664 rowmax_out=0.7888 discrete_mse=102.785583 best_discrete=36.713737 hash=False elapsed=37.5s
step   400/700 tau=0.1218 loss=0.286692 mse_soft=0.286546 ent_in=1.0165 ent_out=0.4437 rowmax_in=0.5643 rowmax_out=0.7910 discrete_mse=36.963299 best_discrete=36.713737 hash=False elapsed=39.5s
step   425/700 tau=0.1067 loss=0.290888 mse_soft=0.290742 ent_in=1.0145 ent_out=0.4442 rowmax_in=0.5626 rowmax_out=0.7883 discrete_mse=35.308949 best_discrete=35.308949 hash=False elapsed=41.7s
step   450/700 tau=0.0935 loss=0.289630 mse_soft=0.289485 ent_in=1.0081 ent_out=0.4409 rowmax_in=0.5646 rowmax_out=0.7876 discrete_mse=35.308949 best_discrete=35.308949 hash=False elapsed=44.3s
step   475/700 tau=0.0820 loss=0.291337 mse_soft=0.291192 ent_in=1.0022 ent_out=0.4403 rowmax_in=0.5661 rowmax_out=0.7869 discrete_mse=36.963299 best_discrete=35.308949 hash=False elapsed=46.8s
step   500/700 tau=0.0718 loss=0.291549 mse_soft=0.291405 ent_in=1.0037 ent_out=0.4330 rowmax_in=0.5630 rowmax_out=0.7903 discrete_mse=75.950386 best_discrete=35.308949 hash=False elapsed=49.3s
step   525/700 tau=0.0630 loss=0.295627 mse_soft=0.295484 ent_in=1.0027 ent_out=0.4289 rowmax_in=0.5600 rowmax_out=0.7902 discrete_mse=11.024021 best_discrete=11.024021 hash=False elapsed=51.8s
step   550/700 tau=0.0552 loss=0.295783 mse_soft=0.295642 ent_in=0.9929 ent_out=0.4167 rowmax_in=0.5630 rowmax_out=0.7964 discrete_mse=8.018399 best_discrete=8.018399 hash=False elapsed=54.5s
step   575/700 tau=0.0484 loss=0.288321 mse_soft=0.288181 ent_in=0.9887 ent_out=0.4109 rowmax_in=0.5608 rowmax_out=0.7973 discrete_mse=28.104187 best_discrete=8.018399 hash=False elapsed=57.1s
step   600/700 tau=0.0424 loss=0.295484 mse_soft=0.295345 ent_in=0.9812 ent_out=0.4125 rowmax_in=0.5653 rowmax_out=0.7944 discrete_mse=90.861641 best_discrete=8.018399 hash=False elapsed=59.6s
step   625/700 tau=0.0371 loss=0.307607 mse_soft=0.307486 ent_in=0.8317 ent_out=0.3711 rowmax_in=0.6007 rowmax_out=0.8002 discrete_mse=13.531322 best_discrete=8.018399 hash=False elapsed=62.1s
step   650/700 tau=0.0325 loss=0.314993 mse_soft=0.314875 ent_in=0.8122 ent_out=0.3661 rowmax_in=0.6173 rowmax_out=0.8108 discrete_mse=31.322508 best_discrete=8.018399 hash=False elapsed=64.6s
step   675/700 tau=0.0285 loss=0.309024 mse_soft=0.308913 ent_in=0.7669 ent_out=0.3428 rowmax_in=0.6359 rowmax_out=0.8232 discrete_mse=73.353493 best_discrete=8.018399 hash=False elapsed=66.7s
step   700/700 tau=0.0250 loss=0.305943 mse_soft=0.305833 ent_in=0.7724 ent_out=0.3246 rowmax_in=0.6253 rowmax_out=0.8313 discrete_mse=152.353577 best_discrete=8.018399 hash=False elapsed=69.0s

Final metrics:
  soft_mse_full=0.314534
  rowmax_in_mean=0.6176
  rowmax_out_mean=0.8308
  ent_in_mean=0.7762
  ent_out_mean=0.3270
  final_discrete_mse=152.353577
  hash_match=False
  best_discrete_mse_seen=8.018399
Saved results to overnight_b225_j4.json
