Using device: cuda
Train rows: 10000 / Full rows: 10000, steps=700, lr=0.02
step     1/700 tau=1.0000 loss=1.065681 mse_soft=1.063358 ent_in=3.8712 ent_out=3.8712 rowmax_in=0.0213 rowmax_out=0.0213 discrete_mse=70.008621 best_discrete=70.008621 hash=False elapsed=0.6s
step    25/700 tau=0.8866 loss=0.935124 mse_soft=0.932873 ent_in=3.7419 ent_out=3.7625 rowmax_in=0.0371 rowmax_out=0.0361 discrete_mse=2828.610840 best_discrete=70.008621 hash=False elapsed=2.9s
step    50/700 tau=0.7821 loss=0.710301 mse_soft=0.708266 ent_in=3.3596 ent_out=3.4219 rowmax_in=0.0697 rowmax_out=0.0671 discrete_mse=1595.629517 best_discrete=70.008621 hash=False elapsed=5.4s
step    75/700 tau=0.6899 loss=0.585410 mse_soft=0.583614 ent_in=2.9353 ent_out=3.0504 rowmax_in=0.1368 rowmax_out=0.1215 discrete_mse=1758.041504 best_discrete=70.008621 hash=False elapsed=7.9s
step   100/700 tau=0.6086 loss=0.470092 mse_soft=0.468657 ent_in=2.3770 ent_out=2.4066 rowmax_in=0.2560 rowmax_out=0.2595 discrete_mse=3244.469482 best_discrete=70.008621 hash=False elapsed=10.3s
step   125/700 tau=0.5368 loss=0.386410 mse_soft=0.385352 ent_in=1.8642 ent_out=1.6604 rowmax_in=0.3741 rowmax_out=0.4585 discrete_mse=375.402985 best_discrete=70.008621 hash=False elapsed=12.6s
step   150/700 tau=0.4736 loss=0.341643 mse_soft=0.340847 ent_in=1.5407 ent_out=1.1138 rowmax_in=0.4375 rowmax_out=0.6091 discrete_mse=958.029602 best_discrete=70.008621 hash=False elapsed=15.0s
step   175/700 tau=0.4177 loss=0.319491 mse_soft=0.318854 ent_in=1.3533 ent_out=0.7698 rowmax_in=0.4707 rowmax_out=0.7080 discrete_mse=1035.613770 best_discrete=70.008621 hash=False elapsed=17.5s
step   200/700 tau=0.3685 loss=0.309495 mse_soft=0.308948 ent_in=1.2375 ent_out=0.5866 rowmax_in=0.4912 rowmax_out=0.7449 discrete_mse=388.198639 best_discrete=70.008621 hash=False elapsed=20.0s
step   225/700 tau=0.3251 loss=0.305445 mse_soft=0.304931 ent_in=1.1878 ent_out=0.5257 rowmax_in=0.4986 rowmax_out=0.7681 discrete_mse=388.198639 best_discrete=70.008621 hash=False elapsed=22.7s
step   250/700 tau=0.2868 loss=0.301576 mse_soft=0.301084 ent_in=1.1631 ent_out=0.4796 rowmax_in=0.5014 rowmax_out=0.7941 discrete_mse=387.443542 best_discrete=70.008621 hash=False elapsed=25.1s
step   275/700 tau=0.2530 loss=0.298486 mse_soft=0.298018 ent_in=1.1449 ent_out=0.4173 rowmax_in=0.5027 rowmax_out=0.8156 discrete_mse=1199.272949 best_discrete=70.008621 hash=False elapsed=27.5s
step   300/700 tau=0.2231 loss=0.295579 mse_soft=0.295132 ent_in=1.1251 ent_out=0.3635 rowmax_in=0.5044 rowmax_out=0.8403 discrete_mse=1454.292725 best_discrete=70.008621 hash=False elapsed=29.9s
step   325/700 tau=0.1968 loss=0.294826 mse_soft=0.294393 ent_in=1.1149 ent_out=0.3269 rowmax_in=0.5052 rowmax_out=0.8593 discrete_mse=1089.182129 best_discrete=70.008621 hash=False elapsed=32.4s
step   350/700 tau=0.1736 loss=0.293906 mse_soft=0.293483 ent_in=1.1080 ent_out=0.3013 rowmax_in=0.5038 rowmax_out=0.8694 discrete_mse=884.649353 best_discrete=70.008621 hash=False elapsed=34.8s
step   375/700 tau=0.1532 loss=0.293178 mse_soft=0.292762 ent_in=1.0999 ent_out=0.2868 rowmax_in=0.5031 rowmax_out=0.8750 discrete_mse=884.649353 best_discrete=70.008621 hash=False elapsed=37.2s
step   400/700 tau=0.1351 loss=0.292338 mse_soft=0.291927 ent_in=1.0941 ent_out=0.2777 rowmax_in=0.5023 rowmax_out=0.8776 discrete_mse=1089.182129 best_discrete=70.008621 hash=False elapsed=39.5s
step   425/700 tau=0.1192 loss=0.298284 mse_soft=0.297875 ent_in=1.0909 ent_out=0.2708 rowmax_in=0.5029 rowmax_out=0.8792 discrete_mse=1089.182129 best_discrete=70.008621 hash=False elapsed=41.9s
step   450/700 tau=0.1051 loss=0.294941 mse_soft=0.294536 ent_in=1.0901 ent_out=0.2621 rowmax_in=0.5023 rowmax_out=0.8825 discrete_mse=1191.807617 best_discrete=70.008621 hash=False elapsed=44.1s
step   475/700 tau=0.0928 loss=0.297869 mse_soft=0.297467 ent_in=1.0882 ent_out=0.2546 rowmax_in=0.5026 rowmax_out=0.8840 discrete_mse=1752.408325 best_discrete=70.008621 hash=False elapsed=46.3s
step   500/700 tau=0.0818 loss=0.294795 mse_soft=0.294397 ent_in=1.0787 ent_out=0.2483 rowmax_in=0.5086 rowmax_out=0.8874 discrete_mse=1435.995605 best_discrete=70.008621 hash=False elapsed=48.5s
step   525/700 tau=0.0722 loss=0.306838 mse_soft=0.306440 ent_in=1.0775 ent_out=0.2482 rowmax_in=0.5072 rowmax_out=0.8869 discrete_mse=1249.275757 best_discrete=70.008621 hash=False elapsed=50.7s
step   550/700 tau=0.0637 loss=0.302189 mse_soft=0.301797 ent_in=1.0650 ent_out=0.2425 rowmax_in=0.5179 rowmax_out=0.8867 discrete_mse=431.021576 best_discrete=70.008621 hash=False elapsed=53.0s
step   575/700 tau=0.0562 loss=0.400538 mse_soft=0.400200 ent_in=0.9513 ent_out=0.1769 rowmax_in=0.5697 rowmax_out=0.9261 discrete_mse=207.229340 best_discrete=70.008621 hash=False elapsed=55.4s
step   600/700 tau=0.0495 loss=0.366560 mse_soft=0.366286 ent_in=0.7231 ent_out=0.1915 rowmax_in=0.6553 rowmax_out=0.9054 discrete_mse=79.972763 best_discrete=70.008621 hash=False elapsed=57.7s
step   625/700 tau=0.0437 loss=0.360812 mse_soft=0.360580 ent_in=0.6272 ent_out=0.1477 rowmax_in=0.7008 rowmax_out=0.9383 discrete_mse=126.067101 best_discrete=70.008621 hash=False elapsed=60.1s
step   650/700 tau=0.0386 loss=0.341552 mse_soft=0.341313 ent_in=0.6351 ent_out=0.1618 rowmax_in=0.6889 rowmax_out=0.9140 discrete_mse=127.522499 best_discrete=70.008621 hash=False elapsed=62.2s
step   675/700 tau=0.0340 loss=0.342934 mse_soft=0.342706 ent_in=0.5978 ent_out=0.1607 rowmax_in=0.7071 rowmax_out=0.9158 discrete_mse=111.788994 best_discrete=70.008621 hash=False elapsed=64.6s
step   700/700 tau=0.0300 loss=0.348854 mse_soft=0.348622 ent_in=0.6113 ent_out=0.1610 rowmax_in=0.6967 rowmax_out=0.9160 discrete_mse=121.343445 best_discrete=70.008621 hash=False elapsed=66.7s

Final metrics:
  soft_mse_full=0.360246
  rowmax_in_mean=0.6953
  rowmax_out_mean=0.9148
  ent_in_mean=0.6105
  ent_out_mean=0.1635
  final_discrete_mse=107.503021
  hash_match=False
  best_discrete_mse_seen=70.008621
Saved results to overnight_b162_j3.json
