Using device: cuda
Train rows: 4096 / Full rows: 10000, steps=900, lr=0.03
step     1/900 tau=1.0000 loss=1.058094 mse_soft=1.055771 ent_in=3.8712 ent_out=3.8712 rowmax_in=0.0213 rowmax_out=0.0213 discrete_mse=20.135557 best_discrete=20.135557 hash=False elapsed=0.5s
step    25/900 tau=0.9090 loss=0.858056 mse_soft=0.855867 ent_in=3.6315 ent_out=3.6667 rowmax_in=0.0475 rowmax_out=0.0446 discrete_mse=3049.159912 best_discrete=20.135557 hash=False elapsed=2.8s
step    50/900 tau=0.8229 loss=0.644683 mse_soft=0.642781 ent_in=3.1203 ent_out=3.2183 rowmax_in=0.0988 rowmax_out=0.0894 discrete_mse=2456.105225 best_discrete=20.135557 hash=False elapsed=4.8s
step    75/900 tau=0.7450 loss=0.505564 mse_soft=0.503990 ent_in=2.5838 ent_out=2.6629 rowmax_in=0.2058 rowmax_out=0.1921 discrete_mse=308.520477 best_discrete=20.135557 hash=False elapsed=6.9s
step   100/900 tau=0.6745 loss=0.400434 mse_soft=0.399298 ent_in=1.9518 ent_out=1.8364 rowmax_in=0.3645 rowmax_out=0.4203 discrete_mse=502.481293 best_discrete=20.135557 hash=False elapsed=8.9s
step   125/900 tau=0.6107 loss=0.335511 mse_soft=0.334719 ent_in=1.5309 ent_out=1.1093 rowmax_in=0.4651 rowmax_out=0.6441 discrete_mse=524.432007 best_discrete=20.135557 hash=False elapsed=11.0s
step   150/900 tau=0.5529 loss=0.309112 mse_soft=0.308523 ent_in=1.3215 ent_out=0.6410 rowmax_in=0.5103 rowmax_out=0.7836 discrete_mse=335.468262 best_discrete=20.135557 hash=False elapsed=13.2s
step   175/900 tau=0.5006 loss=0.293809 mse_soft=0.293307 ent_in=1.2232 ent_out=0.4481 rowmax_in=0.5149 rowmax_out=0.8300 discrete_mse=529.508301 best_discrete=20.135557 hash=False elapsed=15.4s
step   200/900 tau=0.4532 loss=0.288097 mse_soft=0.287626 ent_in=1.1758 ent_out=0.3944 rowmax_in=0.5201 rowmax_out=0.8386 discrete_mse=529.508301 best_discrete=20.135557 hash=False elapsed=17.6s
step   225/900 tau=0.4103 loss=0.286077 mse_soft=0.285619 ent_in=1.1522 ent_out=0.3728 rowmax_in=0.5213 rowmax_out=0.8403 discrete_mse=391.048950 best_discrete=20.135557 hash=False elapsed=19.8s
step   250/900 tau=0.3715 loss=0.283056 mse_soft=0.282608 ent_in=1.1390 ent_out=0.3538 rowmax_in=0.5220 rowmax_out=0.8447 discrete_mse=354.663025 best_discrete=20.135557 hash=False elapsed=21.8s
step   275/900 tau=0.3363 loss=0.280697 mse_soft=0.280265 ent_in=1.1102 ent_out=0.3315 rowmax_in=0.5267 rowmax_out=0.8514 discrete_mse=297.539062 best_discrete=20.135557 hash=False elapsed=24.0s
step   300/900 tau=0.3045 loss=0.279720 mse_soft=0.279294 ent_in=1.1008 ent_out=0.3188 rowmax_in=0.5268 rowmax_out=0.8540 discrete_mse=389.715698 best_discrete=20.135557 hash=False elapsed=26.5s
step   325/900 tau=0.2756 loss=0.278955 mse_soft=0.278530 ent_in=1.1028 ent_out=0.3116 rowmax_in=0.5248 rowmax_out=0.8572 discrete_mse=389.715698 best_discrete=20.135557 hash=False elapsed=28.6s
step   350/900 tau=0.2496 loss=0.279386 mse_soft=0.278964 ent_in=1.1039 ent_out=0.3028 rowmax_in=0.5241 rowmax_out=0.8614 discrete_mse=389.715698 best_discrete=20.135557 hash=False elapsed=30.6s
step   375/900 tau=0.2259 loss=0.278335 mse_soft=0.277917 ent_in=1.0997 ent_out=0.2950 rowmax_in=0.5256 rowmax_out=0.8647 discrete_mse=389.715698 best_discrete=20.135557 hash=False elapsed=32.8s
step   400/900 tau=0.2046 loss=0.280148 mse_soft=0.279729 ent_in=1.1024 ent_out=0.2939 rowmax_in=0.5248 rowmax_out=0.8638 discrete_mse=389.715698 best_discrete=20.135557 hash=False elapsed=35.0s
step   425/900 tau=0.1852 loss=0.277921 mse_soft=0.277504 ent_in=1.1010 ent_out=0.2921 rowmax_in=0.5243 rowmax_out=0.8648 discrete_mse=389.715698 best_discrete=20.135557 hash=False elapsed=37.2s
step   450/900 tau=0.1677 loss=0.280866 mse_soft=0.280450 ent_in=1.0962 ent_out=0.2907 rowmax_in=0.5262 rowmax_out=0.8657 discrete_mse=389.715698 best_discrete=20.135557 hash=False elapsed=39.4s
step   475/900 tau=0.1518 loss=0.279502 mse_soft=0.279086 ent_in=1.0961 ent_out=0.2923 rowmax_in=0.5247 rowmax_out=0.8646 discrete_mse=389.715698 best_discrete=20.135557 hash=False elapsed=41.7s
step   500/900 tau=0.1374 loss=0.278450 mse_soft=0.278035 ent_in=1.0925 ent_out=0.2929 rowmax_in=0.5279 rowmax_out=0.8645 discrete_mse=389.715698 best_discrete=20.135557 hash=False elapsed=43.8s
step   525/900 tau=0.1244 loss=0.279359 mse_soft=0.278944 ent_in=1.0954 ent_out=0.2881 rowmax_in=0.5226 rowmax_out=0.8701 discrete_mse=283.733307 best_discrete=20.135557 hash=False elapsed=46.0s
step   550/900 tau=0.1126 loss=0.283665 mse_soft=0.283250 ent_in=1.0908 ent_out=0.2913 rowmax_in=0.5241 rowmax_out=0.8663 discrete_mse=283.733307 best_discrete=20.135557 hash=False elapsed=47.7s
step   575/900 tau=0.1020 loss=0.281987 mse_soft=0.281575 ent_in=1.0819 ent_out=0.2915 rowmax_in=0.5317 rowmax_out=0.8686 discrete_mse=389.715698 best_discrete=20.135557 hash=False elapsed=49.6s
step   600/900 tau=0.0923 loss=0.282549 mse_soft=0.282138 ent_in=1.0801 ent_out=0.2917 rowmax_in=0.5342 rowmax_out=0.8662 discrete_mse=389.715698 best_discrete=20.135557 hash=False elapsed=51.6s
step   625/900 tau=0.0836 loss=0.288812 mse_soft=0.288401 ent_in=1.0813 ent_out=0.2887 rowmax_in=0.5283 rowmax_out=0.8687 discrete_mse=283.733307 best_discrete=20.135557 hash=False elapsed=53.8s
step   650/900 tau=0.0757 loss=0.288322 mse_soft=0.287922 ent_in=1.0457 ent_out=0.2863 rowmax_in=0.5422 rowmax_out=0.8651 discrete_mse=204.795624 best_discrete=20.135557 hash=False elapsed=56.2s
step   675/900 tau=0.0685 loss=0.356250 mse_soft=0.356010 ent_in=0.6127 ent_out=0.1862 rowmax_in=0.7211 rowmax_out=0.9159 discrete_mse=1.860913 best_discrete=1.860913 hash=False elapsed=58.1s
step   700/900 tau=0.0620 loss=0.337680 mse_soft=0.337452 ent_in=0.6008 ent_out=0.1609 rowmax_in=0.7147 rowmax_out=0.9313 discrete_mse=0.877182 best_discrete=0.877182 hash=False elapsed=60.1s
step   725/900 tau=0.0562 loss=0.335023 mse_soft=0.334787 ent_in=0.6284 ent_out=0.1590 rowmax_in=0.7018 rowmax_out=0.9325 discrete_mse=0.877182 best_discrete=0.877182 hash=False elapsed=62.1s
step   750/900 tau=0.0508 loss=0.337583 mse_soft=0.337350 ent_in=0.6322 ent_out=0.1475 rowmax_in=0.6998 rowmax_out=0.9378 discrete_mse=15.370566 best_discrete=0.877182 hash=False elapsed=64.2s
step   775/900 tau=0.0460 loss=0.330081 mse_soft=0.329842 ent_in=0.6458 ent_out=0.1519 rowmax_in=0.6880 rowmax_out=0.9328 discrete_mse=20.104418 best_discrete=0.877182 hash=False elapsed=66.2s
step   800/900 tau=0.0417 loss=0.368446 mse_soft=0.368235 ent_in=0.5413 ent_out=0.1619 rowmax_in=0.7340 rowmax_out=0.9225 discrete_mse=56.608978 best_discrete=0.877182 hash=False elapsed=68.2s
step   825/900 tau=0.0377 loss=0.334897 mse_soft=0.334678 ent_in=0.5581 ent_out=0.1711 rowmax_in=0.7170 rowmax_out=0.9149 discrete_mse=44.122711 best_discrete=0.877182 hash=False elapsed=70.1s
step   850/900 tau=0.0342 loss=0.344641 mse_soft=0.344443 ent_in=0.5156 ent_out=0.1414 rowmax_in=0.7370 rowmax_out=0.9323 discrete_mse=20.260216 best_discrete=0.877182 hash=False elapsed=72.0s
step   875/900 tau=0.0309 loss=0.333135 mse_soft=0.332941 ent_in=0.5052 ent_out=0.1422 rowmax_in=0.7382 rowmax_out=0.9326 discrete_mse=55.448788 best_discrete=0.877182 hash=False elapsed=74.1s
step   900/900 tau=0.0280 loss=0.331585 mse_soft=0.331390 ent_in=0.5089 ent_out=0.1389 rowmax_in=0.7376 rowmax_out=0.9354 discrete_mse=64.806496 best_discrete=0.877182 hash=False elapsed=76.1s

Final metrics:
  soft_mse_full=0.340155
  rowmax_in_mean=0.7372
  rowmax_out_mean=0.9357
  ent_in_mean=0.5082
  ent_out_mean=0.1386
  final_discrete_mse=71.001137
  hash_match=False
  best_discrete_mse_seen=0.877182
Saved results to overnight_b073_j2.json
