Using device: cuda
Train rows: 4096 / Full rows: 10000, steps=900, lr=0.03
step     1/900 tau=1.0000 loss=1.069932 mse_soft=1.067609 ent_in=3.8712 ent_out=3.8712 rowmax_in=0.0213 rowmax_out=0.0213 discrete_mse=81.420158 best_discrete=81.420158 hash=False elapsed=0.5s
step    25/900 tau=0.9090 loss=0.866804 mse_soft=0.864615 ent_in=3.6319 ent_out=3.6668 rowmax_in=0.0463 rowmax_out=0.0446 discrete_mse=3603.597412 best_discrete=81.420158 hash=False elapsed=3.0s
step    50/900 tau=0.8229 loss=0.651607 mse_soft=0.649704 ent_in=3.1233 ent_out=3.2204 rowmax_in=0.0933 rowmax_out=0.0890 discrete_mse=2308.323242 best_discrete=81.420158 hash=False elapsed=5.6s
step    75/900 tau=0.7450 loss=0.504957 mse_soft=0.503396 ent_in=2.5713 ent_out=2.6293 rowmax_in=0.2051 rowmax_out=0.2062 discrete_mse=897.215759 best_discrete=81.420158 hash=False elapsed=7.8s
step   100/900 tau=0.6745 loss=0.395165 mse_soft=0.394022 ent_in=1.9613 ent_out=1.8506 rowmax_in=0.3596 rowmax_out=0.4192 discrete_mse=2160.320557 best_discrete=81.420158 hash=False elapsed=10.1s
step   125/900 tau=0.6107 loss=0.337910 mse_soft=0.337076 ent_in=1.6038 ent_out=1.1763 rowmax_in=0.4384 rowmax_out=0.6114 discrete_mse=803.365662 best_discrete=81.420158 hash=False elapsed=12.5s
step   150/900 tau=0.5529 loss=0.315273 mse_soft=0.314585 ent_in=1.4265 ent_out=0.8665 rowmax_in=0.4623 rowmax_out=0.6864 discrete_mse=356.114685 best_discrete=81.420158 hash=False elapsed=15.1s
step   175/900 tau=0.5006 loss=0.305968 mse_soft=0.305356 ent_in=1.3425 ent_out=0.7003 rowmax_in=0.4707 rowmax_out=0.7152 discrete_mse=2002.309204 best_discrete=81.420158 hash=False elapsed=17.6s
step   200/900 tau=0.4532 loss=0.299550 mse_soft=0.298978 ent_in=1.3050 ent_out=0.6017 rowmax_in=0.4718 rowmax_out=0.7437 discrete_mse=479.001587 best_discrete=81.420158 hash=False elapsed=19.9s
step   225/900 tau=0.4103 loss=0.292327 mse_soft=0.291785 ent_in=1.2838 ent_out=0.5257 rowmax_in=0.4723 rowmax_out=0.7742 discrete_mse=581.412415 best_discrete=81.420158 hash=False elapsed=22.3s
step   250/900 tau=0.3715 loss=0.287459 mse_soft=0.286941 ent_in=1.2579 ent_out=0.4689 rowmax_in=0.4773 rowmax_out=0.7970 discrete_mse=317.903198 best_discrete=81.420158 hash=False elapsed=24.8s
step   275/900 tau=0.3363 loss=0.284692 mse_soft=0.284191 ent_in=1.2383 ent_out=0.4322 rowmax_in=0.4843 rowmax_out=0.8149 discrete_mse=1173.946045 best_discrete=81.420158 hash=False elapsed=27.3s
step   300/900 tau=0.3045 loss=0.281581 mse_soft=0.281094 ent_in=1.2161 ent_out=0.4081 rowmax_in=0.4882 rowmax_out=0.8247 discrete_mse=317.903198 best_discrete=81.420158 hash=False elapsed=29.6s
step   325/900 tau=0.2756 loss=0.283696 mse_soft=0.283221 ent_in=1.1984 ent_out=0.3877 rowmax_in=0.4936 rowmax_out=0.8304 discrete_mse=1157.782227 best_discrete=81.420158 hash=False elapsed=31.9s
step   350/900 tau=0.2496 loss=0.282511 mse_soft=0.282042 ent_in=1.1909 ent_out=0.3722 rowmax_in=0.4951 rowmax_out=0.8356 discrete_mse=208.812302 best_discrete=81.420158 hash=False elapsed=34.3s
step   375/900 tau=0.2259 loss=0.282069 mse_soft=0.281606 ent_in=1.1800 ent_out=0.3614 rowmax_in=0.4970 rowmax_out=0.8400 discrete_mse=1940.453979 best_discrete=81.420158 hash=False elapsed=36.8s
step   400/900 tau=0.2046 loss=0.281965 mse_soft=0.281509 ent_in=1.1751 ent_out=0.3454 rowmax_in=0.4967 rowmax_out=0.8454 discrete_mse=1179.042725 best_discrete=81.420158 hash=False elapsed=39.0s
step   425/900 tau=0.1852 loss=0.278746 mse_soft=0.278294 ent_in=1.1701 ent_out=0.3380 rowmax_in=0.4967 rowmax_out=0.8457 discrete_mse=1179.042725 best_discrete=81.420158 hash=False elapsed=41.4s
step   450/900 tau=0.1677 loss=0.275838 mse_soft=0.275390 ent_in=1.1629 ent_out=0.3294 rowmax_in=0.4979 rowmax_out=0.8484 discrete_mse=1207.869507 best_discrete=81.420158 hash=False elapsed=43.9s
step   475/900 tau=0.1518 loss=0.278408 mse_soft=0.277968 ent_in=1.1526 ent_out=0.3152 rowmax_in=0.4988 rowmax_out=0.8526 discrete_mse=1207.869507 best_discrete=81.420158 hash=False elapsed=46.4s
step   500/900 tau=0.1374 loss=0.287230 mse_soft=0.286793 ent_in=1.1459 ent_out=0.3102 rowmax_in=0.4988 rowmax_out=0.8524 discrete_mse=950.465759 best_discrete=81.420158 hash=False elapsed=48.7s
step   525/900 tau=0.1244 loss=0.290442 mse_soft=0.290008 ent_in=1.1389 ent_out=0.3070 rowmax_in=0.4989 rowmax_out=0.8522 discrete_mse=950.465759 best_discrete=81.420158 hash=False elapsed=50.9s
step   550/900 tau=0.1126 loss=0.277729 mse_soft=0.277300 ent_in=1.1267 ent_out=0.3044 rowmax_in=0.5017 rowmax_out=0.8527 discrete_mse=891.012390 best_discrete=81.420158 hash=False elapsed=53.3s
step   575/900 tau=0.1020 loss=0.319120 mse_soft=0.318698 ent_in=1.1049 ent_out=0.3030 rowmax_in=0.4978 rowmax_out=0.8518 discrete_mse=345.960052 best_discrete=81.420158 hash=False elapsed=55.6s
step   600/900 tau=0.0923 loss=0.286146 mse_soft=0.285748 ent_in=1.0625 ent_out=0.2639 rowmax_in=0.5242 rowmax_out=0.8757 discrete_mse=305.272980 best_discrete=81.420158 hash=False elapsed=58.0s
step   625/900 tau=0.0836 loss=0.295242 mse_soft=0.294848 ent_in=1.0532 ent_out=0.2581 rowmax_in=0.5203 rowmax_out=0.8762 discrete_mse=268.943176 best_discrete=81.420158 hash=False elapsed=60.5s
step   650/900 tau=0.0757 loss=0.303510 mse_soft=0.303119 ent_in=1.0549 ent_out=0.2497 rowmax_in=0.5200 rowmax_out=0.8794 discrete_mse=436.368042 best_discrete=81.420158 hash=False elapsed=62.8s
step   675/900 tau=0.0685 loss=0.297874 mse_soft=0.297483 ent_in=1.0508 ent_out=0.2545 rowmax_in=0.5215 rowmax_out=0.8774 discrete_mse=119.677971 best_discrete=81.420158 hash=False elapsed=65.4s
step   700/900 tau=0.0620 loss=0.301069 mse_soft=0.300689 ent_in=1.0331 ent_out=0.2354 rowmax_in=0.5162 rowmax_out=0.8873 discrete_mse=190.516617 best_discrete=81.420158 hash=False elapsed=67.8s
step   725/900 tau=0.0562 loss=0.297660 mse_soft=0.297294 ent_in=0.9948 ent_out=0.2273 rowmax_in=0.5342 rowmax_out=0.8881 discrete_mse=440.351898 best_discrete=81.420158 hash=False elapsed=70.1s
step   750/900 tau=0.0508 loss=0.344623 mse_soft=0.344335 ent_in=0.7786 ent_out=0.1821 rowmax_in=0.6308 rowmax_out=0.9044 discrete_mse=765.077637 best_discrete=81.420158 hash=False elapsed=72.6s
step   775/900 tau=0.0460 loss=0.324870 mse_soft=0.324585 ent_in=0.7797 ent_out=0.1720 rowmax_in=0.6151 rowmax_out=0.9112 discrete_mse=178.026672 best_discrete=81.420158 hash=False elapsed=74.8s
step   800/900 tau=0.0417 loss=0.323720 mse_soft=0.323449 ent_in=0.7383 ent_out=0.1647 rowmax_in=0.6361 rowmax_out=0.9122 discrete_mse=102.867050 best_discrete=81.420158 hash=False elapsed=77.2s
step   825/900 tau=0.0377 loss=0.341803 mse_soft=0.341558 ent_in=0.6648 ent_out=0.1533 rowmax_in=0.6553 rowmax_out=0.9208 discrete_mse=25.657833 best_discrete=25.657833 hash=False elapsed=79.5s
step   850/900 tau=0.0342 loss=0.493405 mse_soft=0.493251 ent_in=0.3915 ent_out=0.1209 rowmax_in=0.8014 rowmax_out=0.9365 discrete_mse=8.071015 best_discrete=8.071015 hash=False elapsed=82.0s
step   875/900 tau=0.0309 loss=0.454144 mse_soft=0.453996 ent_in=0.3762 ent_out=0.1176 rowmax_in=0.7937 rowmax_out=0.9374 discrete_mse=22.163841 best_discrete=8.071015 hash=False elapsed=84.5s
step   900/900 tau=0.0280 loss=0.434262 mse_soft=0.434112 ent_in=0.3676 ent_out=0.1343 rowmax_in=0.7980 rowmax_out=0.9282 discrete_mse=4.227580 best_discrete=4.227580 hash=False elapsed=86.9s

Final metrics:
  soft_mse_full=0.438033
  rowmax_in_mean=0.7995
  rowmax_out_mean=0.9279
  ent_in_mean=0.3669
  ent_out_mean=0.1348
  final_discrete_mse=4.227580
  hash_match=False
  best_discrete_mse_seen=4.227580
Saved results to overnight_b175_j2.json
