Using device: cuda
Train rows: 10000 / Full rows: 10000, steps=700, lr=0.02
step     1/700 tau=1.0000 loss=1.065699 mse_soft=1.063376 ent_in=3.8711 ent_out=3.8712 rowmax_in=0.0213 rowmax_out=0.0213 discrete_mse=168.051025 best_discrete=168.051025 hash=False elapsed=0.5s
step    25/700 tau=0.8866 loss=0.934958 mse_soft=0.932706 ent_in=3.7420 ent_out=3.7628 rowmax_in=0.0372 rowmax_out=0.0362 discrete_mse=7608.180664 best_discrete=168.051025 hash=False elapsed=2.7s
step    50/700 tau=0.7821 loss=0.710914 mse_soft=0.708879 ent_in=3.3584 ent_out=3.4260 rowmax_in=0.0696 rowmax_out=0.0664 discrete_mse=6360.896484 best_discrete=168.051025 hash=False elapsed=4.9s
step    75/700 tau=0.6899 loss=0.590561 mse_soft=0.588759 ent_in=2.9392 ent_out=3.0664 rowmax_in=0.1326 rowmax_out=0.1213 discrete_mse=820.424194 best_discrete=168.051025 hash=False elapsed=7.3s
step   100/700 tau=0.6086 loss=0.473613 mse_soft=0.472164 ent_in=2.3923 ent_out=2.4378 rowmax_in=0.2607 rowmax_out=0.2482 discrete_mse=263.950500 best_discrete=168.051025 hash=False elapsed=9.6s
step   125/700 tau=0.5368 loss=0.387988 mse_soft=0.386910 ent_in=1.8359 ent_out=1.7556 rowmax_in=0.3969 rowmax_out=0.4355 discrete_mse=1495.456665 best_discrete=168.051025 hash=False elapsed=12.0s
step   150/700 tau=0.4736 loss=0.333459 mse_soft=0.332659 ent_in=1.5095 ent_out=1.1540 rowmax_in=0.4717 rowmax_out=0.6293 discrete_mse=207.568024 best_discrete=168.051025 hash=False elapsed=14.3s
step   175/700 tau=0.4177 loss=0.309941 mse_soft=0.309302 ent_in=1.3462 ent_out=0.7852 rowmax_in=0.4992 rowmax_out=0.7212 discrete_mse=1099.625000 best_discrete=168.051025 hash=False elapsed=16.4s
step   200/700 tau=0.3685 loss=0.299083 mse_soft=0.298527 ent_in=1.2738 ent_out=0.5784 rowmax_in=0.5014 rowmax_out=0.7893 discrete_mse=792.033386 best_discrete=168.051025 hash=False elapsed=18.7s
step   225/700 tau=0.3251 loss=0.292931 mse_soft=0.292421 ent_in=1.2276 ent_out=0.4698 rowmax_in=0.5113 rowmax_out=0.8208 discrete_mse=2662.445068 best_discrete=168.051025 hash=False elapsed=21.0s
step   250/700 tau=0.2868 loss=0.289490 mse_soft=0.289010 ent_in=1.1974 ent_out=0.4041 rowmax_in=0.5171 rowmax_out=0.8400 discrete_mse=1467.320312 best_discrete=168.051025 hash=False elapsed=23.3s
step   275/700 tau=0.2530 loss=0.286031 mse_soft=0.285568 ent_in=1.1738 ent_out=0.3704 rowmax_in=0.5224 rowmax_out=0.8457 discrete_mse=1261.542480 best_discrete=168.051025 hash=False elapsed=25.3s
step   300/700 tau=0.2231 loss=0.283880 mse_soft=0.283428 ent_in=1.1575 ent_out=0.3502 rowmax_in=0.5252 rowmax_out=0.8481 discrete_mse=1261.542480 best_discrete=168.051025 hash=False elapsed=27.4s
step   325/700 tau=0.1968 loss=0.282267 mse_soft=0.281826 ent_in=1.1377 ent_out=0.3319 rowmax_in=0.5279 rowmax_out=0.8520 discrete_mse=573.290405 best_discrete=168.051025 hash=False elapsed=29.3s
step   350/700 tau=0.1736 loss=0.288683 mse_soft=0.288246 ent_in=1.1199 ent_out=0.3367 rowmax_in=0.5318 rowmax_out=0.8457 discrete_mse=1083.887939 best_discrete=168.051025 hash=False elapsed=31.4s
step   375/700 tau=0.1532 loss=0.283493 mse_soft=0.283061 ent_in=1.1062 ent_out=0.3349 rowmax_in=0.5350 rowmax_out=0.8478 discrete_mse=660.234070 best_discrete=168.051025 hash=False elapsed=33.5s
step   400/700 tau=0.1351 loss=0.279043 mse_soft=0.278615 ent_in=1.0875 ent_out=0.3372 rowmax_in=0.5373 rowmax_out=0.8464 discrete_mse=536.575073 best_discrete=168.051025 hash=False elapsed=35.5s
step   425/700 tau=0.1192 loss=0.283449 mse_soft=0.283028 ent_in=1.0791 ent_out=0.3263 rowmax_in=0.5348 rowmax_out=0.8510 discrete_mse=536.575073 best_discrete=168.051025 hash=False elapsed=37.5s
step   450/700 tau=0.1051 loss=0.288532 mse_soft=0.288118 ent_in=1.0693 ent_out=0.3113 rowmax_in=0.5354 rowmax_out=0.8546 discrete_mse=536.575073 best_discrete=168.051025 hash=False elapsed=39.6s
step   475/700 tau=0.0928 loss=0.282313 mse_soft=0.281906 ent_in=1.0472 ent_out=0.3071 rowmax_in=0.5467 rowmax_out=0.8534 discrete_mse=536.575073 best_discrete=168.051025 hash=False elapsed=41.7s
step   500/700 tau=0.0818 loss=0.279285 mse_soft=0.278882 ent_in=1.0432 ent_out=0.3014 rowmax_in=0.5443 rowmax_out=0.8529 discrete_mse=536.575073 best_discrete=168.051025 hash=False elapsed=43.9s
step   525/700 tau=0.0722 loss=0.282578 mse_soft=0.282186 ent_in=1.0057 ent_out=0.3010 rowmax_in=0.5552 rowmax_out=0.8497 discrete_mse=635.612610 best_discrete=168.051025 hash=False elapsed=45.9s
step   550/700 tau=0.0637 loss=0.286711 mse_soft=0.286329 ent_in=0.9731 ent_out=0.3018 rowmax_in=0.5584 rowmax_out=0.8477 discrete_mse=685.610535 best_discrete=168.051025 hash=False elapsed=48.2s
step   575/700 tau=0.0562 loss=0.291913 mse_soft=0.291530 ent_in=0.9756 ent_out=0.3039 rowmax_in=0.5529 rowmax_out=0.8500 discrete_mse=770.923401 best_discrete=168.051025 hash=False elapsed=50.4s
step   600/700 tau=0.0495 loss=0.300701 mse_soft=0.300315 ent_in=0.9868 ent_out=0.3029 rowmax_in=0.5508 rowmax_out=0.8497 discrete_mse=1072.955933 best_discrete=168.051025 hash=False elapsed=52.7s
step   625/700 tau=0.0437 loss=0.341098 mse_soft=0.340784 ent_in=0.7904 ent_out=0.2574 rowmax_in=0.6247 rowmax_out=0.8753 discrete_mse=82.415535 best_discrete=82.415535 hash=False elapsed=55.1s
step   650/700 tau=0.0386 loss=0.332834 mse_soft=0.332530 ent_in=0.7602 ent_out=0.2512 rowmax_in=0.6381 rowmax_out=0.8731 discrete_mse=207.576401 best_discrete=82.415535 hash=False elapsed=57.4s
step   675/700 tau=0.0340 loss=0.311638 mse_soft=0.311341 ent_in=0.7465 ent_out=0.2429 rowmax_in=0.6410 rowmax_out=0.8776 discrete_mse=92.631981 best_discrete=82.415535 hash=False elapsed=59.6s
step   700/700 tau=0.0300 loss=0.344344 mse_soft=0.344064 ent_in=0.7181 ent_out=0.2147 rowmax_in=0.6524 rowmax_out=0.8981 discrete_mse=56.967560 best_discrete=56.967560 hash=False elapsed=62.0s

Final metrics:
  soft_mse_full=0.354733
  rowmax_in_mean=0.6699
  rowmax_out_mean=0.8977
  ent_in_mean=0.6991
  ent_out_mean=0.2146
  final_discrete_mse=63.303867
  hash_match=False
  best_discrete_mse_seen=56.967560
Saved results to overnight_b058_j3.json
