Using device: cuda
Train rows: 10000 / Full rows: 10000, steps=700, lr=0.015
step     1/700 tau=1.0000 loss=1.064158 mse_soft=1.063384 ent_in=3.8712 ent_out=3.8712 rowmax_in=0.0213 rowmax_out=0.0213 discrete_mse=62.697342 best_discrete=62.697342 hash=False elapsed=0.5s
step    25/700 tau=0.8810 loss=0.971951 mse_soft=0.971191 ent_in=3.7935 ent_out=3.8051 rowmax_in=0.0330 rowmax_out=0.0323 discrete_mse=375.460968 best_discrete=62.697342 hash=False elapsed=2.4s
step    50/700 tau=0.7721 loss=0.784983 mse_soft=0.784275 ent_in=3.5145 ent_out=3.5660 rowmax_in=0.0554 rowmax_out=0.0549 discrete_mse=390.502930 best_discrete=62.697342 hash=False elapsed=4.5s
step    75/700 tau=0.6767 loss=0.643065 mse_soft=0.642427 ent_in=3.1371 ent_out=3.2388 rowmax_in=0.0950 rowmax_out=0.0892 discrete_mse=820.713440 best_discrete=62.697342 hash=False elapsed=6.8s
step   100/700 tau=0.5931 loss=0.528614 mse_soft=0.528059 ent_in=2.7207 ent_out=2.8248 rowmax_in=0.1798 rowmax_out=0.1697 discrete_mse=4800.471680 best_discrete=62.697342 hash=False elapsed=9.0s
step   125/700 tau=0.5198 loss=0.428893 mse_soft=0.428461 ent_in=2.1759 ent_out=2.1400 rowmax_in=0.3005 rowmax_out=0.3258 discrete_mse=717.070862 best_discrete=62.697342 hash=False elapsed=11.3s
step   150/700 tau=0.4555 loss=0.366152 mse_soft=0.365831 ent_in=1.7465 ent_out=1.4661 rowmax_in=0.3964 rowmax_out=0.5163 discrete_mse=765.588867 best_discrete=62.697342 hash=False elapsed=13.6s
step   175/700 tau=0.3992 loss=0.330114 mse_soft=0.329872 ent_in=1.4697 ent_out=0.9537 rowmax_in=0.4591 rowmax_out=0.6917 discrete_mse=300.940399 best_discrete=62.697342 hash=False elapsed=15.9s
step   200/700 tau=0.3499 loss=0.314185 mse_soft=0.313981 ent_in=1.3314 ent_out=0.7112 rowmax_in=0.4797 rowmax_out=0.7517 discrete_mse=1036.974731 best_discrete=62.697342 hash=False elapsed=18.0s
step   225/700 tau=0.3066 loss=0.305048 mse_soft=0.304860 ent_in=1.2631 ent_out=0.6251 rowmax_in=0.4924 rowmax_out=0.7483 discrete_mse=264.546295 best_discrete=62.697342 hash=False elapsed=20.4s
step   250/700 tau=0.2687 loss=0.299786 mse_soft=0.299607 ent_in=1.2121 ent_out=0.5851 rowmax_in=0.4976 rowmax_out=0.7531 discrete_mse=560.346313 best_discrete=62.697342 hash=False elapsed=22.5s
step   275/700 tau=0.2355 loss=0.294570 mse_soft=0.294401 ent_in=1.1579 ent_out=0.5286 rowmax_in=0.5062 rowmax_out=0.7705 discrete_mse=741.277405 best_discrete=62.697342 hash=False elapsed=24.8s
step   300/700 tau=0.2064 loss=0.292122 mse_soft=0.291959 ent_in=1.1375 ent_out=0.4948 rowmax_in=0.5088 rowmax_out=0.7808 discrete_mse=781.796326 best_discrete=62.697342 hash=False elapsed=27.1s
step   325/700 tau=0.1809 loss=0.290511 mse_soft=0.290352 ent_in=1.1213 ent_out=0.4736 rowmax_in=0.5144 rowmax_out=0.7843 discrete_mse=492.550537 best_discrete=62.697342 hash=False elapsed=29.5s
step   350/700 tau=0.1585 loss=0.288398 mse_soft=0.288242 ent_in=1.1091 ent_out=0.4506 rowmax_in=0.5166 rowmax_out=0.7919 discrete_mse=374.608582 best_discrete=62.697342 hash=False elapsed=31.8s
step   375/700 tau=0.1389 loss=0.288132 mse_soft=0.287979 ent_in=1.0989 ent_out=0.4336 rowmax_in=0.5188 rowmax_out=0.7961 discrete_mse=374.608582 best_discrete=62.697342 hash=False elapsed=34.1s
step   400/700 tau=0.1218 loss=0.289265 mse_soft=0.289114 ent_in=1.0960 ent_out=0.4162 rowmax_in=0.5181 rowmax_out=0.8007 discrete_mse=196.662552 best_discrete=62.697342 hash=False elapsed=36.4s
step   425/700 tau=0.1067 loss=0.291124 mse_soft=0.290975 ent_in=1.0896 ent_out=0.4065 rowmax_in=0.5197 rowmax_out=0.8018 discrete_mse=329.026245 best_discrete=62.697342 hash=False elapsed=38.7s
step   450/700 tau=0.0935 loss=0.293053 mse_soft=0.292905 ent_in=1.0846 ent_out=0.3976 rowmax_in=0.5222 rowmax_out=0.8069 discrete_mse=329.026245 best_discrete=62.697342 hash=False elapsed=40.8s
step   475/700 tau=0.0820 loss=0.289838 mse_soft=0.289690 ent_in=1.0820 ent_out=0.3978 rowmax_in=0.5206 rowmax_out=0.8056 discrete_mse=309.029816 best_discrete=62.697342 hash=False elapsed=42.8s
step   500/700 tau=0.0718 loss=0.288469 mse_soft=0.288322 ent_in=1.0774 ent_out=0.3892 rowmax_in=0.5237 rowmax_out=0.8091 discrete_mse=309.029816 best_discrete=62.697342 hash=False elapsed=44.8s
step   525/700 tau=0.0630 loss=0.324597 mse_soft=0.324452 ent_in=1.0664 ent_out=0.3885 rowmax_in=0.5332 rowmax_out=0.8048 discrete_mse=156.326675 best_discrete=62.697342 hash=False elapsed=47.0s
step   550/700 tau=0.0552 loss=0.292449 mse_soft=0.292308 ent_in=1.0416 ent_out=0.3633 rowmax_in=0.5353 rowmax_out=0.8177 discrete_mse=312.106171 best_discrete=62.697342 hash=False elapsed=49.0s
step   575/700 tau=0.0484 loss=0.310400 mse_soft=0.310259 ent_in=1.0422 ent_out=0.3616 rowmax_in=0.5346 rowmax_out=0.8145 discrete_mse=196.002472 best_discrete=62.697342 hash=False elapsed=51.3s
step   600/700 tau=0.0424 loss=0.304562 mse_soft=0.304422 ent_in=1.0339 ent_out=0.3653 rowmax_in=0.5379 rowmax_out=0.8080 discrete_mse=30.361137 best_discrete=30.361137 hash=False elapsed=53.6s
step   625/700 tau=0.0371 loss=0.355102 mse_soft=0.354977 ent_in=0.9134 ent_out=0.3327 rowmax_in=0.5923 rowmax_out=0.8305 discrete_mse=84.381714 best_discrete=30.361137 hash=False elapsed=55.9s
step   650/700 tau=0.0325 loss=0.335703 mse_soft=0.335588 ent_in=0.8275 ent_out=0.3269 rowmax_in=0.6112 rowmax_out=0.8221 discrete_mse=123.565849 best_discrete=30.361137 hash=False elapsed=58.1s
step   675/700 tau=0.0285 loss=0.316232 mse_soft=0.316117 ent_in=0.8312 ent_out=0.3182 rowmax_in=0.6110 rowmax_out=0.8301 discrete_mse=37.520103 best_discrete=30.361137 hash=False elapsed=60.5s
step   700/700 tau=0.0250 loss=0.405345 mse_soft=0.405258 ent_in=0.6307 ent_out=0.2428 rowmax_in=0.7066 rowmax_out=0.8718 discrete_mse=3.172482 best_discrete=3.172482 hash=False elapsed=62.8s

Final metrics:
  soft_mse_full=0.409385
  rowmax_in_mean=0.7031
  rowmax_out_mean=0.8644
  ent_in_mean=0.6095
  ent_out_mean=0.2465
  final_discrete_mse=11.932589
  hash_match=False
  best_discrete_mse_seen=3.172482
Saved results to overnight_b093_j4.json
