Using device: cuda
Train rows: 4096 / Full rows: 10000, steps=900, lr=0.03
step     1/900 tau=1.0000 loss=1.063691 mse_soft=1.061369 ent_in=3.8712 ent_out=3.8712 rowmax_in=0.0213 rowmax_out=0.0213 discrete_mse=61.701935 best_discrete=61.701935 hash=False elapsed=0.5s
step    25/900 tau=0.9106 loss=0.858950 mse_soft=0.856760 ent_in=3.6331 ent_out=3.6683 rowmax_in=0.0466 rowmax_out=0.0439 discrete_mse=2490.485107 best_discrete=61.701935 hash=False elapsed=2.7s
step    50/900 tau=0.8260 loss=0.647670 mse_soft=0.645760 ent_in=3.1338 ent_out=3.2339 rowmax_in=0.0935 rowmax_out=0.0858 discrete_mse=12820.602539 best_discrete=61.701935 hash=False elapsed=5.0s
step    75/900 tau=0.7493 loss=0.513425 mse_soft=0.511836 ent_in=2.6100 ent_out=2.6861 rowmax_in=0.2007 rowmax_out=0.1998 discrete_mse=802.998596 best_discrete=61.701935 hash=False elapsed=7.2s
step   100/900 tau=0.6797 loss=0.407429 mse_soft=0.406277 ent_in=1.9929 ent_out=1.8477 rowmax_in=0.3610 rowmax_out=0.4234 discrete_mse=288.739044 best_discrete=61.701935 hash=False elapsed=9.4s
step   125/900 tau=0.6165 loss=0.338057 mse_soft=0.337269 ent_in=1.5345 ent_out=1.0910 rowmax_in=0.4576 rowmax_out=0.6441 discrete_mse=147.195755 best_discrete=61.701935 hash=False elapsed=11.9s
step   150/900 tau=0.5592 loss=0.311685 mse_soft=0.311069 ent_in=1.3533 ent_out=0.6995 rowmax_in=0.4799 rowmax_out=0.7473 discrete_mse=104.882675 best_discrete=61.701935 hash=False elapsed=14.2s
step   175/900 tau=0.5073 loss=0.298297 mse_soft=0.297758 ent_in=1.2614 ent_out=0.5357 rowmax_in=0.4914 rowmax_out=0.7985 discrete_mse=179.414993 best_discrete=61.701935 hash=False elapsed=16.4s
step   200/900 tau=0.4602 loss=0.292408 mse_soft=0.291906 ent_in=1.2011 ent_out=0.4713 rowmax_in=0.5008 rowmax_out=0.8141 discrete_mse=133.792023 best_discrete=61.701935 hash=False elapsed=18.7s
step   225/900 tau=0.4174 loss=0.286094 mse_soft=0.285620 ent_in=1.1491 ent_out=0.4311 rowmax_in=0.5183 rowmax_out=0.8261 discrete_mse=455.220184 best_discrete=61.701935 hash=False elapsed=21.0s
step   250/900 tau=0.3786 loss=0.279225 mse_soft=0.278776 ent_in=1.1103 ent_out=0.3882 rowmax_in=0.5231 rowmax_out=0.8394 discrete_mse=134.762115 best_discrete=61.701935 hash=False elapsed=23.5s
step   275/900 tau=0.3434 loss=0.275255 mse_soft=0.274835 ent_in=1.0645 ent_out=0.3361 rowmax_in=0.5415 rowmax_out=0.8639 discrete_mse=414.740845 best_discrete=61.701935 hash=False elapsed=26.0s
step   300/900 tau=0.3115 loss=0.272688 mse_soft=0.272276 ent_in=1.0600 ent_out=0.3120 rowmax_in=0.5401 rowmax_out=0.8747 discrete_mse=196.626816 best_discrete=61.701935 hash=False elapsed=28.3s
step   325/900 tau=0.2826 loss=0.270867 mse_soft=0.270465 ent_in=1.0505 ent_out=0.2890 rowmax_in=0.5408 rowmax_out=0.8779 discrete_mse=26.695246 best_discrete=26.695246 hash=False elapsed=30.5s
step   350/900 tau=0.2563 loss=0.270659 mse_soft=0.270266 ent_in=1.0434 ent_out=0.2658 rowmax_in=0.5415 rowmax_out=0.8837 discrete_mse=20.383024 best_discrete=20.383024 hash=False elapsed=32.9s
step   375/900 tau=0.2325 loss=0.271435 mse_soft=0.271050 ent_in=1.0357 ent_out=0.2470 rowmax_in=0.5437 rowmax_out=0.8896 discrete_mse=114.227371 best_discrete=20.383024 hash=False elapsed=35.1s
step   400/900 tau=0.2109 loss=0.270310 mse_soft=0.269928 ent_in=1.0353 ent_out=0.2369 rowmax_in=0.5452 rowmax_out=0.8925 discrete_mse=90.691956 best_discrete=20.383024 hash=False elapsed=37.4s
step   425/900 tau=0.1913 loss=0.268722 mse_soft=0.268342 ent_in=1.0351 ent_out=0.2313 rowmax_in=0.5442 rowmax_out=0.8957 discrete_mse=25.678410 best_discrete=20.383024 hash=False elapsed=39.8s
step   450/900 tau=0.1735 loss=0.272269 mse_soft=0.271892 ent_in=1.0296 ent_out=0.2249 rowmax_in=0.5456 rowmax_out=0.8978 discrete_mse=25.678410 best_discrete=20.383024 hash=False elapsed=42.2s
step   475/900 tau=0.1574 loss=0.272363 mse_soft=0.271990 ent_in=1.0228 ent_out=0.2177 rowmax_in=0.5478 rowmax_out=0.8988 discrete_mse=25.678410 best_discrete=20.383024 hash=False elapsed=44.5s
step   500/900 tau=0.1428 loss=0.269734 mse_soft=0.269363 ent_in=1.0195 ent_out=0.2160 rowmax_in=0.5476 rowmax_out=0.8971 discrete_mse=35.736473 best_discrete=20.383024 hash=False elapsed=46.6s
step   525/900 tau=0.1295 loss=0.275601 mse_soft=0.275232 ent_in=1.0125 ent_out=0.2170 rowmax_in=0.5495 rowmax_out=0.8933 discrete_mse=35.736473 best_discrete=20.383024 hash=False elapsed=48.7s
step   550/900 tau=0.1175 loss=0.283472 mse_soft=0.283104 ent_in=1.0105 ent_out=0.2191 rowmax_in=0.5486 rowmax_out=0.8894 discrete_mse=114.227371 best_discrete=20.383024 hash=False elapsed=50.9s
step   575/900 tau=0.1066 loss=0.276466 mse_soft=0.276098 ent_in=1.0108 ent_out=0.2149 rowmax_in=0.5441 rowmax_out=0.8917 discrete_mse=28.313530 best_discrete=20.383024 hash=False elapsed=53.1s
step   600/900 tau=0.0967 loss=0.293337 mse_soft=0.292973 ent_in=0.9991 ent_out=0.2134 rowmax_in=0.5528 rowmax_out=0.8908 discrete_mse=112.972786 best_discrete=20.383024 hash=False elapsed=55.5s
step   625/900 tau=0.0877 loss=0.275407 mse_soft=0.275042 ent_in=1.0032 ent_out=0.2152 rowmax_in=0.5428 rowmax_out=0.8895 discrete_mse=19.183201 best_discrete=19.183201 hash=False elapsed=57.8s
step   650/900 tau=0.0795 loss=0.278759 mse_soft=0.278398 ent_in=0.9894 ent_out=0.2131 rowmax_in=0.5508 rowmax_out=0.8904 discrete_mse=107.205246 best_discrete=19.183201 hash=False elapsed=59.9s
step   675/900 tau=0.0722 loss=0.284568 mse_soft=0.284207 ent_in=0.9861 ent_out=0.2158 rowmax_in=0.5544 rowmax_out=0.8881 discrete_mse=160.170334 best_discrete=19.183201 hash=False elapsed=62.1s
step   700/900 tau=0.0655 loss=0.292160 mse_soft=0.291815 ent_in=0.9399 ent_out=0.2101 rowmax_in=0.5603 rowmax_out=0.8944 discrete_mse=38.685837 best_discrete=19.183201 hash=False elapsed=64.2s
step   725/900 tau=0.0594 loss=0.287786 mse_soft=0.287452 ent_in=0.8869 ent_out=0.2271 rowmax_in=0.5907 rowmax_out=0.8813 discrete_mse=27.930431 best_discrete=19.183201 hash=False elapsed=66.3s
step   750/900 tau=0.0539 loss=0.284746 mse_soft=0.284414 ent_in=0.8777 ent_out=0.2265 rowmax_in=0.5839 rowmax_out=0.8800 discrete_mse=52.540260 best_discrete=19.183201 hash=False elapsed=68.5s
step   775/900 tau=0.0489 loss=0.305804 mse_soft=0.305472 ent_in=0.8834 ent_out=0.2214 rowmax_in=0.5770 rowmax_out=0.8877 discrete_mse=28.890280 best_discrete=19.183201 hash=False elapsed=70.8s
step   800/900 tau=0.0443 loss=0.300229 mse_soft=0.299898 ent_in=0.8732 ent_out=0.2282 rowmax_in=0.5796 rowmax_out=0.8773 discrete_mse=196.285141 best_discrete=19.183201 hash=False elapsed=72.9s
step   825/900 tau=0.0402 loss=0.295924 mse_soft=0.295601 ent_in=0.8522 ent_out=0.2239 rowmax_in=0.5878 rowmax_out=0.8773 discrete_mse=109.547569 best_discrete=19.183201 hash=False elapsed=75.0s
step   850/900 tau=0.0365 loss=0.294806 mse_soft=0.294488 ent_in=0.8324 ent_out=0.2254 rowmax_in=0.5927 rowmax_out=0.8800 discrete_mse=131.815918 best_discrete=19.183201 hash=False elapsed=77.0s
step   875/900 tau=0.0331 loss=0.463230 mse_soft=0.463062 ent_in=0.4266 ent_out=0.1342 rowmax_in=0.7905 rowmax_out=0.9127 discrete_mse=7.226655 best_discrete=7.226655 hash=False elapsed=79.2s
step   900/900 tau=0.0300 loss=0.406990 mse_soft=0.406848 ent_in=0.3393 ent_out=0.1349 rowmax_in=0.8253 rowmax_out=0.9081 discrete_mse=9.131466 best_discrete=7.226655 hash=False elapsed=81.7s

Final metrics:
  soft_mse_full=0.415691
  rowmax_in_mean=0.8205
  rowmax_out_mean=0.9087
  ent_in_mean=0.3444
  ent_out_mean=0.1338
  final_discrete_mse=7.839865
  hash_match=False
  best_discrete_mse_seen=7.226655
Saved results to overnight_b060_j1.json
