Using device: cuda
Train rows: 4096 / Full rows: 10000, steps=900, lr=0.03
step     1/900 tau=1.0000 loss=1.063384 mse_soft=1.061061 ent_in=3.8712 ent_out=3.8712 rowmax_in=0.0213 rowmax_out=0.0213 discrete_mse=8.548627 best_discrete=8.548627 hash=False elapsed=0.5s
step    25/900 tau=0.9090 loss=0.860403 mse_soft=0.858213 ent_in=3.6324 ent_out=3.6675 rowmax_in=0.0470 rowmax_out=0.0443 discrete_mse=3672.946777 best_discrete=8.548627 hash=False elapsed=2.9s
step    50/900 tau=0.8229 loss=0.642506 mse_soft=0.640608 ent_in=3.1141 ent_out=3.2142 rowmax_in=0.0959 rowmax_out=0.0889 discrete_mse=8479.713867 best_discrete=8.548627 hash=False elapsed=5.1s
step    75/900 tau=0.7450 loss=0.510177 mse_soft=0.508594 ent_in=2.5758 ent_out=2.6998 rowmax_in=0.2069 rowmax_out=0.1920 discrete_mse=1591.960571 best_discrete=8.548627 hash=False elapsed=7.6s
step   100/900 tau=0.6745 loss=0.397481 mse_soft=0.396326 ent_in=1.9657 ent_out=1.8842 rowmax_in=0.3664 rowmax_out=0.4034 discrete_mse=562.754395 best_discrete=8.548627 hash=False elapsed=10.1s
step   125/900 tau=0.6107 loss=0.349213 mse_soft=0.348341 ent_in=1.5971 ent_out=1.3103 rowmax_in=0.4373 rowmax_out=0.5450 discrete_mse=106.423431 best_discrete=8.548627 hash=False elapsed=12.6s
step   150/900 tau=0.5529 loss=0.329334 mse_soft=0.328603 ent_in=1.4343 ent_out=1.0040 rowmax_in=0.4712 rowmax_out=0.6394 discrete_mse=537.654541 best_discrete=8.548627 hash=False elapsed=15.1s
step   175/900 tau=0.5006 loss=0.317597 mse_soft=0.316953 ent_in=1.3512 ent_out=0.7947 rowmax_in=0.4799 rowmax_out=0.7011 discrete_mse=332.472931 best_discrete=8.548627 hash=False elapsed=17.7s
step   200/900 tau=0.4532 loss=0.311490 mse_soft=0.310892 ent_in=1.3049 ent_out=0.6898 rowmax_in=0.4889 rowmax_out=0.7207 discrete_mse=421.831299 best_discrete=8.548627 hash=False elapsed=20.3s
step   225/900 tau=0.4103 loss=0.304496 mse_soft=0.303926 ent_in=1.2753 ent_out=0.6245 rowmax_in=0.4915 rowmax_out=0.7407 discrete_mse=267.165405 best_discrete=8.548627 hash=False elapsed=22.8s
step   250/900 tau=0.3715 loss=0.301423 mse_soft=0.300869 ent_in=1.2601 ent_out=0.5859 rowmax_in=0.4939 rowmax_out=0.7461 discrete_mse=423.556976 best_discrete=8.548627 hash=False elapsed=25.1s
step   275/900 tau=0.3363 loss=0.298539 mse_soft=0.297998 ent_in=1.2413 ent_out=0.5623 rowmax_in=0.4995 rowmax_out=0.7559 discrete_mse=1397.376221 best_discrete=8.548627 hash=False elapsed=27.6s
step   300/900 tau=0.3045 loss=0.296632 mse_soft=0.296106 ent_in=1.2187 ent_out=0.5316 rowmax_in=0.5054 rowmax_out=0.7679 discrete_mse=609.090942 best_discrete=8.548627 hash=False elapsed=30.0s
step   325/900 tau=0.2756 loss=0.293147 mse_soft=0.292639 ent_in=1.1885 ent_out=0.5039 rowmax_in=0.5110 rowmax_out=0.7771 discrete_mse=425.645203 best_discrete=8.548627 hash=False elapsed=32.3s
step   350/900 tau=0.2496 loss=0.291289 mse_soft=0.290788 ent_in=1.1807 ent_out=0.4890 rowmax_in=0.5108 rowmax_out=0.7774 discrete_mse=425.645203 best_discrete=8.548627 hash=False elapsed=34.8s
step   375/900 tau=0.2259 loss=0.293103 mse_soft=0.292612 ent_in=1.1697 ent_out=0.4697 rowmax_in=0.5126 rowmax_out=0.7837 discrete_mse=609.090942 best_discrete=8.548627 hash=False elapsed=37.3s
step   400/900 tau=0.2046 loss=0.291732 mse_soft=0.291245 ent_in=1.1647 ent_out=0.4577 rowmax_in=0.5125 rowmax_out=0.7834 discrete_mse=425.645203 best_discrete=8.548627 hash=False elapsed=39.7s
step   425/900 tau=0.1852 loss=0.290328 mse_soft=0.289844 ent_in=1.1614 ent_out=0.4534 rowmax_in=0.5102 rowmax_out=0.7818 discrete_mse=425.645203 best_discrete=8.548627 hash=False elapsed=42.2s
step   450/900 tau=0.1677 loss=0.291706 mse_soft=0.291224 ent_in=1.1560 ent_out=0.4491 rowmax_in=0.5125 rowmax_out=0.7810 discrete_mse=609.090942 best_discrete=8.548627 hash=False elapsed=44.6s
step   475/900 tau=0.1518 loss=0.296336 mse_soft=0.295855 ent_in=1.1561 ent_out=0.4473 rowmax_in=0.5119 rowmax_out=0.7770 discrete_mse=618.748108 best_discrete=8.548627 hash=False elapsed=47.0s
step   500/900 tau=0.1374 loss=0.294054 mse_soft=0.293575 ent_in=1.1548 ent_out=0.4407 rowmax_in=0.5121 rowmax_out=0.7813 discrete_mse=520.575378 best_discrete=8.548627 hash=False elapsed=49.4s
step   525/900 tau=0.1244 loss=0.298469 mse_soft=0.297998 ent_in=1.1505 ent_out=0.4178 rowmax_in=0.5092 rowmax_out=0.7967 discrete_mse=203.156769 best_discrete=8.548627 hash=False elapsed=51.7s
step   550/900 tau=0.1126 loss=0.290563 mse_soft=0.290099 ent_in=1.1218 ent_out=0.4266 rowmax_in=0.5196 rowmax_out=0.7899 discrete_mse=383.940308 best_discrete=8.548627 hash=False elapsed=54.1s
step   575/900 tau=0.1020 loss=0.296325 mse_soft=0.295857 ent_in=1.1227 ent_out=0.4364 rowmax_in=0.5202 rowmax_out=0.7825 discrete_mse=383.940308 best_discrete=8.548627 hash=False elapsed=56.4s
step   600/900 tau=0.0923 loss=0.303130 mse_soft=0.302675 ent_in=1.1073 ent_out=0.4088 rowmax_in=0.5239 rowmax_out=0.7985 discrete_mse=153.662476 best_discrete=8.548627 hash=False elapsed=58.6s
step   625/900 tau=0.0836 loss=0.292219 mse_soft=0.291762 ent_in=1.1063 ent_out=0.4172 rowmax_in=0.5148 rowmax_out=0.7938 discrete_mse=295.750610 best_discrete=8.548627 hash=False elapsed=60.9s
step   650/900 tau=0.0757 loss=0.310428 mse_soft=0.309992 ent_in=1.0701 ent_out=0.3855 rowmax_in=0.5215 rowmax_out=0.8176 discrete_mse=68.342476 best_discrete=8.548627 hash=False elapsed=63.1s
step   675/900 tau=0.0685 loss=0.329796 mse_soft=0.329400 ent_in=0.9719 ent_out=0.3490 rowmax_in=0.5631 rowmax_out=0.8361 discrete_mse=130.835403 best_discrete=8.548627 hash=False elapsed=65.4s
step   700/900 tau=0.0620 loss=0.303134 mse_soft=0.302744 ent_in=0.9424 ent_out=0.3598 rowmax_in=0.5668 rowmax_out=0.8141 discrete_mse=28.990255 best_discrete=8.548627 hash=False elapsed=67.6s
step   725/900 tau=0.0562 loss=0.314810 mse_soft=0.314439 ent_in=0.8823 ent_out=0.3539 rowmax_in=0.5872 rowmax_out=0.8235 discrete_mse=205.731506 best_discrete=8.548627 hash=False elapsed=70.1s
step   750/900 tau=0.0508 loss=0.304098 mse_soft=0.303715 ent_in=0.9060 ent_out=0.3717 rowmax_in=0.5655 rowmax_out=0.8007 discrete_mse=105.950813 best_discrete=8.548627 hash=False elapsed=72.7s
step   775/900 tau=0.0460 loss=0.342678 mse_soft=0.342353 ent_in=0.7738 ent_out=0.3103 rowmax_in=0.6405 rowmax_out=0.8511 discrete_mse=117.213776 best_discrete=8.548627 hash=False elapsed=75.0s
step   800/900 tau=0.0417 loss=0.378478 mse_soft=0.378203 ent_in=0.6383 ent_out=0.2767 rowmax_in=0.6671 rowmax_out=0.8623 discrete_mse=56.500748 best_discrete=8.548627 hash=False elapsed=77.2s
step   825/900 tau=0.0377 loss=0.339389 mse_soft=0.339128 ent_in=0.6283 ent_out=0.2435 rowmax_in=0.6797 rowmax_out=0.8664 discrete_mse=47.327934 best_discrete=8.548627 hash=False elapsed=79.5s
step   850/900 tau=0.0342 loss=0.329259 mse_soft=0.329003 ent_in=0.6191 ent_out=0.2358 rowmax_in=0.6842 rowmax_out=0.8651 discrete_mse=192.079651 best_discrete=8.548627 hash=False elapsed=81.8s
step   875/900 tau=0.0309 loss=0.326716 mse_soft=0.326458 ent_in=0.6254 ent_out=0.2365 rowmax_in=0.6856 rowmax_out=0.8660 discrete_mse=86.065796 best_discrete=8.548627 hash=False elapsed=84.2s
step   900/900 tau=0.0280 loss=0.434197 mse_soft=0.433946 ent_in=0.6058 ent_out=0.2335 rowmax_in=0.6763 rowmax_out=0.8584 discrete_mse=247.223190 best_discrete=8.548627 hash=False elapsed=86.4s

Final metrics:
  soft_mse_full=0.406248
  rowmax_in_mean=0.7005
  rowmax_out_mean=0.8663
  ent_in_mean=0.6035
  ent_out_mean=0.2248
  final_discrete_mse=93.964409
  hash_match=False
  best_discrete_mse_seen=8.548627
Saved results to overnight_b205_j2.json
