Using device: cuda
Train rows: 10000 / Full rows: 10000, steps=700, lr=0.02
step     1/700 tau=1.0000 loss=1.065746 mse_soft=1.063424 ent_in=3.8712 ent_out=3.8712 rowmax_in=0.0213 rowmax_out=0.0213 discrete_mse=99.426010 best_discrete=99.426010 hash=False elapsed=0.5s
step    25/700 tau=0.8866 loss=0.935252 mse_soft=0.933001 ent_in=3.7425 ent_out=3.7624 rowmax_in=0.0370 rowmax_out=0.0362 discrete_mse=362.949829 best_discrete=99.426010 hash=False elapsed=2.9s
step    50/700 tau=0.7821 loss=0.712253 mse_soft=0.710217 ent_in=3.3622 ent_out=3.4229 rowmax_in=0.0695 rowmax_out=0.0665 discrete_mse=4717.676758 best_discrete=99.426010 hash=False elapsed=5.1s
step    75/700 tau=0.6899 loss=0.591145 mse_soft=0.589342 ent_in=2.9458 ent_out=3.0653 rowmax_in=0.1320 rowmax_out=0.1236 discrete_mse=1610.314819 best_discrete=99.426010 hash=False elapsed=7.3s
step   100/700 tau=0.6086 loss=0.475876 mse_soft=0.474428 ent_in=2.3909 ent_out=2.4353 rowmax_in=0.2672 rowmax_out=0.2542 discrete_mse=214.083099 best_discrete=99.426010 hash=False elapsed=9.8s
step   125/700 tau=0.5368 loss=0.386773 mse_soft=0.385721 ent_in=1.8169 ent_out=1.6904 rowmax_in=0.3985 rowmax_out=0.4576 discrete_mse=2010.435181 best_discrete=99.426010 hash=False elapsed=12.1s
step   150/700 tau=0.4736 loss=0.336429 mse_soft=0.335671 ent_in=1.4425 ent_out=1.0861 rowmax_in=0.4817 rowmax_out=0.6238 discrete_mse=37.058495 best_discrete=37.058495 hash=False elapsed=14.7s
step   175/700 tau=0.4177 loss=0.314235 mse_soft=0.313621 ent_in=1.2681 ent_out=0.7788 rowmax_in=0.5074 rowmax_out=0.6900 discrete_mse=413.146057 best_discrete=37.058495 hash=False elapsed=17.1s
step   200/700 tau=0.3685 loss=0.303286 mse_soft=0.302754 ent_in=1.1620 ent_out=0.6135 rowmax_in=0.5280 rowmax_out=0.7355 discrete_mse=259.655243 best_discrete=37.058495 hash=False elapsed=19.5s
step   225/700 tau=0.3251 loss=0.296384 mse_soft=0.295896 ent_in=1.1102 ent_out=0.5171 rowmax_in=0.5351 rowmax_out=0.7635 discrete_mse=1238.395996 best_discrete=37.058495 hash=False elapsed=21.8s
step   250/700 tau=0.2868 loss=0.292875 mse_soft=0.292404 ent_in=1.0910 ent_out=0.4777 rowmax_in=0.5343 rowmax_out=0.7725 discrete_mse=1283.290894 best_discrete=37.058495 hash=False elapsed=24.4s
step   275/700 tau=0.2530 loss=0.292613 mse_soft=0.292149 ent_in=1.0786 ent_out=0.4673 rowmax_in=0.5351 rowmax_out=0.7763 discrete_mse=1888.560913 best_discrete=37.058495 hash=False elapsed=26.8s
step   300/700 tau=0.2231 loss=0.289642 mse_soft=0.289186 ent_in=1.0676 ent_out=0.4513 rowmax_in=0.5344 rowmax_out=0.7840 discrete_mse=1760.941895 best_discrete=37.058495 hash=False elapsed=29.1s
step   325/700 tau=0.1968 loss=0.290299 mse_soft=0.289852 ent_in=1.0542 ent_out=0.4348 rowmax_in=0.5366 rowmax_out=0.7902 discrete_mse=1059.852173 best_discrete=37.058495 hash=False elapsed=31.3s
step   350/700 tau=0.1736 loss=0.288662 mse_soft=0.288219 ent_in=1.0454 ent_out=0.4293 rowmax_in=0.5361 rowmax_out=0.7934 discrete_mse=968.792786 best_discrete=37.058495 hash=False elapsed=33.4s
step   375/700 tau=0.1532 loss=0.287180 mse_soft=0.286741 ent_in=1.0379 ent_out=0.4251 rowmax_in=0.5380 rowmax_out=0.7940 discrete_mse=968.792786 best_discrete=37.058495 hash=False elapsed=35.7s
step   400/700 tau=0.1351 loss=0.288575 mse_soft=0.288139 ent_in=1.0322 ent_out=0.4203 rowmax_in=0.5403 rowmax_out=0.7954 discrete_mse=1340.621826 best_discrete=37.058495 hash=False elapsed=38.0s
step   425/700 tau=0.1192 loss=0.288004 mse_soft=0.287572 ent_in=1.0282 ent_out=0.4119 rowmax_in=0.5410 rowmax_out=0.7993 discrete_mse=1016.488586 best_discrete=37.058495 hash=False elapsed=40.3s
step   450/700 tau=0.1051 loss=0.294687 mse_soft=0.294259 ent_in=1.0224 ent_out=0.4067 rowmax_in=0.5415 rowmax_out=0.7995 discrete_mse=1340.621826 best_discrete=37.058495 hash=False elapsed=42.6s
step   475/700 tau=0.0928 loss=0.292579 mse_soft=0.292154 ent_in=1.0109 ent_out=0.4058 rowmax_in=0.5446 rowmax_out=0.7961 discrete_mse=619.954590 best_discrete=37.058495 hash=False elapsed=44.8s
step   500/700 tau=0.0818 loss=0.288732 mse_soft=0.288315 ent_in=0.9925 ent_out=0.3969 rowmax_in=0.5537 rowmax_out=0.7992 discrete_mse=914.204956 best_discrete=37.058495 hash=False elapsed=47.1s
step   525/700 tau=0.0722 loss=0.296288 mse_soft=0.295876 ent_in=0.9760 ent_out=0.3980 rowmax_in=0.5638 rowmax_out=0.7942 discrete_mse=914.204956 best_discrete=37.058495 hash=False elapsed=49.4s
step   550/700 tau=0.0637 loss=0.305974 mse_soft=0.305586 ent_in=0.9092 ent_out=0.3842 rowmax_in=0.5860 rowmax_out=0.8011 discrete_mse=153.571945 best_discrete=37.058495 hash=False elapsed=52.0s
step   575/700 tau=0.0562 loss=0.323152 mse_soft=0.322778 ent_in=0.8995 ent_out=0.3464 rowmax_in=0.5927 rowmax_out=0.8254 discrete_mse=147.575241 best_discrete=37.058495 hash=False elapsed=54.5s
step   600/700 tau=0.0495 loss=0.304964 mse_soft=0.304599 ent_in=0.8574 ent_out=0.3600 rowmax_in=0.6006 rowmax_out=0.8169 discrete_mse=329.263824 best_discrete=37.058495 hash=False elapsed=56.8s
step   625/700 tau=0.0437 loss=0.334385 mse_soft=0.334090 ent_in=0.7267 ent_out=0.2574 rowmax_in=0.6548 rowmax_out=0.8736 discrete_mse=66.536674 best_discrete=37.058495 hash=False elapsed=59.1s
step   650/700 tau=0.0386 loss=0.318733 mse_soft=0.318441 ent_in=0.7371 ent_out=0.2361 rowmax_in=0.6423 rowmax_out=0.8765 discrete_mse=20.370060 best_discrete=20.370060 hash=False elapsed=61.5s
step   675/700 tau=0.0340 loss=0.308571 mse_soft=0.308275 ent_in=0.7545 ent_out=0.2318 rowmax_in=0.6352 rowmax_out=0.8789 discrete_mse=60.195969 best_discrete=20.370060 hash=False elapsed=63.9s
step   700/700 tau=0.0300 loss=0.316613 mse_soft=0.316312 ent_in=0.7633 ent_out=0.2390 rowmax_in=0.6321 rowmax_out=0.8749 discrete_mse=60.195969 best_discrete=20.370060 hash=False elapsed=66.4s

Final metrics:
  soft_mse_full=0.315430
  rowmax_in_mean=0.6302
  rowmax_out_mean=0.8749
  ent_in_mean=0.7612
  ent_out_mean=0.2397
  final_discrete_mse=60.195969
  hash_match=False
  best_discrete_mse_seen=20.370060
Saved results to overnight_b213_j3.json
