Using device: cuda
Train rows: 10000 / Full rows: 10000, steps=700, lr=0.015
step     1/700 tau=1.0000 loss=1.064219 mse_soft=1.063445 ent_in=3.8712 ent_out=3.8712 rowmax_in=0.0213 rowmax_out=0.0213 discrete_mse=23.232796 best_discrete=23.232796 hash=False elapsed=0.5s
step    25/700 tau=0.8810 loss=0.972022 mse_soft=0.971262 ent_in=3.7931 ent_out=3.8056 rowmax_in=0.0330 rowmax_out=0.0323 discrete_mse=694.347717 best_discrete=23.232796 hash=False elapsed=2.3s
step    50/700 tau=0.7721 loss=0.786414 mse_soft=0.785706 ent_in=3.5158 ent_out=3.5651 rowmax_in=0.0567 rowmax_out=0.0543 discrete_mse=2648.738770 best_discrete=23.232796 hash=False elapsed=4.4s
step    75/700 tau=0.6767 loss=0.642574 mse_soft=0.641938 ent_in=3.1308 ent_out=3.2298 rowmax_in=0.0971 rowmax_out=0.0919 discrete_mse=8181.404785 best_discrete=23.232796 hash=False elapsed=6.5s
step   100/700 tau=0.5931 loss=0.531645 mse_soft=0.531091 ent_in=2.7207 ent_out=2.8232 rowmax_in=0.1779 rowmax_out=0.1646 discrete_mse=620.571716 best_discrete=23.232796 hash=False elapsed=8.6s
step   125/700 tau=0.5198 loss=0.441712 mse_soft=0.441271 ent_in=2.2261 ent_out=2.1873 rowmax_in=0.2835 rowmax_out=0.3013 discrete_mse=730.432556 best_discrete=23.232796 hash=False elapsed=10.7s
step   150/700 tau=0.4555 loss=0.376101 mse_soft=0.375766 ent_in=1.8043 ent_out=1.5440 rowmax_in=0.3932 rowmax_out=0.4939 discrete_mse=665.840881 best_discrete=23.232796 hash=False elapsed=12.8s
step   175/700 tau=0.3992 loss=0.334794 mse_soft=0.334542 ent_in=1.5348 ent_out=0.9884 rowmax_in=0.4504 rowmax_out=0.6822 discrete_mse=796.311401 best_discrete=23.232796 hash=False elapsed=14.9s
step   200/700 tau=0.3499 loss=0.312767 mse_soft=0.312564 ent_in=1.3513 ent_out=0.6751 rowmax_in=0.4909 rowmax_out=0.7662 discrete_mse=598.858887 best_discrete=23.232796 hash=False elapsed=16.9s
step   225/700 tau=0.3066 loss=0.299320 mse_soft=0.299143 ent_in=1.2602 ent_out=0.5149 rowmax_in=0.5066 rowmax_out=0.8226 discrete_mse=109.956299 best_discrete=23.232796 hash=False elapsed=18.9s
step   250/700 tau=0.2687 loss=0.289388 mse_soft=0.289229 ent_in=1.2026 ent_out=0.3895 rowmax_in=0.5220 rowmax_out=0.8539 discrete_mse=224.425201 best_discrete=23.232796 hash=False elapsed=21.2s
step   275/700 tau=0.2355 loss=0.283875 mse_soft=0.283725 ent_in=1.1546 ent_out=0.3395 rowmax_in=0.5279 rowmax_out=0.8656 discrete_mse=445.515991 best_discrete=23.232796 hash=False elapsed=23.4s
step   300/700 tau=0.2064 loss=0.280903 mse_soft=0.280759 ent_in=1.1242 ent_out=0.3143 rowmax_in=0.5302 rowmax_out=0.8687 discrete_mse=164.795197 best_discrete=23.232796 hash=False elapsed=25.6s
step   325/700 tau=0.1809 loss=0.279138 mse_soft=0.278999 ent_in=1.1008 ent_out=0.2932 rowmax_in=0.5353 rowmax_out=0.8711 discrete_mse=302.665497 best_discrete=23.232796 hash=False elapsed=27.7s
step   350/700 tau=0.1585 loss=0.279280 mse_soft=0.279142 ent_in=1.0853 ent_out=0.2890 rowmax_in=0.5386 rowmax_out=0.8683 discrete_mse=302.665497 best_discrete=23.232796 hash=False elapsed=29.8s
step   375/700 tau=0.1389 loss=0.275967 mse_soft=0.275831 ent_in=1.0778 ent_out=0.2878 rowmax_in=0.5420 rowmax_out=0.8704 discrete_mse=302.665497 best_discrete=23.232796 hash=False elapsed=31.9s
step   400/700 tau=0.1218 loss=0.276595 mse_soft=0.276459 ent_in=1.0718 ent_out=0.2849 rowmax_in=0.5405 rowmax_out=0.8704 discrete_mse=302.665497 best_discrete=23.232796 hash=False elapsed=34.2s
step   425/700 tau=0.1067 loss=0.279503 mse_soft=0.279367 ent_in=1.0659 ent_out=0.2862 rowmax_in=0.5432 rowmax_out=0.8687 discrete_mse=298.583923 best_discrete=23.232796 hash=False elapsed=36.5s
step   450/700 tau=0.0935 loss=0.276993 mse_soft=0.276859 ent_in=1.0587 ent_out=0.2793 rowmax_in=0.5458 rowmax_out=0.8713 discrete_mse=211.965439 best_discrete=23.232796 hash=False elapsed=38.7s
step   475/700 tau=0.0820 loss=0.278003 mse_soft=0.277870 ent_in=1.0544 ent_out=0.2750 rowmax_in=0.5467 rowmax_out=0.8726 discrete_mse=298.583923 best_discrete=23.232796 hash=False elapsed=40.9s
step   500/700 tau=0.0718 loss=0.278452 mse_soft=0.278320 ent_in=1.0521 ent_out=0.2696 rowmax_in=0.5474 rowmax_out=0.8747 discrete_mse=211.965439 best_discrete=23.232796 hash=False elapsed=43.1s
step   525/700 tau=0.0630 loss=0.292825 mse_soft=0.292694 ent_in=1.0425 ent_out=0.2695 rowmax_in=0.5511 rowmax_out=0.8731 discrete_mse=211.965439 best_discrete=23.232796 hash=False elapsed=45.2s
step   550/700 tau=0.0552 loss=0.277941 mse_soft=0.277811 ent_in=1.0391 ent_out=0.2644 rowmax_in=0.5529 rowmax_out=0.8759 discrete_mse=252.137665 best_discrete=23.232796 hash=False elapsed=47.4s
step   575/700 tau=0.0484 loss=0.284674 mse_soft=0.284544 ent_in=1.0370 ent_out=0.2649 rowmax_in=0.5506 rowmax_out=0.8736 discrete_mse=117.531662 best_discrete=23.232796 hash=False elapsed=49.5s
step   600/700 tau=0.0424 loss=0.288121 mse_soft=0.287992 ent_in=1.0259 ent_out=0.2612 rowmax_in=0.5535 rowmax_out=0.8738 discrete_mse=252.137665 best_discrete=23.232796 hash=False elapsed=51.7s
step   625/700 tau=0.0371 loss=0.377863 mse_soft=0.377740 ent_in=0.9936 ent_out=0.2355 rowmax_in=0.5594 rowmax_out=0.8863 discrete_mse=65.572121 best_discrete=23.232796 hash=False elapsed=53.7s
step   650/700 tau=0.0325 loss=0.301432 mse_soft=0.301320 ent_in=0.8834 ent_out=0.2351 rowmax_in=0.5959 rowmax_out=0.8849 discrete_mse=15.080079 best_discrete=15.080079 hash=False elapsed=55.9s
step   675/700 tau=0.0285 loss=0.290124 mse_soft=0.290015 ent_in=0.8697 ent_out=0.2271 rowmax_in=0.6045 rowmax_out=0.8861 discrete_mse=62.094875 best_discrete=15.080079 hash=False elapsed=57.9s
step   700/700 tau=0.0250 loss=0.334601 mse_soft=0.334498 ent_in=0.7835 ent_out=0.2495 rowmax_in=0.6470 rowmax_out=0.8712 discrete_mse=8.269038 best_discrete=8.269038 hash=False elapsed=60.2s

Final metrics:
  soft_mse_full=0.350073
  rowmax_in_mean=0.6386
  rowmax_out_mean=0.8657
  ent_in_mean=0.7910
  ent_out_mean=0.2538
  final_discrete_mse=23.543549
  hash_match=False
  best_discrete_mse_seen=8.269038
Saved results to overnight_b207_j4.json
