Using device: cuda
Train rows: 10000 / Full rows: 10000, steps=700, lr=0.015
step     1/700 tau=1.0000 loss=1.064205 mse_soft=1.063431 ent_in=3.8712 ent_out=3.8712 rowmax_in=0.0213 rowmax_out=0.0213 discrete_mse=52.406490 best_discrete=52.406490 hash=False elapsed=0.5s
step    25/700 tau=0.8810 loss=0.972145 mse_soft=0.971385 ent_in=3.7933 ent_out=3.8053 rowmax_in=0.0330 rowmax_out=0.0322 discrete_mse=1595.958374 best_discrete=52.406490 hash=False elapsed=2.5s
step    50/700 tau=0.7721 loss=0.787347 mse_soft=0.786639 ent_in=3.5160 ent_out=3.5653 rowmax_in=0.0566 rowmax_out=0.0541 discrete_mse=2892.911377 best_discrete=52.406490 hash=False elapsed=4.6s
step    75/700 tau=0.6767 loss=0.645028 mse_soft=0.644391 ent_in=3.1317 ent_out=3.2348 rowmax_in=0.0963 rowmax_out=0.0893 discrete_mse=5594.585449 best_discrete=52.406490 hash=False elapsed=6.6s
step   100/700 tau=0.5931 loss=0.533082 mse_soft=0.532528 ent_in=2.7131 ent_out=2.8352 rowmax_in=0.1824 rowmax_out=0.1652 discrete_mse=1527.565186 best_discrete=52.406490 hash=False elapsed=8.6s
step   125/700 tau=0.5198 loss=0.437180 mse_soft=0.436742 ent_in=2.2116 ent_out=2.1726 rowmax_in=0.2977 rowmax_out=0.3300 discrete_mse=1771.847778 best_discrete=52.406490 hash=False elapsed=10.5s
step   150/700 tau=0.4555 loss=0.367974 mse_soft=0.367655 ent_in=1.7575 ent_out=1.4273 rowmax_in=0.4012 rowmax_out=0.5503 discrete_mse=27.696205 best_discrete=27.696205 hash=False elapsed=12.5s
step   175/700 tau=0.3992 loss=0.333950 mse_soft=0.333705 ent_in=1.4849 ent_out=0.9706 rowmax_in=0.4641 rowmax_out=0.6486 discrete_mse=434.317749 best_discrete=27.696205 hash=False elapsed=14.5s
step   200/700 tau=0.3499 loss=0.316809 mse_soft=0.316601 ent_in=1.3414 ent_out=0.7349 rowmax_in=0.4898 rowmax_out=0.7094 discrete_mse=438.128296 best_discrete=27.696205 hash=False elapsed=16.5s
step   225/700 tau=0.3066 loss=0.301411 mse_soft=0.301233 ent_in=1.1969 ent_out=0.5818 rowmax_in=0.5298 rowmax_out=0.7640 discrete_mse=823.152954 best_discrete=27.696205 hash=False elapsed=18.6s
step   250/700 tau=0.2687 loss=0.293055 mse_soft=0.292895 ent_in=1.1147 ent_out=0.4762 rowmax_in=0.5512 rowmax_out=0.8012 discrete_mse=199.453018 best_discrete=27.696205 hash=False elapsed=20.6s
step   275/700 tau=0.2355 loss=0.288067 mse_soft=0.287919 ent_in=1.0606 ent_out=0.4134 rowmax_in=0.5632 rowmax_out=0.8226 discrete_mse=572.944885 best_discrete=27.696205 hash=False elapsed=22.5s
step   300/700 tau=0.2064 loss=0.285391 mse_soft=0.285248 ent_in=1.0393 ent_out=0.3919 rowmax_in=0.5677 rowmax_out=0.8226 discrete_mse=572.944885 best_discrete=27.696205 hash=False elapsed=24.5s
step   325/700 tau=0.1809 loss=0.283392 mse_soft=0.283248 ent_in=1.0373 ent_out=0.3977 rowmax_in=0.5669 rowmax_out=0.8152 discrete_mse=788.014526 best_discrete=27.696205 hash=False elapsed=26.6s
step   350/700 tau=0.1585 loss=0.282930 mse_soft=0.282788 ent_in=1.0273 ent_out=0.3938 rowmax_in=0.5674 rowmax_out=0.8145 discrete_mse=625.523682 best_discrete=27.696205 hash=False elapsed=28.6s
step   375/700 tau=0.1389 loss=0.283209 mse_soft=0.283069 ent_in=1.0193 ent_out=0.3841 rowmax_in=0.5688 rowmax_out=0.8157 discrete_mse=131.011749 best_discrete=27.696205 hash=False elapsed=30.6s
step   400/700 tau=0.1218 loss=0.281863 mse_soft=0.281723 ent_in=1.0155 ent_out=0.3823 rowmax_in=0.5697 rowmax_out=0.8149 discrete_mse=131.011749 best_discrete=27.696205 hash=False elapsed=32.7s
step   425/700 tau=0.1067 loss=0.283801 mse_soft=0.283661 ent_in=1.0114 ent_out=0.3824 rowmax_in=0.5716 rowmax_out=0.8118 discrete_mse=51.812302 best_discrete=27.696205 hash=False elapsed=34.7s
step   450/700 tau=0.0935 loss=0.282218 mse_soft=0.282080 ent_in=1.0063 ent_out=0.3717 rowmax_in=0.5758 rowmax_out=0.8153 discrete_mse=130.020401 best_discrete=27.696205 hash=False elapsed=36.8s
step   475/700 tau=0.0820 loss=0.284219 mse_soft=0.284082 ent_in=0.9963 ent_out=0.3668 rowmax_in=0.5813 rowmax_out=0.8137 discrete_mse=307.425934 best_discrete=27.696205 hash=False elapsed=39.0s
step   500/700 tau=0.0718 loss=0.281590 mse_soft=0.281453 ent_in=0.9812 ent_out=0.3797 rowmax_in=0.5842 rowmax_out=0.8031 discrete_mse=92.280235 best_discrete=27.696205 hash=False elapsed=41.2s
step   525/700 tau=0.0630 loss=0.279069 mse_soft=0.278933 ent_in=0.9749 ent_out=0.3857 rowmax_in=0.5844 rowmax_out=0.7966 discrete_mse=151.013916 best_discrete=27.696205 hash=False elapsed=43.4s
step   550/700 tau=0.0552 loss=0.310514 mse_soft=0.310378 ent_in=0.9708 ent_out=0.3889 rowmax_in=0.5828 rowmax_out=0.7917 discrete_mse=90.724838 best_discrete=27.696205 hash=False elapsed=45.5s
step   575/700 tau=0.0484 loss=0.283840 mse_soft=0.283707 ent_in=0.9484 ent_out=0.3824 rowmax_in=0.5860 rowmax_out=0.8009 discrete_mse=108.875549 best_discrete=27.696205 hash=False elapsed=47.6s
step   600/700 tau=0.0424 loss=0.285251 mse_soft=0.285121 ent_in=0.9290 ent_out=0.3795 rowmax_in=0.5879 rowmax_out=0.7980 discrete_mse=91.082909 best_discrete=27.696205 hash=False elapsed=49.6s
step   625/700 tau=0.0371 loss=0.289993 mse_soft=0.289863 ent_in=0.9214 ent_out=0.3734 rowmax_in=0.5930 rowmax_out=0.8012 discrete_mse=94.900375 best_discrete=27.696205 hash=False elapsed=51.7s
step   650/700 tau=0.0325 loss=0.357452 mse_soft=0.357336 ent_in=0.8313 ent_out=0.3253 rowmax_in=0.6246 rowmax_out=0.8283 discrete_mse=203.366898 best_discrete=27.696205 hash=False elapsed=53.7s
step   675/700 tau=0.0285 loss=0.362002 mse_soft=0.361919 ent_in=0.5529 ent_out=0.2795 rowmax_in=0.7223 rowmax_out=0.8526 discrete_mse=85.259911 best_discrete=27.696205 hash=False elapsed=55.8s
step   700/700 tau=0.0250 loss=0.348546 mse_soft=0.348461 ent_in=0.6022 ent_out=0.2562 rowmax_in=0.6709 rowmax_out=0.8714 discrete_mse=157.426147 best_discrete=27.696205 hash=False elapsed=57.9s

Final metrics:
  soft_mse_full=0.346562
  rowmax_in_mean=0.6749
  rowmax_out_mean=0.8718
  ent_in_mean=0.6019
  ent_out_mean=0.2556
  final_discrete_mse=159.576889
  hash_match=False
  best_discrete_mse_seen=27.696205
Saved results to overnight_b240_j4.json
