Using device: cuda
Train rows: 4096 / Full rows: 10000, steps=900, lr=0.03
step     1/900 tau=1.0000 loss=1.048874 mse_soft=1.046552 ent_in=3.8712 ent_out=3.8712 rowmax_in=0.0213 rowmax_out=0.0213 discrete_mse=13.789209 best_discrete=13.789209 hash=False elapsed=0.5s
step    25/900 tau=0.9106 loss=0.848336 mse_soft=0.846145 ent_in=3.6346 ent_out=3.6667 rowmax_in=0.0447 rowmax_out=0.0440 discrete_mse=2157.862305 best_discrete=13.789209 hash=False elapsed=2.4s
step    50/900 tau=0.8260 loss=0.631316 mse_soft=0.629409 ent_in=3.1362 ent_out=3.2214 rowmax_in=0.0906 rowmax_out=0.0888 discrete_mse=4446.366699 best_discrete=13.789209 hash=False elapsed=4.5s
step    75/900 tau=0.7493 loss=0.501760 mse_soft=0.500162 ent_in=2.6286 ent_out=2.6979 rowmax_in=0.1923 rowmax_out=0.1907 discrete_mse=5429.980469 best_discrete=13.789209 hash=False elapsed=6.5s
step   100/900 tau=0.6797 loss=0.396264 mse_soft=0.395077 ent_in=2.0342 ent_out=1.9233 rowmax_in=0.3448 rowmax_out=0.4108 discrete_mse=1365.376709 best_discrete=13.789209 hash=False elapsed=8.4s
step   125/900 tau=0.6165 loss=0.327184 mse_soft=0.326353 ent_in=1.6091 ent_out=1.1609 rowmax_in=0.4289 rowmax_out=0.6441 discrete_mse=478.542480 best_discrete=13.789209 hash=False elapsed=10.6s
step   150/900 tau=0.5592 loss=0.298048 mse_soft=0.297409 ent_in=1.4190 ent_out=0.7089 rowmax_in=0.4823 rowmax_out=0.7788 discrete_mse=435.946075 best_discrete=13.789209 hash=False elapsed=12.7s
step   175/900 tau=0.5073 loss=0.284648 mse_soft=0.284101 ent_in=1.3086 ent_out=0.5124 rowmax_in=0.5020 rowmax_out=0.8154 discrete_mse=507.887939 best_discrete=13.789209 hash=False elapsed=14.8s
step   200/900 tau=0.4602 loss=0.278641 mse_soft=0.278134 ent_in=1.2659 ent_out=0.4232 rowmax_in=0.5040 rowmax_out=0.8373 discrete_mse=507.887939 best_discrete=13.789209 hash=False elapsed=16.8s
step   225/900 tau=0.4174 loss=0.275958 mse_soft=0.275476 ent_in=1.2404 ent_out=0.3675 rowmax_in=0.5045 rowmax_out=0.8514 discrete_mse=169.706009 best_discrete=13.789209 hash=False elapsed=18.9s
step   250/900 tau=0.3786 loss=0.269116 mse_soft=0.268655 ent_in=1.2147 ent_out=0.3203 rowmax_in=0.5081 rowmax_out=0.8638 discrete_mse=337.349243 best_discrete=13.789209 hash=False elapsed=21.0s
step   275/900 tau=0.3434 loss=0.265805 mse_soft=0.265359 ent_in=1.1920 ent_out=0.2951 rowmax_in=0.5132 rowmax_out=0.8691 discrete_mse=337.349243 best_discrete=13.789209 hash=False elapsed=23.1s
step   300/900 tau=0.3115 loss=0.263401 mse_soft=0.262963 ent_in=1.1714 ent_out=0.2869 rowmax_in=0.5162 rowmax_out=0.8694 discrete_mse=337.349243 best_discrete=13.789209 hash=False elapsed=25.2s
step   325/900 tau=0.2826 loss=0.263164 mse_soft=0.262734 ent_in=1.1513 ent_out=0.2819 rowmax_in=0.5197 rowmax_out=0.8709 discrete_mse=337.349243 best_discrete=13.789209 hash=False elapsed=27.4s
step   350/900 tau=0.2563 loss=0.262124 mse_soft=0.261700 ent_in=1.1388 ent_out=0.2762 rowmax_in=0.5197 rowmax_out=0.8731 discrete_mse=337.349243 best_discrete=13.789209 hash=False elapsed=29.6s
step   375/900 tau=0.2325 loss=0.262024 mse_soft=0.261603 ent_in=1.1319 ent_out=0.2725 rowmax_in=0.5201 rowmax_out=0.8742 discrete_mse=334.147095 best_discrete=13.789209 hash=False elapsed=31.6s
step   400/900 tau=0.2109 loss=0.263917 mse_soft=0.263498 ent_in=1.1279 ent_out=0.2687 rowmax_in=0.5199 rowmax_out=0.8753 discrete_mse=492.479401 best_discrete=13.789209 hash=False elapsed=33.8s
step   425/900 tau=0.1913 loss=0.261954 mse_soft=0.261537 ent_in=1.1206 ent_out=0.2670 rowmax_in=0.5219 rowmax_out=0.8747 discrete_mse=492.479401 best_discrete=13.789209 hash=False elapsed=36.1s
step   450/900 tau=0.1735 loss=0.266394 mse_soft=0.265979 ent_in=1.1157 ent_out=0.2673 rowmax_in=0.5212 rowmax_out=0.8736 discrete_mse=492.479401 best_discrete=13.789209 hash=False elapsed=38.3s
step   475/900 tau=0.1574 loss=0.272178 mse_soft=0.271764 ent_in=1.1141 ent_out=0.2656 rowmax_in=0.5215 rowmax_out=0.8727 discrete_mse=625.792908 best_discrete=13.789209 hash=False elapsed=40.5s
step   500/900 tau=0.1428 loss=0.265203 mse_soft=0.264793 ent_in=1.1115 ent_out=0.2550 rowmax_in=0.5207 rowmax_out=0.8758 discrete_mse=625.792908 best_discrete=13.789209 hash=False elapsed=42.6s
step   525/900 tau=0.1295 loss=0.277137 mse_soft=0.276730 ent_in=1.1102 ent_out=0.2438 rowmax_in=0.5211 rowmax_out=0.8818 discrete_mse=492.479401 best_discrete=13.789209 hash=False elapsed=44.7s
step   550/900 tau=0.1175 loss=0.264926 mse_soft=0.264523 ent_in=1.1048 ent_out=0.2385 rowmax_in=0.5221 rowmax_out=0.8839 discrete_mse=475.741577 best_discrete=13.789209 hash=False elapsed=46.9s
step   575/900 tau=0.1066 loss=0.286684 mse_soft=0.286286 ent_in=1.0853 ent_out=0.2422 rowmax_in=0.5367 rowmax_out=0.8757 discrete_mse=283.561005 best_discrete=13.789209 hash=False elapsed=49.1s
step   600/900 tau=0.0967 loss=0.275944 mse_soft=0.275543 ent_in=1.0954 ent_out=0.2397 rowmax_in=0.5194 rowmax_out=0.8739 discrete_mse=108.063622 best_discrete=13.789209 hash=False elapsed=51.2s
step   625/900 tau=0.0877 loss=0.262063 mse_soft=0.261669 ent_in=1.0839 ent_out=0.2320 rowmax_in=0.5281 rowmax_out=0.8841 discrete_mse=293.736755 best_discrete=13.789209 hash=False elapsed=53.3s
step   650/900 tau=0.0795 loss=0.321166 mse_soft=0.320867 ent_in=0.8174 ent_out=0.1798 rowmax_in=0.6207 rowmax_out=0.9103 discrete_mse=125.619873 best_discrete=13.789209 hash=False elapsed=55.3s
step   675/900 tau=0.0722 loss=0.307267 mse_soft=0.306970 ent_in=0.8110 ent_out=0.1792 rowmax_in=0.6032 rowmax_out=0.9080 discrete_mse=223.757401 best_discrete=13.789209 hash=False elapsed=57.6s
step   700/900 tau=0.0655 loss=0.305169 mse_soft=0.304870 ent_in=0.8101 ent_out=0.1875 rowmax_in=0.6040 rowmax_out=0.9017 discrete_mse=308.266388 best_discrete=13.789209 hash=False elapsed=59.7s
step   725/900 tau=0.0594 loss=0.302070 mse_soft=0.301772 ent_in=0.7987 ent_out=0.1931 rowmax_in=0.6030 rowmax_out=0.9018 discrete_mse=164.578918 best_discrete=13.789209 hash=False elapsed=62.0s
step   750/900 tau=0.0539 loss=0.308728 mse_soft=0.308431 ent_in=0.7905 ent_out=0.1992 rowmax_in=0.6030 rowmax_out=0.8983 discrete_mse=1.711217 best_discrete=1.711217 hash=False elapsed=64.2s
step   775/900 tau=0.0489 loss=0.303477 mse_soft=0.303181 ent_in=0.7890 ent_out=0.1955 rowmax_in=0.6062 rowmax_out=0.9004 discrete_mse=164.578918 best_discrete=1.711217 hash=False elapsed=66.5s
step   800/900 tau=0.0443 loss=0.307041 mse_soft=0.306750 ent_in=0.7730 ent_out=0.1981 rowmax_in=0.6183 rowmax_out=0.8988 discrete_mse=204.314026 best_discrete=1.711217 hash=False elapsed=68.6s
step   825/900 tau=0.0402 loss=0.350862 mse_soft=0.350569 ent_in=0.7654 ent_out=0.2092 rowmax_in=0.6226 rowmax_out=0.8886 discrete_mse=129.027939 best_discrete=1.711217 hash=False elapsed=70.6s
step   850/900 tau=0.0365 loss=0.484471 mse_soft=0.484333 ent_in=0.3568 ent_out=0.1032 rowmax_in=0.8434 rowmax_out=0.9517 discrete_mse=2.599187 best_discrete=1.711217 hash=False elapsed=72.7s
step   875/900 tau=0.0331 loss=0.424038 mse_soft=0.423932 ent_in=0.2772 ent_out=0.0742 rowmax_in=0.8540 rowmax_out=0.9544 discrete_mse=1.434195 best_discrete=1.434195 hash=False elapsed=74.8s
step   900/900 tau=0.0300 loss=0.408306 mse_soft=0.408199 ent_in=0.2840 ent_out=0.0726 rowmax_in=0.8509 rowmax_out=0.9538 discrete_mse=1.434195 best_discrete=1.434195 hash=False elapsed=76.8s

Final metrics:
  soft_mse_full=0.426686
  rowmax_in_mean=0.8499
  rowmax_out_mean=0.9538
  ent_in_mean=0.2873
  ent_out_mean=0.0745
  final_discrete_mse=1.434195
  hash_match=False
  best_discrete_mse_seen=1.434195
Saved results to overnight_b142_j1.json
