Using device: cuda
Train rows: 10000 / Full rows: 10000, steps=700, lr=0.02
step     1/700 tau=1.0000 loss=1.065749 mse_soft=1.063426 ent_in=3.8712 ent_out=3.8712 rowmax_in=0.0213 rowmax_out=0.0213 discrete_mse=9.122542 best_discrete=9.122542 hash=False elapsed=0.5s
step    25/700 tau=0.8866 loss=0.935701 mse_soft=0.933449 ent_in=3.7423 ent_out=3.7631 rowmax_in=0.0374 rowmax_out=0.0363 discrete_mse=144.545029 best_discrete=9.122542 hash=False elapsed=2.8s
step    50/700 tau=0.7821 loss=0.712313 mse_soft=0.710276 ent_in=3.3623 ent_out=3.4255 rowmax_in=0.0703 rowmax_out=0.0671 discrete_mse=5945.596680 best_discrete=9.122542 hash=False elapsed=5.1s
step    75/700 tau=0.6899 loss=0.590624 mse_soft=0.588821 ent_in=2.9413 ent_out=3.0684 rowmax_in=0.1319 rowmax_out=0.1177 discrete_mse=523.104248 best_discrete=9.122542 hash=False elapsed=7.4s
step   100/700 tau=0.6086 loss=0.477863 mse_soft=0.476402 ent_in=2.4078 ent_out=2.4616 rowmax_in=0.2532 rowmax_out=0.2460 discrete_mse=1080.159424 best_discrete=9.122542 hash=False elapsed=9.8s
step   125/700 tau=0.5368 loss=0.382056 mse_soft=0.381005 ent_in=1.8189 ent_out=1.6835 rowmax_in=0.3979 rowmax_out=0.4753 discrete_mse=273.795898 best_discrete=9.122542 hash=False elapsed=12.1s
step   150/700 tau=0.4736 loss=0.337644 mse_soft=0.336859 ent_in=1.5018 ent_out=1.1151 rowmax_in=0.4652 rowmax_out=0.6176 discrete_mse=194.860168 best_discrete=9.122542 hash=False elapsed=14.4s
step   175/700 tau=0.4177 loss=0.314901 mse_soft=0.314283 ent_in=1.3284 ent_out=0.7318 rowmax_in=0.4890 rowmax_out=0.7484 discrete_mse=148.128067 best_discrete=9.122542 hash=False elapsed=16.6s
step   200/700 tau=0.3685 loss=0.304401 mse_soft=0.303867 ent_in=1.2251 ent_out=0.5519 rowmax_in=0.5058 rowmax_out=0.7903 discrete_mse=82.672142 best_discrete=9.122542 hash=False elapsed=18.8s
step   225/700 tau=0.3251 loss=0.298537 mse_soft=0.298047 ent_in=1.1491 ent_out=0.4852 rowmax_in=0.5191 rowmax_out=0.7954 discrete_mse=113.858459 best_discrete=9.122542 hash=False elapsed=21.0s
step   250/700 tau=0.2868 loss=0.294832 mse_soft=0.294367 ent_in=1.1103 ent_out=0.4394 rowmax_in=0.5302 rowmax_out=0.8064 discrete_mse=15.967759 best_discrete=9.122542 hash=False elapsed=23.2s
step   275/700 tau=0.2530 loss=0.293351 mse_soft=0.292906 ent_in=1.0779 ent_out=0.4076 rowmax_in=0.5355 rowmax_out=0.8180 discrete_mse=2.388023 best_discrete=2.388023 hash=False elapsed=25.4s
step   300/700 tau=0.2231 loss=0.289570 mse_soft=0.289136 ent_in=1.0509 ent_out=0.3964 rowmax_in=0.5403 rowmax_out=0.8223 discrete_mse=1.024013 best_discrete=1.024013 hash=False elapsed=27.7s
step   325/700 tau=0.1968 loss=0.290869 mse_soft=0.290443 ent_in=1.0385 ent_out=0.3826 rowmax_in=0.5427 rowmax_out=0.8272 discrete_mse=2.388023 best_discrete=1.024013 hash=False elapsed=29.9s
step   350/700 tau=0.1736 loss=0.288199 mse_soft=0.287777 ent_in=1.0322 ent_out=0.3758 rowmax_in=0.5442 rowmax_out=0.8289 discrete_mse=2.388023 best_discrete=1.024013 hash=False elapsed=32.1s
step   375/700 tau=0.1532 loss=0.288657 mse_soft=0.288236 ent_in=1.0289 ent_out=0.3742 rowmax_in=0.5443 rowmax_out=0.8283 discrete_mse=1.024013 best_discrete=1.024013 hash=False elapsed=34.2s
step   400/700 tau=0.1351 loss=0.291854 mse_soft=0.291431 ent_in=1.0287 ent_out=0.3801 rowmax_in=0.5417 rowmax_out=0.8263 discrete_mse=0.807574 best_discrete=0.807574 hash=False elapsed=36.5s
step   425/700 tau=0.1192 loss=0.291907 mse_soft=0.291487 ent_in=1.0246 ent_out=0.3760 rowmax_in=0.5444 rowmax_out=0.8282 discrete_mse=6.549920 best_discrete=0.807574 hash=False elapsed=38.8s
step   450/700 tau=0.1051 loss=0.287796 mse_soft=0.287378 ent_in=1.0213 ent_out=0.3708 rowmax_in=0.5419 rowmax_out=0.8313 discrete_mse=4.668211 best_discrete=0.807574 hash=False elapsed=41.1s
step   475/700 tau=0.0928 loss=0.299492 mse_soft=0.299078 ent_in=1.0134 ent_out=0.3676 rowmax_in=0.5448 rowmax_out=0.8321 discrete_mse=6.549920 best_discrete=0.807574 hash=False elapsed=43.4s
step   500/700 tau=0.0818 loss=0.300722 mse_soft=0.300312 ent_in=1.0099 ent_out=0.3575 rowmax_in=0.5427 rowmax_out=0.8383 discrete_mse=44.891171 best_discrete=0.807574 hash=False elapsed=45.6s
step   525/700 tau=0.0722 loss=0.297941 mse_soft=0.297533 ent_in=1.0028 ent_out=0.3561 rowmax_in=0.5406 rowmax_out=0.8367 discrete_mse=15.138979 best_discrete=0.807574 hash=False elapsed=48.0s
step   550/700 tau=0.0637 loss=0.289153 mse_soft=0.288755 ent_in=0.9757 ent_out=0.3520 rowmax_in=0.5524 rowmax_out=0.8360 discrete_mse=36.506042 best_discrete=0.807574 hash=False elapsed=50.2s
step   575/700 tau=0.0562 loss=0.300719 mse_soft=0.300324 ent_in=0.9700 ent_out=0.3468 rowmax_in=0.5549 rowmax_out=0.8367 discrete_mse=97.688057 best_discrete=0.807574 hash=False elapsed=52.4s
step   600/700 tau=0.0495 loss=0.296496 mse_soft=0.296108 ent_in=0.9525 ent_out=0.3402 rowmax_in=0.5623 rowmax_out=0.8391 discrete_mse=28.624977 best_discrete=0.807574 hash=False elapsed=54.7s
step   625/700 tau=0.0437 loss=0.294946 mse_soft=0.294562 ent_in=0.9524 ent_out=0.3288 rowmax_in=0.5569 rowmax_out=0.8407 discrete_mse=90.313843 best_discrete=0.807574 hash=False elapsed=57.1s
step   650/700 tau=0.0386 loss=0.370469 mse_soft=0.370120 ent_in=0.8748 ent_out=0.2882 rowmax_in=0.5945 rowmax_out=0.8738 discrete_mse=77.499107 best_discrete=0.807574 hash=False elapsed=59.3s
step   675/700 tau=0.0340 loss=0.362054 mse_soft=0.361814 ent_in=0.5620 ent_out=0.2367 rowmax_in=0.7318 rowmax_out=0.8679 discrete_mse=26.450743 best_discrete=0.807574 hash=False elapsed=61.5s
step   700/700 tau=0.0300 loss=0.360005 mse_soft=0.359773 ent_in=0.5320 ent_out=0.2403 rowmax_in=0.7400 rowmax_out=0.8719 discrete_mse=36.616989 best_discrete=0.807574 hash=False elapsed=63.9s

Final metrics:
  soft_mse_full=0.348563
  rowmax_in_mean=0.7359
  rowmax_out_mean=0.8699
  ent_in_mean=0.5347
  ent_out_mean=0.2426
  final_discrete_mse=83.481201
  hash_match=False
  best_discrete_mse_seen=0.807574
Saved results to overnight_b197_j3.json
