Using device: cuda
Train rows: 10000 / Full rows: 10000, steps=700, lr=0.02
step     1/700 tau=1.0000 loss=1.065790 mse_soft=1.063467 ent_in=3.8712 ent_out=3.8712 rowmax_in=0.0213 rowmax_out=0.0213 discrete_mse=191.917252 best_discrete=191.917252 hash=False elapsed=0.6s
step    25/700 tau=0.8866 loss=0.935084 mse_soft=0.932833 ent_in=3.7421 ent_out=3.7631 rowmax_in=0.0371 rowmax_out=0.0363 discrete_mse=1104.817993 best_discrete=191.917252 hash=False elapsed=2.8s
step    50/700 tau=0.7821 loss=0.711397 mse_soft=0.709362 ent_in=3.3610 ent_out=3.4230 rowmax_in=0.0702 rowmax_out=0.0670 discrete_mse=7039.469238 best_discrete=191.917252 hash=False elapsed=5.1s
step    75/700 tau=0.6899 loss=0.588328 mse_soft=0.586528 ent_in=2.9413 ent_out=3.0564 rowmax_in=0.1324 rowmax_out=0.1203 discrete_mse=2518.978271 best_discrete=191.917252 hash=False elapsed=7.3s
step   100/700 tau=0.6086 loss=0.471365 mse_soft=0.469920 ent_in=2.4141 ent_out=2.4026 rowmax_in=0.2484 rowmax_out=0.2704 discrete_mse=4041.651855 best_discrete=191.917252 hash=False elapsed=9.7s
step   125/700 tau=0.5368 loss=0.383396 mse_soft=0.382347 ent_in=1.8635 ent_out=1.6306 rowmax_in=0.3798 rowmax_out=0.4943 discrete_mse=2765.097168 best_discrete=191.917252 hash=False elapsed=11.9s
step   150/700 tau=0.4736 loss=0.339721 mse_soft=0.338923 ent_in=1.5492 ent_out=1.1119 rowmax_in=0.4462 rowmax_out=0.6355 discrete_mse=909.693604 best_discrete=191.917252 hash=False elapsed=14.3s
step   175/700 tau=0.4177 loss=0.315561 mse_soft=0.314906 ent_in=1.3874 ent_out=0.7969 rowmax_in=0.4867 rowmax_out=0.7173 discrete_mse=2742.937500 best_discrete=191.917252 hash=False elapsed=16.7s
step   200/700 tau=0.3685 loss=0.301534 mse_soft=0.300975 ent_in=1.2738 ent_out=0.5909 rowmax_in=0.5096 rowmax_out=0.7638 discrete_mse=485.040802 best_discrete=191.917252 hash=False elapsed=18.9s
step   225/700 tau=0.3251 loss=0.294639 mse_soft=0.294125 ent_in=1.1987 ent_out=0.5153 rowmax_in=0.5231 rowmax_out=0.7772 discrete_mse=744.375793 best_discrete=191.917252 hash=False elapsed=21.3s
step   250/700 tau=0.2868 loss=0.289762 mse_soft=0.289271 ent_in=1.1528 ent_out=0.4825 rowmax_in=0.5361 rowmax_out=0.7749 discrete_mse=826.651306 best_discrete=191.917252 hash=False elapsed=23.6s
step   275/700 tau=0.2530 loss=0.287339 mse_soft=0.286866 ent_in=1.1216 ent_out=0.4555 rowmax_in=0.5435 rowmax_out=0.7851 discrete_mse=1160.341675 best_discrete=191.917252 hash=False elapsed=26.0s
step   300/700 tau=0.2231 loss=0.286374 mse_soft=0.285915 ent_in=1.0964 ent_out=0.4321 rowmax_in=0.5491 rowmax_out=0.7922 discrete_mse=1160.341675 best_discrete=191.917252 hash=False elapsed=28.3s
step   325/700 tau=0.1968 loss=0.286278 mse_soft=0.285827 ent_in=1.0856 ent_out=0.4204 rowmax_in=0.5497 rowmax_out=0.7942 discrete_mse=796.695435 best_discrete=191.917252 hash=False elapsed=30.7s
step   350/700 tau=0.1736 loss=0.283235 mse_soft=0.282785 ent_in=1.0857 ent_out=0.4153 rowmax_in=0.5480 rowmax_out=0.7963 discrete_mse=796.695435 best_discrete=191.917252 hash=False elapsed=32.9s
step   375/700 tau=0.1532 loss=0.285406 mse_soft=0.284954 ent_in=1.0880 ent_out=0.4193 rowmax_in=0.5448 rowmax_out=0.7933 discrete_mse=581.522461 best_discrete=191.917252 hash=False elapsed=35.2s
step   400/700 tau=0.1351 loss=0.281446 mse_soft=0.280997 ent_in=1.0799 ent_out=0.4156 rowmax_in=0.5467 rowmax_out=0.7957 discrete_mse=655.477661 best_discrete=191.917252 hash=False elapsed=37.6s
step   425/700 tau=0.1192 loss=0.282569 mse_soft=0.282121 ent_in=1.0754 ent_out=0.4176 rowmax_in=0.5445 rowmax_out=0.7912 discrete_mse=581.522461 best_discrete=191.917252 hash=False elapsed=39.9s
step   450/700 tau=0.1051 loss=0.289220 mse_soft=0.288778 ent_in=1.0637 ent_out=0.4091 rowmax_in=0.5529 rowmax_out=0.7967 discrete_mse=655.477661 best_discrete=191.917252 hash=False elapsed=42.2s
step   475/700 tau=0.0928 loss=0.283825 mse_soft=0.283385 ent_in=1.0662 ent_out=0.4015 rowmax_in=0.5469 rowmax_out=0.7955 discrete_mse=575.279907 best_discrete=191.917252 hash=False elapsed=44.6s
step   500/700 tau=0.0818 loss=0.285404 mse_soft=0.284968 ent_in=1.0566 ent_out=0.3957 rowmax_in=0.5511 rowmax_out=0.7970 discrete_mse=575.279907 best_discrete=191.917252 hash=False elapsed=47.0s
step   525/700 tau=0.0722 loss=0.294777 mse_soft=0.294354 ent_in=1.0355 ent_out=0.3740 rowmax_in=0.5547 rowmax_out=0.8036 discrete_mse=633.407776 best_discrete=191.917252 hash=False elapsed=49.3s
step   550/700 tau=0.0637 loss=0.285913 mse_soft=0.285491 ent_in=1.0256 ent_out=0.3819 rowmax_in=0.5579 rowmax_out=0.8015 discrete_mse=766.414978 best_discrete=191.917252 hash=False elapsed=51.7s
step   575/700 tau=0.0562 loss=0.332455 mse_soft=0.332047 ent_in=0.9926 ent_out=0.3663 rowmax_in=0.5664 rowmax_out=0.8038 discrete_mse=198.525177 best_discrete=191.917252 hash=False elapsed=54.1s
step   600/700 tau=0.0495 loss=0.302127 mse_soft=0.301737 ent_in=0.9652 ent_out=0.3362 rowmax_in=0.5718 rowmax_out=0.8065 discrete_mse=299.203491 best_discrete=191.917252 hash=False elapsed=56.5s
step   625/700 tau=0.0437 loss=0.297487 mse_soft=0.297092 ent_in=0.9729 ent_out=0.3450 rowmax_in=0.5649 rowmax_out=0.8076 discrete_mse=165.034103 best_discrete=165.034103 hash=False elapsed=59.1s
step   650/700 tau=0.0386 loss=0.334762 mse_soft=0.334401 ent_in=0.8742 ent_out=0.3310 rowmax_in=0.6000 rowmax_out=0.8249 discrete_mse=14.469778 best_discrete=14.469778 hash=False elapsed=61.3s
step   675/700 tau=0.0340 loss=0.341512 mse_soft=0.341185 ent_in=0.7787 ent_out=0.3108 rowmax_in=0.6376 rowmax_out=0.8328 discrete_mse=100.126457 best_discrete=14.469778 hash=False elapsed=63.6s
step   700/700 tau=0.0300 loss=0.369987 mse_soft=0.369726 ent_in=0.5919 ent_out=0.2797 rowmax_in=0.7339 rowmax_out=0.8646 discrete_mse=56.307198 best_discrete=14.469778 hash=False elapsed=66.0s

Final metrics:
  soft_mse_full=0.365878
  rowmax_in_mean=0.7257
  rowmax_out_mean=0.8623
  ent_in_mean=0.6002
  ent_out_mean=0.2808
  final_discrete_mse=44.433578
  hash_match=False
  best_discrete_mse_seen=14.469778
Saved results to overnight_b171_j3.json
