Using device: cuda
Train rows: 4096 / Full rows: 10000, steps=900, lr=0.03
step     1/900 tau=1.0000 loss=1.054826 mse_soft=1.052503 ent_in=3.8712 ent_out=3.8712 rowmax_in=0.0213 rowmax_out=0.0213 discrete_mse=58.659885 best_discrete=58.659885 hash=False elapsed=0.6s
step    25/900 tau=0.9090 loss=0.852808 mse_soft=0.850619 ent_in=3.6315 ent_out=3.6676 rowmax_in=0.0468 rowmax_out=0.0443 discrete_mse=1433.909668 best_discrete=58.659885 hash=False elapsed=2.8s
step    50/900 tau=0.8229 loss=0.637590 mse_soft=0.635689 ent_in=3.1191 ent_out=3.2203 rowmax_in=0.0945 rowmax_out=0.0911 discrete_mse=13457.554688 best_discrete=58.659885 hash=False elapsed=5.1s
step    75/900 tau=0.7450 loss=0.504012 mse_soft=0.502429 ent_in=2.5925 ent_out=2.6848 rowmax_in=0.2027 rowmax_out=0.1919 discrete_mse=3406.059082 best_discrete=58.659885 hash=False elapsed=7.4s
step   100/900 tau=0.6745 loss=0.398408 mse_soft=0.397230 ent_in=2.0231 ent_out=1.9049 rowmax_in=0.3257 rowmax_out=0.3990 discrete_mse=1076.584595 best_discrete=58.659885 hash=False elapsed=9.6s
step   125/900 tau=0.6107 loss=0.330906 mse_soft=0.330088 ent_in=1.5895 ent_out=1.1356 rowmax_in=0.4436 rowmax_out=0.6459 discrete_mse=365.483643 best_discrete=58.659885 hash=False elapsed=11.9s
step   150/900 tau=0.5529 loss=0.300186 mse_soft=0.299557 ent_in=1.4145 ent_out=0.6821 rowmax_in=0.4719 rowmax_out=0.7610 discrete_mse=1320.273804 best_discrete=58.659885 hash=False elapsed=14.2s
step   175/900 tau=0.5006 loss=0.285460 mse_soft=0.284912 ent_in=1.3306 ent_out=0.4945 rowmax_in=0.4664 rowmax_out=0.8150 discrete_mse=485.412079 best_discrete=58.659885 hash=False elapsed=16.5s
step   200/900 tau=0.4532 loss=0.279509 mse_soft=0.279000 ent_in=1.2824 ent_out=0.4150 rowmax_in=0.4760 rowmax_out=0.8329 discrete_mse=256.164978 best_discrete=58.659885 hash=False elapsed=18.8s
step   225/900 tau=0.4103 loss=0.275431 mse_soft=0.274948 ent_in=1.2539 ent_out=0.3571 rowmax_in=0.4774 rowmax_out=0.8538 discrete_mse=1852.853149 best_discrete=58.659885 hash=False elapsed=21.1s
step   250/900 tau=0.3715 loss=0.270977 mse_soft=0.270509 ent_in=1.2348 ent_out=0.3241 rowmax_in=0.4803 rowmax_out=0.8628 discrete_mse=910.245789 best_discrete=58.659885 hash=False elapsed=23.2s
step   275/900 tau=0.3363 loss=0.267980 mse_soft=0.267528 ent_in=1.2153 ent_out=0.2906 rowmax_in=0.4832 rowmax_out=0.8770 discrete_mse=1489.443237 best_discrete=58.659885 hash=False elapsed=25.4s
step   300/900 tau=0.3045 loss=0.265528 mse_soft=0.265088 ent_in=1.2044 ent_out=0.2621 rowmax_in=0.4834 rowmax_out=0.8859 discrete_mse=427.399292 best_discrete=58.659885 hash=False elapsed=27.3s
step   325/900 tau=0.2756 loss=0.265741 mse_soft=0.265310 ent_in=1.1897 ent_out=0.2468 rowmax_in=0.4845 rowmax_out=0.8901 discrete_mse=774.149353 best_discrete=58.659885 hash=False elapsed=29.5s
step   350/900 tau=0.2496 loss=0.263210 mse_soft=0.262784 ent_in=1.1784 ent_out=0.2429 rowmax_in=0.4842 rowmax_out=0.8903 discrete_mse=774.149353 best_discrete=58.659885 hash=False elapsed=31.7s
step   375/900 tau=0.2259 loss=0.262113 mse_soft=0.261687 ent_in=1.1759 ent_out=0.2445 rowmax_in=0.4857 rowmax_out=0.8870 discrete_mse=1145.088989 best_discrete=58.659885 hash=False elapsed=33.9s
step   400/900 tau=0.2046 loss=0.262062 mse_soft=0.261640 ent_in=1.1715 ent_out=0.2362 rowmax_in=0.4849 rowmax_out=0.8886 discrete_mse=884.394592 best_discrete=58.659885 hash=False elapsed=36.1s
step   425/900 tau=0.1852 loss=0.261507 mse_soft=0.261087 ent_in=1.1692 ent_out=0.2322 rowmax_in=0.4858 rowmax_out=0.8887 discrete_mse=1030.744873 best_discrete=58.659885 hash=False elapsed=38.1s
step   450/900 tau=0.1677 loss=0.264381 mse_soft=0.263961 ent_in=1.1691 ent_out=0.2305 rowmax_in=0.4854 rowmax_out=0.8878 discrete_mse=1030.744873 best_discrete=58.659885 hash=False elapsed=40.3s
step   475/900 tau=0.1518 loss=0.262045 mse_soft=0.261626 ent_in=1.1643 ent_out=0.2323 rowmax_in=0.4889 rowmax_out=0.8852 discrete_mse=1030.744873 best_discrete=58.659885 hash=False elapsed=42.5s
step   500/900 tau=0.1374 loss=0.262739 mse_soft=0.262320 ent_in=1.1641 ent_out=0.2313 rowmax_in=0.4876 rowmax_out=0.8828 discrete_mse=1030.744873 best_discrete=58.659885 hash=False elapsed=44.8s
step   525/900 tau=0.1244 loss=0.265114 mse_soft=0.264698 ent_in=1.1572 ent_out=0.2294 rowmax_in=0.4919 rowmax_out=0.8826 discrete_mse=1408.230225 best_discrete=58.659885 hash=False elapsed=46.9s
step   550/900 tau=0.1126 loss=0.277004 mse_soft=0.276589 ent_in=1.1560 ent_out=0.2274 rowmax_in=0.4934 rowmax_out=0.8835 discrete_mse=1384.308350 best_discrete=58.659885 hash=False elapsed=48.7s
step   575/900 tau=0.1020 loss=0.270811 mse_soft=0.270401 ent_in=1.1345 ent_out=0.2311 rowmax_in=0.5027 rowmax_out=0.8797 discrete_mse=747.140808 best_discrete=58.659885 hash=False elapsed=50.7s
step   600/900 tau=0.0923 loss=0.261836 mse_soft=0.261432 ent_in=1.1259 ent_out=0.2233 rowmax_in=0.5011 rowmax_out=0.8832 discrete_mse=356.904388 best_discrete=58.659885 hash=False elapsed=52.7s
step   625/900 tau=0.0836 loss=0.279081 mse_soft=0.278680 ent_in=1.1195 ent_out=0.2180 rowmax_in=0.4981 rowmax_out=0.8881 discrete_mse=253.334595 best_discrete=58.659885 hash=False elapsed=54.6s
step   650/900 tau=0.0757 loss=0.290406 mse_soft=0.290012 ent_in=1.0981 ent_out=0.2131 rowmax_in=0.5034 rowmax_out=0.8878 discrete_mse=84.365875 best_discrete=58.659885 hash=False elapsed=56.4s
step   675/900 tau=0.0685 loss=0.292337 mse_soft=0.291962 ent_in=1.0450 ent_out=0.2054 rowmax_in=0.5178 rowmax_out=0.8975 discrete_mse=136.629471 best_discrete=58.659885 hash=False elapsed=58.6s
step   700/900 tau=0.0620 loss=0.279394 mse_soft=0.279021 ent_in=1.0379 ent_out=0.2057 rowmax_in=0.5196 rowmax_out=0.8922 discrete_mse=408.249634 best_discrete=58.659885 hash=False elapsed=60.6s
step   725/900 tau=0.0562 loss=0.282192 mse_soft=0.281813 ent_in=1.0540 ent_out=0.2108 rowmax_in=0.5092 rowmax_out=0.8902 discrete_mse=222.924591 best_discrete=58.659885 hash=False elapsed=62.4s
step   750/900 tau=0.0508 loss=0.315356 mse_soft=0.315000 ent_in=0.9786 ent_out=0.2078 rowmax_in=0.5443 rowmax_out=0.8927 discrete_mse=69.070412 best_discrete=58.659885 hash=False elapsed=64.5s
step   775/900 tau=0.0460 loss=0.290094 mse_soft=0.289781 ent_in=0.8560 ent_out=0.1864 rowmax_in=0.5784 rowmax_out=0.9050 discrete_mse=48.683647 best_discrete=48.683647 hash=False elapsed=66.5s
step   800/900 tau=0.0417 loss=0.284471 mse_soft=0.284163 ent_in=0.8458 ent_out=0.1806 rowmax_in=0.5840 rowmax_out=0.9011 discrete_mse=101.740898 best_discrete=48.683647 hash=False elapsed=68.5s
step   825/900 tau=0.0377 loss=0.535061 mse_soft=0.534896 ent_in=0.4501 ent_out=0.0993 rowmax_in=0.7786 rowmax_out=0.9537 discrete_mse=7.842958 best_discrete=7.842958 hash=False elapsed=70.4s
step   850/900 tau=0.0342 loss=0.445980 mse_soft=0.445842 ent_in=0.3941 ent_out=0.0665 rowmax_in=0.7890 rowmax_out=0.9615 discrete_mse=5.371180 best_discrete=5.371180 hash=False elapsed=72.4s
step   875/900 tau=0.0309 loss=0.446323 mse_soft=0.446195 ent_in=0.3641 ent_out=0.0597 rowmax_in=0.8053 rowmax_out=0.9656 discrete_mse=2.955139 best_discrete=2.955139 hash=False elapsed=74.3s
step   900/900 tau=0.0280 loss=0.443506 mse_soft=0.443379 ent_in=0.3666 ent_out=0.0554 rowmax_in=0.8006 rowmax_out=0.9683 discrete_mse=3.499606 best_discrete=2.955139 hash=False elapsed=76.4s

Final metrics:
  soft_mse_full=0.462771
  rowmax_in_mean=0.7996
  rowmax_out_mean=0.9683
  ent_in_mean=0.3674
  ent_out_mean=0.0553
  final_discrete_mse=2.955139
  hash_match=False
  best_discrete_mse_seen=2.955139
Saved results to overnight_b054_j2.json
