Using device: cuda
Train rows: 10000 / Full rows: 10000, steps=700, lr=0.02
step     1/700 tau=1.0000 loss=1.065704 mse_soft=1.063381 ent_in=3.8712 ent_out=3.8712 rowmax_in=0.0213 rowmax_out=0.0213 discrete_mse=97.962944 best_discrete=97.962944 hash=False elapsed=0.5s
step    25/700 tau=0.8866 loss=0.934637 mse_soft=0.932386 ent_in=3.7419 ent_out=3.7623 rowmax_in=0.0375 rowmax_out=0.0363 discrete_mse=1303.008789 best_discrete=97.962944 hash=False elapsed=2.7s
step    50/700 tau=0.7821 loss=0.710646 mse_soft=0.708613 ent_in=3.3585 ent_out=3.4209 rowmax_in=0.0702 rowmax_out=0.0664 discrete_mse=4991.918945 best_discrete=97.962944 hash=False elapsed=4.9s
step    75/700 tau=0.6899 loss=0.585324 mse_soft=0.583528 ent_in=2.9369 ent_out=3.0511 rowmax_in=0.1329 rowmax_out=0.1242 discrete_mse=953.809387 best_discrete=97.962944 hash=False elapsed=7.1s
step   100/700 tau=0.6086 loss=0.464607 mse_soft=0.463181 ent_in=2.3672 ent_out=2.3852 rowmax_in=0.2590 rowmax_out=0.2701 discrete_mse=2322.792236 best_discrete=97.962944 hash=False elapsed=9.4s
step   125/700 tau=0.5368 loss=0.379040 mse_soft=0.378006 ent_in=1.8375 ent_out=1.6077 rowmax_in=0.3890 rowmax_out=0.4845 discrete_mse=414.277985 best_discrete=97.962944 hash=False elapsed=11.6s
step   150/700 tau=0.4736 loss=0.340383 mse_soft=0.339591 ent_in=1.5258 ent_out=1.1155 rowmax_in=0.4461 rowmax_out=0.6254 discrete_mse=213.136948 best_discrete=97.962944 hash=False elapsed=13.7s
step   175/700 tau=0.4177 loss=0.322522 mse_soft=0.321866 ent_in=1.3581 ent_out=0.8281 rowmax_in=0.4686 rowmax_out=0.7006 discrete_mse=209.135651 best_discrete=97.962944 hash=False elapsed=16.0s
step   200/700 tau=0.3685 loss=0.311379 mse_soft=0.310805 ent_in=1.2661 ent_out=0.6473 rowmax_in=0.4822 rowmax_out=0.7305 discrete_mse=109.439720 best_discrete=97.962944 hash=False elapsed=18.1s
step   225/700 tau=0.3251 loss=0.304044 mse_soft=0.303506 ent_in=1.2180 ent_out=0.5780 rowmax_in=0.4890 rowmax_out=0.7403 discrete_mse=91.550972 best_discrete=91.550972 hash=False elapsed=20.3s
step   250/700 tau=0.2868 loss=0.300592 mse_soft=0.300082 ent_in=1.1748 ent_out=0.5264 rowmax_in=0.4972 rowmax_out=0.7718 discrete_mse=26.026958 best_discrete=26.026958 hash=False elapsed=22.6s
step   275/700 tau=0.2530 loss=0.296128 mse_soft=0.295643 ent_in=1.1491 ent_out=0.4668 rowmax_in=0.5026 rowmax_out=0.8022 discrete_mse=625.898987 best_discrete=26.026958 hash=False elapsed=24.9s
step   300/700 tau=0.2231 loss=0.292032 mse_soft=0.291565 ent_in=1.1320 ent_out=0.4253 rowmax_in=0.5073 rowmax_out=0.8203 discrete_mse=1171.386719 best_discrete=26.026958 hash=False elapsed=27.3s
step   325/700 tau=0.1968 loss=0.290429 mse_soft=0.289966 ent_in=1.1203 ent_out=0.4235 rowmax_in=0.5098 rowmax_out=0.8163 discrete_mse=578.698059 best_discrete=26.026958 hash=False elapsed=29.6s
step   350/700 tau=0.1736 loss=0.291719 mse_soft=0.291260 ent_in=1.1150 ent_out=0.4162 rowmax_in=0.5104 rowmax_out=0.8179 discrete_mse=751.601318 best_discrete=26.026958 hash=False elapsed=31.9s
step   375/700 tau=0.1532 loss=0.289843 mse_soft=0.289387 ent_in=1.1087 ent_out=0.4114 rowmax_in=0.5116 rowmax_out=0.8183 discrete_mse=611.571289 best_discrete=26.026958 hash=False elapsed=34.0s
step   400/700 tau=0.1351 loss=0.289334 mse_soft=0.288881 ent_in=1.1040 ent_out=0.4056 rowmax_in=0.5129 rowmax_out=0.8212 discrete_mse=611.571289 best_discrete=26.026958 hash=False elapsed=36.5s
step   425/700 tau=0.1192 loss=0.294568 mse_soft=0.294117 ent_in=1.1019 ent_out=0.4008 rowmax_in=0.5135 rowmax_out=0.8243 discrete_mse=1545.554565 best_discrete=26.026958 hash=False elapsed=38.8s
step   450/700 tau=0.1051 loss=0.302934 mse_soft=0.302484 ent_in=1.1002 ent_out=0.3983 rowmax_in=0.5150 rowmax_out=0.8266 discrete_mse=1537.171753 best_discrete=26.026958 hash=False elapsed=41.2s
step   475/700 tau=0.0928 loss=0.290175 mse_soft=0.289732 ent_in=1.0888 ent_out=0.3870 rowmax_in=0.5217 rowmax_out=0.8295 discrete_mse=308.850067 best_discrete=26.026958 hash=False elapsed=43.4s
step   500/700 tau=0.0818 loss=0.300712 mse_soft=0.300276 ent_in=1.0779 ent_out=0.3752 rowmax_in=0.5263 rowmax_out=0.8315 discrete_mse=308.850067 best_discrete=26.026958 hash=False elapsed=45.9s
step   525/700 tau=0.0722 loss=0.290529 mse_soft=0.290100 ent_in=1.0680 ent_out=0.3633 rowmax_in=0.5299 rowmax_out=0.8372 discrete_mse=1576.285767 best_discrete=26.026958 hash=False elapsed=48.1s
step   550/700 tau=0.0637 loss=0.301914 mse_soft=0.301490 ent_in=1.0585 ent_out=0.3563 rowmax_in=0.5339 rowmax_out=0.8389 discrete_mse=130.336121 best_discrete=26.026958 hash=False elapsed=50.5s
step   575/700 tau=0.0562 loss=0.295121 mse_soft=0.294707 ent_in=1.0373 ent_out=0.3456 rowmax_in=0.5426 rowmax_out=0.8452 discrete_mse=277.989258 best_discrete=26.026958 hash=False elapsed=52.8s
step   600/700 tau=0.0495 loss=0.296893 mse_soft=0.296493 ent_in=1.0138 ent_out=0.3199 rowmax_in=0.5476 rowmax_out=0.8579 discrete_mse=140.403778 best_discrete=26.026958 hash=False elapsed=55.1s
step   625/700 tau=0.0437 loss=0.379497 mse_soft=0.379151 ent_in=0.8468 ent_out=0.3074 rowmax_in=0.6242 rowmax_out=0.8485 discrete_mse=45.295212 best_discrete=26.026958 hash=False elapsed=57.3s
step   650/700 tau=0.0386 loss=0.353557 mse_soft=0.353275 ent_in=0.6788 ent_out=0.2637 rowmax_in=0.6727 rowmax_out=0.8709 discrete_mse=82.158775 best_discrete=26.026958 hash=False elapsed=59.4s
step   675/700 tau=0.0340 loss=0.372948 mse_soft=0.372685 ent_in=0.6236 ent_out=0.2534 rowmax_in=0.6872 rowmax_out=0.8589 discrete_mse=11.359126 best_discrete=11.359126 hash=False elapsed=61.6s
step   700/700 tau=0.0300 loss=0.352475 mse_soft=0.352217 ent_in=0.6288 ent_out=0.2307 rowmax_in=0.6766 rowmax_out=0.8808 discrete_mse=23.613327 best_discrete=11.359126 hash=False elapsed=63.8s

Final metrics:
  soft_mse_full=0.346606
  rowmax_in_mean=0.6770
  rowmax_out_mean=0.8789
  ent_in_mean=0.6309
  ent_out_mean=0.2309
  final_discrete_mse=23.613327
  hash_match=False
  best_discrete_mse_seen=11.359126
Saved results to overnight_b126_j3.json
