Using device: cuda
Train rows: 10000 / Full rows: 10000, steps=700, lr=0.015
step     1/700 tau=1.0000 loss=1.064188 mse_soft=1.063414 ent_in=3.8712 ent_out=3.8712 rowmax_in=0.0213 rowmax_out=0.0213 discrete_mse=22.896532 best_discrete=22.896532 hash=False elapsed=0.5s
step    25/700 tau=0.8810 loss=0.971888 mse_soft=0.971128 ent_in=3.7934 ent_out=3.8054 rowmax_in=0.0331 rowmax_out=0.0324 discrete_mse=72.834633 best_discrete=22.896532 hash=False elapsed=2.8s
step    50/700 tau=0.7721 loss=0.786663 mse_soft=0.785954 ent_in=3.5192 ent_out=3.5648 rowmax_in=0.0561 rowmax_out=0.0550 discrete_mse=1143.291382 best_discrete=22.896532 hash=False elapsed=5.1s
step    75/700 tau=0.6767 loss=0.643457 mse_soft=0.642820 ent_in=3.1355 ent_out=3.2334 rowmax_in=0.0958 rowmax_out=0.0921 discrete_mse=5727.553223 best_discrete=22.896532 hash=False elapsed=7.4s
step   100/700 tau=0.5931 loss=0.531267 mse_soft=0.530711 ent_in=2.7245 ent_out=2.8363 rowmax_in=0.1816 rowmax_out=0.1700 discrete_mse=1649.344116 best_discrete=22.896532 hash=False elapsed=9.9s
step   125/700 tau=0.5198 loss=0.438501 mse_soft=0.438059 ent_in=2.2262 ent_out=2.1971 rowmax_in=0.2973 rowmax_out=0.3057 discrete_mse=5220.985352 best_discrete=22.896532 hash=False elapsed=12.3s
step   150/700 tau=0.4555 loss=0.372367 mse_soft=0.372037 ent_in=1.7602 ent_out=1.5414 rowmax_in=0.4072 rowmax_out=0.4970 discrete_mse=897.853394 best_discrete=22.896532 hash=False elapsed=14.7s
step   175/700 tau=0.3992 loss=0.338680 mse_soft=0.338430 ent_in=1.4491 ent_out=1.0431 rowmax_in=0.4699 rowmax_out=0.6599 discrete_mse=992.441162 best_discrete=22.896532 hash=False elapsed=16.9s
step   200/700 tau=0.3499 loss=0.321963 mse_soft=0.321756 ent_in=1.3370 ent_out=0.7380 rowmax_in=0.4878 rowmax_out=0.7524 discrete_mse=374.787292 best_discrete=22.896532 hash=False elapsed=19.1s
step   225/700 tau=0.3066 loss=0.311229 mse_soft=0.311044 ent_in=1.2824 ent_out=0.5728 rowmax_in=0.4966 rowmax_out=0.7909 discrete_mse=415.406372 best_discrete=22.896532 hash=False elapsed=21.2s
step   250/700 tau=0.2687 loss=0.304374 mse_soft=0.304204 ent_in=1.2378 ent_out=0.4651 rowmax_in=0.4955 rowmax_out=0.8232 discrete_mse=1173.040405 best_discrete=22.896532 hash=False elapsed=23.6s
step   275/700 tau=0.2355 loss=0.300024 mse_soft=0.299866 ent_in=1.1876 ent_out=0.3959 rowmax_in=0.5030 rowmax_out=0.8445 discrete_mse=619.993896 best_discrete=22.896532 hash=False elapsed=25.7s
step   300/700 tau=0.2064 loss=0.298118 mse_soft=0.297968 ent_in=1.1532 ent_out=0.3494 rowmax_in=0.5081 rowmax_out=0.8543 discrete_mse=619.993896 best_discrete=22.896532 hash=False elapsed=28.0s
step   325/700 tau=0.1809 loss=0.295865 mse_soft=0.295720 ent_in=1.1316 ent_out=0.3190 rowmax_in=0.5120 rowmax_out=0.8647 discrete_mse=432.428192 best_discrete=22.896532 hash=False elapsed=30.2s
step   350/700 tau=0.1585 loss=0.294770 mse_soft=0.294628 ent_in=1.1162 ent_out=0.3014 rowmax_in=0.5123 rowmax_out=0.8695 discrete_mse=437.015289 best_discrete=22.896532 hash=False elapsed=32.3s
step   375/700 tau=0.1389 loss=0.295081 mse_soft=0.294941 ent_in=1.1015 ent_out=0.2916 rowmax_in=0.5152 rowmax_out=0.8748 discrete_mse=432.428192 best_discrete=22.896532 hash=False elapsed=34.5s
step   400/700 tau=0.1218 loss=0.293474 mse_soft=0.293336 ent_in=1.0956 ent_out=0.2842 rowmax_in=0.5165 rowmax_out=0.8777 discrete_mse=637.397888 best_discrete=22.896532 hash=False elapsed=36.6s
step   425/700 tau=0.1067 loss=0.293469 mse_soft=0.293331 ent_in=1.0904 ent_out=0.2807 rowmax_in=0.5180 rowmax_out=0.8789 discrete_mse=637.397888 best_discrete=22.896532 hash=False elapsed=38.7s
step   450/700 tau=0.0935 loss=0.297053 mse_soft=0.296917 ent_in=1.0852 ent_out=0.2820 rowmax_in=0.5178 rowmax_out=0.8779 discrete_mse=292.366852 best_discrete=22.896532 hash=False elapsed=40.8s
step   475/700 tau=0.0820 loss=0.293554 mse_soft=0.293418 ent_in=1.0771 ent_out=0.2855 rowmax_in=0.5203 rowmax_out=0.8757 discrete_mse=517.313293 best_discrete=22.896532 hash=False elapsed=43.0s
step   500/700 tau=0.0718 loss=0.297747 mse_soft=0.297610 ent_in=1.0758 ent_out=0.2921 rowmax_in=0.5187 rowmax_out=0.8703 discrete_mse=214.717712 best_discrete=22.896532 hash=False elapsed=45.1s
step   525/700 tau=0.0630 loss=0.303584 mse_soft=0.303448 ent_in=1.0652 ent_out=0.2930 rowmax_in=0.5231 rowmax_out=0.8706 discrete_mse=437.015289 best_discrete=22.896532 hash=False elapsed=47.3s
step   550/700 tau=0.0552 loss=0.303045 mse_soft=0.302909 ent_in=1.0612 ent_out=0.3010 rowmax_in=0.5240 rowmax_out=0.8639 discrete_mse=157.036835 best_discrete=22.896532 hash=False elapsed=49.6s
step   575/700 tau=0.0484 loss=0.301640 mse_soft=0.301505 ent_in=1.0491 ent_out=0.3011 rowmax_in=0.5282 rowmax_out=0.8635 discrete_mse=340.596191 best_discrete=22.896532 hash=False elapsed=51.7s
step   600/700 tau=0.0424 loss=0.298735 mse_soft=0.298602 ent_in=1.0284 ent_out=0.2962 rowmax_in=0.5361 rowmax_out=0.8637 discrete_mse=216.740295 best_discrete=22.896532 hash=False elapsed=54.1s
step   625/700 tau=0.0371 loss=0.308996 mse_soft=0.308866 ent_in=0.9951 ent_out=0.3023 rowmax_in=0.5500 rowmax_out=0.8540 discrete_mse=340.596191 best_discrete=22.896532 hash=False elapsed=56.3s
step   650/700 tau=0.0325 loss=0.317267 mse_soft=0.317144 ent_in=0.9450 ent_out=0.2926 rowmax_in=0.5706 rowmax_out=0.8621 discrete_mse=321.612701 best_discrete=22.896532 hash=False elapsed=58.5s
step   675/700 tau=0.0285 loss=0.321763 mse_soft=0.321641 ent_in=0.9327 ent_out=0.2903 rowmax_in=0.5657 rowmax_out=0.8659 discrete_mse=191.814804 best_discrete=22.896532 hash=False elapsed=61.0s
step   700/700 tau=0.0250 loss=0.386431 mse_soft=0.386327 ent_in=0.7565 ent_out=0.2826 rowmax_in=0.6329 rowmax_out=0.8676 discrete_mse=25.770416 best_discrete=22.896532 hash=False elapsed=63.3s

Final metrics:
  soft_mse_full=0.442093
  rowmax_in_mean=0.6428
  rowmax_out_mean=0.8724
  ent_in_mean=0.7342
  ent_out_mean=0.2741
  final_discrete_mse=32.966923
  hash_match=False
  best_discrete_mse_seen=22.896532
Saved results to overnight_b058_j4.json
