Using device: cuda
Train rows: 10000 / Full rows: 10000, steps=700, lr=0.02
step     1/700 tau=1.0000 loss=1.065667 mse_soft=1.063344 ent_in=3.8712 ent_out=3.8712 rowmax_in=0.0213 rowmax_out=0.0213 discrete_mse=28.799805 best_discrete=28.799805 hash=False elapsed=0.5s
step    25/700 tau=0.8866 loss=0.934894 mse_soft=0.932643 ent_in=3.7417 ent_out=3.7628 rowmax_in=0.0374 rowmax_out=0.0361 discrete_mse=3575.073486 best_discrete=28.799805 hash=False elapsed=2.7s
step    50/700 tau=0.7821 loss=0.711429 mse_soft=0.709393 ent_in=3.3615 ent_out=3.4252 rowmax_in=0.0700 rowmax_out=0.0660 discrete_mse=6431.071777 best_discrete=28.799805 hash=False elapsed=4.8s
step    75/700 tau=0.6899 loss=0.586972 mse_soft=0.585174 ent_in=2.9389 ent_out=3.0568 rowmax_in=0.1321 rowmax_out=0.1209 discrete_mse=435.822601 best_discrete=28.799805 hash=False elapsed=7.0s
step   100/700 tau=0.6086 loss=0.469913 mse_soft=0.468469 ent_in=2.3852 ent_out=2.4287 rowmax_in=0.2519 rowmax_out=0.2544 discrete_mse=1966.599609 best_discrete=28.799805 hash=False elapsed=9.3s
step   125/700 tau=0.5368 loss=0.383791 mse_soft=0.382744 ent_in=1.8100 ent_out=1.6810 rowmax_in=0.4005 rowmax_out=0.4685 discrete_mse=1105.973633 best_discrete=28.799805 hash=False elapsed=11.3s
step   150/700 tau=0.4736 loss=0.335505 mse_soft=0.334741 ent_in=1.4758 ent_out=1.0704 rowmax_in=0.4649 rowmax_out=0.6454 discrete_mse=597.447205 best_discrete=28.799805 hash=False elapsed=13.6s
step   175/700 tau=0.4177 loss=0.309585 mse_soft=0.308981 ent_in=1.2886 ent_out=0.7236 rowmax_in=0.5086 rowmax_out=0.7398 discrete_mse=234.699341 best_discrete=28.799805 hash=False elapsed=15.8s
step   200/700 tau=0.3685 loss=0.299862 mse_soft=0.299337 ent_in=1.2000 ent_out=0.5492 rowmax_in=0.5201 rowmax_out=0.7937 discrete_mse=622.711548 best_discrete=28.799805 hash=False elapsed=17.9s
step   225/700 tau=0.3251 loss=0.292415 mse_soft=0.291937 ent_in=1.1500 ent_out=0.4423 rowmax_in=0.5265 rowmax_out=0.8365 discrete_mse=567.335205 best_discrete=28.799805 hash=False elapsed=20.1s
step   250/700 tau=0.2868 loss=0.290225 mse_soft=0.289779 ent_in=1.1241 ent_out=0.3653 rowmax_in=0.5258 rowmax_out=0.8654 discrete_mse=831.700989 best_discrete=28.799805 hash=False elapsed=22.2s
step   275/700 tau=0.2530 loss=0.288319 mse_soft=0.287891 ent_in=1.1069 ent_out=0.3210 rowmax_in=0.5246 rowmax_out=0.8783 discrete_mse=953.953979 best_discrete=28.799805 hash=False elapsed=24.3s
step   300/700 tau=0.2231 loss=0.287892 mse_soft=0.287473 ent_in=1.1000 ent_out=0.2953 rowmax_in=0.5242 rowmax_out=0.8851 discrete_mse=1236.294922 best_discrete=28.799805 hash=False elapsed=26.3s
step   325/700 tau=0.1968 loss=0.285827 mse_soft=0.285418 ent_in=1.0907 ent_out=0.2727 rowmax_in=0.5254 rowmax_out=0.8922 discrete_mse=1236.294922 best_discrete=28.799805 hash=False elapsed=28.5s
step   350/700 tau=0.1736 loss=0.285030 mse_soft=0.284627 ent_in=1.0786 ent_out=0.2655 rowmax_in=0.5282 rowmax_out=0.8942 discrete_mse=1117.823120 best_discrete=28.799805 hash=False elapsed=30.8s
step   375/700 tau=0.1532 loss=0.285728 mse_soft=0.285328 ent_in=1.0692 ent_out=0.2649 rowmax_in=0.5314 rowmax_out=0.8943 discrete_mse=626.481995 best_discrete=28.799805 hash=False elapsed=33.3s
step   400/700 tau=0.1351 loss=0.285977 mse_soft=0.285580 ent_in=1.0596 ent_out=0.2661 rowmax_in=0.5318 rowmax_out=0.8908 discrete_mse=751.839478 best_discrete=28.799805 hash=False elapsed=35.8s
step   425/700 tau=0.1192 loss=0.289163 mse_soft=0.288771 ent_in=1.0495 ent_out=0.2583 rowmax_in=0.5362 rowmax_out=0.8935 discrete_mse=751.839478 best_discrete=28.799805 hash=False elapsed=37.9s
step   450/700 tau=0.1051 loss=0.292033 mse_soft=0.291643 ent_in=1.0452 ent_out=0.2564 rowmax_in=0.5366 rowmax_out=0.8924 discrete_mse=751.839478 best_discrete=28.799805 hash=False elapsed=40.0s
step   475/700 tau=0.0928 loss=0.284357 mse_soft=0.283971 ent_in=1.0401 ent_out=0.2476 rowmax_in=0.5368 rowmax_out=0.8958 discrete_mse=2038.292358 best_discrete=28.799805 hash=False elapsed=42.1s
step   500/700 tau=0.0818 loss=0.289364 mse_soft=0.288983 ent_in=1.0300 ent_out=0.2416 rowmax_in=0.5397 rowmax_out=0.8977 discrete_mse=661.084229 best_discrete=28.799805 hash=False elapsed=44.4s
step   525/700 tau=0.0722 loss=0.295542 mse_soft=0.295169 ent_in=1.0143 ent_out=0.2269 rowmax_in=0.5467 rowmax_out=0.9058 discrete_mse=1718.652710 best_discrete=28.799805 hash=False elapsed=46.5s
step   550/700 tau=0.0637 loss=0.316638 mse_soft=0.316268 ent_in=1.0158 ent_out=0.2172 rowmax_in=0.5308 rowmax_out=0.9029 discrete_mse=278.770142 best_discrete=28.799805 hash=False elapsed=48.8s
step   575/700 tau=0.0562 loss=0.292490 mse_soft=0.292133 ent_in=0.9823 ent_out=0.2087 rowmax_in=0.5524 rowmax_out=0.9077 discrete_mse=2038.292358 best_discrete=28.799805 hash=False elapsed=50.8s
step   600/700 tau=0.0495 loss=0.339325 mse_soft=0.338968 ent_in=0.9807 ent_out=0.2102 rowmax_in=0.5443 rowmax_out=0.9033 discrete_mse=383.091980 best_discrete=28.799805 hash=False elapsed=53.0s
step   625/700 tau=0.0437 loss=0.339463 mse_soft=0.339162 ent_in=0.8148 ent_out=0.1892 rowmax_in=0.6124 rowmax_out=0.9082 discrete_mse=55.596550 best_discrete=28.799805 hash=False elapsed=55.2s
step   650/700 tau=0.0386 loss=0.328844 mse_soft=0.328555 ent_in=0.7460 ent_out=0.2162 rowmax_in=0.6418 rowmax_out=0.8844 discrete_mse=334.665405 best_discrete=28.799805 hash=False elapsed=57.3s
step   675/700 tau=0.0340 loss=0.332345 mse_soft=0.332069 ent_in=0.7110 ent_out=0.2092 rowmax_in=0.6457 rowmax_out=0.8894 discrete_mse=1274.151733 best_discrete=28.799805 hash=False elapsed=59.4s
step   700/700 tau=0.0300 loss=0.334926 mse_soft=0.334651 ent_in=0.7077 ent_out=0.2099 rowmax_in=0.6232 rowmax_out=0.8861 discrete_mse=8.264983 best_discrete=8.264983 hash=False elapsed=61.6s

Final metrics:
  soft_mse_full=0.326041
  rowmax_in_mean=0.6286
  rowmax_out_mean=0.8853
  ent_in_mean=0.7087
  ent_out_mean=0.2109
  final_discrete_mse=12.486470
  hash_match=False
  best_discrete_mse_seen=8.264983
Saved results to overnight_b145_j3.json
