Using device: cuda
Train rows: 10000 / Full rows: 10000, steps=700, lr=0.015
step     1/700 tau=1.0000 loss=1.064162 mse_soft=1.063388 ent_in=3.8712 ent_out=3.8712 rowmax_in=0.0213 rowmax_out=0.0213 discrete_mse=38.143429 best_discrete=38.143429 hash=False elapsed=0.6s
step    25/700 tau=0.8810 loss=0.971608 mse_soft=0.970848 ent_in=3.7930 ent_out=3.8052 rowmax_in=0.0331 rowmax_out=0.0323 discrete_mse=1257.689331 best_discrete=38.143429 hash=False elapsed=2.9s
step    50/700 tau=0.7721 loss=0.785778 mse_soft=0.785070 ent_in=3.5148 ent_out=3.5648 rowmax_in=0.0563 rowmax_out=0.0542 discrete_mse=5241.922852 best_discrete=38.143429 hash=False elapsed=5.4s
step    75/700 tau=0.6767 loss=0.643655 mse_soft=0.643018 ent_in=3.1320 ent_out=3.2331 rowmax_in=0.0957 rowmax_out=0.0880 discrete_mse=10586.296875 best_discrete=38.143429 hash=False elapsed=7.9s
step   100/700 tau=0.5931 loss=0.530050 mse_soft=0.529495 ent_in=2.7124 ent_out=2.8340 rowmax_in=0.1795 rowmax_out=0.1619 discrete_mse=4268.104004 best_discrete=38.143429 hash=False elapsed=10.2s
step   125/700 tau=0.5198 loss=0.433924 mse_soft=0.433490 ent_in=2.2025 ent_out=2.1461 rowmax_in=0.2911 rowmax_out=0.3287 discrete_mse=2054.472656 best_discrete=38.143429 hash=False elapsed=12.4s
step   150/700 tau=0.4555 loss=0.369072 mse_soft=0.368747 ent_in=1.7534 ent_out=1.4956 rowmax_in=0.4022 rowmax_out=0.5336 discrete_mse=3111.429443 best_discrete=38.143429 hash=False elapsed=14.9s
step   175/700 tau=0.3992 loss=0.331076 mse_soft=0.330823 ent_in=1.5092 ent_out=1.0128 rowmax_in=0.4364 rowmax_out=0.6644 discrete_mse=465.047699 best_discrete=38.143429 hash=False elapsed=17.2s
step   200/700 tau=0.3499 loss=0.313895 mse_soft=0.313688 ent_in=1.3588 ent_out=0.7034 rowmax_in=0.4554 rowmax_out=0.7455 discrete_mse=75.034370 best_discrete=38.143429 hash=False elapsed=19.5s
step   225/700 tau=0.3066 loss=0.306605 mse_soft=0.306420 ent_in=1.2932 ent_out=0.5637 rowmax_in=0.4665 rowmax_out=0.7791 discrete_mse=314.004425 best_discrete=38.143429 hash=False elapsed=21.9s
step   250/700 tau=0.2687 loss=0.301985 mse_soft=0.301811 ent_in=1.2499 ent_out=0.4882 rowmax_in=0.4745 rowmax_out=0.7955 discrete_mse=109.990700 best_discrete=38.143429 hash=False elapsed=24.1s
step   275/700 tau=0.2355 loss=0.299512 mse_soft=0.299349 ent_in=1.2085 ent_out=0.4247 rowmax_in=0.4941 rowmax_out=0.8116 discrete_mse=129.375717 best_discrete=38.143429 hash=False elapsed=26.5s
step   300/700 tau=0.2064 loss=0.293326 mse_soft=0.293170 ent_in=1.1760 ent_out=0.3847 rowmax_in=0.5048 rowmax_out=0.8221 discrete_mse=100.707298 best_discrete=38.143429 hash=False elapsed=28.9s
step   325/700 tau=0.1809 loss=0.291482 mse_soft=0.291331 ent_in=1.1470 ent_out=0.3599 rowmax_in=0.5141 rowmax_out=0.8266 discrete_mse=78.693069 best_discrete=38.143429 hash=False elapsed=31.4s
step   350/700 tau=0.1585 loss=0.288373 mse_soft=0.288227 ent_in=1.1175 ent_out=0.3463 rowmax_in=0.5200 rowmax_out=0.8326 discrete_mse=78.693069 best_discrete=38.143429 hash=False elapsed=33.9s
step   375/700 tau=0.1389 loss=0.286862 mse_soft=0.286718 ent_in=1.1009 ent_out=0.3400 rowmax_in=0.5231 rowmax_out=0.8351 discrete_mse=118.964951 best_discrete=38.143429 hash=False elapsed=36.4s
step   400/700 tau=0.1218 loss=0.287750 mse_soft=0.287606 ent_in=1.0991 ent_out=0.3358 rowmax_in=0.5212 rowmax_out=0.8359 discrete_mse=181.320923 best_discrete=38.143429 hash=False elapsed=38.7s
step   425/700 tau=0.1067 loss=0.287735 mse_soft=0.287592 ent_in=1.0927 ent_out=0.3325 rowmax_in=0.5231 rowmax_out=0.8364 discrete_mse=118.964951 best_discrete=38.143429 hash=False elapsed=41.1s
step   450/700 tau=0.0935 loss=0.289087 mse_soft=0.288945 ent_in=1.0878 ent_out=0.3284 rowmax_in=0.5254 rowmax_out=0.8390 discrete_mse=177.557617 best_discrete=38.143429 hash=False elapsed=43.5s
step   475/700 tau=0.0820 loss=0.292084 mse_soft=0.291943 ent_in=1.0794 ent_out=0.3289 rowmax_in=0.5297 rowmax_out=0.8380 discrete_mse=331.194794 best_discrete=38.143429 hash=False elapsed=46.1s
step   500/700 tau=0.0718 loss=0.290369 mse_soft=0.290229 ent_in=1.0761 ent_out=0.3281 rowmax_in=0.5301 rowmax_out=0.8391 discrete_mse=181.320923 best_discrete=38.143429 hash=False elapsed=48.6s
step   525/700 tau=0.0630 loss=0.320001 mse_soft=0.319862 ent_in=1.0718 ent_out=0.3238 rowmax_in=0.5311 rowmax_out=0.8409 discrete_mse=331.194794 best_discrete=38.143429 hash=False elapsed=51.1s
step   550/700 tau=0.0552 loss=0.292650 mse_soft=0.292511 ent_in=1.0608 ent_out=0.3248 rowmax_in=0.5326 rowmax_out=0.8408 discrete_mse=129.532745 best_discrete=38.143429 hash=False elapsed=53.4s
step   575/700 tau=0.0484 loss=0.292252 mse_soft=0.292114 ent_in=1.0492 ent_out=0.3215 rowmax_in=0.5357 rowmax_out=0.8453 discrete_mse=77.050026 best_discrete=38.143429 hash=False elapsed=55.8s
step   600/700 tau=0.0424 loss=0.303595 mse_soft=0.303460 ent_in=1.0204 ent_out=0.3246 rowmax_in=0.5415 rowmax_out=0.8400 discrete_mse=172.305252 best_discrete=38.143429 hash=False elapsed=58.0s
step   625/700 tau=0.0371 loss=0.318977 mse_soft=0.318846 ent_in=1.0011 ent_out=0.3051 rowmax_in=0.5446 rowmax_out=0.8494 discrete_mse=212.429016 best_discrete=38.143429 hash=False elapsed=60.3s
step   650/700 tau=0.0325 loss=0.303607 mse_soft=0.303480 ent_in=0.9833 ent_out=0.2809 rowmax_in=0.5483 rowmax_out=0.8552 discrete_mse=171.748764 best_discrete=38.143429 hash=False elapsed=62.7s
step   675/700 tau=0.0285 loss=0.361952 mse_soft=0.361848 ent_in=0.7971 ent_out=0.2415 rowmax_in=0.6215 rowmax_out=0.8662 discrete_mse=79.193420 best_discrete=38.143429 hash=False elapsed=65.1s
step   700/700 tau=0.0250 loss=0.366548 mse_soft=0.366452 ent_in=0.7488 ent_out=0.2162 rowmax_in=0.6207 rowmax_out=0.8857 discrete_mse=108.556236 best_discrete=38.143429 hash=False elapsed=67.6s

Final metrics:
  soft_mse_full=0.356772
  rowmax_in_mean=0.6074
  rowmax_out_mean=0.8903
  ent_in_mean=0.7589
  ent_out_mean=0.2129
  final_discrete_mse=45.558338
  hash_match=False
  best_discrete_mse_seen=38.143429
Saved results to overnight_b116_j4.json
