Using device: cuda
Train rows: 4096 / Full rows: 10000, steps=900, lr=0.03
step     1/900 tau=1.0000 loss=1.058142 mse_soft=1.055820 ent_in=3.8712 ent_out=3.8712 rowmax_in=0.0213 rowmax_out=0.0213 discrete_mse=169.637024 best_discrete=169.637024 hash=False elapsed=0.5s
step    25/900 tau=0.9106 loss=0.851602 mse_soft=0.849412 ent_in=3.6339 ent_out=3.6648 rowmax_in=0.0449 rowmax_out=0.0452 discrete_mse=1388.949829 best_discrete=169.637024 hash=False elapsed=2.5s
step    50/900 tau=0.8260 loss=0.640211 mse_soft=0.638298 ent_in=3.1402 ent_out=3.2364 rowmax_in=0.0912 rowmax_out=0.0870 discrete_mse=654.096252 best_discrete=169.637024 hash=False elapsed=4.7s
step    75/900 tau=0.7493 loss=0.502742 mse_soft=0.501149 ent_in=2.6108 ent_out=2.6998 rowmax_in=0.2095 rowmax_out=0.1994 discrete_mse=3546.538330 best_discrete=169.637024 hash=False elapsed=7.0s
step   100/900 tau=0.6797 loss=0.406689 mse_soft=0.405487 ent_in=2.0430 ent_out=1.9634 rowmax_in=0.3465 rowmax_out=0.3832 discrete_mse=298.657166 best_discrete=169.637024 hash=False elapsed=9.1s
step   125/900 tau=0.6165 loss=0.344546 mse_soft=0.343658 ent_in=1.6186 ent_out=1.3394 rowmax_in=0.4478 rowmax_out=0.5640 discrete_mse=458.532196 best_discrete=169.637024 hash=False elapsed=11.2s
step   150/900 tau=0.5592 loss=0.314373 mse_soft=0.313668 ent_in=1.4313 ent_out=0.9214 rowmax_in=0.4876 rowmax_out=0.6886 discrete_mse=175.603867 best_discrete=169.637024 hash=False elapsed=13.3s
step   175/900 tau=0.5073 loss=0.300272 mse_soft=0.299660 ent_in=1.3194 ent_out=0.7212 rowmax_in=0.5022 rowmax_out=0.7315 discrete_mse=116.318459 best_discrete=116.318459 hash=False elapsed=15.7s
step   200/900 tau=0.4602 loss=0.293411 mse_soft=0.292852 ent_in=1.2673 ent_out=0.5951 rowmax_in=0.5042 rowmax_out=0.7524 discrete_mse=56.936768 best_discrete=56.936768 hash=False elapsed=17.9s
step   225/900 tau=0.4174 loss=0.287619 mse_soft=0.287093 ent_in=1.2258 ent_out=0.5266 rowmax_in=0.5073 rowmax_out=0.7762 discrete_mse=69.225739 best_discrete=56.936768 hash=False elapsed=20.2s
step   250/900 tau=0.3786 loss=0.284048 mse_soft=0.283547 ent_in=1.1874 ent_out=0.4833 rowmax_in=0.5145 rowmax_out=0.7967 discrete_mse=64.245857 best_discrete=56.936768 hash=False elapsed=22.4s
step   275/900 tau=0.3434 loss=0.278010 mse_soft=0.277530 ent_in=1.1537 ent_out=0.4453 rowmax_in=0.5206 rowmax_out=0.8072 discrete_mse=42.529530 best_discrete=42.529530 hash=False elapsed=24.8s
step   300/900 tau=0.3115 loss=0.274010 mse_soft=0.273555 ent_in=1.1159 ent_out=0.4022 rowmax_in=0.5218 rowmax_out=0.8236 discrete_mse=23.991385 best_discrete=23.991385 hash=False elapsed=27.2s
step   325/900 tau=0.2826 loss=0.271325 mse_soft=0.270883 ent_in=1.0938 ent_out=0.3781 rowmax_in=0.5289 rowmax_out=0.8335 discrete_mse=10.360629 best_discrete=10.360629 hash=False elapsed=29.6s
step   350/900 tau=0.2563 loss=0.269166 mse_soft=0.268732 ent_in=1.0802 ent_out=0.3674 rowmax_in=0.5318 rowmax_out=0.8413 discrete_mse=10.360629 best_discrete=10.360629 hash=False elapsed=31.9s
step   375/900 tau=0.2325 loss=0.268301 mse_soft=0.267873 ent_in=1.0717 ent_out=0.3568 rowmax_in=0.5347 rowmax_out=0.8463 discrete_mse=9.582994 best_discrete=9.582994 hash=False elapsed=34.3s
step   400/900 tau=0.2109 loss=0.267762 mse_soft=0.267338 ent_in=1.0609 ent_out=0.3502 rowmax_in=0.5382 rowmax_out=0.8475 discrete_mse=9.582994 best_discrete=9.582994 hash=False elapsed=36.6s
step   425/900 tau=0.1913 loss=0.267367 mse_soft=0.266948 ent_in=1.0532 ent_out=0.3459 rowmax_in=0.5409 rowmax_out=0.8487 discrete_mse=9.582994 best_discrete=9.582994 hash=False elapsed=38.6s
step   450/900 tau=0.1735 loss=0.270554 mse_soft=0.270137 ent_in=1.0482 ent_out=0.3438 rowmax_in=0.5430 rowmax_out=0.8496 discrete_mse=9.582994 best_discrete=9.582994 hash=False elapsed=40.9s
step   475/900 tau=0.1574 loss=0.266846 mse_soft=0.266431 ent_in=1.0442 ent_out=0.3406 rowmax_in=0.5446 rowmax_out=0.8508 discrete_mse=9.582994 best_discrete=9.582994 hash=False elapsed=43.0s
step   500/900 tau=0.1428 loss=0.267848 mse_soft=0.267436 ent_in=1.0398 ent_out=0.3336 rowmax_in=0.5444 rowmax_out=0.8534 discrete_mse=9.582994 best_discrete=9.582994 hash=False elapsed=45.1s
step   525/900 tau=0.1295 loss=0.268497 mse_soft=0.268087 ent_in=1.0406 ent_out=0.3267 rowmax_in=0.5437 rowmax_out=0.8562 discrete_mse=9.582994 best_discrete=9.582994 hash=False elapsed=47.2s
step   550/900 tau=0.1175 loss=0.270595 mse_soft=0.270190 ent_in=1.0306 ent_out=0.3189 rowmax_in=0.5486 rowmax_out=0.8599 discrete_mse=9.582994 best_discrete=9.582994 hash=False elapsed=49.4s
step   575/900 tau=0.1066 loss=0.268232 mse_soft=0.267831 ent_in=1.0201 ent_out=0.3176 rowmax_in=0.5510 rowmax_out=0.8584 discrete_mse=8.768577 best_discrete=8.768577 hash=False elapsed=51.8s
step   600/900 tau=0.0967 loss=0.270481 mse_soft=0.270085 ent_in=1.0049 ent_out=0.3140 rowmax_in=0.5610 rowmax_out=0.8590 discrete_mse=10.511013 best_discrete=8.768577 hash=False elapsed=53.9s
step   625/900 tau=0.0877 loss=0.267363 mse_soft=0.266968 ent_in=1.0013 ent_out=0.3131 rowmax_in=0.5614 rowmax_out=0.8596 discrete_mse=1.324180 best_discrete=1.324180 hash=False elapsed=56.2s
step   650/900 tau=0.0795 loss=0.274945 mse_soft=0.274551 ent_in=1.0013 ent_out=0.3115 rowmax_in=0.5598 rowmax_out=0.8590 discrete_mse=5.756478 best_discrete=1.324180 hash=False elapsed=59.0s
step   675/900 tau=0.0722 loss=0.272388 mse_soft=0.272002 ent_in=0.9828 ent_out=0.3035 rowmax_in=0.5713 rowmax_out=0.8628 discrete_mse=2.898948 best_discrete=1.324180 hash=False elapsed=61.4s
step   700/900 tau=0.0655 loss=0.313657 mse_soft=0.313353 ent_in=0.7474 ent_out=0.2658 rowmax_in=0.6606 rowmax_out=0.8645 discrete_mse=3.941777 best_discrete=1.324180 hash=False elapsed=63.8s
step   725/900 tau=0.0594 loss=0.292939 mse_soft=0.292629 ent_in=0.7298 ent_out=0.3035 rowmax_in=0.6443 rowmax_out=0.8363 discrete_mse=3.390582 best_discrete=1.324180 hash=False elapsed=66.1s
step   750/900 tau=0.0539 loss=0.289572 mse_soft=0.289270 ent_in=0.7115 ent_out=0.2973 rowmax_in=0.6657 rowmax_out=0.8334 discrete_mse=1.509628 best_discrete=1.324180 hash=False elapsed=68.4s
step   775/900 tau=0.0489 loss=0.300660 mse_soft=0.300365 ent_in=0.6884 ent_out=0.2924 rowmax_in=0.6819 rowmax_out=0.8438 discrete_mse=13.409139 best_discrete=1.324180 hash=False elapsed=70.8s
step   800/900 tau=0.0443 loss=0.316092 mse_soft=0.315792 ent_in=0.7057 ent_out=0.2947 rowmax_in=0.6676 rowmax_out=0.8384 discrete_mse=6.773210 best_discrete=1.324180 hash=False elapsed=73.1s
step   825/900 tau=0.0402 loss=0.331664 mse_soft=0.331415 ent_in=0.5628 ent_out=0.2677 rowmax_in=0.6959 rowmax_out=0.8553 discrete_mse=8.857208 best_discrete=1.324180 hash=False elapsed=75.2s
step   850/900 tau=0.0365 loss=0.896258 mse_soft=0.896036 ent_in=0.4883 ent_out=0.2525 rowmax_in=0.7620 rowmax_out=0.8586 discrete_mse=99.575150 best_discrete=1.324180 hash=False elapsed=77.3s
step   875/900 tau=0.0331 loss=0.579199 mse_soft=0.579096 ent_in=0.2365 ent_out=0.1064 rowmax_in=0.8933 rowmax_out=0.9530 discrete_mse=28.637024 best_discrete=1.324180 hash=False elapsed=79.3s
step   900/900 tau=0.0300 loss=0.515559 mse_soft=0.515464 ent_in=0.2324 ent_out=0.0861 rowmax_in=0.8887 rowmax_out=0.9607 discrete_mse=49.744133 best_discrete=1.324180 hash=False elapsed=81.3s

Final metrics:
  soft_mse_full=0.523803
  rowmax_in_mean=0.8886
  rowmax_out_mean=0.9606
  ent_in_mean=0.2325
  ent_out_mean=0.0863
  final_discrete_mse=14.529128
  hash_match=False
  best_discrete_mse_seen=1.324180
Saved results to overnight_b110_j1.json
