Using device: cuda
Train rows: 4096 / Full rows: 10000, steps=900, lr=0.03
step     1/900 tau=1.0000 loss=1.071905 mse_soft=1.069582 ent_in=3.8712 ent_out=3.8712 rowmax_in=0.0213 rowmax_out=0.0213 discrete_mse=10.007052 best_discrete=10.007052 hash=False elapsed=0.5s
step    25/900 tau=0.9090 loss=0.874733 mse_soft=0.872542 ent_in=3.6355 ent_out=3.6675 rowmax_in=0.0446 rowmax_out=0.0440 discrete_mse=10447.345703 best_discrete=10.007052 hash=False elapsed=2.6s
step    50/900 tau=0.8229 loss=0.662605 mse_soft=0.660699 ent_in=3.1267 ent_out=3.2235 rowmax_in=0.0947 rowmax_out=0.0875 discrete_mse=6417.524902 best_discrete=10.007052 hash=False elapsed=4.8s
step    75/900 tau=0.7450 loss=0.512663 mse_soft=0.511103 ent_in=2.5627 ent_out=2.6381 rowmax_in=0.2168 rowmax_out=0.2029 discrete_mse=749.906067 best_discrete=10.007052 hash=False elapsed=7.2s
step   100/900 tau=0.6745 loss=0.414564 mse_soft=0.413402 ent_in=2.0301 ent_out=1.8435 rowmax_in=0.3345 rowmax_out=0.4144 discrete_mse=532.720215 best_discrete=10.007052 hash=False elapsed=9.6s
step   125/900 tau=0.6107 loss=0.354140 mse_soft=0.353288 ent_in=1.6844 ent_out=1.1548 rowmax_in=0.4032 rowmax_out=0.6155 discrete_mse=1635.685181 best_discrete=10.007052 hash=False elapsed=11.9s
step   150/900 tau=0.5529 loss=0.320899 mse_soft=0.320234 ent_in=1.5107 ent_out=0.7064 rowmax_in=0.4373 rowmax_out=0.7537 discrete_mse=534.781799 best_discrete=10.007052 hash=False elapsed=14.0s
step   175/900 tau=0.5006 loss=0.306400 mse_soft=0.305824 ent_in=1.4168 ent_out=0.5038 rowmax_in=0.4488 rowmax_out=0.8175 discrete_mse=639.358154 best_discrete=10.007052 hash=False elapsed=16.3s
step   200/900 tau=0.4532 loss=0.299300 mse_soft=0.298758 ent_in=1.3758 ent_out=0.4300 rowmax_in=0.4504 rowmax_out=0.8411 discrete_mse=1015.381165 best_discrete=10.007052 hash=False elapsed=18.6s
step   225/900 tau=0.4103 loss=0.295015 mse_soft=0.294495 ent_in=1.3422 ent_out=0.3905 rowmax_in=0.4550 rowmax_out=0.8519 discrete_mse=676.170471 best_discrete=10.007052 hash=False elapsed=20.9s
step   250/900 tau=0.3715 loss=0.291731 mse_soft=0.291229 ent_in=1.3172 ent_out=0.3580 rowmax_in=0.4591 rowmax_out=0.8625 discrete_mse=709.231812 best_discrete=10.007052 hash=False elapsed=23.1s
step   275/900 tau=0.3363 loss=0.289193 mse_soft=0.288705 ent_in=1.2911 ent_out=0.3334 rowmax_in=0.4649 rowmax_out=0.8704 discrete_mse=1633.896851 best_discrete=10.007052 hash=False elapsed=25.3s
step   300/900 tau=0.3045 loss=0.288983 mse_soft=0.288506 ent_in=1.2771 ent_out=0.3113 rowmax_in=0.4670 rowmax_out=0.8796 discrete_mse=1633.896851 best_discrete=10.007052 hash=False elapsed=27.7s
step   325/900 tau=0.2756 loss=0.289328 mse_soft=0.288860 ent_in=1.2639 ent_out=0.2938 rowmax_in=0.4714 rowmax_out=0.8851 discrete_mse=1730.647217 best_discrete=10.007052 hash=False elapsed=30.0s
step   350/900 tau=0.2496 loss=0.285239 mse_soft=0.284779 ent_in=1.2514 ent_out=0.2809 rowmax_in=0.4729 rowmax_out=0.8888 discrete_mse=131.448578 best_discrete=10.007052 hash=False elapsed=32.2s
step   375/900 tau=0.2259 loss=0.289869 mse_soft=0.289416 ent_in=1.2384 ent_out=0.2745 rowmax_in=0.4763 rowmax_out=0.8891 discrete_mse=131.448578 best_discrete=10.007052 hash=False elapsed=34.5s
step   400/900 tau=0.2046 loss=0.283303 mse_soft=0.282853 ent_in=1.2346 ent_out=0.2650 rowmax_in=0.4746 rowmax_out=0.8914 discrete_mse=131.448578 best_discrete=10.007052 hash=False elapsed=36.7s
step   425/900 tau=0.1852 loss=0.288919 mse_soft=0.288472 ent_in=1.2305 ent_out=0.2595 rowmax_in=0.4731 rowmax_out=0.8916 discrete_mse=131.448578 best_discrete=10.007052 hash=False elapsed=39.0s
step   450/900 tau=0.1677 loss=0.287547 mse_soft=0.287103 ent_in=1.2270 ent_out=0.2542 rowmax_in=0.4723 rowmax_out=0.8923 discrete_mse=131.448578 best_discrete=10.007052 hash=False elapsed=41.2s
step   475/900 tau=0.1518 loss=0.290128 mse_soft=0.289687 ent_in=1.2247 ent_out=0.2439 rowmax_in=0.4732 rowmax_out=0.8973 discrete_mse=97.499550 best_discrete=10.007052 hash=False elapsed=43.4s
step   500/900 tau=0.1374 loss=0.286478 mse_soft=0.286036 ent_in=1.2271 ent_out=0.2431 rowmax_in=0.4699 rowmax_out=0.8963 discrete_mse=97.499550 best_discrete=10.007052 hash=False elapsed=45.6s
step   525/900 tau=0.1244 loss=0.282572 mse_soft=0.282132 ent_in=1.2259 ent_out=0.2395 rowmax_in=0.4694 rowmax_out=0.8969 discrete_mse=97.499550 best_discrete=10.007052 hash=False elapsed=47.8s
step   550/900 tau=0.1126 loss=0.285005 mse_soft=0.284565 ent_in=1.2231 ent_out=0.2434 rowmax_in=0.4697 rowmax_out=0.8923 discrete_mse=160.612686 best_discrete=10.007052 hash=False elapsed=50.2s
step   575/900 tau=0.1020 loss=0.288049 mse_soft=0.287610 ent_in=1.2216 ent_out=0.2427 rowmax_in=0.4687 rowmax_out=0.8906 discrete_mse=789.298584 best_discrete=10.007052 hash=False elapsed=52.7s
step   600/900 tau=0.0923 loss=0.290371 mse_soft=0.289932 ent_in=1.2197 ent_out=0.2440 rowmax_in=0.4688 rowmax_out=0.8885 discrete_mse=242.744446 best_discrete=10.007052 hash=False elapsed=55.1s
step   625/900 tau=0.0836 loss=0.309759 mse_soft=0.309338 ent_in=1.1768 ent_out=0.2289 rowmax_in=0.4765 rowmax_out=0.8961 discrete_mse=352.416504 best_discrete=10.007052 hash=False elapsed=57.4s
step   650/900 tau=0.0757 loss=0.297803 mse_soft=0.297379 ent_in=1.1776 ent_out=0.2376 rowmax_in=0.4766 rowmax_out=0.8915 discrete_mse=2001.326782 best_discrete=10.007052 hash=False elapsed=59.7s
step   675/900 tau=0.0685 loss=0.330737 mse_soft=0.330335 ent_in=1.1021 ent_out=0.2354 rowmax_in=0.5240 rowmax_out=0.8894 discrete_mse=213.842300 best_discrete=10.007052 hash=False elapsed=61.8s
step   700/900 tau=0.0620 loss=0.333344 mse_soft=0.332977 ent_in=1.0274 ent_out=0.1931 rowmax_in=0.5435 rowmax_out=0.9156 discrete_mse=206.558868 best_discrete=10.007052 hash=False elapsed=64.1s
step   725/900 tau=0.0562 loss=0.309719 mse_soft=0.309347 ent_in=1.0529 ent_out=0.1867 rowmax_in=0.5136 rowmax_out=0.9214 discrete_mse=242.012192 best_discrete=10.007052 hash=False elapsed=66.4s
step   750/900 tau=0.0508 loss=0.306823 mse_soft=0.306449 ent_in=1.0598 ent_out=0.1890 rowmax_in=0.5106 rowmax_out=0.9177 discrete_mse=185.785141 best_discrete=10.007052 hash=False elapsed=68.7s
step   775/900 tau=0.0460 loss=0.344038 mse_soft=0.343702 ent_in=0.9507 ent_out=0.1692 rowmax_in=0.5689 rowmax_out=0.9274 discrete_mse=66.046570 best_discrete=10.007052 hash=False elapsed=71.0s
step   800/900 tau=0.0417 loss=0.442691 mse_soft=0.442439 ent_in=0.6647 ent_out=0.1765 rowmax_in=0.7033 rowmax_out=0.9167 discrete_mse=51.766571 best_discrete=10.007052 hash=False elapsed=73.1s
step   825/900 tau=0.0377 loss=0.415821 mse_soft=0.415620 ent_in=0.5142 ent_out=0.1555 rowmax_in=0.7249 rowmax_out=0.9009 discrete_mse=13.475430 best_discrete=10.007052 hash=False elapsed=75.2s
step   850/900 tau=0.0342 loss=0.450620 mse_soft=0.450470 ent_in=0.3684 ent_out=0.1320 rowmax_in=0.8051 rowmax_out=0.9068 discrete_mse=17.388390 best_discrete=10.007052 hash=False elapsed=77.2s
step   875/900 tau=0.0309 loss=0.461455 mse_soft=0.461313 ent_in=0.3511 ent_out=0.1223 rowmax_in=0.8196 rowmax_out=0.9094 discrete_mse=36.969204 best_discrete=10.007052 hash=False elapsed=79.4s
step   900/900 tau=0.0280 loss=0.444145 mse_soft=0.444002 ent_in=0.3525 ent_out=0.1223 rowmax_in=0.8104 rowmax_out=0.9094 discrete_mse=370.973328 best_discrete=10.007052 hash=False elapsed=81.6s

Final metrics:
  soft_mse_full=0.444205
  rowmax_in_mean=0.8108
  rowmax_out_mean=0.9094
  ent_in_mean=0.3531
  ent_out_mean=0.1223
  final_discrete_mse=420.659241
  hash_match=False
  best_discrete_mse_seen=10.007052
Saved results to overnight_b052_j2.json
