Using device: cuda
Train rows: 10000 / Full rows: 10000, steps=700, lr=0.015
step     1/700 tau=1.0000 loss=1.064212 mse_soft=1.063438 ent_in=3.8712 ent_out=3.8712 rowmax_in=0.0213 rowmax_out=0.0213 discrete_mse=251.870972 best_discrete=251.870972 hash=False elapsed=0.5s
step    25/700 tau=0.8810 loss=0.972083 mse_soft=0.971323 ent_in=3.7931 ent_out=3.8051 rowmax_in=0.0330 rowmax_out=0.0322 discrete_mse=2703.588135 best_discrete=251.870972 hash=False elapsed=2.8s
step    50/700 tau=0.7721 loss=0.786984 mse_soft=0.786276 ent_in=3.5153 ent_out=3.5660 rowmax_in=0.0560 rowmax_out=0.0537 discrete_mse=1822.584717 best_discrete=251.870972 hash=False elapsed=5.2s
step    75/700 tau=0.6767 loss=0.643011 mse_soft=0.642375 ent_in=3.1326 ent_out=3.2313 rowmax_in=0.0941 rowmax_out=0.0909 discrete_mse=12849.677734 best_discrete=251.870972 hash=False elapsed=7.7s
step   100/700 tau=0.5931 loss=0.529047 mse_soft=0.528496 ent_in=2.7105 ent_out=2.8078 rowmax_in=0.1793 rowmax_out=0.1715 discrete_mse=327.059906 best_discrete=251.870972 hash=False elapsed=10.1s
step   125/700 tau=0.5198 loss=0.431642 mse_soft=0.431210 ent_in=2.1781 ent_out=2.1478 rowmax_in=0.3036 rowmax_out=0.3209 discrete_mse=899.272400 best_discrete=251.870972 hash=False elapsed=12.3s
step   150/700 tau=0.4555 loss=0.366359 mse_soft=0.366031 ent_in=1.7453 ent_out=1.5328 rowmax_in=0.3947 rowmax_out=0.5045 discrete_mse=270.494232 best_discrete=251.870972 hash=False elapsed=14.5s
step   175/700 tau=0.3992 loss=0.328163 mse_soft=0.327915 ent_in=1.4140 ent_out=1.0608 rowmax_in=0.4777 rowmax_out=0.6386 discrete_mse=711.171082 best_discrete=251.870972 hash=False elapsed=16.7s
step   200/700 tau=0.3499 loss=0.310219 mse_soft=0.310009 ent_in=1.2784 ent_out=0.8125 rowmax_in=0.4933 rowmax_out=0.6949 discrete_mse=218.493622 best_discrete=218.493622 hash=False elapsed=19.0s
step   225/700 tau=0.3066 loss=0.297675 mse_soft=0.297496 ent_in=1.1744 ent_out=0.6168 rowmax_in=0.5319 rowmax_out=0.7547 discrete_mse=252.015549 best_discrete=218.493622 hash=False elapsed=21.6s
step   250/700 tau=0.2687 loss=0.289553 mse_soft=0.289393 ent_in=1.1026 ent_out=0.5040 rowmax_in=0.5398 rowmax_out=0.7990 discrete_mse=237.205551 best_discrete=218.493622 hash=False elapsed=24.0s
step   275/700 tau=0.2355 loss=0.284586 mse_soft=0.284439 ent_in=1.0479 ent_out=0.4176 rowmax_in=0.5513 rowmax_out=0.8256 discrete_mse=248.602371 best_discrete=218.493622 hash=False elapsed=26.2s
step   300/700 tau=0.2064 loss=0.281949 mse_soft=0.281810 ent_in=1.0147 ent_out=0.3804 rowmax_in=0.5567 rowmax_out=0.8294 discrete_mse=320.975311 best_discrete=218.493622 hash=False elapsed=28.5s
step   325/700 tau=0.1809 loss=0.280696 mse_soft=0.280561 ent_in=0.9930 ent_out=0.3555 rowmax_in=0.5618 rowmax_out=0.8342 discrete_mse=361.549347 best_discrete=218.493622 hash=False elapsed=31.0s
step   350/700 tau=0.1585 loss=0.280349 mse_soft=0.280217 ent_in=0.9846 ent_out=0.3361 rowmax_in=0.5623 rowmax_out=0.8410 discrete_mse=196.237839 best_discrete=196.237839 hash=False elapsed=33.1s
step   375/700 tau=0.1389 loss=0.279360 mse_soft=0.279229 ent_in=0.9786 ent_out=0.3295 rowmax_in=0.5630 rowmax_out=0.8435 discrete_mse=196.237839 best_discrete=196.237839 hash=False elapsed=35.2s
step   400/700 tau=0.1218 loss=0.280517 mse_soft=0.280387 ent_in=0.9736 ent_out=0.3254 rowmax_in=0.5671 rowmax_out=0.8474 discrete_mse=361.549347 best_discrete=196.237839 hash=False elapsed=37.4s
step   425/700 tau=0.1067 loss=0.278655 mse_soft=0.278526 ent_in=0.9692 ent_out=0.3218 rowmax_in=0.5650 rowmax_out=0.8508 discrete_mse=471.836792 best_discrete=196.237839 hash=False elapsed=39.7s
step   450/700 tau=0.0935 loss=0.279130 mse_soft=0.279001 ent_in=0.9652 ent_out=0.3163 rowmax_in=0.5645 rowmax_out=0.8534 discrete_mse=141.135544 best_discrete=141.135544 hash=False elapsed=41.9s
step   475/700 tau=0.0820 loss=0.279681 mse_soft=0.279554 ent_in=0.9586 ent_out=0.3121 rowmax_in=0.5656 rowmax_out=0.8541 discrete_mse=358.678711 best_discrete=141.135544 hash=False elapsed=44.2s
step   500/700 tau=0.0718 loss=0.283954 mse_soft=0.283827 ent_in=0.9579 ent_out=0.3067 rowmax_in=0.5649 rowmax_out=0.8571 discrete_mse=471.836792 best_discrete=141.135544 hash=False elapsed=46.6s
step   525/700 tau=0.0630 loss=0.281556 mse_soft=0.281430 ent_in=0.9529 ent_out=0.3057 rowmax_in=0.5685 rowmax_out=0.8584 discrete_mse=433.497040 best_discrete=141.135544 hash=False elapsed=48.9s
step   550/700 tau=0.0552 loss=0.280949 mse_soft=0.280823 ent_in=0.9497 ent_out=0.3075 rowmax_in=0.5651 rowmax_out=0.8574 discrete_mse=358.678711 best_discrete=141.135544 hash=False elapsed=51.1s
step   575/700 tau=0.0484 loss=0.292139 mse_soft=0.292016 ent_in=0.9192 ent_out=0.3134 rowmax_in=0.5809 rowmax_out=0.8542 discrete_mse=660.560608 best_discrete=141.135544 hash=False elapsed=53.4s
step   600/700 tau=0.0424 loss=0.280144 mse_soft=0.280021 ent_in=0.9150 ent_out=0.3157 rowmax_in=0.5813 rowmax_out=0.8509 discrete_mse=1295.183350 best_discrete=141.135544 hash=False elapsed=55.6s
step   625/700 tau=0.0371 loss=0.345170 mse_soft=0.345062 ent_in=0.7939 ent_out=0.2900 rowmax_in=0.6431 rowmax_out=0.8669 discrete_mse=111.140549 best_discrete=111.140549 hash=False elapsed=57.8s
step   650/700 tau=0.0325 loss=0.309084 mse_soft=0.308983 ent_in=0.7444 ent_out=0.2682 rowmax_in=0.6539 rowmax_out=0.8568 discrete_mse=286.373627 best_discrete=111.140549 hash=False elapsed=60.4s
step   675/700 tau=0.0285 loss=0.320160 mse_soft=0.320065 ent_in=0.6878 ent_out=0.2601 rowmax_in=0.6566 rowmax_out=0.8613 discrete_mse=346.914276 best_discrete=111.140549 hash=False elapsed=62.6s
step   700/700 tau=0.0250 loss=0.302638 mse_soft=0.302541 ent_in=0.7242 ent_out=0.2497 rowmax_in=0.6358 rowmax_out=0.8622 discrete_mse=12.785394 best_discrete=12.785394 hash=False elapsed=65.1s

Final metrics:
  soft_mse_full=0.301889
  rowmax_in_mean=0.6384
  rowmax_out_mean=0.8622
  ent_in_mean=0.7245
  ent_out_mean=0.2491
  final_discrete_mse=13.818723
  hash_match=False
  best_discrete_mse_seen=12.785394
Saved results to overnight_b194_j4.json
