Using device: cuda
Train rows: 10000 / Full rows: 10000, steps=700, lr=0.015
step     1/700 tau=1.0000 loss=1.064218 mse_soft=1.063444 ent_in=3.8712 ent_out=3.8712 rowmax_in=0.0213 rowmax_out=0.0213 discrete_mse=17.527655 best_discrete=17.527655 hash=False elapsed=0.5s
step    25/700 tau=0.8810 loss=0.972109 mse_soft=0.971349 ent_in=3.7933 ent_out=3.8054 rowmax_in=0.0329 rowmax_out=0.0323 discrete_mse=1457.889160 best_discrete=17.527655 hash=False elapsed=2.7s
step    50/700 tau=0.7721 loss=0.785093 mse_soft=0.784385 ent_in=3.5166 ent_out=3.5665 rowmax_in=0.0562 rowmax_out=0.0547 discrete_mse=7451.780762 best_discrete=17.527655 hash=False elapsed=4.9s
step    75/700 tau=0.6767 loss=0.641728 mse_soft=0.641091 ent_in=3.1312 ent_out=3.2343 rowmax_in=0.0971 rowmax_out=0.0917 discrete_mse=5552.997559 best_discrete=17.527655 hash=False elapsed=7.2s
step   100/700 tau=0.5931 loss=0.532819 mse_soft=0.532266 ent_in=2.7060 ent_out=2.8243 rowmax_in=0.1807 rowmax_out=0.1691 discrete_mse=812.503235 best_discrete=17.527655 hash=False elapsed=9.4s
step   125/700 tau=0.5198 loss=0.440438 mse_soft=0.440002 ent_in=2.1944 ent_out=2.1660 rowmax_in=0.3019 rowmax_out=0.3119 discrete_mse=1776.560303 best_discrete=17.527655 hash=False elapsed=11.7s
step   150/700 tau=0.4555 loss=0.373765 mse_soft=0.373432 ent_in=1.7979 ent_out=1.5294 rowmax_in=0.3814 rowmax_out=0.4892 discrete_mse=373.119354 best_discrete=17.527655 hash=False elapsed=13.9s
step   175/700 tau=0.3992 loss=0.325400 mse_soft=0.325155 ent_in=1.4806 ent_out=0.9752 rowmax_in=0.4598 rowmax_out=0.6578 discrete_mse=570.591309 best_discrete=17.527655 hash=False elapsed=16.1s
step   200/700 tau=0.3499 loss=0.306520 mse_soft=0.306311 ent_in=1.3481 ent_out=0.7420 rowmax_in=0.4821 rowmax_out=0.6998 discrete_mse=150.723679 best_discrete=17.527655 hash=False elapsed=18.5s
step   225/700 tau=0.3066 loss=0.298217 mse_soft=0.298024 ent_in=1.2796 ent_out=0.6505 rowmax_in=0.4911 rowmax_out=0.7283 discrete_mse=104.654549 best_discrete=17.527655 hash=False elapsed=20.3s
step   250/700 tau=0.2687 loss=0.291063 mse_soft=0.290884 ent_in=1.2333 ent_out=0.5593 rowmax_in=0.4976 rowmax_out=0.7585 discrete_mse=104.404007 best_discrete=17.527655 hash=False elapsed=22.4s
step   275/700 tau=0.2355 loss=0.287223 mse_soft=0.287055 ent_in=1.1949 ent_out=0.4921 rowmax_in=0.5025 rowmax_out=0.7877 discrete_mse=113.551620 best_discrete=17.527655 hash=False elapsed=24.7s
step   300/700 tau=0.2064 loss=0.286581 mse_soft=0.286419 ent_in=1.1686 ent_out=0.4514 rowmax_in=0.5064 rowmax_out=0.8052 discrete_mse=113.551620 best_discrete=17.527655 hash=False elapsed=26.8s
step   325/700 tau=0.1809 loss=0.284689 mse_soft=0.284531 ent_in=1.1536 ent_out=0.4238 rowmax_in=0.5078 rowmax_out=0.8158 discrete_mse=155.601913 best_discrete=17.527655 hash=False elapsed=28.8s
step   350/700 tau=0.1585 loss=0.295833 mse_soft=0.295679 ent_in=1.1413 ent_out=0.3996 rowmax_in=0.5111 rowmax_out=0.8245 discrete_mse=138.236847 best_discrete=17.527655 hash=False elapsed=31.1s
step   375/700 tau=0.1389 loss=0.282645 mse_soft=0.282495 ent_in=1.1245 ent_out=0.3763 rowmax_in=0.5173 rowmax_out=0.8342 discrete_mse=104.850746 best_discrete=17.527655 hash=False elapsed=33.2s
step   400/700 tau=0.1218 loss=0.283759 mse_soft=0.283611 ent_in=1.1118 ent_out=0.3687 rowmax_in=0.5199 rowmax_out=0.8370 discrete_mse=104.850746 best_discrete=17.527655 hash=False elapsed=35.5s
step   425/700 tau=0.1067 loss=0.281632 mse_soft=0.281486 ent_in=1.0984 ent_out=0.3625 rowmax_in=0.5248 rowmax_out=0.8394 discrete_mse=138.236847 best_discrete=17.527655 hash=False elapsed=37.7s
step   450/700 tau=0.0935 loss=0.292099 mse_soft=0.291957 ent_in=1.0759 ent_out=0.3465 rowmax_in=0.5339 rowmax_out=0.8470 discrete_mse=46.358315 best_discrete=17.527655 hash=False elapsed=40.0s
step   475/700 tau=0.0820 loss=0.329391 mse_soft=0.329249 ent_in=1.0713 ent_out=0.3409 rowmax_in=0.5340 rowmax_out=0.8475 discrete_mse=87.150276 best_discrete=17.527655 hash=False elapsed=42.5s
step   500/700 tau=0.0718 loss=0.291106 mse_soft=0.290967 ent_in=1.0575 ent_out=0.3320 rowmax_in=0.5323 rowmax_out=0.8489 discrete_mse=22.254799 best_discrete=17.527655 hash=False elapsed=44.7s
step   525/700 tau=0.0630 loss=0.333525 mse_soft=0.333387 ent_in=1.0508 ent_out=0.3230 rowmax_in=0.5394 rowmax_out=0.8485 discrete_mse=87.150276 best_discrete=17.527655 hash=False elapsed=46.7s
step   550/700 tau=0.0552 loss=0.284568 mse_soft=0.284433 ent_in=1.0366 ent_out=0.3150 rowmax_in=0.5395 rowmax_out=0.8451 discrete_mse=46.358315 best_discrete=17.527655 hash=False elapsed=49.0s
step   575/700 tau=0.0484 loss=0.281400 mse_soft=0.281266 ent_in=1.0309 ent_out=0.3055 rowmax_in=0.5398 rowmax_out=0.8520 discrete_mse=109.388420 best_discrete=17.527655 hash=False elapsed=51.2s
step   600/700 tau=0.0424 loss=0.287964 mse_soft=0.287831 ent_in=1.0069 ent_out=0.3171 rowmax_in=0.5500 rowmax_out=0.8472 discrete_mse=131.539688 best_discrete=17.527655 hash=False elapsed=53.5s
step   625/700 tau=0.0371 loss=0.305617 mse_soft=0.305496 ent_in=0.9307 ent_out=0.2741 rowmax_in=0.5804 rowmax_out=0.8594 discrete_mse=120.328621 best_discrete=17.527655 hash=False elapsed=55.7s
step   650/700 tau=0.0325 loss=0.314644 mse_soft=0.314530 ent_in=0.8773 ent_out=0.2569 rowmax_in=0.6164 rowmax_out=0.8609 discrete_mse=44.383274 best_discrete=17.527655 hash=False elapsed=57.8s
step   675/700 tau=0.0285 loss=0.295229 mse_soft=0.295119 ent_in=0.8479 ent_out=0.2582 rowmax_in=0.5831 rowmax_out=0.8600 discrete_mse=88.697144 best_discrete=17.527655 hash=False elapsed=60.1s
step   700/700 tau=0.0250 loss=0.321175 mse_soft=0.321077 ent_in=0.7321 ent_out=0.2513 rowmax_in=0.6529 rowmax_out=0.8659 discrete_mse=121.059074 best_discrete=17.527655 hash=False elapsed=62.4s

Final metrics:
  soft_mse_full=0.313115
  rowmax_in_mean=0.6545
  rowmax_out_mean=0.8624
  ent_in_mean=0.7319
  ent_out_mean=0.2542
  final_discrete_mse=65.068497
  hash_match=False
  best_discrete_mse_seen=17.527655
Saved results to overnight_b147_j4.json
