Using device: cuda
Train rows: 10000 / Full rows: 10000, steps=700, lr=0.02
step     1/700 tau=1.0000 loss=1.065807 mse_soft=1.063484 ent_in=3.8712 ent_out=3.8712 rowmax_in=0.0213 rowmax_out=0.0213 discrete_mse=27.325081 best_discrete=27.325081 hash=False elapsed=0.5s
step    25/700 tau=0.8866 loss=0.935466 mse_soft=0.933215 ent_in=3.7424 ent_out=3.7625 rowmax_in=0.0375 rowmax_out=0.0363 discrete_mse=4683.228027 best_discrete=27.325081 hash=False elapsed=2.3s
step    50/700 tau=0.7821 loss=0.709768 mse_soft=0.707733 ent_in=3.3613 ent_out=3.4230 rowmax_in=0.0694 rowmax_out=0.0673 discrete_mse=10700.451172 best_discrete=27.325081 hash=False elapsed=4.6s
step    75/700 tau=0.6899 loss=0.588537 mse_soft=0.586738 ent_in=2.9455 ent_out=3.0539 rowmax_in=0.1328 rowmax_out=0.1225 discrete_mse=492.424927 best_discrete=27.325081 hash=False elapsed=6.7s
step   100/700 tau=0.6086 loss=0.473469 mse_soft=0.472024 ent_in=2.4043 ent_out=2.4134 rowmax_in=0.2582 rowmax_out=0.2608 discrete_mse=4527.944824 best_discrete=27.325081 hash=False elapsed=8.8s
step   125/700 tau=0.5368 loss=0.388101 mse_soft=0.387022 ent_in=1.8670 ent_out=1.7305 rowmax_in=0.3860 rowmax_out=0.4572 discrete_mse=953.510254 best_discrete=27.325081 hash=False elapsed=10.9s
step   150/700 tau=0.4736 loss=0.337030 mse_soft=0.336235 ent_in=1.5341 ent_out=1.1150 rowmax_in=0.4565 rowmax_out=0.6413 discrete_mse=671.171082 best_discrete=27.325081 hash=False elapsed=13.0s
step   175/700 tau=0.4177 loss=0.313998 mse_soft=0.313349 ent_in=1.3606 ent_out=0.8046 rowmax_in=0.4967 rowmax_out=0.7004 discrete_mse=82.437538 best_discrete=27.325081 hash=False elapsed=14.9s
step   200/700 tau=0.3685 loss=0.303668 mse_soft=0.303096 ent_in=1.3147 ent_out=0.5926 rowmax_in=0.4953 rowmax_out=0.7555 discrete_mse=490.007141 best_discrete=27.325081 hash=False elapsed=16.8s
step   225/700 tau=0.3251 loss=0.295243 mse_soft=0.294711 ent_in=1.2675 ent_out=0.5065 rowmax_in=0.4998 rowmax_out=0.7716 discrete_mse=730.533386 best_discrete=27.325081 hash=False elapsed=18.7s
step   250/700 tau=0.2868 loss=0.290412 mse_soft=0.289906 ent_in=1.2342 ent_out=0.4534 rowmax_in=0.5017 rowmax_out=0.7849 discrete_mse=714.218262 best_discrete=27.325081 hash=False elapsed=20.6s
step   275/700 tau=0.2530 loss=0.287434 mse_soft=0.286943 ent_in=1.2085 ent_out=0.4301 rowmax_in=0.5063 rowmax_out=0.7924 discrete_mse=241.218918 best_discrete=27.325081 hash=False elapsed=22.5s
step   300/700 tau=0.2231 loss=0.283813 mse_soft=0.283336 ent_in=1.1781 ent_out=0.4144 rowmax_in=0.5126 rowmax_out=0.7973 discrete_mse=442.717377 best_discrete=27.325081 hash=False elapsed=24.3s
step   325/700 tau=0.1968 loss=0.282232 mse_soft=0.281760 ent_in=1.1659 ent_out=0.4082 rowmax_in=0.5127 rowmax_out=0.7984 discrete_mse=247.139969 best_discrete=27.325081 hash=False elapsed=26.3s
step   350/700 tau=0.1736 loss=0.283653 mse_soft=0.283186 ent_in=1.1528 ent_out=0.4040 rowmax_in=0.5138 rowmax_out=0.7963 discrete_mse=247.139969 best_discrete=27.325081 hash=False elapsed=28.4s
step   375/700 tau=0.1532 loss=0.285369 mse_soft=0.284906 ent_in=1.1449 ent_out=0.3983 rowmax_in=0.5143 rowmax_out=0.7980 discrete_mse=73.800125 best_discrete=27.325081 hash=False elapsed=30.4s
step   400/700 tau=0.1351 loss=0.283878 mse_soft=0.283419 ent_in=1.1352 ent_out=0.3940 rowmax_in=0.5181 rowmax_out=0.8016 discrete_mse=46.418953 best_discrete=27.325081 hash=False elapsed=32.5s
step   425/700 tau=0.1192 loss=0.280425 mse_soft=0.279972 ent_in=1.1168 ent_out=0.3924 rowmax_in=0.5242 rowmax_out=0.8028 discrete_mse=161.536362 best_discrete=27.325081 hash=False elapsed=34.5s
step   450/700 tau=0.1051 loss=0.285806 mse_soft=0.285357 ent_in=1.1079 ent_out=0.3905 rowmax_in=0.5255 rowmax_out=0.8044 discrete_mse=161.536362 best_discrete=27.325081 hash=False elapsed=36.5s
step   475/700 tau=0.0928 loss=0.285829 mse_soft=0.285383 ent_in=1.0998 ent_out=0.3861 rowmax_in=0.5267 rowmax_out=0.8061 discrete_mse=161.536362 best_discrete=27.325081 hash=False elapsed=38.7s
step   500/700 tau=0.0818 loss=0.285778 mse_soft=0.285336 ent_in=1.0930 ent_out=0.3789 rowmax_in=0.5273 rowmax_out=0.8118 discrete_mse=106.755470 best_discrete=27.325081 hash=False elapsed=40.6s
step   525/700 tau=0.0722 loss=0.289693 mse_soft=0.289256 ent_in=1.0840 ent_out=0.3706 rowmax_in=0.5281 rowmax_out=0.8167 discrete_mse=46.418953 best_discrete=27.325081 hash=False elapsed=42.5s
step   550/700 tau=0.0637 loss=0.280176 mse_soft=0.279745 ent_in=1.0718 ent_out=0.3642 rowmax_in=0.5346 rowmax_out=0.8206 discrete_mse=283.109741 best_discrete=27.325081 hash=False elapsed=44.4s
step   575/700 tau=0.0562 loss=0.282452 mse_soft=0.282026 ent_in=1.0582 ent_out=0.3618 rowmax_in=0.5373 rowmax_out=0.8213 discrete_mse=46.418953 best_discrete=27.325081 hash=False elapsed=46.3s
step   600/700 tau=0.0495 loss=0.370957 mse_soft=0.370612 ent_in=0.8596 ent_out=0.2902 rowmax_in=0.6170 rowmax_out=0.8646 discrete_mse=10.786004 best_discrete=10.786004 hash=False elapsed=48.2s
step   625/700 tau=0.0437 loss=0.340283 mse_soft=0.339969 ent_in=0.7612 ent_out=0.2845 rowmax_in=0.6453 rowmax_out=0.8585 discrete_mse=9.418031 best_discrete=9.418031 hash=False elapsed=50.0s
step   650/700 tau=0.0386 loss=0.332642 mse_soft=0.332325 ent_in=0.7345 ent_out=0.3212 rowmax_in=0.6492 rowmax_out=0.8330 discrete_mse=3.019052 best_discrete=3.019052 hash=False elapsed=51.8s
step   675/700 tau=0.0340 loss=0.437832 mse_soft=0.437586 ent_in=0.5798 ent_out=0.2408 rowmax_in=0.7384 rowmax_out=0.8853 discrete_mse=0.849829 best_discrete=0.849829 hash=False elapsed=53.6s
step   700/700 tau=0.0300 loss=0.367616 mse_soft=0.367372 ent_in=0.5287 ent_out=0.2851 rowmax_in=0.7260 rowmax_out=0.8518 discrete_mse=42.946060 best_discrete=0.849829 hash=False elapsed=55.7s

Final metrics:
  soft_mse_full=0.368290
  rowmax_in_mean=0.7300
  rowmax_out_mean=0.8494
  ent_in_mean=0.5269
  ent_out_mean=0.2877
  final_discrete_mse=42.946060
  hash_match=False
  best_discrete_mse_seen=0.849829
Saved results to overnight_b024_j3.json
