Using device: cuda
Train rows: 10000 / Full rows: 10000, steps=700, lr=0.015
step     1/700 tau=1.0000 loss=1.064156 mse_soft=1.063382 ent_in=3.8712 ent_out=3.8712 rowmax_in=0.0213 rowmax_out=0.0213 discrete_mse=28.155109 best_discrete=28.155109 hash=False elapsed=0.5s
step    25/700 tau=0.8810 loss=0.971947 mse_soft=0.971187 ent_in=3.7933 ent_out=3.8054 rowmax_in=0.0332 rowmax_out=0.0323 discrete_mse=20.714813 best_discrete=20.714813 hash=False elapsed=2.6s
step    50/700 tau=0.7721 loss=0.786745 mse_soft=0.786037 ent_in=3.5157 ent_out=3.5654 rowmax_in=0.0575 rowmax_out=0.0545 discrete_mse=2588.448730 best_discrete=20.714813 hash=False elapsed=4.7s
step    75/700 tau=0.6767 loss=0.643617 mse_soft=0.642981 ent_in=3.1277 ent_out=3.2280 rowmax_in=0.0961 rowmax_out=0.0939 discrete_mse=12656.395508 best_discrete=20.714813 hash=False elapsed=7.1s
step   100/700 tau=0.5931 loss=0.535417 mse_soft=0.534861 ent_in=2.7278 ent_out=2.8244 rowmax_in=0.1792 rowmax_out=0.1677 discrete_mse=628.109558 best_discrete=20.714813 hash=False elapsed=9.4s
step   125/700 tau=0.5198 loss=0.435389 mse_soft=0.434953 ent_in=2.2068 ent_out=2.1609 rowmax_in=0.3048 rowmax_out=0.3172 discrete_mse=317.439240 best_discrete=20.714813 hash=False elapsed=11.7s
step   150/700 tau=0.4555 loss=0.365027 mse_soft=0.364708 ent_in=1.7236 ent_out=1.4679 rowmax_in=0.4370 rowmax_out=0.5146 discrete_mse=177.860001 best_discrete=20.714813 hash=False elapsed=13.9s
step   175/700 tau=0.3992 loss=0.325084 mse_soft=0.324850 ent_in=1.4180 ent_out=0.9282 rowmax_in=0.4866 rowmax_out=0.6721 discrete_mse=46.150871 best_discrete=20.714813 hash=False elapsed=16.2s
step   200/700 tau=0.3499 loss=0.307048 mse_soft=0.306850 ent_in=1.3087 ent_out=0.6759 rowmax_in=0.4981 rowmax_out=0.7512 discrete_mse=355.323730 best_discrete=20.714813 hash=False elapsed=18.4s
step   225/700 tau=0.3066 loss=0.296852 mse_soft=0.296675 ent_in=1.2158 ent_out=0.5574 rowmax_in=0.5206 rowmax_out=0.7803 discrete_mse=347.577484 best_discrete=20.714813 hash=False elapsed=20.7s
step   250/700 tau=0.2687 loss=0.292223 mse_soft=0.292058 ent_in=1.1653 ent_out=0.4864 rowmax_in=0.5315 rowmax_out=0.7988 discrete_mse=347.577484 best_discrete=20.714813 hash=False elapsed=23.0s
step   275/700 tau=0.2355 loss=0.288685 mse_soft=0.288528 ent_in=1.1267 ent_out=0.4421 rowmax_in=0.5415 rowmax_out=0.8059 discrete_mse=347.577484 best_discrete=20.714813 hash=False elapsed=25.4s
step   300/700 tau=0.2064 loss=0.285237 mse_soft=0.285087 ent_in=1.0937 ent_out=0.4078 rowmax_in=0.5488 rowmax_out=0.8101 discrete_mse=347.577484 best_discrete=20.714813 hash=False elapsed=27.7s
step   325/700 tau=0.1809 loss=0.282714 mse_soft=0.282567 ent_in=1.0785 ent_out=0.3908 rowmax_in=0.5510 rowmax_out=0.8146 discrete_mse=33.637642 best_discrete=20.714813 hash=False elapsed=29.9s
step   350/700 tau=0.1585 loss=0.280886 mse_soft=0.280743 ent_in=1.0626 ent_out=0.3700 rowmax_in=0.5507 rowmax_out=0.8222 discrete_mse=38.365002 best_discrete=20.714813 hash=False elapsed=32.2s
step   375/700 tau=0.1389 loss=0.279799 mse_soft=0.279658 ent_in=1.0522 ent_out=0.3628 rowmax_in=0.5531 rowmax_out=0.8236 discrete_mse=71.732552 best_discrete=20.714813 hash=False elapsed=34.6s
step   400/700 tau=0.1218 loss=0.282413 mse_soft=0.282272 ent_in=1.0479 ent_out=0.3593 rowmax_in=0.5507 rowmax_out=0.8244 discrete_mse=243.963593 best_discrete=20.714813 hash=False elapsed=36.7s
step   425/700 tau=0.1067 loss=0.281259 mse_soft=0.281119 ent_in=1.0409 ent_out=0.3575 rowmax_in=0.5541 rowmax_out=0.8243 discrete_mse=223.125793 best_discrete=20.714813 hash=False elapsed=38.8s
step   450/700 tau=0.0935 loss=0.289423 mse_soft=0.289284 ent_in=1.0394 ent_out=0.3544 rowmax_in=0.5514 rowmax_out=0.8259 discrete_mse=111.679001 best_discrete=20.714813 hash=False elapsed=41.1s
step   475/700 tau=0.0820 loss=0.282326 mse_soft=0.282190 ent_in=1.0127 ent_out=0.3446 rowmax_in=0.5622 rowmax_out=0.8286 discrete_mse=195.439117 best_discrete=20.714813 hash=False elapsed=43.1s
step   500/700 tau=0.0718 loss=0.283270 mse_soft=0.283134 ent_in=1.0176 ent_out=0.3500 rowmax_in=0.5577 rowmax_out=0.8242 discrete_mse=114.523094 best_discrete=20.714813 hash=False elapsed=45.3s
step   525/700 tau=0.0630 loss=0.313865 mse_soft=0.313731 ent_in=0.9995 ent_out=0.3432 rowmax_in=0.5668 rowmax_out=0.8244 discrete_mse=180.919342 best_discrete=20.714813 hash=False elapsed=47.7s
step   550/700 tau=0.0552 loss=0.293004 mse_soft=0.292870 ent_in=0.9934 ent_out=0.3432 rowmax_in=0.5637 rowmax_out=0.8167 discrete_mse=42.145504 best_discrete=20.714813 hash=False elapsed=50.2s
step   575/700 tau=0.0484 loss=0.298584 mse_soft=0.298454 ent_in=0.9604 ent_out=0.3374 rowmax_in=0.5594 rowmax_out=0.8209 discrete_mse=276.631958 best_discrete=20.714813 hash=False elapsed=52.5s
step   600/700 tau=0.0424 loss=0.301082 mse_soft=0.300953 ent_in=0.9550 ent_out=0.3301 rowmax_in=0.5620 rowmax_out=0.8209 discrete_mse=61.049091 best_discrete=20.714813 hash=False elapsed=54.9s
step   625/700 tau=0.0371 loss=0.288807 mse_soft=0.288681 ent_in=0.9361 ent_out=0.3242 rowmax_in=0.5694 rowmax_out=0.8214 discrete_mse=47.696884 best_discrete=20.714813 hash=False elapsed=57.2s
step   650/700 tau=0.0325 loss=0.355076 mse_soft=0.354966 ent_in=0.7946 ent_out=0.3112 rowmax_in=0.6446 rowmax_out=0.8309 discrete_mse=44.753632 best_discrete=20.714813 hash=False elapsed=59.6s
step   675/700 tau=0.0285 loss=0.307752 mse_soft=0.307642 ent_in=0.7952 ent_out=0.2985 rowmax_in=0.6227 rowmax_out=0.8341 discrete_mse=133.877823 best_discrete=20.714813 hash=False elapsed=61.8s
step   700/700 tau=0.0250 loss=0.325339 mse_soft=0.325236 ent_in=0.7637 ent_out=0.2654 rowmax_in=0.6345 rowmax_out=0.8585 discrete_mse=46.479187 best_discrete=20.714813 hash=False elapsed=64.0s

Final metrics:
  soft_mse_full=0.324704
  rowmax_in_mean=0.6450
  rowmax_out_mean=0.8587
  ent_in_mean=0.7517
  ent_out_mean=0.2651
  final_discrete_mse=70.804558
  hash_match=False
  best_discrete_mse_seen=20.714813
Saved results to overnight_b157_j4.json
