Using device: cuda
Train rows: 10000 / Full rows: 10000, steps=700, lr=0.015
step     1/700 tau=1.0000 loss=1.064228 mse_soft=1.063454 ent_in=3.8712 ent_out=3.8712 rowmax_in=0.0213 rowmax_out=0.0213 discrete_mse=4.305119 best_discrete=4.305119 hash=False elapsed=0.5s
step    25/700 tau=0.8810 loss=0.971797 mse_soft=0.971037 ent_in=3.7929 ent_out=3.8051 rowmax_in=0.0331 rowmax_out=0.0323 discrete_mse=694.781006 best_discrete=4.305119 hash=False elapsed=2.4s
step    50/700 tau=0.7721 loss=0.785089 mse_soft=0.784381 ent_in=3.5138 ent_out=3.5649 rowmax_in=0.0573 rowmax_out=0.0548 discrete_mse=10445.205078 best_discrete=4.305119 hash=False elapsed=4.3s
step    75/700 tau=0.6767 loss=0.641440 mse_soft=0.640805 ent_in=3.1276 ent_out=3.2218 rowmax_in=0.0948 rowmax_out=0.0905 discrete_mse=944.182861 best_discrete=4.305119 hash=False elapsed=6.3s
step   100/700 tau=0.5931 loss=0.533296 mse_soft=0.532743 ent_in=2.7138 ent_out=2.8160 rowmax_in=0.1833 rowmax_out=0.1674 discrete_mse=4724.351074 best_discrete=4.305119 hash=False elapsed=8.6s
step   125/700 tau=0.5198 loss=0.435539 mse_soft=0.435105 ent_in=2.1562 ent_out=2.1840 rowmax_in=0.3186 rowmax_out=0.3104 discrete_mse=2008.045898 best_discrete=4.305119 hash=False elapsed=10.7s
step   150/700 tau=0.4555 loss=0.364756 mse_soft=0.364437 ent_in=1.6652 ent_out=1.5202 rowmax_in=0.4306 rowmax_out=0.5120 discrete_mse=604.380493 best_discrete=4.305119 hash=False elapsed=12.9s
step   175/700 tau=0.3992 loss=0.326034 mse_soft=0.325804 ent_in=1.3800 ent_out=0.9190 rowmax_in=0.4892 rowmax_out=0.7066 discrete_mse=206.978745 best_discrete=4.305119 hash=False elapsed=15.0s
step   200/700 tau=0.3499 loss=0.308906 mse_soft=0.308722 ent_in=1.2502 ent_out=0.5870 rowmax_in=0.5163 rowmax_out=0.8040 discrete_mse=552.398193 best_discrete=4.305119 hash=False elapsed=16.9s
step   225/700 tau=0.3066 loss=0.298854 mse_soft=0.298690 ent_in=1.1884 ent_out=0.4550 rowmax_in=0.5245 rowmax_out=0.8350 discrete_mse=399.906647 best_discrete=4.305119 hash=False elapsed=19.0s
step   250/700 tau=0.2687 loss=0.292298 mse_soft=0.292144 ent_in=1.1541 ent_out=0.3870 rowmax_in=0.5235 rowmax_out=0.8464 discrete_mse=495.581177 best_discrete=4.305119 hash=False elapsed=21.1s
step   275/700 tau=0.2355 loss=0.289474 mse_soft=0.289326 ent_in=1.1226 ent_out=0.3490 rowmax_in=0.5283 rowmax_out=0.8508 discrete_mse=263.544434 best_discrete=4.305119 hash=False elapsed=23.3s
step   300/700 tau=0.2064 loss=0.287078 mse_soft=0.286935 ent_in=1.0986 ent_out=0.3284 rowmax_in=0.5310 rowmax_out=0.8551 discrete_mse=263.544434 best_discrete=4.305119 hash=False elapsed=25.5s
step   325/700 tau=0.1809 loss=0.286306 mse_soft=0.286167 ent_in=1.0832 ent_out=0.3103 rowmax_in=0.5352 rowmax_out=0.8583 discrete_mse=353.819275 best_discrete=4.305119 hash=False elapsed=27.7s
step   350/700 tau=0.1585 loss=0.285656 mse_soft=0.285519 ent_in=1.0745 ent_out=0.3015 rowmax_in=0.5366 rowmax_out=0.8599 discrete_mse=353.819275 best_discrete=4.305119 hash=False elapsed=29.8s
step   375/700 tau=0.1389 loss=0.287029 mse_soft=0.286892 ent_in=1.0665 ent_out=0.2976 rowmax_in=0.5389 rowmax_out=0.8603 discrete_mse=660.962708 best_discrete=4.305119 hash=False elapsed=32.0s
step   400/700 tau=0.1218 loss=0.285513 mse_soft=0.285378 ent_in=1.0606 ent_out=0.2947 rowmax_in=0.5387 rowmax_out=0.8619 discrete_mse=694.251221 best_discrete=4.305119 hash=False elapsed=34.2s
step   425/700 tau=0.1067 loss=0.285226 mse_soft=0.285091 ent_in=1.0556 ent_out=0.2922 rowmax_in=0.5402 rowmax_out=0.8628 discrete_mse=276.978607 best_discrete=4.305119 hash=False elapsed=36.3s
step   450/700 tau=0.0935 loss=0.291152 mse_soft=0.291017 ent_in=1.0544 ent_out=0.2897 rowmax_in=0.5401 rowmax_out=0.8644 discrete_mse=78.050079 best_discrete=4.305119 hash=False elapsed=38.3s
step   475/700 tau=0.0820 loss=0.289688 mse_soft=0.289553 ent_in=1.0538 ent_out=0.2881 rowmax_in=0.5409 rowmax_out=0.8648 discrete_mse=276.978607 best_discrete=4.305119 hash=False elapsed=40.6s
step   500/700 tau=0.0718 loss=0.287004 mse_soft=0.286869 ent_in=1.0538 ent_out=0.2878 rowmax_in=0.5419 rowmax_out=0.8653 discrete_mse=276.978607 best_discrete=4.305119 hash=False elapsed=42.7s
step   525/700 tau=0.0630 loss=0.287851 mse_soft=0.287716 ent_in=1.0580 ent_out=0.2846 rowmax_in=0.5392 rowmax_out=0.8678 discrete_mse=78.050079 best_discrete=4.305119 hash=False elapsed=45.0s
step   550/700 tau=0.0552 loss=0.291938 mse_soft=0.291805 ent_in=1.0514 ent_out=0.2875 rowmax_in=0.5410 rowmax_out=0.8677 discrete_mse=108.836159 best_discrete=4.305119 hash=False elapsed=47.4s
step   575/700 tau=0.0484 loss=0.358731 mse_soft=0.358605 ent_in=0.9912 ent_out=0.2679 rowmax_in=0.5736 rowmax_out=0.8774 discrete_mse=102.190109 best_discrete=4.305119 hash=False elapsed=49.9s
step   600/700 tau=0.0424 loss=0.319850 mse_soft=0.319731 ent_in=0.9402 ent_out=0.2513 rowmax_in=0.5795 rowmax_out=0.8704 discrete_mse=134.767624 best_discrete=4.305119 hash=False elapsed=52.4s
step   625/700 tau=0.0371 loss=0.316168 mse_soft=0.316050 ent_in=0.9365 ent_out=0.2481 rowmax_in=0.5829 rowmax_out=0.8638 discrete_mse=111.485519 best_discrete=4.305119 hash=False elapsed=54.8s
step   650/700 tau=0.0325 loss=0.298581 mse_soft=0.298465 ent_in=0.9236 ent_out=0.2347 rowmax_in=0.5871 rowmax_out=0.8772 discrete_mse=6.146817 best_discrete=4.305119 hash=False elapsed=57.2s
step   675/700 tau=0.0285 loss=0.386729 mse_soft=0.386626 ent_in=0.8094 ent_out=0.2158 rowmax_in=0.6374 rowmax_out=0.8898 discrete_mse=72.929352 best_discrete=4.305119 hash=False elapsed=59.5s
step   700/700 tau=0.0250 loss=0.335692 mse_soft=0.335603 ent_in=0.6999 ent_out=0.1862 rowmax_in=0.6666 rowmax_out=0.9064 discrete_mse=31.453993 best_discrete=4.305119 hash=False elapsed=61.8s

Final metrics:
  soft_mse_full=0.333261
  rowmax_in_mean=0.6722
  rowmax_out_mean=0.9076
  ent_in_mean=0.6976
  ent_out_mean=0.1835
  final_discrete_mse=1.107032
  hash_match=False
  best_discrete_mse_seen=4.305119
Saved results to overnight_b196_j4.json
