Using device: cuda
Train rows: 4096 / Full rows: 10000, steps=900, lr=0.03
step     1/900 tau=1.0000 loss=1.068125 mse_soft=1.065803 ent_in=3.8712 ent_out=3.8712 rowmax_in=0.0213 rowmax_out=0.0213 discrete_mse=10.107726 best_discrete=10.107726 hash=False elapsed=0.5s
step    25/900 tau=0.9106 loss=0.866394 mse_soft=0.864204 ent_in=3.6350 ent_out=3.6671 rowmax_in=0.0444 rowmax_out=0.0439 discrete_mse=4156.303711 best_discrete=10.107726 hash=False elapsed=2.7s
step    50/900 tau=0.8260 loss=0.658637 mse_soft=0.656725 ent_in=3.1405 ent_out=3.2337 rowmax_in=0.0902 rowmax_out=0.0862 discrete_mse=642.097839 best_discrete=10.107726 hash=False elapsed=5.1s
step    75/900 tau=0.7493 loss=0.517649 mse_soft=0.516065 ent_in=2.5992 ent_out=2.6820 rowmax_in=0.2025 rowmax_out=0.2054 discrete_mse=532.908813 best_discrete=10.107726 hash=False elapsed=7.2s
step   100/900 tau=0.6797 loss=0.412153 mse_soft=0.410988 ent_in=2.0046 ent_out=1.8777 rowmax_in=0.3501 rowmax_out=0.3964 discrete_mse=733.120667 best_discrete=10.107726 hash=False elapsed=9.4s
step   125/900 tau=0.6165 loss=0.340049 mse_soft=0.339230 ent_in=1.5910 ent_out=1.1384 rowmax_in=0.4443 rowmax_out=0.6346 discrete_mse=572.591858 best_discrete=10.107726 hash=False elapsed=11.7s
step   150/900 tau=0.5592 loss=0.306637 mse_soft=0.306008 ent_in=1.3663 ent_out=0.7300 rowmax_in=0.4976 rowmax_out=0.7642 discrete_mse=701.285889 best_discrete=10.107726 hash=False elapsed=14.0s
step   175/900 tau=0.5073 loss=0.291855 mse_soft=0.291333 ent_in=1.2430 ent_out=0.4960 rowmax_in=0.5206 rowmax_out=0.8288 discrete_mse=282.215363 best_discrete=10.107726 hash=False elapsed=16.2s
step   200/900 tau=0.4602 loss=0.286770 mse_soft=0.286286 ent_in=1.2141 ent_out=0.3973 rowmax_in=0.5222 rowmax_out=0.8509 discrete_mse=112.069145 best_discrete=10.107726 hash=False elapsed=18.5s
step   225/900 tau=0.4174 loss=0.281630 mse_soft=0.281168 ent_in=1.1848 ent_out=0.3525 rowmax_in=0.5273 rowmax_out=0.8578 discrete_mse=70.582298 best_discrete=10.107726 hash=False elapsed=20.7s
step   250/900 tau=0.3786 loss=0.279918 mse_soft=0.279469 ent_in=1.1598 ent_out=0.3360 rowmax_in=0.5342 rowmax_out=0.8570 discrete_mse=112.069145 best_discrete=10.107726 hash=False elapsed=23.0s
step   275/900 tau=0.3434 loss=0.277377 mse_soft=0.276932 ent_in=1.1535 ent_out=0.3286 rowmax_in=0.5339 rowmax_out=0.8555 discrete_mse=112.069145 best_discrete=10.107726 hash=False elapsed=25.2s
step   300/900 tau=0.3115 loss=0.275332 mse_soft=0.274896 ent_in=1.1374 ent_out=0.3176 rowmax_in=0.5363 rowmax_out=0.8595 discrete_mse=272.270691 best_discrete=10.107726 hash=False elapsed=27.4s
step   325/900 tau=0.2826 loss=0.275475 mse_soft=0.275048 ent_in=1.1164 ent_out=0.3056 rowmax_in=0.5442 rowmax_out=0.8618 discrete_mse=261.602936 best_discrete=10.107726 hash=False elapsed=29.5s
step   350/900 tau=0.2563 loss=0.273556 mse_soft=0.273134 ent_in=1.1059 ent_out=0.3002 rowmax_in=0.5460 rowmax_out=0.8629 discrete_mse=176.031525 best_discrete=10.107726 hash=False elapsed=31.8s
step   375/900 tau=0.2325 loss=0.273782 mse_soft=0.273364 ent_in=1.0989 ent_out=0.2957 rowmax_in=0.5459 rowmax_out=0.8644 discrete_mse=169.045502 best_discrete=10.107726 hash=False elapsed=33.8s
step   400/900 tau=0.2109 loss=0.272982 mse_soft=0.272569 ent_in=1.0891 ent_out=0.2871 rowmax_in=0.5476 rowmax_out=0.8654 discrete_mse=169.045502 best_discrete=10.107726 hash=False elapsed=35.8s
step   425/900 tau=0.1913 loss=0.275138 mse_soft=0.274730 ent_in=1.0757 ent_out=0.2864 rowmax_in=0.5515 rowmax_out=0.8630 discrete_mse=97.451607 best_discrete=10.107726 hash=False elapsed=37.7s
step   450/900 tau=0.1735 loss=0.276514 mse_soft=0.276107 ent_in=1.0749 ent_out=0.2825 rowmax_in=0.5485 rowmax_out=0.8630 discrete_mse=120.643394 best_discrete=10.107726 hash=False elapsed=39.6s
step   475/900 tau=0.1574 loss=0.278221 mse_soft=0.277816 ent_in=1.0679 ent_out=0.2799 rowmax_in=0.5501 rowmax_out=0.8636 discrete_mse=213.741440 best_discrete=10.107726 hash=False elapsed=41.8s
step   500/900 tau=0.1428 loss=0.273013 mse_soft=0.272610 ent_in=1.0684 ent_out=0.2747 rowmax_in=0.5492 rowmax_out=0.8663 discrete_mse=213.741440 best_discrete=10.107726 hash=False elapsed=43.8s
step   525/900 tau=0.1295 loss=0.278857 mse_soft=0.278458 ent_in=1.0628 ent_out=0.2676 rowmax_in=0.5516 rowmax_out=0.8684 discrete_mse=213.741440 best_discrete=10.107726 hash=False elapsed=45.9s
step   550/900 tau=0.1175 loss=0.280084 mse_soft=0.279687 ent_in=1.0566 ent_out=0.2683 rowmax_in=0.5544 rowmax_out=0.8674 discrete_mse=213.741440 best_discrete=10.107726 hash=False elapsed=48.2s
step   575/900 tau=0.1066 loss=0.275139 mse_soft=0.274744 ent_in=1.0517 ent_out=0.2638 rowmax_in=0.5516 rowmax_out=0.8697 discrete_mse=213.741440 best_discrete=10.107726 hash=False elapsed=50.4s
step   600/900 tau=0.0967 loss=0.299450 mse_soft=0.299062 ent_in=1.0306 ent_out=0.2629 rowmax_in=0.5496 rowmax_out=0.8754 discrete_mse=134.235214 best_discrete=10.107726 hash=False elapsed=52.6s
step   625/900 tau=0.0877 loss=0.277060 mse_soft=0.276678 ent_in=1.0155 ent_out=0.2596 rowmax_in=0.5640 rowmax_out=0.8682 discrete_mse=285.110596 best_discrete=10.107726 hash=False elapsed=54.9s
step   650/900 tau=0.0795 loss=0.278993 mse_soft=0.278613 ent_in=1.0088 ent_out=0.2587 rowmax_in=0.5632 rowmax_out=0.8697 discrete_mse=239.208191 best_discrete=10.107726 hash=False elapsed=57.1s
step   675/900 tau=0.0722 loss=0.348509 mse_soft=0.348151 ent_in=0.9682 ent_out=0.2232 rowmax_in=0.5572 rowmax_out=0.8976 discrete_mse=165.873550 best_discrete=10.107726 hash=False elapsed=59.3s
step   700/900 tau=0.0655 loss=0.290671 mse_soft=0.290332 ent_in=0.8862 ent_out=0.2460 rowmax_in=0.5986 rowmax_out=0.8714 discrete_mse=747.863159 best_discrete=10.107726 hash=False elapsed=61.5s
step   725/900 tau=0.0594 loss=0.288866 mse_soft=0.288523 ent_in=0.9000 ent_out=0.2432 rowmax_in=0.5836 rowmax_out=0.8738 discrete_mse=148.229645 best_discrete=10.107726 hash=False elapsed=63.6s
step   750/900 tau=0.0539 loss=0.303059 mse_soft=0.302723 ent_in=0.8777 ent_out=0.2416 rowmax_in=0.5961 rowmax_out=0.8788 discrete_mse=410.259338 best_discrete=10.107726 hash=False elapsed=65.8s
step   775/900 tau=0.0489 loss=0.313371 mse_soft=0.313051 ent_in=0.8591 ent_out=0.2079 rowmax_in=0.5891 rowmax_out=0.9005 discrete_mse=231.558121 best_discrete=10.107726 hash=False elapsed=68.0s
step   800/900 tau=0.0443 loss=0.478063 mse_soft=0.477855 ent_in=0.5241 ent_out=0.1696 rowmax_in=0.7629 rowmax_out=0.9214 discrete_mse=64.632721 best_discrete=10.107726 hash=False elapsed=70.1s
step   825/900 tau=0.0402 loss=0.389525 mse_soft=0.389344 ent_in=0.4655 ent_out=0.1350 rowmax_in=0.7450 rowmax_out=0.9181 discrete_mse=125.171913 best_discrete=10.107726 hash=False elapsed=72.4s
step   850/900 tau=0.0365 loss=0.412451 mse_soft=0.412289 ent_in=0.4061 ent_out=0.1343 rowmax_in=0.7911 rowmax_out=0.9175 discrete_mse=17.857906 best_discrete=10.107726 hash=False elapsed=74.5s
step   875/900 tau=0.0331 loss=0.388510 mse_soft=0.388357 ent_in=0.4143 ent_out=0.0974 rowmax_in=0.7826 rowmax_out=0.9378 discrete_mse=19.498592 best_discrete=10.107726 hash=False elapsed=76.7s
step   900/900 tau=0.0300 loss=0.516380 mse_soft=0.516223 ent_in=0.4158 ent_out=0.1061 rowmax_in=0.7773 rowmax_out=0.9330 discrete_mse=103.334053 best_discrete=10.107726 hash=False elapsed=78.8s

Final metrics:
  soft_mse_full=0.483659
  rowmax_in_mean=0.7790
  rowmax_out_mean=0.9280
  ent_in_mean=0.4145
  ent_out_mean=0.1171
  final_discrete_mse=59.503574
  hash_match=False
  best_discrete_mse_seen=10.107726
Saved results to overnight_b139_j1.json
