Using device: cuda
Train rows: 10000 / Full rows: 10000, steps=700, lr=0.015
step     1/700 tau=1.0000 loss=1.064182 mse_soft=1.063408 ent_in=3.8712 ent_out=3.8712 rowmax_in=0.0213 rowmax_out=0.0213 discrete_mse=9.009745 best_discrete=9.009745 hash=False elapsed=0.5s
step    25/700 tau=0.8810 loss=0.972268 mse_soft=0.971508 ent_in=3.7933 ent_out=3.8050 rowmax_in=0.0329 rowmax_out=0.0323 discrete_mse=688.738159 best_discrete=9.009745 hash=False elapsed=2.6s
step    50/700 tau=0.7721 loss=0.785623 mse_soft=0.784915 ent_in=3.5140 ent_out=3.5638 rowmax_in=0.0554 rowmax_out=0.0544 discrete_mse=3173.885010 best_discrete=9.009745 hash=False elapsed=4.9s
step    75/700 tau=0.6767 loss=0.644462 mse_soft=0.643825 ent_in=3.1361 ent_out=3.2349 rowmax_in=0.0960 rowmax_out=0.0894 discrete_mse=31578.175781 best_discrete=9.009745 hash=False elapsed=7.1s
step   100/700 tau=0.5931 loss=0.532124 mse_soft=0.531567 ent_in=2.7275 ent_out=2.8348 rowmax_in=0.1799 rowmax_out=0.1671 discrete_mse=610.174072 best_discrete=9.009745 hash=False elapsed=9.5s
step   125/700 tau=0.5198 loss=0.432579 mse_soft=0.432143 ent_in=2.1818 ent_out=2.1751 rowmax_in=0.3057 rowmax_out=0.3142 discrete_mse=1491.697144 best_discrete=9.009745 hash=False elapsed=11.8s
step   150/700 tau=0.4555 loss=0.366964 mse_soft=0.366635 ent_in=1.7422 ent_out=1.5505 rowmax_in=0.4044 rowmax_out=0.4929 discrete_mse=405.939667 best_discrete=9.009745 hash=False elapsed=13.8s
step   175/700 tau=0.3992 loss=0.332975 mse_soft=0.332721 ent_in=1.4917 ent_out=1.0559 rowmax_in=0.4485 rowmax_out=0.6394 discrete_mse=90.329285 best_discrete=9.009745 hash=False elapsed=15.9s
step   200/700 tau=0.3499 loss=0.313972 mse_soft=0.313764 ent_in=1.3231 ent_out=0.7579 rowmax_in=0.4853 rowmax_out=0.7274 discrete_mse=492.660278 best_discrete=9.009745 hash=False elapsed=18.1s
step   225/700 tau=0.3066 loss=0.303911 mse_soft=0.303726 ent_in=1.2447 ent_out=0.6029 rowmax_in=0.4993 rowmax_out=0.7744 discrete_mse=231.440262 best_discrete=9.009745 hash=False elapsed=20.5s
step   250/700 tau=0.2687 loss=0.296387 mse_soft=0.296216 ent_in=1.1955 ent_out=0.5053 rowmax_in=0.5037 rowmax_out=0.7887 discrete_mse=231.440262 best_discrete=9.009745 hash=False elapsed=22.8s
step   275/700 tau=0.2355 loss=0.291821 mse_soft=0.291661 ent_in=1.1482 ent_out=0.4556 rowmax_in=0.5100 rowmax_out=0.8046 discrete_mse=245.319000 best_discrete=9.009745 hash=False elapsed=24.9s
step   300/700 tau=0.2064 loss=0.289977 mse_soft=0.289826 ent_in=1.1122 ent_out=0.4034 rowmax_in=0.5180 rowmax_out=0.8303 discrete_mse=249.732300 best_discrete=9.009745 hash=False elapsed=27.1s
step   325/700 tau=0.1809 loss=0.287245 mse_soft=0.287097 ent_in=1.0932 ent_out=0.3872 rowmax_in=0.5228 rowmax_out=0.8355 discrete_mse=464.042694 best_discrete=9.009745 hash=False elapsed=29.4s
step   350/700 tau=0.1585 loss=0.287226 mse_soft=0.287080 ent_in=1.0754 ent_out=0.3752 rowmax_in=0.5270 rowmax_out=0.8411 discrete_mse=307.406006 best_discrete=9.009745 hash=False elapsed=31.5s
step   375/700 tau=0.1389 loss=0.286748 mse_soft=0.286605 ent_in=1.0681 ent_out=0.3652 rowmax_in=0.5289 rowmax_out=0.8445 discrete_mse=307.406006 best_discrete=9.009745 hash=False elapsed=33.8s
step   400/700 tau=0.1218 loss=0.286635 mse_soft=0.286493 ent_in=1.0623 ent_out=0.3558 rowmax_in=0.5302 rowmax_out=0.8463 discrete_mse=130.694107 best_discrete=9.009745 hash=False elapsed=36.1s
step   425/700 tau=0.1067 loss=0.287613 mse_soft=0.287473 ent_in=1.0596 ent_out=0.3394 rowmax_in=0.5288 rowmax_out=0.8529 discrete_mse=116.969772 best_discrete=9.009745 hash=False elapsed=38.3s
step   450/700 tau=0.0935 loss=0.285458 mse_soft=0.285319 ent_in=1.0583 ent_out=0.3312 rowmax_in=0.5265 rowmax_out=0.8543 discrete_mse=406.614075 best_discrete=9.009745 hash=False elapsed=40.5s
step   475/700 tau=0.0820 loss=0.284858 mse_soft=0.284720 ent_in=1.0554 ent_out=0.3213 rowmax_in=0.5252 rowmax_out=0.8583 discrete_mse=89.118195 best_discrete=9.009745 hash=False elapsed=42.8s
step   500/700 tau=0.0718 loss=0.304601 mse_soft=0.304464 ent_in=1.0506 ent_out=0.3181 rowmax_in=0.5273 rowmax_out=0.8575 discrete_mse=89.118195 best_discrete=9.009745 hash=False elapsed=45.0s
step   525/700 tau=0.0630 loss=0.290950 mse_soft=0.290814 ent_in=1.0494 ent_out=0.3113 rowmax_in=0.5229 rowmax_out=0.8610 discrete_mse=89.118195 best_discrete=9.009745 hash=False elapsed=47.1s
step   550/700 tau=0.0552 loss=0.311639 mse_soft=0.311506 ent_in=1.0272 ent_out=0.3077 rowmax_in=0.5354 rowmax_out=0.8554 discrete_mse=289.806305 best_discrete=9.009745 hash=False elapsed=49.3s
step   575/700 tau=0.0484 loss=0.333396 mse_soft=0.333266 ent_in=0.9966 ent_out=0.3102 rowmax_in=0.5462 rowmax_out=0.8522 discrete_mse=286.674652 best_discrete=9.009745 hash=False elapsed=51.6s
step   600/700 tau=0.0424 loss=0.296252 mse_soft=0.296126 ent_in=0.9668 ent_out=0.2962 rowmax_in=0.5643 rowmax_out=0.8495 discrete_mse=252.872421 best_discrete=9.009745 hash=False elapsed=54.0s
step   625/700 tau=0.0371 loss=0.288571 mse_soft=0.288445 ent_in=0.9791 ent_out=0.2860 rowmax_in=0.5579 rowmax_out=0.8530 discrete_mse=246.107971 best_discrete=9.009745 hash=False elapsed=56.4s
step   650/700 tau=0.0325 loss=0.373045 mse_soft=0.372933 ent_in=0.8760 ent_out=0.2413 rowmax_in=0.6158 rowmax_out=0.8976 discrete_mse=114.088608 best_discrete=9.009745 hash=False elapsed=58.6s
step   675/700 tau=0.0285 loss=0.332242 mse_soft=0.332139 ent_in=0.7688 ent_out=0.2612 rowmax_in=0.6422 rowmax_out=0.8710 discrete_mse=15.287473 best_discrete=9.009745 hash=False elapsed=60.7s
step   700/700 tau=0.0250 loss=0.334519 mse_soft=0.334416 ent_in=0.7942 ent_out=0.2380 rowmax_in=0.6252 rowmax_out=0.8818 discrete_mse=52.767075 best_discrete=9.009745 hash=False elapsed=62.7s

Final metrics:
  soft_mse_full=0.388995
  rowmax_in_mean=0.6280
  rowmax_out_mean=0.8774
  ent_in_mean=0.7819
  ent_out_mean=0.2413
  final_discrete_mse=46.417156
  hash_match=False
  best_discrete_mse_seen=9.009745
Saved results to overnight_b098_j4.json
