Using device: cuda
Train rows: 10000 / Full rows: 10000, steps=700, lr=0.015
step     1/700 tau=1.0000 loss=1.064195 mse_soft=1.063421 ent_in=3.8712 ent_out=3.8712 rowmax_in=0.0213 rowmax_out=0.0213 discrete_mse=54.876755 best_discrete=54.876755 hash=False elapsed=0.5s
step    25/700 tau=0.8810 loss=0.972008 mse_soft=0.971248 ent_in=3.7931 ent_out=3.8053 rowmax_in=0.0331 rowmax_out=0.0323 discrete_mse=351.907684 best_discrete=54.876755 hash=False elapsed=2.7s
step    50/700 tau=0.7721 loss=0.786148 mse_soft=0.785440 ent_in=3.5149 ent_out=3.5658 rowmax_in=0.0559 rowmax_out=0.0538 discrete_mse=3474.971191 best_discrete=54.876755 hash=False elapsed=4.8s
step    75/700 tau=0.6767 loss=0.643845 mse_soft=0.643209 ent_in=3.1316 ent_out=3.2364 rowmax_in=0.0953 rowmax_out=0.0900 discrete_mse=5098.694336 best_discrete=54.876755 hash=False elapsed=6.9s
step   100/700 tau=0.5931 loss=0.534131 mse_soft=0.533576 ent_in=2.7246 ent_out=2.8241 rowmax_in=0.1756 rowmax_out=0.1684 discrete_mse=401.007202 best_discrete=54.876755 hash=False elapsed=9.1s
step   125/700 tau=0.5198 loss=0.438893 mse_soft=0.438454 ent_in=2.2190 ent_out=2.1669 rowmax_in=0.2864 rowmax_out=0.3233 discrete_mse=667.980103 best_discrete=54.876755 hash=False elapsed=11.3s
step   150/700 tau=0.4555 loss=0.363391 mse_soft=0.363073 ent_in=1.7258 ent_out=1.4590 rowmax_in=0.4118 rowmax_out=0.5280 discrete_mse=39.972988 best_discrete=39.972988 hash=False elapsed=13.2s
step   175/700 tau=0.3992 loss=0.326251 mse_soft=0.326014 ent_in=1.4197 ent_out=0.9531 rowmax_in=0.4754 rowmax_out=0.6656 discrete_mse=767.038574 best_discrete=39.972988 hash=False elapsed=15.1s
step   200/700 tau=0.3499 loss=0.306454 mse_soft=0.306264 ent_in=1.2667 ent_out=0.6295 rowmax_in=0.5166 rowmax_out=0.7745 discrete_mse=359.928772 best_discrete=39.972988 hash=False elapsed=17.1s
step   225/700 tau=0.3066 loss=0.293552 mse_soft=0.293393 ent_in=1.1486 ent_out=0.4439 rowmax_in=0.5438 rowmax_out=0.8329 discrete_mse=143.122971 best_discrete=39.972988 hash=False elapsed=19.1s
step   250/700 tau=0.2687 loss=0.287325 mse_soft=0.287175 ent_in=1.0818 ent_out=0.4127 rowmax_in=0.5551 rowmax_out=0.8172 discrete_mse=116.377670 best_discrete=39.972988 hash=False elapsed=21.2s
step   275/700 tau=0.2355 loss=0.285562 mse_soft=0.285419 ent_in=1.0511 ent_out=0.3844 rowmax_in=0.5594 rowmax_out=0.8191 discrete_mse=14.636242 best_discrete=14.636242 hash=False elapsed=23.4s
step   300/700 tau=0.2064 loss=0.284482 mse_soft=0.284341 ent_in=1.0402 ent_out=0.3693 rowmax_in=0.5617 rowmax_out=0.8217 discrete_mse=17.993702 best_discrete=14.636242 hash=False elapsed=25.5s
step   325/700 tau=0.1809 loss=0.284532 mse_soft=0.284393 ent_in=1.0298 ent_out=0.3658 rowmax_in=0.5648 rowmax_out=0.8190 discrete_mse=180.344238 best_discrete=14.636242 hash=False elapsed=27.6s
step   350/700 tau=0.1585 loss=0.284464 mse_soft=0.284325 ent_in=1.0224 ent_out=0.3616 rowmax_in=0.5665 rowmax_out=0.8176 discrete_mse=171.320587 best_discrete=14.636242 hash=False elapsed=29.8s
step   375/700 tau=0.1389 loss=0.284429 mse_soft=0.284291 ent_in=1.0160 ent_out=0.3574 rowmax_in=0.5685 rowmax_out=0.8192 discrete_mse=171.320587 best_discrete=14.636242 hash=False elapsed=31.9s
step   400/700 tau=0.1218 loss=0.284808 mse_soft=0.284671 ent_in=1.0100 ent_out=0.3571 rowmax_in=0.5692 rowmax_out=0.8196 discrete_mse=131.585922 best_discrete=14.636242 hash=False elapsed=33.9s
step   425/700 tau=0.1067 loss=0.285060 mse_soft=0.284924 ent_in=1.0082 ent_out=0.3553 rowmax_in=0.5687 rowmax_out=0.8200 discrete_mse=3.173973 best_discrete=3.173973 hash=False elapsed=36.0s
step   450/700 tau=0.0935 loss=0.288355 mse_soft=0.288220 ent_in=1.0035 ent_out=0.3558 rowmax_in=0.5687 rowmax_out=0.8187 discrete_mse=3.173973 best_discrete=3.173973 hash=False elapsed=38.2s
step   475/700 tau=0.0820 loss=0.291006 mse_soft=0.290871 ent_in=0.9999 ent_out=0.3515 rowmax_in=0.5715 rowmax_out=0.8219 discrete_mse=0.918295 best_discrete=0.918295 hash=False elapsed=40.3s
step   500/700 tau=0.0718 loss=0.283577 mse_soft=0.283443 ent_in=0.9964 ent_out=0.3508 rowmax_in=0.5725 rowmax_out=0.8228 discrete_mse=0.918295 best_discrete=0.918295 hash=False elapsed=42.5s
step   525/700 tau=0.0630 loss=0.284987 mse_soft=0.284852 ent_in=0.9982 ent_out=0.3506 rowmax_in=0.5694 rowmax_out=0.8230 discrete_mse=0.918295 best_discrete=0.918295 hash=False elapsed=44.7s
step   550/700 tau=0.0552 loss=0.290887 mse_soft=0.290752 ent_in=0.9938 ent_out=0.3527 rowmax_in=0.5702 rowmax_out=0.8202 discrete_mse=0.918295 best_discrete=0.918295 hash=False elapsed=46.8s
step   575/700 tau=0.0484 loss=0.332874 mse_soft=0.332744 ent_in=0.9611 ent_out=0.3467 rowmax_in=0.5761 rowmax_out=0.8073 discrete_mse=21.489506 best_discrete=0.918295 hash=False elapsed=49.0s
step   600/700 tau=0.0424 loss=0.290995 mse_soft=0.290873 ent_in=0.8808 ent_out=0.3406 rowmax_in=0.6023 rowmax_out=0.8200 discrete_mse=1.566293 best_discrete=0.918295 hash=False elapsed=51.1s
step   625/700 tau=0.0371 loss=0.298464 mse_soft=0.298347 ent_in=0.8425 ent_out=0.3303 rowmax_in=0.6156 rowmax_out=0.8248 discrete_mse=68.072479 best_discrete=0.918295 hash=False elapsed=53.4s
step   650/700 tau=0.0325 loss=0.295487 mse_soft=0.295373 ent_in=0.8179 ent_out=0.3175 rowmax_in=0.6261 rowmax_out=0.8290 discrete_mse=5.771314 best_discrete=0.918295 hash=False elapsed=55.5s
step   675/700 tau=0.0285 loss=0.306956 mse_soft=0.306846 ent_in=0.7871 ent_out=0.3078 rowmax_in=0.6378 rowmax_out=0.8351 discrete_mse=101.510262 best_discrete=0.918295 hash=False elapsed=57.5s
step   700/700 tau=0.0250 loss=0.334469 mse_soft=0.334396 ent_in=0.5525 ent_out=0.1860 rowmax_in=0.7402 rowmax_out=0.9102 discrete_mse=3.293859 best_discrete=0.918295 hash=False elapsed=59.5s

Final metrics:
  soft_mse_full=0.336722
  rowmax_in_mean=0.7546
  rowmax_out_mean=0.9192
  ent_in_mean=0.5443
  ent_out_mean=0.1825
  final_discrete_mse=5.748151
  hash_match=False
  best_discrete_mse_seen=0.918295
Saved results to overnight_b075_j4.json
