Using device: cuda
Train rows: 10000 / Full rows: 10000, steps=700, lr=0.02
step     1/700 tau=1.0000 loss=1.065740 mse_soft=1.063418 ent_in=3.8712 ent_out=3.8712 rowmax_in=0.0213 rowmax_out=0.0213 discrete_mse=89.887512 best_discrete=89.887512 hash=False elapsed=0.5s
step    25/700 tau=0.8866 loss=0.935345 mse_soft=0.933093 ent_in=3.7426 ent_out=3.7630 rowmax_in=0.0374 rowmax_out=0.0364 discrete_mse=1684.836304 best_discrete=89.887512 hash=False elapsed=2.4s
step    50/700 tau=0.7821 loss=0.712547 mse_soft=0.710510 ent_in=3.3628 ent_out=3.4256 rowmax_in=0.0691 rowmax_out=0.0658 discrete_mse=6592.490234 best_discrete=89.887512 hash=False elapsed=4.5s
step    75/700 tau=0.6899 loss=0.587977 mse_soft=0.586178 ent_in=2.9425 ent_out=3.0549 rowmax_in=0.1313 rowmax_out=0.1183 discrete_mse=456.168091 best_discrete=89.887512 hash=False elapsed=6.8s
step   100/700 tau=0.6086 loss=0.469989 mse_soft=0.468544 ent_in=2.3938 ent_out=2.4241 rowmax_in=0.2573 rowmax_out=0.2481 discrete_mse=19.280949 best_discrete=19.280949 hash=False elapsed=9.0s
step   125/700 tau=0.5368 loss=0.388432 mse_soft=0.387374 ent_in=1.8390 ent_out=1.6879 rowmax_in=0.3801 rowmax_out=0.4635 discrete_mse=123.923950 best_discrete=19.280949 hash=False elapsed=11.1s
step   150/700 tau=0.4736 loss=0.331479 mse_soft=0.330720 ent_in=1.4443 ent_out=1.0856 rowmax_in=0.4822 rowmax_out=0.6427 discrete_mse=443.281433 best_discrete=19.280949 hash=False elapsed=13.2s
step   175/700 tau=0.4177 loss=0.307294 mse_soft=0.306695 ent_in=1.2652 ent_out=0.7309 rowmax_in=0.5134 rowmax_out=0.7330 discrete_mse=89.343803 best_discrete=19.280949 hash=False elapsed=15.2s
step   200/700 tau=0.3685 loss=0.296821 mse_soft=0.296294 ent_in=1.1865 ent_out=0.5713 rowmax_in=0.5291 rowmax_out=0.7818 discrete_mse=64.477448 best_discrete=19.280949 hash=False elapsed=17.4s
step   225/700 tau=0.3251 loss=0.289858 mse_soft=0.289382 ent_in=1.1459 ent_out=0.4393 rowmax_in=0.5405 rowmax_out=0.8212 discrete_mse=62.566700 best_discrete=19.280949 hash=False elapsed=19.5s
step   250/700 tau=0.2868 loss=0.287694 mse_soft=0.287241 ent_in=1.1247 ent_out=0.3833 rowmax_in=0.5398 rowmax_out=0.8334 discrete_mse=115.085609 best_discrete=19.280949 hash=False elapsed=21.7s
step   275/700 tau=0.2530 loss=0.284939 mse_soft=0.284500 ent_in=1.0988 ent_out=0.3654 rowmax_in=0.5425 rowmax_out=0.8374 discrete_mse=64.112511 best_discrete=19.280949 hash=False elapsed=23.6s
step   300/700 tau=0.2231 loss=0.282356 mse_soft=0.281927 ent_in=1.0751 ent_out=0.3551 rowmax_in=0.5494 rowmax_out=0.8392 discrete_mse=156.238724 best_discrete=19.280949 hash=False elapsed=25.4s
step   325/700 tau=0.1968 loss=0.280732 mse_soft=0.280309 ent_in=1.0614 ent_out=0.3484 rowmax_in=0.5502 rowmax_out=0.8425 discrete_mse=35.079906 best_discrete=19.280949 hash=False elapsed=27.5s
step   350/700 tau=0.1736 loss=0.282132 mse_soft=0.281715 ent_in=1.0450 ent_out=0.3457 rowmax_in=0.5542 rowmax_out=0.8440 discrete_mse=35.079906 best_discrete=19.280949 hash=False elapsed=29.9s
step   375/700 tau=0.1532 loss=0.281903 mse_soft=0.281492 ent_in=1.0315 ent_out=0.3382 rowmax_in=0.5554 rowmax_out=0.8479 discrete_mse=35.079906 best_discrete=19.280949 hash=False elapsed=32.1s
step   400/700 tau=0.1351 loss=0.283297 mse_soft=0.282889 ent_in=1.0245 ent_out=0.3368 rowmax_in=0.5570 rowmax_out=0.8466 discrete_mse=29.288769 best_discrete=19.280949 hash=False elapsed=34.1s
step   425/700 tau=0.1192 loss=0.282921 mse_soft=0.282515 ent_in=1.0240 ent_out=0.3293 rowmax_in=0.5559 rowmax_out=0.8454 discrete_mse=64.036400 best_discrete=19.280949 hash=False elapsed=36.4s
step   450/700 tau=0.1051 loss=0.282200 mse_soft=0.281797 ent_in=1.0202 ent_out=0.3208 rowmax_in=0.5566 rowmax_out=0.8436 discrete_mse=134.319138 best_discrete=19.280949 hash=False elapsed=38.7s
step   475/700 tau=0.0928 loss=0.283583 mse_soft=0.283188 ent_in=1.0097 ent_out=0.3073 rowmax_in=0.5583 rowmax_out=0.8465 discrete_mse=47.554279 best_discrete=19.280949 hash=False elapsed=41.0s
step   500/700 tau=0.0818 loss=0.282428 mse_soft=0.282035 ent_in=1.0090 ent_out=0.3006 rowmax_in=0.5589 rowmax_out=0.8486 discrete_mse=37.767006 best_discrete=19.280949 hash=False elapsed=43.2s
step   525/700 tau=0.0722 loss=0.286987 mse_soft=0.286609 ent_in=0.9842 ent_out=0.2749 rowmax_in=0.5623 rowmax_out=0.8546 discrete_mse=75.420197 best_discrete=19.280949 hash=False elapsed=45.5s
step   550/700 tau=0.0637 loss=0.287543 mse_soft=0.287169 ent_in=0.9802 ent_out=0.2661 rowmax_in=0.5670 rowmax_out=0.8583 discrete_mse=73.206947 best_discrete=19.280949 hash=False elapsed=47.7s
step   575/700 tau=0.0562 loss=0.293698 mse_soft=0.293332 ent_in=0.9551 ent_out=0.2628 rowmax_in=0.5720 rowmax_out=0.8501 discrete_mse=25.135319 best_discrete=19.280949 hash=False elapsed=50.0s
step   600/700 tau=0.0495 loss=0.294868 mse_soft=0.294514 ent_in=0.9278 ent_out=0.2535 rowmax_in=0.5825 rowmax_out=0.8553 discrete_mse=40.851460 best_discrete=19.280949 hash=False elapsed=52.5s
step   625/700 tau=0.0437 loss=0.315039 mse_soft=0.314699 ent_in=0.8855 ent_out=0.2492 rowmax_in=0.6009 rowmax_out=0.8575 discrete_mse=20.304276 best_discrete=19.280949 hash=False elapsed=54.9s
step   650/700 tau=0.0386 loss=0.307925 mse_soft=0.307598 ent_in=0.8625 ent_out=0.2284 rowmax_in=0.5904 rowmax_out=0.8715 discrete_mse=71.881073 best_discrete=19.280949 hash=False elapsed=57.2s
step   675/700 tau=0.0340 loss=0.367493 mse_soft=0.367236 ent_in=0.6291 ent_out=0.2273 rowmax_in=0.6837 rowmax_out=0.8696 discrete_mse=74.760284 best_discrete=19.280949 hash=False elapsed=59.8s
step   700/700 tau=0.0300 loss=0.324648 mse_soft=0.324409 ent_in=0.5839 ent_out=0.2148 rowmax_in=0.6949 rowmax_out=0.8769 discrete_mse=33.268581 best_discrete=19.280949 hash=False elapsed=62.0s

Final metrics:
  soft_mse_full=0.325397
  rowmax_in_mean=0.6956
  rowmax_out_mean=0.8783
  ent_in_mean=0.5833
  ent_out_mean=0.2136
  final_discrete_mse=43.537205
  hash_match=False
  best_discrete_mse_seen=19.280949
Saved results to overnight_b057_j3.json
