Using device: cuda
Train rows: 10000 / Full rows: 10000, steps=700, lr=0.02
step     1/700 tau=1.0000 loss=1.065717 mse_soft=1.063394 ent_in=3.8712 ent_out=3.8712 rowmax_in=0.0213 rowmax_out=0.0213 discrete_mse=17.493788 best_discrete=17.493788 hash=False elapsed=0.5s
step    25/700 tau=0.8866 loss=0.935132 mse_soft=0.932881 ent_in=3.7421 ent_out=3.7629 rowmax_in=0.0372 rowmax_out=0.0362 discrete_mse=988.019287 best_discrete=17.493788 hash=False elapsed=2.7s
step    50/700 tau=0.7821 loss=0.712374 mse_soft=0.710337 ent_in=3.3605 ent_out=3.4281 rowmax_in=0.0692 rowmax_out=0.0651 discrete_mse=1505.685669 best_discrete=17.493788 hash=False elapsed=4.9s
step    75/700 tau=0.6899 loss=0.590522 mse_soft=0.588720 ent_in=2.9426 ent_out=3.0647 rowmax_in=0.1289 rowmax_out=0.1182 discrete_mse=1119.940674 best_discrete=17.493788 hash=False elapsed=7.4s
step   100/700 tau=0.6086 loss=0.476631 mse_soft=0.475175 ent_in=2.4167 ent_out=2.4360 rowmax_in=0.2423 rowmax_out=0.2462 discrete_mse=319.096161 best_discrete=17.493788 hash=False elapsed=9.6s
step   125/700 tau=0.5368 loss=0.384227 mse_soft=0.383151 ent_in=1.8600 ent_out=1.7279 rowmax_in=0.3943 rowmax_out=0.4402 discrete_mse=1981.846802 best_discrete=17.493788 hash=False elapsed=11.7s
step   150/700 tau=0.4736 loss=0.331805 mse_soft=0.331024 ent_in=1.4456 ent_out=1.1585 rowmax_in=0.4924 rowmax_out=0.5933 discrete_mse=490.376373 best_discrete=17.493788 hash=False elapsed=13.7s
step   175/700 tau=0.4177 loss=0.311146 mse_soft=0.310499 ent_in=1.2902 ent_out=0.8655 rowmax_in=0.5136 rowmax_out=0.6772 discrete_mse=1168.485229 best_discrete=17.493788 hash=False elapsed=15.9s
step   200/700 tau=0.3685 loss=0.300819 mse_soft=0.300245 ent_in=1.2119 ent_out=0.7013 rowmax_in=0.5215 rowmax_out=0.7237 discrete_mse=536.479675 best_discrete=17.493788 hash=False elapsed=18.1s
step   225/700 tau=0.3251 loss=0.294669 mse_soft=0.294135 ent_in=1.1722 ent_out=0.6088 rowmax_in=0.5242 rowmax_out=0.7479 discrete_mse=884.140259 best_discrete=17.493788 hash=False elapsed=20.2s
step   250/700 tau=0.2868 loss=0.290407 mse_soft=0.289898 ent_in=1.1455 ent_out=0.5510 rowmax_in=0.5270 rowmax_out=0.7586 discrete_mse=1550.443970 best_discrete=17.493788 hash=False elapsed=22.6s
step   275/700 tau=0.2530 loss=0.288830 mse_soft=0.288340 ent_in=1.1242 ent_out=0.5095 rowmax_in=0.5292 rowmax_out=0.7709 discrete_mse=675.491882 best_discrete=17.493788 hash=False elapsed=24.7s
step   300/700 tau=0.2231 loss=0.286852 mse_soft=0.286379 ent_in=1.1033 ent_out=0.4754 rowmax_in=0.5339 rowmax_out=0.7894 discrete_mse=268.924530 best_discrete=17.493788 hash=False elapsed=26.9s
step   325/700 tau=0.1968 loss=0.281846 mse_soft=0.281390 ent_in=1.1002 ent_out=0.4180 rowmax_in=0.5334 rowmax_out=0.8141 discrete_mse=46.179192 best_discrete=17.493788 hash=False elapsed=29.0s
step   350/700 tau=0.1736 loss=0.280426 mse_soft=0.279990 ent_in=1.0838 ent_out=0.3709 rowmax_in=0.5353 rowmax_out=0.8340 discrete_mse=61.193905 best_discrete=17.493788 hash=False elapsed=31.0s
step   375/700 tau=0.1532 loss=0.279199 mse_soft=0.278774 ent_in=1.0740 ent_out=0.3435 rowmax_in=0.5375 rowmax_out=0.8432 discrete_mse=71.842339 best_discrete=17.493788 hash=False elapsed=33.5s
step   400/700 tau=0.1351 loss=0.279153 mse_soft=0.278739 ent_in=1.0589 ent_out=0.3215 rowmax_in=0.5439 rowmax_out=0.8491 discrete_mse=38.493805 best_discrete=17.493788 hash=False elapsed=35.9s
step   425/700 tau=0.1192 loss=0.279418 mse_soft=0.279011 ent_in=1.0474 ent_out=0.3069 rowmax_in=0.5475 rowmax_out=0.8512 discrete_mse=38.493805 best_discrete=17.493788 hash=False elapsed=38.2s
step   450/700 tau=0.1051 loss=0.278243 mse_soft=0.277843 ent_in=1.0368 ent_out=0.2948 rowmax_in=0.5494 rowmax_out=0.8528 discrete_mse=273.848602 best_discrete=17.493788 hash=False elapsed=40.4s
step   475/700 tau=0.0928 loss=0.276933 mse_soft=0.276540 ent_in=1.0265 ent_out=0.2845 rowmax_in=0.5515 rowmax_out=0.8561 discrete_mse=210.601349 best_discrete=17.493788 hash=False elapsed=42.5s
step   500/700 tau=0.0818 loss=0.283519 mse_soft=0.283127 ent_in=1.0205 ent_out=0.2846 rowmax_in=0.5528 rowmax_out=0.8571 discrete_mse=210.601349 best_discrete=17.493788 hash=False elapsed=44.6s
step   525/700 tau=0.0722 loss=0.283421 mse_soft=0.283031 ent_in=1.0142 ent_out=0.2845 rowmax_in=0.5506 rowmax_out=0.8534 discrete_mse=83.631737 best_discrete=17.493788 hash=False elapsed=46.8s
step   550/700 tau=0.0637 loss=0.301675 mse_soft=0.301293 ent_in=0.9943 ent_out=0.2763 rowmax_in=0.5591 rowmax_out=0.8556 discrete_mse=0.922184 best_discrete=0.922184 hash=False elapsed=49.3s
step   575/700 tau=0.0562 loss=0.282738 mse_soft=0.282357 ent_in=0.9888 ent_out=0.2800 rowmax_in=0.5586 rowmax_out=0.8513 discrete_mse=236.470993 best_discrete=0.922184 hash=False elapsed=51.6s
step   600/700 tau=0.0495 loss=0.279358 mse_soft=0.278974 ent_in=0.9957 ent_out=0.2841 rowmax_in=0.5548 rowmax_out=0.8489 discrete_mse=61.737865 best_discrete=0.922184 hash=False elapsed=53.7s
step   625/700 tau=0.0437 loss=0.370368 mse_soft=0.370023 ent_in=0.8893 ent_out=0.2598 rowmax_in=0.5960 rowmax_out=0.8656 discrete_mse=84.721207 best_discrete=0.922184 hash=False elapsed=55.7s
step   650/700 tau=0.0386 loss=0.336701 mse_soft=0.336443 ent_in=0.6450 ent_out=0.2172 rowmax_in=0.6953 rowmax_out=0.8933 discrete_mse=84.101608 best_discrete=0.922184 hash=False elapsed=57.6s
step   675/700 tau=0.0340 loss=0.338716 mse_soft=0.338474 ent_in=0.5859 ent_out=0.2226 rowmax_in=0.7016 rowmax_out=0.8782 discrete_mse=162.677994 best_discrete=0.922184 hash=False elapsed=59.8s
step   700/700 tau=0.0300 loss=0.332535 mse_soft=0.332290 ent_in=0.6020 ent_out=0.2130 rowmax_in=0.6887 rowmax_out=0.8857 discrete_mse=149.081146 best_discrete=0.922184 hash=False elapsed=62.1s

Final metrics:
  soft_mse_full=0.325846
  rowmax_in_mean=0.6781
  rowmax_out_mean=0.8872
  ent_in_mean=0.6081
  ent_out_mean=0.2124
  final_discrete_mse=254.846298
  hash_match=False
  best_discrete_mse_seen=0.922184
Saved results to overnight_b039_j3.json
