Using device: cuda
Train rows: 4096 / Full rows: 10000, steps=900, lr=0.03
step     1/900 tau=1.0000 loss=1.082875 mse_soft=1.080553 ent_in=3.8712 ent_out=3.8712 rowmax_in=0.0213 rowmax_out=0.0213 discrete_mse=33.034489 best_discrete=33.034489 hash=False elapsed=0.5s
step    25/900 tau=0.9090 loss=0.869513 mse_soft=0.867324 ent_in=3.6321 ent_out=3.6654 rowmax_in=0.0455 rowmax_out=0.0445 discrete_mse=2833.319092 best_discrete=33.034489 hash=False elapsed=2.9s
step    50/900 tau=0.8229 loss=0.647802 mse_soft=0.645892 ent_in=3.1365 ent_out=3.2280 rowmax_in=0.0918 rowmax_out=0.0872 discrete_mse=14780.977539 best_discrete=33.034489 hash=False elapsed=5.2s
step    75/900 tau=0.7450 loss=0.504880 mse_soft=0.503287 ent_in=2.6129 ent_out=2.6968 rowmax_in=0.2117 rowmax_out=0.2005 discrete_mse=1169.300049 best_discrete=33.034489 hash=False elapsed=7.6s
step   100/900 tau=0.6745 loss=0.393499 mse_soft=0.392338 ent_in=1.9522 ent_out=1.9206 rowmax_in=0.3754 rowmax_out=0.3934 discrete_mse=1553.371948 best_discrete=33.034489 hash=False elapsed=10.0s
step   125/900 tau=0.6107 loss=0.325243 mse_soft=0.324418 ent_in=1.4950 ent_out=1.2553 rowmax_in=0.4729 rowmax_out=0.5817 discrete_mse=582.937561 best_discrete=33.034489 hash=False elapsed=12.5s
step   150/900 tau=0.5529 loss=0.301098 mse_soft=0.300419 ent_in=1.3228 ent_out=0.9395 rowmax_in=0.4993 rowmax_out=0.6719 discrete_mse=597.078247 best_discrete=33.034489 hash=False elapsed=14.9s
step   175/900 tau=0.5006 loss=0.289020 mse_soft=0.288426 ent_in=1.2460 ent_out=0.7316 rowmax_in=0.5127 rowmax_out=0.7293 discrete_mse=361.666840 best_discrete=33.034489 hash=False elapsed=17.3s
step   200/900 tau=0.4532 loss=0.283664 mse_soft=0.283112 ent_in=1.2063 ent_out=0.6328 rowmax_in=0.5166 rowmax_out=0.7446 discrete_mse=393.069489 best_discrete=33.034489 hash=False elapsed=19.7s
step   225/900 tau=0.4103 loss=0.277755 mse_soft=0.277225 ent_in=1.1845 ent_out=0.5797 rowmax_in=0.5179 rowmax_out=0.7527 discrete_mse=393.069489 best_discrete=33.034489 hash=False elapsed=22.1s
step   250/900 tau=0.3715 loss=0.274411 mse_soft=0.273898 ent_in=1.1654 ent_out=0.5447 rowmax_in=0.5187 rowmax_out=0.7611 discrete_mse=350.867706 best_discrete=33.034489 hash=False elapsed=24.5s
step   275/900 tau=0.3363 loss=0.271781 mse_soft=0.271284 ent_in=1.1454 ent_out=0.5138 rowmax_in=0.5221 rowmax_out=0.7696 discrete_mse=453.765991 best_discrete=33.034489 hash=False elapsed=27.0s
step   300/900 tau=0.3045 loss=0.268751 mse_soft=0.268266 ent_in=1.1116 ent_out=0.5027 rowmax_in=0.5324 rowmax_out=0.7746 discrete_mse=338.536957 best_discrete=33.034489 hash=False elapsed=29.4s
step   325/900 tau=0.2756 loss=0.269963 mse_soft=0.269487 ent_in=1.0915 ent_out=0.4953 rowmax_in=0.5379 rowmax_out=0.7736 discrete_mse=338.536957 best_discrete=33.034489 hash=False elapsed=31.8s
step   350/900 tau=0.2496 loss=0.266510 mse_soft=0.266040 ent_in=1.0813 ent_out=0.4869 rowmax_in=0.5382 rowmax_out=0.7783 discrete_mse=374.790894 best_discrete=33.034489 hash=False elapsed=34.2s
step   375/900 tau=0.2259 loss=0.266420 mse_soft=0.265957 ent_in=1.0743 ent_out=0.4707 rowmax_in=0.5391 rowmax_out=0.7815 discrete_mse=374.790894 best_discrete=33.034489 hash=False elapsed=36.6s
step   400/900 tau=0.2046 loss=0.268127 mse_soft=0.267667 ent_in=1.0679 ent_out=0.4638 rowmax_in=0.5417 rowmax_out=0.7804 discrete_mse=299.013702 best_discrete=33.034489 hash=False elapsed=39.0s
step   425/900 tau=0.1852 loss=0.267080 mse_soft=0.266621 ent_in=1.0695 ent_out=0.4624 rowmax_in=0.5398 rowmax_out=0.7792 discrete_mse=374.790894 best_discrete=33.034489 hash=False elapsed=41.0s
step   450/900 tau=0.1677 loss=0.265342 mse_soft=0.264887 ent_in=1.0570 ent_out=0.4617 rowmax_in=0.5424 rowmax_out=0.7765 discrete_mse=410.537323 best_discrete=33.034489 hash=False elapsed=43.1s
step   475/900 tau=0.1518 loss=0.266339 mse_soft=0.265885 ent_in=1.0543 ent_out=0.4587 rowmax_in=0.5431 rowmax_out=0.7778 discrete_mse=410.537323 best_discrete=33.034489 hash=False elapsed=45.3s
step   500/900 tau=0.1374 loss=0.268730 mse_soft=0.268279 ent_in=1.0464 ent_out=0.4587 rowmax_in=0.5470 rowmax_out=0.7761 discrete_mse=1119.306030 best_discrete=33.034489 hash=False elapsed=47.5s
step   525/900 tau=0.1244 loss=0.270332 mse_soft=0.269884 ent_in=1.0360 ent_out=0.4569 rowmax_in=0.5472 rowmax_out=0.7763 discrete_mse=419.946198 best_discrete=33.034489 hash=False elapsed=49.6s
step   550/900 tau=0.1126 loss=0.267060 mse_soft=0.266615 ent_in=1.0281 ent_out=0.4545 rowmax_in=0.5485 rowmax_out=0.7752 discrete_mse=849.405457 best_discrete=33.034489 hash=False elapsed=51.8s
step   575/900 tau=0.1020 loss=0.269329 mse_soft=0.268894 ent_in=1.0084 ent_out=0.4416 rowmax_in=0.5500 rowmax_out=0.7774 discrete_mse=676.948059 best_discrete=33.034489 hash=False elapsed=54.1s
step   600/900 tau=0.0923 loss=0.274525 mse_soft=0.274094 ent_in=0.9954 ent_out=0.4402 rowmax_in=0.5531 rowmax_out=0.7765 discrete_mse=676.948059 best_discrete=33.034489 hash=False elapsed=56.3s
step   625/900 tau=0.0836 loss=0.292151 mse_soft=0.291742 ent_in=0.9564 ent_out=0.4092 rowmax_in=0.5677 rowmax_out=0.7972 discrete_mse=104.281219 best_discrete=33.034489 hash=False elapsed=58.4s
step   650/900 tau=0.0757 loss=0.276565 mse_soft=0.276149 ent_in=0.9717 ent_out=0.4159 rowmax_in=0.5547 rowmax_out=0.7867 discrete_mse=823.462402 best_discrete=33.034489 hash=False elapsed=60.5s
step   675/900 tau=0.0685 loss=0.296469 mse_soft=0.296057 ent_in=0.9596 ent_out=0.4139 rowmax_in=0.5684 rowmax_out=0.7879 discrete_mse=425.824829 best_discrete=33.034489 hash=False elapsed=62.6s
step   700/900 tau=0.0620 loss=0.385780 mse_soft=0.385545 ent_in=0.5776 ent_out=0.2046 rowmax_in=0.7301 rowmax_out=0.9101 discrete_mse=6.602633 best_discrete=6.602633 hash=False elapsed=65.0s
step   725/900 tau=0.0562 loss=0.339850 mse_soft=0.339612 ent_in=0.5658 ent_out=0.2281 rowmax_in=0.7321 rowmax_out=0.8963 discrete_mse=21.780556 best_discrete=6.602633 hash=False elapsed=67.1s
step   750/900 tau=0.0508 loss=0.326621 mse_soft=0.326377 ent_in=0.5779 ent_out=0.2360 rowmax_in=0.7122 rowmax_out=0.8938 discrete_mse=11.690192 best_discrete=6.602633 hash=False elapsed=69.1s
step   775/900 tau=0.0460 loss=0.324871 mse_soft=0.324626 ent_in=0.5699 ent_out=0.2452 rowmax_in=0.7182 rowmax_out=0.8873 discrete_mse=26.224106 best_discrete=6.602633 hash=False elapsed=71.0s
step   800/900 tau=0.0417 loss=0.325570 mse_soft=0.325323 ent_in=0.5766 ent_out=0.2476 rowmax_in=0.7138 rowmax_out=0.8865 discrete_mse=18.301643 best_discrete=6.602633 hash=False elapsed=73.1s
step   825/900 tau=0.0377 loss=0.341933 mse_soft=0.341684 ent_in=0.5736 ent_out=0.2565 rowmax_in=0.7163 rowmax_out=0.8800 discrete_mse=13.419223 best_discrete=6.602633 hash=False elapsed=75.3s
step   850/900 tau=0.0342 loss=0.343412 mse_soft=0.343174 ent_in=0.5306 ent_out=0.2658 rowmax_in=0.7311 rowmax_out=0.8771 discrete_mse=45.656319 best_discrete=6.602633 hash=False elapsed=77.4s
step   875/900 tau=0.0309 loss=0.334255 mse_soft=0.334032 ent_in=0.4805 ent_out=0.2626 rowmax_in=0.7593 rowmax_out=0.8703 discrete_mse=25.813480 best_discrete=6.602633 hash=False elapsed=79.7s
step   900/900 tau=0.0280 loss=0.417416 mse_soft=0.417206 ent_in=0.4732 ent_out=0.2246 rowmax_in=0.7608 rowmax_out=0.9095 discrete_mse=11.488451 best_discrete=6.602633 hash=False elapsed=81.9s

Final metrics:
  soft_mse_full=0.552792
  rowmax_in_mean=0.8004
  rowmax_out_mean=0.9272
  ent_in_mean=0.3968
  ent_out_mean=0.1959
  final_discrete_mse=20.189299
  hash_match=False
  best_discrete_mse_seen=6.602633
Saved results to overnight_b109_j2.json
