Using device: cuda
Train rows: 10000 / Full rows: 10000, steps=700, lr=0.015
step     1/700 tau=1.0000 loss=1.064196 mse_soft=1.063422 ent_in=3.8712 ent_out=3.8712 rowmax_in=0.0213 rowmax_out=0.0213 discrete_mse=132.413193 best_discrete=132.413193 hash=False elapsed=0.5s
step    25/700 tau=0.8810 loss=0.971885 mse_soft=0.971126 ent_in=3.7932 ent_out=3.8050 rowmax_in=0.0333 rowmax_out=0.0323 discrete_mse=513.852600 best_discrete=132.413193 hash=False elapsed=2.7s
step    50/700 tau=0.7721 loss=0.784940 mse_soft=0.784233 ent_in=3.5134 ent_out=3.5625 rowmax_in=0.0570 rowmax_out=0.0558 discrete_mse=4810.033691 best_discrete=132.413193 hash=False elapsed=4.8s
step    75/700 tau=0.6767 loss=0.642127 mse_soft=0.641492 ent_in=3.1256 ent_out=3.2217 rowmax_in=0.0953 rowmax_out=0.0933 discrete_mse=5352.720703 best_discrete=132.413193 hash=False elapsed=6.9s
step   100/700 tau=0.5931 loss=0.529570 mse_soft=0.529020 ent_in=2.7052 ent_out=2.7964 rowmax_in=0.1864 rowmax_out=0.1840 discrete_mse=492.414490 best_discrete=132.413193 hash=False elapsed=9.2s
step   125/700 tau=0.5198 loss=0.432544 mse_soft=0.432114 ent_in=2.1646 ent_out=2.1388 rowmax_in=0.3043 rowmax_out=0.3347 discrete_mse=24.426538 best_discrete=24.426538 hash=False elapsed=11.6s
step   150/700 tau=0.4555 loss=0.363134 mse_soft=0.362816 ent_in=1.7145 ent_out=1.4689 rowmax_in=0.4074 rowmax_out=0.5185 discrete_mse=1451.710693 best_discrete=24.426538 hash=False elapsed=13.6s
step   175/700 tau=0.3992 loss=0.324064 mse_soft=0.323818 ent_in=1.4799 ent_out=0.9735 rowmax_in=0.4538 rowmax_out=0.6338 discrete_mse=1220.294556 best_discrete=24.426538 hash=False elapsed=15.5s
step   200/700 tau=0.3499 loss=0.307502 mse_soft=0.307294 ent_in=1.3537 ent_out=0.7229 rowmax_in=0.4783 rowmax_out=0.6999 discrete_mse=405.173187 best_discrete=24.426538 hash=False elapsed=17.2s
step   225/700 tau=0.3066 loss=0.298872 mse_soft=0.298687 ent_in=1.2681 ent_out=0.5819 rowmax_in=0.4940 rowmax_out=0.7474 discrete_mse=505.314484 best_discrete=24.426538 hash=False elapsed=19.1s
step   250/700 tau=0.2687 loss=0.294477 mse_soft=0.294305 ent_in=1.2166 ent_out=0.5052 rowmax_in=0.5036 rowmax_out=0.7776 discrete_mse=300.153687 best_discrete=24.426538 hash=False elapsed=21.2s
step   275/700 tau=0.2355 loss=0.288704 mse_soft=0.288540 ent_in=1.1839 ent_out=0.4496 rowmax_in=0.5071 rowmax_out=0.8003 discrete_mse=423.266602 best_discrete=24.426538 hash=False elapsed=23.4s
step   300/700 tau=0.2064 loss=0.285723 mse_soft=0.285567 ent_in=1.1509 ent_out=0.4086 rowmax_in=0.5123 rowmax_out=0.8170 discrete_mse=485.381500 best_discrete=24.426538 hash=False elapsed=25.6s
step   325/700 tau=0.1809 loss=0.283962 mse_soft=0.283812 ent_in=1.1327 ent_out=0.3735 rowmax_in=0.5166 rowmax_out=0.8307 discrete_mse=626.096130 best_discrete=24.426538 hash=False elapsed=27.8s
step   350/700 tau=0.1585 loss=0.284110 mse_soft=0.283962 ent_in=1.1191 ent_out=0.3529 rowmax_in=0.5191 rowmax_out=0.8376 discrete_mse=626.096130 best_discrete=24.426538 hash=False elapsed=29.9s
step   375/700 tau=0.1389 loss=0.283227 mse_soft=0.283083 ent_in=1.1065 ent_out=0.3323 rowmax_in=0.5236 rowmax_out=0.8473 discrete_mse=373.951111 best_discrete=24.426538 hash=False elapsed=32.2s
step   400/700 tau=0.1218 loss=0.281222 mse_soft=0.281080 ent_in=1.0964 ent_out=0.3231 rowmax_in=0.5282 rowmax_out=0.8526 discrete_mse=283.890564 best_discrete=24.426538 hash=False elapsed=34.5s
step   425/700 tau=0.1067 loss=0.280558 mse_soft=0.280417 ent_in=1.0936 ent_out=0.3207 rowmax_in=0.5285 rowmax_out=0.8555 discrete_mse=8.552701 best_discrete=8.552701 hash=False elapsed=36.7s
step   450/700 tau=0.0935 loss=0.281182 mse_soft=0.281041 ent_in=1.0909 ent_out=0.3162 rowmax_in=0.5282 rowmax_out=0.8572 discrete_mse=125.577011 best_discrete=8.552701 hash=False elapsed=38.8s
step   475/700 tau=0.0820 loss=0.281306 mse_soft=0.281166 ent_in=1.0870 ent_out=0.3138 rowmax_in=0.5305 rowmax_out=0.8576 discrete_mse=51.226925 best_discrete=8.552701 hash=False elapsed=40.9s
step   500/700 tau=0.0718 loss=0.283827 mse_soft=0.283688 ent_in=1.0870 ent_out=0.3056 rowmax_in=0.5285 rowmax_out=0.8611 discrete_mse=69.911789 best_discrete=8.552701 hash=False elapsed=43.1s
step   525/700 tau=0.0630 loss=0.292350 mse_soft=0.292212 ent_in=1.0796 ent_out=0.2970 rowmax_in=0.5306 rowmax_out=0.8647 discrete_mse=288.513794 best_discrete=8.552701 hash=False elapsed=45.2s
step   550/700 tau=0.0552 loss=0.289672 mse_soft=0.289538 ent_in=1.0561 ent_out=0.2863 rowmax_in=0.5396 rowmax_out=0.8611 discrete_mse=169.998520 best_discrete=8.552701 hash=False elapsed=47.5s
step   575/700 tau=0.0484 loss=0.290093 mse_soft=0.289961 ent_in=1.0467 ent_out=0.2765 rowmax_in=0.5386 rowmax_out=0.8644 discrete_mse=199.097733 best_discrete=8.552701 hash=False elapsed=49.8s
step   600/700 tau=0.0424 loss=0.308016 mse_soft=0.307888 ent_in=1.0204 ent_out=0.2551 rowmax_in=0.5484 rowmax_out=0.8783 discrete_mse=125.054420 best_discrete=8.552701 hash=False elapsed=52.1s
step   625/700 tau=0.0371 loss=0.305387 mse_soft=0.305267 ent_in=0.9503 ent_out=0.2447 rowmax_in=0.5733 rowmax_out=0.8785 discrete_mse=465.884247 best_discrete=8.552701 hash=False elapsed=54.4s
step   650/700 tau=0.0325 loss=0.306523 mse_soft=0.306410 ent_in=0.8995 ent_out=0.2298 rowmax_in=0.5862 rowmax_out=0.8875 discrete_mse=416.487885 best_discrete=8.552701 hash=False elapsed=56.8s
step   675/700 tau=0.0285 loss=0.305401 mse_soft=0.305287 ent_in=0.8982 ent_out=0.2382 rowmax_in=0.5898 rowmax_out=0.8876 discrete_mse=42.692436 best_discrete=8.552701 hash=False elapsed=58.9s
step   700/700 tau=0.0250 loss=0.405085 mse_soft=0.404994 ent_in=0.6849 ent_out=0.2198 rowmax_in=0.6947 rowmax_out=0.8906 discrete_mse=34.937222 best_discrete=8.552701 hash=False elapsed=61.2s

Final metrics:
  soft_mse_full=0.362730
  rowmax_in_mean=0.7212
  rowmax_out_mean=0.8895
  ent_in_mean=0.6468
  ent_out_mean=0.2214
  final_discrete_mse=34.937222
  hash_match=False
  best_discrete_mse_seen=8.552701
Saved results to overnight_b124_j4.json
