Using device: cuda
Train rows: 10000 / Full rows: 10000, steps=700, lr=0.015
step     1/700 tau=1.0000 loss=1.064187 mse_soft=1.063412 ent_in=3.8712 ent_out=3.8712 rowmax_in=0.0213 rowmax_out=0.0213 discrete_mse=38.131554 best_discrete=38.131554 hash=False elapsed=0.5s
step    25/700 tau=0.8810 loss=0.972055 mse_soft=0.971295 ent_in=3.7933 ent_out=3.8053 rowmax_in=0.0328 rowmax_out=0.0323 discrete_mse=711.543701 best_discrete=38.131554 hash=False elapsed=2.7s
step    50/700 tau=0.7721 loss=0.784837 mse_soft=0.784129 ent_in=3.5138 ent_out=3.5643 rowmax_in=0.0559 rowmax_out=0.0547 discrete_mse=9586.616211 best_discrete=38.131554 hash=False elapsed=4.9s
step    75/700 tau=0.6767 loss=0.644117 mse_soft=0.643480 ent_in=3.1372 ent_out=3.2328 rowmax_in=0.0960 rowmax_out=0.0914 discrete_mse=4390.661621 best_discrete=38.131554 hash=False elapsed=7.0s
step   100/700 tau=0.5931 loss=0.537201 mse_soft=0.536645 ent_in=2.7309 ent_out=2.8300 rowmax_in=0.1764 rowmax_out=0.1688 discrete_mse=365.237915 best_discrete=38.131554 hash=False elapsed=9.2s
step   125/700 tau=0.5198 loss=0.438282 mse_soft=0.437845 ent_in=2.2002 ent_out=2.1696 rowmax_in=0.3076 rowmax_out=0.3076 discrete_mse=517.833496 best_discrete=38.131554 hash=False elapsed=11.6s
step   150/700 tau=0.4555 loss=0.374194 mse_soft=0.373863 ent_in=1.7573 ent_out=1.5575 rowmax_in=0.4121 rowmax_out=0.4799 discrete_mse=1079.553833 best_discrete=38.131554 hash=False elapsed=13.8s
step   175/700 tau=0.3992 loss=0.340570 mse_soft=0.340306 ent_in=1.5208 ent_out=1.1270 rowmax_in=0.4605 rowmax_out=0.5985 discrete_mse=219.118790 best_discrete=38.131554 hash=False elapsed=15.9s
step   200/700 tau=0.3499 loss=0.323826 mse_soft=0.323598 ent_in=1.3778 ent_out=0.9107 rowmax_in=0.4848 rowmax_out=0.6650 discrete_mse=419.202301 best_discrete=38.131554 hash=False elapsed=18.2s
step   225/700 tau=0.3066 loss=0.314798 mse_soft=0.314595 ent_in=1.2760 ent_out=0.7521 rowmax_in=0.5012 rowmax_out=0.7039 discrete_mse=365.523376 best_discrete=38.131554 hash=False elapsed=20.5s
step   250/700 tau=0.2687 loss=0.307049 mse_soft=0.306865 ent_in=1.2069 ent_out=0.6401 rowmax_in=0.5125 rowmax_out=0.7348 discrete_mse=886.564392 best_discrete=38.131554 hash=False elapsed=22.9s
step   275/700 tau=0.2355 loss=0.301919 mse_soft=0.301745 ent_in=1.1657 ent_out=0.5800 rowmax_in=0.5225 rowmax_out=0.7553 discrete_mse=567.738098 best_discrete=38.131554 hash=False elapsed=25.4s
step   300/700 tau=0.2064 loss=0.300075 mse_soft=0.299907 ent_in=1.1345 ent_out=0.5396 rowmax_in=0.5322 rowmax_out=0.7691 discrete_mse=567.738098 best_discrete=38.131554 hash=False elapsed=27.9s
step   325/700 tau=0.1809 loss=0.299366 mse_soft=0.299202 ent_in=1.1239 ent_out=0.5176 rowmax_in=0.5336 rowmax_out=0.7741 discrete_mse=360.672821 best_discrete=38.131554 hash=False elapsed=29.9s
step   350/700 tau=0.1585 loss=0.298322 mse_soft=0.298161 ent_in=1.1085 ent_out=0.5032 rowmax_in=0.5357 rowmax_out=0.7789 discrete_mse=360.672821 best_discrete=38.131554 hash=False elapsed=31.9s
step   375/700 tau=0.1389 loss=0.297035 mse_soft=0.296875 ent_in=1.1027 ent_out=0.4965 rowmax_in=0.5369 rowmax_out=0.7807 discrete_mse=360.672821 best_discrete=38.131554 hash=False elapsed=34.0s
step   400/700 tau=0.1218 loss=0.295941 mse_soft=0.295782 ent_in=1.1012 ent_out=0.4922 rowmax_in=0.5373 rowmax_out=0.7822 discrete_mse=360.672821 best_discrete=38.131554 hash=False elapsed=36.3s
step   425/700 tau=0.1067 loss=0.302434 mse_soft=0.302274 ent_in=1.1077 ent_out=0.4913 rowmax_in=0.5319 rowmax_out=0.7817 discrete_mse=290.433929 best_discrete=38.131554 hash=False elapsed=38.6s
step   450/700 tau=0.0935 loss=0.297821 mse_soft=0.297662 ent_in=1.1033 ent_out=0.4849 rowmax_in=0.5359 rowmax_out=0.7840 discrete_mse=482.515442 best_discrete=38.131554 hash=False elapsed=40.7s
step   475/700 tau=0.0820 loss=0.308395 mse_soft=0.308236 ent_in=1.1000 ent_out=0.4898 rowmax_in=0.5356 rowmax_out=0.7809 discrete_mse=171.322464 best_discrete=38.131554 hash=False elapsed=42.9s
step   500/700 tau=0.0718 loss=0.299835 mse_soft=0.299675 ent_in=1.1014 ent_out=0.4969 rowmax_in=0.5321 rowmax_out=0.7781 discrete_mse=171.322464 best_discrete=38.131554 hash=False elapsed=45.0s
step   525/700 tau=0.0630 loss=0.311702 mse_soft=0.311545 ent_in=1.0766 ent_out=0.4929 rowmax_in=0.5433 rowmax_out=0.7759 discrete_mse=245.548950 best_discrete=38.131554 hash=False elapsed=47.1s
step   550/700 tau=0.0552 loss=0.302648 mse_soft=0.302492 ent_in=1.0584 ent_out=0.4975 rowmax_in=0.5358 rowmax_out=0.7688 discrete_mse=227.310837 best_discrete=38.131554 hash=False elapsed=49.2s
step   575/700 tau=0.0484 loss=0.296045 mse_soft=0.295891 ent_in=1.0463 ent_out=0.4966 rowmax_in=0.5365 rowmax_out=0.7717 discrete_mse=227.310837 best_discrete=38.131554 hash=False elapsed=51.3s
step   600/700 tau=0.0424 loss=0.303974 mse_soft=0.303824 ent_in=1.0101 ent_out=0.4911 rowmax_in=0.5546 rowmax_out=0.7713 discrete_mse=611.951660 best_discrete=38.131554 hash=False elapsed=53.4s
step   625/700 tau=0.0371 loss=0.325732 mse_soft=0.325588 ent_in=0.9669 ent_out=0.4666 rowmax_in=0.5705 rowmax_out=0.7808 discrete_mse=276.188629 best_discrete=38.131554 hash=False elapsed=55.7s
step   650/700 tau=0.0325 loss=0.420812 mse_soft=0.420670 ent_in=0.9605 ent_out=0.4596 rowmax_in=0.5733 rowmax_out=0.7762 discrete_mse=142.379562 best_discrete=38.131554 hash=False elapsed=57.9s
step   675/700 tau=0.0285 loss=0.473716 mse_soft=0.473628 ent_in=0.5695 ent_out=0.3068 rowmax_in=0.7477 rowmax_out=0.8465 discrete_mse=24.758259 best_discrete=24.758259 hash=False elapsed=60.1s
step   700/700 tau=0.0250 loss=0.456619 mse_soft=0.456555 ent_in=0.4048 ent_out=0.2363 rowmax_in=0.8176 rowmax_out=0.8716 discrete_mse=43.167416 best_discrete=24.758259 hash=False elapsed=62.5s

Final metrics:
  soft_mse_full=0.451274
  rowmax_in_mean=0.8178
  rowmax_out_mean=0.8717
  ent_in_mean=0.4066
  ent_out_mean=0.2365
  final_discrete_mse=50.977413
  hash_match=False
  best_discrete_mse_seen=24.758259
Saved results to overnight_b220_j4.json
