Using device: cuda
Train rows: 10000 / Full rows: 10000, steps=700, lr=0.015
step     1/700 tau=1.0000 loss=1.064186 mse_soft=1.063411 ent_in=3.8712 ent_out=3.8712 rowmax_in=0.0213 rowmax_out=0.0213 discrete_mse=23.817150 best_discrete=23.817150 hash=False elapsed=0.6s
step    25/700 tau=0.8810 loss=0.971994 mse_soft=0.971234 ent_in=3.7934 ent_out=3.8050 rowmax_in=0.0331 rowmax_out=0.0323 discrete_mse=727.182007 best_discrete=23.817150 hash=False elapsed=2.7s
step    50/700 tau=0.7721 loss=0.786705 mse_soft=0.785996 ent_in=3.5157 ent_out=3.5647 rowmax_in=0.0567 rowmax_out=0.0549 discrete_mse=22614.978516 best_discrete=23.817150 hash=False elapsed=5.1s
step    75/700 tau=0.6767 loss=0.643283 mse_soft=0.642647 ent_in=3.1329 ent_out=3.2303 rowmax_in=0.0963 rowmax_out=0.0916 discrete_mse=5239.310547 best_discrete=23.817150 hash=False elapsed=7.4s
step   100/700 tau=0.5931 loss=0.527474 mse_soft=0.526923 ent_in=2.7137 ent_out=2.8039 rowmax_in=0.1836 rowmax_out=0.1750 discrete_mse=4397.686035 best_discrete=23.817150 hash=False elapsed=9.6s
step   125/700 tau=0.5198 loss=0.430963 mse_soft=0.430531 ent_in=2.1722 ent_out=2.1421 rowmax_in=0.3111 rowmax_out=0.3414 discrete_mse=626.527466 best_discrete=23.817150 hash=False elapsed=12.0s
step   150/700 tau=0.4555 loss=0.368212 mse_soft=0.367893 ent_in=1.6973 ent_out=1.4979 rowmax_in=0.4133 rowmax_out=0.5467 discrete_mse=1011.972473 best_discrete=23.817150 hash=False elapsed=14.3s
step   175/700 tau=0.3992 loss=0.338524 mse_soft=0.338271 ent_in=1.4693 ent_out=1.0597 rowmax_in=0.4593 rowmax_out=0.6586 discrete_mse=329.536987 best_discrete=23.817150 hash=False elapsed=16.7s
step   200/700 tau=0.3499 loss=0.323024 mse_soft=0.322810 ent_in=1.3399 ent_out=0.7987 rowmax_in=0.4829 rowmax_out=0.7119 discrete_mse=227.690613 best_discrete=23.817150 hash=False elapsed=19.1s
step   225/700 tau=0.3066 loss=0.314009 mse_soft=0.313816 ent_in=1.2513 ent_out=0.6756 rowmax_in=0.4946 rowmax_out=0.7293 discrete_mse=392.734436 best_discrete=23.817150 hash=False elapsed=21.6s
step   250/700 tau=0.2687 loss=0.307719 mse_soft=0.307545 ent_in=1.1708 ent_out=0.5692 rowmax_in=0.5106 rowmax_out=0.7546 discrete_mse=302.137390 best_discrete=23.817150 hash=False elapsed=24.1s
step   275/700 tau=0.2355 loss=0.303842 mse_soft=0.303679 ent_in=1.1250 ent_out=0.5001 rowmax_in=0.5223 rowmax_out=0.7727 discrete_mse=321.275574 best_discrete=23.817150 hash=False elapsed=26.5s
step   300/700 tau=0.2064 loss=0.301133 mse_soft=0.300976 ent_in=1.0997 ent_out=0.4789 rowmax_in=0.5277 rowmax_out=0.7785 discrete_mse=321.275574 best_discrete=23.817150 hash=False elapsed=28.8s
step   325/700 tau=0.1809 loss=0.298473 mse_soft=0.298319 ent_in=1.0886 ent_out=0.4499 rowmax_in=0.5370 rowmax_out=0.7904 discrete_mse=321.275574 best_discrete=23.817150 hash=False elapsed=31.2s
step   350/700 tau=0.1585 loss=0.297824 mse_soft=0.297674 ent_in=1.0686 ent_out=0.4316 rowmax_in=0.5461 rowmax_out=0.7918 discrete_mse=321.275574 best_discrete=23.817150 hash=False elapsed=33.5s
step   375/700 tau=0.1389 loss=0.295712 mse_soft=0.295563 ent_in=1.0564 ent_out=0.4265 rowmax_in=0.5463 rowmax_out=0.7924 discrete_mse=689.976135 best_discrete=23.817150 hash=False elapsed=35.7s
step   400/700 tau=0.1218 loss=0.296074 mse_soft=0.295928 ent_in=1.0420 ent_out=0.4167 rowmax_in=0.5483 rowmax_out=0.7965 discrete_mse=1408.141602 best_discrete=23.817150 hash=False elapsed=37.9s
step   425/700 tau=0.1067 loss=0.294849 mse_soft=0.294704 ent_in=1.0418 ent_out=0.4119 rowmax_in=0.5461 rowmax_out=0.7976 discrete_mse=572.844177 best_discrete=23.817150 hash=False elapsed=40.2s
step   450/700 tau=0.0935 loss=0.294399 mse_soft=0.294256 ent_in=1.0311 ent_out=0.4037 rowmax_in=0.5530 rowmax_out=0.8001 discrete_mse=372.728424 best_discrete=23.817150 hash=False elapsed=42.5s
step   475/700 tau=0.0820 loss=0.307358 mse_soft=0.307216 ent_in=1.0181 ent_out=0.4019 rowmax_in=0.5548 rowmax_out=0.8004 discrete_mse=440.433502 best_discrete=23.817150 hash=False elapsed=44.7s
step   500/700 tau=0.0718 loss=0.293716 mse_soft=0.293576 ent_in=1.0081 ent_out=0.3975 rowmax_in=0.5592 rowmax_out=0.8016 discrete_mse=572.844177 best_discrete=23.817150 hash=False elapsed=47.0s
step   525/700 tau=0.0630 loss=0.299142 mse_soft=0.299002 ent_in=0.9976 ent_out=0.4006 rowmax_in=0.5644 rowmax_out=0.7955 discrete_mse=520.555420 best_discrete=23.817150 hash=False elapsed=49.3s
step   550/700 tau=0.0552 loss=0.305037 mse_soft=0.304898 ent_in=0.9855 ent_out=0.4014 rowmax_in=0.5696 rowmax_out=0.7935 discrete_mse=936.092346 best_discrete=23.817150 hash=False elapsed=51.6s
step   575/700 tau=0.0484 loss=0.319643 mse_soft=0.319505 ent_in=0.9724 ent_out=0.4001 rowmax_in=0.5714 rowmax_out=0.7945 discrete_mse=460.251801 best_discrete=23.817150 hash=False elapsed=53.9s
step   600/700 tau=0.0424 loss=0.302286 mse_soft=0.302152 ent_in=0.9531 ent_out=0.3860 rowmax_in=0.5822 rowmax_out=0.8021 discrete_mse=582.183960 best_discrete=23.817150 hash=False elapsed=56.2s
step   625/700 tau=0.0371 loss=0.302082 mse_soft=0.301949 ent_in=0.9516 ent_out=0.3762 rowmax_in=0.5740 rowmax_out=0.8073 discrete_mse=71.334496 best_discrete=23.817150 hash=False elapsed=58.5s
step   650/700 tau=0.0325 loss=0.363203 mse_soft=0.363096 ent_in=0.7981 ent_out=0.2693 rowmax_in=0.6473 rowmax_out=0.8811 discrete_mse=10.367871 best_discrete=10.367871 hash=False elapsed=60.7s
step   675/700 tau=0.0285 loss=0.352778 mse_soft=0.352678 ent_in=0.7109 ent_out=0.2878 rowmax_in=0.6705 rowmax_out=0.8501 discrete_mse=24.174746 best_discrete=10.367871 hash=False elapsed=62.9s
step   700/700 tau=0.0250 loss=0.331903 mse_soft=0.331804 ent_in=0.6999 ent_out=0.2884 rowmax_in=0.6562 rowmax_out=0.8436 discrete_mse=246.977844 best_discrete=10.367871 hash=False elapsed=65.2s

Final metrics:
  soft_mse_full=0.331351
  rowmax_in_mean=0.6578
  rowmax_out_mean=0.8502
  ent_in_mean=0.7039
  ent_out_mean=0.2837
  final_discrete_mse=88.410873
  hash_match=False
  best_discrete_mse_seen=10.367871
Saved results to overnight_b120_j4.json
