Using device: cuda
Train rows: 10000 / Full rows: 10000, steps=700, lr=0.02
step     1/700 tau=1.0000 loss=1.065723 mse_soft=1.063400 ent_in=3.8712 ent_out=3.8712 rowmax_in=0.0213 rowmax_out=0.0213 discrete_mse=314.546997 best_discrete=314.546997 hash=False elapsed=0.5s
step    25/700 tau=0.8866 loss=0.935078 mse_soft=0.932826 ent_in=3.7420 ent_out=3.7626 rowmax_in=0.0375 rowmax_out=0.0364 discrete_mse=823.642578 best_discrete=314.546997 hash=False elapsed=2.6s
step    50/700 tau=0.7821 loss=0.709987 mse_soft=0.707954 ent_in=3.3573 ent_out=3.4201 rowmax_in=0.0691 rowmax_out=0.0675 discrete_mse=3069.422607 best_discrete=314.546997 hash=False elapsed=4.7s
step    75/700 tau=0.6899 loss=0.585378 mse_soft=0.583583 ent_in=2.9360 ent_out=3.0463 rowmax_in=0.1351 rowmax_out=0.1204 discrete_mse=1718.726929 best_discrete=314.546997 hash=False elapsed=7.0s
step   100/700 tau=0.6086 loss=0.468188 mse_soft=0.466751 ent_in=2.3759 ent_out=2.4142 rowmax_in=0.2607 rowmax_out=0.2611 discrete_mse=816.164551 best_discrete=314.546997 hash=False elapsed=9.2s
step   125/700 tau=0.5368 loss=0.382469 mse_soft=0.381415 ent_in=1.8148 ent_out=1.6994 rowmax_in=0.3949 rowmax_out=0.4501 discrete_mse=1425.950317 best_discrete=314.546997 hash=False elapsed=11.6s
step   150/700 tau=0.4736 loss=0.340139 mse_soft=0.339338 ent_in=1.5048 ent_out=1.1626 rowmax_in=0.4574 rowmax_out=0.6035 discrete_mse=395.883789 best_discrete=314.546997 hash=False elapsed=13.9s
step   175/700 tau=0.4177 loss=0.318928 mse_soft=0.318267 ent_in=1.3411 ent_out=0.8619 rowmax_in=0.4997 rowmax_out=0.6878 discrete_mse=748.701965 best_discrete=314.546997 hash=False elapsed=16.2s
step   200/700 tau=0.3685 loss=0.305330 mse_soft=0.304772 ent_in=1.2222 ent_out=0.6391 rowmax_in=0.5252 rowmax_out=0.7538 discrete_mse=6982.298828 best_discrete=314.546997 hash=False elapsed=18.5s
step   225/700 tau=0.3251 loss=0.295719 mse_soft=0.295222 ent_in=1.1425 ent_out=0.5116 rowmax_in=0.5390 rowmax_out=0.7909 discrete_mse=1565.450317 best_discrete=314.546997 hash=False elapsed=20.9s
step   250/700 tau=0.2868 loss=0.291090 mse_soft=0.290630 ent_in=1.0905 ent_out=0.4421 rowmax_in=0.5475 rowmax_out=0.8047 discrete_mse=1521.387329 best_discrete=314.546997 hash=False elapsed=23.2s
step   275/700 tau=0.2530 loss=0.287758 mse_soft=0.287315 ent_in=1.0744 ent_out=0.4051 rowmax_in=0.5498 rowmax_out=0.8100 discrete_mse=1102.473633 best_discrete=314.546997 hash=False elapsed=25.5s
step   300/700 tau=0.2231 loss=0.283903 mse_soft=0.283476 ent_in=1.0390 ent_out=0.3832 rowmax_in=0.5623 rowmax_out=0.8128 discrete_mse=1102.473633 best_discrete=314.546997 hash=False elapsed=27.7s
step   325/700 tau=0.1968 loss=0.282811 mse_soft=0.282400 ent_in=1.0018 ent_out=0.3696 rowmax_in=0.5743 rowmax_out=0.8149 discrete_mse=153.317551 best_discrete=153.317551 hash=False elapsed=30.0s
step   350/700 tau=0.1736 loss=0.280979 mse_soft=0.280575 ent_in=0.9841 ent_out=0.3629 rowmax_in=0.5788 rowmax_out=0.8174 discrete_mse=180.216095 best_discrete=153.317551 hash=False elapsed=32.2s
step   375/700 tau=0.1532 loss=0.280558 mse_soft=0.280157 ent_in=0.9787 ent_out=0.3577 rowmax_in=0.5789 rowmax_out=0.8187 discrete_mse=180.216095 best_discrete=153.317551 hash=False elapsed=34.6s
step   400/700 tau=0.1351 loss=0.283777 mse_soft=0.283380 ent_in=0.9743 ent_out=0.3492 rowmax_in=0.5787 rowmax_out=0.8222 discrete_mse=180.216095 best_discrete=153.317551 hash=False elapsed=36.6s
step   425/700 tau=0.1192 loss=0.281641 mse_soft=0.281247 ent_in=0.9713 ent_out=0.3428 rowmax_in=0.5802 rowmax_out=0.8235 discrete_mse=189.592865 best_discrete=153.317551 hash=False elapsed=38.7s
step   450/700 tau=0.1051 loss=0.285183 mse_soft=0.284794 ent_in=0.9600 ent_out=0.3377 rowmax_in=0.5855 rowmax_out=0.8259 discrete_mse=189.592865 best_discrete=153.317551 hash=False elapsed=40.7s
step   475/700 tau=0.0928 loss=0.281979 mse_soft=0.281590 ent_in=0.9616 ent_out=0.3357 rowmax_in=0.5823 rowmax_out=0.8271 discrete_mse=18.922171 best_discrete=18.922171 hash=False elapsed=42.7s
step   500/700 tau=0.0818 loss=0.282171 mse_soft=0.281784 ent_in=0.9562 ent_out=0.3343 rowmax_in=0.5843 rowmax_out=0.8273 discrete_mse=18.922171 best_discrete=18.922171 hash=False elapsed=44.9s
step   525/700 tau=0.0722 loss=0.285834 mse_soft=0.285447 ent_in=0.9595 ent_out=0.3325 rowmax_in=0.5814 rowmax_out=0.8282 discrete_mse=18.922171 best_discrete=18.922171 hash=False elapsed=47.2s
step   550/700 tau=0.0637 loss=0.292577 mse_soft=0.292193 ent_in=0.9469 ent_out=0.3335 rowmax_in=0.5921 rowmax_out=0.8272 discrete_mse=153.317551 best_discrete=18.922171 hash=False elapsed=49.6s
step   575/700 tau=0.0562 loss=0.286094 mse_soft=0.285711 ent_in=0.9446 ent_out=0.3330 rowmax_in=0.5879 rowmax_out=0.8278 discrete_mse=203.153732 best_discrete=18.922171 hash=False elapsed=52.2s
step   600/700 tau=0.0495 loss=0.316442 mse_soft=0.316065 ent_in=0.9177 ent_out=0.3388 rowmax_in=0.5948 rowmax_out=0.8240 discrete_mse=104.805450 best_discrete=18.922171 hash=False elapsed=54.7s
step   625/700 tau=0.0437 loss=0.312360 mse_soft=0.311995 ent_in=0.8759 ent_out=0.3414 rowmax_in=0.6108 rowmax_out=0.8149 discrete_mse=204.677750 best_discrete=18.922171 hash=False elapsed=56.9s
step   650/700 tau=0.0386 loss=0.347059 mse_soft=0.346693 ent_in=0.8818 ent_out=0.3377 rowmax_in=0.6016 rowmax_out=0.8119 discrete_mse=147.300339 best_discrete=18.922171 hash=False elapsed=59.2s
step   675/700 tau=0.0340 loss=0.371004 mse_soft=0.370716 ent_in=0.7184 ent_out=0.2421 rowmax_in=0.6747 rowmax_out=0.8900 discrete_mse=29.429049 best_discrete=18.922171 hash=False elapsed=61.5s
step   700/700 tau=0.0300 loss=0.334554 mse_soft=0.334278 ent_in=0.6796 ent_out=0.2396 rowmax_in=0.6741 rowmax_out=0.8721 discrete_mse=133.272446 best_discrete=18.922171 hash=False elapsed=63.9s

Final metrics:
  soft_mse_full=0.329866
  rowmax_in_mean=0.6723
  rowmax_out_mean=0.8707
  ent_in_mean=0.6867
  ent_out_mean=0.2394
  final_discrete_mse=70.602119
  hash_match=False
  best_discrete_mse_seen=18.922171
Saved results to overnight_b161_j3.json
