Using device: cuda
Train rows: 4096 / Full rows: 10000, steps=900, lr=0.03
step     1/900 tau=1.0000 loss=1.080289 mse_soft=1.077966 ent_in=3.8712 ent_out=3.8712 rowmax_in=0.0213 rowmax_out=0.0213 discrete_mse=47.630550 best_discrete=47.630550 hash=False elapsed=0.5s
step    25/900 tau=0.9090 loss=0.869358 mse_soft=0.867169 ent_in=3.6309 ent_out=3.6659 rowmax_in=0.0456 rowmax_out=0.0447 discrete_mse=2912.330811 best_discrete=47.630550 hash=False elapsed=2.8s
step    50/900 tau=0.8229 loss=0.645956 mse_soft=0.644053 ent_in=3.1213 ent_out=3.2192 rowmax_in=0.0950 rowmax_out=0.0869 discrete_mse=7665.279785 best_discrete=47.630550 hash=False elapsed=5.2s
step    75/900 tau=0.7450 loss=0.509511 mse_soft=0.507927 ent_in=2.5894 ent_out=2.6890 rowmax_in=0.2152 rowmax_out=0.1946 discrete_mse=1041.019653 best_discrete=47.630550 hash=False elapsed=7.5s
step   100/900 tau=0.6745 loss=0.409792 mse_soft=0.408606 ent_in=2.0472 ent_out=1.9074 rowmax_in=0.3371 rowmax_out=0.3924 discrete_mse=999.713989 best_discrete=47.630550 hash=False elapsed=9.7s
step   125/900 tau=0.6107 loss=0.347273 mse_soft=0.346403 ent_in=1.6366 ent_out=1.2660 rowmax_in=0.4346 rowmax_out=0.5639 discrete_mse=1127.994019 best_discrete=47.630550 hash=False elapsed=12.2s
step   150/900 tau=0.5529 loss=0.315563 mse_soft=0.314900 ent_in=1.3657 ent_out=0.8432 rowmax_in=0.4875 rowmax_out=0.7046 discrete_mse=213.134262 best_discrete=47.630550 hash=False elapsed=14.7s
step   175/900 tau=0.5006 loss=0.298894 mse_soft=0.298329 ent_in=1.2735 ent_out=0.6110 rowmax_in=0.4951 rowmax_out=0.7593 discrete_mse=657.977600 best_discrete=47.630550 hash=False elapsed=17.3s
step   200/900 tau=0.4532 loss=0.292346 mse_soft=0.291825 ent_in=1.2307 ent_out=0.5076 rowmax_in=0.4960 rowmax_out=0.7901 discrete_mse=894.364502 best_discrete=47.630550 hash=False elapsed=19.7s
step   225/900 tau=0.4103 loss=0.288541 mse_soft=0.288052 ent_in=1.1941 ent_out=0.4369 rowmax_in=0.4995 rowmax_out=0.8180 discrete_mse=549.629089 best_discrete=47.630550 hash=False elapsed=22.0s
step   250/900 tau=0.3715 loss=0.285868 mse_soft=0.285406 ent_in=1.1611 ent_out=0.3808 rowmax_in=0.5067 rowmax_out=0.8396 discrete_mse=322.627655 best_discrete=47.630550 hash=False elapsed=24.4s
step   275/900 tau=0.3363 loss=0.284049 mse_soft=0.283600 ent_in=1.1499 ent_out=0.3446 rowmax_in=0.5055 rowmax_out=0.8516 discrete_mse=322.627655 best_discrete=47.630550 hash=False elapsed=27.0s
step   300/900 tau=0.3045 loss=0.283482 mse_soft=0.283041 ent_in=1.1396 ent_out=0.3295 rowmax_in=0.5053 rowmax_out=0.8569 discrete_mse=340.820190 best_discrete=47.630550 hash=False elapsed=29.5s
step   325/900 tau=0.2756 loss=0.281088 mse_soft=0.280653 ent_in=1.1346 ent_out=0.3162 rowmax_in=0.5100 rowmax_out=0.8607 discrete_mse=340.820190 best_discrete=47.630550 hash=False elapsed=32.1s
step   350/900 tau=0.2496 loss=0.280620 mse_soft=0.280191 ent_in=1.1282 ent_out=0.3012 rowmax_in=0.5132 rowmax_out=0.8664 discrete_mse=340.820190 best_discrete=47.630550 hash=False elapsed=34.7s
step   375/900 tau=0.2259 loss=0.281002 mse_soft=0.280577 ent_in=1.1229 ent_out=0.2921 rowmax_in=0.5138 rowmax_out=0.8692 discrete_mse=340.820190 best_discrete=47.630550 hash=False elapsed=37.0s
step   400/900 tau=0.2046 loss=0.281561 mse_soft=0.281140 ent_in=1.1182 ent_out=0.2829 rowmax_in=0.5139 rowmax_out=0.8720 discrete_mse=356.306335 best_discrete=47.630550 hash=False elapsed=39.7s
step   425/900 tau=0.1852 loss=0.279279 mse_soft=0.278863 ent_in=1.1116 ent_out=0.2757 rowmax_in=0.5145 rowmax_out=0.8744 discrete_mse=287.871490 best_discrete=47.630550 hash=False elapsed=42.5s
step   450/900 tau=0.1677 loss=0.279269 mse_soft=0.278857 ent_in=1.1068 ent_out=0.2681 rowmax_in=0.5137 rowmax_out=0.8771 discrete_mse=272.636200 best_discrete=47.630550 hash=False elapsed=44.9s
step   475/900 tau=0.1518 loss=0.282234 mse_soft=0.281824 ent_in=1.1053 ent_out=0.2609 rowmax_in=0.5106 rowmax_out=0.8795 discrete_mse=272.636200 best_discrete=47.630550 hash=False elapsed=47.8s
step   500/900 tau=0.1374 loss=0.284451 mse_soft=0.284044 ent_in=1.0991 ent_out=0.2562 rowmax_in=0.5143 rowmax_out=0.8802 discrete_mse=545.907410 best_discrete=47.630550 hash=False elapsed=50.5s
step   525/900 tau=0.1244 loss=0.279329 mse_soft=0.278924 ent_in=1.1004 ent_out=0.2505 rowmax_in=0.5096 rowmax_out=0.8829 discrete_mse=332.014984 best_discrete=47.630550 hash=False elapsed=53.1s
step   550/900 tau=0.1126 loss=0.285037 mse_soft=0.284633 ent_in=1.1006 ent_out=0.2471 rowmax_in=0.5078 rowmax_out=0.8833 discrete_mse=415.928528 best_discrete=47.630550 hash=False elapsed=55.8s
step   575/900 tau=0.1020 loss=0.286430 mse_soft=0.286026 ent_in=1.0991 ent_out=0.2461 rowmax_in=0.5079 rowmax_out=0.8827 discrete_mse=207.863541 best_discrete=47.630550 hash=False elapsed=58.4s
step   600/900 tau=0.0923 loss=0.281623 mse_soft=0.281221 ent_in=1.0956 ent_out=0.2437 rowmax_in=0.5114 rowmax_out=0.8855 discrete_mse=382.114777 best_discrete=47.630550 hash=False elapsed=61.1s
step   625/900 tau=0.0836 loss=0.286814 mse_soft=0.286412 ent_in=1.0975 ent_out=0.2436 rowmax_in=0.5042 rowmax_out=0.8849 discrete_mse=334.916992 best_discrete=47.630550 hash=False elapsed=63.8s
step   650/900 tau=0.0757 loss=0.287630 mse_soft=0.287230 ent_in=1.0934 ent_out=0.2423 rowmax_in=0.5003 rowmax_out=0.8799 discrete_mse=580.716125 best_discrete=47.630550 hash=False elapsed=66.2s
step   675/900 tau=0.0685 loss=0.287300 mse_soft=0.286911 ent_in=1.0627 ent_out=0.2361 rowmax_in=0.5139 rowmax_out=0.8897 discrete_mse=137.827316 best_discrete=47.630550 hash=False elapsed=68.8s
step   700/900 tau=0.0620 loss=0.398893 mse_soft=0.398609 ent_in=0.7635 ent_out=0.1804 rowmax_in=0.6574 rowmax_out=0.9169 discrete_mse=16.817673 best_discrete=16.817673 hash=False elapsed=71.1s
step   725/900 tau=0.0562 loss=0.328651 mse_soft=0.328374 ent_in=0.7034 ent_out=0.2185 rowmax_in=0.6655 rowmax_out=0.8931 discrete_mse=47.049656 best_discrete=16.817673 hash=False elapsed=73.5s
step   750/900 tau=0.0508 loss=0.319910 mse_soft=0.319632 ent_in=0.7182 ent_out=0.2085 rowmax_in=0.6500 rowmax_out=0.8933 discrete_mse=18.362297 best_discrete=16.817673 hash=False elapsed=75.9s
step   775/900 tau=0.0460 loss=0.316786 mse_soft=0.316509 ent_in=0.7125 ent_out=0.2110 rowmax_in=0.6546 rowmax_out=0.8919 discrete_mse=18.362297 best_discrete=16.817673 hash=False elapsed=78.6s
step   800/900 tau=0.0417 loss=0.357238 mse_soft=0.356987 ent_in=0.6310 ent_out=0.2072 rowmax_in=0.7059 rowmax_out=0.8906 discrete_mse=18.307552 best_discrete=16.817673 hash=False elapsed=81.0s
step   825/900 tau=0.0377 loss=0.359490 mse_soft=0.359278 ent_in=0.5627 ent_out=0.1426 rowmax_in=0.7061 rowmax_out=0.9277 discrete_mse=28.463606 best_discrete=16.817673 hash=False elapsed=83.4s
step   850/900 tau=0.0342 loss=0.351964 mse_soft=0.351743 ent_in=0.5621 ent_out=0.1749 rowmax_in=0.7081 rowmax_out=0.9105 discrete_mse=26.502180 best_discrete=16.817673 hash=False elapsed=85.6s
step   875/900 tau=0.0309 loss=0.348867 mse_soft=0.348642 ent_in=0.5733 ent_out=0.1766 rowmax_in=0.7059 rowmax_out=0.9055 discrete_mse=9.252179 best_discrete=9.252179 hash=False elapsed=87.9s
step   900/900 tau=0.0280 loss=0.393868 mse_soft=0.393660 ent_in=0.5331 ent_out=0.1579 rowmax_in=0.7463 rowmax_out=0.9237 discrete_mse=6.281822 best_discrete=6.281822 hash=False elapsed=90.0s

Final metrics:
  soft_mse_full=0.423095
  rowmax_in_mean=0.7362
  rowmax_out_mean=0.9316
  ent_in_mean=0.5322
  ent_out_mean=0.1500
  final_discrete_mse=29.514139
  hash_match=False
  best_discrete_mse_seen=6.281822
Saved results to overnight_b204_j2.json
