Using device: cuda
Train rows: 4096 / Full rows: 10000, steps=900, lr=0.03
step     1/900 tau=1.0000 loss=1.080802 mse_soft=1.078479 ent_in=3.8712 ent_out=3.8712 rowmax_in=0.0213 rowmax_out=0.0213 discrete_mse=111.916138 best_discrete=111.916138 hash=False elapsed=0.5s
step    25/900 tau=0.9106 loss=0.872892 mse_soft=0.870702 ent_in=3.6323 ent_out=3.6677 rowmax_in=0.0457 rowmax_out=0.0444 discrete_mse=1373.321411 best_discrete=111.916138 hash=False elapsed=2.6s
step    50/900 tau=0.8260 loss=0.656092 mse_soft=0.654191 ent_in=3.1225 ent_out=3.2150 rowmax_in=0.0936 rowmax_out=0.0879 discrete_mse=2172.068359 best_discrete=111.916138 hash=False elapsed=4.9s
step    75/900 tau=0.7493 loss=0.511171 mse_soft=0.509599 ent_in=2.5764 ent_out=2.6643 rowmax_in=0.2161 rowmax_out=0.2055 discrete_mse=136.055603 best_discrete=111.916138 hash=False elapsed=7.2s
step   100/900 tau=0.6797 loss=0.390392 mse_soft=0.389272 ent_in=1.9032 ent_out=1.8289 rowmax_in=0.3966 rowmax_out=0.4123 discrete_mse=335.900848 best_discrete=111.916138 hash=False elapsed=9.5s
step   125/900 tau=0.6165 loss=0.330623 mse_soft=0.329820 ent_in=1.5246 ent_out=1.1525 rowmax_in=0.4749 rowmax_out=0.6013 discrete_mse=385.809326 best_discrete=111.916138 hash=False elapsed=11.8s
step   150/900 tau=0.5592 loss=0.303008 mse_soft=0.302370 ent_in=1.3263 ent_out=0.8022 rowmax_in=0.5151 rowmax_out=0.7101 discrete_mse=493.915924 best_discrete=111.916138 hash=False elapsed=14.1s
step   175/900 tau=0.5073 loss=0.288272 mse_soft=0.287722 ent_in=1.2471 ent_out=0.5860 rowmax_in=0.5273 rowmax_out=0.7785 discrete_mse=698.636475 best_discrete=111.916138 hash=False elapsed=16.4s
step   200/900 tau=0.4602 loss=0.280655 mse_soft=0.280138 ent_in=1.2088 ent_out=0.5153 rowmax_in=0.5316 rowmax_out=0.7972 discrete_mse=1063.005127 best_discrete=111.916138 hash=False elapsed=18.5s
step   225/900 tau=0.4174 loss=0.275464 mse_soft=0.274968 ent_in=1.1742 ent_out=0.4772 rowmax_in=0.5344 rowmax_out=0.8084 discrete_mse=921.147766 best_discrete=111.916138 hash=False elapsed=20.9s
step   250/900 tau=0.3786 loss=0.273656 mse_soft=0.273178 ent_in=1.1502 ent_out=0.4442 rowmax_in=0.5386 rowmax_out=0.8092 discrete_mse=1019.670776 best_discrete=111.916138 hash=False elapsed=23.2s
step   275/900 tau=0.3434 loss=0.270209 mse_soft=0.269744 ent_in=1.1264 ent_out=0.4251 rowmax_in=0.5400 rowmax_out=0.8101 discrete_mse=1331.114136 best_discrete=111.916138 hash=False elapsed=25.4s
step   300/900 tau=0.3115 loss=0.270466 mse_soft=0.270009 ent_in=1.1126 ent_out=0.4108 rowmax_in=0.5406 rowmax_out=0.8108 discrete_mse=1331.114136 best_discrete=111.916138 hash=False elapsed=27.8s
step   325/900 tau=0.2826 loss=0.268488 mse_soft=0.268037 ent_in=1.1057 ent_out=0.3964 rowmax_in=0.5420 rowmax_out=0.8147 discrete_mse=868.770874 best_discrete=111.916138 hash=False elapsed=30.1s
step   350/900 tau=0.2563 loss=0.271478 mse_soft=0.271031 ent_in=1.1042 ent_out=0.3879 rowmax_in=0.5408 rowmax_out=0.8145 discrete_mse=974.852051 best_discrete=111.916138 hash=False elapsed=32.3s
step   375/900 tau=0.2325 loss=0.267225 mse_soft=0.266782 ent_in=1.0968 ent_out=0.3784 rowmax_in=0.5425 rowmax_out=0.8178 discrete_mse=670.049988 best_discrete=111.916138 hash=False elapsed=34.6s
step   400/900 tau=0.2109 loss=0.268802 mse_soft=0.268361 ent_in=1.0939 ent_out=0.3742 rowmax_in=0.5408 rowmax_out=0.8174 discrete_mse=974.852051 best_discrete=111.916138 hash=False elapsed=37.1s
step   425/900 tau=0.1913 loss=0.270903 mse_soft=0.270463 ent_in=1.0926 ent_out=0.3732 rowmax_in=0.5416 rowmax_out=0.8137 discrete_mse=868.770874 best_discrete=111.916138 hash=False elapsed=39.4s
step   450/900 tau=0.1735 loss=0.272197 mse_soft=0.271759 ent_in=1.0895 ent_out=0.3713 rowmax_in=0.5411 rowmax_out=0.8151 discrete_mse=974.852051 best_discrete=111.916138 hash=False elapsed=41.6s
step   475/900 tau=0.1574 loss=0.272879 mse_soft=0.272441 ent_in=1.0911 ent_out=0.3716 rowmax_in=0.5394 rowmax_out=0.8125 discrete_mse=426.773682 best_discrete=111.916138 hash=False elapsed=44.0s
step   500/900 tau=0.1428 loss=0.267723 mse_soft=0.267285 ent_in=1.0915 ent_out=0.3703 rowmax_in=0.5383 rowmax_out=0.8131 discrete_mse=323.416382 best_discrete=111.916138 hash=False elapsed=46.3s
step   525/900 tau=0.1295 loss=0.269911 mse_soft=0.269476 ent_in=1.0848 ent_out=0.3683 rowmax_in=0.5403 rowmax_out=0.8154 discrete_mse=868.770874 best_discrete=111.916138 hash=False elapsed=48.8s
step   550/900 tau=0.1175 loss=0.270939 mse_soft=0.270504 ent_in=1.0805 ent_out=0.3689 rowmax_in=0.5399 rowmax_out=0.8144 discrete_mse=974.852051 best_discrete=111.916138 hash=False elapsed=51.2s
step   575/900 tau=0.1066 loss=0.274610 mse_soft=0.274175 ent_in=1.0789 ent_out=0.3702 rowmax_in=0.5412 rowmax_out=0.8114 discrete_mse=424.663574 best_discrete=111.916138 hash=False elapsed=53.4s
step   600/900 tau=0.0967 loss=0.290945 mse_soft=0.290515 ent_in=1.0617 ent_out=0.3702 rowmax_in=0.5497 rowmax_out=0.8099 discrete_mse=13.273433 best_discrete=13.273433 hash=False elapsed=55.4s
step   625/900 tau=0.0877 loss=0.274894 mse_soft=0.274466 ent_in=1.0595 ent_out=0.3702 rowmax_in=0.5440 rowmax_out=0.8118 discrete_mse=297.329651 best_discrete=13.273433 hash=False elapsed=57.4s
step   650/900 tau=0.0795 loss=0.275609 mse_soft=0.275178 ent_in=1.0601 ent_out=0.3754 rowmax_in=0.5409 rowmax_out=0.8074 discrete_mse=322.982056 best_discrete=13.273433 hash=False elapsed=59.5s
step   675/900 tau=0.0722 loss=0.307971 mse_soft=0.307565 ent_in=0.9793 ent_out=0.3709 rowmax_in=0.5704 rowmax_out=0.8068 discrete_mse=5.787480 best_discrete=5.787480 hash=False elapsed=61.6s
step   700/900 tau=0.0655 loss=0.304243 mse_soft=0.303845 ent_in=0.9613 ent_out=0.3649 rowmax_in=0.5767 rowmax_out=0.8119 discrete_mse=67.753784 best_discrete=5.787480 hash=False elapsed=63.7s
step   725/900 tau=0.0594 loss=0.297294 mse_soft=0.296912 ent_in=0.9242 ent_out=0.3488 rowmax_in=0.5848 rowmax_out=0.8239 discrete_mse=28.937330 best_discrete=5.787480 hash=False elapsed=65.9s
step   750/900 tau=0.0539 loss=0.331067 mse_soft=0.330725 ent_in=0.8052 ent_out=0.3342 rowmax_in=0.6362 rowmax_out=0.8119 discrete_mse=90.705948 best_discrete=5.787480 hash=False elapsed=68.2s
step   775/900 tau=0.0489 loss=0.301935 mse_soft=0.301602 ent_in=0.7969 ent_out=0.3109 rowmax_in=0.6192 rowmax_out=0.8259 discrete_mse=29.765409 best_discrete=5.787480 hash=False elapsed=70.2s
step   800/900 tau=0.0443 loss=0.301631 mse_soft=0.301298 ent_in=0.7903 ent_out=0.3204 rowmax_in=0.6139 rowmax_out=0.8094 discrete_mse=23.262709 best_discrete=5.787480 hash=False elapsed=72.2s
step   825/900 tau=0.0402 loss=0.320615 mse_soft=0.320291 ent_in=0.7599 ent_out=0.3210 rowmax_in=0.6361 rowmax_out=0.8088 discrete_mse=289.860504 best_discrete=5.787480 hash=False elapsed=74.3s
step   850/900 tau=0.0365 loss=0.296072 mse_soft=0.295748 ent_in=0.7601 ent_out=0.3201 rowmax_in=0.6336 rowmax_out=0.8136 discrete_mse=53.397404 best_discrete=5.787480 hash=False elapsed=76.5s
step   875/900 tau=0.0331 loss=0.327289 mse_soft=0.326988 ent_in=0.6940 ent_out=0.3100 rowmax_in=0.6637 rowmax_out=0.8216 discrete_mse=7.779220 best_discrete=5.787480 hash=False elapsed=78.6s
step   900/900 tau=0.0300 loss=0.448903 mse_soft=0.448715 ent_in=0.4410 ent_out=0.1853 rowmax_in=0.7787 rowmax_out=0.8968 discrete_mse=27.307219 best_discrete=5.787480 hash=False elapsed=80.7s

Final metrics:
  soft_mse_full=0.465733
  rowmax_in_mean=0.7774
  rowmax_out_mean=0.8951
  ent_in_mean=0.4478
  ent_out_mean=0.1858
  final_discrete_mse=16.056610
  hash_match=False
  best_discrete_mse_seen=5.787480
Saved results to overnight_b044_j1.json
