Using device: cuda
Train rows: 4096 / Full rows: 10000, steps=900, lr=0.03
step     1/900 tau=1.0000 loss=1.053363 mse_soft=1.051040 ent_in=3.8712 ent_out=3.8712 rowmax_in=0.0213 rowmax_out=0.0213 discrete_mse=82.780945 best_discrete=82.780945 hash=False elapsed=0.5s
step    25/900 tau=0.9106 loss=0.858814 mse_soft=0.856624 ent_in=3.6322 ent_out=3.6679 rowmax_in=0.0455 rowmax_out=0.0440 discrete_mse=257.628204 best_discrete=82.780945 hash=False elapsed=2.7s
step    50/900 tau=0.8260 loss=0.663873 mse_soft=0.661966 ent_in=3.1329 ent_out=3.2234 rowmax_in=0.0935 rowmax_out=0.0889 discrete_mse=7094.744629 best_discrete=82.780945 hash=False elapsed=5.1s
step    75/900 tau=0.7493 loss=0.537716 mse_soft=0.536123 ent_in=2.6218 ent_out=2.6891 rowmax_in=0.1986 rowmax_out=0.1987 discrete_mse=3553.761475 best_discrete=82.780945 hash=False elapsed=7.4s
step   100/900 tau=0.6797 loss=0.417482 mse_soft=0.416310 ent_in=2.0369 ent_out=1.8705 rowmax_in=0.3429 rowmax_out=0.4020 discrete_mse=734.022705 best_discrete=82.780945 hash=False elapsed=9.6s
step   125/900 tau=0.6165 loss=0.351944 mse_soft=0.351136 ent_in=1.6018 ent_out=1.0928 rowmax_in=0.4198 rowmax_out=0.6525 discrete_mse=170.013214 best_discrete=82.780945 hash=False elapsed=11.9s
step   150/900 tau=0.5592 loss=0.327640 mse_soft=0.326996 ent_in=1.4337 ent_out=0.7145 rowmax_in=0.4472 rowmax_out=0.7721 discrete_mse=42.060467 best_discrete=42.060467 hash=False elapsed=14.2s
step   175/900 tau=0.5073 loss=0.318644 mse_soft=0.318058 ent_in=1.3673 ent_out=0.5835 rowmax_in=0.4601 rowmax_out=0.7939 discrete_mse=170.957352 best_discrete=42.060467 hash=False elapsed=16.5s
step   200/900 tau=0.4602 loss=0.308824 mse_soft=0.308299 ent_in=1.3068 ent_out=0.4421 rowmax_in=0.4663 rowmax_out=0.8375 discrete_mse=254.845840 best_discrete=42.060467 hash=False elapsed=18.9s
step   225/900 tau=0.4174 loss=0.303445 mse_soft=0.302959 ent_in=1.2580 ent_out=0.3619 rowmax_in=0.4735 rowmax_out=0.8566 discrete_mse=159.936401 best_discrete=42.060467 hash=False elapsed=21.1s
step   250/900 tau=0.3786 loss=0.299099 mse_soft=0.298632 ent_in=1.2284 ent_out=0.3299 rowmax_in=0.4795 rowmax_out=0.8608 discrete_mse=282.056732 best_discrete=42.060467 hash=False elapsed=23.3s
step   275/900 tau=0.3434 loss=0.297351 mse_soft=0.296893 ent_in=1.2073 ent_out=0.3186 rowmax_in=0.4811 rowmax_out=0.8612 discrete_mse=649.630005 best_discrete=42.060467 hash=False elapsed=25.5s
step   300/900 tau=0.3115 loss=0.295172 mse_soft=0.294720 ent_in=1.1967 ent_out=0.3115 rowmax_in=0.4833 rowmax_out=0.8678 discrete_mse=694.868164 best_discrete=42.060467 hash=False elapsed=27.7s
step   325/900 tau=0.2826 loss=0.293550 mse_soft=0.293102 ent_in=1.1869 ent_out=0.3041 rowmax_in=0.4857 rowmax_out=0.8728 discrete_mse=725.192383 best_discrete=42.060467 hash=False elapsed=29.9s
step   350/900 tau=0.2563 loss=0.293253 mse_soft=0.292808 ent_in=1.1788 ent_out=0.3027 rowmax_in=0.4866 rowmax_out=0.8720 discrete_mse=694.868164 best_discrete=42.060467 hash=False elapsed=32.1s
step   375/900 tau=0.2325 loss=0.294013 mse_soft=0.293571 ent_in=1.1739 ent_out=0.2993 rowmax_in=0.4861 rowmax_out=0.8716 discrete_mse=694.868164 best_discrete=42.060467 hash=False elapsed=34.4s
step   400/900 tau=0.2109 loss=0.293585 mse_soft=0.293146 ent_in=1.1683 ent_out=0.2928 rowmax_in=0.4876 rowmax_out=0.8713 discrete_mse=725.192383 best_discrete=42.060467 hash=False elapsed=36.6s
step   425/900 tau=0.1913 loss=0.293850 mse_soft=0.293414 ent_in=1.1685 ent_out=0.2858 rowmax_in=0.4850 rowmax_out=0.8725 discrete_mse=578.551880 best_discrete=42.060467 hash=False elapsed=38.8s
step   450/900 tau=0.1735 loss=0.292018 mse_soft=0.291584 ent_in=1.1653 ent_out=0.2806 rowmax_in=0.4849 rowmax_out=0.8735 discrete_mse=571.186157 best_discrete=42.060467 hash=False elapsed=41.0s
step   475/900 tau=0.1574 loss=0.300857 mse_soft=0.300425 ent_in=1.1609 ent_out=0.2788 rowmax_in=0.4834 rowmax_out=0.8731 discrete_mse=617.758850 best_discrete=42.060467 hash=False elapsed=43.4s
step   500/900 tau=0.1428 loss=0.293644 mse_soft=0.293213 ent_in=1.1590 ent_out=0.2795 rowmax_in=0.4856 rowmax_out=0.8713 discrete_mse=617.758850 best_discrete=42.060467 hash=False elapsed=45.7s
step   525/900 tau=0.1295 loss=0.291980 mse_soft=0.291550 ent_in=1.1550 ent_out=0.2757 rowmax_in=0.4871 rowmax_out=0.8724 discrete_mse=875.088562 best_discrete=42.060467 hash=False elapsed=47.9s
step   550/900 tau=0.1175 loss=0.302165 mse_soft=0.301737 ent_in=1.1528 ent_out=0.2747 rowmax_in=0.4851 rowmax_out=0.8711 discrete_mse=161.437195 best_discrete=42.060467 hash=False elapsed=50.3s
step   575/900 tau=0.1066 loss=0.293799 mse_soft=0.293372 ent_in=1.1513 ent_out=0.2719 rowmax_in=0.4853 rowmax_out=0.8729 discrete_mse=617.758850 best_discrete=42.060467 hash=False elapsed=52.5s
step   600/900 tau=0.0967 loss=0.315862 mse_soft=0.315438 ent_in=1.1454 ent_out=0.2711 rowmax_in=0.4852 rowmax_out=0.8741 discrete_mse=247.864990 best_discrete=42.060467 hash=False elapsed=54.8s
step   625/900 tau=0.0877 loss=0.316127 mse_soft=0.315707 ent_in=1.1276 ent_out=0.2708 rowmax_in=0.4909 rowmax_out=0.8673 discrete_mse=218.692093 best_discrete=42.060467 hash=False elapsed=57.0s
step   650/900 tau=0.0795 loss=0.295064 mse_soft=0.294644 ent_in=1.1309 ent_out=0.2689 rowmax_in=0.4852 rowmax_out=0.8744 discrete_mse=680.922607 best_discrete=42.060467 hash=False elapsed=59.3s
step   675/900 tau=0.0722 loss=0.302800 mse_soft=0.302381 ent_in=1.1245 ent_out=0.2736 rowmax_in=0.4906 rowmax_out=0.8680 discrete_mse=429.852875 best_discrete=42.060467 hash=False elapsed=61.5s
step   700/900 tau=0.0655 loss=0.369896 mse_soft=0.369498 ent_in=1.0882 ent_out=0.2397 rowmax_in=0.4989 rowmax_out=0.8956 discrete_mse=60.900234 best_discrete=42.060467 hash=False elapsed=63.7s
step   725/900 tau=0.0594 loss=0.502903 mse_soft=0.502612 ent_in=0.7874 ent_out=0.1816 rowmax_in=0.6209 rowmax_out=0.9265 discrete_mse=19.070202 best_discrete=19.070202 hash=False elapsed=65.8s
step   750/900 tau=0.0539 loss=0.370040 mse_soft=0.369767 ent_in=0.7164 ent_out=0.1921 rowmax_in=0.6457 rowmax_out=0.8983 discrete_mse=21.774271 best_discrete=19.070202 hash=False elapsed=67.9s
step   775/900 tau=0.0489 loss=0.362120 mse_soft=0.361853 ent_in=0.7203 ent_out=0.1679 rowmax_in=0.6315 rowmax_out=0.9104 discrete_mse=553.945007 best_discrete=19.070202 hash=False elapsed=69.9s
step   800/900 tau=0.0443 loss=0.395430 mse_soft=0.395206 ent_in=0.5735 ent_out=0.1753 rowmax_in=0.6931 rowmax_out=0.9017 discrete_mse=29.569536 best_discrete=19.070202 hash=False elapsed=72.0s
step   825/900 tau=0.0402 loss=0.375011 mse_soft=0.374778 ent_in=0.5926 ent_out=0.1847 rowmax_in=0.6755 rowmax_out=0.8943 discrete_mse=1.521635 best_discrete=1.521635 hash=False elapsed=74.0s
step   850/900 tau=0.0365 loss=0.370470 mse_soft=0.370238 ent_in=0.5847 ent_out=0.1902 rowmax_in=0.6801 rowmax_out=0.8918 discrete_mse=1.128810 best_discrete=1.128810 hash=False elapsed=76.1s
step   875/900 tau=0.0331 loss=0.371859 mse_soft=0.371632 ent_in=0.5673 ent_out=0.1892 rowmax_in=0.6944 rowmax_out=0.8885 discrete_mse=9.138437 best_discrete=1.128810 hash=False elapsed=78.1s
step   900/900 tau=0.0300 loss=0.366184 mse_soft=0.365960 ent_in=0.5603 ent_out=0.1864 rowmax_in=0.7017 rowmax_out=0.8911 discrete_mse=14.306009 best_discrete=1.128810 hash=False elapsed=80.2s

Final metrics:
  soft_mse_full=0.350709
  rowmax_in_mean=0.6974
  rowmax_out_mean=0.8931
  ent_in_mean=0.5647
  ent_out_mean=0.1853
  final_discrete_mse=19.791683
  hash_match=False
  best_discrete_mse_seen=1.128810
Saved results to overnight_b119_j1.json
