Using device: cuda
Train rows: 10000 / Full rows: 10000, steps=700, lr=0.015
step     1/700 tau=1.0000 loss=1.064194 mse_soft=1.063419 ent_in=3.8712 ent_out=3.8712 rowmax_in=0.0213 rowmax_out=0.0213 discrete_mse=18.959064 best_discrete=18.959064 hash=False elapsed=0.5s
step    25/700 tau=0.8810 loss=0.972180 mse_soft=0.971420 ent_in=3.7933 ent_out=3.8051 rowmax_in=0.0329 rowmax_out=0.0323 discrete_mse=1458.209595 best_discrete=18.959064 hash=False elapsed=3.0s
step    50/700 tau=0.7721 loss=0.785423 mse_soft=0.784714 ent_in=3.5166 ent_out=3.5651 rowmax_in=0.0563 rowmax_out=0.0544 discrete_mse=6981.796387 best_discrete=18.959064 hash=False elapsed=5.5s
step    75/700 tau=0.6767 loss=0.642515 mse_soft=0.641877 ent_in=3.1383 ent_out=3.2332 rowmax_in=0.0968 rowmax_out=0.0909 discrete_mse=4079.265869 best_discrete=18.959064 hash=False elapsed=7.8s
step   100/700 tau=0.5931 loss=0.536687 mse_soft=0.536132 ent_in=2.7312 ent_out=2.8219 rowmax_in=0.1779 rowmax_out=0.1678 discrete_mse=762.376160 best_discrete=18.959064 hash=False elapsed=10.2s
step   125/700 tau=0.5198 loss=0.434802 mse_soft=0.434368 ent_in=2.1764 ent_out=2.1661 rowmax_in=0.3136 rowmax_out=0.3308 discrete_mse=203.440338 best_discrete=18.959064 hash=False elapsed=12.5s
step   150/700 tau=0.4555 loss=0.363385 mse_soft=0.363072 ent_in=1.6596 ent_out=1.4720 rowmax_in=0.4422 rowmax_out=0.5379 discrete_mse=932.521362 best_discrete=18.959064 hash=False elapsed=14.9s
step   175/700 tau=0.3992 loss=0.333262 mse_soft=0.333003 ent_in=1.4672 ent_out=1.1222 rowmax_in=0.4727 rowmax_out=0.6185 discrete_mse=782.537659 best_discrete=18.959064 hash=False elapsed=17.4s
step   200/700 tau=0.3499 loss=0.312934 mse_soft=0.312715 ent_in=1.3327 ent_out=0.8541 rowmax_in=0.4886 rowmax_out=0.6883 discrete_mse=543.738281 best_discrete=18.959064 hash=False elapsed=19.7s
step   225/700 tau=0.3066 loss=0.301869 mse_soft=0.301681 ent_in=1.2496 ent_out=0.6258 rowmax_in=0.5097 rowmax_out=0.7562 discrete_mse=126.403900 best_discrete=18.959064 hash=False elapsed=22.2s
step   250/700 tau=0.2687 loss=0.295306 mse_soft=0.295133 ent_in=1.2061 ent_out=0.5248 rowmax_in=0.5128 rowmax_out=0.7770 discrete_mse=63.510284 best_discrete=18.959064 hash=False elapsed=24.7s
step   275/700 tau=0.2355 loss=0.290115 mse_soft=0.289950 ent_in=1.1635 ent_out=0.4903 rowmax_in=0.5213 rowmax_out=0.7855 discrete_mse=17.087421 best_discrete=17.087421 hash=False elapsed=27.1s
step   300/700 tau=0.2064 loss=0.287711 mse_soft=0.287551 ent_in=1.1302 ent_out=0.4684 rowmax_in=0.5302 rowmax_out=0.7953 discrete_mse=17.087421 best_discrete=17.087421 hash=False elapsed=29.4s
step   325/700 tau=0.1809 loss=0.284923 mse_soft=0.284768 ent_in=1.0981 ent_out=0.4503 rowmax_in=0.5384 rowmax_out=0.7961 discrete_mse=41.034557 best_discrete=17.087421 hash=False elapsed=31.8s
step   350/700 tau=0.1585 loss=0.283586 mse_soft=0.283437 ent_in=1.0757 ent_out=0.4138 rowmax_in=0.5428 rowmax_out=0.8119 discrete_mse=31.488247 best_discrete=17.087421 hash=False elapsed=34.1s
step   375/700 tau=0.1389 loss=0.282564 mse_soft=0.282419 ent_in=1.0632 ent_out=0.3875 rowmax_in=0.5459 rowmax_out=0.8255 discrete_mse=31.488247 best_discrete=17.087421 hash=False elapsed=36.6s
step   400/700 tau=0.1218 loss=0.284560 mse_soft=0.284418 ent_in=1.0570 ent_out=0.3660 rowmax_in=0.5438 rowmax_out=0.8335 discrete_mse=31.488247 best_discrete=17.087421 hash=False elapsed=38.9s
step   425/700 tau=0.1067 loss=0.282384 mse_soft=0.282243 ent_in=1.0505 ent_out=0.3587 rowmax_in=0.5445 rowmax_out=0.8343 discrete_mse=31.488247 best_discrete=17.087421 hash=False elapsed=41.3s
step   450/700 tau=0.0935 loss=0.284087 mse_soft=0.283948 ent_in=1.0411 ent_out=0.3504 rowmax_in=0.5461 rowmax_out=0.8366 discrete_mse=31.488247 best_discrete=17.087421 hash=False elapsed=43.7s
step   475/700 tau=0.0820 loss=0.288212 mse_soft=0.288073 ent_in=1.0415 ent_out=0.3464 rowmax_in=0.5438 rowmax_out=0.8387 discrete_mse=31.488247 best_discrete=17.087421 hash=False elapsed=46.2s
step   500/700 tau=0.0718 loss=0.292280 mse_soft=0.292143 ent_in=1.0345 ent_out=0.3370 rowmax_in=0.5424 rowmax_out=0.8435 discrete_mse=22.926125 best_discrete=17.087421 hash=False elapsed=48.8s
step   525/700 tau=0.0630 loss=0.285218 mse_soft=0.285083 ent_in=1.0042 ent_out=0.3445 rowmax_in=0.5563 rowmax_out=0.8387 discrete_mse=60.400185 best_discrete=17.087421 hash=False elapsed=51.2s
step   550/700 tau=0.0552 loss=0.296255 mse_soft=0.296120 ent_in=1.0089 ent_out=0.3403 rowmax_in=0.5523 rowmax_out=0.8435 discrete_mse=1.258980 best_discrete=1.258980 hash=False elapsed=53.3s
step   575/700 tau=0.0484 loss=0.292209 mse_soft=0.292076 ent_in=0.9929 ent_out=0.3370 rowmax_in=0.5572 rowmax_out=0.8384 discrete_mse=85.037346 best_discrete=1.258980 hash=False elapsed=55.7s
step   600/700 tau=0.0424 loss=0.389263 mse_soft=0.389143 ent_in=0.9005 ent_out=0.2930 rowmax_in=0.5900 rowmax_out=0.8630 discrete_mse=7.226580 best_discrete=1.258980 hash=False elapsed=57.9s
step   625/700 tau=0.0371 loss=0.410461 mse_soft=0.410353 ent_in=0.7865 ent_out=0.2873 rowmax_in=0.6137 rowmax_out=0.8487 discrete_mse=11.813555 best_discrete=1.258980 hash=False elapsed=60.1s
step   650/700 tau=0.0325 loss=0.334149 mse_soft=0.334048 ent_in=0.7322 ent_out=0.2775 rowmax_in=0.6301 rowmax_out=0.8571 discrete_mse=40.657856 best_discrete=1.258980 hash=False elapsed=62.5s
step   675/700 tau=0.0285 loss=0.315257 mse_soft=0.315156 ent_in=0.7255 ent_out=0.2808 rowmax_in=0.6278 rowmax_out=0.8536 discrete_mse=37.135651 best_discrete=1.258980 hash=False elapsed=64.7s
step   700/700 tau=0.0250 loss=0.333515 mse_soft=0.333417 ent_in=0.7106 ent_out=0.2712 rowmax_in=0.6293 rowmax_out=0.8654 discrete_mse=40.645363 best_discrete=1.258980 hash=False elapsed=67.1s

Final metrics:
  soft_mse_full=0.324549
  rowmax_in_mean=0.6358
  rowmax_out_mean=0.8625
  ent_in_mean=0.7089
  ent_out_mean=0.2744
  final_discrete_mse=45.005802
  hash_match=False
  best_discrete_mse_seen=1.258980
Saved results to overnight_b215_j4.json
