Using device: cuda
Train rows: 4096 / Full rows: 10000, steps=900, lr=0.03
step     1/900 tau=1.0000 loss=1.068578 mse_soft=1.066255 ent_in=3.8712 ent_out=3.8712 rowmax_in=0.0213 rowmax_out=0.0213 discrete_mse=2.126272 best_discrete=2.126272 hash=False elapsed=0.5s
step    25/900 tau=0.9090 loss=0.867055 mse_soft=0.864866 ent_in=3.6302 ent_out=3.6680 rowmax_in=0.0462 rowmax_out=0.0438 discrete_mse=1065.879761 best_discrete=2.126272 hash=False elapsed=2.6s
step    50/900 tau=0.8229 loss=0.654822 mse_soft=0.652922 ent_in=3.1117 ent_out=3.2232 rowmax_in=0.0940 rowmax_out=0.0859 discrete_mse=3360.027832 best_discrete=2.126272 hash=False elapsed=4.8s
step    75/900 tau=0.7450 loss=0.517697 mse_soft=0.516125 ent_in=2.5632 ent_out=2.6775 rowmax_in=0.2029 rowmax_out=0.1901 discrete_mse=223.762939 best_discrete=2.126272 hash=False elapsed=7.1s
step   100/900 tau=0.6745 loss=0.414480 mse_soft=0.413314 ent_in=1.9990 ent_out=1.8894 rowmax_in=0.3514 rowmax_out=0.3866 discrete_mse=2431.743164 best_discrete=2.126272 hash=False elapsed=9.4s
step   125/900 tau=0.6107 loss=0.354712 mse_soft=0.353859 ent_in=1.6199 ent_out=1.2239 rowmax_in=0.4202 rowmax_out=0.5685 discrete_mse=1390.875366 best_discrete=2.126272 hash=False elapsed=11.9s
step   150/900 tau=0.5529 loss=0.331870 mse_soft=0.331148 ent_in=1.4664 ent_out=0.9418 rowmax_in=0.4430 rowmax_out=0.6539 discrete_mse=284.470184 best_discrete=2.126272 hash=False elapsed=14.1s
step   175/900 tau=0.5006 loss=0.314061 mse_soft=0.313423 ent_in=1.3602 ent_out=0.7679 rowmax_in=0.4738 rowmax_out=0.7030 discrete_mse=1208.884277 best_discrete=2.126272 hash=False elapsed=16.5s
step   200/900 tau=0.4532 loss=0.319454 mse_soft=0.318865 ent_in=1.2929 ent_out=0.6675 rowmax_in=0.4802 rowmax_out=0.7311 discrete_mse=1515.549561 best_discrete=2.126272 hash=False elapsed=18.7s
step   225/900 tau=0.4103 loss=0.300229 mse_soft=0.299665 ent_in=1.2499 ent_out=0.6333 rowmax_in=0.4873 rowmax_out=0.7319 discrete_mse=1874.949707 best_discrete=2.126272 hash=False elapsed=20.8s
step   250/900 tau=0.3715 loss=0.293778 mse_soft=0.293230 ent_in=1.2255 ent_out=0.6002 rowmax_in=0.4830 rowmax_out=0.7409 discrete_mse=1718.528320 best_discrete=2.126272 hash=False elapsed=23.0s
step   275/900 tau=0.3363 loss=0.292209 mse_soft=0.291678 ent_in=1.2032 ent_out=0.5654 rowmax_in=0.4837 rowmax_out=0.7461 discrete_mse=2100.293457 best_discrete=2.126272 hash=False elapsed=25.4s
step   300/900 tau=0.3045 loss=0.290767 mse_soft=0.290246 ent_in=1.1881 ent_out=0.5486 rowmax_in=0.4855 rowmax_out=0.7479 discrete_mse=2372.871582 best_discrete=2.126272 hash=False elapsed=27.8s
step   325/900 tau=0.2756 loss=0.290550 mse_soft=0.290036 ent_in=1.1820 ent_out=0.5329 rowmax_in=0.4853 rowmax_out=0.7552 discrete_mse=2372.871582 best_discrete=2.126272 hash=False elapsed=29.9s
step   350/900 tau=0.2496 loss=0.287244 mse_soft=0.286735 ent_in=1.1775 ent_out=0.5184 rowmax_in=0.4819 rowmax_out=0.7633 discrete_mse=1816.972168 best_discrete=2.126272 hash=False elapsed=32.0s
step   375/900 tau=0.2259 loss=0.287537 mse_soft=0.287034 ent_in=1.1701 ent_out=0.5071 rowmax_in=0.4811 rowmax_out=0.7681 discrete_mse=1816.972168 best_discrete=2.126272 hash=False elapsed=34.0s
step   400/900 tau=0.2046 loss=0.292913 mse_soft=0.292413 ent_in=1.1678 ent_out=0.4974 rowmax_in=0.4793 rowmax_out=0.7731 discrete_mse=1816.972168 best_discrete=2.126272 hash=False elapsed=35.9s
step   425/900 tau=0.1852 loss=0.288901 mse_soft=0.288408 ent_in=1.1597 ent_out=0.4843 rowmax_in=0.4818 rowmax_out=0.7822 discrete_mse=2014.279175 best_discrete=2.126272 hash=False elapsed=37.8s
step   450/900 tau=0.1677 loss=0.284876 mse_soft=0.284388 ent_in=1.1538 ent_out=0.4734 rowmax_in=0.4817 rowmax_out=0.7878 discrete_mse=2372.871582 best_discrete=2.126272 hash=False elapsed=39.9s
step   475/900 tau=0.1518 loss=0.289662 mse_soft=0.289179 ent_in=1.1464 ent_out=0.4663 rowmax_in=0.4839 rowmax_out=0.7908 discrete_mse=556.651428 best_discrete=2.126272 hash=False elapsed=42.1s
step   500/900 tau=0.1374 loss=0.289769 mse_soft=0.289297 ent_in=1.1290 ent_out=0.4458 rowmax_in=0.4925 rowmax_out=0.8012 discrete_mse=273.847473 best_discrete=2.126272 hash=False elapsed=44.3s
step   525/900 tau=0.1244 loss=0.324021 mse_soft=0.323551 ent_in=1.1185 ent_out=0.4483 rowmax_in=0.5000 rowmax_out=0.8021 discrete_mse=563.294006 best_discrete=2.126272 hash=False elapsed=46.8s
step   550/900 tau=0.1126 loss=0.287303 mse_soft=0.286856 ent_in=1.0946 ent_out=0.3925 rowmax_in=0.5057 rowmax_out=0.8236 discrete_mse=1138.156372 best_discrete=2.126272 hash=False elapsed=49.1s
step   575/900 tau=0.1020 loss=0.336093 mse_soft=0.335665 ent_in=1.0276 ent_out=0.3988 rowmax_in=0.5352 rowmax_out=0.8153 discrete_mse=752.757507 best_discrete=2.126272 hash=False elapsed=51.6s
step   600/900 tau=0.0923 loss=0.295140 mse_soft=0.294725 ent_in=1.0119 ent_out=0.3714 rowmax_in=0.5447 rowmax_out=0.8178 discrete_mse=858.509766 best_discrete=2.126272 hash=False elapsed=53.8s
step   625/900 tau=0.0836 loss=0.296355 mse_soft=0.295945 ent_in=1.0044 ent_out=0.3652 rowmax_in=0.5380 rowmax_out=0.8174 discrete_mse=1369.070801 best_discrete=2.126272 hash=False elapsed=56.1s
step   650/900 tau=0.0757 loss=0.305342 mse_soft=0.304935 ent_in=1.0037 ent_out=0.3543 rowmax_in=0.5336 rowmax_out=0.8277 discrete_mse=880.695862 best_discrete=2.126272 hash=False elapsed=58.5s
step   675/900 tau=0.0685 loss=0.309129 mse_soft=0.308724 ent_in=0.9964 ent_out=0.3546 rowmax_in=0.5355 rowmax_out=0.8224 discrete_mse=1432.630981 best_discrete=2.126272 hash=False elapsed=60.9s
step   700/900 tau=0.0620 loss=0.355919 mse_soft=0.355524 ent_in=0.9745 ent_out=0.3407 rowmax_in=0.5559 rowmax_out=0.8361 discrete_mse=600.773682 best_discrete=2.126272 hash=False elapsed=63.2s
step   725/900 tau=0.0562 loss=0.486975 mse_soft=0.486664 ent_in=0.7386 ent_out=0.2966 rowmax_in=0.6650 rowmax_out=0.8560 discrete_mse=6.152588 best_discrete=2.126272 hash=False elapsed=65.4s
step   750/900 tau=0.0508 loss=0.379521 mse_soft=0.379275 ent_in=0.6124 ent_out=0.2076 rowmax_in=0.6964 rowmax_out=0.8957 discrete_mse=57.041405 best_discrete=2.126272 hash=False elapsed=67.6s
step   775/900 tau=0.0460 loss=0.359335 mse_soft=0.359109 ent_in=0.5683 ent_out=0.1844 rowmax_in=0.7092 rowmax_out=0.9080 discrete_mse=53.831650 best_discrete=2.126272 hash=False elapsed=69.7s
step   800/900 tau=0.0417 loss=0.378784 mse_soft=0.378566 ent_in=0.5352 ent_out=0.1898 rowmax_in=0.7396 rowmax_out=0.9025 discrete_mse=93.902260 best_discrete=2.126272 hash=False elapsed=72.3s
step   825/900 tau=0.0377 loss=0.377878 mse_soft=0.377682 ent_in=0.4791 ent_out=0.1735 rowmax_in=0.7718 rowmax_out=0.9096 discrete_mse=30.370577 best_discrete=2.126272 hash=False elapsed=74.4s
step   850/900 tau=0.0342 loss=0.379636 mse_soft=0.379449 ent_in=0.4471 ent_out=0.1738 rowmax_in=0.7827 rowmax_out=0.9087 discrete_mse=77.283463 best_discrete=2.126272 hash=False elapsed=76.8s
step   875/900 tau=0.0309 loss=0.366915 mse_soft=0.366718 ent_in=0.4748 ent_out=0.1791 rowmax_in=0.7570 rowmax_out=0.9016 discrete_mse=77.283463 best_discrete=2.126272 hash=False elapsed=79.3s
step   900/900 tau=0.0280 loss=0.433985 mse_soft=0.433812 ent_in=0.3978 ent_out=0.1762 rowmax_in=0.8223 rowmax_out=0.9073 discrete_mse=45.876812 best_discrete=2.126272 hash=False elapsed=81.5s

Final metrics:
  soft_mse_full=0.428532
  rowmax_in_mean=0.8352
  rowmax_out_mean=0.9029
  ent_in_mean=0.3714
  ent_out_mean=0.1785
  final_discrete_mse=55.329067
  hash_match=False
  best_discrete_mse_seen=2.126272
Saved results to overnight_b030_j2.json
