Using device: cuda
Train rows: 10000 / Full rows: 10000, steps=700, lr=0.015
step     1/700 tau=1.0000 loss=1.064195 mse_soft=1.063421 ent_in=3.8712 ent_out=3.8712 rowmax_in=0.0213 rowmax_out=0.0213 discrete_mse=175.658676 best_discrete=175.658676 hash=False elapsed=0.5s
step    25/700 tau=0.8810 loss=0.971696 mse_soft=0.970937 ent_in=3.7929 ent_out=3.8054 rowmax_in=0.0331 rowmax_out=0.0325 discrete_mse=2076.666260 best_discrete=175.658676 hash=False elapsed=2.8s
step    50/700 tau=0.7721 loss=0.787473 mse_soft=0.786765 ent_in=3.5149 ent_out=3.5661 rowmax_in=0.0556 rowmax_out=0.0546 discrete_mse=3445.541504 best_discrete=175.658676 hash=False elapsed=5.0s
step    75/700 tau=0.6767 loss=0.645674 mse_soft=0.645037 ent_in=3.1349 ent_out=3.2302 rowmax_in=0.0950 rowmax_out=0.0923 discrete_mse=2815.410156 best_discrete=175.658676 hash=False elapsed=7.1s
step   100/700 tau=0.5931 loss=0.533104 mse_soft=0.532549 ent_in=2.7246 ent_out=2.8200 rowmax_in=0.1776 rowmax_out=0.1718 discrete_mse=4649.630371 best_discrete=175.658676 hash=False elapsed=9.4s
step   125/700 tau=0.5198 loss=0.436117 mse_soft=0.435678 ent_in=2.1869 ent_out=2.1990 rowmax_in=0.3132 rowmax_out=0.3200 discrete_mse=914.183472 best_discrete=175.658676 hash=False elapsed=11.8s
step   150/700 tau=0.4555 loss=0.368007 mse_soft=0.367680 ent_in=1.7182 ent_out=1.5518 rowmax_in=0.4200 rowmax_out=0.5098 discrete_mse=238.865845 best_discrete=175.658676 hash=False elapsed=14.2s
step   175/700 tau=0.3992 loss=0.330735 mse_soft=0.330484 ent_in=1.4288 ent_out=1.0745 rowmax_in=0.4798 rowmax_out=0.6279 discrete_mse=570.393677 best_discrete=175.658676 hash=False elapsed=16.6s
step   200/700 tau=0.3499 loss=0.306938 mse_soft=0.306735 ent_in=1.2507 ent_out=0.7809 rowmax_in=0.5231 rowmax_out=0.6900 discrete_mse=291.125031 best_discrete=175.658676 hash=False elapsed=18.8s
step   225/700 tau=0.3066 loss=0.295886 mse_soft=0.295702 ent_in=1.1729 ent_out=0.6684 rowmax_in=0.5328 rowmax_out=0.7169 discrete_mse=685.027405 best_discrete=175.658676 hash=False elapsed=21.2s
step   250/700 tau=0.2687 loss=0.291774 mse_soft=0.291598 ent_in=1.1373 ent_out=0.6235 rowmax_in=0.5359 rowmax_out=0.7238 discrete_mse=611.721497 best_discrete=175.658676 hash=False elapsed=23.7s
step   275/700 tau=0.2355 loss=0.288182 mse_soft=0.288013 ent_in=1.1009 ent_out=0.5918 rowmax_in=0.5434 rowmax_out=0.7260 discrete_mse=611.721497 best_discrete=175.658676 hash=False elapsed=26.3s
step   300/700 tau=0.2064 loss=0.286555 mse_soft=0.286391 ent_in=1.0730 ent_out=0.5708 rowmax_in=0.5485 rowmax_out=0.7309 discrete_mse=643.079163 best_discrete=175.658676 hash=False elapsed=28.9s
step   325/700 tau=0.1809 loss=0.287123 mse_soft=0.286962 ent_in=1.0567 ent_out=0.5570 rowmax_in=0.5503 rowmax_out=0.7359 discrete_mse=655.420654 best_discrete=175.658676 hash=False elapsed=31.3s
step   350/700 tau=0.1585 loss=0.283697 mse_soft=0.283537 ent_in=1.0473 ent_out=0.5490 rowmax_in=0.5530 rowmax_out=0.7351 discrete_mse=383.009430 best_discrete=175.658676 hash=False elapsed=33.6s
step   375/700 tau=0.1389 loss=0.282464 mse_soft=0.282308 ent_in=1.0379 ent_out=0.5273 rowmax_in=0.5564 rowmax_out=0.7403 discrete_mse=292.159668 best_discrete=175.658676 hash=False elapsed=36.0s
step   400/700 tau=0.1218 loss=0.281789 mse_soft=0.281636 ent_in=1.0216 ent_out=0.5027 rowmax_in=0.5619 rowmax_out=0.7521 discrete_mse=99.613358 best_discrete=99.613358 hash=False elapsed=38.4s
step   425/700 tau=0.1067 loss=0.281588 mse_soft=0.281440 ent_in=0.9981 ent_out=0.4796 rowmax_in=0.5693 rowmax_out=0.7610 discrete_mse=125.535721 best_discrete=99.613358 hash=False elapsed=40.9s
step   450/700 tau=0.0935 loss=0.281665 mse_soft=0.281519 ent_in=0.9877 ent_out=0.4683 rowmax_in=0.5709 rowmax_out=0.7669 discrete_mse=125.535721 best_discrete=99.613358 hash=False elapsed=43.3s
step   475/700 tau=0.0820 loss=0.283500 mse_soft=0.283356 ent_in=0.9797 ent_out=0.4555 rowmax_in=0.5734 rowmax_out=0.7731 discrete_mse=76.521858 best_discrete=76.521858 hash=False elapsed=45.8s
step   500/700 tau=0.0718 loss=0.282776 mse_soft=0.282634 ent_in=0.9795 ent_out=0.4478 rowmax_in=0.5687 rowmax_out=0.7782 discrete_mse=65.889542 best_discrete=65.889542 hash=False elapsed=48.4s
step   525/700 tau=0.0630 loss=0.280426 mse_soft=0.280285 ent_in=0.9726 ent_out=0.4436 rowmax_in=0.5717 rowmax_out=0.7801 discrete_mse=65.889542 best_discrete=65.889542 hash=False elapsed=50.9s
step   550/700 tau=0.0552 loss=0.286959 mse_soft=0.286823 ent_in=0.9349 ent_out=0.4223 rowmax_in=0.5931 rowmax_out=0.7860 discrete_mse=92.305489 best_discrete=65.889542 hash=False elapsed=53.3s
step   575/700 tau=0.0484 loss=0.285659 mse_soft=0.285522 ent_in=0.9498 ent_out=0.4287 rowmax_in=0.5741 rowmax_out=0.7869 discrete_mse=91.080421 best_discrete=65.889542 hash=False elapsed=55.5s
step   600/700 tau=0.0424 loss=0.294878 mse_soft=0.294745 ent_in=0.9181 ent_out=0.4130 rowmax_in=0.5939 rowmax_out=0.7945 discrete_mse=109.500961 best_discrete=65.889542 hash=False elapsed=57.8s
step   625/700 tau=0.0371 loss=0.299160 mse_soft=0.299027 ent_in=0.9061 ent_out=0.4153 rowmax_in=0.5957 rowmax_out=0.7977 discrete_mse=104.859520 best_discrete=65.889542 hash=False elapsed=60.3s
step   650/700 tau=0.0325 loss=0.292291 mse_soft=0.292162 ent_in=0.8761 ent_out=0.4116 rowmax_in=0.5981 rowmax_out=0.7949 discrete_mse=14.061265 best_discrete=14.061265 hash=False elapsed=62.9s
step   675/700 tau=0.0285 loss=0.435404 mse_soft=0.435293 ent_in=0.7567 ent_out=0.3560 rowmax_in=0.6488 rowmax_out=0.8204 discrete_mse=11.332220 best_discrete=11.332220 hash=False elapsed=65.3s
step   700/700 tau=0.0250 loss=0.370216 mse_soft=0.370132 ent_in=0.5375 ent_out=0.3004 rowmax_in=0.7313 rowmax_out=0.8496 discrete_mse=99.260895 best_discrete=11.332220 hash=False elapsed=67.6s

Final metrics:
  soft_mse_full=0.355142
  rowmax_in_mean=0.7283
  rowmax_out_mean=0.8574
  ent_in_mean=0.5426
  ent_out_mean=0.2931
  final_discrete_mse=56.859398
  hash_match=False
  best_discrete_mse_seen=11.332220
Saved results to overnight_b096_j4.json
