Using device: cuda
Train rows: 10000 / Full rows: 10000, steps=700, lr=0.02
step     1/700 tau=1.0000 loss=1.065753 mse_soft=1.063431 ent_in=3.8712 ent_out=3.8712 rowmax_in=0.0213 rowmax_out=0.0213 discrete_mse=91.330894 best_discrete=91.330894 hash=False elapsed=0.5s
step    25/700 tau=0.8866 loss=0.935344 mse_soft=0.933092 ent_in=3.7428 ent_out=3.7627 rowmax_in=0.0374 rowmax_out=0.0364 discrete_mse=439.409302 best_discrete=91.330894 hash=False elapsed=2.6s
step    50/700 tau=0.7821 loss=0.711174 mse_soft=0.709137 ent_in=3.3611 ent_out=3.4257 rowmax_in=0.0689 rowmax_out=0.0669 discrete_mse=3775.968750 best_discrete=91.330894 hash=False elapsed=4.7s
step    75/700 tau=0.6899 loss=0.584028 mse_soft=0.582232 ent_in=2.9359 ent_out=3.0499 rowmax_in=0.1329 rowmax_out=0.1210 discrete_mse=1656.007324 best_discrete=91.330894 hash=False elapsed=7.0s
step   100/700 tau=0.6086 loss=0.463650 mse_soft=0.462211 ent_in=2.3834 ent_out=2.4131 rowmax_in=0.2580 rowmax_out=0.2602 discrete_mse=278.469879 best_discrete=91.330894 hash=False elapsed=9.2s
step   125/700 tau=0.5368 loss=0.374389 mse_soft=0.373348 ent_in=1.8117 ent_out=1.6582 rowmax_in=0.3992 rowmax_out=0.4541 discrete_mse=163.847397 best_discrete=91.330894 hash=False elapsed=11.2s
step   150/700 tau=0.4736 loss=0.338412 mse_soft=0.337597 ent_in=1.5596 ent_out=1.1572 rowmax_in=0.4439 rowmax_out=0.5952 discrete_mse=1598.992798 best_discrete=91.330894 hash=False elapsed=13.2s
step   175/700 tau=0.4177 loss=0.315661 mse_soft=0.315003 ent_in=1.3914 ent_out=0.8035 rowmax_in=0.4725 rowmax_out=0.6968 discrete_mse=616.222961 best_discrete=91.330894 hash=False elapsed=15.5s
step   200/700 tau=0.3685 loss=0.304910 mse_soft=0.304332 ent_in=1.2779 ent_out=0.6468 rowmax_in=0.4889 rowmax_out=0.7332 discrete_mse=873.903564 best_discrete=91.330894 hash=False elapsed=17.9s
step   225/700 tau=0.3251 loss=0.299337 mse_soft=0.298814 ent_in=1.2233 ent_out=0.5210 rowmax_in=0.4906 rowmax_out=0.7786 discrete_mse=1289.560913 best_discrete=91.330894 hash=False elapsed=20.2s
step   250/700 tau=0.2868 loss=0.296354 mse_soft=0.295860 ent_in=1.1864 ent_out=0.4596 rowmax_in=0.4943 rowmax_out=0.7973 discrete_mse=989.529968 best_discrete=91.330894 hash=False elapsed=22.5s
step   275/700 tau=0.2530 loss=0.295187 mse_soft=0.294715 ent_in=1.1553 ent_out=0.4184 rowmax_in=0.4997 rowmax_out=0.8131 discrete_mse=574.324463 best_discrete=91.330894 hash=False elapsed=24.8s
step   300/700 tau=0.2231 loss=0.291337 mse_soft=0.290875 ent_in=1.1340 ent_out=0.4055 rowmax_in=0.5038 rowmax_out=0.8179 discrete_mse=759.214294 best_discrete=91.330894 hash=False elapsed=27.2s
step   325/700 tau=0.1968 loss=0.290913 mse_soft=0.290456 ent_in=1.1183 ent_out=0.4056 rowmax_in=0.5041 rowmax_out=0.8109 discrete_mse=2274.461182 best_discrete=91.330894 hash=False elapsed=29.3s
step   350/700 tau=0.1736 loss=0.288200 mse_soft=0.287756 ent_in=1.0990 ent_out=0.3810 rowmax_in=0.5062 rowmax_out=0.8211 discrete_mse=1236.010986 best_discrete=91.330894 hash=False elapsed=31.8s
step   375/700 tau=0.1532 loss=0.289263 mse_soft=0.288825 ent_in=1.0887 ent_out=0.3702 rowmax_in=0.5063 rowmax_out=0.8244 discrete_mse=1236.010986 best_discrete=91.330894 hash=False elapsed=33.9s
step   400/700 tau=0.1351 loss=0.288380 mse_soft=0.287947 ent_in=1.0801 ent_out=0.3613 rowmax_in=0.5078 rowmax_out=0.8302 discrete_mse=1453.686401 best_discrete=91.330894 hash=False elapsed=36.2s
step   425/700 tau=0.1192 loss=0.292920 mse_soft=0.292489 ent_in=1.0731 ent_out=0.3623 rowmax_in=0.5087 rowmax_out=0.8268 discrete_mse=1236.010986 best_discrete=91.330894 hash=False elapsed=38.6s
step   450/700 tau=0.1051 loss=0.293971 mse_soft=0.293543 ent_in=1.0688 ent_out=0.3573 rowmax_in=0.5095 rowmax_out=0.8279 discrete_mse=933.673889 best_discrete=91.330894 hash=False elapsed=40.8s
step   475/700 tau=0.0928 loss=0.286997 mse_soft=0.286568 ent_in=1.0692 ent_out=0.3599 rowmax_in=0.5073 rowmax_out=0.8238 discrete_mse=933.673889 best_discrete=91.330894 hash=False elapsed=43.0s
step   500/700 tau=0.0818 loss=0.290602 mse_soft=0.290176 ent_in=1.0624 ent_out=0.3575 rowmax_in=0.5078 rowmax_out=0.8277 discrete_mse=1488.458740 best_discrete=91.330894 hash=False elapsed=45.2s
step   525/700 tau=0.0722 loss=0.343091 mse_soft=0.342672 ent_in=1.0439 ent_out=0.3521 rowmax_in=0.5127 rowmax_out=0.8300 discrete_mse=1182.861938 best_discrete=91.330894 hash=False elapsed=47.5s
step   550/700 tau=0.0637 loss=0.290197 mse_soft=0.289791 ent_in=1.0190 ent_out=0.3353 rowmax_in=0.5229 rowmax_out=0.8367 discrete_mse=582.916260 best_discrete=91.330894 hash=False elapsed=49.6s
step   575/700 tau=0.0562 loss=0.302653 mse_soft=0.302261 ent_in=0.9711 ent_out=0.3338 rowmax_in=0.5389 rowmax_out=0.8341 discrete_mse=276.584290 best_discrete=91.330894 hash=False elapsed=51.8s
step   600/700 tau=0.0495 loss=0.379594 mse_soft=0.379205 ent_in=0.9695 ent_out=0.3289 rowmax_in=0.5366 rowmax_out=0.8404 discrete_mse=197.892487 best_discrete=91.330894 hash=False elapsed=54.1s
step   625/700 tau=0.0437 loss=0.318904 mse_soft=0.318558 ent_in=0.8602 ent_out=0.2916 rowmax_in=0.5817 rowmax_out=0.8470 discrete_mse=119.200844 best_discrete=91.330894 hash=False elapsed=56.4s
step   650/700 tau=0.0386 loss=0.299027 mse_soft=0.298686 ent_in=0.8610 ent_out=0.2760 rowmax_in=0.5662 rowmax_out=0.8600 discrete_mse=721.756104 best_discrete=91.330894 hash=False elapsed=58.7s
step   675/700 tau=0.0340 loss=0.402597 mse_soft=0.402318 ent_in=0.6902 ent_out=0.2378 rowmax_in=0.6605 rowmax_out=0.8743 discrete_mse=165.906677 best_discrete=91.330894 hash=False elapsed=61.0s
step   700/700 tau=0.0300 loss=0.341042 mse_soft=0.340782 ent_in=0.6103 ent_out=0.2582 rowmax_in=0.6870 rowmax_out=0.8590 discrete_mse=310.312927 best_discrete=91.330894 hash=False elapsed=63.2s

Final metrics:
  soft_mse_full=0.340157
  rowmax_in_mean=0.6785
  rowmax_out_mean=0.8530
  ent_in_mean=0.6128
  ent_out_mean=0.2603
  final_discrete_mse=149.848373
  hash_match=False
  best_discrete_mse_seen=91.330894
Saved results to overnight_b098_j3.json
