Using device: cuda
Train rows: 10000 / Full rows: 10000, steps=700, lr=0.015
step     1/700 tau=1.0000 loss=1.064218 mse_soft=1.063444 ent_in=3.8712 ent_out=3.8712 rowmax_in=0.0213 rowmax_out=0.0213 discrete_mse=62.109150 best_discrete=62.109150 hash=False elapsed=0.6s
step    25/700 tau=0.8810 loss=0.971927 mse_soft=0.971167 ent_in=3.7928 ent_out=3.8054 rowmax_in=0.0331 rowmax_out=0.0322 discrete_mse=894.366272 best_discrete=62.109150 hash=False elapsed=2.8s
step    50/700 tau=0.7721 loss=0.785454 mse_soft=0.784747 ent_in=3.5137 ent_out=3.5647 rowmax_in=0.0563 rowmax_out=0.0545 discrete_mse=4499.575684 best_discrete=62.109150 hash=False elapsed=5.0s
step    75/700 tau=0.6767 loss=0.640518 mse_soft=0.639882 ent_in=3.1302 ent_out=3.2240 rowmax_in=0.0963 rowmax_out=0.0918 discrete_mse=768.466858 best_discrete=62.109150 hash=False elapsed=7.2s
step   100/700 tau=0.5931 loss=0.528856 mse_soft=0.528306 ent_in=2.7085 ent_out=2.7967 rowmax_in=0.1778 rowmax_out=0.1694 discrete_mse=1035.967896 best_discrete=62.109150 hash=False elapsed=9.4s
step   125/700 tau=0.5198 loss=0.429651 mse_soft=0.429224 ent_in=2.1620 ent_out=2.1086 rowmax_in=0.3098 rowmax_out=0.3339 discrete_mse=257.325928 best_discrete=62.109150 hash=False elapsed=11.6s
step   150/700 tau=0.4555 loss=0.359324 mse_soft=0.359012 ent_in=1.6426 ent_out=1.4743 rowmax_in=0.4306 rowmax_out=0.5175 discrete_mse=18.443136 best_discrete=18.443136 hash=False elapsed=13.9s
step   175/700 tau=0.3992 loss=0.328840 mse_soft=0.328594 ent_in=1.4104 ent_out=1.0462 rowmax_in=0.4672 rowmax_out=0.6344 discrete_mse=64.413185 best_discrete=18.443136 hash=False elapsed=16.2s
step   200/700 tau=0.3499 loss=0.312930 mse_soft=0.312725 ent_in=1.2896 ent_out=0.7599 rowmax_in=0.4831 rowmax_out=0.7171 discrete_mse=24.502281 best_discrete=18.443136 hash=False elapsed=18.4s
step   225/700 tau=0.3066 loss=0.299284 mse_soft=0.299107 ent_in=1.2205 ent_out=0.5416 rowmax_in=0.4984 rowmax_out=0.8008 discrete_mse=6.937722 best_discrete=6.937722 hash=False elapsed=20.9s
step   250/700 tau=0.2687 loss=0.290726 mse_soft=0.290566 ent_in=1.1693 ent_out=0.4265 rowmax_in=0.5065 rowmax_out=0.8261 discrete_mse=50.762005 best_discrete=6.937722 hash=False elapsed=23.2s
step   275/700 tau=0.2355 loss=0.286093 mse_soft=0.285942 ent_in=1.1337 ent_out=0.3771 rowmax_in=0.5105 rowmax_out=0.8356 discrete_mse=78.270287 best_discrete=6.937722 hash=False elapsed=25.5s
step   300/700 tau=0.2064 loss=0.285309 mse_soft=0.285163 ent_in=1.1154 ent_out=0.3451 rowmax_in=0.5140 rowmax_out=0.8536 discrete_mse=151.381073 best_discrete=6.937722 hash=False elapsed=27.9s
step   325/700 tau=0.1809 loss=0.283572 mse_soft=0.283427 ent_in=1.1142 ent_out=0.3325 rowmax_in=0.5107 rowmax_out=0.8610 discrete_mse=151.381073 best_discrete=6.937722 hash=False elapsed=30.3s
step   350/700 tau=0.1585 loss=0.282399 mse_soft=0.282255 ent_in=1.1107 ent_out=0.3328 rowmax_in=0.5077 rowmax_out=0.8602 discrete_mse=409.888580 best_discrete=6.937722 hash=False elapsed=32.6s
step   375/700 tau=0.1389 loss=0.286019 mse_soft=0.285875 ent_in=1.1079 ent_out=0.3303 rowmax_in=0.5071 rowmax_out=0.8616 discrete_mse=175.791565 best_discrete=6.937722 hash=False elapsed=35.0s
step   400/700 tau=0.1218 loss=0.282036 mse_soft=0.281893 ent_in=1.1084 ent_out=0.3247 rowmax_in=0.5059 rowmax_out=0.8644 discrete_mse=175.791565 best_discrete=6.937722 hash=False elapsed=37.2s
step   425/700 tau=0.1067 loss=0.281724 mse_soft=0.281581 ent_in=1.1097 ent_out=0.3264 rowmax_in=0.5028 rowmax_out=0.8625 discrete_mse=77.304810 best_discrete=6.937722 hash=False elapsed=39.3s
step   450/700 tau=0.0935 loss=0.281590 mse_soft=0.281446 ent_in=1.1044 ent_out=0.3313 rowmax_in=0.5030 rowmax_out=0.8571 discrete_mse=70.461853 best_discrete=6.937722 hash=False elapsed=41.5s
step   475/700 tau=0.0820 loss=0.284491 mse_soft=0.284349 ent_in=1.0960 ent_out=0.3274 rowmax_in=0.5056 rowmax_out=0.8569 discrete_mse=70.461853 best_discrete=6.937722 hash=False elapsed=43.9s
step   500/700 tau=0.0718 loss=0.287328 mse_soft=0.287188 ent_in=1.0845 ent_out=0.3187 rowmax_in=0.5067 rowmax_out=0.8565 discrete_mse=70.461853 best_discrete=6.937722 hash=False elapsed=46.2s
step   525/700 tau=0.0630 loss=0.288600 mse_soft=0.288461 ent_in=1.0751 ent_out=0.3142 rowmax_in=0.5122 rowmax_out=0.8580 discrete_mse=70.461853 best_discrete=6.937722 hash=False elapsed=48.7s
step   550/700 tau=0.0552 loss=0.281747 mse_soft=0.281609 ent_in=1.0690 ent_out=0.3102 rowmax_in=0.5116 rowmax_out=0.8589 discrete_mse=70.461853 best_discrete=6.937722 hash=False elapsed=50.8s
step   575/700 tau=0.0484 loss=0.286554 mse_soft=0.286417 ent_in=1.0590 ent_out=0.3112 rowmax_in=0.5153 rowmax_out=0.8547 discrete_mse=61.847324 best_discrete=6.937722 hash=False elapsed=53.0s
step   600/700 tau=0.0424 loss=0.312363 mse_soft=0.312227 ent_in=1.0529 ent_out=0.3079 rowmax_in=0.5221 rowmax_out=0.8560 discrete_mse=168.861832 best_discrete=6.937722 hash=False elapsed=55.2s
step   625/700 tau=0.0371 loss=0.286233 mse_soft=0.286100 ent_in=1.0332 ent_out=0.2996 rowmax_in=0.5210 rowmax_out=0.8532 discrete_mse=87.899879 best_discrete=6.937722 hash=False elapsed=57.6s
step   650/700 tau=0.0325 loss=0.323640 mse_soft=0.323531 ent_in=0.8830 ent_out=0.2104 rowmax_in=0.5828 rowmax_out=0.8986 discrete_mse=321.934387 best_discrete=6.937722 hash=False elapsed=59.8s
step   675/700 tau=0.0285 loss=0.303138 mse_soft=0.303034 ent_in=0.8352 ent_out=0.2063 rowmax_in=0.5916 rowmax_out=0.8980 discrete_mse=206.991226 best_discrete=6.937722 hash=False elapsed=62.3s
step   700/700 tau=0.0250 loss=0.325736 mse_soft=0.325633 ent_in=0.8140 ent_out=0.2155 rowmax_in=0.6034 rowmax_out=0.8928 discrete_mse=3.783219 best_discrete=3.783219 hash=False elapsed=64.6s

Final metrics:
  soft_mse_full=0.308347
  rowmax_in_mean=0.6109
  rowmax_out_mean=0.8928
  ent_in_mean=0.8037
  ent_out_mean=0.2147
  final_discrete_mse=76.646584
  hash_match=False
  best_discrete_mse_seen=3.783219
Saved results to overnight_b218_j4.json
