Using device: cuda
Train rows: 4096 / Full rows: 10000, steps=900, lr=0.03
step     1/900 tau=1.0000 loss=1.052111 mse_soft=1.049789 ent_in=3.8712 ent_out=3.8712 rowmax_in=0.0213 rowmax_out=0.0213 discrete_mse=232.082275 best_discrete=232.082275 hash=False elapsed=0.6s
step    25/900 tau=0.9106 loss=0.848555 mse_soft=0.846366 ent_in=3.6313 ent_out=3.6660 rowmax_in=0.0463 rowmax_out=0.0447 discrete_mse=3482.511230 best_discrete=232.082275 hash=False elapsed=2.7s
step    50/900 tau=0.8260 loss=0.642029 mse_soft=0.640119 ent_in=3.1375 ent_out=3.2305 rowmax_in=0.0941 rowmax_out=0.0861 discrete_mse=3484.273926 best_discrete=232.082275 hash=False elapsed=5.0s
step    75/900 tau=0.7493 loss=0.514035 mse_soft=0.512437 ent_in=2.6309 ent_out=2.6938 rowmax_in=0.2062 rowmax_out=0.1933 discrete_mse=601.606018 best_discrete=232.082275 hash=False elapsed=7.2s
step   100/900 tau=0.6797 loss=0.407930 mse_soft=0.406752 ent_in=2.0072 ent_out=1.9170 rowmax_in=0.3504 rowmax_out=0.3757 discrete_mse=488.248138 best_discrete=232.082275 hash=False elapsed=9.4s
step   125/900 tau=0.6165 loss=0.338808 mse_soft=0.337968 ent_in=1.5844 ent_out=1.2144 rowmax_in=0.4545 rowmax_out=0.5976 discrete_mse=315.187164 best_discrete=232.082275 hash=False elapsed=11.9s
step   150/900 tau=0.5592 loss=0.308737 mse_soft=0.308076 ent_in=1.3825 ent_out=0.8210 rowmax_in=0.4985 rowmax_out=0.7056 discrete_mse=1606.894165 best_discrete=232.082275 hash=False elapsed=14.2s
step   175/900 tau=0.5073 loss=0.294909 mse_soft=0.294338 ent_in=1.2843 ent_out=0.6174 rowmax_in=0.5190 rowmax_out=0.7606 discrete_mse=192.657089 best_discrete=192.657089 hash=False elapsed=16.3s
step   200/900 tau=0.4602 loss=0.287817 mse_soft=0.287287 ent_in=1.2483 ent_out=0.5186 rowmax_in=0.5219 rowmax_out=0.7852 discrete_mse=98.438354 best_discrete=98.438354 hash=False elapsed=18.7s
step   225/900 tau=0.4174 loss=0.281166 mse_soft=0.280663 ent_in=1.2068 ent_out=0.4714 rowmax_in=0.5265 rowmax_out=0.8044 discrete_mse=419.629089 best_discrete=98.438354 hash=False elapsed=21.1s
step   250/900 tau=0.3786 loss=0.276973 mse_soft=0.276488 ent_in=1.1689 ent_out=0.4465 rowmax_in=0.5355 rowmax_out=0.8099 discrete_mse=266.620483 best_discrete=98.438354 hash=False elapsed=23.5s
step   275/900 tau=0.3434 loss=0.272901 mse_soft=0.272427 ent_in=1.1496 ent_out=0.4296 rowmax_in=0.5398 rowmax_out=0.8113 discrete_mse=266.620483 best_discrete=98.438354 hash=False elapsed=26.0s
step   300/900 tau=0.3115 loss=0.271432 mse_soft=0.270966 ent_in=1.1389 ent_out=0.4146 rowmax_in=0.5413 rowmax_out=0.8149 discrete_mse=433.883179 best_discrete=98.438354 hash=False elapsed=28.4s
step   325/900 tau=0.2826 loss=0.269970 mse_soft=0.269513 ent_in=1.1231 ent_out=0.4006 rowmax_in=0.5446 rowmax_out=0.8211 discrete_mse=266.620483 best_discrete=98.438354 hash=False elapsed=30.5s
step   350/900 tau=0.2563 loss=0.269364 mse_soft=0.268912 ent_in=1.1190 ent_out=0.3881 rowmax_in=0.5440 rowmax_out=0.8265 discrete_mse=303.305237 best_discrete=98.438354 hash=False elapsed=32.6s
step   375/900 tau=0.2325 loss=0.269303 mse_soft=0.268853 ent_in=1.1169 ent_out=0.3804 rowmax_in=0.5434 rowmax_out=0.8293 discrete_mse=240.327545 best_discrete=98.438354 hash=False elapsed=34.6s
step   400/900 tau=0.2109 loss=0.269428 mse_soft=0.268980 ent_in=1.1149 ent_out=0.3767 rowmax_in=0.5440 rowmax_out=0.8292 discrete_mse=240.327545 best_discrete=98.438354 hash=False elapsed=36.7s
step   425/900 tau=0.1913 loss=0.268684 mse_soft=0.268239 ent_in=1.1108 ent_out=0.3737 rowmax_in=0.5446 rowmax_out=0.8296 discrete_mse=240.327545 best_discrete=98.438354 hash=False elapsed=38.8s
step   450/900 tau=0.1735 loss=0.268012 mse_soft=0.267568 ent_in=1.1096 ent_out=0.3737 rowmax_in=0.5435 rowmax_out=0.8292 discrete_mse=255.360840 best_discrete=98.438354 hash=False elapsed=41.1s
step   475/900 tau=0.1574 loss=0.270658 mse_soft=0.270213 ent_in=1.1106 ent_out=0.3745 rowmax_in=0.5431 rowmax_out=0.8293 discrete_mse=303.305237 best_discrete=98.438354 hash=False elapsed=43.5s
step   500/900 tau=0.1428 loss=0.272694 mse_soft=0.272248 ent_in=1.1084 ent_out=0.3754 rowmax_in=0.5441 rowmax_out=0.8278 discrete_mse=301.226898 best_discrete=98.438354 hash=False elapsed=45.8s
step   525/900 tau=0.1295 loss=0.273348 mse_soft=0.272905 ent_in=1.1041 ent_out=0.3737 rowmax_in=0.5425 rowmax_out=0.8279 discrete_mse=177.142044 best_discrete=98.438354 hash=False elapsed=48.1s
step   550/900 tau=0.1175 loss=0.277681 mse_soft=0.277244 ent_in=1.0899 ent_out=0.3662 rowmax_in=0.5412 rowmax_out=0.8261 discrete_mse=134.121689 best_discrete=98.438354 hash=False elapsed=50.4s
step   575/900 tau=0.1066 loss=0.270110 mse_soft=0.269678 ent_in=1.0656 ent_out=0.3731 rowmax_in=0.5486 rowmax_out=0.8202 discrete_mse=975.562195 best_discrete=98.438354 hash=False elapsed=52.8s
step   600/900 tau=0.0967 loss=0.269692 mse_soft=0.269264 ent_in=1.0556 ent_out=0.3734 rowmax_in=0.5503 rowmax_out=0.8191 discrete_mse=165.193802 best_discrete=98.438354 hash=False elapsed=55.1s
step   625/900 tau=0.0877 loss=0.293298 mse_soft=0.292883 ent_in=1.0223 ent_out=0.3627 rowmax_in=0.5573 rowmax_out=0.8232 discrete_mse=311.703979 best_discrete=98.438354 hash=False elapsed=57.5s
step   650/900 tau=0.0795 loss=0.277124 mse_soft=0.276708 ent_in=1.0311 ent_out=0.3555 rowmax_in=0.5468 rowmax_out=0.8321 discrete_mse=429.872498 best_discrete=98.438354 hash=False elapsed=59.8s
step   675/900 tau=0.0722 loss=0.274996 mse_soft=0.274578 ent_in=1.0356 ent_out=0.3583 rowmax_in=0.5485 rowmax_out=0.8258 discrete_mse=429.872498 best_discrete=98.438354 hash=False elapsed=62.2s
step   700/900 tau=0.0655 loss=0.277854 mse_soft=0.277441 ent_in=1.0257 ent_out=0.3523 rowmax_in=0.5529 rowmax_out=0.8345 discrete_mse=201.149902 best_discrete=98.438354 hash=False elapsed=64.3s
step   725/900 tau=0.0594 loss=0.319381 mse_soft=0.318993 ent_in=0.9380 ent_out=0.3546 rowmax_in=0.5709 rowmax_out=0.8234 discrete_mse=193.426331 best_discrete=98.438354 hash=False elapsed=66.5s
step   750/900 tau=0.0539 loss=0.562955 mse_soft=0.562733 ent_in=0.5375 ent_out=0.2039 rowmax_in=0.7766 rowmax_out=0.9133 discrete_mse=9.230286 best_discrete=9.230286 hash=False elapsed=68.9s
step   775/900 tau=0.0489 loss=0.419991 mse_soft=0.419815 ent_in=0.4178 ent_out=0.1687 rowmax_in=0.8127 rowmax_out=0.9177 discrete_mse=2.649469 best_discrete=2.649469 hash=False elapsed=71.2s
step   800/900 tau=0.0443 loss=0.401555 mse_soft=0.401395 ent_in=0.3841 ent_out=0.1487 rowmax_in=0.8208 rowmax_out=0.9277 discrete_mse=11.740487 best_discrete=2.649469 hash=False elapsed=73.5s
step   825/900 tau=0.0402 loss=0.395718 mse_soft=0.395550 ent_in=0.4014 ent_out=0.1588 rowmax_in=0.8102 rowmax_out=0.9246 discrete_mse=11.978791 best_discrete=2.649469 hash=False elapsed=75.7s
step   850/900 tau=0.0365 loss=0.393723 mse_soft=0.393551 ent_in=0.4001 ent_out=0.1736 rowmax_in=0.8154 rowmax_out=0.9148 discrete_mse=11.740487 best_discrete=2.649469 hash=False elapsed=78.1s
step   875/900 tau=0.0331 loss=0.388465 mse_soft=0.388288 ent_in=0.4009 ent_out=0.1903 rowmax_in=0.8133 rowmax_out=0.8961 discrete_mse=9.422889 best_discrete=2.649469 hash=False elapsed=80.2s
step   900/900 tau=0.0300 loss=0.405985 mse_soft=0.405811 ent_in=0.4014 ent_out=0.1773 rowmax_in=0.8077 rowmax_out=0.9087 discrete_mse=12.414284 best_discrete=2.649469 hash=False elapsed=82.1s

Final metrics:
  soft_mse_full=0.401708
  rowmax_in_mean=0.8152
  rowmax_out_mean=0.9098
  ent_in_mean=0.3935
  ent_out_mean=0.1774
  final_discrete_mse=11.513543
  hash_match=False
  best_discrete_mse_seen=2.649469
Saved results to overnight_b030_j1.json
