Using device: cuda
Train rows: 4096 / Full rows: 10000, steps=900, lr=0.03
step     1/900 tau=1.0000 loss=1.062804 mse_soft=1.060482 ent_in=3.8712 ent_out=3.8712 rowmax_in=0.0213 rowmax_out=0.0213 discrete_mse=53.850861 best_discrete=53.850861 hash=False elapsed=0.5s
step    25/900 tau=0.9090 loss=0.862729 mse_soft=0.860539 ent_in=3.6345 ent_out=3.6661 rowmax_in=0.0459 rowmax_out=0.0447 discrete_mse=272.833649 best_discrete=53.850861 hash=False elapsed=2.7s
step    50/900 tau=0.8229 loss=0.642923 mse_soft=0.641021 ent_in=3.1262 ent_out=3.2164 rowmax_in=0.0948 rowmax_out=0.0896 discrete_mse=3066.528809 best_discrete=53.850861 hash=False elapsed=5.1s
step    75/900 tau=0.7450 loss=0.495700 mse_soft=0.494135 ent_in=2.5794 ent_out=2.6378 rowmax_in=0.2028 rowmax_out=0.2021 discrete_mse=698.858093 best_discrete=53.850861 hash=False elapsed=7.5s
step   100/900 tau=0.6745 loss=0.398514 mse_soft=0.397348 ent_in=1.9817 ent_out=1.9058 rowmax_in=0.3380 rowmax_out=0.3752 discrete_mse=2572.732666 best_discrete=53.850861 hash=False elapsed=9.7s
step   125/900 tau=0.6107 loss=0.340979 mse_soft=0.340140 ent_in=1.5815 ent_out=1.2155 rowmax_in=0.4379 rowmax_out=0.6035 discrete_mse=121.214668 best_discrete=53.850861 hash=False elapsed=11.9s
step   150/900 tau=0.5529 loss=0.312078 mse_soft=0.311407 ent_in=1.4243 ent_out=0.8141 rowmax_in=0.4705 rowmax_out=0.7223 discrete_mse=61.205303 best_discrete=53.850861 hash=False elapsed=14.6s
step   175/900 tau=0.5006 loss=0.295677 mse_soft=0.295092 ent_in=1.3482 ent_out=0.6026 rowmax_in=0.4751 rowmax_out=0.7845 discrete_mse=152.760040 best_discrete=53.850861 hash=False elapsed=17.0s
step   200/900 tau=0.4532 loss=0.289147 mse_soft=0.288612 ent_in=1.2991 ent_out=0.4840 rowmax_in=0.4847 rowmax_out=0.8183 discrete_mse=171.170746 best_discrete=53.850861 hash=False elapsed=19.5s
step   225/900 tau=0.4103 loss=0.286044 mse_soft=0.285537 ent_in=1.2682 ent_out=0.4216 rowmax_in=0.4892 rowmax_out=0.8405 discrete_mse=392.982452 best_discrete=53.850861 hash=False elapsed=21.9s
step   250/900 tau=0.3715 loss=0.275436 mse_soft=0.274958 ent_in=1.2295 ent_out=0.3636 rowmax_in=0.5027 rowmax_out=0.8486 discrete_mse=244.289841 best_discrete=53.850861 hash=False elapsed=24.4s
step   275/900 tau=0.3363 loss=0.274530 mse_soft=0.274063 ent_in=1.2119 ent_out=0.3447 rowmax_in=0.5034 rowmax_out=0.8448 discrete_mse=244.289841 best_discrete=53.850861 hash=False elapsed=27.0s
step   300/900 tau=0.3045 loss=0.268751 mse_soft=0.268292 ent_in=1.1913 ent_out=0.3391 rowmax_in=0.5080 rowmax_out=0.8479 discrete_mse=269.915131 best_discrete=53.850861 hash=False elapsed=29.5s
step   325/900 tau=0.2756 loss=0.266467 mse_soft=0.266016 ent_in=1.1727 ent_out=0.3311 rowmax_in=0.5128 rowmax_out=0.8495 discrete_mse=252.794876 best_discrete=53.850861 hash=False elapsed=32.1s
step   350/900 tau=0.2496 loss=0.265131 mse_soft=0.264685 ent_in=1.1604 ent_out=0.3259 rowmax_in=0.5153 rowmax_out=0.8491 discrete_mse=259.043854 best_discrete=53.850861 hash=False elapsed=34.7s
step   375/900 tau=0.2259 loss=0.264465 mse_soft=0.264021 ent_in=1.1561 ent_out=0.3234 rowmax_in=0.5145 rowmax_out=0.8494 discrete_mse=259.043854 best_discrete=53.850861 hash=False elapsed=37.0s
step   400/900 tau=0.2046 loss=0.265449 mse_soft=0.265006 ent_in=1.1494 ent_out=0.3256 rowmax_in=0.5145 rowmax_out=0.8498 discrete_mse=82.031761 best_discrete=53.850861 hash=False elapsed=39.5s
step   425/900 tau=0.1852 loss=0.265862 mse_soft=0.265421 ent_in=1.1433 ent_out=0.3264 rowmax_in=0.5136 rowmax_out=0.8495 discrete_mse=259.043854 best_discrete=53.850861 hash=False elapsed=41.9s
step   450/900 tau=0.1677 loss=0.264288 mse_soft=0.263849 ent_in=1.1397 ent_out=0.3225 rowmax_in=0.5133 rowmax_out=0.8491 discrete_mse=82.031761 best_discrete=53.850861 hash=False elapsed=44.3s
step   475/900 tau=0.1518 loss=0.265760 mse_soft=0.265325 ent_in=1.1305 ent_out=0.3196 rowmax_in=0.5144 rowmax_out=0.8494 discrete_mse=82.031761 best_discrete=53.850861 hash=False elapsed=46.7s
step   500/900 tau=0.1374 loss=0.275312 mse_soft=0.274883 ent_in=1.1203 ent_out=0.3110 rowmax_in=0.5135 rowmax_out=0.8558 discrete_mse=82.031761 best_discrete=53.850861 hash=False elapsed=49.3s
step   525/900 tau=0.1244 loss=0.305741 mse_soft=0.305315 ent_in=1.1056 ent_out=0.3143 rowmax_in=0.5218 rowmax_out=0.8477 discrete_mse=261.050262 best_discrete=53.850861 hash=False elapsed=51.5s
step   550/900 tau=0.1126 loss=0.266114 mse_soft=0.265693 ent_in=1.1000 ent_out=0.3048 rowmax_in=0.5221 rowmax_out=0.8562 discrete_mse=82.031761 best_discrete=53.850861 hash=False elapsed=54.1s
step   575/900 tau=0.1020 loss=0.290279 mse_soft=0.289866 ent_in=1.0652 ent_out=0.3127 rowmax_in=0.5206 rowmax_out=0.8451 discrete_mse=311.032440 best_discrete=53.850861 hash=False elapsed=56.4s
step   600/900 tau=0.0923 loss=0.272326 mse_soft=0.271920 ent_in=1.0519 ent_out=0.3013 rowmax_in=0.5297 rowmax_out=0.8525 discrete_mse=195.783798 best_discrete=53.850861 hash=False elapsed=58.7s
step   625/900 tau=0.0836 loss=0.277388 mse_soft=0.276984 ent_in=1.0500 ent_out=0.2973 rowmax_in=0.5278 rowmax_out=0.8538 discrete_mse=45.683441 best_discrete=45.683441 hash=False elapsed=60.9s
step   650/900 tau=0.0757 loss=0.307019 mse_soft=0.306615 ent_in=1.0452 ent_out=0.3035 rowmax_in=0.5265 rowmax_out=0.8402 discrete_mse=79.645157 best_discrete=45.683441 hash=False elapsed=63.2s
step   675/900 tau=0.0685 loss=0.312380 mse_soft=0.312025 ent_in=0.9141 ent_out=0.2692 rowmax_in=0.5771 rowmax_out=0.8455 discrete_mse=16.580835 best_discrete=16.580835 hash=False elapsed=65.7s
step   700/900 tau=0.0620 loss=0.313136 mse_soft=0.312777 ent_in=0.9120 ent_out=0.2844 rowmax_in=0.5632 rowmax_out=0.8401 discrete_mse=65.305023 best_discrete=16.580835 hash=False elapsed=67.9s
step   725/900 tau=0.0562 loss=0.300441 mse_soft=0.300092 ent_in=0.8871 ent_out=0.2768 rowmax_in=0.5731 rowmax_out=0.8460 discrete_mse=202.499466 best_discrete=16.580835 hash=False elapsed=69.9s
step   750/900 tau=0.0508 loss=0.337006 mse_soft=0.336674 ent_in=0.8520 ent_out=0.2541 rowmax_in=0.5963 rowmax_out=0.8713 discrete_mse=11.215870 best_discrete=11.215870 hash=False elapsed=72.1s
step   775/900 tau=0.0460 loss=0.329231 mse_soft=0.328936 ent_in=0.7945 ent_out=0.1903 rowmax_in=0.5963 rowmax_out=0.9018 discrete_mse=555.534180 best_discrete=11.215870 hash=False elapsed=74.5s
step   800/900 tau=0.0417 loss=0.300272 mse_soft=0.299977 ent_in=0.7829 ent_out=0.2008 rowmax_in=0.6172 rowmax_out=0.8917 discrete_mse=129.888763 best_discrete=11.215870 hash=False elapsed=76.8s
step   825/900 tau=0.0377 loss=0.828341 mse_soft=0.828094 ent_in=0.6407 ent_out=0.1802 rowmax_in=0.7027 rowmax_out=0.9084 discrete_mse=28.713789 best_discrete=11.215870 hash=False elapsed=79.1s
step   850/900 tau=0.0342 loss=0.495916 mse_soft=0.495762 ent_in=0.4186 ent_out=0.0920 rowmax_in=0.7921 rowmax_out=0.9595 discrete_mse=386.188263 best_discrete=11.215870 hash=False elapsed=81.2s
step   875/900 tau=0.0309 loss=0.447927 mse_soft=0.447778 ent_in=0.4092 ent_out=0.0856 rowmax_in=0.7922 rowmax_out=0.9625 discrete_mse=38.796082 best_discrete=11.215870 hash=False elapsed=83.2s
step   900/900 tau=0.0280 loss=0.440599 mse_soft=0.440453 ent_in=0.4003 ent_out=0.0861 rowmax_in=0.7990 rowmax_out=0.9620 discrete_mse=38.796082 best_discrete=11.215870 hash=False elapsed=85.4s

Final metrics:
  soft_mse_full=0.463736
  rowmax_in_mean=0.7990
  rowmax_out_mean=0.9620
  ent_in_mean=0.4000
  ent_out_mean=0.0859
  final_discrete_mse=38.796082
  hash_match=False
  best_discrete_mse_seen=11.215870
Saved results to overnight_b181_j2.json
