Using device: cuda
Train rows: 10000 / Full rows: 10000, steps=700, lr=0.015
step     1/700 tau=1.0000 loss=1.064188 mse_soft=1.063413 ent_in=3.8712 ent_out=3.8712 rowmax_in=0.0213 rowmax_out=0.0213 discrete_mse=38.931885 best_discrete=38.931885 hash=False elapsed=0.5s
step    25/700 tau=0.8810 loss=0.972085 mse_soft=0.971325 ent_in=3.7932 ent_out=3.8051 rowmax_in=0.0334 rowmax_out=0.0323 discrete_mse=555.494507 best_discrete=38.931885 hash=False elapsed=2.8s
step    50/700 tau=0.7721 loss=0.785606 mse_soft=0.784898 ent_in=3.5124 ent_out=3.5655 rowmax_in=0.0573 rowmax_out=0.0547 discrete_mse=1443.463379 best_discrete=38.931885 hash=False elapsed=4.9s
step    75/700 tau=0.6767 loss=0.642676 mse_soft=0.642040 ent_in=3.1259 ent_out=3.2305 rowmax_in=0.0963 rowmax_out=0.0910 discrete_mse=5005.511230 best_discrete=38.931885 hash=False elapsed=7.1s
step   100/700 tau=0.5931 loss=0.530629 mse_soft=0.530077 ent_in=2.7076 ent_out=2.8091 rowmax_in=0.1831 rowmax_out=0.1790 discrete_mse=2188.832275 best_discrete=38.931885 hash=False elapsed=9.3s
step   125/700 tau=0.5198 loss=0.436529 mse_soft=0.436099 ent_in=2.1889 ent_out=2.1105 rowmax_in=0.3042 rowmax_out=0.3471 discrete_mse=5231.914062 best_discrete=38.931885 hash=False elapsed=11.6s
step   150/700 tau=0.4555 loss=0.377792 mse_soft=0.377460 ent_in=1.7863 ent_out=1.5287 rowmax_in=0.3944 rowmax_out=0.5079 discrete_mse=390.879517 best_discrete=38.931885 hash=False elapsed=13.7s
step   175/700 tau=0.3992 loss=0.337357 mse_soft=0.337099 ent_in=1.5006 ent_out=1.0813 rowmax_in=0.4593 rowmax_out=0.6361 discrete_mse=619.996887 best_discrete=38.931885 hash=False elapsed=16.1s
step   200/700 tau=0.3499 loss=0.312113 mse_soft=0.311899 ent_in=1.3230 ent_out=0.8091 rowmax_in=0.5001 rowmax_out=0.6925 discrete_mse=169.555756 best_discrete=38.931885 hash=False elapsed=18.5s
step   225/700 tau=0.3066 loss=0.300090 mse_soft=0.299906 ent_in=1.2364 ent_out=0.6022 rowmax_in=0.5191 rowmax_out=0.7575 discrete_mse=391.530212 best_discrete=38.931885 hash=False elapsed=20.7s
step   250/700 tau=0.2687 loss=0.292445 mse_soft=0.292279 ent_in=1.1930 ent_out=0.4720 rowmax_in=0.5228 rowmax_out=0.8005 discrete_mse=75.242798 best_discrete=38.931885 hash=False elapsed=23.0s
step   275/700 tau=0.2355 loss=0.286389 mse_soft=0.286234 ent_in=1.1546 ent_out=0.3918 rowmax_in=0.5266 rowmax_out=0.8349 discrete_mse=95.007019 best_discrete=38.931885 hash=False elapsed=25.2s
step   300/700 tau=0.2064 loss=0.282353 mse_soft=0.282207 ent_in=1.1141 ent_out=0.3433 rowmax_in=0.5349 rowmax_out=0.8517 discrete_mse=132.085953 best_discrete=38.931885 hash=False elapsed=27.5s
step   325/700 tau=0.1809 loss=0.280135 mse_soft=0.279996 ent_in=1.0724 ent_out=0.3176 rowmax_in=0.5490 rowmax_out=0.8584 discrete_mse=132.085953 best_discrete=38.931885 hash=False elapsed=29.9s
step   350/700 tau=0.1585 loss=0.276333 mse_soft=0.276199 ent_in=1.0489 ent_out=0.2957 rowmax_in=0.5578 rowmax_out=0.8638 discrete_mse=71.694084 best_discrete=38.931885 hash=False elapsed=32.4s
step   375/700 tau=0.1389 loss=0.273677 mse_soft=0.273546 ent_in=1.0272 ent_out=0.2771 rowmax_in=0.5647 rowmax_out=0.8673 discrete_mse=71.694084 best_discrete=38.931885 hash=False elapsed=34.7s
step   400/700 tau=0.1218 loss=0.273558 mse_soft=0.273430 ent_in=1.0109 ent_out=0.2657 rowmax_in=0.5682 rowmax_out=0.8674 discrete_mse=71.694084 best_discrete=38.931885 hash=False elapsed=37.1s
step   425/700 tau=0.1067 loss=0.274393 mse_soft=0.274267 ent_in=1.0001 ent_out=0.2575 rowmax_in=0.5706 rowmax_out=0.8681 discrete_mse=71.694084 best_discrete=38.931885 hash=False elapsed=39.5s
step   450/700 tau=0.0935 loss=0.271744 mse_soft=0.271620 ent_in=0.9878 ent_out=0.2534 rowmax_in=0.5728 rowmax_out=0.8697 discrete_mse=71.694084 best_discrete=38.931885 hash=False elapsed=41.7s
step   475/700 tau=0.0820 loss=0.278367 mse_soft=0.278243 ent_in=0.9830 ent_out=0.2491 rowmax_in=0.5738 rowmax_out=0.8723 discrete_mse=127.989769 best_discrete=38.931885 hash=False elapsed=44.1s
step   500/700 tau=0.0718 loss=0.281462 mse_soft=0.281340 ent_in=0.9772 ent_out=0.2439 rowmax_in=0.5773 rowmax_out=0.8740 discrete_mse=127.989769 best_discrete=38.931885 hash=False elapsed=46.5s
step   525/700 tau=0.0630 loss=0.280279 mse_soft=0.280157 ent_in=0.9791 ent_out=0.2385 rowmax_in=0.5728 rowmax_out=0.8740 discrete_mse=127.989769 best_discrete=38.931885 hash=False elapsed=48.7s
step   550/700 tau=0.0552 loss=0.282969 mse_soft=0.282848 ent_in=0.9724 ent_out=0.2353 rowmax_in=0.5750 rowmax_out=0.8753 discrete_mse=127.989769 best_discrete=38.931885 hash=False elapsed=50.9s
step   575/700 tau=0.0484 loss=0.333622 mse_soft=0.333502 ent_in=0.9658 ent_out=0.2295 rowmax_in=0.5746 rowmax_out=0.8807 discrete_mse=88.507339 best_discrete=38.931885 hash=False elapsed=53.0s
step   600/700 tau=0.0424 loss=0.285533 mse_soft=0.285423 ent_in=0.8957 ent_out=0.2125 rowmax_in=0.5936 rowmax_out=0.8889 discrete_mse=26.358789 best_discrete=26.358789 hash=False elapsed=55.3s
step   625/700 tau=0.0371 loss=0.299003 mse_soft=0.298895 ent_in=0.8626 ent_out=0.2155 rowmax_in=0.6022 rowmax_out=0.8927 discrete_mse=71.520546 best_discrete=26.358789 hash=False elapsed=57.6s
step   650/700 tau=0.0325 loss=0.287443 mse_soft=0.287336 ent_in=0.8523 ent_out=0.2231 rowmax_in=0.6017 rowmax_out=0.8779 discrete_mse=374.434082 best_discrete=26.358789 hash=False elapsed=59.6s
step   675/700 tau=0.0285 loss=0.440863 mse_soft=0.440778 ent_in=0.6619 ent_out=0.1897 rowmax_in=0.6918 rowmax_out=0.8974 discrete_mse=13.257887 best_discrete=13.257887 hash=False elapsed=61.9s
step   700/700 tau=0.0250 loss=0.312196 mse_soft=0.312110 ent_in=0.6588 ent_out=0.1971 rowmax_in=0.6836 rowmax_out=0.8926 discrete_mse=84.216911 best_discrete=13.257887 hash=False elapsed=64.2s

Final metrics:
  soft_mse_full=0.311587
  rowmax_in_mean=0.6835
  rowmax_out_mean=0.8907
  ent_in_mean=0.6572
  ent_out_mean=0.1971
  final_discrete_mse=84.216911
  hash_match=False
  best_discrete_mse_seen=13.257887
Saved results to overnight_b047_j4.json
