Using device: cuda
Train rows: 4096 / Full rows: 10000, steps=900, lr=0.03
step     1/900 tau=1.0000 loss=1.060997 mse_soft=1.058675 ent_in=3.8712 ent_out=3.8712 rowmax_in=0.0213 rowmax_out=0.0213 discrete_mse=66.275925 best_discrete=66.275925 hash=False elapsed=0.5s
step    25/900 tau=0.9106 loss=0.854499 mse_soft=0.852307 ent_in=3.6348 ent_out=3.6690 rowmax_in=0.0449 rowmax_out=0.0441 discrete_mse=1030.783325 best_discrete=66.275925 hash=False elapsed=2.8s
step    50/900 tau=0.8260 loss=0.640240 mse_soft=0.638325 ent_in=3.1483 ent_out=3.2356 rowmax_in=0.0893 rowmax_out=0.0884 discrete_mse=6904.286133 best_discrete=66.275925 hash=False elapsed=5.0s
step    75/900 tau=0.7493 loss=0.493921 mse_soft=0.492330 ent_in=2.6182 ent_out=2.6866 rowmax_in=0.2061 rowmax_out=0.1924 discrete_mse=2207.192627 best_discrete=66.275925 hash=False elapsed=7.4s
step   100/900 tau=0.6797 loss=0.392311 mse_soft=0.391128 ent_in=2.0200 ent_out=1.9235 rowmax_in=0.3532 rowmax_out=0.3997 discrete_mse=655.493103 best_discrete=66.275925 hash=False elapsed=9.8s
step   125/900 tau=0.6165 loss=0.335086 mse_soft=0.334215 ent_in=1.6744 ent_out=1.2310 rowmax_in=0.4126 rowmax_out=0.5963 discrete_mse=2947.476318 best_discrete=66.275925 hash=False elapsed=12.1s
step   150/900 tau=0.5592 loss=0.306047 mse_soft=0.305346 ent_in=1.5199 ent_out=0.8163 rowmax_in=0.4316 rowmax_out=0.7212 discrete_mse=1582.496094 best_discrete=66.275925 hash=False elapsed=14.5s
step   175/900 tau=0.5073 loss=0.291879 mse_soft=0.291277 ent_in=1.3973 ent_out=0.6080 rowmax_in=0.4533 rowmax_out=0.7855 discrete_mse=2203.033203 best_discrete=66.275925 hash=False elapsed=16.7s
step   200/900 tau=0.4602 loss=0.284028 mse_soft=0.283468 ent_in=1.3555 ent_out=0.5119 rowmax_in=0.4646 rowmax_out=0.8085 discrete_mse=2997.973145 best_discrete=66.275925 hash=False elapsed=19.1s
step   225/900 tau=0.4174 loss=0.277646 mse_soft=0.277121 ent_in=1.3070 ent_out=0.4447 rowmax_in=0.4784 rowmax_out=0.8283 discrete_mse=3702.327148 best_discrete=66.275925 hash=False elapsed=21.3s
step   250/900 tau=0.3786 loss=0.272384 mse_soft=0.271878 ent_in=1.2846 ent_out=0.4010 rowmax_in=0.4856 rowmax_out=0.8428 discrete_mse=6923.546875 best_discrete=66.275925 hash=False elapsed=23.7s
step   275/900 tau=0.3434 loss=0.272432 mse_soft=0.271941 ent_in=1.2647 ent_out=0.3719 rowmax_in=0.4879 rowmax_out=0.8522 discrete_mse=9517.324219 best_discrete=66.275925 hash=False elapsed=26.3s
step   300/900 tau=0.3115 loss=0.267853 mse_soft=0.267373 ent_in=1.2515 ent_out=0.3484 rowmax_in=0.4903 rowmax_out=0.8613 discrete_mse=7145.083008 best_discrete=66.275925 hash=False elapsed=28.7s
step   325/900 tau=0.2826 loss=0.265888 mse_soft=0.265418 ent_in=1.2417 ent_out=0.3247 rowmax_in=0.4879 rowmax_out=0.8687 discrete_mse=1204.387573 best_discrete=66.275925 hash=False elapsed=31.1s
step   350/900 tau=0.2563 loss=0.263503 mse_soft=0.263038 ent_in=1.2336 ent_out=0.3167 rowmax_in=0.4861 rowmax_out=0.8698 discrete_mse=1969.689575 best_discrete=66.275925 hash=False elapsed=33.6s
step   375/900 tau=0.2325 loss=0.266136 mse_soft=0.265676 ent_in=1.2282 ent_out=0.3065 rowmax_in=0.4861 rowmax_out=0.8717 discrete_mse=1751.241211 best_discrete=66.275925 hash=False elapsed=35.8s
step   400/900 tau=0.2109 loss=0.264306 mse_soft=0.263849 ent_in=1.2228 ent_out=0.2988 rowmax_in=0.4858 rowmax_out=0.8723 discrete_mse=1969.689575 best_discrete=66.275925 hash=False elapsed=38.0s
step   425/900 tau=0.1913 loss=0.267393 mse_soft=0.266939 ent_in=1.2211 ent_out=0.2902 rowmax_in=0.4829 rowmax_out=0.8743 discrete_mse=1969.689575 best_discrete=66.275925 hash=False elapsed=40.3s
step   450/900 tau=0.1735 loss=0.266906 mse_soft=0.266456 ent_in=1.2146 ent_out=0.2852 rowmax_in=0.4853 rowmax_out=0.8743 discrete_mse=1969.689575 best_discrete=66.275925 hash=False elapsed=42.7s
step   475/900 tau=0.1574 loss=0.264568 mse_soft=0.264117 ent_in=1.2168 ent_out=0.2845 rowmax_in=0.4814 rowmax_out=0.8743 discrete_mse=1969.689575 best_discrete=66.275925 hash=False elapsed=45.1s
step   500/900 tau=0.1428 loss=0.288158 mse_soft=0.287715 ent_in=1.1995 ent_out=0.2784 rowmax_in=0.4896 rowmax_out=0.8713 discrete_mse=9548.879883 best_discrete=66.275925 hash=False elapsed=47.6s
step   525/900 tau=0.1295 loss=0.264228 mse_soft=0.263782 ent_in=1.2150 ent_out=0.2720 rowmax_in=0.4777 rowmax_out=0.8730 discrete_mse=3816.250000 best_discrete=66.275925 hash=False elapsed=50.1s
step   550/900 tau=0.1175 loss=0.262402 mse_soft=0.261961 ent_in=1.2143 ent_out=0.2574 rowmax_in=0.4788 rowmax_out=0.8840 discrete_mse=7145.083008 best_discrete=66.275925 hash=False elapsed=52.5s
step   575/900 tau=0.1066 loss=0.263654 mse_soft=0.263215 ent_in=1.2080 ent_out=0.2548 rowmax_in=0.4808 rowmax_out=0.8840 discrete_mse=7145.083008 best_discrete=66.275925 hash=False elapsed=55.0s
step   600/900 tau=0.0967 loss=0.271327 mse_soft=0.270893 ent_in=1.2030 ent_out=0.2444 rowmax_in=0.4843 rowmax_out=0.8874 discrete_mse=6246.212402 best_discrete=66.275925 hash=False elapsed=57.3s
step   625/900 tau=0.0877 loss=0.265781 mse_soft=0.265348 ent_in=1.2025 ent_out=0.2429 rowmax_in=0.4784 rowmax_out=0.8885 discrete_mse=6246.212402 best_discrete=66.275925 hash=False elapsed=59.5s
step   650/900 tau=0.0795 loss=0.295003 mse_soft=0.294599 ent_in=1.1133 ent_out=0.2339 rowmax_in=0.5104 rowmax_out=0.8880 discrete_mse=3950.603027 best_discrete=66.275925 hash=False elapsed=61.8s
step   675/900 tau=0.0722 loss=0.319101 mse_soft=0.318716 ent_in=1.0512 ent_out=0.2334 rowmax_in=0.5233 rowmax_out=0.8774 discrete_mse=7595.352539 best_discrete=66.275925 hash=False elapsed=64.3s
step   700/900 tau=0.0655 loss=0.286900 mse_soft=0.286523 ent_in=1.0355 ent_out=0.2232 rowmax_in=0.5300 rowmax_out=0.8930 discrete_mse=10845.140625 best_discrete=66.275925 hash=False elapsed=66.5s
step   725/900 tau=0.0594 loss=0.297710 mse_soft=0.297360 ent_in=0.9439 ent_out=0.2226 rowmax_in=0.5667 rowmax_out=0.8906 discrete_mse=1148.344971 best_discrete=66.275925 hash=False elapsed=68.7s
step   750/900 tau=0.0539 loss=0.315750 mse_soft=0.315433 ent_in=0.8477 ent_out=0.2066 rowmax_in=0.6073 rowmax_out=0.8929 discrete_mse=199.109390 best_discrete=66.275925 hash=False elapsed=71.0s
step   775/900 tau=0.0489 loss=0.388721 mse_soft=0.388503 ent_in=0.6026 ent_out=0.1258 rowmax_in=0.7130 rowmax_out=0.9293 discrete_mse=45.222176 best_discrete=45.222176 hash=False elapsed=73.1s
step   800/900 tau=0.0443 loss=0.339841 mse_soft=0.339628 ent_in=0.5933 ent_out=0.1145 rowmax_in=0.7106 rowmax_out=0.9348 discrete_mse=319.470947 best_discrete=45.222176 hash=False elapsed=75.3s
step   825/900 tau=0.0402 loss=0.358130 mse_soft=0.357921 ent_in=0.5800 ent_out=0.1188 rowmax_in=0.7117 rowmax_out=0.9337 discrete_mse=202.492416 best_discrete=45.222176 hash=False elapsed=77.5s
step   850/900 tau=0.0365 loss=0.328088 mse_soft=0.327878 ent_in=0.5927 ent_out=0.1082 rowmax_in=0.7081 rowmax_out=0.9371 discrete_mse=105.508270 best_discrete=45.222176 hash=False elapsed=79.8s
step   875/900 tau=0.0331 loss=0.329116 mse_soft=0.328911 ent_in=0.5746 ent_out=0.1102 rowmax_in=0.7173 rowmax_out=0.9367 discrete_mse=152.894226 best_discrete=45.222176 hash=False elapsed=82.1s
step   900/900 tau=0.0300 loss=0.370217 mse_soft=0.370019 ent_in=0.5518 ent_out=0.1112 rowmax_in=0.7265 rowmax_out=0.9365 discrete_mse=29.248230 best_discrete=29.248230 hash=False elapsed=84.2s

Final metrics:
  soft_mse_full=0.446995
  rowmax_in_mean=0.7568
  rowmax_out_mean=0.9365
  ent_in_mean=0.5123
  ent_out_mean=0.1113
  final_discrete_mse=215.987427
  hash_match=False
  best_discrete_mse_seen=29.248230
Saved results to overnight_b063_j1.json
