Using device: cuda
Train rows: 4096 / Full rows: 10000, steps=900, lr=0.03
step     1/900 tau=1.0000 loss=1.065205 mse_soft=1.062883 ent_in=3.8712 ent_out=3.8712 rowmax_in=0.0213 rowmax_out=0.0213 discrete_mse=44.710911 best_discrete=44.710911 hash=False elapsed=0.5s
step    25/900 tau=0.9106 loss=0.862295 mse_soft=0.860105 ent_in=3.6354 ent_out=3.6655 rowmax_in=0.0456 rowmax_out=0.0446 discrete_mse=9037.671875 best_discrete=44.710911 hash=False elapsed=2.6s
step    50/900 tau=0.8260 loss=0.653304 mse_soft=0.651390 ent_in=3.1379 ent_out=3.2392 rowmax_in=0.0942 rowmax_out=0.0879 discrete_mse=2190.116699 best_discrete=44.710911 hash=False elapsed=4.7s
step    75/900 tau=0.7493 loss=0.508714 mse_soft=0.507119 ent_in=2.6256 ent_out=2.6915 rowmax_in=0.1998 rowmax_out=0.2070 discrete_mse=381.228729 best_discrete=44.710911 hash=False elapsed=6.9s
step   100/900 tau=0.6797 loss=0.398753 mse_soft=0.397573 ent_in=2.0183 ent_out=1.9145 rowmax_in=0.3564 rowmax_out=0.3880 discrete_mse=759.009155 best_discrete=44.710911 hash=False elapsed=9.0s
step   125/900 tau=0.6165 loss=0.345241 mse_soft=0.344332 ent_in=1.6448 ent_out=1.3844 rowmax_in=0.4431 rowmax_out=0.5316 discrete_mse=1171.565918 best_discrete=44.710911 hash=False elapsed=11.3s
step   150/900 tau=0.5592 loss=0.316355 mse_soft=0.315600 ent_in=1.4781 ent_out=1.0377 rowmax_in=0.4792 rowmax_out=0.6354 discrete_mse=497.327698 best_discrete=44.710911 hash=False elapsed=13.6s
step   175/900 tau=0.5073 loss=0.301331 mse_soft=0.300675 ent_in=1.3623 ent_out=0.8216 rowmax_in=0.4953 rowmax_out=0.6861 discrete_mse=390.832764 best_discrete=44.710911 hash=False elapsed=15.8s
step   200/900 tau=0.4602 loss=0.292023 mse_soft=0.291427 ent_in=1.2813 ent_out=0.7060 rowmax_in=0.5119 rowmax_out=0.7116 discrete_mse=1270.463257 best_discrete=44.710911 hash=False elapsed=18.1s
step   225/900 tau=0.4174 loss=0.286225 mse_soft=0.285665 ent_in=1.2355 ent_out=0.6327 rowmax_in=0.5223 rowmax_out=0.7279 discrete_mse=1944.529541 best_discrete=44.710911 hash=False elapsed=20.4s
step   250/900 tau=0.3786 loss=0.280948 mse_soft=0.280419 ent_in=1.1955 ent_out=0.5692 rowmax_in=0.5300 rowmax_out=0.7526 discrete_mse=819.227783 best_discrete=44.710911 hash=False elapsed=22.6s
step   275/900 tau=0.3434 loss=0.279025 mse_soft=0.278516 ent_in=1.1739 ent_out=0.5223 rowmax_in=0.5303 rowmax_out=0.7722 discrete_mse=819.227783 best_discrete=44.710911 hash=False elapsed=24.8s
step   300/900 tau=0.3115 loss=0.279873 mse_soft=0.279376 ent_in=1.1544 ent_out=0.5006 rowmax_in=0.5323 rowmax_out=0.7776 discrete_mse=1258.298950 best_discrete=44.710911 hash=False elapsed=27.1s
step   325/900 tau=0.2826 loss=0.275449 mse_soft=0.274961 ent_in=1.1408 ent_out=0.4854 rowmax_in=0.5355 rowmax_out=0.7825 discrete_mse=1258.298950 best_discrete=44.710911 hash=False elapsed=29.3s
step   350/900 tau=0.2563 loss=0.275236 mse_soft=0.274757 ent_in=1.1243 ent_out=0.4724 rowmax_in=0.5409 rowmax_out=0.7848 discrete_mse=819.227783 best_discrete=44.710911 hash=False elapsed=31.6s
step   375/900 tau=0.2325 loss=0.275051 mse_soft=0.274580 ent_in=1.1125 ent_out=0.4572 rowmax_in=0.5423 rowmax_out=0.7881 discrete_mse=819.227783 best_discrete=44.710911 hash=False elapsed=33.8s
step   400/900 tau=0.2109 loss=0.274153 mse_soft=0.273689 ent_in=1.1026 ent_out=0.4440 rowmax_in=0.5467 rowmax_out=0.7951 discrete_mse=819.227783 best_discrete=44.710911 hash=False elapsed=35.7s
step   425/900 tau=0.1913 loss=0.275179 mse_soft=0.274721 ent_in=1.0909 ent_out=0.4353 rowmax_in=0.5487 rowmax_out=0.7973 discrete_mse=819.227783 best_discrete=44.710911 hash=False elapsed=37.8s
step   450/900 tau=0.1735 loss=0.283299 mse_soft=0.282846 ent_in=1.0881 ent_out=0.4235 rowmax_in=0.5466 rowmax_out=0.8045 discrete_mse=99.862007 best_discrete=44.710911 hash=False elapsed=40.0s
step   475/900 tau=0.1574 loss=0.274105 mse_soft=0.273660 ent_in=1.0728 ent_out=0.4097 rowmax_in=0.5521 rowmax_out=0.8073 discrete_mse=1147.762207 best_discrete=44.710911 hash=False elapsed=42.2s
step   500/900 tau=0.1428 loss=0.271171 mse_soft=0.270732 ent_in=1.0624 ent_out=0.4023 rowmax_in=0.5517 rowmax_out=0.8105 discrete_mse=740.922363 best_discrete=44.710911 hash=False elapsed=44.5s
step   525/900 tau=0.1295 loss=0.273829 mse_soft=0.273395 ent_in=1.0548 ent_out=0.3929 rowmax_in=0.5522 rowmax_out=0.8163 discrete_mse=162.541443 best_discrete=44.710911 hash=False elapsed=46.7s
step   550/900 tau=0.1175 loss=0.308949 mse_soft=0.308520 ent_in=1.0449 ent_out=0.3832 rowmax_in=0.5567 rowmax_out=0.8199 discrete_mse=257.363068 best_discrete=44.710911 hash=False elapsed=49.0s
step   575/900 tau=0.1066 loss=0.274750 mse_soft=0.274333 ent_in=1.0210 ent_out=0.3673 rowmax_in=0.5597 rowmax_out=0.8257 discrete_mse=156.628418 best_discrete=44.710911 hash=False elapsed=51.3s
step   600/900 tau=0.0967 loss=0.288258 mse_soft=0.287841 ent_in=1.0235 ent_out=0.3650 rowmax_in=0.5544 rowmax_out=0.8346 discrete_mse=90.758957 best_discrete=44.710911 hash=False elapsed=53.7s
step   625/900 tau=0.0877 loss=0.278730 mse_soft=0.278323 ent_in=1.0101 ent_out=0.3450 rowmax_in=0.5632 rowmax_out=0.8386 discrete_mse=130.171539 best_discrete=44.710911 hash=False elapsed=55.9s
step   650/900 tau=0.0795 loss=0.286144 mse_soft=0.285739 ent_in=1.0038 ent_out=0.3464 rowmax_in=0.5629 rowmax_out=0.8357 discrete_mse=126.820847 best_discrete=44.710911 hash=False elapsed=58.3s
step   675/900 tau=0.0722 loss=0.401791 mse_soft=0.401475 ent_in=0.7930 ent_out=0.2611 rowmax_in=0.6305 rowmax_out=0.8808 discrete_mse=45.332001 best_discrete=44.710911 hash=False elapsed=60.6s
step   700/900 tau=0.0655 loss=0.330020 mse_soft=0.329713 ent_in=0.7738 ent_out=0.2495 rowmax_in=0.6145 rowmax_out=0.8778 discrete_mse=167.582428 best_discrete=44.710911 hash=False elapsed=62.7s
step   725/900 tau=0.0594 loss=0.315118 mse_soft=0.314821 ent_in=0.7438 ent_out=0.2444 rowmax_in=0.6393 rowmax_out=0.8775 discrete_mse=31.769199 best_discrete=31.769199 hash=False elapsed=65.0s
step   750/900 tau=0.0539 loss=0.305848 mse_soft=0.305553 ent_in=0.7424 ent_out=0.2429 rowmax_in=0.6379 rowmax_out=0.8787 discrete_mse=55.795425 best_discrete=31.769199 hash=False elapsed=67.3s
step   775/900 tau=0.0489 loss=0.304937 mse_soft=0.304642 ent_in=0.7466 ent_out=0.2365 rowmax_in=0.6329 rowmax_out=0.8823 discrete_mse=1.220153 best_discrete=1.220153 hash=False elapsed=69.8s
step   800/900 tau=0.0443 loss=0.313348 mse_soft=0.313058 ent_in=0.7348 ent_out=0.2293 rowmax_in=0.6429 rowmax_out=0.8848 discrete_mse=169.435669 best_discrete=1.220153 hash=False elapsed=72.1s
step   825/900 tau=0.0402 loss=0.592949 mse_soft=0.592764 ent_in=0.4436 ent_out=0.1714 rowmax_in=0.7889 rowmax_out=0.9117 discrete_mse=6.016142 best_discrete=1.220153 hash=False elapsed=74.3s
step   850/900 tau=0.0365 loss=0.439414 mse_soft=0.439221 ent_in=0.4591 ent_out=0.1816 rowmax_in=0.7577 rowmax_out=0.9038 discrete_mse=10.689328 best_discrete=1.220153 hash=False elapsed=76.4s
step   875/900 tau=0.0331 loss=0.420074 mse_soft=0.419901 ent_in=0.3889 ent_out=0.1899 rowmax_in=0.8053 rowmax_out=0.9023 discrete_mse=22.684805 best_discrete=1.220153 hash=False elapsed=78.6s
step   900/900 tau=0.0300 loss=0.402809 mse_soft=0.402638 ent_in=0.3803 ent_out=0.1887 rowmax_in=0.7846 rowmax_out=0.8954 discrete_mse=1.103436 best_discrete=1.103436 hash=False elapsed=80.6s

Final metrics:
  soft_mse_full=0.434739
  rowmax_in_mean=0.7784
  rowmax_out_mean=0.8985
  ent_in_mean=0.3831
  ent_out_mean=0.1849
  final_discrete_mse=29.345215
  hash_match=False
  best_discrete_mse_seen=1.103436
Saved results to overnight_b081_j1.json
