Using device: cuda
Train rows: 4096 / Full rows: 10000, steps=900, lr=0.03
step     1/900 tau=1.0000 loss=1.048683 mse_soft=1.046360 ent_in=3.8712 ent_out=3.8712 rowmax_in=0.0213 rowmax_out=0.0213 discrete_mse=55.516098 best_discrete=55.516098 hash=False elapsed=0.5s
step    25/900 tau=0.9090 loss=0.854157 mse_soft=0.851967 ent_in=3.6340 ent_out=3.6648 rowmax_in=0.0453 rowmax_out=0.0437 discrete_mse=2038.487915 best_discrete=55.516098 hash=False elapsed=2.4s
step    50/900 tau=0.8229 loss=0.650007 mse_soft=0.648100 ent_in=3.1345 ent_out=3.2237 rowmax_in=0.0926 rowmax_out=0.0895 discrete_mse=1137.409546 best_discrete=55.516098 hash=False elapsed=4.4s
step    75/900 tau=0.7450 loss=0.508127 mse_soft=0.506549 ent_in=2.6164 ent_out=2.6437 rowmax_in=0.1965 rowmax_out=0.2076 discrete_mse=114.552849 best_discrete=55.516098 hash=False elapsed=6.4s
step   100/900 tau=0.6745 loss=0.408550 mse_soft=0.407369 ent_in=2.0670 ent_out=1.8692 rowmax_in=0.3256 rowmax_out=0.4040 discrete_mse=897.966797 best_discrete=55.516098 hash=False elapsed=8.4s
step   125/900 tau=0.6107 loss=0.351505 mse_soft=0.350656 ent_in=1.7244 ent_out=1.1067 rowmax_in=0.3920 rowmax_out=0.6448 discrete_mse=676.201904 best_discrete=55.516098 hash=False elapsed=10.4s
step   150/900 tau=0.5529 loss=0.322715 mse_soft=0.322047 ent_in=1.5134 ent_out=0.7142 rowmax_in=0.4269 rowmax_out=0.7537 discrete_mse=673.244995 best_discrete=55.516098 hash=False elapsed=12.6s
step   175/900 tau=0.5006 loss=0.304930 mse_soft=0.304380 ent_in=1.4003 ent_out=0.4326 rowmax_in=0.4516 rowmax_out=0.8568 discrete_mse=1451.470581 best_discrete=55.516098 hash=False elapsed=14.5s
step   200/900 tau=0.4532 loss=0.295569 mse_soft=0.295081 ent_in=1.3275 ent_out=0.2991 rowmax_in=0.4631 rowmax_out=0.8959 discrete_mse=248.926895 best_discrete=55.516098 hash=False elapsed=16.4s
step   225/900 tau=0.4103 loss=0.290843 mse_soft=0.290389 ent_in=1.2661 ent_out=0.2467 rowmax_in=0.4758 rowmax_out=0.9046 discrete_mse=239.673294 best_discrete=55.516098 hash=False elapsed=18.4s
step   250/900 tau=0.3715 loss=0.288196 mse_soft=0.287753 ent_in=1.2431 ent_out=0.2336 rowmax_in=0.4723 rowmax_out=0.9045 discrete_mse=503.210602 best_discrete=55.516098 hash=False elapsed=20.7s
step   275/900 tau=0.3363 loss=0.286731 mse_soft=0.286294 ent_in=1.2250 ent_out=0.2309 rowmax_in=0.4739 rowmax_out=0.9032 discrete_mse=470.950287 best_discrete=55.516098 hash=False elapsed=22.8s
step   300/900 tau=0.3045 loss=0.286782 mse_soft=0.286346 ent_in=1.2127 ent_out=0.2376 rowmax_in=0.4768 rowmax_out=0.8984 discrete_mse=503.210602 best_discrete=55.516098 hash=False elapsed=25.0s
step   325/900 tau=0.2756 loss=0.284445 mse_soft=0.284015 ent_in=1.1998 ent_out=0.2346 rowmax_in=0.4770 rowmax_out=0.8975 discrete_mse=723.563049 best_discrete=55.516098 hash=False elapsed=27.1s
step   350/900 tau=0.2496 loss=0.284605 mse_soft=0.284179 ent_in=1.1911 ent_out=0.2286 rowmax_in=0.4779 rowmax_out=0.8982 discrete_mse=1009.058899 best_discrete=55.516098 hash=False elapsed=29.2s
step   375/900 tau=0.2259 loss=0.284319 mse_soft=0.283896 ent_in=1.1851 ent_out=0.2260 rowmax_in=0.4808 rowmax_out=0.8980 discrete_mse=723.563049 best_discrete=55.516098 hash=False elapsed=31.2s
step   400/900 tau=0.2046 loss=0.283445 mse_soft=0.283022 ent_in=1.1810 ent_out=0.2275 rowmax_in=0.4821 rowmax_out=0.8967 discrete_mse=1112.519165 best_discrete=55.516098 hash=False elapsed=33.4s
step   425/900 tau=0.1852 loss=0.287800 mse_soft=0.287378 ent_in=1.1800 ent_out=0.2269 rowmax_in=0.4787 rowmax_out=0.8968 discrete_mse=791.563354 best_discrete=55.516098 hash=False elapsed=35.5s
step   450/900 tau=0.1677 loss=0.282756 mse_soft=0.282335 ent_in=1.1771 ent_out=0.2259 rowmax_in=0.4806 rowmax_out=0.8972 discrete_mse=1204.918213 best_discrete=55.516098 hash=False elapsed=37.8s
step   475/900 tau=0.1518 loss=0.289478 mse_soft=0.289056 ent_in=1.1775 ent_out=0.2276 rowmax_in=0.4795 rowmax_out=0.8968 discrete_mse=496.707336 best_discrete=55.516098 hash=False elapsed=39.9s
step   500/900 tau=0.1374 loss=0.287502 mse_soft=0.287082 ent_in=1.1758 ent_out=0.2268 rowmax_in=0.4822 rowmax_out=0.8972 discrete_mse=553.264160 best_discrete=55.516098 hash=False elapsed=41.9s
step   525/900 tau=0.1244 loss=0.281880 mse_soft=0.281461 ent_in=1.1714 ent_out=0.2260 rowmax_in=0.4807 rowmax_out=0.8968 discrete_mse=542.302856 best_discrete=55.516098 hash=False elapsed=44.2s
step   550/900 tau=0.1126 loss=0.284079 mse_soft=0.283662 ent_in=1.1645 ent_out=0.2252 rowmax_in=0.4840 rowmax_out=0.8971 discrete_mse=508.326477 best_discrete=55.516098 hash=False elapsed=46.2s
step   575/900 tau=0.1020 loss=0.287963 mse_soft=0.287546 ent_in=1.1683 ent_out=0.2216 rowmax_in=0.4800 rowmax_out=0.8990 discrete_mse=488.035339 best_discrete=55.516098 hash=False elapsed=48.2s
step   600/900 tau=0.0923 loss=0.285579 mse_soft=0.285165 ent_in=1.1655 ent_out=0.2153 rowmax_in=0.4820 rowmax_out=0.9009 discrete_mse=560.117493 best_discrete=55.516098 hash=False elapsed=50.3s
step   625/900 tau=0.0836 loss=0.304358 mse_soft=0.303946 ent_in=1.1619 ent_out=0.2113 rowmax_in=0.4814 rowmax_out=0.9020 discrete_mse=560.117493 best_discrete=55.516098 hash=False elapsed=52.3s
step   650/900 tau=0.0757 loss=0.312827 mse_soft=0.312423 ent_in=1.1379 ent_out=0.2112 rowmax_in=0.4888 rowmax_out=0.9000 discrete_mse=286.451324 best_discrete=55.516098 hash=False elapsed=54.2s
step   675/900 tau=0.0685 loss=0.337559 mse_soft=0.337191 ent_in=1.0357 ent_out=0.1890 rowmax_in=0.5508 rowmax_out=0.9107 discrete_mse=106.589470 best_discrete=55.516098 hash=False elapsed=56.0s
step   700/900 tau=0.0620 loss=0.299301 mse_soft=0.298934 ent_in=1.0374 ent_out=0.1871 rowmax_in=0.5155 rowmax_out=0.9074 discrete_mse=590.573364 best_discrete=55.516098 hash=False elapsed=58.0s
step   725/900 tau=0.0562 loss=0.303390 mse_soft=0.303049 ent_in=0.9510 ent_out=0.1850 rowmax_in=0.5671 rowmax_out=0.9112 discrete_mse=408.319733 best_discrete=55.516098 hash=False elapsed=60.1s
step   750/900 tau=0.0508 loss=0.297041 mse_soft=0.296698 ent_in=0.9682 ent_out=0.1755 rowmax_in=0.5512 rowmax_out=0.9199 discrete_mse=162.807907 best_discrete=55.516098 hash=False elapsed=62.2s
step   775/900 tau=0.0460 loss=0.299568 mse_soft=0.299230 ent_in=0.9590 ent_out=0.1665 rowmax_in=0.5558 rowmax_out=0.9240 discrete_mse=135.275024 best_discrete=55.516098 hash=False elapsed=64.3s
step   800/900 tau=0.0417 loss=0.461063 mse_soft=0.460810 ent_in=0.6966 ent_out=0.1450 rowmax_in=0.6906 rowmax_out=0.9321 discrete_mse=44.470703 best_discrete=44.470703 hash=False elapsed=66.3s
step   825/900 tau=0.0377 loss=0.482131 mse_soft=0.481977 ent_in=0.3654 ent_out=0.1460 rowmax_in=0.8216 rowmax_out=0.9291 discrete_mse=81.139359 best_discrete=44.470703 hash=False elapsed=68.3s
step   850/900 tau=0.0342 loss=0.415816 mse_soft=0.415667 ent_in=0.3240 ent_out=0.1751 rowmax_in=0.8375 rowmax_out=0.9045 discrete_mse=28.920805 best_discrete=28.920805 hash=False elapsed=70.2s
step   875/900 tau=0.0309 loss=0.416326 mse_soft=0.416180 ent_in=0.3502 ent_out=0.1362 rowmax_in=0.8220 rowmax_out=0.9230 discrete_mse=48.027645 best_discrete=28.920805 hash=False elapsed=72.1s
step   900/900 tau=0.0280 loss=0.403524 mse_soft=0.403375 ent_in=0.3582 ent_out=0.1390 rowmax_in=0.8124 rowmax_out=0.9237 discrete_mse=174.622147 best_discrete=28.920805 hash=False elapsed=73.9s

Final metrics:
  soft_mse_full=0.411566
  rowmax_in_mean=0.8142
  rowmax_out_mean=0.9235
  ent_in_mean=0.3564
  ent_out_mean=0.1393
  final_discrete_mse=174.622147
  hash_match=False
  best_discrete_mse_seen=28.920805
Saved results to overnight_b207_j2.json
