Using device: cuda
Train rows: 10000 / Full rows: 10000, steps=700, lr=0.015
step     1/700 tau=1.0000 loss=1.064216 mse_soft=1.063442 ent_in=3.8712 ent_out=3.8711 rowmax_in=0.0213 rowmax_out=0.0213 discrete_mse=48.047066 best_discrete=48.047066 hash=False elapsed=0.5s
step    25/700 tau=0.8810 loss=0.972084 mse_soft=0.971324 ent_in=3.7934 ent_out=3.8053 rowmax_in=0.0332 rowmax_out=0.0324 discrete_mse=346.680420 best_discrete=48.047066 hash=False elapsed=3.0s
step    50/700 tau=0.7721 loss=0.787018 mse_soft=0.786310 ent_in=3.5166 ent_out=3.5654 rowmax_in=0.0568 rowmax_out=0.0543 discrete_mse=3155.195557 best_discrete=48.047066 hash=False elapsed=5.5s
step    75/700 tau=0.6767 loss=0.644998 mse_soft=0.644362 ent_in=3.1331 ent_out=3.2298 rowmax_in=0.0954 rowmax_out=0.0911 discrete_mse=10275.467773 best_discrete=48.047066 hash=False elapsed=7.7s
step   100/700 tau=0.5931 loss=0.533430 mse_soft=0.532875 ent_in=2.7251 ent_out=2.8267 rowmax_in=0.1808 rowmax_out=0.1699 discrete_mse=1031.888794 best_discrete=48.047066 hash=False elapsed=10.2s
step   125/700 tau=0.5198 loss=0.429588 mse_soft=0.429152 ent_in=2.1930 ent_out=2.1628 rowmax_in=0.3105 rowmax_out=0.3289 discrete_mse=948.220398 best_discrete=48.047066 hash=False elapsed=12.7s
step   150/700 tau=0.4555 loss=0.360151 mse_soft=0.359828 ent_in=1.7547 ent_out=1.4764 rowmax_in=0.4082 rowmax_out=0.5178 discrete_mse=635.854797 best_discrete=48.047066 hash=False elapsed=15.0s
step   175/700 tau=0.3992 loss=0.320825 mse_soft=0.320588 ent_in=1.4591 ent_out=0.9106 rowmax_in=0.4774 rowmax_out=0.6749 discrete_mse=276.551300 best_discrete=48.047066 hash=False elapsed=17.3s
step   200/700 tau=0.3499 loss=0.299040 mse_soft=0.298849 ent_in=1.3000 ent_out=0.6109 rowmax_in=0.5161 rowmax_out=0.7531 discrete_mse=244.526993 best_discrete=48.047066 hash=False elapsed=19.5s
step   225/700 tau=0.3066 loss=0.289304 mse_soft=0.289134 ent_in=1.2106 ent_out=0.4852 rowmax_in=0.5336 rowmax_out=0.7927 discrete_mse=723.700989 best_discrete=48.047066 hash=False elapsed=21.8s
step   250/700 tau=0.2687 loss=0.283141 mse_soft=0.282981 ent_in=1.1548 ent_out=0.4480 rowmax_in=0.5498 rowmax_out=0.8010 discrete_mse=1156.910522 best_discrete=48.047066 hash=False elapsed=24.4s
step   275/700 tau=0.2355 loss=0.278641 mse_soft=0.278486 ent_in=1.1177 ent_out=0.4369 rowmax_in=0.5544 rowmax_out=0.7938 discrete_mse=539.527161 best_discrete=48.047066 hash=False elapsed=26.8s
step   300/700 tau=0.2064 loss=0.277558 mse_soft=0.277405 ent_in=1.0980 ent_out=0.4282 rowmax_in=0.5525 rowmax_out=0.7914 discrete_mse=539.527161 best_discrete=48.047066 hash=False elapsed=29.2s
step   325/700 tau=0.1809 loss=0.275678 mse_soft=0.275528 ent_in=1.0826 ent_out=0.4166 rowmax_in=0.5559 rowmax_out=0.7949 discrete_mse=539.527161 best_discrete=48.047066 hash=False elapsed=31.5s
step   350/700 tau=0.1585 loss=0.277617 mse_soft=0.277469 ent_in=1.0722 ent_out=0.4053 rowmax_in=0.5586 rowmax_out=0.7985 discrete_mse=539.527161 best_discrete=48.047066 hash=False elapsed=33.8s
step   375/700 tau=0.1389 loss=0.274646 mse_soft=0.274500 ent_in=1.0601 ent_out=0.3966 rowmax_in=0.5617 rowmax_out=0.8030 discrete_mse=539.527161 best_discrete=48.047066 hash=False elapsed=36.2s
step   400/700 tau=0.1218 loss=0.273883 mse_soft=0.273738 ent_in=1.0542 ent_out=0.3872 rowmax_in=0.5642 rowmax_out=0.8091 discrete_mse=539.527161 best_discrete=48.047066 hash=False elapsed=38.7s
step   425/700 tau=0.1067 loss=0.275665 mse_soft=0.275522 ent_in=1.0502 ent_out=0.3763 rowmax_in=0.5633 rowmax_out=0.8160 discrete_mse=539.527161 best_discrete=48.047066 hash=False elapsed=41.1s
step   450/700 tau=0.0935 loss=0.276865 mse_soft=0.276725 ent_in=1.0354 ent_out=0.3682 rowmax_in=0.5680 rowmax_out=0.8185 discrete_mse=447.126190 best_discrete=48.047066 hash=False elapsed=43.4s
step   475/700 tau=0.0820 loss=0.273906 mse_soft=0.273767 ent_in=1.0309 ent_out=0.3608 rowmax_in=0.5654 rowmax_out=0.8229 discrete_mse=447.126190 best_discrete=48.047066 hash=False elapsed=45.6s
step   500/700 tau=0.0718 loss=0.279649 mse_soft=0.279511 ent_in=1.0202 ent_out=0.3533 rowmax_in=0.5698 rowmax_out=0.8239 discrete_mse=447.126190 best_discrete=48.047066 hash=False elapsed=48.1s
step   525/700 tau=0.0630 loss=0.276183 mse_soft=0.276046 ent_in=1.0198 ent_out=0.3499 rowmax_in=0.5675 rowmax_out=0.8261 discrete_mse=447.126190 best_discrete=48.047066 hash=False elapsed=50.3s
step   550/700 tau=0.0552 loss=0.280384 mse_soft=0.280247 ent_in=1.0199 ent_out=0.3454 rowmax_in=0.5644 rowmax_out=0.8265 discrete_mse=539.527161 best_discrete=48.047066 hash=False elapsed=52.4s
step   575/700 tau=0.0484 loss=0.325728 mse_soft=0.325593 ent_in=1.0107 ent_out=0.3429 rowmax_in=0.5672 rowmax_out=0.8277 discrete_mse=229.539764 best_discrete=48.047066 hash=False elapsed=54.7s
step   600/700 tau=0.0424 loss=0.292217 mse_soft=0.292084 ent_in=0.9938 ent_out=0.3402 rowmax_in=0.5735 rowmax_out=0.8233 discrete_mse=474.196777 best_discrete=48.047066 hash=False elapsed=57.1s
step   625/700 tau=0.0371 loss=0.308290 mse_soft=0.308161 ent_in=0.9587 ent_out=0.3248 rowmax_in=0.5876 rowmax_out=0.8325 discrete_mse=205.696259 best_discrete=48.047066 hash=False elapsed=59.5s
step   650/700 tau=0.0325 loss=0.325811 mse_soft=0.325689 ent_in=0.9162 ent_out=0.3122 rowmax_in=0.5980 rowmax_out=0.8407 discrete_mse=23.179033 best_discrete=23.179033 hash=False elapsed=61.8s
step   675/700 tau=0.0285 loss=0.297542 mse_soft=0.297423 ent_in=0.8820 ent_out=0.3087 rowmax_in=0.6002 rowmax_out=0.8378 discrete_mse=81.741501 best_discrete=23.179033 hash=False elapsed=64.0s
step   700/700 tau=0.0250 loss=0.292546 mse_soft=0.292433 ent_in=0.8424 ent_out=0.2888 rowmax_in=0.6138 rowmax_out=0.8608 discrete_mse=85.274673 best_discrete=23.179033 hash=False elapsed=66.3s

Final metrics:
  soft_mse_full=0.315825
  rowmax_in_mean=0.6157
  rowmax_out_mean=0.8572
  ent_in_mean=0.8394
  ent_out_mean=0.2922
  final_discrete_mse=142.253891
  hash_match=False
  best_discrete_mse_seen=23.179033
Saved results to overnight_b133_j4.json
