Using device: cuda
Train rows: 10000 / Full rows: 10000, steps=700, lr=0.02
step     1/700 tau=1.0000 loss=1.065842 mse_soft=1.063519 ent_in=3.8711 ent_out=3.8712 rowmax_in=0.0213 rowmax_out=0.0213 discrete_mse=17.772308 best_discrete=17.772308 hash=False elapsed=0.5s
step    25/700 tau=0.8866 loss=0.935465 mse_soft=0.933214 ent_in=3.7427 ent_out=3.7632 rowmax_in=0.0373 rowmax_out=0.0362 discrete_mse=1760.279907 best_discrete=17.772308 hash=False elapsed=2.4s
step    50/700 tau=0.7821 loss=0.712937 mse_soft=0.710901 ent_in=3.3630 ent_out=3.4251 rowmax_in=0.0695 rowmax_out=0.0674 discrete_mse=10828.059570 best_discrete=17.772308 hash=False elapsed=4.5s
step    75/700 tau=0.6899 loss=0.587871 mse_soft=0.586070 ent_in=2.9481 ent_out=3.0564 rowmax_in=0.1295 rowmax_out=0.1222 discrete_mse=1896.466797 best_discrete=17.772308 hash=False elapsed=6.5s
step   100/700 tau=0.6086 loss=0.473752 mse_soft=0.472297 ent_in=2.4217 ent_out=2.4290 rowmax_in=0.2421 rowmax_out=0.2645 discrete_mse=916.413696 best_discrete=17.772308 hash=False elapsed=8.5s
step   125/700 tau=0.5368 loss=0.378945 mse_soft=0.377884 ent_in=1.8095 ent_out=1.7268 rowmax_in=0.3924 rowmax_out=0.4655 discrete_mse=1471.804199 best_discrete=17.772308 hash=False elapsed=10.5s
step   150/700 tau=0.4736 loss=0.337507 mse_soft=0.336717 ent_in=1.4759 ent_out=1.1586 rowmax_in=0.4450 rowmax_out=0.6145 discrete_mse=562.950867 best_discrete=17.772308 hash=False elapsed=12.4s
step   175/700 tau=0.4177 loss=0.317926 mse_soft=0.317274 ent_in=1.3526 ent_out=0.8214 rowmax_in=0.4709 rowmax_out=0.7107 discrete_mse=520.160767 best_discrete=17.772308 hash=False elapsed=14.4s
step   200/700 tau=0.3685 loss=0.304460 mse_soft=0.303899 ent_in=1.2555 ent_out=0.6154 rowmax_in=0.4961 rowmax_out=0.7596 discrete_mse=786.083862 best_discrete=17.772308 hash=False elapsed=16.4s
step   225/700 tau=0.3251 loss=0.296831 mse_soft=0.296324 ent_in=1.1760 ent_out=0.5127 rowmax_in=0.5137 rowmax_out=0.7859 discrete_mse=410.357880 best_discrete=17.772308 hash=False elapsed=18.4s
step   250/700 tau=0.2868 loss=0.291723 mse_soft=0.291246 ent_in=1.1319 ent_out=0.4581 rowmax_in=0.5207 rowmax_out=0.7987 discrete_mse=160.785828 best_discrete=17.772308 hash=False elapsed=20.4s
step   275/700 tau=0.2530 loss=0.288750 mse_soft=0.288290 ent_in=1.1093 ent_out=0.4249 rowmax_in=0.5257 rowmax_out=0.8086 discrete_mse=215.032440 best_discrete=17.772308 hash=False elapsed=22.5s
step   300/700 tau=0.2231 loss=0.285443 mse_soft=0.284996 ent_in=1.0904 ent_out=0.3987 rowmax_in=0.5306 rowmax_out=0.8206 discrete_mse=348.593781 best_discrete=17.772308 hash=False elapsed=24.6s
step   325/700 tau=0.1968 loss=0.285120 mse_soft=0.284686 ent_in=1.0724 ent_out=0.3753 rowmax_in=0.5360 rowmax_out=0.8291 discrete_mse=502.757599 best_discrete=17.772308 hash=False elapsed=26.6s
step   350/700 tau=0.1736 loss=0.285256 mse_soft=0.284828 ent_in=1.0619 ent_out=0.3657 rowmax_in=0.5370 rowmax_out=0.8310 discrete_mse=502.757599 best_discrete=17.772308 hash=False elapsed=28.7s
step   375/700 tau=0.1532 loss=0.284451 mse_soft=0.284025 ent_in=1.0585 ent_out=0.3614 rowmax_in=0.5371 rowmax_out=0.8312 discrete_mse=502.757599 best_discrete=17.772308 hash=False elapsed=30.8s
step   400/700 tau=0.1351 loss=0.282909 mse_soft=0.282486 ent_in=1.0562 ent_out=0.3561 rowmax_in=0.5359 rowmax_out=0.8324 discrete_mse=285.601288 best_discrete=17.772308 hash=False elapsed=33.1s
step   425/700 tau=0.1192 loss=0.284702 mse_soft=0.284279 ent_in=1.0548 ent_out=0.3552 rowmax_in=0.5347 rowmax_out=0.8308 discrete_mse=285.601288 best_discrete=17.772308 hash=False elapsed=35.4s
step   450/700 tau=0.1051 loss=0.284377 mse_soft=0.283953 ent_in=1.0542 ent_out=0.3595 rowmax_in=0.5351 rowmax_out=0.8281 discrete_mse=285.601288 best_discrete=17.772308 hash=False elapsed=37.6s
step   475/700 tau=0.0928 loss=0.287941 mse_soft=0.287520 ent_in=1.0466 ent_out=0.3575 rowmax_in=0.5388 rowmax_out=0.8299 discrete_mse=285.601288 best_discrete=17.772308 hash=False elapsed=40.0s
step   500/700 tau=0.0818 loss=0.286625 mse_soft=0.286203 ent_in=1.0476 ent_out=0.3574 rowmax_in=0.5362 rowmax_out=0.8281 discrete_mse=174.214645 best_discrete=17.772308 hash=False elapsed=42.2s
step   525/700 tau=0.0722 loss=0.290563 mse_soft=0.290141 ent_in=1.0469 ent_out=0.3581 rowmax_in=0.5292 rowmax_out=0.8243 discrete_mse=131.032944 best_discrete=17.772308 hash=False elapsed=44.5s
step   550/700 tau=0.0637 loss=0.290971 mse_soft=0.290550 ent_in=1.0363 ent_out=0.3657 rowmax_in=0.5310 rowmax_out=0.8178 discrete_mse=131.032944 best_discrete=17.772308 hash=False elapsed=46.9s
step   575/700 tau=0.0562 loss=0.291928 mse_soft=0.291519 ent_in=1.0024 ent_out=0.3633 rowmax_in=0.5497 rowmax_out=0.8216 discrete_mse=174.214645 best_discrete=17.772308 hash=False elapsed=49.2s
step   600/700 tau=0.0495 loss=0.306637 mse_soft=0.306232 ent_in=1.0067 ent_out=0.3449 rowmax_in=0.5539 rowmax_out=0.8314 discrete_mse=166.752533 best_discrete=17.772308 hash=False elapsed=51.4s
step   625/700 tau=0.0437 loss=0.379936 mse_soft=0.379546 ent_in=0.9510 ent_out=0.3495 rowmax_in=0.5704 rowmax_out=0.8254 discrete_mse=257.927704 best_discrete=17.772308 hash=False elapsed=53.8s
step   650/700 tau=0.0386 loss=0.443564 mse_soft=0.443232 ent_in=0.8115 ent_out=0.2957 rowmax_in=0.6257 rowmax_out=0.8440 discrete_mse=106.807526 best_discrete=17.772308 hash=False elapsed=56.1s
step   675/700 tau=0.0340 loss=0.352608 mse_soft=0.352324 ent_in=0.6718 ent_out=0.2775 rowmax_in=0.6719 rowmax_out=0.8468 discrete_mse=167.252914 best_discrete=17.772308 hash=False elapsed=58.2s
step   700/700 tau=0.0300 loss=0.324850 mse_soft=0.324568 ent_in=0.6735 ent_out=0.2653 rowmax_in=0.6610 rowmax_out=0.8541 discrete_mse=0.940174 best_discrete=0.940174 hash=False elapsed=60.4s

Final metrics:
  soft_mse_full=0.325999
  rowmax_in_mean=0.6629
  rowmax_out_mean=0.8543
  ent_in_mean=0.6748
  ent_out_mean=0.2645
  final_discrete_mse=63.817818
  hash_match=False
  best_discrete_mse_seen=0.940174
Saved results to overnight_b027_j3.json
