Using device: cuda
Train rows: 10000 / Full rows: 10000, steps=700, lr=0.015
step     1/700 tau=1.0000 loss=1.064171 mse_soft=1.063397 ent_in=3.8712 ent_out=3.8712 rowmax_in=0.0213 rowmax_out=0.0213 discrete_mse=227.065674 best_discrete=227.065674 hash=False elapsed=0.5s
step    25/700 tau=0.8810 loss=0.971925 mse_soft=0.971165 ent_in=3.7929 ent_out=3.8053 rowmax_in=0.0329 rowmax_out=0.0324 discrete_mse=2310.003906 best_discrete=227.065674 hash=False elapsed=2.8s
step    50/700 tau=0.7721 loss=0.786637 mse_soft=0.785929 ent_in=3.5147 ent_out=3.5655 rowmax_in=0.0560 rowmax_out=0.0544 discrete_mse=653.269043 best_discrete=227.065674 hash=False elapsed=5.3s
step    75/700 tau=0.6767 loss=0.642577 mse_soft=0.641941 ent_in=3.1304 ent_out=3.2277 rowmax_in=0.0962 rowmax_out=0.0923 discrete_mse=2320.063232 best_discrete=227.065674 hash=False elapsed=7.6s
step   100/700 tau=0.5931 loss=0.530794 mse_soft=0.530241 ent_in=2.7192 ent_out=2.8135 rowmax_in=0.1735 rowmax_out=0.1630 discrete_mse=1020.052673 best_discrete=227.065674 hash=False elapsed=9.9s
step   125/700 tau=0.5198 loss=0.429279 mse_soft=0.428845 ent_in=2.1979 ent_out=2.1455 rowmax_in=0.3009 rowmax_out=0.3237 discrete_mse=267.873352 best_discrete=227.065674 hash=False elapsed=12.2s
step   150/700 tau=0.4555 loss=0.364392 mse_soft=0.364075 ent_in=1.7235 ent_out=1.4471 rowmax_in=0.4152 rowmax_out=0.5311 discrete_mse=140.837875 best_discrete=140.837875 hash=False elapsed=14.5s
step   175/700 tau=0.3992 loss=0.335579 mse_soft=0.335328 ent_in=1.4848 ent_out=1.0218 rowmax_in=0.4492 rowmax_out=0.6471 discrete_mse=89.983673 best_discrete=89.983673 hash=False elapsed=16.8s
step   200/700 tau=0.3499 loss=0.318093 mse_soft=0.317883 ent_in=1.3362 ent_out=0.7646 rowmax_in=0.4768 rowmax_out=0.7220 discrete_mse=157.325165 best_discrete=89.983673 hash=False elapsed=19.0s
step   225/700 tau=0.3066 loss=0.307527 mse_soft=0.307342 ent_in=1.2381 ent_out=0.6154 rowmax_in=0.4902 rowmax_out=0.7654 discrete_mse=215.162674 best_discrete=89.983673 hash=False elapsed=21.1s
step   250/700 tau=0.2687 loss=0.304829 mse_soft=0.304657 ent_in=1.1737 ent_out=0.5470 rowmax_in=0.5011 rowmax_out=0.7763 discrete_mse=400.987518 best_discrete=89.983673 hash=False elapsed=23.3s
step   275/700 tau=0.2355 loss=0.303031 mse_soft=0.302866 ent_in=1.1416 ent_out=0.5111 rowmax_in=0.5071 rowmax_out=0.7814 discrete_mse=283.669861 best_discrete=89.983673 hash=False elapsed=25.5s
step   300/700 tau=0.2064 loss=0.301153 mse_soft=0.300991 ent_in=1.1230 ent_out=0.4923 rowmax_in=0.5122 rowmax_out=0.7869 discrete_mse=101.195633 best_discrete=89.983673 hash=False elapsed=27.8s
step   325/700 tau=0.1809 loss=0.301340 mse_soft=0.301182 ent_in=1.1070 ent_out=0.4773 rowmax_in=0.5169 rowmax_out=0.7868 discrete_mse=147.431976 best_discrete=89.983673 hash=False elapsed=30.1s
step   350/700 tau=0.1585 loss=0.299624 mse_soft=0.299468 ent_in=1.0909 ent_out=0.4618 rowmax_in=0.5217 rowmax_out=0.7869 discrete_mse=78.069435 best_discrete=78.069435 hash=False elapsed=32.4s
step   375/700 tau=0.1389 loss=0.301859 mse_soft=0.301705 ent_in=1.0840 ent_out=0.4514 rowmax_in=0.5245 rowmax_out=0.7871 discrete_mse=165.527512 best_discrete=78.069435 hash=False elapsed=34.5s
step   400/700 tau=0.1218 loss=0.301869 mse_soft=0.301717 ent_in=1.0781 ent_out=0.4382 rowmax_in=0.5245 rowmax_out=0.7921 discrete_mse=91.033562 best_discrete=78.069435 hash=False elapsed=36.6s
step   425/700 tau=0.1067 loss=0.303137 mse_soft=0.302986 ent_in=1.0753 ent_out=0.4324 rowmax_in=0.5252 rowmax_out=0.7920 discrete_mse=91.033562 best_discrete=78.069435 hash=False elapsed=38.8s
step   450/700 tau=0.0935 loss=0.297825 mse_soft=0.297676 ent_in=1.0715 ent_out=0.4168 rowmax_in=0.5251 rowmax_out=0.8008 discrete_mse=91.033562 best_discrete=78.069435 hash=False elapsed=40.9s
step   475/700 tau=0.0820 loss=0.305512 mse_soft=0.305365 ent_in=1.0666 ent_out=0.4039 rowmax_in=0.5266 rowmax_out=0.8064 discrete_mse=91.033562 best_discrete=78.069435 hash=False elapsed=43.0s
step   500/700 tau=0.0718 loss=0.299112 mse_soft=0.298966 ent_in=1.0667 ent_out=0.3924 rowmax_in=0.5255 rowmax_out=0.8148 discrete_mse=91.033562 best_discrete=78.069435 hash=False elapsed=45.2s
step   525/700 tau=0.0630 loss=0.303407 mse_soft=0.303262 ent_in=1.0666 ent_out=0.3850 rowmax_in=0.5269 rowmax_out=0.8173 discrete_mse=51.459106 best_discrete=51.459106 hash=False elapsed=47.3s
step   550/700 tau=0.0552 loss=0.304791 mse_soft=0.304646 ent_in=1.0631 ent_out=0.3826 rowmax_in=0.5280 rowmax_out=0.8180 discrete_mse=28.412550 best_discrete=28.412550 hash=False elapsed=49.6s
step   575/700 tau=0.0484 loss=0.311436 mse_soft=0.311294 ent_in=1.0546 ent_out=0.3664 rowmax_in=0.5321 rowmax_out=0.8349 discrete_mse=75.028831 best_discrete=28.412550 hash=False elapsed=51.8s
step   600/700 tau=0.0424 loss=0.306443 mse_soft=0.306303 ent_in=1.0471 ent_out=0.3547 rowmax_in=0.5291 rowmax_out=0.8457 discrete_mse=33.577110 best_discrete=28.412550 hash=False elapsed=54.0s
step   625/700 tau=0.0371 loss=0.328250 mse_soft=0.328127 ent_in=0.9536 ent_out=0.2770 rowmax_in=0.5496 rowmax_out=0.8833 discrete_mse=81.900208 best_discrete=28.412550 hash=False elapsed=56.2s
step   650/700 tau=0.0325 loss=0.325115 mse_soft=0.324994 ent_in=0.9234 ent_out=0.2865 rowmax_in=0.5635 rowmax_out=0.8712 discrete_mse=26.503193 best_discrete=26.503193 hash=False elapsed=58.4s
step   675/700 tau=0.0285 loss=0.320334 mse_soft=0.320224 ent_in=0.8218 ent_out=0.2717 rowmax_in=0.5970 rowmax_out=0.8717 discrete_mse=67.048386 best_discrete=26.503193 hash=False elapsed=60.6s
step   700/700 tau=0.0250 loss=0.308517 mse_soft=0.308408 ent_in=0.8169 ent_out=0.2771 rowmax_in=0.5987 rowmax_out=0.8765 discrete_mse=10.619353 best_discrete=10.619353 hash=False elapsed=62.9s

Final metrics:
  soft_mse_full=0.303755
  rowmax_in_mean=0.6001
  rowmax_out_mean=0.8769
  ent_in_mean=0.8170
  ent_out_mean=0.2762
  final_discrete_mse=74.184349
  hash_match=False
  best_discrete_mse_seen=10.619353
Saved results to overnight_b119_j4.json
