Using device: cuda
Train rows: 10000 / Full rows: 10000, steps=700, lr=0.02
step     1/700 tau=1.0000 loss=1.065750 mse_soft=1.063427 ent_in=3.8712 ent_out=3.8712 rowmax_in=0.0213 rowmax_out=0.0213 discrete_mse=356.909851 best_discrete=356.909851 hash=False elapsed=0.5s
step    25/700 tau=0.8866 loss=0.935055 mse_soft=0.932803 ent_in=3.7421 ent_out=3.7629 rowmax_in=0.0375 rowmax_out=0.0362 discrete_mse=4265.596680 best_discrete=356.909851 hash=False elapsed=2.6s
step    50/700 tau=0.7821 loss=0.712025 mse_soft=0.709989 ent_in=3.3603 ent_out=3.4244 rowmax_in=0.0707 rowmax_out=0.0669 discrete_mse=17856.156250 best_discrete=356.909851 hash=False elapsed=4.9s
step    75/700 tau=0.6899 loss=0.585899 mse_soft=0.584104 ent_in=2.9323 ent_out=3.0490 rowmax_in=0.1337 rowmax_out=0.1219 discrete_mse=3122.225830 best_discrete=356.909851 hash=False elapsed=7.2s
step   100/700 tau=0.6086 loss=0.472387 mse_soft=0.470951 ent_in=2.3806 ent_out=2.4062 rowmax_in=0.2537 rowmax_out=0.2674 discrete_mse=3378.599121 best_discrete=356.909851 hash=False elapsed=9.6s
step   125/700 tau=0.5368 loss=0.385727 mse_soft=0.384679 ent_in=1.7943 ent_out=1.6972 rowmax_in=0.4121 rowmax_out=0.4616 discrete_mse=642.112183 best_discrete=356.909851 hash=False elapsed=11.9s
step   150/700 tau=0.4736 loss=0.344664 mse_soft=0.343861 ent_in=1.5005 ent_out=1.1774 rowmax_in=0.4545 rowmax_out=0.6118 discrete_mse=6.129614 best_discrete=6.129614 hash=False elapsed=14.2s
step   175/700 tau=0.4177 loss=0.323817 mse_soft=0.323155 ent_in=1.3750 ent_out=0.8303 rowmax_in=0.4690 rowmax_out=0.7021 discrete_mse=82.164909 best_discrete=6.129614 hash=False elapsed=16.4s
step   200/700 tau=0.3685 loss=0.313169 mse_soft=0.312581 ent_in=1.2917 ent_out=0.6702 rowmax_in=0.4829 rowmax_out=0.7416 discrete_mse=54.879517 best_discrete=6.129614 hash=False elapsed=18.6s
step   225/700 tau=0.3251 loss=0.307279 mse_soft=0.306728 ent_in=1.2499 ent_out=0.5871 rowmax_in=0.4890 rowmax_out=0.7633 discrete_mse=136.395782 best_discrete=6.129614 hash=False elapsed=20.8s
step   250/700 tau=0.2868 loss=0.303829 mse_soft=0.303309 ent_in=1.2098 ent_out=0.5246 rowmax_in=0.4949 rowmax_out=0.7781 discrete_mse=260.139191 best_discrete=6.129614 hash=False elapsed=23.0s
step   275/700 tau=0.2530 loss=0.303227 mse_soft=0.302721 ent_in=1.1795 ent_out=0.5086 rowmax_in=0.4978 rowmax_out=0.7779 discrete_mse=325.518585 best_discrete=6.129614 hash=False elapsed=25.2s
step   300/700 tau=0.2231 loss=0.298391 mse_soft=0.297895 ent_in=1.1537 ent_out=0.4993 rowmax_in=0.5050 rowmax_out=0.7753 discrete_mse=235.788239 best_discrete=6.129614 hash=False elapsed=27.4s
step   325/700 tau=0.1968 loss=0.297559 mse_soft=0.297072 ent_in=1.1393 ent_out=0.4834 rowmax_in=0.5082 rowmax_out=0.7753 discrete_mse=235.788239 best_discrete=6.129614 hash=False elapsed=29.6s
step   350/700 tau=0.1736 loss=0.299206 mse_soft=0.298726 ent_in=1.1316 ent_out=0.4698 rowmax_in=0.5062 rowmax_out=0.7753 discrete_mse=488.126648 best_discrete=6.129614 hash=False elapsed=31.7s
step   375/700 tau=0.1532 loss=0.297509 mse_soft=0.297035 ent_in=1.1211 ent_out=0.4582 rowmax_in=0.5086 rowmax_out=0.7763 discrete_mse=87.707001 best_discrete=6.129614 hash=False elapsed=33.9s
step   400/700 tau=0.1351 loss=0.307185 mse_soft=0.306717 ent_in=1.1085 ent_out=0.4494 rowmax_in=0.5113 rowmax_out=0.7771 discrete_mse=128.835876 best_discrete=6.129614 hash=False elapsed=36.2s
step   425/700 tau=0.1192 loss=0.301188 mse_soft=0.300723 ent_in=1.1040 ent_out=0.4440 rowmax_in=0.5128 rowmax_out=0.7791 discrete_mse=89.955833 best_discrete=6.129614 hash=False elapsed=38.5s
step   450/700 tau=0.1051 loss=0.299730 mse_soft=0.299268 ent_in=1.1016 ent_out=0.4395 rowmax_in=0.5168 rowmax_out=0.7846 discrete_mse=61.587597 best_discrete=6.129614 hash=False elapsed=40.8s
step   475/700 tau=0.0928 loss=0.309164 mse_soft=0.308706 ent_in=1.0927 ent_out=0.4348 rowmax_in=0.5215 rowmax_out=0.7886 discrete_mse=101.170876 best_discrete=6.129614 hash=False elapsed=43.2s
step   500/700 tau=0.0818 loss=0.305867 mse_soft=0.305415 ent_in=1.0804 ent_out=0.4264 rowmax_in=0.5241 rowmax_out=0.7901 discrete_mse=125.953506 best_discrete=6.129614 hash=False elapsed=45.5s
step   525/700 tau=0.0722 loss=0.299838 mse_soft=0.299391 ent_in=1.0717 ent_out=0.4179 rowmax_in=0.5247 rowmax_out=0.7936 discrete_mse=101.170876 best_discrete=6.129614 hash=False elapsed=47.6s
step   550/700 tau=0.0637 loss=0.302497 mse_soft=0.302074 ent_in=1.0165 ent_out=0.3960 rowmax_in=0.5591 rowmax_out=0.8058 discrete_mse=82.175499 best_discrete=6.129614 hash=False elapsed=49.5s
step   575/700 tau=0.0562 loss=0.353013 mse_soft=0.352611 ent_in=0.9865 ent_out=0.3542 rowmax_in=0.5453 rowmax_out=0.8190 discrete_mse=114.240463 best_discrete=6.129614 hash=False elapsed=51.5s
step   600/700 tau=0.0495 loss=0.319640 mse_soft=0.319263 ent_in=0.9423 ent_out=0.3124 rowmax_in=0.5565 rowmax_out=0.8401 discrete_mse=26.861113 best_discrete=6.129614 hash=False elapsed=53.8s
step   625/700 tau=0.0437 loss=0.319449 mse_soft=0.319075 ent_in=0.9215 ent_out=0.3270 rowmax_in=0.5669 rowmax_out=0.8371 discrete_mse=128.577652 best_discrete=6.129614 hash=False elapsed=56.2s
step   650/700 tau=0.0386 loss=0.324419 mse_soft=0.324051 ent_in=0.9022 ent_out=0.3256 rowmax_in=0.5764 rowmax_out=0.8373 discrete_mse=30.714281 best_discrete=6.129614 hash=False elapsed=58.5s
step   675/700 tau=0.0340 loss=0.315516 mse_soft=0.315159 ent_in=0.8485 ent_out=0.3405 rowmax_in=0.5964 rowmax_out=0.8324 discrete_mse=104.152672 best_discrete=6.129614 hash=False elapsed=60.9s
step   700/700 tau=0.0300 loss=0.407462 mse_soft=0.407209 ent_in=0.5857 ent_out=0.2561 rowmax_in=0.7206 rowmax_out=0.8786 discrete_mse=70.618484 best_discrete=6.129614 hash=False elapsed=63.1s

Final metrics:
  soft_mse_full=0.414427
  rowmax_in_mean=0.7414
  rowmax_out_mean=0.8812
  ent_in_mean=0.5629
  ent_out_mean=0.2509
  final_discrete_mse=1.876507
  hash_match=False
  best_discrete_mse_seen=6.129614
Saved results to overnight_b100_j3.json
