Using device: cuda
Train rows: 10000 / Full rows: 10000, steps=700, lr=0.02
step     1/700 tau=1.0000 loss=1.065728 mse_soft=1.063405 ent_in=3.8712 ent_out=3.8712 rowmax_in=0.0213 rowmax_out=0.0213 discrete_mse=242.566498 best_discrete=242.566498 hash=False elapsed=0.6s
step    25/700 tau=0.8866 loss=0.935481 mse_soft=0.933229 ent_in=3.7420 ent_out=3.7628 rowmax_in=0.0374 rowmax_out=0.0363 discrete_mse=996.310791 best_discrete=242.566498 hash=False elapsed=2.8s
step    50/700 tau=0.7821 loss=0.711469 mse_soft=0.709433 ent_in=3.3609 ent_out=3.4254 rowmax_in=0.0691 rowmax_out=0.0670 discrete_mse=4444.144043 best_discrete=242.566498 hash=False elapsed=5.1s
step    75/700 tau=0.6899 loss=0.588202 mse_soft=0.586404 ent_in=2.9412 ent_out=3.0536 rowmax_in=0.1327 rowmax_out=0.1236 discrete_mse=5993.835938 best_discrete=242.566498 hash=False elapsed=7.3s
step   100/700 tau=0.6086 loss=0.464261 mse_soft=0.462828 ent_in=2.3622 ent_out=2.4118 rowmax_in=0.2659 rowmax_out=0.2642 discrete_mse=1372.325562 best_discrete=242.566498 hash=False elapsed=9.6s
step   125/700 tau=0.5368 loss=0.385764 mse_soft=0.384703 ent_in=1.8175 ent_out=1.7171 rowmax_in=0.3907 rowmax_out=0.4355 discrete_mse=4200.015137 best_discrete=242.566498 hash=False elapsed=12.1s
step   150/700 tau=0.4736 loss=0.348146 mse_soft=0.347335 ent_in=1.5132 ent_out=1.1894 rowmax_in=0.4497 rowmax_out=0.5863 discrete_mse=1932.934326 best_discrete=242.566498 hash=False elapsed=14.6s
step   175/700 tau=0.4177 loss=0.328420 mse_soft=0.327758 ent_in=1.3381 ent_out=0.8686 rowmax_in=0.4892 rowmax_out=0.6698 discrete_mse=1787.822754 best_discrete=242.566498 hash=False elapsed=17.0s
step   200/700 tau=0.3685 loss=0.315431 mse_soft=0.314854 ent_in=1.2350 ent_out=0.6905 rowmax_in=0.5138 rowmax_out=0.7270 discrete_mse=1920.485962 best_discrete=242.566498 hash=False elapsed=19.2s
step   225/700 tau=0.3251 loss=0.305710 mse_soft=0.305184 ent_in=1.1829 ent_out=0.5704 rowmax_in=0.5218 rowmax_out=0.7699 discrete_mse=1233.644043 best_discrete=242.566498 hash=False elapsed=21.3s
step   250/700 tau=0.2868 loss=0.298800 mse_soft=0.298313 ent_in=1.1505 ent_out=0.4737 rowmax_in=0.5287 rowmax_out=0.8072 discrete_mse=1162.783325 best_discrete=242.566498 hash=False elapsed=23.5s
step   275/700 tau=0.2530 loss=0.296612 mse_soft=0.296149 ent_in=1.1167 ent_out=0.4265 rowmax_in=0.5386 rowmax_out=0.8162 discrete_mse=520.239380 best_discrete=242.566498 hash=False elapsed=25.6s
step   300/700 tau=0.2231 loss=0.291194 mse_soft=0.290746 ent_in=1.0868 ent_out=0.4050 rowmax_in=0.5419 rowmax_out=0.8232 discrete_mse=871.212769 best_discrete=242.566498 hash=False elapsed=27.8s
step   325/700 tau=0.1968 loss=0.291827 mse_soft=0.291393 ent_in=1.0654 ent_out=0.3806 rowmax_in=0.5482 rowmax_out=0.8255 discrete_mse=702.459900 best_discrete=242.566498 hash=False elapsed=29.9s
step   350/700 tau=0.1736 loss=0.288691 mse_soft=0.288268 ent_in=1.0424 ent_out=0.3662 rowmax_in=0.5516 rowmax_out=0.8280 discrete_mse=502.249786 best_discrete=242.566498 hash=False elapsed=32.1s
step   375/700 tau=0.1532 loss=0.286736 mse_soft=0.286319 ent_in=1.0306 ent_out=0.3611 rowmax_in=0.5534 rowmax_out=0.8279 discrete_mse=589.235107 best_discrete=242.566498 hash=False elapsed=34.4s
step   400/700 tau=0.1351 loss=0.286831 mse_soft=0.286414 ent_in=1.0206 ent_out=0.3684 rowmax_in=0.5555 rowmax_out=0.8250 discrete_mse=502.249786 best_discrete=242.566498 hash=False elapsed=36.5s
step   425/700 tau=0.1192 loss=0.289821 mse_soft=0.289408 ent_in=1.0059 ent_out=0.3726 rowmax_in=0.5601 rowmax_out=0.8253 discrete_mse=589.235107 best_discrete=242.566498 hash=False elapsed=38.7s
step   450/700 tau=0.1051 loss=0.285919 mse_soft=0.285507 ent_in=0.9934 ent_out=0.3775 rowmax_in=0.5646 rowmax_out=0.8202 discrete_mse=663.182251 best_discrete=242.566498 hash=False elapsed=40.9s
step   475/700 tau=0.0928 loss=0.284210 mse_soft=0.283799 ent_in=0.9885 ent_out=0.3786 rowmax_in=0.5645 rowmax_out=0.8188 discrete_mse=589.235107 best_discrete=242.566498 hash=False elapsed=43.4s
step   500/700 tau=0.0818 loss=0.288035 mse_soft=0.287628 ent_in=0.9779 ent_out=0.3781 rowmax_in=0.5652 rowmax_out=0.8193 discrete_mse=871.212769 best_discrete=242.566498 hash=False elapsed=45.8s
step   525/700 tau=0.0722 loss=0.308749 mse_soft=0.308343 ent_in=0.9740 ent_out=0.3806 rowmax_in=0.5640 rowmax_out=0.8132 discrete_mse=589.235107 best_discrete=242.566498 hash=False elapsed=48.1s
step   550/700 tau=0.0637 loss=0.305973 mse_soft=0.305570 ent_in=0.9614 ent_out=0.3810 rowmax_in=0.5653 rowmax_out=0.8100 discrete_mse=589.235107 best_discrete=242.566498 hash=False elapsed=50.4s
step   575/700 tau=0.0562 loss=0.297533 mse_soft=0.297132 ent_in=0.9548 ent_out=0.3804 rowmax_in=0.5641 rowmax_out=0.8172 discrete_mse=619.063843 best_discrete=242.566498 hash=False elapsed=52.5s
step   600/700 tau=0.0495 loss=0.308956 mse_soft=0.308554 ent_in=0.9432 ent_out=0.3951 rowmax_in=0.5742 rowmax_out=0.7937 discrete_mse=846.737793 best_discrete=242.566498 hash=False elapsed=54.7s
step   625/700 tau=0.0437 loss=0.381509 mse_soft=0.381205 ent_in=0.6362 ent_out=0.3779 rowmax_in=0.7006 rowmax_out=0.8021 discrete_mse=143.840729 best_discrete=143.840729 hash=False elapsed=56.9s
step   650/700 tau=0.0386 loss=0.364740 mse_soft=0.364467 ent_in=0.6041 ent_out=0.3052 rowmax_in=0.7065 rowmax_out=0.8335 discrete_mse=61.401634 best_discrete=61.401634 hash=False elapsed=59.0s
step   675/700 tau=0.0340 loss=0.403315 mse_soft=0.403059 ent_in=0.6023 ent_out=0.2514 rowmax_in=0.7060 rowmax_out=0.8775 discrete_mse=61.063110 best_discrete=61.063110 hash=False elapsed=61.3s
step   700/700 tau=0.0300 loss=0.359505 mse_soft=0.359264 ent_in=0.5501 ent_out=0.2531 rowmax_in=0.7306 rowmax_out=0.8768 discrete_mse=181.734421 best_discrete=61.063110 hash=False elapsed=63.6s

Final metrics:
  soft_mse_full=0.361887
  rowmax_in_mean=0.7327
  rowmax_out_mean=0.8778
  ent_in_mean=0.5487
  ent_out_mean=0.2530
  final_discrete_mse=181.734421
  hash_match=False
  best_discrete_mse_seen=61.063110
Saved results to overnight_b115_j3.json
