Using device: cuda
Train rows: 4096 / Full rows: 10000, steps=900, lr=0.03
step     1/900 tau=1.0000 loss=1.069712 mse_soft=1.067389 ent_in=3.8712 ent_out=3.8712 rowmax_in=0.0213 rowmax_out=0.0213 discrete_mse=41.886799 best_discrete=41.886799 hash=False elapsed=0.5s
step    25/900 tau=0.9090 loss=0.865727 mse_soft=0.863537 ent_in=3.6323 ent_out=3.6675 rowmax_in=0.0463 rowmax_out=0.0441 discrete_mse=6435.294434 best_discrete=41.886799 hash=False elapsed=2.5s
step    50/900 tau=0.8229 loss=0.651180 mse_soft=0.649279 ent_in=3.1201 ent_out=3.2162 rowmax_in=0.0956 rowmax_out=0.0886 discrete_mse=6396.765625 best_discrete=41.886799 hash=False elapsed=4.9s
step    75/900 tau=0.7450 loss=0.518590 mse_soft=0.517011 ent_in=2.5939 ent_out=2.6678 rowmax_in=0.1997 rowmax_out=0.2009 discrete_mse=8513.789062 best_discrete=41.886799 hash=False elapsed=7.1s
step   100/900 tau=0.6745 loss=0.404558 mse_soft=0.403391 ent_in=1.9983 ent_out=1.8923 rowmax_in=0.3446 rowmax_out=0.3927 discrete_mse=936.074585 best_discrete=41.886799 hash=False elapsed=9.3s
step   125/900 tau=0.6107 loss=0.347936 mse_soft=0.347050 ent_in=1.6643 ent_out=1.2904 rowmax_in=0.4249 rowmax_out=0.5755 discrete_mse=2436.753662 best_discrete=41.886799 hash=False elapsed=11.4s
step   150/900 tau=0.5529 loss=0.318505 mse_soft=0.317783 ent_in=1.4891 ent_out=0.9172 rowmax_in=0.4492 rowmax_out=0.6848 discrete_mse=1683.658813 best_discrete=41.886799 hash=False elapsed=13.6s
step   175/900 tau=0.5006 loss=0.304048 mse_soft=0.303413 ent_in=1.4043 ent_out=0.7149 rowmax_in=0.4632 rowmax_out=0.7432 discrete_mse=1317.326050 best_discrete=41.886799 hash=False elapsed=15.9s
step   200/900 tau=0.4532 loss=0.297811 mse_soft=0.297222 ent_in=1.3517 ent_out=0.6120 rowmax_in=0.4668 rowmax_out=0.7678 discrete_mse=2810.678711 best_discrete=41.886799 hash=False elapsed=17.9s
step   225/900 tau=0.4103 loss=0.294707 mse_soft=0.294144 ent_in=1.3156 ent_out=0.5618 rowmax_in=0.4722 rowmax_out=0.7762 discrete_mse=3096.933838 best_discrete=41.886799 hash=False elapsed=20.0s
step   250/900 tau=0.3715 loss=0.292321 mse_soft=0.291777 ent_in=1.2924 ent_out=0.5182 rowmax_in=0.4750 rowmax_out=0.7884 discrete_mse=2447.366699 best_discrete=41.886799 hash=False elapsed=22.4s
step   275/900 tau=0.3363 loss=0.290721 mse_soft=0.290194 ent_in=1.2707 ent_out=0.4862 rowmax_in=0.4777 rowmax_out=0.7975 discrete_mse=2447.366699 best_discrete=41.886799 hash=False elapsed=24.6s
step   300/900 tau=0.3045 loss=0.287565 mse_soft=0.287051 ent_in=1.2528 ent_out=0.4627 rowmax_in=0.4811 rowmax_out=0.8013 discrete_mse=2447.366699 best_discrete=41.886799 hash=False elapsed=26.9s
step   325/900 tau=0.2756 loss=0.288304 mse_soft=0.287798 ent_in=1.2313 ent_out=0.4576 rowmax_in=0.4862 rowmax_out=0.7929 discrete_mse=2447.366699 best_discrete=41.886799 hash=False elapsed=29.1s
step   350/900 tau=0.2496 loss=0.286685 mse_soft=0.286183 ent_in=1.2214 ent_out=0.4493 rowmax_in=0.4875 rowmax_out=0.7902 discrete_mse=2447.366699 best_discrete=41.886799 hash=False elapsed=31.2s
step   375/900 tau=0.2259 loss=0.287127 mse_soft=0.286631 ent_in=1.2149 ent_out=0.4398 rowmax_in=0.4894 rowmax_out=0.7920 discrete_mse=1706.505005 best_discrete=41.886799 hash=False elapsed=33.1s
step   400/900 tau=0.2046 loss=0.286404 mse_soft=0.285910 ent_in=1.2132 ent_out=0.4322 rowmax_in=0.4884 rowmax_out=0.7943 discrete_mse=1352.221680 best_discrete=41.886799 hash=False elapsed=35.1s
step   425/900 tau=0.1852 loss=0.283388 mse_soft=0.282898 ent_in=1.2062 ent_out=0.4271 rowmax_in=0.4882 rowmax_out=0.7984 discrete_mse=1352.221680 best_discrete=41.886799 hash=False elapsed=37.1s
step   450/900 tau=0.1677 loss=0.287839 mse_soft=0.287353 ent_in=1.1951 ent_out=0.4240 rowmax_in=0.4909 rowmax_out=0.8023 discrete_mse=2534.839600 best_discrete=41.886799 hash=False elapsed=39.1s
step   475/900 tau=0.1518 loss=0.286836 mse_soft=0.286357 ent_in=1.1837 ent_out=0.4147 rowmax_in=0.4919 rowmax_out=0.8086 discrete_mse=2534.839600 best_discrete=41.886799 hash=False elapsed=41.1s
step   500/900 tau=0.1374 loss=0.290055 mse_soft=0.289584 ent_in=1.1701 ent_out=0.3997 rowmax_in=0.4985 rowmax_out=0.8180 discrete_mse=1813.625122 best_discrete=41.886799 hash=False elapsed=43.1s
step   525/900 tau=0.1244 loss=0.285503 mse_soft=0.285037 ent_in=1.1610 ent_out=0.3944 rowmax_in=0.4987 rowmax_out=0.8197 discrete_mse=2534.839600 best_discrete=41.886799 hash=False elapsed=45.3s
step   550/900 tau=0.1126 loss=0.290899 mse_soft=0.290436 ent_in=1.1511 ent_out=0.3920 rowmax_in=0.5024 rowmax_out=0.8199 discrete_mse=2534.839600 best_discrete=41.886799 hash=False elapsed=47.3s
step   575/900 tau=0.1020 loss=0.290079 mse_soft=0.289618 ent_in=1.1428 ent_out=0.3942 rowmax_in=0.5093 rowmax_out=0.8156 discrete_mse=1813.625122 best_discrete=41.886799 hash=False elapsed=49.5s
step   600/900 tau=0.0923 loss=0.307514 mse_soft=0.307054 ent_in=1.1355 ent_out=0.3965 rowmax_in=0.5109 rowmax_out=0.8150 discrete_mse=1027.887695 best_discrete=41.886799 hash=False elapsed=51.6s
step   625/900 tau=0.0836 loss=0.287576 mse_soft=0.287124 ent_in=1.1151 ent_out=0.3924 rowmax_in=0.5156 rowmax_out=0.8182 discrete_mse=507.782227 best_discrete=41.886799 hash=False elapsed=53.7s
step   650/900 tau=0.0757 loss=0.298252 mse_soft=0.297800 ent_in=1.1212 ent_out=0.3836 rowmax_in=0.5091 rowmax_out=0.8261 discrete_mse=753.011536 best_discrete=41.886799 hash=False elapsed=55.8s
step   675/900 tau=0.0685 loss=0.450279 mse_soft=0.449980 ent_in=0.7433 ent_out=0.2515 rowmax_in=0.6748 rowmax_out=0.8753 discrete_mse=245.008469 best_discrete=41.886799 hash=False elapsed=58.1s
step   700/900 tau=0.0620 loss=0.392526 mse_soft=0.392244 ent_in=0.6796 ent_out=0.2577 rowmax_in=0.6592 rowmax_out=0.8674 discrete_mse=130.886292 best_discrete=41.886799 hash=False elapsed=60.3s
step   725/900 tau=0.0562 loss=0.365616 mse_soft=0.365335 ent_in=0.6755 ent_out=0.2610 rowmax_in=0.6437 rowmax_out=0.8651 discrete_mse=441.225281 best_discrete=41.886799 hash=False elapsed=62.4s
step   750/900 tau=0.0508 loss=0.366644 mse_soft=0.366372 ent_in=0.6775 ent_out=0.2303 rowmax_in=0.6373 rowmax_out=0.8779 discrete_mse=302.265564 best_discrete=41.886799 hash=False elapsed=64.4s
step   775/900 tau=0.0460 loss=0.460661 mse_soft=0.460411 ent_in=0.6263 ent_out=0.2065 rowmax_in=0.6773 rowmax_out=0.8789 discrete_mse=96.375999 best_discrete=41.886799 hash=False elapsed=66.6s
step   800/900 tau=0.0417 loss=0.421400 mse_soft=0.421181 ent_in=0.5486 ent_out=0.1818 rowmax_in=0.7029 rowmax_out=0.8850 discrete_mse=573.008667 best_discrete=41.886799 hash=False elapsed=68.7s
step   825/900 tau=0.0377 loss=0.600202 mse_soft=0.599992 ent_in=0.5203 ent_out=0.1807 rowmax_in=0.7286 rowmax_out=0.8876 discrete_mse=354.060333 best_discrete=41.886799 hash=False elapsed=70.8s
step   850/900 tau=0.0342 loss=0.408163 mse_soft=0.407970 ent_in=0.4664 ent_out=0.1754 rowmax_in=0.7646 rowmax_out=0.8859 discrete_mse=541.075256 best_discrete=41.886799 hash=False elapsed=72.8s
step   875/900 tau=0.0309 loss=0.401914 mse_soft=0.401718 ent_in=0.4560 ent_out=0.1998 rowmax_in=0.7616 rowmax_out=0.8681 discrete_mse=360.698273 best_discrete=41.886799 hash=False elapsed=74.9s
step   900/900 tau=0.0280 loss=0.402099 mse_soft=0.401903 ent_in=0.4600 ent_out=0.1934 rowmax_in=0.7510 rowmax_out=0.8702 discrete_mse=366.141266 best_discrete=41.886799 hash=False elapsed=77.0s

Final metrics:
  soft_mse_full=0.399677
  rowmax_in_mean=0.7477
  rowmax_out_mean=0.8726
  ent_in_mean=0.4655
  ent_out_mean=0.1899
  final_discrete_mse=376.944550
  hash_match=False
  best_discrete_mse_seen=41.886799
Saved results to overnight_b018_j2.json
