Using device: cuda
Train rows: 10000 / Full rows: 10000, steps=700, lr=0.015
step     1/700 tau=1.0000 loss=1.064168 mse_soft=1.063393 ent_in=3.8712 ent_out=3.8712 rowmax_in=0.0213 rowmax_out=0.0213 discrete_mse=81.930428 best_discrete=81.930428 hash=False elapsed=0.5s
step    25/700 tau=0.8810 loss=0.971743 mse_soft=0.970983 ent_in=3.7933 ent_out=3.8052 rowmax_in=0.0332 rowmax_out=0.0323 discrete_mse=2146.833740 best_discrete=81.930428 hash=False elapsed=2.7s
step    50/700 tau=0.7721 loss=0.785440 mse_soft=0.784732 ent_in=3.5145 ent_out=3.5651 rowmax_in=0.0576 rowmax_out=0.0544 discrete_mse=903.950562 best_discrete=81.930428 hash=False elapsed=4.8s
step    75/700 tau=0.6767 loss=0.643442 mse_soft=0.642806 ent_in=3.1287 ent_out=3.2296 rowmax_in=0.0958 rowmax_out=0.0911 discrete_mse=4945.731934 best_discrete=81.930428 hash=False elapsed=6.8s
step   100/700 tau=0.5931 loss=0.537857 mse_soft=0.537302 ent_in=2.7221 ent_out=2.8329 rowmax_in=0.1707 rowmax_out=0.1660 discrete_mse=1427.049561 best_discrete=81.930428 hash=False elapsed=8.9s
step   125/700 tau=0.5198 loss=0.440629 mse_soft=0.440190 ent_in=2.2199 ent_out=2.1701 rowmax_in=0.2850 rowmax_out=0.3170 discrete_mse=4056.701904 best_discrete=81.930428 hash=False elapsed=10.9s
step   150/700 tau=0.4555 loss=0.367820 mse_soft=0.367488 ent_in=1.7598 ent_out=1.5560 rowmax_in=0.3944 rowmax_out=0.4952 discrete_mse=140.440567 best_discrete=81.930428 hash=False elapsed=12.9s
step   175/700 tau=0.3992 loss=0.332464 mse_soft=0.332203 ent_in=1.5119 ent_out=1.1002 rowmax_in=0.4473 rowmax_out=0.6203 discrete_mse=5931.432617 best_discrete=81.930428 hash=False elapsed=15.0s
step   200/700 tau=0.3499 loss=0.312616 mse_soft=0.312400 ent_in=1.3490 ent_out=0.8194 rowmax_in=0.4785 rowmax_out=0.6964 discrete_mse=725.551086 best_discrete=81.930428 hash=False elapsed=17.0s
step   225/700 tau=0.3066 loss=0.300046 mse_soft=0.299857 ent_in=1.2543 ent_out=0.6307 rowmax_in=0.5019 rowmax_out=0.7647 discrete_mse=794.252747 best_discrete=81.930428 hash=False elapsed=19.0s
step   250/700 tau=0.2687 loss=0.292504 mse_soft=0.292333 ent_in=1.1842 ent_out=0.5294 rowmax_in=0.5070 rowmax_out=0.7948 discrete_mse=1200.500732 best_discrete=81.930428 hash=False elapsed=21.0s
step   275/700 tau=0.2355 loss=0.288828 mse_soft=0.288667 ent_in=1.1416 ent_out=0.4643 rowmax_in=0.5201 rowmax_out=0.8075 discrete_mse=644.914246 best_discrete=81.930428 hash=False elapsed=23.1s
step   300/700 tau=0.2064 loss=0.286287 mse_soft=0.286132 ent_in=1.1151 ent_out=0.4342 rowmax_in=0.5249 rowmax_out=0.8135 discrete_mse=709.766541 best_discrete=81.930428 hash=False elapsed=25.2s
step   325/700 tau=0.1809 loss=0.283773 mse_soft=0.283623 ent_in=1.0942 ent_out=0.4130 rowmax_in=0.5274 rowmax_out=0.8228 discrete_mse=874.347290 best_discrete=81.930428 hash=False elapsed=27.2s
step   350/700 tau=0.1585 loss=0.284242 mse_soft=0.284094 ent_in=1.0736 ent_out=0.4017 rowmax_in=0.5355 rowmax_out=0.8268 discrete_mse=2621.829102 best_discrete=81.930428 hash=False elapsed=29.3s
step   375/700 tau=0.1389 loss=0.282205 mse_soft=0.282059 ent_in=1.0700 ent_out=0.3880 rowmax_in=0.5345 rowmax_out=0.8313 discrete_mse=2621.829102 best_discrete=81.930428 hash=False elapsed=31.6s
step   400/700 tau=0.1218 loss=0.281094 mse_soft=0.280950 ent_in=1.0618 ent_out=0.3763 rowmax_in=0.5359 rowmax_out=0.8341 discrete_mse=2621.829102 best_discrete=81.930428 hash=False elapsed=33.9s
step   425/700 tau=0.1067 loss=0.281824 mse_soft=0.281681 ent_in=1.0604 ent_out=0.3673 rowmax_in=0.5350 rowmax_out=0.8355 discrete_mse=2590.847168 best_discrete=81.930428 hash=False elapsed=36.2s
step   450/700 tau=0.0935 loss=0.286376 mse_soft=0.286234 ent_in=1.0617 ent_out=0.3596 rowmax_in=0.5333 rowmax_out=0.8372 discrete_mse=2006.874390 best_discrete=81.930428 hash=False elapsed=38.5s
step   475/700 tau=0.0820 loss=0.281640 mse_soft=0.281499 ent_in=1.0577 ent_out=0.3535 rowmax_in=0.5367 rowmax_out=0.8392 discrete_mse=1941.575562 best_discrete=81.930428 hash=False elapsed=40.8s
step   500/700 tau=0.0718 loss=0.284474 mse_soft=0.284336 ent_in=1.0457 ent_out=0.3304 rowmax_in=0.5384 rowmax_out=0.8537 discrete_mse=419.828400 best_discrete=81.930428 hash=False elapsed=43.0s
step   525/700 tau=0.0630 loss=0.279382 mse_soft=0.279248 ent_in=1.0252 ent_out=0.3211 rowmax_in=0.5457 rowmax_out=0.8525 discrete_mse=419.828400 best_discrete=81.930428 hash=False elapsed=45.2s
step   550/700 tau=0.0552 loss=0.281164 mse_soft=0.281030 ent_in=1.0135 ent_out=0.3214 rowmax_in=0.5452 rowmax_out=0.8499 discrete_mse=537.553040 best_discrete=81.930428 hash=False elapsed=47.4s
step   575/700 tau=0.0484 loss=0.301995 mse_soft=0.301863 ent_in=1.0019 ent_out=0.3257 rowmax_in=0.5427 rowmax_out=0.8421 discrete_mse=331.588654 best_discrete=81.930428 hash=False elapsed=49.6s
step   600/700 tau=0.0424 loss=0.316577 mse_soft=0.316446 ent_in=0.9938 ent_out=0.3134 rowmax_in=0.5494 rowmax_out=0.8577 discrete_mse=386.671234 best_discrete=81.930428 hash=False elapsed=51.9s
step   625/700 tau=0.0371 loss=0.295631 mse_soft=0.295512 ent_in=0.8826 ent_out=0.3054 rowmax_in=0.5931 rowmax_out=0.8530 discrete_mse=670.113464 best_discrete=81.930428 hash=False elapsed=54.2s
step   650/700 tau=0.0325 loss=0.290953 mse_soft=0.290838 ent_in=0.8493 ent_out=0.2975 rowmax_in=0.6058 rowmax_out=0.8577 discrete_mse=566.292786 best_discrete=81.930428 hash=False elapsed=56.4s
step   675/700 tau=0.0285 loss=0.292681 mse_soft=0.292565 ent_in=0.8487 ent_out=0.3070 rowmax_in=0.5963 rowmax_out=0.8474 discrete_mse=566.292786 best_discrete=81.930428 hash=False elapsed=58.9s
step   700/700 tau=0.0250 loss=0.351163 mse_soft=0.351051 ent_in=0.8376 ent_out=0.2862 rowmax_in=0.6091 rowmax_out=0.8657 discrete_mse=176.273270 best_discrete=81.930428 hash=False elapsed=61.2s

Final metrics:
  soft_mse_full=0.373310
  rowmax_in_mean=0.6361
  rowmax_out_mean=0.8752
  ent_in_mean=0.8004
  ent_out_mean=0.2662
  final_discrete_mse=98.356133
  hash_match=False
  best_discrete_mse_seen=81.930428
Saved results to overnight_b097_j4.json
