Using device: cuda
Train rows: 10000 / Full rows: 10000, steps=700, lr=0.015
step     1/700 tau=1.0000 loss=1.064236 mse_soft=1.063461 ent_in=3.8712 ent_out=3.8712 rowmax_in=0.0213 rowmax_out=0.0213 discrete_mse=13.769131 best_discrete=13.769131 hash=False elapsed=0.5s
step    25/700 tau=0.8810 loss=0.971918 mse_soft=0.971158 ent_in=3.7927 ent_out=3.8055 rowmax_in=0.0332 rowmax_out=0.0323 discrete_mse=1490.572021 best_discrete=13.769131 hash=False elapsed=2.5s
step    50/700 tau=0.7721 loss=0.786056 mse_soft=0.785348 ent_in=3.5137 ent_out=3.5651 rowmax_in=0.0570 rowmax_out=0.0548 discrete_mse=6066.529297 best_discrete=13.769131 hash=False elapsed=4.7s
step    75/700 tau=0.6767 loss=0.644004 mse_soft=0.643368 ent_in=3.1292 ent_out=3.2313 rowmax_in=0.0977 rowmax_out=0.0911 discrete_mse=4310.085449 best_discrete=13.769131 hash=False elapsed=6.9s
step   100/700 tau=0.5931 loss=0.530721 mse_soft=0.530169 ent_in=2.7062 ent_out=2.8135 rowmax_in=0.1851 rowmax_out=0.1736 discrete_mse=1112.372681 best_discrete=13.769131 hash=False elapsed=9.2s
step   125/700 tau=0.5198 loss=0.432834 mse_soft=0.432402 ent_in=2.1579 ent_out=2.1626 rowmax_in=0.3170 rowmax_out=0.3286 discrete_mse=1999.876709 best_discrete=13.769131 hash=False elapsed=11.3s
step   150/700 tau=0.4555 loss=0.360852 mse_soft=0.360537 ent_in=1.7006 ent_out=1.4523 rowmax_in=0.4229 rowmax_out=0.5431 discrete_mse=226.368896 best_discrete=13.769131 hash=False elapsed=13.5s
step   175/700 tau=0.3992 loss=0.321931 mse_soft=0.321692 ent_in=1.4113 ent_out=0.9767 rowmax_in=0.4855 rowmax_out=0.6632 discrete_mse=66.992599 best_discrete=13.769131 hash=False elapsed=15.6s
step   200/700 tau=0.3499 loss=0.306831 mse_soft=0.306629 ent_in=1.2624 ent_out=0.7590 rowmax_in=0.5176 rowmax_out=0.7159 discrete_mse=265.558807 best_discrete=13.769131 hash=False elapsed=17.6s
step   225/700 tau=0.3066 loss=0.298894 mse_soft=0.298711 ent_in=1.1989 ent_out=0.6322 rowmax_in=0.5271 rowmax_out=0.7464 discrete_mse=187.522491 best_discrete=13.769131 hash=False elapsed=19.8s
step   250/700 tau=0.2687 loss=0.292019 mse_soft=0.291846 ent_in=1.1606 ent_out=0.5732 rowmax_in=0.5309 rowmax_out=0.7487 discrete_mse=176.518707 best_discrete=13.769131 hash=False elapsed=21.8s
step   275/700 tau=0.2355 loss=0.288754 mse_soft=0.288589 ent_in=1.1230 ent_out=0.5283 rowmax_in=0.5362 rowmax_out=0.7549 discrete_mse=137.855743 best_discrete=13.769131 hash=False elapsed=23.8s
step   300/700 tau=0.2064 loss=0.287071 mse_soft=0.286911 ent_in=1.0984 ent_out=0.5083 rowmax_in=0.5380 rowmax_out=0.7596 discrete_mse=173.934189 best_discrete=13.769131 hash=False elapsed=25.8s
step   325/700 tau=0.1809 loss=0.286454 mse_soft=0.286295 ent_in=1.0857 ent_out=0.4965 rowmax_in=0.5411 rowmax_out=0.7636 discrete_mse=299.495544 best_discrete=13.769131 hash=False elapsed=27.9s
step   350/700 tau=0.1585 loss=0.283444 mse_soft=0.283289 ent_in=1.0743 ent_out=0.4816 rowmax_in=0.5438 rowmax_out=0.7685 discrete_mse=299.495544 best_discrete=13.769131 hash=False elapsed=29.9s
step   375/700 tau=0.1389 loss=0.283103 mse_soft=0.282950 ent_in=1.0635 ent_out=0.4641 rowmax_in=0.5470 rowmax_out=0.7747 discrete_mse=187.193527 best_discrete=13.769131 hash=False elapsed=31.9s
step   400/700 tau=0.1218 loss=0.283856 mse_soft=0.283705 ent_in=1.0575 ent_out=0.4544 rowmax_in=0.5490 rowmax_out=0.7790 discrete_mse=187.193527 best_discrete=13.769131 hash=False elapsed=33.9s
step   425/700 tau=0.1067 loss=0.282801 mse_soft=0.282651 ent_in=1.0527 ent_out=0.4487 rowmax_in=0.5520 rowmax_out=0.7837 discrete_mse=187.193527 best_discrete=13.769131 hash=False elapsed=35.9s
step   450/700 tau=0.0935 loss=0.283892 mse_soft=0.283744 ent_in=1.0495 ent_out=0.4342 rowmax_in=0.5522 rowmax_out=0.7898 discrete_mse=187.193527 best_discrete=13.769131 hash=False elapsed=37.9s
step   475/700 tau=0.0820 loss=0.282305 mse_soft=0.282159 ent_in=1.0403 ent_out=0.4151 rowmax_in=0.5537 rowmax_out=0.7937 discrete_mse=18.355726 best_discrete=13.769131 hash=False elapsed=39.9s
step   500/700 tau=0.0718 loss=0.286466 mse_soft=0.286321 ent_in=1.0408 ent_out=0.4054 rowmax_in=0.5509 rowmax_out=0.7955 discrete_mse=10.516768 best_discrete=10.516768 hash=False elapsed=41.9s
step   525/700 tau=0.0630 loss=0.293708 mse_soft=0.293565 ent_in=1.0308 ent_out=0.3983 rowmax_in=0.5546 rowmax_out=0.7968 discrete_mse=435.484589 best_discrete=10.516768 hash=False elapsed=43.8s
step   550/700 tau=0.0552 loss=0.291753 mse_soft=0.291611 ent_in=1.0274 ent_out=0.3881 rowmax_in=0.5510 rowmax_out=0.8001 discrete_mse=9.404335 best_discrete=9.404335 hash=False elapsed=46.0s
step   575/700 tau=0.0484 loss=0.285686 mse_soft=0.285546 ent_in=1.0198 ent_out=0.3762 rowmax_in=0.5528 rowmax_out=0.8061 discrete_mse=28.274786 best_discrete=9.404335 hash=False elapsed=48.0s
step   600/700 tau=0.0424 loss=0.287617 mse_soft=0.287482 ent_in=0.9949 ent_out=0.3560 rowmax_in=0.5648 rowmax_out=0.8149 discrete_mse=1.753092 best_discrete=1.753092 hash=False elapsed=50.0s
step   625/700 tau=0.0371 loss=0.288651 mse_soft=0.288518 ent_in=0.9899 ent_out=0.3462 rowmax_in=0.5616 rowmax_out=0.8165 discrete_mse=12.031659 best_discrete=1.753092 hash=False elapsed=51.9s
step   650/700 tau=0.0325 loss=0.350427 mse_soft=0.350315 ent_in=0.8071 ent_out=0.3112 rowmax_in=0.6347 rowmax_out=0.8378 discrete_mse=456.294983 best_discrete=1.753092 hash=False elapsed=53.9s
step   675/700 tau=0.0285 loss=0.379645 mse_soft=0.379533 ent_in=0.7940 ent_out=0.3275 rowmax_in=0.6378 rowmax_out=0.8257 discrete_mse=301.479279 best_discrete=1.753092 hash=False elapsed=56.0s
step   700/700 tau=0.0250 loss=0.354184 mse_soft=0.354102 ent_in=0.6217 ent_out=0.2015 rowmax_in=0.6961 rowmax_out=0.8957 discrete_mse=121.012100 best_discrete=1.753092 hash=False elapsed=58.2s

Final metrics:
  soft_mse_full=0.353091
  rowmax_in_mean=0.6986
  rowmax_out_mean=0.8940
  ent_in_mean=0.6214
  ent_out_mean=0.2016
  final_discrete_mse=121.012100
  hash_match=False
  best_discrete_mse_seen=1.753092
Saved results to overnight_b131_j4.json
