Using device: cuda
Train rows: 4096 / Full rows: 10000, steps=900, lr=0.03
step     1/900 tau=1.0000 loss=1.073447 mse_soft=1.071125 ent_in=3.8712 ent_out=3.8712 rowmax_in=0.0213 rowmax_out=0.0213 discrete_mse=10.629749 best_discrete=10.629749 hash=False elapsed=0.5s
step    25/900 tau=0.9090 loss=0.867575 mse_soft=0.865384 ent_in=3.6330 ent_out=3.6687 rowmax_in=0.0462 rowmax_out=0.0442 discrete_mse=1188.299194 best_discrete=10.629749 hash=False elapsed=2.8s
step    50/900 tau=0.8229 loss=0.649457 mse_soft=0.647552 ent_in=3.1271 ent_out=3.2238 rowmax_in=0.0937 rowmax_out=0.0889 discrete_mse=5352.610352 best_discrete=10.629749 hash=False elapsed=5.1s
step    75/900 tau=0.7450 loss=0.509847 mse_soft=0.508277 ent_in=2.5644 ent_out=2.6693 rowmax_in=0.2057 rowmax_out=0.2014 discrete_mse=142.952133 best_discrete=10.629749 hash=False elapsed=7.3s
step   100/900 tau=0.6745 loss=0.394429 mse_soft=0.393288 ent_in=1.9620 ent_out=1.8405 rowmax_in=0.3459 rowmax_out=0.4169 discrete_mse=2483.272217 best_discrete=10.629749 hash=False elapsed=9.7s
step   125/900 tau=0.6107 loss=0.331786 mse_soft=0.330957 ent_in=1.6113 ent_out=1.1523 rowmax_in=0.4293 rowmax_out=0.6205 discrete_mse=1058.111938 best_discrete=10.629749 hash=False elapsed=12.0s
step   150/900 tau=0.5529 loss=0.310742 mse_soft=0.310051 ent_in=1.4882 ent_out=0.8167 rowmax_in=0.4441 rowmax_out=0.7196 discrete_mse=542.458374 best_discrete=10.629749 hash=False elapsed=14.4s
step   175/900 tau=0.5006 loss=0.299563 mse_soft=0.298950 ent_in=1.4390 ent_out=0.6063 rowmax_in=0.4444 rowmax_out=0.7937 discrete_mse=2296.965088 best_discrete=10.629749 hash=False elapsed=16.8s
step   200/900 tau=0.4532 loss=0.290101 mse_soft=0.289546 ent_in=1.3748 ent_out=0.4768 rowmax_in=0.4520 rowmax_out=0.8347 discrete_mse=1315.245361 best_discrete=10.629749 hash=False elapsed=19.3s
step   225/900 tau=0.4103 loss=0.281963 mse_soft=0.281436 ent_in=1.3361 ent_out=0.4234 rowmax_in=0.4613 rowmax_out=0.8390 discrete_mse=806.642700 best_discrete=10.629749 hash=False elapsed=21.4s
step   250/900 tau=0.3715 loss=0.277654 mse_soft=0.277148 ent_in=1.3162 ent_out=0.3725 rowmax_in=0.4664 rowmax_out=0.8515 discrete_mse=520.104553 best_discrete=10.629749 hash=False elapsed=23.9s
step   275/900 tau=0.3363 loss=0.275731 mse_soft=0.275232 ent_in=1.3065 ent_out=0.3555 rowmax_in=0.4641 rowmax_out=0.8514 discrete_mse=799.165894 best_discrete=10.629749 hash=False elapsed=26.3s
step   300/900 tau=0.3045 loss=0.272293 mse_soft=0.271799 ent_in=1.2891 ent_out=0.3584 rowmax_in=0.4687 rowmax_out=0.8398 discrete_mse=636.647705 best_discrete=10.629749 hash=False elapsed=28.8s
step   325/900 tau=0.2756 loss=0.271399 mse_soft=0.270914 ent_in=1.2693 ent_out=0.3496 rowmax_in=0.4730 rowmax_out=0.8379 discrete_mse=1667.512939 best_discrete=10.629749 hash=False elapsed=31.1s
step   350/900 tau=0.2496 loss=0.269777 mse_soft=0.269297 ent_in=1.2588 ent_out=0.3395 rowmax_in=0.4733 rowmax_out=0.8403 discrete_mse=1021.685974 best_discrete=10.629749 hash=False elapsed=33.5s
step   375/900 tau=0.2259 loss=0.271766 mse_soft=0.271292 ent_in=1.2511 ent_out=0.3307 rowmax_in=0.4739 rowmax_out=0.8443 discrete_mse=1264.497314 best_discrete=10.629749 hash=False elapsed=35.7s
step   400/900 tau=0.2046 loss=0.269393 mse_soft=0.268923 ent_in=1.2447 ent_out=0.3230 rowmax_in=0.4753 rowmax_out=0.8470 discrete_mse=939.821777 best_discrete=10.629749 hash=False elapsed=38.1s
step   425/900 tau=0.1852 loss=0.274115 mse_soft=0.273651 ent_in=1.2330 ent_out=0.3118 rowmax_in=0.4809 rowmax_out=0.8510 discrete_mse=1524.369751 best_discrete=10.629749 hash=False elapsed=40.3s
step   450/900 tau=0.1677 loss=0.269957 mse_soft=0.269497 ent_in=1.2314 ent_out=0.3001 rowmax_in=0.4770 rowmax_out=0.8544 discrete_mse=652.913696 best_discrete=10.629749 hash=False elapsed=42.7s
step   475/900 tau=0.1518 loss=0.271027 mse_soft=0.270570 ent_in=1.2288 ent_out=0.2922 rowmax_in=0.4790 rowmax_out=0.8580 discrete_mse=923.863586 best_discrete=10.629749 hash=False elapsed=44.9s
step   500/900 tau=0.1374 loss=0.272634 mse_soft=0.272177 ent_in=1.2305 ent_out=0.2900 rowmax_in=0.4768 rowmax_out=0.8580 discrete_mse=1829.123413 best_discrete=10.629749 hash=False elapsed=47.2s
step   525/900 tau=0.1244 loss=0.271387 mse_soft=0.270932 ent_in=1.2294 ent_out=0.2881 rowmax_in=0.4731 rowmax_out=0.8551 discrete_mse=647.393311 best_discrete=10.629749 hash=False elapsed=49.4s
step   550/900 tau=0.1126 loss=0.272724 mse_soft=0.272270 ent_in=1.2251 ent_out=0.2891 rowmax_in=0.4713 rowmax_out=0.8522 discrete_mse=1435.570312 best_discrete=10.629749 hash=False elapsed=51.7s
step   575/900 tau=0.1020 loss=0.292287 mse_soft=0.291836 ent_in=1.2205 ent_out=0.2841 rowmax_in=0.4712 rowmax_out=0.8582 discrete_mse=1244.343018 best_discrete=10.629749 hash=False elapsed=53.9s
step   600/900 tau=0.0923 loss=0.295549 mse_soft=0.295127 ent_in=1.1456 ent_out=0.2591 rowmax_in=0.4986 rowmax_out=0.8648 discrete_mse=1297.194824 best_discrete=10.629749 hash=False elapsed=56.3s
step   625/900 tau=0.0836 loss=0.353173 mse_soft=0.352757 ent_in=1.1247 ent_out=0.2617 rowmax_in=0.4990 rowmax_out=0.8693 discrete_mse=228.455841 best_discrete=10.629749 hash=False elapsed=58.6s
step   650/900 tau=0.0757 loss=0.298214 mse_soft=0.297817 ent_in=1.0881 ent_out=0.2379 rowmax_in=0.4974 rowmax_out=0.8758 discrete_mse=125.026100 best_discrete=10.629749 hash=False elapsed=60.9s
step   675/900 tau=0.0685 loss=0.286270 mse_soft=0.285885 ent_in=1.0560 ent_out=0.2293 rowmax_in=0.5224 rowmax_out=0.8898 discrete_mse=1031.030151 best_discrete=10.629749 hash=False elapsed=63.3s
step   700/900 tau=0.0620 loss=0.470583 mse_soft=0.470216 ent_in=0.9816 ent_out=0.2418 rowmax_in=0.5662 rowmax_out=0.8766 discrete_mse=207.333817 best_discrete=10.629749 hash=False elapsed=65.5s
step   725/900 tau=0.0562 loss=0.338896 mse_soft=0.338610 ent_in=0.7991 ent_out=0.1566 rowmax_in=0.6299 rowmax_out=0.9181 discrete_mse=347.175537 best_discrete=10.629749 hash=False elapsed=67.7s
step   750/900 tau=0.0508 loss=0.327684 mse_soft=0.327397 ent_in=0.8055 ent_out=0.1492 rowmax_in=0.6189 rowmax_out=0.9298 discrete_mse=30.985455 best_discrete=10.629749 hash=False elapsed=69.8s
step   775/900 tau=0.0460 loss=0.311425 mse_soft=0.311133 ent_in=0.8265 ent_out=0.1497 rowmax_in=0.6009 rowmax_out=0.9218 discrete_mse=53.848835 best_discrete=10.629749 hash=False elapsed=71.9s
step   800/900 tau=0.0417 loss=1.715258 mse_soft=1.715089 ent_in=0.4805 ent_out=0.0848 rowmax_in=0.7753 rowmax_out=0.9688 discrete_mse=37.348282 best_discrete=10.629749 hash=False elapsed=74.3s
step   825/900 tau=0.0377 loss=0.481064 mse_soft=0.480944 ent_in=0.3637 ent_out=0.0378 rowmax_in=0.8042 rowmax_out=0.9899 discrete_mse=28.764149 best_discrete=10.629749 hash=False elapsed=76.4s
step   850/900 tau=0.0342 loss=0.434247 mse_soft=0.434123 ent_in=0.3322 ent_out=0.0813 rowmax_in=0.8309 rowmax_out=0.9675 discrete_mse=28.764149 best_discrete=10.629749 hash=False elapsed=78.6s
step   875/900 tau=0.0309 loss=0.410312 mse_soft=0.410174 ent_in=0.3503 ent_out=0.1105 rowmax_in=0.8137 rowmax_out=0.9529 discrete_mse=28.764149 best_discrete=10.629749 hash=False elapsed=80.8s
step   900/900 tau=0.0280 loss=0.435943 mse_soft=0.435818 ent_in=0.2806 ent_out=0.1374 rowmax_in=0.8449 rowmax_out=0.9188 discrete_mse=13.669352 best_discrete=10.629749 hash=False elapsed=83.0s

Final metrics:
  soft_mse_full=0.434596
  rowmax_in_mean=0.8418
  rowmax_out_mean=0.9192
  ent_in_mean=0.2858
  ent_out_mean=0.1373
  final_discrete_mse=13.669352
  hash_match=False
  best_discrete_mse_seen=10.629749
Saved results to overnight_b182_j2.json
