Using device: cuda
Train rows: 4096 / Full rows: 10000, steps=900, lr=0.03
step     1/900 tau=1.0000 loss=1.081156 mse_soft=1.078833 ent_in=3.8712 ent_out=3.8712 rowmax_in=0.0213 rowmax_out=0.0213 discrete_mse=24.540903 best_discrete=24.540903 hash=False elapsed=0.5s
step    25/900 tau=0.9106 loss=0.869260 mse_soft=0.867070 ent_in=3.6329 ent_out=3.6672 rowmax_in=0.0472 rowmax_out=0.0439 discrete_mse=1117.363037 best_discrete=24.540903 hash=False elapsed=2.7s
step    50/900 tau=0.8260 loss=0.640383 mse_soft=0.638485 ent_in=3.1145 ent_out=3.2107 rowmax_in=0.0967 rowmax_out=0.0884 discrete_mse=9033.726562 best_discrete=24.540903 hash=False elapsed=4.7s
step    75/900 tau=0.7493 loss=0.508356 mse_soft=0.506776 ent_in=2.5913 ent_out=2.6746 rowmax_in=0.1989 rowmax_out=0.2019 discrete_mse=3637.987549 best_discrete=24.540903 hash=False elapsed=6.9s
step   100/900 tau=0.6797 loss=0.411746 mse_soft=0.410563 ent_in=2.0398 ent_out=1.9034 rowmax_in=0.3248 rowmax_out=0.4121 discrete_mse=2946.979980 best_discrete=24.540903 hash=False elapsed=9.2s
step   125/900 tau=0.6165 loss=0.341035 mse_soft=0.340196 ent_in=1.5981 ent_out=1.1985 rowmax_in=0.4351 rowmax_out=0.6044 discrete_mse=102.949707 best_discrete=24.540903 hash=False elapsed=11.3s
step   150/900 tau=0.5592 loss=0.314276 mse_soft=0.313594 ent_in=1.4441 ent_out=0.8296 rowmax_in=0.4598 rowmax_out=0.7026 discrete_mse=573.820496 best_discrete=24.540903 hash=False elapsed=13.6s
step   175/900 tau=0.5073 loss=0.300071 mse_soft=0.299454 ent_in=1.3742 ent_out=0.6835 rowmax_in=0.4635 rowmax_out=0.7453 discrete_mse=1893.779907 best_discrete=24.540903 hash=False elapsed=15.8s
step   200/900 tau=0.4602 loss=0.291034 mse_soft=0.290461 ent_in=1.3132 ent_out=0.5939 rowmax_in=0.4767 rowmax_out=0.7693 discrete_mse=1171.211182 best_discrete=24.540903 hash=False elapsed=18.0s
step   225/900 tau=0.4174 loss=0.284546 mse_soft=0.284009 ent_in=1.2651 ent_out=0.5272 rowmax_in=0.4844 rowmax_out=0.7870 discrete_mse=1182.873413 best_discrete=24.540903 hash=False elapsed=20.2s
step   250/900 tau=0.3786 loss=0.277900 mse_soft=0.277378 ent_in=1.2348 ent_out=0.5034 rowmax_in=0.4902 rowmax_out=0.7920 discrete_mse=939.968994 best_discrete=24.540903 hash=False elapsed=22.5s
step   275/900 tau=0.3434 loss=0.275463 mse_soft=0.274957 ent_in=1.2060 ent_out=0.4794 rowmax_in=0.4947 rowmax_out=0.7967 discrete_mse=1170.844971 best_discrete=24.540903 hash=False elapsed=24.6s
step   300/900 tau=0.3115 loss=0.276328 mse_soft=0.275833 ent_in=1.1875 ent_out=0.4627 rowmax_in=0.4970 rowmax_out=0.8026 discrete_mse=2532.156494 best_discrete=24.540903 hash=False elapsed=26.9s
step   325/900 tau=0.2826 loss=0.272817 mse_soft=0.272327 ent_in=1.1806 ent_out=0.4508 rowmax_in=0.4973 rowmax_out=0.8070 discrete_mse=1023.222168 best_discrete=24.540903 hash=False elapsed=29.0s
step   350/900 tau=0.2563 loss=0.273899 mse_soft=0.273414 ent_in=1.1749 ent_out=0.4441 rowmax_in=0.4978 rowmax_out=0.8078 discrete_mse=2532.156494 best_discrete=24.540903 hash=False elapsed=31.3s
step   375/900 tau=0.2325 loss=0.271746 mse_soft=0.271265 ent_in=1.1665 ent_out=0.4360 rowmax_in=0.4997 rowmax_out=0.8087 discrete_mse=2532.156494 best_discrete=24.540903 hash=False elapsed=33.7s
step   400/900 tau=0.2109 loss=0.277786 mse_soft=0.277310 ent_in=1.1466 ent_out=0.4399 rowmax_in=0.5029 rowmax_out=0.7952 discrete_mse=1241.727539 best_discrete=24.540903 hash=False elapsed=36.0s
step   425/900 tau=0.1913 loss=0.273144 mse_soft=0.272675 ent_in=1.1458 ent_out=0.4180 rowmax_in=0.5028 rowmax_out=0.8119 discrete_mse=1145.957031 best_discrete=24.540903 hash=False elapsed=38.2s
step   450/900 tau=0.1735 loss=0.272944 mse_soft=0.272477 ent_in=1.1392 ent_out=0.4179 rowmax_in=0.5036 rowmax_out=0.8068 discrete_mse=937.750977 best_discrete=24.540903 hash=False elapsed=40.6s
step   475/900 tau=0.1574 loss=0.273838 mse_soft=0.273372 ent_in=1.1400 ent_out=0.4121 rowmax_in=0.5016 rowmax_out=0.8087 discrete_mse=1983.274292 best_discrete=24.540903 hash=False elapsed=42.8s
step   500/900 tau=0.1428 loss=0.275365 mse_soft=0.274900 ent_in=1.1395 ent_out=0.4092 rowmax_in=0.4989 rowmax_out=0.8075 discrete_mse=1988.639526 best_discrete=24.540903 hash=False elapsed=45.1s
step   525/900 tau=0.1295 loss=0.279512 mse_soft=0.279048 ent_in=1.1315 ent_out=0.4133 rowmax_in=0.5014 rowmax_out=0.8010 discrete_mse=900.442261 best_discrete=24.540903 hash=False elapsed=47.4s
step   550/900 tau=0.1175 loss=0.275282 mse_soft=0.274820 ent_in=1.1363 ent_out=0.4041 rowmax_in=0.5006 rowmax_out=0.8053 discrete_mse=1144.112427 best_discrete=24.540903 hash=False elapsed=49.7s
step   575/900 tau=0.1066 loss=0.281730 mse_soft=0.281271 ent_in=1.1300 ent_out=0.4015 rowmax_in=0.4979 rowmax_out=0.8064 discrete_mse=268.121338 best_discrete=24.540903 hash=False elapsed=52.0s
step   600/900 tau=0.0967 loss=0.298068 mse_soft=0.297618 ent_in=1.1044 ent_out=0.3958 rowmax_in=0.5062 rowmax_out=0.8089 discrete_mse=853.219482 best_discrete=24.540903 hash=False elapsed=54.3s
step   625/900 tau=0.0877 loss=0.278336 mse_soft=0.277895 ent_in=1.0820 ent_out=0.3855 rowmax_in=0.5133 rowmax_out=0.8132 discrete_mse=1401.325928 best_discrete=24.540903 hash=False elapsed=56.6s
step   650/900 tau=0.0795 loss=0.302447 mse_soft=0.302016 ent_in=1.0519 ent_out=0.3857 rowmax_in=0.5152 rowmax_out=0.8076 discrete_mse=607.220825 best_discrete=24.540903 hash=False elapsed=58.9s
step   675/900 tau=0.0722 loss=0.275099 mse_soft=0.274671 ent_in=1.0491 ent_out=0.3750 rowmax_in=0.5177 rowmax_out=0.8134 discrete_mse=198.410324 best_discrete=24.540903 hash=False elapsed=61.1s
step   700/900 tau=0.0655 loss=0.306859 mse_soft=0.306434 ent_in=1.0434 ent_out=0.3731 rowmax_in=0.5232 rowmax_out=0.8147 discrete_mse=1078.214478 best_discrete=24.540903 hash=False elapsed=63.3s
step   725/900 tau=0.0594 loss=0.306669 mse_soft=0.306275 ent_in=0.9635 ent_out=0.3489 rowmax_in=0.5496 rowmax_out=0.8242 discrete_mse=287.230560 best_discrete=24.540903 hash=False elapsed=65.4s
step   750/900 tau=0.0539 loss=0.293362 mse_soft=0.292985 ent_in=0.9090 ent_out=0.3451 rowmax_in=0.5551 rowmax_out=0.8092 discrete_mse=456.105194 best_discrete=24.540903 hash=False elapsed=67.6s
step   775/900 tau=0.0489 loss=0.290760 mse_soft=0.290389 ent_in=0.8991 ent_out=0.3380 rowmax_in=0.5533 rowmax_out=0.8106 discrete_mse=218.874451 best_discrete=24.540903 hash=False elapsed=69.7s
step   800/900 tau=0.0443 loss=0.297332 mse_soft=0.296963 ent_in=0.8961 ent_out=0.3360 rowmax_in=0.5552 rowmax_out=0.8143 discrete_mse=95.987106 best_discrete=24.540903 hash=False elapsed=72.0s
step   825/900 tau=0.0402 loss=0.369152 mse_soft=0.368842 ent_in=0.7613 ent_out=0.2725 rowmax_in=0.6313 rowmax_out=0.8645 discrete_mse=470.413452 best_discrete=24.540903 hash=False elapsed=74.2s
step   850/900 tau=0.0365 loss=0.480799 mse_soft=0.480627 ent_in=0.3256 ent_out=0.2457 rowmax_in=0.8266 rowmax_out=0.8711 discrete_mse=104.668915 best_discrete=24.540903 hash=False elapsed=76.5s
step   875/900 tau=0.0331 loss=0.470785 mse_soft=0.470651 ent_in=0.2663 ent_out=0.1793 rowmax_in=0.8521 rowmax_out=0.9083 discrete_mse=48.911247 best_discrete=24.540903 hash=False elapsed=78.6s
step   900/900 tau=0.0300 loss=0.448271 mse_soft=0.448134 ent_in=0.2818 ent_out=0.1745 rowmax_in=0.8275 rowmax_out=0.9120 discrete_mse=21.119572 best_discrete=21.119572 hash=False elapsed=80.5s

Final metrics:
  soft_mse_full=0.477752
  rowmax_in_mean=0.8331
  rowmax_out_mean=0.9039
  ent_in_mean=0.2790
  ent_out_mean=0.1827
  final_discrete_mse=11.613869
  hash_match=False
  best_discrete_mse_seen=21.119572
Saved results to overnight_b136_j1.json
