Using device: cuda
Train rows: 10000 / Full rows: 10000, steps=700, lr=0.015
step     1/700 tau=1.0000 loss=1.064197 mse_soft=1.063422 ent_in=3.8712 ent_out=3.8712 rowmax_in=0.0213 rowmax_out=0.0213 discrete_mse=303.057007 best_discrete=303.057007 hash=False elapsed=0.5s
step    25/700 tau=0.8810 loss=0.972012 mse_soft=0.971253 ent_in=3.7932 ent_out=3.8054 rowmax_in=0.0329 rowmax_out=0.0322 discrete_mse=4523.945312 best_discrete=303.057007 hash=False elapsed=2.7s
step    50/700 tau=0.7721 loss=0.785936 mse_soft=0.785228 ent_in=3.5142 ent_out=3.5647 rowmax_in=0.0562 rowmax_out=0.0546 discrete_mse=4329.260254 best_discrete=303.057007 hash=False elapsed=5.2s
step    75/700 tau=0.6767 loss=0.643314 mse_soft=0.642677 ent_in=3.1322 ent_out=3.2322 rowmax_in=0.0966 rowmax_out=0.0913 discrete_mse=3288.196777 best_discrete=303.057007 hash=False elapsed=7.7s
step   100/700 tau=0.5931 loss=0.531038 mse_soft=0.530484 ent_in=2.7231 ent_out=2.8129 rowmax_in=0.1799 rowmax_out=0.1731 discrete_mse=1564.361572 best_discrete=303.057007 hash=False elapsed=10.1s
step   125/700 tau=0.5198 loss=0.437277 mse_soft=0.436839 ent_in=2.2079 ent_out=2.1729 rowmax_in=0.2996 rowmax_out=0.3102 discrete_mse=529.558167 best_discrete=303.057007 hash=False elapsed=12.5s
step   150/700 tau=0.4555 loss=0.368308 mse_soft=0.367978 ent_in=1.7625 ent_out=1.5339 rowmax_in=0.4050 rowmax_out=0.4964 discrete_mse=174.457413 best_discrete=174.457413 hash=False elapsed=14.9s
step   175/700 tau=0.3992 loss=0.335365 mse_soft=0.335108 ent_in=1.5129 ent_out=1.0577 rowmax_in=0.4479 rowmax_out=0.6403 discrete_mse=295.458527 best_discrete=174.457413 hash=False elapsed=17.3s
step   200/700 tau=0.3499 loss=0.318546 mse_soft=0.318333 ent_in=1.3684 ent_out=0.7642 rowmax_in=0.4709 rowmax_out=0.7310 discrete_mse=155.595337 best_discrete=155.595337 hash=False elapsed=19.8s
step   225/700 tau=0.3066 loss=0.305655 mse_soft=0.305469 ent_in=1.2699 ent_out=0.5857 rowmax_in=0.4898 rowmax_out=0.7817 discrete_mse=166.052414 best_discrete=155.595337 hash=False elapsed=22.3s
step   250/700 tau=0.2687 loss=0.298051 mse_soft=0.297889 ent_in=1.1736 ent_out=0.4477 rowmax_in=0.5103 rowmax_out=0.8288 discrete_mse=200.451355 best_discrete=155.595337 hash=False elapsed=24.9s
step   275/700 tau=0.2355 loss=0.293048 mse_soft=0.292900 ent_in=1.1390 ent_out=0.3404 rowmax_in=0.5196 rowmax_out=0.8656 discrete_mse=189.033478 best_discrete=155.595337 hash=False elapsed=27.6s
step   300/700 tau=0.2064 loss=0.290674 mse_soft=0.290532 ent_in=1.1177 ent_out=0.2982 rowmax_in=0.5240 rowmax_out=0.8779 discrete_mse=292.072205 best_discrete=155.595337 hash=False elapsed=29.9s
step   325/700 tau=0.1809 loss=0.289078 mse_soft=0.288939 ent_in=1.1087 ent_out=0.2731 rowmax_in=0.5257 rowmax_out=0.8861 discrete_mse=292.072205 best_discrete=155.595337 hash=False elapsed=32.4s
step   350/700 tau=0.1585 loss=0.287007 mse_soft=0.286873 ent_in=1.0831 ent_out=0.2544 rowmax_in=0.5358 rowmax_out=0.8941 discrete_mse=292.072205 best_discrete=155.595337 hash=False elapsed=34.7s
step   375/700 tau=0.1389 loss=0.286024 mse_soft=0.285893 ent_in=1.0687 ent_out=0.2443 rowmax_in=0.5371 rowmax_out=0.8986 discrete_mse=198.557892 best_discrete=155.595337 hash=False elapsed=37.1s
step   400/700 tau=0.1218 loss=0.286314 mse_soft=0.286185 ent_in=1.0610 ent_out=0.2298 rowmax_in=0.5365 rowmax_out=0.9043 discrete_mse=163.987839 best_discrete=155.595337 hash=False elapsed=39.6s
step   425/700 tau=0.1067 loss=0.285937 mse_soft=0.285809 ent_in=1.0596 ent_out=0.2193 rowmax_in=0.5368 rowmax_out=0.9077 discrete_mse=163.987839 best_discrete=155.595337 hash=False elapsed=42.1s
step   450/700 tau=0.0935 loss=0.285103 mse_soft=0.284976 ent_in=1.0540 ent_out=0.2140 rowmax_in=0.5351 rowmax_out=0.9090 discrete_mse=163.987839 best_discrete=155.595337 hash=False elapsed=44.6s
step   475/700 tau=0.0820 loss=0.293807 mse_soft=0.293681 ent_in=1.0489 ent_out=0.2075 rowmax_in=0.5368 rowmax_out=0.9103 discrete_mse=163.987839 best_discrete=155.595337 hash=False elapsed=47.1s
step   500/700 tau=0.0718 loss=0.302968 mse_soft=0.302843 ent_in=1.0463 ent_out=0.2040 rowmax_in=0.5405 rowmax_out=0.9119 discrete_mse=90.514000 best_discrete=90.514000 hash=False elapsed=49.5s
step   525/700 tau=0.0630 loss=0.285196 mse_soft=0.285071 ent_in=1.0464 ent_out=0.2074 rowmax_in=0.5368 rowmax_out=0.9097 discrete_mse=85.306320 best_discrete=85.306320 hash=False elapsed=51.9s
step   550/700 tau=0.0552 loss=0.301349 mse_soft=0.301224 ent_in=1.0361 ent_out=0.2167 rowmax_in=0.5427 rowmax_out=0.9034 discrete_mse=85.306320 best_discrete=85.306320 hash=False elapsed=54.6s
step   575/700 tau=0.0484 loss=0.288298 mse_soft=0.288175 ent_in=1.0282 ent_out=0.2012 rowmax_in=0.5467 rowmax_out=0.9133 discrete_mse=85.306320 best_discrete=85.306320 hash=False elapsed=56.9s
step   600/700 tau=0.0424 loss=0.285733 mse_soft=0.285610 ent_in=1.0192 ent_out=0.2063 rowmax_in=0.5492 rowmax_out=0.9085 discrete_mse=85.306320 best_discrete=85.306320 hash=False elapsed=59.2s
step   625/700 tau=0.0371 loss=0.374113 mse_soft=0.373997 ent_in=0.9862 ent_out=0.1738 rowmax_in=0.5619 rowmax_out=0.9238 discrete_mse=79.513649 best_discrete=79.513649 hash=False elapsed=61.6s
step   650/700 tau=0.0325 loss=0.306313 mse_soft=0.306213 ent_in=0.8338 ent_out=0.1612 rowmax_in=0.6258 rowmax_out=0.9171 discrete_mse=33.981316 best_discrete=33.981316 hash=False elapsed=63.8s
step   675/700 tau=0.0285 loss=0.366749 mse_soft=0.366656 ent_in=0.7706 ent_out=0.1589 rowmax_in=0.6509 rowmax_out=0.9176 discrete_mse=44.188953 best_discrete=33.981316 hash=False elapsed=66.3s
step   700/700 tau=0.0250 loss=0.307342 mse_soft=0.307249 ent_in=0.7684 ent_out=0.1614 rowmax_in=0.6346 rowmax_out=0.9162 discrete_mse=116.847122 best_discrete=33.981316 hash=False elapsed=68.6s

Final metrics:
  soft_mse_full=0.310993
  rowmax_in_mean=0.6358
  rowmax_out_mean=0.9146
  ent_in_mean=0.7704
  ent_out_mean=0.1625
  final_discrete_mse=94.706917
  hash_match=False
  best_discrete_mse_seen=33.981316
Saved results to overnight_b181_j4.json
