Using device: cuda
Train rows: 10000 / Full rows: 10000, steps=700, lr=0.02
step     1/700 tau=1.0000 loss=1.065722 mse_soft=1.063399 ent_in=3.8712 ent_out=3.8712 rowmax_in=0.0213 rowmax_out=0.0213 discrete_mse=119.143181 best_discrete=119.143181 hash=False elapsed=0.5s
step    25/700 tau=0.8866 loss=0.934886 mse_soft=0.932635 ent_in=3.7412 ent_out=3.7629 rowmax_in=0.0372 rowmax_out=0.0363 discrete_mse=1135.602173 best_discrete=119.143181 hash=False elapsed=2.7s
step    50/700 tau=0.7821 loss=0.711155 mse_soft=0.709121 ent_in=3.3566 ent_out=3.4240 rowmax_in=0.0692 rowmax_out=0.0665 discrete_mse=3727.392822 best_discrete=119.143181 hash=False elapsed=4.7s
step    75/700 tau=0.6899 loss=0.589779 mse_soft=0.587980 ent_in=2.9354 ent_out=3.0620 rowmax_in=0.1306 rowmax_out=0.1195 discrete_mse=457.945648 best_discrete=119.143181 hash=False elapsed=6.8s
step   100/700 tau=0.6086 loss=0.480391 mse_soft=0.478929 ent_in=2.4394 ent_out=2.4342 rowmax_in=0.2399 rowmax_out=0.2588 discrete_mse=220.652176 best_discrete=119.143181 hash=False elapsed=8.9s
step   125/700 tau=0.5368 loss=0.392540 mse_soft=0.391461 ent_in=1.9191 ent_out=1.6804 rowmax_in=0.3621 rowmax_out=0.4620 discrete_mse=623.172913 best_discrete=119.143181 hash=False elapsed=11.2s
step   150/700 tau=0.4736 loss=0.346583 mse_soft=0.345772 ent_in=1.5859 ent_out=1.1173 rowmax_in=0.4290 rowmax_out=0.6348 discrete_mse=294.386719 best_discrete=119.143181 hash=False elapsed=13.3s
step   175/700 tau=0.4177 loss=0.326087 mse_soft=0.325425 ent_in=1.4130 ent_out=0.7913 rowmax_in=0.4585 rowmax_out=0.7206 discrete_mse=154.384445 best_discrete=119.143181 hash=False elapsed=15.5s
step   200/700 tau=0.3685 loss=0.315964 mse_soft=0.315362 ent_in=1.3396 ent_out=0.6663 rowmax_in=0.4702 rowmax_out=0.7455 discrete_mse=38.523117 best_discrete=38.523117 hash=False elapsed=17.8s
step   225/700 tau=0.3251 loss=0.308585 mse_soft=0.308019 ent_in=1.2938 ent_out=0.5932 rowmax_in=0.4806 rowmax_out=0.7624 discrete_mse=70.496872 best_discrete=38.523117 hash=False elapsed=19.9s
step   250/700 tau=0.2868 loss=0.303150 mse_soft=0.302617 ent_in=1.2378 ent_out=0.5417 rowmax_in=0.4922 rowmax_out=0.7771 discrete_mse=58.170418 best_discrete=38.523117 hash=False elapsed=22.2s
step   275/700 tau=0.2530 loss=0.299045 mse_soft=0.298531 ent_in=1.2094 ent_out=0.5034 rowmax_in=0.4957 rowmax_out=0.7897 discrete_mse=590.091858 best_discrete=38.523117 hash=False elapsed=24.5s
step   300/700 tau=0.2231 loss=0.299316 mse_soft=0.298820 ent_in=1.1857 ent_out=0.4680 rowmax_in=0.4955 rowmax_out=0.8068 discrete_mse=616.800659 best_discrete=38.523117 hash=False elapsed=26.8s
step   325/700 tau=0.1968 loss=0.295598 mse_soft=0.295117 ent_in=1.1680 ent_out=0.4348 rowmax_in=0.4935 rowmax_out=0.8213 discrete_mse=729.066895 best_discrete=38.523117 hash=False elapsed=29.2s
step   350/700 tau=0.1736 loss=0.297570 mse_soft=0.297105 ent_in=1.1441 ent_out=0.4087 rowmax_in=0.4979 rowmax_out=0.8296 discrete_mse=1110.048218 best_discrete=38.523117 hash=False elapsed=31.3s
step   375/700 tau=0.1532 loss=0.294493 mse_soft=0.294036 ent_in=1.1320 ent_out=0.3918 rowmax_in=0.4989 rowmax_out=0.8332 discrete_mse=1248.379883 best_discrete=38.523117 hash=False elapsed=33.4s
step   400/700 tau=0.1351 loss=0.292837 mse_soft=0.292387 ent_in=1.1212 ent_out=0.3801 rowmax_in=0.4988 rowmax_out=0.8354 discrete_mse=1160.402588 best_discrete=38.523117 hash=False elapsed=35.5s
step   425/700 tau=0.1192 loss=0.293577 mse_soft=0.293132 ent_in=1.1105 ent_out=0.3743 rowmax_in=0.5028 rowmax_out=0.8351 discrete_mse=833.911133 best_discrete=38.523117 hash=False elapsed=37.7s
step   450/700 tau=0.1051 loss=0.294400 mse_soft=0.293958 ent_in=1.0979 ent_out=0.3741 rowmax_in=0.5054 rowmax_out=0.8322 discrete_mse=1925.634766 best_discrete=38.523117 hash=False elapsed=39.9s
step   475/700 tau=0.0928 loss=0.300276 mse_soft=0.299839 ent_in=1.0844 ent_out=0.3721 rowmax_in=0.5113 rowmax_out=0.8364 discrete_mse=1532.400146 best_discrete=38.523117 hash=False elapsed=42.0s
step   500/700 tau=0.0818 loss=0.293680 mse_soft=0.293246 ent_in=1.0732 ent_out=0.3724 rowmax_in=0.5124 rowmax_out=0.8347 discrete_mse=1532.400146 best_discrete=38.523117 hash=False elapsed=44.1s
step   525/700 tau=0.0722 loss=0.302961 mse_soft=0.302527 ent_in=1.0723 ent_out=0.3726 rowmax_in=0.5114 rowmax_out=0.8342 discrete_mse=828.781494 best_discrete=38.523117 hash=False elapsed=46.4s
step   550/700 tau=0.0637 loss=0.321974 mse_soft=0.321550 ent_in=1.0370 ent_out=0.3747 rowmax_in=0.5288 rowmax_out=0.8307 discrete_mse=904.879089 best_discrete=38.523117 hash=False elapsed=48.6s
step   575/700 tau=0.0562 loss=0.332489 mse_soft=0.332076 ent_in=1.0248 ent_out=0.3524 rowmax_in=0.5299 rowmax_out=0.8316 discrete_mse=448.554932 best_discrete=38.523117 hash=False elapsed=50.6s
step   600/700 tau=0.0495 loss=0.327192 mse_soft=0.326833 ent_in=0.9009 ent_out=0.2962 rowmax_in=0.5759 rowmax_out=0.8650 discrete_mse=364.213226 best_discrete=38.523117 hash=False elapsed=52.6s
step   625/700 tau=0.0437 loss=0.311506 mse_soft=0.311151 ent_in=0.8822 ent_out=0.2996 rowmax_in=0.5833 rowmax_out=0.8625 discrete_mse=378.282501 best_discrete=38.523117 hash=False elapsed=54.6s
step   650/700 tau=0.0386 loss=0.312360 mse_soft=0.311999 ent_in=0.8934 ent_out=0.3098 rowmax_in=0.5770 rowmax_out=0.8546 discrete_mse=307.379669 best_discrete=38.523117 hash=False elapsed=56.9s
step   675/700 tau=0.0340 loss=0.335008 mse_soft=0.334656 ent_in=0.8666 ent_out=0.3091 rowmax_in=0.5996 rowmax_out=0.8585 discrete_mse=378.282501 best_discrete=38.523117 hash=False elapsed=59.0s
step   700/700 tau=0.0300 loss=0.439395 mse_soft=0.439176 ent_in=0.4760 ent_out=0.2518 rowmax_in=0.7732 rowmax_out=0.8744 discrete_mse=100.973999 best_discrete=38.523117 hash=False elapsed=61.1s

Final metrics:
  soft_mse_full=0.449457
  rowmax_in_mean=0.7789
  rowmax_out_mean=0.8739
  ent_in_mean=0.4686
  ent_out_mean=0.2506
  final_discrete_mse=151.424042
  hash_match=False
  best_discrete_mse_seen=38.523117
Saved results to overnight_b011_j3.json
