Using device: cuda
Train rows: 10000 / Full rows: 10000, steps=700, lr=0.02
step     1/700 tau=1.0000 loss=1.065713 mse_soft=1.063390 ent_in=3.8712 ent_out=3.8712 rowmax_in=0.0213 rowmax_out=0.0213 discrete_mse=215.961349 best_discrete=215.961349 hash=False elapsed=0.5s
step    25/700 tau=0.8866 loss=0.935359 mse_soft=0.933108 ent_in=3.7426 ent_out=3.7631 rowmax_in=0.0372 rowmax_out=0.0361 discrete_mse=1120.140381 best_discrete=215.961349 hash=False elapsed=2.4s
step    50/700 tau=0.7821 loss=0.712197 mse_soft=0.710161 ent_in=3.3630 ent_out=3.4237 rowmax_in=0.0694 rowmax_out=0.0664 discrete_mse=3611.138672 best_discrete=215.961349 hash=False elapsed=4.5s
step    75/700 tau=0.6899 loss=0.586664 mse_soft=0.584865 ent_in=2.9368 ent_out=3.0592 rowmax_in=0.1296 rowmax_out=0.1231 discrete_mse=633.360291 best_discrete=215.961349 hash=False elapsed=6.6s
step   100/700 tau=0.6086 loss=0.472071 mse_soft=0.470619 ent_in=2.4250 ent_out=2.4151 rowmax_in=0.2336 rowmax_out=0.2621 discrete_mse=1174.702026 best_discrete=215.961349 hash=False elapsed=8.7s
step   125/700 tau=0.5368 loss=0.381841 mse_soft=0.380784 ent_in=1.8578 ent_out=1.6659 rowmax_in=0.3742 rowmax_out=0.4702 discrete_mse=2094.884033 best_discrete=215.961349 hash=False elapsed=10.7s
step   150/700 tau=0.4736 loss=0.331291 mse_soft=0.330532 ent_in=1.4901 ent_out=1.0421 rowmax_in=0.4567 rowmax_out=0.6575 discrete_mse=726.743713 best_discrete=215.961349 hash=False elapsed=12.9s
step   175/700 tau=0.4177 loss=0.312488 mse_soft=0.311877 ent_in=1.3449 ent_out=0.6938 rowmax_in=0.4820 rowmax_out=0.7683 discrete_mse=668.168396 best_discrete=215.961349 hash=False elapsed=15.0s
step   200/700 tau=0.3685 loss=0.303399 mse_soft=0.302847 ent_in=1.2744 ent_out=0.5643 rowmax_in=0.4896 rowmax_out=0.7948 discrete_mse=477.700378 best_discrete=215.961349 hash=False elapsed=17.2s
step   225/700 tau=0.3251 loss=0.296983 mse_soft=0.296480 ent_in=1.2047 ent_out=0.4721 rowmax_in=0.5084 rowmax_out=0.8176 discrete_mse=435.554474 best_discrete=215.961349 hash=False elapsed=19.4s
step   250/700 tau=0.2868 loss=0.292833 mse_soft=0.292359 ent_in=1.1642 ent_out=0.4177 rowmax_in=0.5121 rowmax_out=0.8322 discrete_mse=257.682800 best_discrete=215.961349 hash=False elapsed=21.5s
step   275/700 tau=0.2530 loss=0.291091 mse_soft=0.290641 ent_in=1.1323 ent_out=0.3701 rowmax_in=0.5204 rowmax_out=0.8475 discrete_mse=325.983307 best_discrete=215.961349 hash=False elapsed=23.7s
step   300/700 tau=0.2231 loss=0.288149 mse_soft=0.287708 ent_in=1.1137 ent_out=0.3559 rowmax_in=0.5229 rowmax_out=0.8515 discrete_mse=325.983307 best_discrete=215.961349 hash=False elapsed=25.9s
step   325/700 tau=0.1968 loss=0.286814 mse_soft=0.286387 ent_in=1.0831 ent_out=0.3404 rowmax_in=0.5337 rowmax_out=0.8545 discrete_mse=246.690399 best_discrete=215.961349 hash=False elapsed=28.3s
step   350/700 tau=0.1736 loss=0.286869 mse_soft=0.286456 ent_in=1.0612 ent_out=0.3170 rowmax_in=0.5371 rowmax_out=0.8630 discrete_mse=246.690399 best_discrete=215.961349 hash=False elapsed=30.5s
step   375/700 tau=0.1532 loss=0.283235 mse_soft=0.282836 ent_in=1.0362 ent_out=0.2954 rowmax_in=0.5447 rowmax_out=0.8715 discrete_mse=361.701752 best_discrete=215.961349 hash=False elapsed=32.8s
step   400/700 tau=0.1351 loss=0.283908 mse_soft=0.283523 ent_in=1.0158 ent_out=0.2649 rowmax_in=0.5504 rowmax_out=0.8817 discrete_mse=361.701752 best_discrete=215.961349 hash=False elapsed=35.1s
step   425/700 tau=0.1192 loss=0.283645 mse_soft=0.283263 ent_in=1.0080 ent_out=0.2635 rowmax_in=0.5492 rowmax_out=0.8813 discrete_mse=246.991943 best_discrete=215.961349 hash=False elapsed=37.2s
step   450/700 tau=0.1051 loss=0.281107 mse_soft=0.280727 ent_in=1.0039 ent_out=0.2598 rowmax_in=0.5503 rowmax_out=0.8828 discrete_mse=74.654572 best_discrete=74.654572 hash=False elapsed=39.4s
step   475/700 tau=0.0928 loss=0.286557 mse_soft=0.286179 ent_in=1.0003 ent_out=0.2599 rowmax_in=0.5510 rowmax_out=0.8866 discrete_mse=182.966660 best_discrete=74.654572 hash=False elapsed=41.8s
step   500/700 tau=0.0818 loss=0.281196 mse_soft=0.280819 ent_in=0.9965 ent_out=0.2606 rowmax_in=0.5496 rowmax_out=0.8850 discrete_mse=182.966660 best_discrete=74.654572 hash=False elapsed=43.9s
step   525/700 tau=0.0722 loss=0.290170 mse_soft=0.289794 ent_in=0.9919 ent_out=0.2625 rowmax_in=0.5515 rowmax_out=0.8814 discrete_mse=182.966660 best_discrete=74.654572 hash=False elapsed=46.3s
step   550/700 tau=0.0637 loss=0.291152 mse_soft=0.290777 ent_in=0.9891 ent_out=0.2627 rowmax_in=0.5509 rowmax_out=0.8806 discrete_mse=262.264587 best_discrete=74.654572 hash=False elapsed=48.5s
step   575/700 tau=0.0562 loss=0.289862 mse_soft=0.289488 ent_in=0.9831 ent_out=0.2621 rowmax_in=0.5545 rowmax_out=0.8823 discrete_mse=246.991943 best_discrete=74.654572 hash=False elapsed=50.8s
step   600/700 tau=0.0495 loss=0.284732 mse_soft=0.284363 ent_in=0.9712 ent_out=0.2583 rowmax_in=0.5571 rowmax_out=0.8803 discrete_mse=285.010406 best_discrete=74.654572 hash=False elapsed=53.1s
step   625/700 tau=0.0437 loss=0.307487 mse_soft=0.307162 ent_in=0.8527 ent_out=0.2301 rowmax_in=0.5949 rowmax_out=0.8892 discrete_mse=137.066574 best_discrete=74.654572 hash=False elapsed=55.2s
step   650/700 tau=0.0386 loss=0.403820 mse_soft=0.403578 ent_in=0.6203 ent_out=0.1869 rowmax_in=0.6614 rowmax_out=0.9011 discrete_mse=45.909943 best_discrete=45.909943 hash=False elapsed=57.4s
step   675/700 tau=0.0340 loss=0.377783 mse_soft=0.377558 ent_in=0.5814 ent_out=0.1696 rowmax_in=0.6955 rowmax_out=0.9120 discrete_mse=122.170746 best_discrete=45.909943 hash=False elapsed=59.6s
step   700/700 tau=0.0300 loss=0.371396 mse_soft=0.371166 ent_in=0.6010 ent_out=0.1652 rowmax_in=0.6843 rowmax_out=0.9134 discrete_mse=204.290558 best_discrete=45.909943 hash=False elapsed=61.8s

Final metrics:
  soft_mse_full=0.372196
  rowmax_in_mean=0.6843
  rowmax_out_mean=0.9132
  ent_in_mean=0.6025
  ent_out_mean=0.1657
  final_discrete_mse=204.290558
  hash_match=False
  best_discrete_mse_seen=45.909943
Saved results to overnight_b149_j3.json
