Using device: cuda
Train rows: 4096 / Full rows: 10000, steps=900, lr=0.03
step     1/900 tau=1.0000 loss=1.051831 mse_soft=1.049508 ent_in=3.8712 ent_out=3.8712 rowmax_in=0.0213 rowmax_out=0.0213 discrete_mse=46.632401 best_discrete=46.632401 hash=False elapsed=0.5s
step    25/900 tau=0.9106 loss=0.850455 mse_soft=0.848263 ent_in=3.6361 ent_out=3.6707 rowmax_in=0.0456 rowmax_out=0.0432 discrete_mse=2346.103516 best_discrete=46.632401 hash=False elapsed=2.7s
step    50/900 tau=0.8260 loss=0.642612 mse_soft=0.640698 ent_in=3.1402 ent_out=3.2384 rowmax_in=0.0954 rowmax_out=0.0861 discrete_mse=12852.349609 best_discrete=46.632401 hash=False elapsed=4.9s
step    75/900 tau=0.7493 loss=0.501862 mse_soft=0.500275 ent_in=2.6182 ent_out=2.6717 rowmax_in=0.2055 rowmax_out=0.1942 discrete_mse=378.021881 best_discrete=46.632401 hash=False elapsed=7.1s
step   100/900 tau=0.6797 loss=0.391505 mse_soft=0.390356 ent_in=1.9956 ent_out=1.8329 rowmax_in=0.3630 rowmax_out=0.4141 discrete_mse=1441.084595 best_discrete=46.632401 hash=False elapsed=9.3s
step   125/900 tau=0.6165 loss=0.337966 mse_soft=0.337107 ent_in=1.6257 ent_out=1.2382 rowmax_in=0.4367 rowmax_out=0.6048 discrete_mse=1922.653198 best_discrete=46.632401 hash=False elapsed=11.7s
step   150/900 tau=0.5592 loss=0.314695 mse_soft=0.313998 ent_in=1.4321 ent_out=0.8895 rowmax_in=0.4750 rowmax_out=0.7102 discrete_mse=1168.761353 best_discrete=46.632401 hash=False elapsed=14.0s
step   175/900 tau=0.5073 loss=0.303004 mse_soft=0.302399 ent_in=1.3151 ent_out=0.7039 rowmax_in=0.4985 rowmax_out=0.7505 discrete_mse=2133.057129 best_discrete=46.632401 hash=False elapsed=16.4s
step   200/900 tau=0.4602 loss=0.295221 mse_soft=0.294662 ent_in=1.2563 ent_out=0.6068 rowmax_in=0.5094 rowmax_out=0.7705 discrete_mse=2133.057129 best_discrete=46.632401 hash=False elapsed=18.8s
step   225/900 tau=0.4174 loss=0.291216 mse_soft=0.290693 ent_in=1.2109 ent_out=0.5339 rowmax_in=0.5172 rowmax_out=0.7888 discrete_mse=1938.197998 best_discrete=46.632401 hash=False elapsed=21.2s
step   250/900 tau=0.3786 loss=0.286559 mse_soft=0.286053 ent_in=1.1770 ent_out=0.5090 rowmax_in=0.5248 rowmax_out=0.7926 discrete_mse=2502.845947 best_discrete=46.632401 hash=False elapsed=23.6s
step   275/900 tau=0.3434 loss=0.284706 mse_soft=0.284213 ent_in=1.1589 ent_out=0.4825 rowmax_in=0.5277 rowmax_out=0.7972 discrete_mse=1246.470825 best_discrete=46.632401 hash=False elapsed=26.0s
step   300/900 tau=0.3115 loss=0.285418 mse_soft=0.284934 ent_in=1.1467 ent_out=0.4665 rowmax_in=0.5307 rowmax_out=0.7986 discrete_mse=1246.470825 best_discrete=46.632401 hash=False elapsed=28.5s
step   325/900 tau=0.2826 loss=0.282719 mse_soft=0.282239 ent_in=1.1449 ent_out=0.4560 rowmax_in=0.5297 rowmax_out=0.7987 discrete_mse=1439.553223 best_discrete=46.632401 hash=False elapsed=31.0s
step   350/900 tau=0.2563 loss=0.282226 mse_soft=0.281753 ent_in=1.1303 ent_out=0.4475 rowmax_in=0.5329 rowmax_out=0.7985 discrete_mse=477.524597 best_discrete=46.632401 hash=False elapsed=33.3s
step   375/900 tau=0.2325 loss=0.278938 mse_soft=0.278470 ent_in=1.1163 ent_out=0.4415 rowmax_in=0.5380 rowmax_out=0.7969 discrete_mse=821.172974 best_discrete=46.632401 hash=False elapsed=36.0s
step   400/900 tau=0.2109 loss=0.279480 mse_soft=0.279014 ent_in=1.1149 ent_out=0.4369 rowmax_in=0.5377 rowmax_out=0.7959 discrete_mse=1039.864380 best_discrete=46.632401 hash=False elapsed=38.5s
step   425/900 tau=0.1913 loss=0.281021 mse_soft=0.280561 ent_in=1.1014 ent_out=0.4330 rowmax_in=0.5434 rowmax_out=0.7972 discrete_mse=2785.895020 best_discrete=46.632401 hash=False elapsed=40.8s
step   450/900 tau=0.1735 loss=0.278040 mse_soft=0.277583 ent_in=1.0943 ent_out=0.4298 rowmax_in=0.5435 rowmax_out=0.7977 discrete_mse=1103.557983 best_discrete=46.632401 hash=False elapsed=42.9s
step   475/900 tau=0.1574 loss=0.281825 mse_soft=0.281370 ent_in=1.0902 ent_out=0.4269 rowmax_in=0.5438 rowmax_out=0.7978 discrete_mse=361.354797 best_discrete=46.632401 hash=False elapsed=45.3s
step   500/900 tau=0.1428 loss=0.283052 mse_soft=0.282601 ent_in=1.0794 ent_out=0.4238 rowmax_in=0.5474 rowmax_out=0.7989 discrete_mse=882.975708 best_discrete=46.632401 hash=False elapsed=47.7s
step   525/900 tau=0.1295 loss=0.285459 mse_soft=0.285011 ent_in=1.0714 ent_out=0.4228 rowmax_in=0.5500 rowmax_out=0.7973 discrete_mse=627.408203 best_discrete=46.632401 hash=False elapsed=50.1s
step   550/900 tau=0.1175 loss=0.278001 mse_soft=0.277559 ent_in=1.0533 ent_out=0.4191 rowmax_in=0.5560 rowmax_out=0.7998 discrete_mse=1103.557983 best_discrete=46.632401 hash=False elapsed=52.5s
step   575/900 tau=0.1066 loss=0.282458 mse_soft=0.282019 ent_in=1.0501 ent_out=0.4153 rowmax_in=0.5546 rowmax_out=0.8022 discrete_mse=921.401062 best_discrete=46.632401 hash=False elapsed=54.8s
step   600/900 tau=0.0967 loss=0.289143 mse_soft=0.288709 ent_in=1.0323 ent_out=0.4158 rowmax_in=0.5607 rowmax_out=0.7982 discrete_mse=350.284546 best_discrete=46.632401 hash=False elapsed=57.1s
step   625/900 tau=0.0877 loss=0.287116 mse_soft=0.286692 ent_in=1.0102 ent_out=0.4039 rowmax_in=0.5638 rowmax_out=0.8024 discrete_mse=871.120361 best_discrete=46.632401 hash=False elapsed=59.3s
step   650/900 tau=0.0795 loss=0.289527 mse_soft=0.289130 ent_in=0.9730 ent_out=0.3478 rowmax_in=0.5668 rowmax_out=0.8290 discrete_mse=333.721771 best_discrete=46.632401 hash=False elapsed=61.8s
step   675/900 tau=0.0722 loss=0.281693 mse_soft=0.281302 ent_in=0.9518 ent_out=0.3523 rowmax_in=0.5613 rowmax_out=0.8345 discrete_mse=246.138245 best_discrete=46.632401 hash=False elapsed=64.2s
step   700/900 tau=0.0655 loss=0.280841 mse_soft=0.280453 ent_in=0.9384 ent_out=0.3546 rowmax_in=0.5697 rowmax_out=0.8311 discrete_mse=167.726074 best_discrete=46.632401 hash=False elapsed=66.7s
step   725/900 tau=0.0594 loss=0.282276 mse_soft=0.281891 ent_in=0.9372 ent_out=0.3479 rowmax_in=0.5656 rowmax_out=0.8280 discrete_mse=126.802246 best_discrete=46.632401 hash=False elapsed=69.2s
step   750/900 tau=0.0539 loss=0.304795 mse_soft=0.304428 ent_in=0.9058 ent_out=0.3177 rowmax_in=0.5764 rowmax_out=0.8399 discrete_mse=120.865486 best_discrete=46.632401 hash=False elapsed=71.6s
step   775/900 tau=0.0489 loss=0.310137 mse_soft=0.309792 ent_in=0.8433 ent_out=0.3075 rowmax_in=0.5849 rowmax_out=0.8424 discrete_mse=8.585670 best_discrete=8.585670 hash=False elapsed=73.7s
step   800/900 tau=0.0443 loss=0.296167 mse_soft=0.295826 ent_in=0.8366 ent_out=0.3015 rowmax_in=0.5974 rowmax_out=0.8461 discrete_mse=38.613037 best_discrete=8.585670 hash=False elapsed=75.9s
step   825/900 tau=0.0402 loss=0.476040 mse_soft=0.475871 ent_in=0.4083 ent_out=0.1531 rowmax_in=0.7951 rowmax_out=0.9336 discrete_mse=0.731740 best_discrete=0.731740 hash=False elapsed=78.1s
step   850/900 tau=0.0365 loss=0.411028 mse_soft=0.410859 ent_in=0.4285 ent_out=0.1350 rowmax_in=0.7927 rowmax_out=0.9330 discrete_mse=4.296730 best_discrete=0.731740 hash=False elapsed=80.4s
step   875/900 tau=0.0331 loss=0.400617 mse_soft=0.400457 ent_in=0.4072 ent_out=0.1281 rowmax_in=0.7977 rowmax_out=0.9326 discrete_mse=10.641225 best_discrete=0.731740 hash=False elapsed=82.5s
step   900/900 tau=0.0300 loss=0.393037 mse_soft=0.392874 ent_in=0.4105 ent_out=0.1326 rowmax_in=0.7822 rowmax_out=0.9320 discrete_mse=2.508595 best_discrete=0.731740 hash=False elapsed=84.7s

Final metrics:
  soft_mse_full=0.387136
  rowmax_in_mean=0.7793
  rowmax_out_mean=0.9332
  ent_in_mean=0.4167
  ent_out_mean=0.1319
  final_discrete_mse=6.077526
  hash_match=False
  best_discrete_mse_seen=0.731740
Saved results to overnight_b087_j1.json
