Using device: cuda
Train rows: 10000 / Full rows: 10000, steps=700, lr=0.02
step     1/700 tau=1.0000 loss=1.065715 mse_soft=1.063393 ent_in=3.8712 ent_out=3.8712 rowmax_in=0.0213 rowmax_out=0.0213 discrete_mse=19.013786 best_discrete=19.013786 hash=False elapsed=0.5s
step    25/700 tau=0.8866 loss=0.935351 mse_soft=0.933099 ent_in=3.7429 ent_out=3.7629 rowmax_in=0.0373 rowmax_out=0.0363 discrete_mse=800.077759 best_discrete=19.013786 hash=False elapsed=2.4s
step    50/700 tau=0.7821 loss=0.710028 mse_soft=0.707992 ent_in=3.3629 ent_out=3.4231 rowmax_in=0.0692 rowmax_out=0.0672 discrete_mse=5482.123047 best_discrete=19.013786 hash=False elapsed=4.5s
step    75/700 tau=0.6899 loss=0.584525 mse_soft=0.582729 ent_in=2.9399 ent_out=3.0495 rowmax_in=0.1316 rowmax_out=0.1249 discrete_mse=4713.231934 best_discrete=19.013786 hash=False elapsed=6.7s
step   100/700 tau=0.6086 loss=0.467099 mse_soft=0.465655 ent_in=2.3962 ent_out=2.4190 rowmax_in=0.2459 rowmax_out=0.2578 discrete_mse=3931.403076 best_discrete=19.013786 hash=False elapsed=8.8s
step   125/700 tau=0.5368 loss=0.383496 mse_soft=0.382417 ent_in=1.8746 ent_out=1.7230 rowmax_in=0.3763 rowmax_out=0.4447 discrete_mse=944.912354 best_discrete=19.013786 hash=False elapsed=10.7s
step   150/700 tau=0.4736 loss=0.335179 mse_soft=0.334364 ent_in=1.5326 ent_out=1.1842 rowmax_in=0.4511 rowmax_out=0.6058 discrete_mse=218.139526 best_discrete=19.013786 hash=False elapsed=13.0s
step   175/700 tau=0.4177 loss=0.314403 mse_soft=0.313738 ent_in=1.3643 ent_out=0.8527 rowmax_in=0.4904 rowmax_out=0.6990 discrete_mse=585.409668 best_discrete=19.013786 hash=False elapsed=15.2s
step   200/700 tau=0.3685 loss=0.300812 mse_soft=0.300228 ent_in=1.2786 ent_out=0.6684 rowmax_in=0.5023 rowmax_out=0.7475 discrete_mse=432.609192 best_discrete=19.013786 hash=False elapsed=17.2s
step   225/700 tau=0.3251 loss=0.294438 mse_soft=0.293903 ent_in=1.2257 ent_out=0.5588 rowmax_in=0.5131 rowmax_out=0.7831 discrete_mse=322.059021 best_discrete=19.013786 hash=False elapsed=19.1s
step   250/700 tau=0.2868 loss=0.289762 mse_soft=0.289263 ent_in=1.1770 ent_out=0.4843 rowmax_in=0.5255 rowmax_out=0.8117 discrete_mse=481.908478 best_discrete=19.013786 hash=False elapsed=20.9s
step   275/700 tau=0.2530 loss=0.287242 mse_soft=0.286773 ent_in=1.1391 ent_out=0.4266 rowmax_in=0.5330 rowmax_out=0.8274 discrete_mse=521.440857 best_discrete=19.013786 hash=False elapsed=22.8s
step   300/700 tau=0.2231 loss=0.288659 mse_soft=0.288208 ent_in=1.1122 ent_out=0.3906 rowmax_in=0.5388 rowmax_out=0.8393 discrete_mse=511.856873 best_discrete=19.013786 hash=False elapsed=25.0s
step   325/700 tau=0.1968 loss=0.285379 mse_soft=0.284941 ent_in=1.0897 ent_out=0.3702 rowmax_in=0.5445 rowmax_out=0.8449 discrete_mse=521.440857 best_discrete=19.013786 hash=False elapsed=27.1s
step   350/700 tau=0.1736 loss=0.283136 mse_soft=0.282705 ent_in=1.0772 ent_out=0.3582 rowmax_in=0.5462 rowmax_out=0.8473 discrete_mse=521.440857 best_discrete=19.013786 hash=False elapsed=29.0s
step   375/700 tau=0.1532 loss=0.283120 mse_soft=0.282696 ent_in=1.0684 ent_out=0.3465 rowmax_in=0.5470 rowmax_out=0.8509 discrete_mse=521.440857 best_discrete=19.013786 hash=False elapsed=31.0s
step   400/700 tau=0.1351 loss=0.281886 mse_soft=0.281466 ent_in=1.0570 ent_out=0.3417 rowmax_in=0.5512 rowmax_out=0.8513 discrete_mse=521.440857 best_discrete=19.013786 hash=False elapsed=33.2s
step   425/700 tau=0.1192 loss=0.288864 mse_soft=0.288450 ent_in=1.0471 ent_out=0.3326 rowmax_in=0.5510 rowmax_out=0.8526 discrete_mse=521.440857 best_discrete=19.013786 hash=False elapsed=35.4s
step   450/700 tau=0.1051 loss=0.283062 mse_soft=0.282651 ent_in=1.0471 ent_out=0.3219 rowmax_in=0.5480 rowmax_out=0.8538 discrete_mse=310.179504 best_discrete=19.013786 hash=False elapsed=37.5s
step   475/700 tau=0.0928 loss=0.285812 mse_soft=0.285406 ent_in=1.0371 ent_out=0.3187 rowmax_in=0.5491 rowmax_out=0.8523 discrete_mse=327.964386 best_discrete=19.013786 hash=False elapsed=39.5s
step   500/700 tau=0.0818 loss=0.293270 mse_soft=0.292868 ent_in=1.0158 ent_out=0.3226 rowmax_in=0.5587 rowmax_out=0.8493 discrete_mse=214.355789 best_discrete=19.013786 hash=False elapsed=41.6s
step   525/700 tau=0.0722 loss=0.298766 mse_soft=0.298373 ent_in=0.9832 ent_out=0.3266 rowmax_in=0.5690 rowmax_out=0.8430 discrete_mse=292.744141 best_discrete=19.013786 hash=False elapsed=43.8s
step   550/700 tau=0.0637 loss=0.293782 mse_soft=0.293392 ent_in=0.9788 ent_out=0.3216 rowmax_in=0.5660 rowmax_out=0.8445 discrete_mse=770.206665 best_discrete=19.013786 hash=False elapsed=46.0s
step   575/700 tau=0.0562 loss=0.345293 mse_soft=0.344908 ent_in=0.9418 ent_out=0.3412 rowmax_in=0.5699 rowmax_out=0.8327 discrete_mse=53.436298 best_discrete=19.013786 hash=False elapsed=48.1s
step   600/700 tau=0.0495 loss=0.314554 mse_soft=0.314217 ent_in=0.8211 ent_out=0.3021 rowmax_in=0.6244 rowmax_out=0.8415 discrete_mse=190.233566 best_discrete=19.013786 hash=False elapsed=50.1s
step   625/700 tau=0.0437 loss=0.297533 mse_soft=0.297199 ent_in=0.8133 ent_out=0.3000 rowmax_in=0.6181 rowmax_out=0.8427 discrete_mse=286.516205 best_discrete=19.013786 hash=False elapsed=52.2s
step   650/700 tau=0.0386 loss=0.315990 mse_soft=0.315656 ent_in=0.8054 ent_out=0.3054 rowmax_in=0.6294 rowmax_out=0.8390 discrete_mse=192.150375 best_discrete=19.013786 hash=False elapsed=54.3s
step   675/700 tau=0.0340 loss=0.373650 mse_soft=0.373392 ent_in=0.6216 ent_out=0.2389 rowmax_in=0.6978 rowmax_out=0.8811 discrete_mse=223.435791 best_discrete=19.013786 hash=False elapsed=56.2s
step   700/700 tau=0.0300 loss=0.343981 mse_soft=0.343732 ent_in=0.5766 ent_out=0.2529 rowmax_in=0.7064 rowmax_out=0.8612 discrete_mse=23.715916 best_discrete=19.013786 hash=False elapsed=58.1s

Final metrics:
  soft_mse_full=0.343242
  rowmax_in_mean=0.7114
  rowmax_out_mean=0.8603
  ent_in_mean=0.5750
  ent_out_mean=0.2534
  final_discrete_mse=42.917423
  hash_match=False
  best_discrete_mse_seen=19.013786
Saved results to overnight_b248_j3.json
