Using device: cuda
Train rows: 10000 / Full rows: 10000, steps=700, lr=0.015
step     1/700 tau=1.0000 loss=1.064303 mse_soft=1.063529 ent_in=3.8712 ent_out=3.8712 rowmax_in=0.0213 rowmax_out=0.0213 discrete_mse=43.999680 best_discrete=43.999680 hash=False elapsed=0.5s
step    25/700 tau=0.8810 loss=0.972294 mse_soft=0.971535 ent_in=3.7931 ent_out=3.8058 rowmax_in=0.0331 rowmax_out=0.0323 discrete_mse=899.813782 best_discrete=43.999680 hash=False elapsed=2.8s
step    50/700 tau=0.7721 loss=0.786148 mse_soft=0.785440 ent_in=3.5141 ent_out=3.5663 rowmax_in=0.0571 rowmax_out=0.0546 discrete_mse=5310.559082 best_discrete=43.999680 hash=False elapsed=5.2s
step    75/700 tau=0.6767 loss=0.643059 mse_soft=0.642422 ent_in=3.1296 ent_out=3.2341 rowmax_in=0.0976 rowmax_out=0.0916 discrete_mse=3004.919434 best_discrete=43.999680 hash=False elapsed=7.3s
step   100/700 tau=0.5931 loss=0.530504 mse_soft=0.529951 ent_in=2.7193 ent_out=2.8106 rowmax_in=0.1791 rowmax_out=0.1709 discrete_mse=481.664795 best_discrete=43.999680 hash=False elapsed=9.5s
step   125/700 tau=0.5198 loss=0.430427 mse_soft=0.429995 ent_in=2.1819 ent_out=2.1430 rowmax_in=0.2986 rowmax_out=0.3345 discrete_mse=1108.412964 best_discrete=43.999680 hash=False elapsed=11.9s
step   150/700 tau=0.4555 loss=0.362688 mse_soft=0.362362 ent_in=1.7223 ent_out=1.5392 rowmax_in=0.4045 rowmax_out=0.5151 discrete_mse=1580.042114 best_discrete=43.999680 hash=False elapsed=13.9s
step   175/700 tau=0.3992 loss=0.330751 mse_soft=0.330497 ent_in=1.5028 ent_out=1.0388 rowmax_in=0.4259 rowmax_out=0.6684 discrete_mse=1135.051758 best_discrete=43.999680 hash=False elapsed=16.3s
step   200/700 tau=0.3499 loss=0.316122 mse_soft=0.315909 ent_in=1.3916 ent_out=0.7327 rowmax_in=0.4461 rowmax_out=0.7450 discrete_mse=973.190552 best_discrete=43.999680 hash=False elapsed=18.5s
step   225/700 tau=0.3066 loss=0.307663 mse_soft=0.307471 ent_in=1.3233 ent_out=0.5994 rowmax_in=0.4558 rowmax_out=0.7684 discrete_mse=420.178894 best_discrete=43.999680 hash=False elapsed=20.6s
step   250/700 tau=0.2687 loss=0.302424 mse_soft=0.302241 ent_in=1.2812 ent_out=0.5479 rowmax_in=0.4647 rowmax_out=0.7713 discrete_mse=487.781189 best_discrete=43.999680 hash=False elapsed=22.7s
step   275/700 tau=0.2355 loss=0.297145 mse_soft=0.296970 ent_in=1.2519 ent_out=0.4988 rowmax_in=0.4732 rowmax_out=0.7839 discrete_mse=373.709076 best_discrete=43.999680 hash=False elapsed=24.8s
step   300/700 tau=0.2064 loss=0.293389 mse_soft=0.293220 ent_in=1.2197 ent_out=0.4644 rowmax_in=0.4796 rowmax_out=0.7981 discrete_mse=363.871155 best_discrete=43.999680 hash=False elapsed=27.0s
step   325/700 tau=0.1809 loss=0.289460 mse_soft=0.289298 ent_in=1.1825 ent_out=0.4322 rowmax_in=0.4894 rowmax_out=0.8094 discrete_mse=270.335205 best_discrete=43.999680 hash=False elapsed=29.2s
step   350/700 tau=0.1585 loss=0.287097 mse_soft=0.286939 ent_in=1.1590 ent_out=0.4164 rowmax_in=0.4928 rowmax_out=0.8122 discrete_mse=366.223145 best_discrete=43.999680 hash=False elapsed=31.4s
step   375/700 tau=0.1389 loss=0.288598 mse_soft=0.288444 ent_in=1.1422 ent_out=0.4027 rowmax_in=0.4952 rowmax_out=0.8144 discrete_mse=851.975952 best_discrete=43.999680 hash=False elapsed=33.5s
step   400/700 tau=0.1218 loss=0.285195 mse_soft=0.285042 ent_in=1.1326 ent_out=0.3913 rowmax_in=0.4956 rowmax_out=0.8159 discrete_mse=729.292114 best_discrete=43.999680 hash=False elapsed=35.5s
step   425/700 tau=0.1067 loss=0.288091 mse_soft=0.287941 ent_in=1.1250 ent_out=0.3840 rowmax_in=0.4956 rowmax_out=0.8168 discrete_mse=1064.665161 best_discrete=43.999680 hash=False elapsed=37.7s
step   450/700 tau=0.0935 loss=0.288635 mse_soft=0.288485 ent_in=1.1174 ent_out=0.3816 rowmax_in=0.4980 rowmax_out=0.8155 discrete_mse=408.545502 best_discrete=43.999680 hash=False elapsed=39.9s
step   475/700 tau=0.0820 loss=0.295098 mse_soft=0.294949 ent_in=1.1087 ent_out=0.3799 rowmax_in=0.5025 rowmax_out=0.8144 discrete_mse=342.091248 best_discrete=43.999680 hash=False elapsed=42.1s
step   500/700 tau=0.0718 loss=0.289646 mse_soft=0.289498 ent_in=1.1015 ent_out=0.3744 rowmax_in=0.5050 rowmax_out=0.8173 discrete_mse=825.450256 best_discrete=43.999680 hash=False elapsed=44.3s
step   525/700 tau=0.0630 loss=0.300636 mse_soft=0.300488 ent_in=1.1035 ent_out=0.3723 rowmax_in=0.4998 rowmax_out=0.8169 discrete_mse=957.627197 best_discrete=43.999680 hash=False elapsed=46.4s
step   550/700 tau=0.0552 loss=0.292521 mse_soft=0.292375 ent_in=1.0863 ent_out=0.3683 rowmax_in=0.5130 rowmax_out=0.8172 discrete_mse=2215.879639 best_discrete=43.999680 hash=False elapsed=48.5s
step   575/700 tau=0.0484 loss=0.309775 mse_soft=0.309630 ent_in=1.0859 ent_out=0.3645 rowmax_in=0.5145 rowmax_out=0.8199 discrete_mse=2215.879639 best_discrete=43.999680 hash=False elapsed=50.5s
step   600/700 tau=0.0424 loss=0.443591 mse_soft=0.443451 ent_in=1.0552 ent_out=0.3383 rowmax_in=0.5354 rowmax_out=0.8409 discrete_mse=590.418701 best_discrete=43.999680 hash=False elapsed=52.6s
step   625/700 tau=0.0371 loss=0.338016 mse_soft=0.337917 ent_in=0.7601 ent_out=0.2339 rowmax_in=0.6481 rowmax_out=0.8944 discrete_mse=202.663422 best_discrete=43.999680 hash=False elapsed=54.6s
step   650/700 tau=0.0325 loss=0.336361 mse_soft=0.336267 ent_in=0.7021 ent_out=0.2370 rowmax_in=0.6691 rowmax_out=0.8931 discrete_mse=129.371902 best_discrete=43.999680 hash=False elapsed=56.7s
step   675/700 tau=0.0285 loss=0.324492 mse_soft=0.324395 ent_in=0.7018 ent_out=0.2685 rowmax_in=0.6637 rowmax_out=0.8629 discrete_mse=120.472069 best_discrete=43.999680 hash=False elapsed=58.7s
step   700/700 tau=0.0250 loss=0.321851 mse_soft=0.321755 ent_in=0.6912 ent_out=0.2746 rowmax_in=0.6643 rowmax_out=0.8521 discrete_mse=20.196302 best_discrete=20.196302 hash=False elapsed=60.7s

Final metrics:
  soft_mse_full=0.325865
  rowmax_in_mean=0.6650
  rowmax_out_mean=0.8512
  ent_in_mean=0.6903
  ent_out_mean=0.2752
  final_discrete_mse=26.275677
  hash_match=False
  best_discrete_mse_seen=20.196302
Saved results to overnight_b046_j4.json
