Using device: cuda
Train rows: 10000 / Full rows: 10000, steps=700, lr=0.015
step     1/700 tau=1.0000 loss=1.064199 mse_soft=1.063425 ent_in=3.8712 ent_out=3.8712 rowmax_in=0.0213 rowmax_out=0.0213 discrete_mse=23.227869 best_discrete=23.227869 hash=False elapsed=0.6s
step    25/700 tau=0.8810 loss=0.972010 mse_soft=0.971250 ent_in=3.7934 ent_out=3.8053 rowmax_in=0.0330 rowmax_out=0.0324 discrete_mse=3844.246338 best_discrete=23.227869 hash=False elapsed=2.8s
step    50/700 tau=0.7721 loss=0.786217 mse_soft=0.785509 ent_in=3.5164 ent_out=3.5655 rowmax_in=0.0570 rowmax_out=0.0541 discrete_mse=8536.555664 best_discrete=23.227869 hash=False elapsed=5.3s
step    75/700 tau=0.6767 loss=0.643425 mse_soft=0.642789 ent_in=3.1336 ent_out=3.2316 rowmax_in=0.0964 rowmax_out=0.0908 discrete_mse=1214.939331 best_discrete=23.227869 hash=False elapsed=7.7s
step   100/700 tau=0.5931 loss=0.531317 mse_soft=0.530762 ent_in=2.7213 ent_out=2.8264 rowmax_in=0.1847 rowmax_out=0.1656 discrete_mse=2397.555420 best_discrete=23.227869 hash=False elapsed=10.1s
step   125/700 tau=0.5198 loss=0.436206 mse_soft=0.435770 ent_in=2.1834 ent_out=2.1741 rowmax_in=0.3069 rowmax_out=0.3120 discrete_mse=4390.594238 best_discrete=23.227869 hash=False elapsed=12.4s
step   150/700 tau=0.4555 loss=0.371491 mse_soft=0.371160 ent_in=1.7721 ent_out=1.5388 rowmax_in=0.3975 rowmax_out=0.4699 discrete_mse=5726.391113 best_discrete=23.227869 hash=False elapsed=14.7s
step   175/700 tau=0.3992 loss=0.335548 mse_soft=0.335295 ent_in=1.4712 ent_out=1.0655 rowmax_in=0.4721 rowmax_out=0.6271 discrete_mse=1010.539246 best_discrete=23.227869 hash=False elapsed=17.2s
step   200/700 tau=0.3499 loss=0.319911 mse_soft=0.319694 ent_in=1.3422 ent_out=0.8264 rowmax_in=0.4917 rowmax_out=0.6970 discrete_mse=1610.137085 best_discrete=23.227869 hash=False elapsed=19.6s
step   225/700 tau=0.3066 loss=0.309030 mse_soft=0.308837 ent_in=1.2694 ent_out=0.6615 rowmax_in=0.4981 rowmax_out=0.7369 discrete_mse=2087.420410 best_discrete=23.227869 hash=False elapsed=22.0s
step   250/700 tau=0.2687 loss=0.301808 mse_soft=0.301634 ent_in=1.2067 ent_out=0.5352 rowmax_in=0.5049 rowmax_out=0.7727 discrete_mse=1320.510132 best_discrete=23.227869 hash=False elapsed=24.5s
step   275/700 tau=0.2355 loss=0.297121 mse_soft=0.296962 ent_in=1.1600 ent_out=0.4365 rowmax_in=0.5111 rowmax_out=0.8278 discrete_mse=1202.391968 best_discrete=23.227869 hash=False elapsed=26.9s
step   300/700 tau=0.2064 loss=0.293130 mse_soft=0.292979 ent_in=1.1244 ent_out=0.3893 rowmax_in=0.5142 rowmax_out=0.8439 discrete_mse=679.417297 best_discrete=23.227869 hash=False elapsed=29.6s
step   325/700 tau=0.1809 loss=0.292600 mse_soft=0.292454 ent_in=1.0948 ent_out=0.3682 rowmax_in=0.5233 rowmax_out=0.8482 discrete_mse=430.786285 best_discrete=23.227869 hash=False elapsed=32.1s
step   350/700 tau=0.1585 loss=0.290357 mse_soft=0.290214 ent_in=1.0790 ent_out=0.3539 rowmax_in=0.5272 rowmax_out=0.8499 discrete_mse=1032.879517 best_discrete=23.227869 hash=False elapsed=34.4s
step   375/700 tau=0.1389 loss=0.290828 mse_soft=0.290687 ent_in=1.0632 ent_out=0.3443 rowmax_in=0.5285 rowmax_out=0.8478 discrete_mse=1032.879517 best_discrete=23.227869 hash=False elapsed=37.1s
step   400/700 tau=0.1218 loss=0.291609 mse_soft=0.291471 ent_in=1.0491 ent_out=0.3342 rowmax_in=0.5332 rowmax_out=0.8475 discrete_mse=1032.879517 best_discrete=23.227869 hash=False elapsed=39.6s
step   425/700 tau=0.1067 loss=0.291221 mse_soft=0.291083 ent_in=1.0416 ent_out=0.3339 rowmax_in=0.5345 rowmax_out=0.8464 discrete_mse=557.112427 best_discrete=23.227869 hash=False elapsed=42.0s
step   450/700 tau=0.0935 loss=0.289258 mse_soft=0.289121 ent_in=1.0399 ent_out=0.3336 rowmax_in=0.5344 rowmax_out=0.8448 discrete_mse=557.112427 best_discrete=23.227869 hash=False elapsed=44.6s
step   475/700 tau=0.0820 loss=0.292563 mse_soft=0.292426 ent_in=1.0372 ent_out=0.3311 rowmax_in=0.5347 rowmax_out=0.8449 discrete_mse=557.112427 best_discrete=23.227869 hash=False elapsed=47.2s
step   500/700 tau=0.0718 loss=0.298722 mse_soft=0.298586 ent_in=1.0303 ent_out=0.3299 rowmax_in=0.5376 rowmax_out=0.8456 discrete_mse=398.871979 best_discrete=23.227869 hash=False elapsed=49.7s
step   525/700 tau=0.0630 loss=0.294118 mse_soft=0.293983 ent_in=1.0316 ent_out=0.3244 rowmax_in=0.5338 rowmax_out=0.8489 discrete_mse=268.404022 best_discrete=23.227869 hash=False elapsed=52.3s
step   550/700 tau=0.0552 loss=0.316207 mse_soft=0.316079 ent_in=1.0087 ent_out=0.2746 rowmax_in=0.5451 rowmax_out=0.8848 discrete_mse=236.190918 best_discrete=23.227869 hash=False elapsed=54.9s
step   575/700 tau=0.0484 loss=0.302195 mse_soft=0.302071 ent_in=0.9629 ent_out=0.2799 rowmax_in=0.5536 rowmax_out=0.8744 discrete_mse=116.359421 best_discrete=23.227869 hash=False elapsed=57.5s
step   600/700 tau=0.0424 loss=0.297226 mse_soft=0.297102 ent_in=0.9432 ent_out=0.2903 rowmax_in=0.5608 rowmax_out=0.8665 discrete_mse=147.274414 best_discrete=23.227869 hash=False elapsed=60.1s
step   625/700 tau=0.0371 loss=0.289651 mse_soft=0.289530 ent_in=0.9379 ent_out=0.2669 rowmax_in=0.5621 rowmax_out=0.8843 discrete_mse=249.523315 best_discrete=23.227869 hash=False elapsed=62.5s
step   650/700 tau=0.0325 loss=0.308844 mse_soft=0.308730 ent_in=0.9002 ent_out=0.2413 rowmax_in=0.5813 rowmax_out=0.8967 discrete_mse=219.236588 best_discrete=23.227869 hash=False elapsed=64.9s
step   675/700 tau=0.0285 loss=0.393388 mse_soft=0.393312 ent_in=0.5972 ent_out=0.1643 rowmax_in=0.7270 rowmax_out=0.9327 discrete_mse=67.975868 best_discrete=23.227869 hash=False elapsed=67.1s
step   700/700 tau=0.0250 loss=0.337140 mse_soft=0.337062 ent_in=0.5611 ent_out=0.2232 rowmax_in=0.7193 rowmax_out=0.8908 discrete_mse=16.776644 best_discrete=16.776644 hash=False elapsed=69.5s

Final metrics:
  soft_mse_full=0.337812
  rowmax_in_mean=0.7220
  rowmax_out_mean=0.8860
  ent_in_mean=0.5619
  ent_out_mean=0.2270
  final_discrete_mse=16.776644
  hash_match=False
  best_discrete_mse_seen=16.776644
Saved results to overnight_b167_j4.json
