Using device: cuda
Train rows: 10000 / Full rows: 10000, steps=700, lr=0.015
step     1/700 tau=1.0000 loss=1.064266 mse_soft=1.063491 ent_in=3.8712 ent_out=3.8712 rowmax_in=0.0213 rowmax_out=0.0213 discrete_mse=38.632561 best_discrete=38.632561 hash=False elapsed=0.5s
step    25/700 tau=0.8810 loss=0.972053 mse_soft=0.971294 ent_in=3.7931 ent_out=3.8054 rowmax_in=0.0331 rowmax_out=0.0323 discrete_mse=2266.416748 best_discrete=38.632561 hash=False elapsed=2.6s
step    50/700 tau=0.7721 loss=0.786664 mse_soft=0.785956 ent_in=3.5161 ent_out=3.5647 rowmax_in=0.0562 rowmax_out=0.0544 discrete_mse=7715.511719 best_discrete=38.632561 hash=False elapsed=5.0s
step    75/700 tau=0.6767 loss=0.643662 mse_soft=0.643026 ent_in=3.1305 ent_out=3.2290 rowmax_in=0.0960 rowmax_out=0.0933 discrete_mse=3995.980713 best_discrete=38.632561 hash=False elapsed=7.1s
step   100/700 tau=0.5931 loss=0.533127 mse_soft=0.532573 ent_in=2.7187 ent_out=2.8203 rowmax_in=0.1788 rowmax_out=0.1711 discrete_mse=3651.251953 best_discrete=38.632561 hash=False elapsed=9.3s
step   125/700 tau=0.5198 loss=0.436129 mse_soft=0.435691 ent_in=2.2124 ent_out=2.1705 rowmax_in=0.2960 rowmax_out=0.3227 discrete_mse=880.415100 best_discrete=38.632561 hash=False elapsed=11.6s
step   150/700 tau=0.4555 loss=0.369370 mse_soft=0.369043 ent_in=1.7471 ent_out=1.5211 rowmax_in=0.4086 rowmax_out=0.5068 discrete_mse=1925.419922 best_discrete=38.632561 hash=False elapsed=13.8s
step   175/700 tau=0.3992 loss=0.330985 mse_soft=0.330735 ent_in=1.4784 ent_out=1.0231 rowmax_in=0.4616 rowmax_out=0.6471 discrete_mse=670.755737 best_discrete=38.632561 hash=False elapsed=16.2s
step   200/700 tau=0.3499 loss=0.313704 mse_soft=0.313491 ent_in=1.3676 ent_out=0.7607 rowmax_in=0.4802 rowmax_out=0.7044 discrete_mse=480.827789 best_discrete=38.632561 hash=False elapsed=18.4s
step   225/700 tau=0.3066 loss=0.303645 mse_soft=0.303454 ent_in=1.2779 ent_out=0.6373 rowmax_in=0.4958 rowmax_out=0.7351 discrete_mse=115.646523 best_discrete=38.632561 hash=False elapsed=20.7s
step   250/700 tau=0.2687 loss=0.297781 mse_soft=0.297602 ent_in=1.2148 ent_out=0.5731 rowmax_in=0.5065 rowmax_out=0.7525 discrete_mse=362.215454 best_discrete=38.632561 hash=False elapsed=22.9s
step   275/700 tau=0.2355 loss=0.294528 mse_soft=0.294358 ent_in=1.1765 ent_out=0.5234 rowmax_in=0.5148 rowmax_out=0.7545 discrete_mse=437.180695 best_discrete=38.632561 hash=False elapsed=25.1s
step   300/700 tau=0.2064 loss=0.290561 mse_soft=0.290399 ent_in=1.1366 ent_out=0.4891 rowmax_in=0.5244 rowmax_out=0.7636 discrete_mse=614.982483 best_discrete=38.632561 hash=False elapsed=27.4s
step   325/700 tau=0.1809 loss=0.289040 mse_soft=0.288882 ent_in=1.1147 ent_out=0.4691 rowmax_in=0.5271 rowmax_out=0.7692 discrete_mse=439.117493 best_discrete=38.632561 hash=False elapsed=29.7s
step   350/700 tau=0.1585 loss=0.287759 mse_soft=0.287604 ent_in=1.1018 ent_out=0.4527 rowmax_in=0.5298 rowmax_out=0.7726 discrete_mse=695.627502 best_discrete=38.632561 hash=False elapsed=32.0s
step   375/700 tau=0.1389 loss=0.288426 mse_soft=0.288273 ent_in=1.0888 ent_out=0.4421 rowmax_in=0.5308 rowmax_out=0.7761 discrete_mse=695.627502 best_discrete=38.632561 hash=False elapsed=34.3s
step   400/700 tau=0.1218 loss=0.286392 mse_soft=0.286240 ent_in=1.0835 ent_out=0.4393 rowmax_in=0.5297 rowmax_out=0.7785 discrete_mse=439.117493 best_discrete=38.632561 hash=False elapsed=36.6s
step   425/700 tau=0.1067 loss=0.288862 mse_soft=0.288711 ent_in=1.0766 ent_out=0.4332 rowmax_in=0.5316 rowmax_out=0.7819 discrete_mse=439.117493 best_discrete=38.632561 hash=False elapsed=39.0s
step   450/700 tau=0.0935 loss=0.285946 mse_soft=0.285795 ent_in=1.0752 ent_out=0.4288 rowmax_in=0.5307 rowmax_out=0.7815 discrete_mse=708.987366 best_discrete=38.632561 hash=False elapsed=41.0s
step   475/700 tau=0.0820 loss=0.290376 mse_soft=0.290226 ent_in=1.0731 ent_out=0.4249 rowmax_in=0.5313 rowmax_out=0.7808 discrete_mse=347.302002 best_discrete=38.632561 hash=False elapsed=43.1s
step   500/700 tau=0.0718 loss=0.296928 mse_soft=0.296779 ent_in=1.0715 ent_out=0.4185 rowmax_in=0.5321 rowmax_out=0.7836 discrete_mse=690.033020 best_discrete=38.632561 hash=False elapsed=45.5s
step   525/700 tau=0.0630 loss=0.300341 mse_soft=0.300192 ent_in=1.0705 ent_out=0.4170 rowmax_in=0.5302 rowmax_out=0.7821 discrete_mse=110.858635 best_discrete=38.632561 hash=False elapsed=47.8s
step   550/700 tau=0.0552 loss=0.305675 mse_soft=0.305528 ent_in=1.0581 ent_out=0.4119 rowmax_in=0.5319 rowmax_out=0.7801 discrete_mse=47.508598 best_discrete=38.632561 hash=False elapsed=50.1s
step   575/700 tau=0.0484 loss=0.291301 mse_soft=0.291160 ent_in=1.0243 ent_out=0.3883 rowmax_in=0.5417 rowmax_out=0.7869 discrete_mse=237.241943 best_discrete=38.632561 hash=False elapsed=52.5s
step   600/700 tau=0.0424 loss=0.294651 mse_soft=0.294511 ent_in=1.0136 ent_out=0.3860 rowmax_in=0.5451 rowmax_out=0.7859 discrete_mse=206.144516 best_discrete=38.632561 hash=False elapsed=54.8s
step   625/700 tau=0.0371 loss=0.344475 mse_soft=0.344349 ent_in=0.9134 ent_out=0.3514 rowmax_in=0.6042 rowmax_out=0.8079 discrete_mse=57.290134 best_discrete=38.632561 hash=False elapsed=57.4s
step   650/700 tau=0.0325 loss=0.336722 mse_soft=0.336608 ent_in=0.8078 ent_out=0.3334 rowmax_in=0.6068 rowmax_out=0.8102 discrete_mse=125.627357 best_discrete=38.632561 hash=False elapsed=59.6s
step   675/700 tau=0.0285 loss=0.506104 mse_soft=0.505992 ent_in=0.7999 ent_out=0.3268 rowmax_in=0.6231 rowmax_out=0.8168 discrete_mse=82.933800 best_discrete=38.632561 hash=False elapsed=61.8s
step   700/700 tau=0.0250 loss=0.365592 mse_soft=0.365505 ent_in=0.5905 ent_out=0.2767 rowmax_in=0.7151 rowmax_out=0.8637 discrete_mse=95.816322 best_discrete=38.632561 hash=False elapsed=63.8s

Final metrics:
  soft_mse_full=0.359724
  rowmax_in_mean=0.7091
  rowmax_out_mean=0.8588
  ent_in_mean=0.5914
  ent_out_mean=0.2840
  final_discrete_mse=76.241905
  hash_match=False
  best_discrete_mse_seen=38.632561
Saved results to overnight_b078_j4.json
