Using device: cuda
Train rows: 10000 / Full rows: 10000, steps=700, lr=0.015
step     1/700 tau=1.0000 loss=1.064152 mse_soft=1.063378 ent_in=3.8711 ent_out=3.8712 rowmax_in=0.0213 rowmax_out=0.0213 discrete_mse=51.217205 best_discrete=51.217205 hash=False elapsed=0.5s
step    25/700 tau=0.8810 loss=0.971955 mse_soft=0.971195 ent_in=3.7932 ent_out=3.8052 rowmax_in=0.0329 rowmax_out=0.0322 discrete_mse=213.811646 best_discrete=51.217205 hash=False elapsed=2.9s
step    50/700 tau=0.7721 loss=0.786588 mse_soft=0.785880 ent_in=3.5163 ent_out=3.5653 rowmax_in=0.0561 rowmax_out=0.0550 discrete_mse=1055.538330 best_discrete=51.217205 hash=False elapsed=5.4s
step    75/700 tau=0.6767 loss=0.645443 mse_soft=0.644806 ent_in=3.1369 ent_out=3.2342 rowmax_in=0.0962 rowmax_out=0.0903 discrete_mse=4446.051270 best_discrete=51.217205 hash=False elapsed=7.6s
step   100/700 tau=0.5931 loss=0.536185 mse_soft=0.535630 ent_in=2.7250 ent_out=2.8207 rowmax_in=0.1826 rowmax_out=0.1739 discrete_mse=994.295471 best_discrete=51.217205 hash=False elapsed=10.2s
step   125/700 tau=0.5198 loss=0.438938 mse_soft=0.438503 ent_in=2.1782 ent_out=2.1752 rowmax_in=0.3222 rowmax_out=0.3172 discrete_mse=2672.977539 best_discrete=51.217205 hash=False elapsed=12.5s
step   150/700 tau=0.4555 loss=0.362020 mse_soft=0.361700 ent_in=1.7303 ent_out=1.4727 rowmax_in=0.4170 rowmax_out=0.5282 discrete_mse=1493.593506 best_discrete=51.217205 hash=False elapsed=15.0s
step   175/700 tau=0.3992 loss=0.322648 mse_soft=0.322403 ent_in=1.4692 ent_out=0.9760 rowmax_in=0.4579 rowmax_out=0.6809 discrete_mse=298.461578 best_discrete=51.217205 hash=False elapsed=17.3s
step   200/700 tau=0.3499 loss=0.301315 mse_soft=0.301115 ent_in=1.3329 ent_out=0.6705 rowmax_in=0.4810 rowmax_out=0.7697 discrete_mse=1096.369019 best_discrete=51.217205 hash=False elapsed=19.3s
step   225/700 tau=0.3066 loss=0.291043 mse_soft=0.290865 ent_in=1.2421 ent_out=0.5394 rowmax_in=0.4993 rowmax_out=0.7973 discrete_mse=780.039978 best_discrete=51.217205 hash=False elapsed=21.5s
step   250/700 tau=0.2687 loss=0.286893 mse_soft=0.286725 ent_in=1.1952 ent_out=0.4843 rowmax_in=0.5081 rowmax_out=0.8009 discrete_mse=922.574158 best_discrete=51.217205 hash=False elapsed=23.7s
step   275/700 tau=0.2355 loss=0.284518 mse_soft=0.284356 ent_in=1.1784 ent_out=0.4486 rowmax_in=0.5066 rowmax_out=0.8016 discrete_mse=595.956177 best_discrete=51.217205 hash=False elapsed=26.0s
step   300/700 tau=0.2064 loss=0.282962 mse_soft=0.282805 ent_in=1.1620 ent_out=0.4086 rowmax_in=0.5050 rowmax_out=0.8090 discrete_mse=455.817535 best_discrete=51.217205 hash=False elapsed=28.4s
step   325/700 tau=0.1809 loss=0.279762 mse_soft=0.279611 ent_in=1.1332 ent_out=0.3831 rowmax_in=0.5120 rowmax_out=0.8219 discrete_mse=455.817535 best_discrete=51.217205 hash=False elapsed=30.7s
step   350/700 tau=0.1585 loss=0.279167 mse_soft=0.279019 ent_in=1.1184 ent_out=0.3693 rowmax_in=0.5141 rowmax_out=0.8293 discrete_mse=759.768311 best_discrete=51.217205 hash=False elapsed=33.2s
step   375/700 tau=0.1389 loss=0.278018 mse_soft=0.277872 ent_in=1.1068 ent_out=0.3570 rowmax_in=0.5149 rowmax_out=0.8369 discrete_mse=658.057129 best_discrete=51.217205 hash=False elapsed=35.6s
step   400/700 tau=0.1218 loss=0.281844 mse_soft=0.281700 ent_in=1.0945 ent_out=0.3421 rowmax_in=0.5189 rowmax_out=0.8434 discrete_mse=1267.916382 best_discrete=51.217205 hash=False elapsed=37.8s
step   425/700 tau=0.1067 loss=0.281574 mse_soft=0.281432 ent_in=1.0875 ent_out=0.3297 rowmax_in=0.5199 rowmax_out=0.8474 discrete_mse=658.057129 best_discrete=51.217205 hash=False elapsed=40.0s
step   450/700 tau=0.0935 loss=0.278038 mse_soft=0.277897 ent_in=1.0813 ent_out=0.3241 rowmax_in=0.5212 rowmax_out=0.8498 discrete_mse=610.861511 best_discrete=51.217205 hash=False elapsed=42.4s
step   475/700 tau=0.0820 loss=0.278062 mse_soft=0.277922 ent_in=1.0777 ent_out=0.3217 rowmax_in=0.5215 rowmax_out=0.8497 discrete_mse=610.861511 best_discrete=51.217205 hash=False elapsed=44.9s
step   500/700 tau=0.0718 loss=0.281153 mse_soft=0.281014 ent_in=1.0747 ent_out=0.3168 rowmax_in=0.5241 rowmax_out=0.8514 discrete_mse=1028.731079 best_discrete=51.217205 hash=False elapsed=47.2s
step   525/700 tau=0.0630 loss=0.296972 mse_soft=0.296836 ent_in=1.0559 ent_out=0.3012 rowmax_in=0.5271 rowmax_out=0.8630 discrete_mse=443.277802 best_discrete=51.217205 hash=False elapsed=49.7s
step   550/700 tau=0.0552 loss=0.282592 mse_soft=0.282457 ent_in=1.0540 ent_out=0.2929 rowmax_in=0.5253 rowmax_out=0.8610 discrete_mse=345.494141 best_discrete=51.217205 hash=False elapsed=52.2s
step   575/700 tau=0.0484 loss=0.279685 mse_soft=0.279551 ent_in=1.0438 ent_out=0.2913 rowmax_in=0.5339 rowmax_out=0.8631 discrete_mse=586.236755 best_discrete=51.217205 hash=False elapsed=54.6s
step   600/700 tau=0.0424 loss=0.297277 mse_soft=0.297144 ent_in=1.0290 ent_out=0.2966 rowmax_in=0.5427 rowmax_out=0.8574 discrete_mse=386.161133 best_discrete=51.217205 hash=False elapsed=57.0s
step   625/700 tau=0.0371 loss=0.362581 mse_soft=0.362465 ent_in=0.9064 ent_out=0.2475 rowmax_in=0.5951 rowmax_out=0.8727 discrete_mse=148.140320 best_discrete=51.217205 hash=False elapsed=59.2s
step   650/700 tau=0.0325 loss=0.300037 mse_soft=0.299922 ent_in=0.9056 ent_out=0.2413 rowmax_in=0.5758 rowmax_out=0.8779 discrete_mse=79.595451 best_discrete=51.217205 hash=False elapsed=61.4s
step   675/700 tau=0.0285 loss=0.298604 mse_soft=0.298490 ent_in=0.8997 ent_out=0.2407 rowmax_in=0.5771 rowmax_out=0.8699 discrete_mse=66.986000 best_discrete=51.217205 hash=False elapsed=63.6s
step   700/700 tau=0.0250 loss=0.369200 mse_soft=0.369090 ent_in=0.8606 ent_out=0.2354 rowmax_in=0.5941 rowmax_out=0.8600 discrete_mse=82.743584 best_discrete=51.217205 hash=False elapsed=66.1s

Final metrics:
  soft_mse_full=0.326020
  rowmax_in_mean=0.5983
  rowmax_out_mean=0.8609
  ent_in_mean=0.8496
  ent_out_mean=0.2294
  final_discrete_mse=26.837633
  hash_match=False
  best_discrete_mse_seen=51.217205
Saved results to overnight_b049_j4.json
