Using device: cuda
Train rows: 10000 / Full rows: 10000, steps=700, lr=0.015
step     1/700 tau=1.0000 loss=1.064185 mse_soft=1.063411 ent_in=3.8712 ent_out=3.8712 rowmax_in=0.0213 rowmax_out=0.0213 discrete_mse=145.003098 best_discrete=145.003098 hash=False elapsed=0.6s
step    25/700 tau=0.8810 loss=0.972020 mse_soft=0.971260 ent_in=3.7937 ent_out=3.8054 rowmax_in=0.0331 rowmax_out=0.0323 discrete_mse=403.259949 best_discrete=145.003098 hash=False elapsed=3.0s
step    50/700 tau=0.7721 loss=0.785601 mse_soft=0.784893 ent_in=3.5166 ent_out=3.5653 rowmax_in=0.0568 rowmax_out=0.0544 discrete_mse=5651.976074 best_discrete=145.003098 hash=False elapsed=5.4s
step    75/700 tau=0.6767 loss=0.639982 mse_soft=0.639347 ent_in=3.1327 ent_out=3.2222 rowmax_in=0.0965 rowmax_out=0.0913 discrete_mse=6149.822266 best_discrete=145.003098 hash=False elapsed=7.7s
step   100/700 tau=0.5931 loss=0.528324 mse_soft=0.527772 ent_in=2.7036 ent_out=2.8137 rowmax_in=0.1791 rowmax_out=0.1646 discrete_mse=1011.095154 best_discrete=145.003098 hash=False elapsed=10.4s
step   125/700 tau=0.5198 loss=0.436179 mse_soft=0.435743 ent_in=2.1938 ent_out=2.1660 rowmax_in=0.2821 rowmax_out=0.3219 discrete_mse=327.180054 best_discrete=145.003098 hash=False elapsed=12.8s
step   150/700 tau=0.4555 loss=0.373847 mse_soft=0.373515 ent_in=1.7790 ent_out=1.5461 rowmax_in=0.3840 rowmax_out=0.4879 discrete_mse=130.681534 best_discrete=130.681534 hash=False elapsed=15.2s
step   175/700 tau=0.3992 loss=0.341877 mse_soft=0.341606 ent_in=1.5662 ent_out=1.1489 rowmax_in=0.4299 rowmax_out=0.5951 discrete_mse=191.246201 best_discrete=130.681534 hash=False elapsed=17.4s
step   200/700 tau=0.3499 loss=0.318875 mse_soft=0.318652 ent_in=1.3956 ent_out=0.8260 rowmax_in=0.4669 rowmax_out=0.7006 discrete_mse=138.597733 best_discrete=130.681534 hash=False elapsed=19.7s
step   225/700 tau=0.3066 loss=0.304609 mse_soft=0.304415 ent_in=1.2958 ent_out=0.6398 rowmax_in=0.4926 rowmax_out=0.7465 discrete_mse=149.611496 best_discrete=130.681534 hash=False elapsed=22.3s
step   250/700 tau=0.2687 loss=0.296856 mse_soft=0.296679 ent_in=1.2382 ent_out=0.5292 rowmax_in=0.4992 rowmax_out=0.7678 discrete_mse=54.431011 best_discrete=54.431011 hash=False elapsed=24.5s
step   275/700 tau=0.2355 loss=0.292709 mse_soft=0.292542 ent_in=1.1982 ent_out=0.4677 rowmax_in=0.5025 rowmax_out=0.7839 discrete_mse=68.231262 best_discrete=54.431011 hash=False elapsed=26.8s
step   300/700 tau=0.2064 loss=0.290515 mse_soft=0.290355 ent_in=1.1631 ent_out=0.4373 rowmax_in=0.5079 rowmax_out=0.7895 discrete_mse=22.784027 best_discrete=22.784027 hash=False elapsed=29.2s
step   325/700 tau=0.1809 loss=0.290616 mse_soft=0.290459 ent_in=1.1426 ent_out=0.4216 rowmax_in=0.5120 rowmax_out=0.7958 discrete_mse=19.275652 best_discrete=19.275652 hash=False elapsed=31.6s
step   350/700 tau=0.1585 loss=0.288040 mse_soft=0.287887 ent_in=1.1270 ent_out=0.3984 rowmax_in=0.5173 rowmax_out=0.8084 discrete_mse=15.793615 best_discrete=15.793615 hash=False elapsed=34.1s
step   375/700 tau=0.1389 loss=0.289014 mse_soft=0.288865 ent_in=1.1142 ent_out=0.3749 rowmax_in=0.5209 rowmax_out=0.8222 discrete_mse=14.565450 best_discrete=14.565450 hash=False elapsed=36.1s
step   400/700 tau=0.1218 loss=0.288126 mse_soft=0.287981 ent_in=1.1021 ent_out=0.3521 rowmax_in=0.5250 rowmax_out=0.8334 discrete_mse=18.250029 best_discrete=14.565450 hash=False elapsed=38.2s
step   425/700 tau=0.1067 loss=0.285326 mse_soft=0.285185 ent_in=1.0885 ent_out=0.3272 rowmax_in=0.5268 rowmax_out=0.8471 discrete_mse=63.416256 best_discrete=14.565450 hash=False elapsed=40.4s
step   450/700 tau=0.0935 loss=0.283942 mse_soft=0.283803 ent_in=1.0775 ent_out=0.3131 rowmax_in=0.5286 rowmax_out=0.8532 discrete_mse=32.727337 best_discrete=14.565450 hash=False elapsed=42.7s
step   475/700 tau=0.0820 loss=0.289372 mse_soft=0.289236 ent_in=1.0684 ent_out=0.3011 rowmax_in=0.5321 rowmax_out=0.8603 discrete_mse=148.731537 best_discrete=14.565450 hash=False elapsed=44.9s
step   500/700 tau=0.0718 loss=0.288040 mse_soft=0.287905 ent_in=1.0552 ent_out=0.2925 rowmax_in=0.5385 rowmax_out=0.8632 discrete_mse=148.731537 best_discrete=14.565450 hash=False elapsed=47.1s
step   525/700 tau=0.0630 loss=0.286289 mse_soft=0.286158 ent_in=1.0285 ent_out=0.2803 rowmax_in=0.5473 rowmax_out=0.8644 discrete_mse=10.954544 best_discrete=10.954544 hash=False elapsed=49.3s
step   550/700 tau=0.0552 loss=0.293730 mse_soft=0.293602 ent_in=1.0103 ent_out=0.2749 rowmax_in=0.5502 rowmax_out=0.8673 discrete_mse=119.488472 best_discrete=10.954544 hash=False elapsed=51.4s
step   575/700 tau=0.0484 loss=0.300101 mse_soft=0.299974 ent_in=1.0125 ent_out=0.2583 rowmax_in=0.5476 rowmax_out=0.8754 discrete_mse=35.571056 best_discrete=10.954544 hash=False elapsed=53.6s
step   600/700 tau=0.0424 loss=0.308292 mse_soft=0.308171 ent_in=0.9587 ent_out=0.2570 rowmax_in=0.5741 rowmax_out=0.8744 discrete_mse=112.187019 best_discrete=10.954544 hash=False elapsed=55.7s
step   625/700 tau=0.0371 loss=0.306388 mse_soft=0.306267 ent_in=0.9674 ent_out=0.2430 rowmax_in=0.5626 rowmax_out=0.8786 discrete_mse=220.915421 best_discrete=10.954544 hash=False elapsed=57.9s
step   650/700 tau=0.0325 loss=0.298942 mse_soft=0.298823 ent_in=0.9523 ent_out=0.2341 rowmax_in=0.5681 rowmax_out=0.8818 discrete_mse=50.826317 best_discrete=10.954544 hash=False elapsed=60.4s
step   675/700 tau=0.0285 loss=0.392837 mse_soft=0.392750 ent_in=0.6982 ent_out=0.1753 rowmax_in=0.6850 rowmax_out=0.9205 discrete_mse=149.140198 best_discrete=10.954544 hash=False elapsed=62.8s
step   700/700 tau=0.0250 loss=0.341239 mse_soft=0.341160 ent_in=0.6255 ent_out=0.1669 rowmax_in=0.6853 rowmax_out=0.9244 discrete_mse=54.834904 best_discrete=10.954544 hash=False elapsed=65.0s

Final metrics:
  soft_mse_full=0.344311
  rowmax_in_mean=0.6910
  rowmax_out_mean=0.9216
  ent_in_mean=0.6203
  ent_out_mean=0.1704
  final_discrete_mse=58.585598
  hash_match=False
  best_discrete_mse_seen=10.954544
Saved results to overnight_b054_j4.json
