Using device: cuda
Train rows: 10000 / Full rows: 10000, steps=700, lr=0.02
step     1/700 tau=1.0000 loss=1.065704 mse_soft=1.063381 ent_in=3.8712 ent_out=3.8712 rowmax_in=0.0213 rowmax_out=0.0213 discrete_mse=109.122971 best_discrete=109.122971 hash=False elapsed=0.5s
step    25/700 tau=0.8866 loss=0.935290 mse_soft=0.933038 ent_in=3.7431 ent_out=3.7628 rowmax_in=0.0372 rowmax_out=0.0363 discrete_mse=11812.158203 best_discrete=109.122971 hash=False elapsed=2.6s
step    50/700 tau=0.7821 loss=0.712287 mse_soft=0.710250 ent_in=3.3658 ent_out=3.4234 rowmax_in=0.0699 rowmax_out=0.0673 discrete_mse=3775.902588 best_discrete=109.122971 hash=False elapsed=4.7s
step    75/700 tau=0.6899 loss=0.589719 mse_soft=0.587916 ent_in=2.9498 ent_out=3.0606 rowmax_in=0.1296 rowmax_out=0.1190 discrete_mse=558.751709 best_discrete=109.122971 hash=False elapsed=6.9s
step   100/700 tau=0.6086 loss=0.473504 mse_soft=0.472042 ent_in=2.4265 ent_out=2.4455 rowmax_in=0.2458 rowmax_out=0.2444 discrete_mse=1603.154541 best_discrete=109.122971 hash=False elapsed=9.2s
step   125/700 tau=0.5368 loss=0.387551 mse_soft=0.386469 ent_in=1.8610 ent_out=1.7471 rowmax_in=0.3883 rowmax_out=0.4409 discrete_mse=3475.942383 best_discrete=109.122971 hash=False elapsed=11.4s
step   150/700 tau=0.4736 loss=0.334792 mse_soft=0.334005 ent_in=1.4734 ent_out=1.1511 rowmax_in=0.4701 rowmax_out=0.6062 discrete_mse=1290.247803 best_discrete=109.122971 hash=False elapsed=13.5s
step   175/700 tau=0.4177 loss=0.315928 mse_soft=0.315280 ent_in=1.3177 ent_out=0.8432 rowmax_in=0.4950 rowmax_out=0.6997 discrete_mse=237.888092 best_discrete=109.122971 hash=False elapsed=15.9s
step   200/700 tau=0.3685 loss=0.303829 mse_soft=0.303277 ent_in=1.2254 ent_out=0.6163 rowmax_in=0.5077 rowmax_out=0.7669 discrete_mse=490.092773 best_discrete=109.122971 hash=False elapsed=18.4s
step   225/700 tau=0.3251 loss=0.297747 mse_soft=0.297240 ent_in=1.1705 ent_out=0.5167 rowmax_in=0.5185 rowmax_out=0.7866 discrete_mse=974.352600 best_discrete=109.122971 hash=False elapsed=20.7s
step   250/700 tau=0.2868 loss=0.293809 mse_soft=0.293323 ent_in=1.1548 ent_out=0.4642 rowmax_in=0.5213 rowmax_out=0.7921 discrete_mse=954.479797 best_discrete=109.122971 hash=False elapsed=23.0s
step   275/700 tau=0.2530 loss=0.290767 mse_soft=0.290293 ent_in=1.1354 ent_out=0.4441 rowmax_in=0.5260 rowmax_out=0.7930 discrete_mse=567.917847 best_discrete=109.122971 hash=False elapsed=25.1s
step   300/700 tau=0.2231 loss=0.289363 mse_soft=0.288893 ent_in=1.1215 ent_out=0.4439 rowmax_in=0.5279 rowmax_out=0.7890 discrete_mse=341.758789 best_discrete=109.122971 hash=False elapsed=27.2s
step   325/700 tau=0.1968 loss=0.287163 mse_soft=0.286701 ent_in=1.1070 ent_out=0.4355 rowmax_in=0.5300 rowmax_out=0.7906 discrete_mse=599.073547 best_discrete=109.122971 hash=False elapsed=29.6s
step   350/700 tau=0.1736 loss=0.286333 mse_soft=0.285873 ent_in=1.0999 ent_out=0.4346 rowmax_in=0.5309 rowmax_out=0.7897 discrete_mse=431.509979 best_discrete=109.122971 hash=False elapsed=31.9s
step   375/700 tau=0.1532 loss=0.289017 mse_soft=0.288561 ent_in=1.0925 ent_out=0.4264 rowmax_in=0.5336 rowmax_out=0.7922 discrete_mse=248.737946 best_discrete=109.122971 hash=False elapsed=34.3s
step   400/700 tau=0.1351 loss=0.288330 mse_soft=0.287877 ent_in=1.0952 ent_out=0.4154 rowmax_in=0.5318 rowmax_out=0.7943 discrete_mse=128.176437 best_discrete=109.122971 hash=False elapsed=36.7s
step   425/700 tau=0.1192 loss=0.288927 mse_soft=0.288479 ent_in=1.0950 ent_out=0.4003 rowmax_in=0.5322 rowmax_out=0.8016 discrete_mse=135.152191 best_discrete=109.122971 hash=False elapsed=38.9s
step   450/700 tau=0.1051 loss=0.295146 mse_soft=0.294701 ent_in=1.0980 ent_out=0.3829 rowmax_in=0.5302 rowmax_out=0.8078 discrete_mse=83.026291 best_discrete=83.026291 hash=False elapsed=41.1s
step   475/700 tau=0.0928 loss=0.298289 mse_soft=0.297849 ent_in=1.0929 ent_out=0.3736 rowmax_in=0.5291 rowmax_out=0.8117 discrete_mse=132.410980 best_discrete=83.026291 hash=False elapsed=43.3s
step   500/700 tau=0.0818 loss=0.286763 mse_soft=0.286327 ent_in=1.0904 ent_out=0.3641 rowmax_in=0.5280 rowmax_out=0.8139 discrete_mse=99.759308 best_discrete=83.026291 hash=False elapsed=45.6s
step   525/700 tau=0.0722 loss=0.313042 mse_soft=0.312611 ent_in=1.0871 ent_out=0.3484 rowmax_in=0.5259 rowmax_out=0.8197 discrete_mse=43.928299 best_discrete=43.928299 hash=False elapsed=47.8s
step   550/700 tau=0.0637 loss=0.292331 mse_soft=0.291906 ent_in=1.0721 ent_out=0.3458 rowmax_in=0.5241 rowmax_out=0.8216 discrete_mse=121.352196 best_discrete=43.928299 hash=False elapsed=49.9s
step   575/700 tau=0.0562 loss=0.290075 mse_soft=0.289664 ent_in=1.0490 ent_out=0.3210 rowmax_in=0.5354 rowmax_out=0.8239 discrete_mse=54.937794 best_discrete=43.928299 hash=False elapsed=52.2s
step   600/700 tau=0.0495 loss=0.308804 mse_soft=0.308399 ent_in=1.0448 ent_out=0.3055 rowmax_in=0.5275 rowmax_out=0.8394 discrete_mse=29.899227 best_discrete=29.899227 hash=False elapsed=54.5s
step   625/700 tau=0.0437 loss=0.333481 mse_soft=0.333139 ent_in=0.8633 ent_out=0.2762 rowmax_in=0.5981 rowmax_out=0.8517 discrete_mse=612.635132 best_discrete=29.899227 hash=False elapsed=56.5s
step   650/700 tau=0.0386 loss=0.307071 mse_soft=0.306749 ent_in=0.8002 ent_out=0.2734 rowmax_in=0.6322 rowmax_out=0.8563 discrete_mse=105.555199 best_discrete=29.899227 hash=False elapsed=58.7s
step   675/700 tau=0.0340 loss=0.300802 mse_soft=0.300477 ent_in=0.8062 ent_out=0.2770 rowmax_in=0.6271 rowmax_out=0.8491 discrete_mse=64.909584 best_discrete=29.899227 hash=False elapsed=60.9s
step   700/700 tau=0.0300 loss=0.315348 mse_soft=0.315036 ent_in=0.7824 ent_out=0.2581 rowmax_in=0.6310 rowmax_out=0.8620 discrete_mse=78.104027 best_discrete=29.899227 hash=False elapsed=63.0s

Final metrics:
  soft_mse_full=0.327247
  rowmax_in_mean=0.6366
  rowmax_out_mean=0.8700
  ent_in_mean=0.7684
  ent_out_mean=0.2504
  final_discrete_mse=118.532921
  hash_match=False
  best_discrete_mse_seen=29.899227
Saved results to overnight_b047_j3.json
