Using device: cuda
Train rows: 4096 / Full rows: 10000, steps=900, lr=0.03
step     1/900 tau=1.0000 loss=1.055561 mse_soft=1.053239 ent_in=3.8712 ent_out=3.8712 rowmax_in=0.0213 rowmax_out=0.0213 discrete_mse=146.385040 best_discrete=146.385040 hash=False elapsed=0.5s
step    25/900 tau=0.9106 loss=0.852662 mse_soft=0.850472 ent_in=3.6309 ent_out=3.6671 rowmax_in=0.0467 rowmax_out=0.0440 discrete_mse=871.248779 best_discrete=146.385040 hash=False elapsed=2.6s
step    50/900 tau=0.8260 loss=0.641211 mse_soft=0.639306 ent_in=3.1260 ent_out=3.2240 rowmax_in=0.0930 rowmax_out=0.0874 discrete_mse=3824.118408 best_discrete=146.385040 hash=False elapsed=4.8s
step    75/900 tau=0.7493 loss=0.499087 mse_soft=0.497514 ent_in=2.5834 ent_out=2.6581 rowmax_in=0.1991 rowmax_out=0.1999 discrete_mse=3180.362793 best_discrete=146.385040 hash=False elapsed=7.0s
step   100/900 tau=0.6797 loss=0.391917 mse_soft=0.390782 ent_in=1.9828 ent_out=1.8021 rowmax_in=0.3460 rowmax_out=0.4166 discrete_mse=2906.990723 best_discrete=146.385040 hash=False elapsed=9.2s
step   125/900 tau=0.6165 loss=0.341987 mse_soft=0.341138 ent_in=1.6384 ent_out=1.1915 rowmax_in=0.4075 rowmax_out=0.6004 discrete_mse=663.183655 best_discrete=146.385040 hash=False elapsed=11.3s
step   150/900 tau=0.5592 loss=0.315600 mse_soft=0.314914 ent_in=1.4701 ent_out=0.8174 rowmax_in=0.4451 rowmax_out=0.7148 discrete_mse=898.781372 best_discrete=146.385040 hash=False elapsed=13.5s
step   175/900 tau=0.5073 loss=0.298694 mse_soft=0.298109 ent_in=1.3597 ent_out=0.5886 rowmax_in=0.4696 rowmax_out=0.7950 discrete_mse=2435.854004 best_discrete=146.385040 hash=False elapsed=15.6s
step   200/900 tau=0.4602 loss=0.290197 mse_soft=0.289667 ent_in=1.2977 ent_out=0.4692 rowmax_in=0.4818 rowmax_out=0.8254 discrete_mse=2081.408447 best_discrete=146.385040 hash=False elapsed=17.9s
step   225/900 tau=0.4174 loss=0.284383 mse_soft=0.283885 ent_in=1.2538 ent_out=0.4041 rowmax_in=0.4943 rowmax_out=0.8413 discrete_mse=2081.408447 best_discrete=146.385040 hash=False elapsed=20.2s
step   250/900 tau=0.3786 loss=0.281331 mse_soft=0.280855 ent_in=1.2229 ent_out=0.3641 rowmax_in=0.4978 rowmax_out=0.8530 discrete_mse=2081.408447 best_discrete=146.385040 hash=False elapsed=22.5s
step   275/900 tau=0.3434 loss=0.279723 mse_soft=0.279255 ent_in=1.2089 ent_out=0.3511 rowmax_in=0.4984 rowmax_out=0.8588 discrete_mse=2081.408447 best_discrete=146.385040 hash=False elapsed=24.9s
step   300/900 tau=0.3115 loss=0.276444 mse_soft=0.275989 ent_in=1.1963 ent_out=0.3206 rowmax_in=0.4930 rowmax_out=0.8782 discrete_mse=2522.555664 best_discrete=146.385040 hash=False elapsed=27.2s
step   325/900 tau=0.2826 loss=0.275268 mse_soft=0.274826 ent_in=1.1793 ent_out=0.2941 rowmax_in=0.4941 rowmax_out=0.8893 discrete_mse=1555.021118 best_discrete=146.385040 hash=False elapsed=29.5s
step   350/900 tau=0.2563 loss=0.276201 mse_soft=0.275767 ent_in=1.1693 ent_out=0.2767 rowmax_in=0.4945 rowmax_out=0.8954 discrete_mse=1555.021118 best_discrete=146.385040 hash=False elapsed=31.7s
step   375/900 tau=0.2325 loss=0.279549 mse_soft=0.279122 ent_in=1.1634 ent_out=0.2620 rowmax_in=0.4970 rowmax_out=0.9007 discrete_mse=1555.021118 best_discrete=146.385040 hash=False elapsed=33.9s
step   400/900 tau=0.2109 loss=0.273586 mse_soft=0.273163 ent_in=1.1550 ent_out=0.2544 rowmax_in=0.4982 rowmax_out=0.9027 discrete_mse=1555.021118 best_discrete=146.385040 hash=False elapsed=36.3s
step   425/900 tau=0.1913 loss=0.275207 mse_soft=0.274787 ent_in=1.1484 ent_out=0.2525 rowmax_in=0.4996 rowmax_out=0.9001 discrete_mse=1555.021118 best_discrete=146.385040 hash=False elapsed=38.3s
step   450/900 tau=0.1735 loss=0.276122 mse_soft=0.275705 ent_in=1.1405 ent_out=0.2495 rowmax_in=0.5000 rowmax_out=0.9005 discrete_mse=1555.021118 best_discrete=146.385040 hash=False elapsed=40.5s
step   475/900 tau=0.1574 loss=0.281616 mse_soft=0.281201 ent_in=1.1362 ent_out=0.2442 rowmax_in=0.5024 rowmax_out=0.9017 discrete_mse=1555.021118 best_discrete=146.385040 hash=False elapsed=42.9s
step   500/900 tau=0.1428 loss=0.275358 mse_soft=0.274944 ent_in=1.1363 ent_out=0.2462 rowmax_in=0.4990 rowmax_out=0.8961 discrete_mse=1555.021118 best_discrete=146.385040 hash=False elapsed=45.3s
step   525/900 tau=0.1295 loss=0.278283 mse_soft=0.277870 ent_in=1.1356 ent_out=0.2404 rowmax_in=0.4992 rowmax_out=0.8986 discrete_mse=1555.021118 best_discrete=146.385040 hash=False elapsed=47.6s
step   550/900 tau=0.1175 loss=0.284655 mse_soft=0.284244 ent_in=1.1290 ent_out=0.2392 rowmax_in=0.5020 rowmax_out=0.8982 discrete_mse=1555.021118 best_discrete=146.385040 hash=False elapsed=50.1s
step   575/900 tau=0.1066 loss=0.285557 mse_soft=0.285144 ent_in=1.1342 ent_out=0.2405 rowmax_in=0.4982 rowmax_out=0.8969 discrete_mse=1555.021118 best_discrete=146.385040 hash=False elapsed=52.6s
step   600/900 tau=0.0967 loss=0.287675 mse_soft=0.287265 ent_in=1.1260 ent_out=0.2397 rowmax_in=0.5023 rowmax_out=0.8970 discrete_mse=517.552551 best_discrete=146.385040 hash=False elapsed=55.1s
step   625/900 tau=0.0877 loss=0.282508 mse_soft=0.282110 ent_in=1.0837 ent_out=0.2450 rowmax_in=0.5215 rowmax_out=0.8858 discrete_mse=952.851379 best_discrete=146.385040 hash=False elapsed=57.4s
step   650/900 tau=0.0795 loss=0.302826 mse_soft=0.302453 ent_in=1.0251 ent_out=0.2189 rowmax_in=0.5414 rowmax_out=0.8956 discrete_mse=338.631561 best_discrete=146.385040 hash=False elapsed=59.7s
step   675/900 tau=0.0722 loss=0.283029 mse_soft=0.282652 ent_in=1.0252 ent_out=0.2311 rowmax_in=0.5281 rowmax_out=0.8903 discrete_mse=768.136230 best_discrete=146.385040 hash=False elapsed=61.9s
step   700/900 tau=0.0655 loss=0.287365 mse_soft=0.286997 ent_in=0.9906 ent_out=0.2370 rowmax_in=0.5439 rowmax_out=0.8823 discrete_mse=841.949097 best_discrete=146.385040 hash=False elapsed=64.3s
step   725/900 tau=0.0594 loss=0.326176 mse_soft=0.325852 ent_in=0.8697 ent_out=0.2124 rowmax_in=0.5988 rowmax_out=0.8989 discrete_mse=18.449104 best_discrete=18.449104 hash=False elapsed=66.6s
step   750/900 tau=0.0539 loss=0.301398 mse_soft=0.301079 ent_in=0.8573 ent_out=0.2060 rowmax_in=0.5960 rowmax_out=0.9017 discrete_mse=436.205139 best_discrete=18.449104 hash=False elapsed=68.7s
step   775/900 tau=0.0489 loss=0.299456 mse_soft=0.299124 ent_in=0.8770 ent_out=0.2309 rowmax_in=0.5768 rowmax_out=0.8877 discrete_mse=569.577576 best_discrete=18.449104 hash=False elapsed=71.0s
step   800/900 tau=0.0443 loss=0.315739 mse_soft=0.315416 ent_in=0.8445 ent_out=0.2304 rowmax_in=0.5918 rowmax_out=0.8879 discrete_mse=109.510811 best_discrete=18.449104 hash=False elapsed=73.4s
step   825/900 tau=0.0402 loss=0.306435 mse_soft=0.306118 ent_in=0.8252 ent_out=0.2311 rowmax_in=0.5977 rowmax_out=0.8895 discrete_mse=110.975548 best_discrete=18.449104 hash=False elapsed=75.8s
step   850/900 tau=0.0365 loss=0.437554 mse_soft=0.437302 ent_in=0.6405 ent_out=0.2017 rowmax_in=0.7063 rowmax_out=0.9104 discrete_mse=36.602711 best_discrete=18.449104 hash=False elapsed=78.2s
step   875/900 tau=0.0331 loss=0.452014 mse_soft=0.451840 ent_in=0.4076 ent_out=0.1726 rowmax_in=0.7757 rowmax_out=0.9111 discrete_mse=133.098602 best_discrete=18.449104 hash=False elapsed=80.6s
step   900/900 tau=0.0300 loss=0.403563 mse_soft=0.403376 ent_in=0.4279 ent_out=0.1970 rowmax_in=0.7695 rowmax_out=0.8979 discrete_mse=24.159248 best_discrete=18.449104 hash=False elapsed=82.9s

Final metrics:
  soft_mse_full=0.413321
  rowmax_in_mean=0.7686
  rowmax_out_mean=0.8952
  ent_in_mean=0.4278
  ent_out_mean=0.2004
  final_discrete_mse=18.317068
  hash_match=False
  best_discrete_mse_seen=18.449104
Saved results to overnight_b191_j1.json
