Using device: cuda
Train rows: 10000 / Full rows: 10000, steps=700, lr=0.02
step     1/700 tau=1.0000 loss=1.065711 mse_soft=1.063389 ent_in=3.8712 ent_out=3.8712 rowmax_in=0.0213 rowmax_out=0.0213 discrete_mse=5.524033 best_discrete=5.524033 hash=False elapsed=0.5s
step    25/700 tau=0.8866 loss=0.935185 mse_soft=0.932934 ent_in=3.7425 ent_out=3.7625 rowmax_in=0.0373 rowmax_out=0.0361 discrete_mse=2617.787842 best_discrete=5.524033 hash=False elapsed=2.7s
step    50/700 tau=0.7821 loss=0.711214 mse_soft=0.709178 ent_in=3.3619 ent_out=3.4228 rowmax_in=0.0685 rowmax_out=0.0679 discrete_mse=16035.125977 best_discrete=5.524033 hash=False elapsed=4.9s
step    75/700 tau=0.6899 loss=0.588729 mse_soft=0.586930 ent_in=2.9421 ent_out=3.0542 rowmax_in=0.1313 rowmax_out=0.1234 discrete_mse=449.714691 best_discrete=5.524033 hash=False elapsed=7.0s
step   100/700 tau=0.6086 loss=0.475286 mse_soft=0.473835 ent_in=2.3991 ent_out=2.4372 rowmax_in=0.2505 rowmax_out=0.2617 discrete_mse=3079.205811 best_discrete=5.524033 hash=False elapsed=9.1s
step   125/700 tau=0.5368 loss=0.388778 mse_soft=0.387719 ent_in=1.8298 ent_out=1.7024 rowmax_in=0.3879 rowmax_out=0.4616 discrete_mse=67.150085 best_discrete=5.524033 hash=False elapsed=11.3s
step   150/700 tau=0.4736 loss=0.342632 mse_soft=0.341806 ent_in=1.5061 ent_out=1.2461 rowmax_in=0.4650 rowmax_out=0.5795 discrete_mse=2159.466064 best_discrete=5.524033 hash=False elapsed=13.5s
step   175/700 tau=0.4177 loss=0.317221 mse_soft=0.316553 ent_in=1.3013 ent_out=0.9257 rowmax_in=0.5095 rowmax_out=0.6790 discrete_mse=964.580872 best_discrete=5.524033 hash=False elapsed=15.8s
step   200/700 tau=0.3685 loss=0.304559 mse_soft=0.303974 ent_in=1.2103 ent_out=0.7394 rowmax_in=0.5275 rowmax_out=0.7208 discrete_mse=290.111084 best_discrete=5.524033 hash=False elapsed=17.9s
step   225/700 tau=0.3251 loss=0.297429 mse_soft=0.296896 ent_in=1.1542 ent_out=0.6230 rowmax_in=0.5299 rowmax_out=0.7483 discrete_mse=610.498535 best_discrete=5.524033 hash=False elapsed=20.3s
step   250/700 tau=0.2868 loss=0.294347 mse_soft=0.293851 ent_in=1.1080 ent_out=0.5469 rowmax_in=0.5392 rowmax_out=0.7711 discrete_mse=850.006104 best_discrete=5.524033 hash=False elapsed=22.7s
step   275/700 tau=0.2530 loss=0.292792 mse_soft=0.292323 ent_in=1.0821 ent_out=0.4788 rowmax_in=0.5481 rowmax_out=0.7968 discrete_mse=860.515564 best_discrete=5.524033 hash=False elapsed=24.9s
step   300/700 tau=0.2231 loss=0.288553 mse_soft=0.288103 ent_in=1.0655 ent_out=0.4337 rowmax_in=0.5489 rowmax_out=0.8085 discrete_mse=136.231964 best_discrete=5.524033 hash=False elapsed=27.1s
step   325/700 tau=0.1968 loss=0.285219 mse_soft=0.284778 ent_in=1.0560 ent_out=0.4119 rowmax_in=0.5485 rowmax_out=0.8120 discrete_mse=288.225098 best_discrete=5.524033 hash=False elapsed=29.2s
step   350/700 tau=0.1736 loss=0.283632 mse_soft=0.283197 ent_in=1.0441 ent_out=0.4041 rowmax_in=0.5540 rowmax_out=0.8133 discrete_mse=288.225098 best_discrete=5.524033 hash=False elapsed=31.6s
step   375/700 tau=0.1532 loss=0.283706 mse_soft=0.283276 ent_in=1.0365 ent_out=0.3942 rowmax_in=0.5565 rowmax_out=0.8154 discrete_mse=273.304382 best_discrete=5.524033 hash=False elapsed=34.0s
step   400/700 tau=0.1351 loss=0.287895 mse_soft=0.287471 ent_in=1.0325 ent_out=0.3807 rowmax_in=0.5579 rowmax_out=0.8190 discrete_mse=273.304382 best_discrete=5.524033 hash=False elapsed=36.1s
step   425/700 tau=0.1192 loss=0.288690 mse_soft=0.288271 ent_in=1.0237 ent_out=0.3724 rowmax_in=0.5606 rowmax_out=0.8189 discrete_mse=111.649994 best_discrete=5.524033 hash=False elapsed=38.3s
step   450/700 tau=0.1051 loss=0.297608 mse_soft=0.297191 ent_in=1.0239 ent_out=0.3656 rowmax_in=0.5603 rowmax_out=0.8196 discrete_mse=244.973373 best_discrete=5.524033 hash=False elapsed=40.5s
step   475/700 tau=0.0928 loss=0.286645 mse_soft=0.286233 ent_in=1.0156 ent_out=0.3562 rowmax_in=0.5640 rowmax_out=0.8218 discrete_mse=244.973373 best_discrete=5.524033 hash=False elapsed=42.7s
step   500/700 tau=0.0818 loss=0.283265 mse_soft=0.282856 ent_in=1.0082 ent_out=0.3536 rowmax_in=0.5630 rowmax_out=0.8199 discrete_mse=214.297119 best_discrete=5.524033 hash=False elapsed=45.0s
step   525/700 tau=0.0722 loss=0.286908 mse_soft=0.286506 ent_in=0.9915 ent_out=0.3517 rowmax_in=0.5713 rowmax_out=0.8204 discrete_mse=241.861740 best_discrete=5.524033 hash=False elapsed=47.3s
step   550/700 tau=0.0637 loss=0.297044 mse_soft=0.296661 ent_in=0.9436 ent_out=0.3323 rowmax_in=0.5939 rowmax_out=0.8132 discrete_mse=352.399628 best_discrete=5.524033 hash=False elapsed=49.5s
step   575/700 tau=0.0562 loss=0.313070 mse_soft=0.312698 ent_in=0.9109 ent_out=0.3292 rowmax_in=0.6011 rowmax_out=0.8205 discrete_mse=1188.159668 best_discrete=5.524033 hash=False elapsed=51.7s
step   600/700 tau=0.0495 loss=0.294771 mse_soft=0.294395 ent_in=0.9254 ent_out=0.3279 rowmax_in=0.5839 rowmax_out=0.8203 discrete_mse=403.678131 best_discrete=5.524033 hash=False elapsed=53.8s
step   625/700 tau=0.0437 loss=0.292357 mse_soft=0.291989 ent_in=0.9076 ent_out=0.3208 rowmax_in=0.5926 rowmax_out=0.8207 discrete_mse=170.174194 best_discrete=5.524033 hash=False elapsed=56.2s
step   650/700 tau=0.0386 loss=0.320962 mse_soft=0.320599 ent_in=0.8999 ent_out=0.3098 rowmax_in=0.5887 rowmax_out=0.8284 discrete_mse=218.358551 best_discrete=5.524033 hash=False elapsed=58.5s
step   675/700 tau=0.0340 loss=0.348337 mse_soft=0.348032 ent_in=0.7302 ent_out=0.2877 rowmax_in=0.6703 rowmax_out=0.8383 discrete_mse=53.644630 best_discrete=5.524033 hash=False elapsed=60.7s
step   700/700 tau=0.0300 loss=0.330924 mse_soft=0.330652 ent_in=0.6299 ent_out=0.2777 rowmax_in=0.7059 rowmax_out=0.8454 discrete_mse=63.801334 best_discrete=5.524033 hash=False elapsed=63.0s

Final metrics:
  soft_mse_full=0.348105
  rowmax_in_mean=0.7052
  rowmax_out_mean=0.8301
  ent_in_mean=0.6312
  ent_out_mean=0.2826
  final_discrete_mse=91.605087
  hash_match=False
  best_discrete_mse_seen=5.524033
Saved results to overnight_b156_j3.json
