Using device: cuda
Train rows: 4096 / Full rows: 10000, steps=900, lr=0.03
step     1/900 tau=1.0000 loss=1.067626 mse_soft=1.065304 ent_in=3.8712 ent_out=3.8712 rowmax_in=0.0213 rowmax_out=0.0213 discrete_mse=99.741020 best_discrete=99.741020 hash=False elapsed=0.5s
step    25/900 tau=0.9090 loss=0.862330 mse_soft=0.860139 ent_in=3.6330 ent_out=3.6692 rowmax_in=0.0453 rowmax_out=0.0445 discrete_mse=1686.667603 best_discrete=99.741020 hash=False elapsed=2.4s
step    50/900 tau=0.8229 loss=0.642444 mse_soft=0.640540 ent_in=3.1242 ent_out=3.2226 rowmax_in=0.0930 rowmax_out=0.0874 discrete_mse=2379.765137 best_discrete=99.741020 hash=False elapsed=4.4s
step    75/900 tau=0.7450 loss=0.495322 mse_soft=0.493751 ent_in=2.5847 ent_out=2.6532 rowmax_in=0.2027 rowmax_out=0.2102 discrete_mse=875.576355 best_discrete=99.741020 hash=False elapsed=6.4s
step   100/900 tau=0.6745 loss=0.390237 mse_soft=0.389070 ent_in=2.0205 ent_out=1.8689 rowmax_in=0.3453 rowmax_out=0.3914 discrete_mse=2006.521118 best_discrete=99.741020 hash=False elapsed=8.5s
step   125/900 tau=0.6107 loss=0.330478 mse_soft=0.329607 ent_in=1.6395 ent_out=1.2645 rowmax_in=0.4360 rowmax_out=0.5946 discrete_mse=286.370636 best_discrete=99.741020 hash=False elapsed=10.5s
step   150/900 tau=0.5529 loss=0.304472 mse_soft=0.303736 ent_in=1.4796 ent_out=0.9758 rowmax_in=0.4585 rowmax_out=0.6605 discrete_mse=933.290161 best_discrete=99.741020 hash=False elapsed=12.6s
step   175/900 tau=0.5006 loss=0.289822 mse_soft=0.289195 ent_in=1.3670 ent_out=0.7232 rowmax_in=0.4724 rowmax_out=0.7387 discrete_mse=427.405853 best_discrete=99.741020 hash=False elapsed=14.7s
step   200/900 tau=0.4532 loss=0.282078 mse_soft=0.281509 ent_in=1.3105 ent_out=0.5892 rowmax_in=0.4765 rowmax_out=0.7763 discrete_mse=805.405518 best_discrete=99.741020 hash=False elapsed=16.9s
step   225/900 tau=0.4103 loss=0.278432 mse_soft=0.277893 ent_in=1.2672 ent_out=0.5284 rowmax_in=0.4825 rowmax_out=0.7871 discrete_mse=1043.041626 best_discrete=99.741020 hash=False elapsed=19.2s
step   250/900 tau=0.3715 loss=0.273781 mse_soft=0.273255 ent_in=1.2597 ent_out=0.4935 rowmax_in=0.4810 rowmax_out=0.7919 discrete_mse=661.403870 best_discrete=99.741020 hash=False elapsed=21.3s
step   275/900 tau=0.3363 loss=0.272463 mse_soft=0.271948 ent_in=1.2460 ent_out=0.4700 rowmax_in=0.4808 rowmax_out=0.7939 discrete_mse=661.403870 best_discrete=99.741020 hash=False elapsed=23.4s
step   300/900 tau=0.3045 loss=0.270636 mse_soft=0.270132 ent_in=1.2286 ent_out=0.4504 rowmax_in=0.4837 rowmax_out=0.7978 discrete_mse=1193.093628 best_discrete=99.741020 hash=False elapsed=25.5s
step   325/900 tau=0.2756 loss=0.270651 mse_soft=0.270155 ent_in=1.2164 ent_out=0.4348 rowmax_in=0.4880 rowmax_out=0.8010 discrete_mse=459.811432 best_discrete=99.741020 hash=False elapsed=27.5s
step   350/900 tau=0.2496 loss=0.268759 mse_soft=0.268270 ent_in=1.2075 ent_out=0.4234 rowmax_in=0.4911 rowmax_out=0.7995 discrete_mse=1193.093628 best_discrete=99.741020 hash=False elapsed=29.8s
step   375/900 tau=0.2259 loss=0.269116 mse_soft=0.268637 ent_in=1.1917 ent_out=0.4055 rowmax_in=0.4981 rowmax_out=0.8015 discrete_mse=402.103394 best_discrete=99.741020 hash=False elapsed=31.8s
step   400/900 tau=0.2046 loss=0.265802 mse_soft=0.265329 ent_in=1.1863 ent_out=0.3922 rowmax_in=0.4985 rowmax_out=0.8090 discrete_mse=231.893295 best_discrete=99.741020 hash=False elapsed=33.8s
step   425/900 tau=0.1852 loss=0.268223 mse_soft=0.267752 ent_in=1.1807 ent_out=0.3875 rowmax_in=0.5003 rowmax_out=0.8051 discrete_mse=231.893295 best_discrete=99.741020 hash=False elapsed=36.1s
step   450/900 tau=0.1677 loss=0.263777 mse_soft=0.263310 ent_in=1.1712 ent_out=0.3844 rowmax_in=0.5028 rowmax_out=0.8059 discrete_mse=494.876282 best_discrete=99.741020 hash=False elapsed=38.3s
step   475/900 tau=0.1518 loss=0.267561 mse_soft=0.267101 ent_in=1.1587 ent_out=0.3722 rowmax_in=0.5054 rowmax_out=0.8138 discrete_mse=494.876282 best_discrete=99.741020 hash=False elapsed=40.3s
step   500/900 tau=0.1374 loss=0.279610 mse_soft=0.279155 ent_in=1.1647 ent_out=0.3501 rowmax_in=0.5034 rowmax_out=0.8362 discrete_mse=494.876282 best_discrete=99.741020 hash=False elapsed=42.4s
step   525/900 tau=0.1244 loss=0.264290 mse_soft=0.263842 ent_in=1.1310 ent_out=0.3645 rowmax_in=0.5140 rowmax_out=0.8145 discrete_mse=475.892090 best_discrete=99.741020 hash=False elapsed=44.5s
step   550/900 tau=0.1126 loss=0.269094 mse_soft=0.268645 ent_in=1.1342 ent_out=0.3622 rowmax_in=0.5102 rowmax_out=0.8124 discrete_mse=468.850342 best_discrete=99.741020 hash=False elapsed=46.4s
step   575/900 tau=0.1020 loss=0.300835 mse_soft=0.300397 ent_in=1.1245 ent_out=0.3354 rowmax_in=0.5223 rowmax_out=0.8388 discrete_mse=119.615738 best_discrete=99.741020 hash=False elapsed=48.3s
step   600/900 tau=0.0923 loss=0.274139 mse_soft=0.273711 ent_in=1.0708 ent_out=0.3557 rowmax_in=0.5350 rowmax_out=0.8157 discrete_mse=380.805756 best_discrete=99.741020 hash=False elapsed=50.4s
step   625/900 tau=0.0836 loss=0.282262 mse_soft=0.281880 ent_in=0.9663 ent_out=0.3065 rowmax_in=0.5824 rowmax_out=0.8503 discrete_mse=130.542740 best_discrete=99.741020 hash=False elapsed=52.5s
step   650/900 tau=0.0757 loss=0.277707 mse_soft=0.277331 ent_in=0.9499 ent_out=0.3040 rowmax_in=0.5815 rowmax_out=0.8470 discrete_mse=84.555000 best_discrete=84.555000 hash=False elapsed=54.5s
step   675/900 tau=0.0685 loss=0.276164 mse_soft=0.275793 ent_in=0.9339 ent_out=0.3028 rowmax_in=0.5849 rowmax_out=0.8475 discrete_mse=89.624657 best_discrete=84.555000 hash=False elapsed=56.7s
step   700/900 tau=0.0620 loss=0.276649 mse_soft=0.276281 ent_in=0.9260 ent_out=0.3016 rowmax_in=0.5890 rowmax_out=0.8501 discrete_mse=189.109589 best_discrete=84.555000 hash=False elapsed=59.0s
step   725/900 tau=0.0562 loss=0.277107 mse_soft=0.276742 ent_in=0.9168 ent_out=0.3019 rowmax_in=0.5868 rowmax_out=0.8499 discrete_mse=110.202324 best_discrete=84.555000 hash=False elapsed=61.1s
step   750/900 tau=0.0508 loss=0.285103 mse_soft=0.284744 ent_in=0.8945 ent_out=0.3005 rowmax_in=0.5952 rowmax_out=0.8523 discrete_mse=105.596573 best_discrete=84.555000 hash=False elapsed=63.1s
step   775/900 tau=0.0460 loss=0.889250 mse_soft=0.889005 ent_in=0.5534 ent_out=0.2623 rowmax_in=0.7810 rowmax_out=0.8770 discrete_mse=93.995010 best_discrete=84.555000 hash=False elapsed=65.1s
step   800/900 tau=0.0417 loss=0.437561 mse_soft=0.437360 ent_in=0.4548 ent_out=0.2127 rowmax_in=0.7662 rowmax_out=0.8795 discrete_mse=75.761169 best_discrete=75.761169 hash=False elapsed=67.3s
step   825/900 tau=0.0377 loss=0.400787 mse_soft=0.400601 ent_in=0.4218 ent_out=0.2005 rowmax_in=0.7848 rowmax_out=0.8846 discrete_mse=76.141914 best_discrete=75.761169 hash=False elapsed=69.4s
step   850/900 tau=0.0342 loss=0.408329 mse_soft=0.408163 ent_in=0.3698 ent_out=0.1865 rowmax_in=0.8068 rowmax_out=0.8916 discrete_mse=13.174614 best_discrete=13.174614 hash=False elapsed=71.8s
step   875/900 tau=0.0309 loss=0.390249 mse_soft=0.390079 ent_in=0.3820 ent_out=0.1847 rowmax_in=0.7955 rowmax_out=0.8961 discrete_mse=1.203842 best_discrete=1.203842 hash=False elapsed=73.8s
step   900/900 tau=0.0280 loss=0.381475 mse_soft=0.381297 ent_in=0.4006 ent_out=0.1928 rowmax_in=0.7847 rowmax_out=0.8928 discrete_mse=6.176562 best_discrete=1.203842 hash=False elapsed=76.1s

Final metrics:
  soft_mse_full=0.402405
  rowmax_in_mean=0.7852
  rowmax_out_mean=0.8923
  ent_in_mean=0.4008
  ent_out_mean=0.1934
  final_discrete_mse=6.176562
  hash_match=False
  best_discrete_mse_seen=1.203842
Saved results to overnight_b055_j2.json
