Using device: cuda
Train rows: 10000 / Full rows: 10000, steps=700, lr=0.02
step     1/700 tau=1.0000 loss=1.065754 mse_soft=1.063431 ent_in=3.8712 ent_out=3.8712 rowmax_in=0.0213 rowmax_out=0.0213 discrete_mse=12.360959 best_discrete=12.360959 hash=False elapsed=0.5s
step    25/700 tau=0.8866 loss=0.935431 mse_soft=0.933179 ent_in=3.7426 ent_out=3.7631 rowmax_in=0.0374 rowmax_out=0.0361 discrete_mse=3055.714844 best_discrete=12.360959 hash=False elapsed=2.7s
step    50/700 tau=0.7821 loss=0.707342 mse_soft=0.705308 ent_in=3.3588 ent_out=3.4210 rowmax_in=0.0694 rowmax_out=0.0677 discrete_mse=2537.606689 best_discrete=12.360959 hash=False elapsed=5.1s
step    75/700 tau=0.6899 loss=0.581152 mse_soft=0.579360 ent_in=2.9356 ent_out=3.0396 rowmax_in=0.1327 rowmax_out=0.1258 discrete_mse=92.838081 best_discrete=12.360959 hash=False elapsed=7.4s
step   100/700 tau=0.6086 loss=0.466183 mse_soft=0.464744 ent_in=2.3898 ent_out=2.4047 rowmax_in=0.2531 rowmax_out=0.2506 discrete_mse=1914.296143 best_discrete=12.360959 hash=False elapsed=9.8s
step   125/700 tau=0.5368 loss=0.382828 mse_soft=0.381766 ent_in=1.8426 ent_out=1.6977 rowmax_in=0.3922 rowmax_out=0.4484 discrete_mse=356.080231 best_discrete=12.360959 hash=False elapsed=12.4s
step   150/700 tau=0.4736 loss=0.336416 mse_soft=0.335626 ent_in=1.5020 ent_out=1.1311 rowmax_in=0.4586 rowmax_out=0.6266 discrete_mse=578.478699 best_discrete=12.360959 hash=False elapsed=14.8s
step   175/700 tau=0.4177 loss=0.315578 mse_soft=0.314940 ent_in=1.3453 ent_out=0.7792 rowmax_in=0.4886 rowmax_out=0.7289 discrete_mse=306.104797 best_discrete=12.360959 hash=False elapsed=17.2s
step   200/700 tau=0.3685 loss=0.305115 mse_soft=0.304560 ent_in=1.2445 ent_out=0.6061 rowmax_in=0.5036 rowmax_out=0.7774 discrete_mse=258.416077 best_discrete=12.360959 hash=False elapsed=19.7s
step   225/700 tau=0.3251 loss=0.299110 mse_soft=0.298597 ent_in=1.1713 ent_out=0.5359 rowmax_in=0.5140 rowmax_out=0.7909 discrete_mse=92.052376 best_discrete=12.360959 hash=False elapsed=22.0s
step   250/700 tau=0.2868 loss=0.297032 mse_soft=0.296542 ent_in=1.1371 ent_out=0.4970 rowmax_in=0.5175 rowmax_out=0.8000 discrete_mse=54.855247 best_discrete=12.360959 hash=False elapsed=24.2s
step   275/700 tau=0.2530 loss=0.294268 mse_soft=0.293784 ent_in=1.1274 ent_out=0.4852 rowmax_in=0.5223 rowmax_out=0.7984 discrete_mse=64.256187 best_discrete=12.360959 hash=False elapsed=26.5s
step   300/700 tau=0.2231 loss=0.292813 mse_soft=0.292341 ent_in=1.1080 ent_out=0.4650 rowmax_in=0.5276 rowmax_out=0.8003 discrete_mse=715.945435 best_discrete=12.360959 hash=False elapsed=28.9s
step   325/700 tau=0.1968 loss=0.292221 mse_soft=0.291759 ent_in=1.0879 ent_out=0.4537 rowmax_in=0.5373 rowmax_out=0.8026 discrete_mse=592.807190 best_discrete=12.360959 hash=False elapsed=31.2s
step   350/700 tau=0.1736 loss=0.288819 mse_soft=0.288366 ent_in=1.0691 ent_out=0.4413 rowmax_in=0.5451 rowmax_out=0.8053 discrete_mse=592.807190 best_discrete=12.360959 hash=False elapsed=33.7s
step   375/700 tau=0.1532 loss=0.289892 mse_soft=0.289446 ent_in=1.0566 ent_out=0.4310 rowmax_in=0.5493 rowmax_out=0.8087 discrete_mse=513.480469 best_discrete=12.360959 hash=False elapsed=36.1s
step   400/700 tau=0.1351 loss=0.292995 mse_soft=0.292554 ent_in=1.0474 ent_out=0.4246 rowmax_in=0.5523 rowmax_out=0.8119 discrete_mse=513.480469 best_discrete=12.360959 hash=False elapsed=38.6s
step   425/700 tau=0.1192 loss=0.289544 mse_soft=0.289106 ent_in=1.0505 ent_out=0.4084 rowmax_in=0.5487 rowmax_out=0.8199 discrete_mse=774.107056 best_discrete=12.360959 hash=False elapsed=41.1s
step   450/700 tau=0.1051 loss=0.299192 mse_soft=0.298760 ent_in=1.0483 ent_out=0.3924 rowmax_in=0.5468 rowmax_out=0.8266 discrete_mse=551.315308 best_discrete=12.360959 hash=False elapsed=43.7s
step   475/700 tau=0.0928 loss=0.287338 mse_soft=0.286910 ent_in=1.0406 ent_out=0.3848 rowmax_in=0.5504 rowmax_out=0.8291 discrete_mse=745.069519 best_discrete=12.360959 hash=False elapsed=46.1s
step   500/700 tau=0.0818 loss=0.295011 mse_soft=0.294587 ent_in=1.0350 ent_out=0.3779 rowmax_in=0.5536 rowmax_out=0.8324 discrete_mse=774.107056 best_discrete=12.360959 hash=False elapsed=48.7s
step   525/700 tau=0.0722 loss=0.290565 mse_soft=0.290142 ent_in=1.0319 ent_out=0.3780 rowmax_in=0.5511 rowmax_out=0.8306 discrete_mse=1486.892212 best_discrete=12.360959 hash=False elapsed=51.1s
step   550/700 tau=0.0637 loss=0.291974 mse_soft=0.291557 ent_in=1.0280 ent_out=0.3617 rowmax_in=0.5467 rowmax_out=0.8413 discrete_mse=774.107056 best_discrete=12.360959 hash=False elapsed=53.3s
step   575/700 tau=0.0562 loss=0.300389 mse_soft=0.299993 ent_in=0.9787 ent_out=0.3433 rowmax_in=0.5608 rowmax_out=0.8424 discrete_mse=162.347885 best_discrete=12.360959 hash=False elapsed=55.5s
step   600/700 tau=0.0495 loss=0.447547 mse_soft=0.447236 ent_in=0.7326 ent_out=0.3025 rowmax_in=0.6838 rowmax_out=0.8615 discrete_mse=47.965206 best_discrete=12.360959 hash=False elapsed=57.7s
step   625/700 tau=0.0437 loss=0.320015 mse_soft=0.319719 ent_in=0.7086 ent_out=0.2771 rowmax_in=0.6643 rowmax_out=0.8612 discrete_mse=21.039877 best_discrete=12.360959 hash=False elapsed=60.1s
step   650/700 tau=0.0386 loss=0.312468 mse_soft=0.312180 ent_in=0.6882 ent_out=0.2714 rowmax_in=0.6699 rowmax_out=0.8656 discrete_mse=10.649310 best_discrete=10.649310 hash=False elapsed=62.4s
step   675/700 tau=0.0340 loss=0.315402 mse_soft=0.315115 ent_in=0.6961 ent_out=0.2621 rowmax_in=0.6615 rowmax_out=0.8681 discrete_mse=9.625027 best_discrete=9.625027 hash=False elapsed=64.5s
step   700/700 tau=0.0300 loss=0.324972 mse_soft=0.324695 ent_in=0.6567 ent_out=0.2658 rowmax_in=0.6863 rowmax_out=0.8657 discrete_mse=1.757795 best_discrete=1.757795 hash=False elapsed=66.7s

Final metrics:
  soft_mse_full=0.334921
  rowmax_in_mean=0.6837
  rowmax_out_mean=0.8640
  ent_in_mean=0.6595
  ent_out_mean=0.2660
  final_discrete_mse=9.032526
  hash_match=False
  best_discrete_mse_seen=1.757795
Saved results to overnight_b048_j3.json
