Using device: cuda
Train rows: 4096 / Full rows: 10000, steps=900, lr=0.03
step     1/900 tau=1.0000 loss=1.049664 mse_soft=1.047342 ent_in=3.8712 ent_out=3.8712 rowmax_in=0.0213 rowmax_out=0.0213 discrete_mse=97.959938 best_discrete=97.959938 hash=False elapsed=0.5s
step    25/900 tau=0.9106 loss=0.849440 mse_soft=0.847249 ent_in=3.6355 ent_out=3.6659 rowmax_in=0.0454 rowmax_out=0.0448 discrete_mse=5342.305176 best_discrete=97.959938 hash=False elapsed=2.7s
step    50/900 tau=0.8260 loss=0.641680 mse_soft=0.639768 ent_in=3.1459 ent_out=3.2261 rowmax_in=0.0895 rowmax_out=0.0879 discrete_mse=2810.784424 best_discrete=97.959938 hash=False elapsed=5.0s
step    75/900 tau=0.7493 loss=0.494440 mse_soft=0.492847 ent_in=2.6268 ent_out=2.6824 rowmax_in=0.2024 rowmax_out=0.1968 discrete_mse=34.815781 best_discrete=34.815781 hash=False elapsed=7.2s
step   100/900 tau=0.6797 loss=0.394360 mse_soft=0.393178 ent_in=2.0223 ent_out=1.9186 rowmax_in=0.3414 rowmax_out=0.3914 discrete_mse=1749.515503 best_discrete=34.815781 hash=False elapsed=9.4s
step   125/900 tau=0.6165 loss=0.335056 mse_soft=0.334194 ent_in=1.6071 ent_out=1.2656 rowmax_in=0.4369 rowmax_out=0.5882 discrete_mse=680.733582 best_discrete=34.815781 hash=False elapsed=11.5s
step   150/900 tau=0.5592 loss=0.311647 mse_soft=0.310935 ent_in=1.4586 ent_out=0.9159 rowmax_in=0.4592 rowmax_out=0.6673 discrete_mse=949.924988 best_discrete=34.815781 hash=False elapsed=14.0s
step   175/900 tau=0.5073 loss=0.297130 mse_soft=0.296509 ent_in=1.3434 ent_out=0.7269 rowmax_in=0.4850 rowmax_out=0.7163 discrete_mse=309.258179 best_discrete=34.815781 hash=False elapsed=16.4s
step   200/900 tau=0.4602 loss=0.289744 mse_soft=0.289165 ent_in=1.2943 ent_out=0.6356 rowmax_in=0.4919 rowmax_out=0.7429 discrete_mse=252.818100 best_discrete=34.815781 hash=False elapsed=18.5s
step   225/900 tau=0.4174 loss=0.284510 mse_soft=0.283966 ent_in=1.2432 ent_out=0.5686 rowmax_in=0.5008 rowmax_out=0.7678 discrete_mse=146.993942 best_discrete=34.815781 hash=False elapsed=20.6s
step   250/900 tau=0.3786 loss=0.280922 mse_soft=0.280403 ent_in=1.2056 ent_out=0.5271 rowmax_in=0.5075 rowmax_out=0.7812 discrete_mse=74.571548 best_discrete=34.815781 hash=False elapsed=22.8s
step   275/900 tau=0.3434 loss=0.279926 mse_soft=0.279422 ent_in=1.1876 ent_out=0.4939 rowmax_in=0.5105 rowmax_out=0.7885 discrete_mse=121.144173 best_discrete=34.815781 hash=False elapsed=25.1s
step   300/900 tau=0.3115 loss=0.279601 mse_soft=0.279107 ent_in=1.1767 ent_out=0.4697 rowmax_in=0.5142 rowmax_out=0.7946 discrete_mse=121.144173 best_discrete=34.815781 hash=False elapsed=27.4s
step   325/900 tau=0.2826 loss=0.278949 mse_soft=0.278464 ent_in=1.1680 ent_out=0.4516 rowmax_in=0.5155 rowmax_out=0.8000 discrete_mse=54.792648 best_discrete=34.815781 hash=False elapsed=29.7s
step   350/900 tau=0.2563 loss=0.275902 mse_soft=0.275421 ent_in=1.1648 ent_out=0.4390 rowmax_in=0.5161 rowmax_out=0.8026 discrete_mse=49.276749 best_discrete=34.815781 hash=False elapsed=31.9s
step   375/900 tau=0.2325 loss=0.278724 mse_soft=0.278248 ent_in=1.1589 ent_out=0.4290 rowmax_in=0.5194 rowmax_out=0.8051 discrete_mse=89.471939 best_discrete=34.815781 hash=False elapsed=34.2s
step   400/900 tau=0.2109 loss=0.275210 mse_soft=0.274737 ent_in=1.1553 ent_out=0.4198 rowmax_in=0.5192 rowmax_out=0.8068 discrete_mse=138.290039 best_discrete=34.815781 hash=False elapsed=36.6s
step   425/900 tau=0.1913 loss=0.277681 mse_soft=0.277212 ent_in=1.1511 ent_out=0.4130 rowmax_in=0.5198 rowmax_out=0.8082 discrete_mse=138.290039 best_discrete=34.815781 hash=False elapsed=38.6s
step   450/900 tau=0.1735 loss=0.274848 mse_soft=0.274381 ent_in=1.1469 ent_out=0.4080 rowmax_in=0.5225 rowmax_out=0.8093 discrete_mse=61.732918 best_discrete=34.815781 hash=False elapsed=40.8s
step   475/900 tau=0.1574 loss=0.277110 mse_soft=0.276648 ent_in=1.1397 ent_out=0.3996 rowmax_in=0.5255 rowmax_out=0.8116 discrete_mse=119.213120 best_discrete=34.815781 hash=False elapsed=43.0s
step   500/900 tau=0.1428 loss=0.274252 mse_soft=0.273794 ent_in=1.1343 ent_out=0.3917 rowmax_in=0.5244 rowmax_out=0.8149 discrete_mse=119.213120 best_discrete=34.815781 hash=False elapsed=45.2s
step   525/900 tau=0.1295 loss=0.275589 mse_soft=0.275136 ent_in=1.1304 ent_out=0.3792 rowmax_in=0.5243 rowmax_out=0.8245 discrete_mse=61.732918 best_discrete=34.815781 hash=False elapsed=47.3s
step   550/900 tau=0.1175 loss=0.280513 mse_soft=0.280069 ent_in=1.1140 ent_out=0.3673 rowmax_in=0.5289 rowmax_out=0.8303 discrete_mse=61.732918 best_discrete=34.815781 hash=False elapsed=49.4s
step   575/900 tau=0.1066 loss=0.278076 mse_soft=0.277637 ent_in=1.1081 ent_out=0.3559 rowmax_in=0.5276 rowmax_out=0.8375 discrete_mse=127.675148 best_discrete=34.815781 hash=False elapsed=51.6s
step   600/900 tau=0.0967 loss=0.274416 mse_soft=0.273985 ent_in=1.0945 ent_out=0.3444 rowmax_in=0.5304 rowmax_out=0.8433 discrete_mse=98.685059 best_discrete=34.815781 hash=False elapsed=53.8s
step   625/900 tau=0.0877 loss=0.273656 mse_soft=0.273230 ent_in=1.0854 ent_out=0.3343 rowmax_in=0.5318 rowmax_out=0.8493 discrete_mse=98.685059 best_discrete=34.815781 hash=False elapsed=56.2s
step   650/900 tau=0.0795 loss=0.299597 mse_soft=0.299190 ent_in=1.0533 ent_out=0.3033 rowmax_in=0.5399 rowmax_out=0.8680 discrete_mse=148.367172 best_discrete=34.815781 hash=False elapsed=58.8s
step   675/900 tau=0.0722 loss=0.277436 mse_soft=0.277042 ent_in=1.0150 ent_out=0.3000 rowmax_in=0.5543 rowmax_out=0.8666 discrete_mse=80.709084 best_discrete=34.815781 hash=False elapsed=61.1s
step   700/900 tau=0.0655 loss=0.272813 mse_soft=0.272420 ent_in=1.0197 ent_out=0.2914 rowmax_in=0.5501 rowmax_out=0.8694 discrete_mse=230.761002 best_discrete=34.815781 hash=False elapsed=63.4s
step   725/900 tau=0.0594 loss=0.318166 mse_soft=0.317817 ent_in=0.8960 ent_out=0.2683 rowmax_in=0.5938 rowmax_out=0.8765 discrete_mse=137.562454 best_discrete=34.815781 hash=False elapsed=65.8s
step   750/900 tau=0.0539 loss=0.292508 mse_soft=0.292167 ent_in=0.8797 ent_out=0.2581 rowmax_in=0.5882 rowmax_out=0.8827 discrete_mse=214.556519 best_discrete=34.815781 hash=False elapsed=68.2s
step   775/900 tau=0.0489 loss=0.310957 mse_soft=0.310623 ent_in=0.8527 ent_out=0.2576 rowmax_in=0.6018 rowmax_out=0.8789 discrete_mse=94.972176 best_discrete=34.815781 hash=False elapsed=70.5s
step   800/900 tau=0.0443 loss=0.421158 mse_soft=0.420944 ent_in=0.5200 ent_out=0.1918 rowmax_in=0.7587 rowmax_out=0.9057 discrete_mse=55.164082 best_discrete=34.815781 hash=False elapsed=72.9s
step   825/900 tau=0.0402 loss=0.366448 mse_soft=0.366235 ent_in=0.5201 ent_out=0.1923 rowmax_in=0.7446 rowmax_out=0.8960 discrete_mse=11.727180 best_discrete=11.727180 hash=False elapsed=75.2s
step   850/900 tau=0.0365 loss=0.348454 mse_soft=0.348233 ent_in=0.5349 ent_out=0.2006 rowmax_in=0.7236 rowmax_out=0.8853 discrete_mse=17.755541 best_discrete=11.727180 hash=False elapsed=77.4s
step   875/900 tau=0.0331 loss=0.336483 mse_soft=0.336274 ent_in=0.5084 ent_out=0.1869 rowmax_in=0.7250 rowmax_out=0.8933 discrete_mse=19.561371 best_discrete=11.727180 hash=False elapsed=79.7s
step   900/900 tau=0.0300 loss=0.332833 mse_soft=0.332631 ent_in=0.4911 ent_out=0.1825 rowmax_in=0.7314 rowmax_out=0.8939 discrete_mse=16.914509 best_discrete=11.727180 hash=False elapsed=81.9s

Final metrics:
  soft_mse_full=0.347439
  rowmax_in_mean=0.7315
  rowmax_out_mean=0.8939
  ent_in_mean=0.4914
  ent_out_mean=0.1824
  final_discrete_mse=16.914509
  hash_match=False
  best_discrete_mse_seen=11.727180
Saved results to overnight_b038_j1.json
