Using device: cuda
Train rows: 10000 / Full rows: 10000, steps=700, lr=0.015
step     1/700 tau=1.0000 loss=1.064236 mse_soft=1.063462 ent_in=3.8712 ent_out=3.8712 rowmax_in=0.0213 rowmax_out=0.0213 discrete_mse=229.590439 best_discrete=229.590439 hash=False elapsed=0.5s
step    25/700 tau=0.8810 loss=0.972307 mse_soft=0.971547 ent_in=3.7930 ent_out=3.8054 rowmax_in=0.0333 rowmax_out=0.0324 discrete_mse=7252.442383 best_discrete=229.590439 hash=False elapsed=2.6s
step    50/700 tau=0.7721 loss=0.787385 mse_soft=0.786676 ent_in=3.5161 ent_out=3.5661 rowmax_in=0.0566 rowmax_out=0.0546 discrete_mse=3482.048340 best_discrete=229.590439 hash=False elapsed=4.8s
step    75/700 tau=0.6767 loss=0.643515 mse_soft=0.642879 ent_in=3.1295 ent_out=3.2323 rowmax_in=0.0980 rowmax_out=0.0910 discrete_mse=4097.011230 best_discrete=229.590439 hash=False elapsed=7.0s
step   100/700 tau=0.5931 loss=0.532410 mse_soft=0.531855 ent_in=2.7239 ent_out=2.8210 rowmax_in=0.1837 rowmax_out=0.1719 discrete_mse=454.266693 best_discrete=229.590439 hash=False elapsed=9.1s
step   125/700 tau=0.5198 loss=0.441406 mse_soft=0.440971 ent_in=2.2040 ent_out=2.1463 rowmax_in=0.3007 rowmax_out=0.3337 discrete_mse=733.703552 best_discrete=229.590439 hash=False elapsed=11.5s
step   150/700 tau=0.4555 loss=0.379411 mse_soft=0.379084 ent_in=1.7735 ent_out=1.4961 rowmax_in=0.4130 rowmax_out=0.5178 discrete_mse=2442.339355 best_discrete=229.590439 hash=False elapsed=13.8s
step   175/700 tau=0.3992 loss=0.340729 mse_soft=0.340482 ent_in=1.4914 ent_out=0.9742 rowmax_in=0.4563 rowmax_out=0.6537 discrete_mse=1595.180786 best_discrete=229.590439 hash=False elapsed=16.1s
step   200/700 tau=0.3499 loss=0.318683 mse_soft=0.318485 ent_in=1.3231 ent_out=0.6613 rowmax_in=0.4871 rowmax_out=0.7548 discrete_mse=407.182495 best_discrete=229.590439 hash=False elapsed=18.2s
step   225/700 tau=0.3066 loss=0.305513 mse_soft=0.305339 ent_in=1.2610 ent_out=0.4789 rowmax_in=0.4887 rowmax_out=0.8076 discrete_mse=173.202026 best_discrete=173.202026 hash=False elapsed=20.5s
step   250/700 tau=0.2687 loss=0.295328 mse_soft=0.295172 ent_in=1.2039 ent_out=0.3551 rowmax_in=0.4896 rowmax_out=0.8615 discrete_mse=309.645630 best_discrete=173.202026 hash=False elapsed=23.0s
step   275/700 tau=0.2355 loss=0.290474 mse_soft=0.290329 ent_in=1.1577 ent_out=0.2903 rowmax_in=0.4956 rowmax_out=0.8865 discrete_mse=467.116791 best_discrete=173.202026 hash=False elapsed=25.3s
step   300/700 tau=0.2064 loss=0.289302 mse_soft=0.289161 ent_in=1.1362 ent_out=0.2783 rowmax_in=0.4975 rowmax_out=0.8842 discrete_mse=467.116791 best_discrete=173.202026 hash=False elapsed=27.5s
step   325/700 tau=0.1809 loss=0.287401 mse_soft=0.287261 ent_in=1.1208 ent_out=0.2704 rowmax_in=0.4991 rowmax_out=0.8866 discrete_mse=283.514984 best_discrete=173.202026 hash=False elapsed=29.7s
step   350/700 tau=0.1585 loss=0.286789 mse_soft=0.286651 ent_in=1.1156 ent_out=0.2591 rowmax_in=0.4988 rowmax_out=0.8902 discrete_mse=283.514984 best_discrete=173.202026 hash=False elapsed=32.1s
step   375/700 tau=0.1389 loss=0.287111 mse_soft=0.286973 ent_in=1.1116 ent_out=0.2600 rowmax_in=0.4973 rowmax_out=0.8859 discrete_mse=283.514984 best_discrete=173.202026 hash=False elapsed=34.2s
step   400/700 tau=0.1218 loss=0.285912 mse_soft=0.285776 ent_in=1.1048 ent_out=0.2605 rowmax_in=0.4973 rowmax_out=0.8826 discrete_mse=283.514984 best_discrete=173.202026 hash=False elapsed=36.4s
step   425/700 tau=0.1067 loss=0.286417 mse_soft=0.286280 ent_in=1.0997 ent_out=0.2640 rowmax_in=0.4979 rowmax_out=0.8794 discrete_mse=283.514984 best_discrete=173.202026 hash=False elapsed=38.6s
step   450/700 tau=0.0935 loss=0.287770 mse_soft=0.287634 ent_in=1.0960 ent_out=0.2678 rowmax_in=0.4999 rowmax_out=0.8753 discrete_mse=283.514984 best_discrete=173.202026 hash=False elapsed=40.7s
step   475/700 tau=0.0820 loss=0.285544 mse_soft=0.285408 ent_in=1.0927 ent_out=0.2701 rowmax_in=0.4984 rowmax_out=0.8731 discrete_mse=283.514984 best_discrete=173.202026 hash=False elapsed=43.0s
step   500/700 tau=0.0718 loss=0.288362 mse_soft=0.288226 ent_in=1.0890 ent_out=0.2717 rowmax_in=0.4978 rowmax_out=0.8680 discrete_mse=225.301239 best_discrete=173.202026 hash=False elapsed=45.2s
step   525/700 tau=0.0630 loss=0.344872 mse_soft=0.344737 ent_in=1.0740 ent_out=0.2740 rowmax_in=0.5091 rowmax_out=0.8599 discrete_mse=244.347687 best_discrete=173.202026 hash=False elapsed=47.5s
step   550/700 tau=0.0552 loss=0.289966 mse_soft=0.289833 ent_in=1.0534 ent_out=0.2715 rowmax_in=0.5076 rowmax_out=0.8577 discrete_mse=199.267975 best_discrete=173.202026 hash=False elapsed=49.7s
step   575/700 tau=0.0484 loss=0.291099 mse_soft=0.290967 ent_in=1.0492 ent_out=0.2663 rowmax_in=0.5152 rowmax_out=0.8613 discrete_mse=937.831299 best_discrete=173.202026 hash=False elapsed=51.9s
step   600/700 tau=0.0424 loss=0.308067 mse_soft=0.307937 ent_in=1.0468 ent_out=0.2575 rowmax_in=0.5155 rowmax_out=0.8746 discrete_mse=1062.068115 best_discrete=173.202026 hash=False elapsed=54.1s
step   625/700 tau=0.0371 loss=0.323953 mse_soft=0.323826 ent_in=1.0268 ent_out=0.2470 rowmax_in=0.5250 rowmax_out=0.8777 discrete_mse=159.205643 best_discrete=159.205643 hash=False elapsed=56.2s
step   650/700 tau=0.0325 loss=0.336373 mse_soft=0.336278 ent_in=0.7674 ent_out=0.1880 rowmax_in=0.6469 rowmax_out=0.9051 discrete_mse=74.470222 best_discrete=74.470222 hash=False elapsed=58.3s
step   675/700 tau=0.0285 loss=0.330205 mse_soft=0.330108 ent_in=0.7842 ent_out=0.1893 rowmax_in=0.6369 rowmax_out=0.9074 discrete_mse=96.371361 best_discrete=74.470222 hash=False elapsed=60.4s
step   700/700 tau=0.0250 loss=0.353884 mse_soft=0.353795 ent_in=0.7260 ent_out=0.1720 rowmax_in=0.6558 rowmax_out=0.9107 discrete_mse=91.694962 best_discrete=74.470222 hash=False elapsed=62.5s

Final metrics:
  soft_mse_full=0.357265
  rowmax_in_mean=0.6704
  rowmax_out_mean=0.9083
  ent_in_mean=0.7121
  ent_out_mean=0.1762
  final_discrete_mse=80.573036
  hash_match=False
  best_discrete_mse_seen=74.470222
Saved results to overnight_b009_j4.json
