Using device: cuda
Train rows: 4096 / Full rows: 10000, steps=900, lr=0.03
step     1/900 tau=1.0000 loss=1.080399 mse_soft=1.078076 ent_in=3.8712 ent_out=3.8712 rowmax_in=0.0213 rowmax_out=0.0213 discrete_mse=16.072138 best_discrete=16.072138 hash=False elapsed=0.5s
step    25/900 tau=0.9090 loss=0.871661 mse_soft=0.869471 ent_in=3.6333 ent_out=3.6673 rowmax_in=0.0454 rowmax_out=0.0447 discrete_mse=1194.844482 best_discrete=16.072138 hash=False elapsed=2.6s
step    50/900 tau=0.8229 loss=0.654331 mse_soft=0.652425 ent_in=3.1284 ent_out=3.2252 rowmax_in=0.0938 rowmax_out=0.0873 discrete_mse=6231.956055 best_discrete=16.072138 hash=False elapsed=4.9s
step    75/900 tau=0.7450 loss=0.509422 mse_soft=0.507848 ent_in=2.5930 ent_out=2.6556 rowmax_in=0.2117 rowmax_out=0.2115 discrete_mse=143.672119 best_discrete=16.072138 hash=False elapsed=7.0s
step   100/900 tau=0.6745 loss=0.400225 mse_soft=0.399089 ent_in=1.9297 ent_out=1.8544 rowmax_in=0.3850 rowmax_out=0.3991 discrete_mse=231.828598 best_discrete=16.072138 hash=False elapsed=9.2s
step   125/900 tau=0.6107 loss=0.341523 mse_soft=0.340721 ent_in=1.5027 ent_out=1.1729 rowmax_in=0.4846 rowmax_out=0.6057 discrete_mse=109.294846 best_discrete=16.072138 hash=False elapsed=11.3s
step   150/900 tau=0.5529 loss=0.319991 mse_soft=0.319334 ent_in=1.3731 ent_out=0.8172 rowmax_in=0.5034 rowmax_out=0.7020 discrete_mse=47.662392 best_discrete=16.072138 hash=False elapsed=13.6s
step   175/900 tau=0.5006 loss=0.309185 mse_soft=0.308608 ent_in=1.3058 ent_out=0.6178 rowmax_in=0.5042 rowmax_out=0.7549 discrete_mse=260.817444 best_discrete=16.072138 hash=False elapsed=16.0s
step   200/900 tau=0.4532 loss=0.304286 mse_soft=0.303751 ent_in=1.2707 ent_out=0.5128 rowmax_in=0.5072 rowmax_out=0.7821 discrete_mse=208.737213 best_discrete=16.072138 hash=False elapsed=18.4s
step   225/900 tau=0.4103 loss=0.300758 mse_soft=0.300243 ent_in=1.2447 ent_out=0.4738 rowmax_in=0.5065 rowmax_out=0.7863 discrete_mse=100.698875 best_discrete=16.072138 hash=False elapsed=20.6s
step   250/900 tau=0.3715 loss=0.297302 mse_soft=0.296800 ent_in=1.2254 ent_out=0.4493 rowmax_in=0.5038 rowmax_out=0.7883 discrete_mse=7.740418 best_discrete=7.740418 hash=False elapsed=22.9s
step   275/900 tau=0.3363 loss=0.295397 mse_soft=0.294908 ent_in=1.2100 ent_out=0.4192 rowmax_in=0.5032 rowmax_out=0.8133 discrete_mse=53.263485 best_discrete=7.740418 hash=False elapsed=25.3s
step   300/900 tau=0.3045 loss=0.291935 mse_soft=0.291457 ent_in=1.1995 ent_out=0.3918 rowmax_in=0.5020 rowmax_out=0.8308 discrete_mse=23.577568 best_discrete=7.740418 hash=False elapsed=27.6s
step   325/900 tau=0.2756 loss=0.290134 mse_soft=0.289670 ent_in=1.1869 ent_out=0.3601 rowmax_in=0.5024 rowmax_out=0.8463 discrete_mse=28.275059 best_discrete=7.740418 hash=False elapsed=30.0s
step   350/900 tau=0.2496 loss=0.290736 mse_soft=0.290283 ent_in=1.1738 ent_out=0.3350 rowmax_in=0.5027 rowmax_out=0.8604 discrete_mse=23.577568 best_discrete=7.740418 hash=False elapsed=32.4s
step   375/900 tau=0.2259 loss=0.288880 mse_soft=0.288433 ent_in=1.1656 ent_out=0.3258 rowmax_in=0.5022 rowmax_out=0.8646 discrete_mse=44.921288 best_discrete=7.740418 hash=False elapsed=34.8s
step   400/900 tau=0.2046 loss=0.289472 mse_soft=0.289027 ent_in=1.1580 ent_out=0.3243 rowmax_in=0.5028 rowmax_out=0.8642 discrete_mse=44.921288 best_discrete=7.740418 hash=False elapsed=36.9s
step   425/900 tau=0.1852 loss=0.290716 mse_soft=0.290274 ent_in=1.1540 ent_out=0.3190 rowmax_in=0.5021 rowmax_out=0.8676 discrete_mse=44.921288 best_discrete=7.740418 hash=False elapsed=39.1s
step   450/900 tau=0.1677 loss=0.289079 mse_soft=0.288638 ent_in=1.1508 ent_out=0.3169 rowmax_in=0.5012 rowmax_out=0.8678 discrete_mse=44.921288 best_discrete=7.740418 hash=False elapsed=41.2s
step   475/900 tau=0.1518 loss=0.288709 mse_soft=0.288270 ent_in=1.1467 ent_out=0.3156 rowmax_in=0.5017 rowmax_out=0.8670 discrete_mse=73.153824 best_discrete=7.740418 hash=False elapsed=43.5s
step   500/900 tau=0.1374 loss=0.290149 mse_soft=0.289713 ent_in=1.1423 ent_out=0.3090 rowmax_in=0.5034 rowmax_out=0.8706 discrete_mse=44.921288 best_discrete=7.740418 hash=False elapsed=45.5s
step   525/900 tau=0.1244 loss=0.294201 mse_soft=0.293769 ent_in=1.1367 ent_out=0.3044 rowmax_in=0.5037 rowmax_out=0.8727 discrete_mse=44.921288 best_discrete=7.740418 hash=False elapsed=47.5s
step   550/900 tau=0.1126 loss=0.289116 mse_soft=0.288688 ent_in=1.1322 ent_out=0.2948 rowmax_in=0.5046 rowmax_out=0.8775 discrete_mse=44.921288 best_discrete=7.740418 hash=False elapsed=49.7s
step   575/900 tau=0.1020 loss=0.301410 mse_soft=0.300984 ent_in=1.1259 ent_out=0.2918 rowmax_in=0.5064 rowmax_out=0.8772 discrete_mse=44.921288 best_discrete=7.740418 hash=False elapsed=52.1s
step   600/900 tau=0.0923 loss=0.305646 mse_soft=0.305241 ent_in=1.0892 ent_out=0.2604 rowmax_in=0.5135 rowmax_out=0.8842 discrete_mse=43.546326 best_discrete=7.740418 hash=False elapsed=54.4s
step   625/900 tau=0.0836 loss=0.292813 mse_soft=0.292419 ent_in=1.0530 ent_out=0.2597 rowmax_in=0.5322 rowmax_out=0.8831 discrete_mse=49.827362 best_discrete=7.740418 hash=False elapsed=56.6s
step   650/900 tau=0.0757 loss=0.309371 mse_soft=0.309006 ent_in=1.0121 ent_out=0.2042 rowmax_in=0.5487 rowmax_out=0.9088 discrete_mse=13.107268 best_discrete=7.740418 hash=False elapsed=58.8s
step   675/900 tau=0.0685 loss=0.299683 mse_soft=0.299318 ent_in=0.9848 ent_out=0.2327 rowmax_in=0.5552 rowmax_out=0.8914 discrete_mse=2.350846 best_discrete=2.350846 hash=False elapsed=61.2s
step   700/900 tau=0.0620 loss=0.301065 mse_soft=0.300703 ent_in=0.9788 ent_out=0.2289 rowmax_in=0.5609 rowmax_out=0.8930 discrete_mse=1.857816 best_discrete=1.857816 hash=False elapsed=63.2s
step   725/900 tau=0.0562 loss=0.302395 mse_soft=0.302039 ent_in=0.9574 ent_out=0.2281 rowmax_in=0.5652 rowmax_out=0.8942 discrete_mse=2.350846 best_discrete=1.857816 hash=False elapsed=65.1s
step   750/900 tau=0.0508 loss=0.334789 mse_soft=0.334441 ent_in=0.9529 ent_out=0.2094 rowmax_in=0.5654 rowmax_out=0.9040 discrete_mse=64.505722 best_discrete=1.857816 hash=False elapsed=67.2s
step   775/900 tau=0.0460 loss=0.421399 mse_soft=0.421156 ent_in=0.6433 ent_out=0.1651 rowmax_in=0.7003 rowmax_out=0.9093 discrete_mse=1.319447 best_discrete=1.319447 hash=False elapsed=69.1s
step   800/900 tau=0.0417 loss=0.360505 mse_soft=0.360259 ent_in=0.6570 ent_out=0.1639 rowmax_in=0.6706 rowmax_out=0.9130 discrete_mse=2.806236 best_discrete=1.319447 hash=False elapsed=71.0s
step   825/900 tau=0.0377 loss=0.347380 mse_soft=0.347137 ent_in=0.6462 ent_out=0.1623 rowmax_in=0.6699 rowmax_out=0.9156 discrete_mse=6.095242 best_discrete=1.319447 hash=False elapsed=73.0s
step   850/900 tau=0.0342 loss=0.350881 mse_soft=0.350642 ent_in=0.6382 ent_out=0.1578 rowmax_in=0.6739 rowmax_out=0.9152 discrete_mse=4.169127 best_discrete=1.319447 hash=False elapsed=75.1s
step   875/900 tau=0.0309 loss=0.362837 mse_soft=0.362599 ent_in=0.6264 ent_out=0.1662 rowmax_in=0.6808 rowmax_out=0.9080 discrete_mse=6.863316 best_discrete=1.319447 hash=False elapsed=77.2s
step   900/900 tau=0.0280 loss=0.430642 mse_soft=0.430431 ent_in=0.5452 ent_out=0.1591 rowmax_in=0.7137 rowmax_out=0.9152 discrete_mse=16.953707 best_discrete=1.319447 hash=False elapsed=79.2s

Final metrics:
  soft_mse_full=0.553908
  rowmax_in_mean=0.7260
  rowmax_out_mean=0.9222
  ent_in_mean=0.5259
  ent_out_mean=0.1420
  final_discrete_mse=169.993393
  hash_match=False
  best_discrete_mse_seen=1.319447
Saved results to overnight_b236_j2.json
