Using device: cuda
Train rows: 10000 / Full rows: 10000, steps=700, lr=0.015
step     1/700 tau=1.0000 loss=1.064157 mse_soft=1.063383 ent_in=3.8712 ent_out=3.8712 rowmax_in=0.0213 rowmax_out=0.0213 discrete_mse=172.015823 best_discrete=172.015823 hash=False elapsed=0.5s
step    25/700 tau=0.8810 loss=0.972019 mse_soft=0.971259 ent_in=3.7935 ent_out=3.8052 rowmax_in=0.0331 rowmax_out=0.0322 discrete_mse=3500.412598 best_discrete=172.015823 hash=False elapsed=2.3s
step    50/700 tau=0.7721 loss=0.787421 mse_soft=0.786712 ent_in=3.5158 ent_out=3.5684 rowmax_in=0.0570 rowmax_out=0.0531 discrete_mse=15318.659180 best_discrete=172.015823 hash=False elapsed=4.3s
step    75/700 tau=0.6767 loss=0.645332 mse_soft=0.644694 ent_in=3.1351 ent_out=3.2379 rowmax_in=0.0956 rowmax_out=0.0890 discrete_mse=9164.408203 best_discrete=172.015823 hash=False elapsed=6.3s
step   100/700 tau=0.5931 loss=0.535338 mse_soft=0.534781 ent_in=2.7254 ent_out=2.8437 rowmax_in=0.1738 rowmax_out=0.1624 discrete_mse=936.142578 best_discrete=172.015823 hash=False elapsed=8.3s
step   125/700 tau=0.5198 loss=0.441732 mse_soft=0.441291 ent_in=2.2285 ent_out=2.1859 rowmax_in=0.2943 rowmax_out=0.3153 discrete_mse=991.515503 best_discrete=172.015823 hash=False elapsed=10.3s
step   150/700 tau=0.4555 loss=0.372772 mse_soft=0.372435 ent_in=1.7865 ent_out=1.5837 rowmax_in=0.4039 rowmax_out=0.4935 discrete_mse=1237.217773 best_discrete=172.015823 hash=False elapsed=12.1s
step   175/700 tau=0.3992 loss=0.332003 mse_soft=0.331751 ent_in=1.4645 ent_out=1.0538 rowmax_in=0.4711 rowmax_out=0.6428 discrete_mse=443.004578 best_discrete=172.015823 hash=False elapsed=14.0s
step   200/700 tau=0.3499 loss=0.311275 mse_soft=0.311068 ent_in=1.3071 ent_out=0.7670 rowmax_in=0.5098 rowmax_out=0.7185 discrete_mse=167.717056 best_discrete=167.717056 hash=False elapsed=16.1s
step   225/700 tau=0.3066 loss=0.294393 mse_soft=0.294218 ent_in=1.1734 ent_out=0.5682 rowmax_in=0.5328 rowmax_out=0.7821 discrete_mse=345.480743 best_discrete=167.717056 hash=False elapsed=18.4s
step   250/700 tau=0.2687 loss=0.288075 mse_soft=0.287917 ent_in=1.0984 ent_out=0.4754 rowmax_in=0.5450 rowmax_out=0.8058 discrete_mse=234.537766 best_discrete=167.717056 hash=False elapsed=20.9s
step   275/700 tau=0.2355 loss=0.282676 mse_soft=0.282523 ent_in=1.0652 ent_out=0.4565 rowmax_in=0.5504 rowmax_out=0.8052 discrete_mse=234.537766 best_discrete=167.717056 hash=False elapsed=23.1s
step   300/700 tau=0.2064 loss=0.280590 mse_soft=0.280443 ent_in=1.0395 ent_out=0.4359 rowmax_in=0.5529 rowmax_out=0.8091 discrete_mse=234.537766 best_discrete=167.717056 hash=False elapsed=25.5s
step   325/700 tau=0.1809 loss=0.279434 mse_soft=0.279289 ent_in=1.0282 ent_out=0.4220 rowmax_in=0.5525 rowmax_out=0.8051 discrete_mse=244.548996 best_discrete=167.717056 hash=False elapsed=27.6s
step   350/700 tau=0.1585 loss=0.277794 mse_soft=0.277650 ent_in=1.0196 ent_out=0.4157 rowmax_in=0.5536 rowmax_out=0.8041 discrete_mse=244.548996 best_discrete=167.717056 hash=False elapsed=29.7s
step   375/700 tau=0.1389 loss=0.277464 mse_soft=0.277321 ent_in=1.0132 ent_out=0.4148 rowmax_in=0.5555 rowmax_out=0.8029 discrete_mse=65.532951 best_discrete=65.532951 hash=False elapsed=31.9s
step   400/700 tau=0.1218 loss=0.277491 mse_soft=0.277349 ent_in=1.0099 ent_out=0.4106 rowmax_in=0.5546 rowmax_out=0.8044 discrete_mse=80.285072 best_discrete=65.532951 hash=False elapsed=34.0s
step   425/700 tau=0.1067 loss=0.282448 mse_soft=0.282306 ent_in=1.0077 ent_out=0.4054 rowmax_in=0.5531 rowmax_out=0.8055 discrete_mse=282.582428 best_discrete=65.532951 hash=False elapsed=36.2s
step   450/700 tau=0.0935 loss=0.276622 mse_soft=0.276482 ent_in=1.0055 ent_out=0.3982 rowmax_in=0.5528 rowmax_out=0.8082 discrete_mse=332.052948 best_discrete=65.532951 hash=False elapsed=38.3s
step   475/700 tau=0.0820 loss=0.278441 mse_soft=0.278302 ent_in=0.9983 ent_out=0.3903 rowmax_in=0.5547 rowmax_out=0.8109 discrete_mse=365.521515 best_discrete=65.532951 hash=False elapsed=40.3s
step   500/700 tau=0.0718 loss=0.276100 mse_soft=0.275962 ent_in=0.9944 ent_out=0.3881 rowmax_in=0.5533 rowmax_out=0.8099 discrete_mse=365.521515 best_discrete=65.532951 hash=False elapsed=42.7s
step   525/700 tau=0.0630 loss=0.278564 mse_soft=0.278426 ent_in=0.9947 ent_out=0.3823 rowmax_in=0.5509 rowmax_out=0.8137 discrete_mse=365.521515 best_discrete=65.532951 hash=False elapsed=44.8s
step   550/700 tau=0.0552 loss=0.290080 mse_soft=0.289942 ent_in=0.9924 ent_out=0.3824 rowmax_in=0.5506 rowmax_out=0.8115 discrete_mse=332.052948 best_discrete=65.532951 hash=False elapsed=47.1s
step   575/700 tau=0.0484 loss=0.278676 mse_soft=0.278541 ent_in=0.9803 ent_out=0.3725 rowmax_in=0.5507 rowmax_out=0.8174 discrete_mse=195.550247 best_discrete=65.532951 hash=False elapsed=49.6s
step   600/700 tau=0.0424 loss=0.322664 mse_soft=0.322531 ent_in=0.9584 ent_out=0.3692 rowmax_in=0.5580 rowmax_out=0.8150 discrete_mse=82.123558 best_discrete=65.532951 hash=False elapsed=51.9s
step   625/700 tau=0.0371 loss=0.286937 mse_soft=0.286809 ent_in=0.9332 ent_out=0.3523 rowmax_in=0.5651 rowmax_out=0.8252 discrete_mse=324.836792 best_discrete=65.532951 hash=False elapsed=54.2s
step   650/700 tau=0.0325 loss=0.307393 mse_soft=0.307270 ent_in=0.8885 ent_out=0.3484 rowmax_in=0.5953 rowmax_out=0.8247 discrete_mse=118.395897 best_discrete=65.532951 hash=False elapsed=56.5s
step   675/700 tau=0.0285 loss=0.375692 mse_soft=0.375598 ent_in=0.6942 ent_out=0.2447 rowmax_in=0.6795 rowmax_out=0.8848 discrete_mse=8.144778 best_discrete=8.144778 hash=False elapsed=58.8s
step   700/700 tau=0.0250 loss=0.369771 mse_soft=0.369687 ent_in=0.5837 ent_out=0.2479 rowmax_in=0.7116 rowmax_out=0.8860 discrete_mse=19.044458 best_discrete=8.144778 hash=False elapsed=61.2s

Final metrics:
  soft_mse_full=0.349969
  rowmax_in_mean=0.7100
  rowmax_out_mean=0.8811
  ent_in_mean=0.5914
  ent_out_mean=0.2514
  final_discrete_mse=19.044458
  hash_match=False
  best_discrete_mse_seen=8.144778
Saved results to overnight_b021_j4.json
