Using device: cuda
Train rows: 10000 / Full rows: 10000, steps=700, lr=0.015
step     1/700 tau=1.0000 loss=1.064191 mse_soft=1.063416 ent_in=3.8712 ent_out=3.8712 rowmax_in=0.0213 rowmax_out=0.0213 discrete_mse=23.534725 best_discrete=23.534725 hash=False elapsed=0.5s
step    25/700 tau=0.8810 loss=0.971822 mse_soft=0.971062 ent_in=3.7929 ent_out=3.8054 rowmax_in=0.0330 rowmax_out=0.0322 discrete_mse=1240.226929 best_discrete=23.534725 hash=False elapsed=2.5s
step    50/700 tau=0.7721 loss=0.787057 mse_soft=0.786348 ent_in=3.5140 ent_out=3.5667 rowmax_in=0.0576 rowmax_out=0.0541 discrete_mse=6894.416016 best_discrete=23.534725 hash=False elapsed=4.7s
step    75/700 tau=0.6767 loss=0.643125 mse_soft=0.642490 ent_in=3.1245 ent_out=3.2278 rowmax_in=0.0967 rowmax_out=0.0909 discrete_mse=1766.927979 best_discrete=23.534725 hash=False elapsed=7.0s
step   100/700 tau=0.5931 loss=0.535694 mse_soft=0.535142 ent_in=2.7069 ent_out=2.8189 rowmax_in=0.1775 rowmax_out=0.1651 discrete_mse=1108.096558 best_discrete=23.534725 hash=False elapsed=8.9s
step   125/700 tau=0.5198 loss=0.432529 mse_soft=0.432100 ent_in=2.1629 ent_out=2.1337 rowmax_in=0.3163 rowmax_out=0.3409 discrete_mse=1539.909912 best_discrete=23.534725 hash=False elapsed=10.9s
step   150/700 tau=0.4555 loss=0.364546 mse_soft=0.364230 ent_in=1.7126 ent_out=1.4509 rowmax_in=0.4192 rowmax_out=0.5187 discrete_mse=23.138075 best_discrete=23.138075 hash=False elapsed=12.9s
step   175/700 tau=0.3992 loss=0.327527 mse_soft=0.327281 ent_in=1.4400 ent_out=1.0223 rowmax_in=0.4716 rowmax_out=0.6308 discrete_mse=46.738312 best_discrete=23.138075 hash=False elapsed=14.9s
step   200/700 tau=0.3499 loss=0.306417 mse_soft=0.306221 ent_in=1.2627 ent_out=0.7023 rowmax_in=0.5093 rowmax_out=0.7605 discrete_mse=101.674919 best_discrete=23.138075 hash=False elapsed=16.9s
step   225/700 tau=0.3066 loss=0.295433 mse_soft=0.295265 ent_in=1.1850 ent_out=0.4904 rowmax_in=0.5204 rowmax_out=0.8232 discrete_mse=141.181961 best_discrete=23.138075 hash=False elapsed=19.0s
step   250/700 tau=0.2687 loss=0.288987 mse_soft=0.288834 ent_in=1.1400 ent_out=0.3875 rowmax_in=0.5299 rowmax_out=0.8550 discrete_mse=71.242348 best_discrete=23.138075 hash=False elapsed=20.9s
step   275/700 tau=0.2355 loss=0.285217 mse_soft=0.285072 ent_in=1.1182 ent_out=0.3377 rowmax_in=0.5357 rowmax_out=0.8672 discrete_mse=97.220634 best_discrete=23.138075 hash=False elapsed=22.9s
step   300/700 tau=0.2064 loss=0.281746 mse_soft=0.281604 ent_in=1.1079 ent_out=0.3112 rowmax_in=0.5321 rowmax_out=0.8747 discrete_mse=72.341293 best_discrete=23.138075 hash=False elapsed=25.3s
step   325/700 tau=0.1809 loss=0.280558 mse_soft=0.280420 ent_in=1.0912 ent_out=0.2956 rowmax_in=0.5321 rowmax_out=0.8796 discrete_mse=78.794060 best_discrete=23.138075 hash=False elapsed=27.5s
step   350/700 tau=0.1585 loss=0.280107 mse_soft=0.279969 ent_in=1.0800 ent_out=0.2938 rowmax_in=0.5314 rowmax_out=0.8780 discrete_mse=78.794060 best_discrete=23.138075 hash=False elapsed=29.8s
step   375/700 tau=0.1389 loss=0.279438 mse_soft=0.279303 ent_in=1.0666 ent_out=0.2906 rowmax_in=0.5342 rowmax_out=0.8805 discrete_mse=78.794060 best_discrete=23.138075 hash=False elapsed=32.1s
step   400/700 tau=0.1218 loss=0.286610 mse_soft=0.286476 ent_in=1.0570 ent_out=0.2845 rowmax_in=0.5368 rowmax_out=0.8845 discrete_mse=72.341293 best_discrete=23.138075 hash=False elapsed=34.3s
step   425/700 tau=0.1067 loss=0.280126 mse_soft=0.279993 ent_in=1.0524 ent_out=0.2754 rowmax_in=0.5361 rowmax_out=0.8877 discrete_mse=72.341293 best_discrete=23.138075 hash=False elapsed=36.6s
step   450/700 tau=0.0935 loss=0.289140 mse_soft=0.289007 ent_in=1.0509 ent_out=0.2731 rowmax_in=0.5354 rowmax_out=0.8871 discrete_mse=102.164459 best_discrete=23.138075 hash=False elapsed=39.0s
step   475/700 tau=0.0820 loss=0.278173 mse_soft=0.278042 ent_in=1.0474 ent_out=0.2589 rowmax_in=0.5381 rowmax_out=0.8921 discrete_mse=161.497498 best_discrete=23.138075 hash=False elapsed=41.1s
step   500/700 tau=0.0718 loss=0.283987 mse_soft=0.283857 ent_in=1.0436 ent_out=0.2594 rowmax_in=0.5398 rowmax_out=0.8927 discrete_mse=135.306335 best_discrete=23.138075 hash=False elapsed=43.2s
step   525/700 tau=0.0630 loss=0.291758 mse_soft=0.291626 ent_in=1.0445 ent_out=0.2668 rowmax_in=0.5372 rowmax_out=0.8854 discrete_mse=51.976685 best_discrete=23.138075 hash=False elapsed=45.3s
step   550/700 tau=0.0552 loss=0.279242 mse_soft=0.279111 ent_in=1.0440 ent_out=0.2659 rowmax_in=0.5408 rowmax_out=0.8874 discrete_mse=135.306335 best_discrete=23.138075 hash=False elapsed=47.7s
step   575/700 tau=0.0484 loss=0.284134 mse_soft=0.284004 ent_in=1.0352 ent_out=0.2697 rowmax_in=0.5478 rowmax_out=0.8841 discrete_mse=135.306335 best_discrete=23.138075 hash=False elapsed=49.9s
step   600/700 tau=0.0424 loss=0.281167 mse_soft=0.281037 ent_in=1.0261 ent_out=0.2739 rowmax_in=0.5487 rowmax_out=0.8806 discrete_mse=135.306335 best_discrete=23.138075 hash=False elapsed=52.1s
step   625/700 tau=0.0371 loss=0.297958 mse_soft=0.297832 ent_in=0.9884 ent_out=0.2752 rowmax_in=0.5631 rowmax_out=0.8765 discrete_mse=68.440414 best_discrete=23.138075 hash=False elapsed=54.2s
step   650/700 tau=0.0325 loss=0.298261 mse_soft=0.298134 ent_in=0.9716 ent_out=0.2979 rowmax_in=0.5659 rowmax_out=0.8584 discrete_mse=22.010645 best_discrete=22.010645 hash=False elapsed=56.2s
step   675/700 tau=0.0285 loss=0.462968 mse_soft=0.462846 ent_in=0.9204 ent_out=0.2955 rowmax_in=0.5913 rowmax_out=0.8554 discrete_mse=53.454899 best_discrete=22.010645 hash=False elapsed=58.3s
step   700/700 tau=0.0250 loss=0.343219 mse_soft=0.343132 ent_in=0.6556 ent_out=0.2185 rowmax_in=0.6882 rowmax_out=0.8847 discrete_mse=0.887229 best_discrete=0.887229 hash=False elapsed=60.5s

Final metrics:
  soft_mse_full=0.336008
  rowmax_in_mean=0.6888
  rowmax_out_mean=0.8853
  ent_in_mean=0.6523
  ent_out_mean=0.2181
  final_discrete_mse=2.365343
  hash_match=False
  best_discrete_mse_seen=0.887229
Saved results to overnight_b104_j4.json
