Using device: cuda
Train rows: 4096 / Full rows: 10000, steps=900, lr=0.03
step     1/900 tau=1.0000 loss=1.092153 mse_soft=1.089830 ent_in=3.8712 ent_out=3.8712 rowmax_in=0.0213 rowmax_out=0.0213 discrete_mse=108.938324 best_discrete=108.938324 hash=False elapsed=0.5s
step    25/900 tau=0.9090 loss=0.879565 mse_soft=0.877375 ent_in=3.6337 ent_out=3.6653 rowmax_in=0.0456 rowmax_out=0.0445 discrete_mse=329.062531 best_discrete=108.938324 hash=False elapsed=2.5s
step    50/900 tau=0.8229 loss=0.655068 mse_soft=0.653163 ent_in=3.1307 ent_out=3.2187 rowmax_in=0.0948 rowmax_out=0.0883 discrete_mse=1260.852173 best_discrete=108.938324 hash=False elapsed=4.9s
step    75/900 tau=0.7450 loss=0.512831 mse_soft=0.511251 ent_in=2.6033 ent_out=2.6645 rowmax_in=0.1942 rowmax_out=0.1967 discrete_mse=5783.005371 best_discrete=108.938324 hash=False elapsed=7.1s
step   100/900 tau=0.6745 loss=0.403450 mse_soft=0.402287 ent_in=2.0463 ent_out=1.8324 rowmax_in=0.3185 rowmax_out=0.4136 discrete_mse=249.944992 best_discrete=108.938324 hash=False elapsed=9.2s
step   125/900 tau=0.6107 loss=0.347461 mse_soft=0.346580 ent_in=1.7067 ent_out=1.2300 rowmax_in=0.4080 rowmax_out=0.6037 discrete_mse=629.012512 best_discrete=108.938324 hash=False elapsed=11.5s
step   150/900 tau=0.5529 loss=0.323884 mse_soft=0.323130 ent_in=1.5655 ent_out=0.9464 rowmax_in=0.4291 rowmax_out=0.6747 discrete_mse=484.090790 best_discrete=108.938324 hash=False elapsed=13.7s
step   175/900 tau=0.5006 loss=0.307859 mse_soft=0.307208 ent_in=1.4657 ent_out=0.7051 rowmax_in=0.4468 rowmax_out=0.7419 discrete_mse=565.709534 best_discrete=108.938324 hash=False elapsed=16.0s
step   200/900 tau=0.4532 loss=0.299888 mse_soft=0.299303 ent_in=1.4029 ent_out=0.5449 rowmax_in=0.4618 rowmax_out=0.7871 discrete_mse=365.283478 best_discrete=108.938324 hash=False elapsed=18.2s
step   225/900 tau=0.4103 loss=0.292635 mse_soft=0.292089 ent_in=1.3649 ent_out=0.4573 rowmax_in=0.4679 rowmax_out=0.8138 discrete_mse=2122.110107 best_discrete=108.938324 hash=False elapsed=20.5s
step   250/900 tau=0.3715 loss=0.290858 mse_soft=0.290334 ent_in=1.3342 ent_out=0.4114 rowmax_in=0.4737 rowmax_out=0.8247 discrete_mse=2125.245361 best_discrete=108.938324 hash=False elapsed=22.8s
step   275/900 tau=0.3363 loss=0.286991 mse_soft=0.286479 ent_in=1.3157 ent_out=0.3912 rowmax_in=0.4763 rowmax_out=0.8286 discrete_mse=2125.245361 best_discrete=108.938324 hash=False elapsed=25.2s
step   300/900 tau=0.3045 loss=0.285113 mse_soft=0.284614 ent_in=1.2971 ent_out=0.3685 rowmax_in=0.4784 rowmax_out=0.8336 discrete_mse=4162.600098 best_discrete=108.938324 hash=False elapsed=27.4s
step   325/900 tau=0.2756 loss=0.283810 mse_soft=0.283323 ent_in=1.2799 ent_out=0.3444 rowmax_in=0.4814 rowmax_out=0.8376 discrete_mse=4162.600098 best_discrete=108.938324 hash=False elapsed=29.6s
step   350/900 tau=0.2496 loss=0.288035 mse_soft=0.287555 ent_in=1.2656 ent_out=0.3324 rowmax_in=0.4841 rowmax_out=0.8375 discrete_mse=2522.871094 best_discrete=108.938324 hash=False elapsed=32.0s
step   375/900 tau=0.2259 loss=0.284359 mse_soft=0.283885 ent_in=1.2531 ent_out=0.3244 rowmax_in=0.4877 rowmax_out=0.8370 discrete_mse=2522.871094 best_discrete=108.938324 hash=False elapsed=34.1s
step   400/900 tau=0.2046 loss=0.283803 mse_soft=0.283336 ent_in=1.2422 ent_out=0.3155 rowmax_in=0.4905 rowmax_out=0.8412 discrete_mse=2522.871094 best_discrete=108.938324 hash=False elapsed=36.5s
step   425/900 tau=0.1852 loss=0.281787 mse_soft=0.281322 ent_in=1.2371 ent_out=0.3108 rowmax_in=0.4909 rowmax_out=0.8439 discrete_mse=2522.871094 best_discrete=108.938324 hash=False elapsed=38.9s
step   450/900 tau=0.1677 loss=0.283366 mse_soft=0.282902 ent_in=1.2360 ent_out=0.3130 rowmax_in=0.4887 rowmax_out=0.8458 discrete_mse=4162.600098 best_discrete=108.938324 hash=False elapsed=41.3s
step   475/900 tau=0.1518 loss=0.285254 mse_soft=0.284789 ent_in=1.2377 ent_out=0.3119 rowmax_in=0.4872 rowmax_out=0.8475 discrete_mse=4162.600098 best_discrete=108.938324 hash=False elapsed=43.7s
step   500/900 tau=0.1374 loss=0.289559 mse_soft=0.289095 ent_in=1.2363 ent_out=0.3126 rowmax_in=0.4863 rowmax_out=0.8473 discrete_mse=2679.625977 best_discrete=108.938324 hash=False elapsed=46.0s
step   525/900 tau=0.1244 loss=0.294252 mse_soft=0.293789 ent_in=1.2347 ent_out=0.3107 rowmax_in=0.4844 rowmax_out=0.8476 discrete_mse=2679.625977 best_discrete=108.938324 hash=False elapsed=48.3s
step   550/900 tau=0.1126 loss=0.325094 mse_soft=0.324650 ent_in=1.1908 ent_out=0.2889 rowmax_in=0.4992 rowmax_out=0.8663 discrete_mse=165.585617 best_discrete=108.938324 hash=False elapsed=50.5s
step   575/900 tau=0.1020 loss=0.298295 mse_soft=0.297877 ent_in=1.1287 ent_out=0.2631 rowmax_in=0.5170 rowmax_out=0.8626 discrete_mse=101.135498 best_discrete=101.135498 hash=False elapsed=52.8s
step   600/900 tau=0.0923 loss=0.291810 mse_soft=0.291405 ent_in=1.1040 ent_out=0.2474 rowmax_in=0.5223 rowmax_out=0.8677 discrete_mse=555.874207 best_discrete=101.135498 hash=False elapsed=55.1s
step   625/900 tau=0.0836 loss=0.285861 mse_soft=0.285459 ent_in=1.0905 ent_out=0.2472 rowmax_in=0.5235 rowmax_out=0.8654 discrete_mse=501.749481 best_discrete=101.135498 hash=False elapsed=57.4s
step   650/900 tau=0.0757 loss=0.305434 mse_soft=0.305036 ent_in=1.0829 ent_out=0.2452 rowmax_in=0.5206 rowmax_out=0.8660 discrete_mse=373.680298 best_discrete=101.135498 hash=False elapsed=59.8s
step   675/900 tau=0.0685 loss=0.338673 mse_soft=0.338320 ent_in=0.9581 ent_out=0.2176 rowmax_in=0.5686 rowmax_out=0.8870 discrete_mse=56.836769 best_discrete=56.836769 hash=False elapsed=61.9s
step   700/900 tau=0.0620 loss=0.306582 mse_soft=0.306239 ent_in=0.9226 ent_out=0.2220 rowmax_in=0.5796 rowmax_out=0.8757 discrete_mse=222.770218 best_discrete=56.836769 hash=False elapsed=64.1s
step   725/900 tau=0.0562 loss=0.303055 mse_soft=0.302712 ent_in=0.9279 ent_out=0.2144 rowmax_in=0.5747 rowmax_out=0.8760 discrete_mse=1377.248657 best_discrete=56.836769 hash=False elapsed=66.4s
step   750/900 tau=0.0508 loss=0.351446 mse_soft=0.351128 ent_in=0.8449 ent_out=0.2140 rowmax_in=0.6082 rowmax_out=0.8758 discrete_mse=293.956573 best_discrete=56.836769 hash=False elapsed=68.5s
step   775/900 tau=0.0460 loss=0.358745 mse_soft=0.358457 ent_in=0.7732 ent_out=0.1887 rowmax_in=0.6424 rowmax_out=0.8994 discrete_mse=29.825756 best_discrete=29.825756 hash=False elapsed=70.6s
step   800/900 tau=0.0417 loss=0.414946 mse_soft=0.414725 ent_in=0.5763 ent_out=0.1619 rowmax_in=0.7106 rowmax_out=0.9081 discrete_mse=70.233521 best_discrete=29.825756 hash=False elapsed=72.8s
step   825/900 tau=0.0377 loss=0.366463 mse_soft=0.366239 ent_in=0.5687 ent_out=0.1752 rowmax_in=0.7084 rowmax_out=0.9026 discrete_mse=15.919825 best_discrete=15.919825 hash=False elapsed=75.0s
step   850/900 tau=0.0342 loss=0.352325 mse_soft=0.352112 ent_in=0.5423 ent_out=0.1682 rowmax_in=0.7123 rowmax_out=0.9052 discrete_mse=42.488224 best_discrete=15.919825 hash=False elapsed=77.0s
step   875/900 tau=0.0309 loss=0.351647 mse_soft=0.351434 ent_in=0.5386 ent_out=0.1722 rowmax_in=0.7152 rowmax_out=0.9041 discrete_mse=25.972471 best_discrete=15.919825 hash=False elapsed=79.5s
step   900/900 tau=0.0280 loss=0.349753 mse_soft=0.349535 ent_in=0.5495 ent_out=0.1746 rowmax_in=0.7090 rowmax_out=0.8988 discrete_mse=30.903994 best_discrete=15.919825 hash=False elapsed=82.0s

Final metrics:
  soft_mse_full=0.362280
  rowmax_in_mean=0.7090
  rowmax_out_mean=0.8967
  ent_in_mean=0.5479
  ent_out_mean=0.1769
  final_discrete_mse=25.972471
  hash_match=False
  best_discrete_mse_seen=15.919825
Saved results to overnight_b118_j2.json
