Using device: cuda
Train rows: 10000 / Full rows: 10000, steps=700, lr=0.015
step     1/700 tau=1.0000 loss=1.064267 mse_soft=1.063493 ent_in=3.8712 ent_out=3.8712 rowmax_in=0.0213 rowmax_out=0.0213 discrete_mse=19.657812 best_discrete=19.657812 hash=False elapsed=0.5s
step    25/700 tau=0.8810 loss=0.971999 mse_soft=0.971239 ent_in=3.7931 ent_out=3.8056 rowmax_in=0.0334 rowmax_out=0.0323 discrete_mse=431.302826 best_discrete=19.657812 hash=False elapsed=2.8s
step    50/700 tau=0.7721 loss=0.786442 mse_soft=0.785734 ent_in=3.5135 ent_out=3.5648 rowmax_in=0.0579 rowmax_out=0.0551 discrete_mse=5675.741699 best_discrete=19.657812 hash=False elapsed=5.2s
step    75/700 tau=0.6767 loss=0.643884 mse_soft=0.643248 ent_in=3.1282 ent_out=3.2263 rowmax_in=0.0970 rowmax_out=0.0907 discrete_mse=2524.605469 best_discrete=19.657812 hash=False elapsed=7.7s
step   100/700 tau=0.5931 loss=0.530014 mse_soft=0.529461 ent_in=2.7138 ent_out=2.8107 rowmax_in=0.1818 rowmax_out=0.1713 discrete_mse=330.439240 best_discrete=19.657812 hash=False elapsed=10.3s
step   125/700 tau=0.5198 loss=0.432801 mse_soft=0.432370 ent_in=2.1671 ent_out=2.1430 rowmax_in=0.3185 rowmax_out=0.3200 discrete_mse=449.289001 best_discrete=19.657812 hash=False elapsed=12.5s
step   150/700 tau=0.4555 loss=0.364366 mse_soft=0.364045 ent_in=1.7398 ent_out=1.4774 rowmax_in=0.3990 rowmax_out=0.5073 discrete_mse=152.284698 best_discrete=19.657812 hash=False elapsed=14.9s
step   175/700 tau=0.3992 loss=0.334882 mse_soft=0.334627 ent_in=1.4754 ent_out=1.0786 rowmax_in=0.4554 rowmax_out=0.6186 discrete_mse=1.230029 best_discrete=1.230029 hash=False elapsed=17.0s
step   200/700 tau=0.3499 loss=0.312851 mse_soft=0.312647 ent_in=1.2865 ent_out=0.7504 rowmax_in=0.5045 rowmax_out=0.7311 discrete_mse=251.283325 best_discrete=1.230029 hash=False elapsed=19.5s
step   225/700 tau=0.3066 loss=0.302144 mse_soft=0.301965 ent_in=1.1830 ent_out=0.6081 rowmax_in=0.5286 rowmax_out=0.7652 discrete_mse=288.543762 best_discrete=1.230029 hash=False elapsed=22.1s
step   250/700 tau=0.2687 loss=0.297962 mse_soft=0.297794 ent_in=1.1361 ent_out=0.5463 rowmax_in=0.5328 rowmax_out=0.7745 discrete_mse=341.688629 best_discrete=1.230029 hash=False elapsed=24.6s
step   275/700 tau=0.2355 loss=0.294436 mse_soft=0.294274 ent_in=1.1070 ent_out=0.5156 rowmax_in=0.5332 rowmax_out=0.7752 discrete_mse=451.507782 best_discrete=1.230029 hash=False elapsed=27.1s
step   300/700 tau=0.2064 loss=0.291320 mse_soft=0.291161 ent_in=1.0811 ent_out=0.5082 rowmax_in=0.5350 rowmax_out=0.7627 discrete_mse=704.606812 best_discrete=1.230029 hash=False elapsed=29.5s
step   325/700 tau=0.1809 loss=0.288863 mse_soft=0.288710 ent_in=1.0497 ent_out=0.4714 rowmax_in=0.5404 rowmax_out=0.7894 discrete_mse=241.593201 best_discrete=1.230029 hash=False elapsed=32.0s
step   350/700 tau=0.1585 loss=0.286086 mse_soft=0.285938 ent_in=1.0351 ent_out=0.4380 rowmax_in=0.5437 rowmax_out=0.8017 discrete_mse=169.786880 best_discrete=1.230029 hash=False elapsed=34.3s
step   375/700 tau=0.1389 loss=0.288048 mse_soft=0.287903 ent_in=1.0250 ent_out=0.4192 rowmax_in=0.5458 rowmax_out=0.8061 discrete_mse=169.786880 best_discrete=1.230029 hash=False elapsed=36.8s
step   400/700 tau=0.1218 loss=0.294564 mse_soft=0.294422 ent_in=1.0128 ent_out=0.4044 rowmax_in=0.5498 rowmax_out=0.8158 discrete_mse=172.291794 best_discrete=1.230029 hash=False elapsed=39.2s
step   425/700 tau=0.1067 loss=0.287228 mse_soft=0.287088 ent_in=1.0006 ent_out=0.3996 rowmax_in=0.5532 rowmax_out=0.8183 discrete_mse=47.425934 best_discrete=1.230029 hash=False elapsed=41.7s
step   450/700 tau=0.0935 loss=0.284496 mse_soft=0.284357 ent_in=0.9928 ent_out=0.3966 rowmax_in=0.5561 rowmax_out=0.8167 discrete_mse=453.046997 best_discrete=1.230029 hash=False elapsed=44.1s
step   475/700 tau=0.0820 loss=0.287185 mse_soft=0.287046 ent_in=0.9891 ent_out=0.3941 rowmax_in=0.5548 rowmax_out=0.8150 discrete_mse=37.779926 best_discrete=1.230029 hash=False elapsed=46.5s
step   500/700 tau=0.0718 loss=0.288519 mse_soft=0.288382 ent_in=0.9867 ent_out=0.3882 rowmax_in=0.5550 rowmax_out=0.8179 discrete_mse=226.894714 best_discrete=1.230029 hash=False elapsed=48.7s
step   525/700 tau=0.0630 loss=0.285919 mse_soft=0.285781 ent_in=0.9866 ent_out=0.3852 rowmax_in=0.5540 rowmax_out=0.8195 discrete_mse=213.374496 best_discrete=1.230029 hash=False elapsed=51.2s
step   550/700 tau=0.0552 loss=0.288429 mse_soft=0.288291 ent_in=0.9847 ent_out=0.3914 rowmax_in=0.5535 rowmax_out=0.8121 discrete_mse=149.460251 best_discrete=1.230029 hash=False elapsed=53.4s
step   575/700 tau=0.0484 loss=0.313409 mse_soft=0.313272 ent_in=0.9791 ent_out=0.3903 rowmax_in=0.5525 rowmax_out=0.8096 discrete_mse=99.015511 best_discrete=1.230029 hash=False elapsed=55.7s
step   600/700 tau=0.0424 loss=0.293889 mse_soft=0.293762 ent_in=0.9141 ent_out=0.3580 rowmax_in=0.5776 rowmax_out=0.8324 discrete_mse=192.185913 best_discrete=1.230029 hash=False elapsed=57.9s
step   625/700 tau=0.0371 loss=0.301306 mse_soft=0.301184 ent_in=0.8822 ent_out=0.3420 rowmax_in=0.5887 rowmax_out=0.8343 discrete_mse=313.298431 best_discrete=1.230029 hash=False elapsed=60.4s
step   650/700 tau=0.0325 loss=0.290272 mse_soft=0.290153 ent_in=0.8656 ent_out=0.3283 rowmax_in=0.5886 rowmax_out=0.8373 discrete_mse=89.221542 best_discrete=1.230029 hash=False elapsed=62.8s
step   675/700 tau=0.0285 loss=0.389517 mse_soft=0.389425 ent_in=0.6652 ent_out=0.2513 rowmax_in=0.6876 rowmax_out=0.8739 discrete_mse=111.691376 best_discrete=1.230029 hash=False elapsed=65.1s
step   700/700 tau=0.0250 loss=0.330327 mse_soft=0.330235 ent_in=0.6800 ent_out=0.2367 rowmax_in=0.6595 rowmax_out=0.8599 discrete_mse=58.510311 best_discrete=1.230029 hash=False elapsed=67.6s

Final metrics:
  soft_mse_full=0.336369
  rowmax_in_mean=0.6546
  rowmax_out_mean=0.8659
  ent_in_mean=0.6827
  ent_out_mean=0.2350
  final_discrete_mse=40.243347
  hash_match=False
  best_discrete_mse_seen=1.230029
Saved results to overnight_b234_j4.json
