Using device: cuda
Train rows: 10000 / Full rows: 10000, steps=700, lr=0.02
step     1/700 tau=1.0000 loss=1.065691 mse_soft=1.063369 ent_in=3.8712 ent_out=3.8712 rowmax_in=0.0213 rowmax_out=0.0213 discrete_mse=22.131605 best_discrete=22.131605 hash=False elapsed=0.6s
step    25/700 tau=0.8866 loss=0.935115 mse_soft=0.932863 ent_in=3.7424 ent_out=3.7632 rowmax_in=0.0374 rowmax_out=0.0363 discrete_mse=529.057007 best_discrete=22.131605 hash=False elapsed=2.8s
step    50/700 tau=0.7821 loss=0.710165 mse_soft=0.708129 ent_in=3.3616 ent_out=3.4243 rowmax_in=0.0711 rowmax_out=0.0662 discrete_mse=64331.992188 best_discrete=22.131605 hash=False elapsed=4.9s
step    75/700 tau=0.6899 loss=0.586657 mse_soft=0.584856 ent_in=2.9388 ent_out=3.0639 rowmax_in=0.1318 rowmax_out=0.1210 discrete_mse=1185.538086 best_discrete=22.131605 hash=False elapsed=7.4s
step   100/700 tau=0.6086 loss=0.470383 mse_soft=0.468940 ent_in=2.3968 ent_out=2.4144 rowmax_in=0.2541 rowmax_out=0.2580 discrete_mse=2061.746338 best_discrete=22.131605 hash=False elapsed=9.5s
step   125/700 tau=0.5368 loss=0.390012 mse_soft=0.388922 ent_in=1.8913 ent_out=1.7429 rowmax_in=0.3815 rowmax_out=0.4378 discrete_mse=1382.144531 best_discrete=22.131605 hash=False elapsed=11.7s
step   150/700 tau=0.4736 loss=0.339538 mse_soft=0.338726 ent_in=1.5131 ent_out=1.1911 rowmax_in=0.4643 rowmax_out=0.5880 discrete_mse=1664.972534 best_discrete=22.131605 hash=False elapsed=14.1s
step   175/700 tau=0.4177 loss=0.318761 mse_soft=0.318093 ent_in=1.3751 ent_out=0.8522 rowmax_in=0.4813 rowmax_out=0.6854 discrete_mse=256.199554 best_discrete=22.131605 hash=False elapsed=16.3s
step   200/700 tau=0.3685 loss=0.307261 mse_soft=0.306693 ent_in=1.2650 ent_out=0.6266 rowmax_in=0.4971 rowmax_out=0.7500 discrete_mse=248.852951 best_discrete=22.131605 hash=False elapsed=18.7s
step   225/700 tau=0.3251 loss=0.297344 mse_soft=0.296822 ent_in=1.2079 ent_out=0.5334 rowmax_in=0.5009 rowmax_out=0.7765 discrete_mse=510.943848 best_discrete=22.131605 hash=False elapsed=21.1s
step   250/700 tau=0.2868 loss=0.293545 mse_soft=0.293047 ent_in=1.1692 ent_out=0.4898 rowmax_in=0.5005 rowmax_out=0.7900 discrete_mse=8981.868164 best_discrete=22.131605 hash=False elapsed=23.4s
step   275/700 tau=0.2530 loss=0.292274 mse_soft=0.291791 ent_in=1.1466 ent_out=0.4636 rowmax_in=0.5019 rowmax_out=0.7936 discrete_mse=1370.741699 best_discrete=22.131605 hash=False elapsed=25.6s
step   300/700 tau=0.2231 loss=0.290548 mse_soft=0.290073 ent_in=1.1320 ent_out=0.4506 rowmax_in=0.5041 rowmax_out=0.7949 discrete_mse=510.943848 best_discrete=22.131605 hash=False elapsed=28.0s
step   325/700 tau=0.1968 loss=0.291439 mse_soft=0.290968 ent_in=1.1292 ent_out=0.4426 rowmax_in=0.5033 rowmax_out=0.7957 discrete_mse=1139.208862 best_discrete=22.131605 hash=False elapsed=30.3s
step   350/700 tau=0.1736 loss=0.291446 mse_soft=0.290978 ent_in=1.1255 ent_out=0.4348 rowmax_in=0.5021 rowmax_out=0.7976 discrete_mse=431.068604 best_discrete=22.131605 hash=False elapsed=32.7s
step   375/700 tau=0.1532 loss=0.293041 mse_soft=0.292577 ent_in=1.1212 ent_out=0.4266 rowmax_in=0.5016 rowmax_out=0.8003 discrete_mse=999.466553 best_discrete=22.131605 hash=False elapsed=34.8s
step   400/700 tau=0.1351 loss=0.289714 mse_soft=0.289254 ent_in=1.1168 ent_out=0.4166 rowmax_in=0.5016 rowmax_out=0.8026 discrete_mse=831.519470 best_discrete=22.131605 hash=False elapsed=37.1s
step   425/700 tau=0.1192 loss=0.293467 mse_soft=0.293014 ent_in=1.1052 ent_out=0.4053 rowmax_in=0.5029 rowmax_out=0.8073 discrete_mse=430.556580 best_discrete=22.131605 hash=False elapsed=39.3s
step   450/700 tau=0.1051 loss=0.317686 mse_soft=0.317237 ent_in=1.0951 ent_out=0.4004 rowmax_in=0.5035 rowmax_out=0.8071 discrete_mse=430.556580 best_discrete=22.131605 hash=False elapsed=41.6s
step   475/700 tau=0.0928 loss=0.291517 mse_soft=0.291073 ent_in=1.0846 ent_out=0.3945 rowmax_in=0.5082 rowmax_out=0.8083 discrete_mse=332.281006 best_discrete=22.131605 hash=False elapsed=43.8s
step   500/700 tau=0.0818 loss=0.287930 mse_soft=0.287488 ent_in=1.0829 ent_out=0.3915 rowmax_in=0.5077 rowmax_out=0.8102 discrete_mse=430.556580 best_discrete=22.131605 hash=False elapsed=46.4s
step   525/700 tau=0.0722 loss=0.306540 mse_soft=0.306127 ent_in=1.0188 ent_out=0.3580 rowmax_in=0.5453 rowmax_out=0.8167 discrete_mse=383.127106 best_discrete=22.131605 hash=False elapsed=48.8s
step   550/700 tau=0.0637 loss=0.308307 mse_soft=0.307889 ent_in=1.0416 ent_out=0.3517 rowmax_in=0.5245 rowmax_out=0.8231 discrete_mse=652.427856 best_discrete=22.131605 hash=False elapsed=51.0s
step   575/700 tau=0.0562 loss=0.324027 mse_soft=0.323610 ent_in=1.0445 ent_out=0.3457 rowmax_in=0.5238 rowmax_out=0.8215 discrete_mse=1045.932861 best_discrete=22.131605 hash=False elapsed=53.2s
step   600/700 tau=0.0495 loss=0.308419 mse_soft=0.308009 ent_in=1.0135 ent_out=0.3551 rowmax_in=0.5404 rowmax_out=0.8173 discrete_mse=157.593216 best_discrete=22.131605 hash=False elapsed=55.4s
step   625/700 tau=0.0437 loss=0.426508 mse_soft=0.426146 ent_in=0.9063 ent_out=0.3004 rowmax_in=0.5939 rowmax_out=0.8685 discrete_mse=180.745331 best_discrete=22.131605 hash=False elapsed=57.5s
step   650/700 tau=0.0386 loss=0.340567 mse_soft=0.340279 ent_in=0.6797 ent_out=0.2813 rowmax_in=0.6875 rowmax_out=0.8650 discrete_mse=54.786884 best_discrete=22.131605 hash=False elapsed=59.8s
step   675/700 tau=0.0340 loss=0.357215 mse_soft=0.356917 ent_in=0.6938 ent_out=0.2966 rowmax_in=0.6645 rowmax_out=0.8426 discrete_mse=46.708469 best_discrete=22.131605 hash=False elapsed=62.0s
step   700/700 tau=0.0300 loss=0.330713 mse_soft=0.330419 ent_in=0.6901 ent_out=0.2888 rowmax_in=0.6655 rowmax_out=0.8442 discrete_mse=119.951500 best_discrete=22.131605 hash=False elapsed=64.1s

Final metrics:
  soft_mse_full=0.329651
  rowmax_in_mean=0.6670
  rowmax_out_mean=0.8459
  ent_in_mean=0.6866
  ent_out_mean=0.2885
  final_discrete_mse=3.283232
  hash_match=False
  best_discrete_mse_seen=22.131605
Saved results to overnight_b089_j3.json
