Using device: cuda
Train rows: 4096 / Full rows: 10000, steps=900, lr=0.03
step     1/900 tau=1.0000 loss=1.061930 mse_soft=1.059607 ent_in=3.8712 ent_out=3.8712 rowmax_in=0.0213 rowmax_out=0.0213 discrete_mse=20.686577 best_discrete=20.686577 hash=False elapsed=0.5s
step    25/900 tau=0.9106 loss=0.858964 mse_soft=0.856773 ent_in=3.6332 ent_out=3.6681 rowmax_in=0.0459 rowmax_out=0.0439 discrete_mse=1710.514771 best_discrete=20.686577 hash=False elapsed=2.5s
step    50/900 tau=0.8260 loss=0.646943 mse_soft=0.645038 ent_in=3.1295 ent_out=3.2220 rowmax_in=0.0939 rowmax_out=0.0887 discrete_mse=1999.556763 best_discrete=20.686577 hash=False elapsed=4.6s
step    75/900 tau=0.7493 loss=0.510497 mse_soft=0.508921 ent_in=2.5775 ent_out=2.6757 rowmax_in=0.2071 rowmax_out=0.2013 discrete_mse=1462.332031 best_discrete=20.686577 hash=False elapsed=6.8s
step   100/900 tau=0.6797 loss=0.407692 mse_soft=0.406530 ent_in=1.9977 ent_out=1.8760 rowmax_in=0.3494 rowmax_out=0.4040 discrete_mse=707.717102 best_discrete=20.686577 hash=False elapsed=9.1s
step   125/900 tau=0.6165 loss=0.347558 mse_soft=0.346703 ent_in=1.6511 ent_out=1.1981 rowmax_in=0.4318 rowmax_out=0.5943 discrete_mse=127.702896 best_discrete=20.686577 hash=False elapsed=11.3s
step   150/900 tau=0.5592 loss=0.319633 mse_soft=0.318952 ent_in=1.4570 ent_out=0.8106 rowmax_in=0.4693 rowmax_out=0.7105 discrete_mse=132.898941 best_discrete=20.686577 hash=False elapsed=13.4s
step   175/900 tau=0.5073 loss=0.305427 mse_soft=0.304843 ent_in=1.3461 ent_out=0.6006 rowmax_in=0.4833 rowmax_out=0.7734 discrete_mse=272.363037 best_discrete=20.686577 hash=False elapsed=15.6s
step   200/900 tau=0.4602 loss=0.297818 mse_soft=0.297286 ent_in=1.2876 ent_out=0.4856 rowmax_in=0.4907 rowmax_out=0.8128 discrete_mse=272.363037 best_discrete=20.686577 hash=False elapsed=17.8s
step   225/900 tau=0.4174 loss=0.292952 mse_soft=0.292444 ent_in=1.2629 ent_out=0.4314 rowmax_in=0.4948 rowmax_out=0.8228 discrete_mse=586.546082 best_discrete=20.686577 hash=False elapsed=19.8s
step   250/900 tau=0.3786 loss=0.290471 mse_soft=0.289980 ent_in=1.2395 ent_out=0.3967 rowmax_in=0.4967 rowmax_out=0.8322 discrete_mse=91.458199 best_discrete=20.686577 hash=False elapsed=21.7s
step   275/900 tau=0.3434 loss=0.289755 mse_soft=0.289276 ent_in=1.2208 ent_out=0.3757 rowmax_in=0.4991 rowmax_out=0.8355 discrete_mse=166.163300 best_discrete=20.686577 hash=False elapsed=23.7s
step   300/900 tau=0.3115 loss=0.286899 mse_soft=0.286427 ent_in=1.2087 ent_out=0.3645 rowmax_in=0.4986 rowmax_out=0.8345 discrete_mse=156.553024 best_discrete=20.686577 hash=False elapsed=25.8s
step   325/900 tau=0.2826 loss=0.287109 mse_soft=0.286644 ent_in=1.1991 ent_out=0.3528 rowmax_in=0.5000 rowmax_out=0.8399 discrete_mse=206.045319 best_discrete=20.686577 hash=False elapsed=27.9s
step   350/900 tau=0.2563 loss=0.286742 mse_soft=0.286286 ent_in=1.1893 ent_out=0.3313 rowmax_in=0.4983 rowmax_out=0.8525 discrete_mse=307.256561 best_discrete=20.686577 hash=False elapsed=30.3s
step   375/900 tau=0.2325 loss=0.282654 mse_soft=0.282209 ent_in=1.1749 ent_out=0.3102 rowmax_in=0.5008 rowmax_out=0.8620 discrete_mse=307.256561 best_discrete=20.686577 hash=False elapsed=32.6s
step   400/900 tau=0.2109 loss=0.282045 mse_soft=0.281605 ent_in=1.1658 ent_out=0.2995 rowmax_in=0.5009 rowmax_out=0.8651 discrete_mse=307.256561 best_discrete=20.686577 hash=False elapsed=35.0s
step   425/900 tau=0.1913 loss=0.283376 mse_soft=0.282941 ent_in=1.1609 ent_out=0.2878 rowmax_in=0.5013 rowmax_out=0.8687 discrete_mse=307.256561 best_discrete=20.686577 hash=False elapsed=37.1s
step   450/900 tau=0.1735 loss=0.283649 mse_soft=0.283219 ent_in=1.1557 ent_out=0.2764 rowmax_in=0.5020 rowmax_out=0.8726 discrete_mse=307.256561 best_discrete=20.686577 hash=False elapsed=39.4s
step   475/900 tau=0.1574 loss=0.286477 mse_soft=0.286051 ent_in=1.1517 ent_out=0.2685 rowmax_in=0.5037 rowmax_out=0.8733 discrete_mse=307.256561 best_discrete=20.686577 hash=False elapsed=41.4s
step   500/900 tau=0.1428 loss=0.285712 mse_soft=0.285287 ent_in=1.1526 ent_out=0.2641 rowmax_in=0.5013 rowmax_out=0.8750 discrete_mse=307.256561 best_discrete=20.686577 hash=False elapsed=43.5s
step   525/900 tau=0.1295 loss=0.287304 mse_soft=0.286885 ent_in=1.1456 ent_out=0.2506 rowmax_in=0.5011 rowmax_out=0.8840 discrete_mse=937.010498 best_discrete=20.686577 hash=False elapsed=45.4s
step   550/900 tau=0.1175 loss=0.288211 mse_soft=0.287793 ent_in=1.1441 ent_out=0.2492 rowmax_in=0.5014 rowmax_out=0.8809 discrete_mse=385.206177 best_discrete=20.686577 hash=False elapsed=47.5s
step   575/900 tau=0.1066 loss=0.286363 mse_soft=0.285946 ent_in=1.1443 ent_out=0.2465 rowmax_in=0.5006 rowmax_out=0.8828 discrete_mse=307.256561 best_discrete=20.686577 hash=False elapsed=49.6s
step   600/900 tau=0.0967 loss=0.286638 mse_soft=0.286227 ent_in=1.1292 ent_out=0.2393 rowmax_in=0.5016 rowmax_out=0.8876 discrete_mse=937.010498 best_discrete=20.686577 hash=False elapsed=51.8s
step   625/900 tau=0.0877 loss=0.316819 mse_soft=0.316480 ent_in=0.9887 ent_out=0.1412 rowmax_in=0.5537 rowmax_out=0.9498 discrete_mse=122.923996 best_discrete=20.686577 hash=False elapsed=54.0s
step   650/900 tau=0.0795 loss=0.309116 mse_soft=0.308755 ent_in=0.9755 ent_out=0.2267 rowmax_in=0.5551 rowmax_out=0.8826 discrete_mse=61.252281 best_discrete=20.686577 hash=False elapsed=56.2s
step   675/900 tau=0.0722 loss=0.290667 mse_soft=0.290305 ent_in=0.9857 ent_out=0.2232 rowmax_in=0.5479 rowmax_out=0.8869 discrete_mse=33.648468 best_discrete=20.686577 hash=False elapsed=58.6s
step   700/900 tau=0.0655 loss=0.299770 mse_soft=0.299434 ent_in=0.9252 ent_out=0.1949 rowmax_in=0.5829 rowmax_out=0.8960 discrete_mse=0.737928 best_discrete=0.737928 hash=False elapsed=60.9s
step   725/900 tau=0.0594 loss=0.302745 mse_soft=0.302405 ent_in=0.9384 ent_out=0.1958 rowmax_in=0.5730 rowmax_out=0.8939 discrete_mse=10.452450 best_discrete=0.737928 hash=False elapsed=63.2s
step   750/900 tau=0.0539 loss=0.321717 mse_soft=0.321403 ent_in=0.8657 ent_out=0.1798 rowmax_in=0.6116 rowmax_out=0.9122 discrete_mse=45.249279 best_discrete=0.737928 hash=False elapsed=65.5s
step   775/900 tau=0.0489 loss=0.415699 mse_soft=0.415507 ent_in=0.5142 ent_out=0.1274 rowmax_in=0.7671 rowmax_out=0.9479 discrete_mse=2.003636 best_discrete=0.737928 hash=False elapsed=68.0s
step   800/900 tau=0.0443 loss=0.351205 mse_soft=0.350983 ent_in=0.5717 ent_out=0.1702 rowmax_in=0.7200 rowmax_out=0.9182 discrete_mse=1.871888 best_discrete=0.737928 hash=False elapsed=70.4s
step   825/900 tau=0.0402 loss=0.335707 mse_soft=0.335480 ent_in=0.5934 ent_out=0.1653 rowmax_in=0.7203 rowmax_out=0.9190 discrete_mse=1.466928 best_discrete=0.737928 hash=False elapsed=72.6s
step   850/900 tau=0.0365 loss=0.330705 mse_soft=0.330480 ent_in=0.5929 ent_out=0.1554 rowmax_in=0.7241 rowmax_out=0.9212 discrete_mse=14.039234 best_discrete=0.737928 hash=False elapsed=74.7s
step   875/900 tau=0.0331 loss=0.338670 mse_soft=0.338450 ent_in=0.5738 ent_out=0.1592 rowmax_in=0.7419 rowmax_out=0.9197 discrete_mse=1.836787 best_discrete=0.737928 hash=False elapsed=76.7s
step   900/900 tau=0.0300 loss=0.335462 mse_soft=0.335246 ent_in=0.5885 ent_out=0.1337 rowmax_in=0.7257 rowmax_out=0.9160 discrete_mse=19.671459 best_discrete=0.737928 hash=False elapsed=78.9s

Final metrics:
  soft_mse_full=0.344391
  rowmax_in_mean=0.7329
  rowmax_out_mean=0.9123
  ent_in_mean=0.5846
  ent_out_mean=0.1359
  final_discrete_mse=10.250879
  hash_match=False
  best_discrete_mse_seen=0.737928
Saved results to overnight_b093_j1.json
