Using device: cuda
Train rows: 10000 / Full rows: 10000, steps=700, lr=0.015
step     1/700 tau=1.0000 loss=1.064146 mse_soft=1.063372 ent_in=3.8712 ent_out=3.8712 rowmax_in=0.0213 rowmax_out=0.0213 discrete_mse=8.948109 best_discrete=8.948109 hash=False elapsed=0.5s
step    25/700 tau=0.8810 loss=0.972147 mse_soft=0.971387 ent_in=3.7934 ent_out=3.8052 rowmax_in=0.0330 rowmax_out=0.0323 discrete_mse=939.363403 best_discrete=8.948109 hash=False elapsed=2.4s
step    50/700 tau=0.7721 loss=0.785931 mse_soft=0.785223 ent_in=3.5150 ent_out=3.5664 rowmax_in=0.0561 rowmax_out=0.0542 discrete_mse=7901.393555 best_discrete=8.948109 hash=False elapsed=4.4s
step    75/700 tau=0.6767 loss=0.644599 mse_soft=0.643962 ent_in=3.1361 ent_out=3.2362 rowmax_in=0.0955 rowmax_out=0.0901 discrete_mse=4588.149902 best_discrete=8.948109 hash=False elapsed=6.7s
step   100/700 tau=0.5931 loss=0.533388 mse_soft=0.532832 ent_in=2.7261 ent_out=2.8290 rowmax_in=0.1777 rowmax_out=0.1684 discrete_mse=2505.899170 best_discrete=8.948109 hash=False elapsed=8.9s
step   125/700 tau=0.5198 loss=0.435709 mse_soft=0.435273 ent_in=2.1878 ent_out=2.1671 rowmax_in=0.3065 rowmax_out=0.3215 discrete_mse=3439.035889 best_discrete=8.948109 hash=False elapsed=10.9s
step   150/700 tau=0.4555 loss=0.371572 mse_soft=0.371241 ent_in=1.7287 ent_out=1.5802 rowmax_in=0.4153 rowmax_out=0.4906 discrete_mse=10.293745 best_discrete=8.948109 hash=False elapsed=13.0s
step   175/700 tau=0.3992 loss=0.334163 mse_soft=0.333907 ent_in=1.4585 ent_out=1.1068 rowmax_in=0.4695 rowmax_out=0.6252 discrete_mse=485.616882 best_discrete=8.948109 hash=False elapsed=15.0s
step   200/700 tau=0.3499 loss=0.313541 mse_soft=0.313337 ent_in=1.3079 ent_out=0.7377 rowmax_in=0.5042 rowmax_out=0.7475 discrete_mse=392.467072 best_discrete=8.948109 hash=False elapsed=17.1s
step   225/700 tau=0.3066 loss=0.304751 mse_soft=0.304574 ent_in=1.2267 ent_out=0.5499 rowmax_in=0.5158 rowmax_out=0.7939 discrete_mse=362.420135 best_discrete=8.948109 hash=False elapsed=19.2s
step   250/700 tau=0.2687 loss=0.300173 mse_soft=0.300006 ent_in=1.1811 ent_out=0.4888 rowmax_in=0.5244 rowmax_out=0.7997 discrete_mse=415.895813 best_discrete=8.948109 hash=False elapsed=21.5s
step   275/700 tau=0.2355 loss=0.298281 mse_soft=0.298120 ent_in=1.1504 ent_out=0.4607 rowmax_in=0.5290 rowmax_out=0.8047 discrete_mse=119.416901 best_discrete=8.948109 hash=False elapsed=23.8s
step   300/700 tau=0.2064 loss=0.296764 mse_soft=0.296606 ent_in=1.1284 ent_out=0.4509 rowmax_in=0.5328 rowmax_out=0.8064 discrete_mse=119.044273 best_discrete=8.948109 hash=False elapsed=26.0s
step   325/700 tau=0.1809 loss=0.295871 mse_soft=0.295715 ent_in=1.1153 ent_out=0.4469 rowmax_in=0.5337 rowmax_out=0.8073 discrete_mse=116.225273 best_discrete=8.948109 hash=False elapsed=28.1s
step   350/700 tau=0.1585 loss=0.294001 mse_soft=0.293848 ent_in=1.0982 ent_out=0.4316 rowmax_in=0.5373 rowmax_out=0.8122 discrete_mse=63.405380 best_discrete=8.948109 hash=False elapsed=30.1s
step   375/700 tau=0.1389 loss=0.294511 mse_soft=0.294361 ent_in=1.0840 ent_out=0.4219 rowmax_in=0.5393 rowmax_out=0.8156 discrete_mse=69.707787 best_discrete=8.948109 hash=False elapsed=32.4s
step   400/700 tau=0.1218 loss=0.296338 mse_soft=0.296189 ent_in=1.0736 ent_out=0.4180 rowmax_in=0.5442 rowmax_out=0.8163 discrete_mse=69.707787 best_discrete=8.948109 hash=False elapsed=34.7s
step   425/700 tau=0.1067 loss=0.292500 mse_soft=0.292352 ent_in=1.0649 ent_out=0.4119 rowmax_in=0.5471 rowmax_out=0.8231 discrete_mse=241.011475 best_discrete=8.948109 hash=False elapsed=36.9s
step   450/700 tau=0.0935 loss=0.292810 mse_soft=0.292664 ent_in=1.0585 ent_out=0.4076 rowmax_in=0.5493 rowmax_out=0.8257 discrete_mse=241.011475 best_discrete=8.948109 hash=False elapsed=39.1s
step   475/700 tau=0.0820 loss=0.292538 mse_soft=0.292392 ent_in=1.0526 ent_out=0.4081 rowmax_in=0.5504 rowmax_out=0.8241 discrete_mse=69.707787 best_discrete=8.948109 hash=False elapsed=41.4s
step   500/700 tau=0.0718 loss=0.293570 mse_soft=0.293425 ent_in=1.0444 ent_out=0.4052 rowmax_in=0.5496 rowmax_out=0.8235 discrete_mse=69.707787 best_discrete=8.948109 hash=False elapsed=43.8s
step   525/700 tau=0.0630 loss=0.298161 mse_soft=0.298018 ent_in=1.0296 ent_out=0.3990 rowmax_in=0.5521 rowmax_out=0.8219 discrete_mse=241.011475 best_discrete=8.948109 hash=False elapsed=45.9s
step   550/700 tau=0.0552 loss=0.295726 mse_soft=0.295586 ent_in=1.0140 ent_out=0.3815 rowmax_in=0.5528 rowmax_out=0.8274 discrete_mse=75.219940 best_discrete=8.948109 hash=False elapsed=48.3s
step   575/700 tau=0.0484 loss=0.308003 mse_soft=0.307867 ent_in=0.9890 ent_out=0.3719 rowmax_in=0.5579 rowmax_out=0.8269 discrete_mse=113.791061 best_discrete=8.948109 hash=False elapsed=50.4s
step   600/700 tau=0.0424 loss=0.304662 mse_soft=0.304528 ent_in=0.9751 ent_out=0.3736 rowmax_in=0.5590 rowmax_out=0.8226 discrete_mse=173.339996 best_discrete=8.948109 hash=False elapsed=52.5s
step   625/700 tau=0.0371 loss=0.325120 mse_soft=0.324986 ent_in=0.9665 ent_out=0.3695 rowmax_in=0.5673 rowmax_out=0.8238 discrete_mse=71.276077 best_discrete=8.948109 hash=False elapsed=55.0s
step   650/700 tau=0.0325 loss=0.304547 mse_soft=0.304418 ent_in=0.9101 ent_out=0.3799 rowmax_in=0.5905 rowmax_out=0.8152 discrete_mse=114.031120 best_discrete=8.948109 hash=False elapsed=57.2s
step   675/700 tau=0.0285 loss=0.301402 mse_soft=0.301275 ent_in=0.8924 ent_out=0.3805 rowmax_in=0.5903 rowmax_out=0.8082 discrete_mse=266.775635 best_discrete=8.948109 hash=False elapsed=59.7s
step   700/700 tau=0.0250 loss=0.407151 mse_soft=0.407059 ent_in=0.5958 ent_out=0.3172 rowmax_in=0.7219 rowmax_out=0.8345 discrete_mse=1.863875 best_discrete=1.863875 hash=False elapsed=61.9s

Final metrics:
  soft_mse_full=0.407697
  rowmax_in_mean=0.7273
  rowmax_out_mean=0.8279
  ent_in_mean=0.5838
  ent_out_mean=0.3200
  final_discrete_mse=1.863875
  hash_match=False
  best_discrete_mse_seen=1.863875
Saved results to overnight_b224_j4.json
