Using device: cuda
Train rows: 10000 / Full rows: 10000, steps=700, lr=0.015
step     1/700 tau=1.0000 loss=1.064149 mse_soft=1.063374 ent_in=3.8712 ent_out=3.8712 rowmax_in=0.0213 rowmax_out=0.0213 discrete_mse=154.735123 best_discrete=154.735123 hash=False elapsed=0.5s
step    25/700 tau=0.8810 loss=0.971853 mse_soft=0.971094 ent_in=3.7932 ent_out=3.8054 rowmax_in=0.0332 rowmax_out=0.0323 discrete_mse=3418.465088 best_discrete=154.735123 hash=False elapsed=2.5s
step    50/700 tau=0.7721 loss=0.787510 mse_soft=0.786802 ent_in=3.5183 ent_out=3.5654 rowmax_in=0.0571 rowmax_out=0.0546 discrete_mse=13395.310547 best_discrete=154.735123 hash=False elapsed=4.6s
step    75/700 tau=0.6767 loss=0.645490 mse_soft=0.644853 ent_in=3.1351 ent_out=3.2323 rowmax_in=0.0955 rowmax_out=0.0920 discrete_mse=2638.151611 best_discrete=154.735123 hash=False elapsed=6.7s
step   100/700 tau=0.5931 loss=0.530968 mse_soft=0.530414 ent_in=2.7163 ent_out=2.8274 rowmax_in=0.1819 rowmax_out=0.1727 discrete_mse=4732.956543 best_discrete=154.735123 hash=False elapsed=8.9s
step   125/700 tau=0.5198 loss=0.428582 mse_soft=0.428152 ent_in=2.1473 ent_out=2.1496 rowmax_in=0.3172 rowmax_out=0.3382 discrete_mse=2100.340332 best_discrete=154.735123 hash=False elapsed=11.0s
step   150/700 tau=0.4555 loss=0.359856 mse_soft=0.359544 ent_in=1.6756 ent_out=1.4420 rowmax_in=0.4201 rowmax_out=0.5359 discrete_mse=178.633652 best_discrete=154.735123 hash=False elapsed=13.3s
step   175/700 tau=0.3992 loss=0.325820 mse_soft=0.325587 ent_in=1.4075 ent_out=0.9239 rowmax_in=0.4741 rowmax_out=0.6812 discrete_mse=295.337891 best_discrete=154.735123 hash=False elapsed=15.5s
step   200/700 tau=0.3499 loss=0.311044 mse_soft=0.310857 ent_in=1.2465 ent_out=0.6292 rowmax_in=0.5083 rowmax_out=0.7728 discrete_mse=178.397522 best_discrete=154.735123 hash=False elapsed=17.6s
step   225/700 tau=0.3066 loss=0.303561 mse_soft=0.303395 ent_in=1.1517 ent_out=0.5060 rowmax_in=0.5212 rowmax_out=0.7986 discrete_mse=129.715576 best_discrete=129.715576 hash=False elapsed=19.9s
step   250/700 tau=0.2687 loss=0.298950 mse_soft=0.298793 ent_in=1.1074 ent_out=0.4616 rowmax_in=0.5282 rowmax_out=0.8052 discrete_mse=224.278214 best_discrete=129.715576 hash=False elapsed=21.7s
step   275/700 tau=0.2355 loss=0.296867 mse_soft=0.296714 ent_in=1.1000 ent_out=0.4396 rowmax_in=0.5210 rowmax_out=0.8081 discrete_mse=112.550163 best_discrete=112.550163 hash=False elapsed=23.9s
step   300/700 tau=0.2064 loss=0.296089 mse_soft=0.295938 ent_in=1.0941 ent_out=0.4114 rowmax_in=0.5183 rowmax_out=0.8173 discrete_mse=112.550163 best_discrete=112.550163 hash=False elapsed=26.2s
step   325/700 tau=0.1809 loss=0.294302 mse_soft=0.294155 ent_in=1.0868 ent_out=0.3855 rowmax_in=0.5178 rowmax_out=0.8288 discrete_mse=224.278214 best_discrete=112.550163 hash=False elapsed=28.4s
step   350/700 tau=0.1585 loss=0.294398 mse_soft=0.294254 ent_in=1.0763 ent_out=0.3702 rowmax_in=0.5216 rowmax_out=0.8359 discrete_mse=282.158356 best_discrete=112.550163 hash=False elapsed=30.5s
step   375/700 tau=0.1389 loss=0.293124 mse_soft=0.292981 ent_in=1.0702 ent_out=0.3559 rowmax_in=0.5226 rowmax_out=0.8416 discrete_mse=282.158356 best_discrete=112.550163 hash=False elapsed=32.7s
step   400/700 tau=0.1218 loss=0.293479 mse_soft=0.293339 ent_in=1.0665 ent_out=0.3334 rowmax_in=0.5193 rowmax_out=0.8509 discrete_mse=290.046539 best_discrete=112.550163 hash=False elapsed=34.8s
step   425/700 tau=0.1067 loss=0.290248 mse_soft=0.290113 ent_in=1.0564 ent_out=0.2974 rowmax_in=0.5188 rowmax_out=0.8667 discrete_mse=348.869080 best_discrete=112.550163 hash=False elapsed=36.9s
step   450/700 tau=0.0935 loss=0.290865 mse_soft=0.290733 ent_in=1.0474 ent_out=0.2742 rowmax_in=0.5189 rowmax_out=0.8747 discrete_mse=164.042862 best_discrete=112.550163 hash=False elapsed=39.0s
step   475/700 tau=0.0820 loss=0.292051 mse_soft=0.291922 ent_in=1.0366 ent_out=0.2606 rowmax_in=0.5202 rowmax_out=0.8784 discrete_mse=735.443542 best_discrete=112.550163 hash=False elapsed=41.2s
step   500/700 tau=0.0718 loss=0.296617 mse_soft=0.296489 ent_in=1.0294 ent_out=0.2506 rowmax_in=0.5216 rowmax_out=0.8806 discrete_mse=164.042862 best_discrete=112.550163 hash=False elapsed=43.2s
step   525/700 tau=0.0630 loss=0.295014 mse_soft=0.294888 ent_in=1.0181 ent_out=0.2417 rowmax_in=0.5269 rowmax_out=0.8836 discrete_mse=162.280746 best_discrete=112.550163 hash=False elapsed=45.3s
step   550/700 tau=0.0552 loss=0.298608 mse_soft=0.298486 ent_in=0.9896 ent_out=0.2307 rowmax_in=0.5415 rowmax_out=0.8871 discrete_mse=306.376953 best_discrete=112.550163 hash=False elapsed=47.5s
step   575/700 tau=0.0484 loss=0.301965 mse_soft=0.301847 ent_in=0.9590 ent_out=0.2191 rowmax_in=0.5541 rowmax_out=0.9016 discrete_mse=44.505283 best_discrete=44.505283 hash=False elapsed=49.8s
step   600/700 tau=0.0424 loss=0.300164 mse_soft=0.300054 ent_in=0.9099 ent_out=0.1949 rowmax_in=0.5653 rowmax_out=0.9046 discrete_mse=23.079544 best_discrete=23.079544 hash=False elapsed=52.0s
step   625/700 tau=0.0371 loss=0.299875 mse_soft=0.299763 ent_in=0.9135 ent_out=0.2050 rowmax_in=0.5598 rowmax_out=0.9003 discrete_mse=76.586914 best_discrete=23.079544 hash=False elapsed=54.2s
step   650/700 tau=0.0325 loss=0.310345 mse_soft=0.310240 ent_in=0.8675 ent_out=0.1843 rowmax_in=0.5768 rowmax_out=0.9177 discrete_mse=48.408512 best_discrete=23.079544 hash=False elapsed=56.4s
step   675/700 tau=0.0285 loss=0.298786 mse_soft=0.298680 ent_in=0.8807 ent_out=0.1856 rowmax_in=0.5739 rowmax_out=0.9069 discrete_mse=68.160629 best_discrete=23.079544 hash=False elapsed=58.6s
step   700/700 tau=0.0250 loss=0.379477 mse_soft=0.379383 ent_in=0.7838 ent_out=0.1480 rowmax_in=0.6392 rowmax_out=0.9356 discrete_mse=23.998037 best_discrete=23.079544 hash=False elapsed=60.8s

Final metrics:
  soft_mse_full=0.385616
  rowmax_in_mean=0.6504
  rowmax_out_mean=0.9396
  ent_in_mean=0.7478
  ent_out_mean=0.1402
  final_discrete_mse=25.972893
  hash_match=False
  best_discrete_mse_seen=23.079544
Saved results to overnight_b122_j4.json
