Using device: cuda
Train rows: 10000 / Full rows: 10000, steps=700, lr=0.02
step     1/700 tau=1.0000 loss=1.065706 mse_soft=1.063384 ent_in=3.8712 ent_out=3.8712 rowmax_in=0.0213 rowmax_out=0.0213 discrete_mse=52.200855 best_discrete=52.200855 hash=False elapsed=0.6s
step    25/700 tau=0.8866 loss=0.935296 mse_soft=0.933045 ent_in=3.7423 ent_out=3.7630 rowmax_in=0.0376 rowmax_out=0.0363 discrete_mse=5222.032715 best_discrete=52.200855 hash=False elapsed=2.9s
step    50/700 tau=0.7821 loss=0.712324 mse_soft=0.710289 ent_in=3.3592 ent_out=3.4256 rowmax_in=0.0706 rowmax_out=0.0666 discrete_mse=2098.533203 best_discrete=52.200855 hash=False elapsed=5.3s
step    75/700 tau=0.6899 loss=0.590203 mse_soft=0.588403 ent_in=2.9390 ent_out=3.0613 rowmax_in=0.1320 rowmax_out=0.1195 discrete_mse=111.642426 best_discrete=52.200855 hash=False elapsed=7.8s
step   100/700 tau=0.6086 loss=0.471423 mse_soft=0.469984 ent_in=2.3626 ent_out=2.4341 rowmax_in=0.2705 rowmax_out=0.2542 discrete_mse=1383.999390 best_discrete=52.200855 hash=False elapsed=10.5s
step   125/700 tau=0.5368 loss=0.381563 mse_soft=0.380517 ent_in=1.7675 ent_out=1.7178 rowmax_in=0.4056 rowmax_out=0.4596 discrete_mse=633.262512 best_discrete=52.200855 hash=False elapsed=13.1s
step   150/700 tau=0.4736 loss=0.340117 mse_soft=0.339337 ent_in=1.4642 ent_out=1.1338 rowmax_in=0.4600 rowmax_out=0.6203 discrete_mse=179.800064 best_discrete=52.200855 hash=False elapsed=15.5s
step   175/700 tau=0.4177 loss=0.323041 mse_soft=0.322402 ent_in=1.3181 ent_out=0.8120 rowmax_in=0.4904 rowmax_out=0.7006 discrete_mse=276.985382 best_discrete=52.200855 hash=False elapsed=17.9s
step   200/700 tau=0.3685 loss=0.314800 mse_soft=0.314235 ent_in=1.2315 ent_out=0.6497 rowmax_in=0.5037 rowmax_out=0.7356 discrete_mse=307.264130 best_discrete=52.200855 hash=False elapsed=20.2s
step   225/700 tau=0.3251 loss=0.309079 mse_soft=0.308569 ent_in=1.1579 ent_out=0.5393 rowmax_in=0.5251 rowmax_out=0.7547 discrete_mse=26.233999 best_discrete=26.233999 hash=False elapsed=22.7s
step   250/700 tau=0.2868 loss=0.308378 mse_soft=0.307896 ent_in=1.1181 ent_out=0.4870 rowmax_in=0.5313 rowmax_out=0.7698 discrete_mse=18.086054 best_discrete=18.086054 hash=False elapsed=25.1s
step   275/700 tau=0.2530 loss=0.303027 mse_soft=0.302556 ent_in=1.0986 ent_out=0.4695 rowmax_in=0.5319 rowmax_out=0.7695 discrete_mse=709.553894 best_discrete=18.086054 hash=False elapsed=27.4s
step   300/700 tau=0.2231 loss=0.306173 mse_soft=0.305715 ent_in=1.0756 ent_out=0.4525 rowmax_in=0.5311 rowmax_out=0.7787 discrete_mse=709.553894 best_discrete=18.086054 hash=False elapsed=30.1s
step   325/700 tau=0.1968 loss=0.299145 mse_soft=0.298695 ent_in=1.0620 ent_out=0.4366 rowmax_in=0.5303 rowmax_out=0.7846 discrete_mse=82.526489 best_discrete=18.086054 hash=False elapsed=32.6s
step   350/700 tau=0.1736 loss=0.298631 mse_soft=0.298188 ent_in=1.0482 ent_out=0.4293 rowmax_in=0.5321 rowmax_out=0.7838 discrete_mse=60.427216 best_discrete=18.086054 hash=False elapsed=35.0s
step   375/700 tau=0.1532 loss=0.300530 mse_soft=0.300089 ent_in=1.0461 ent_out=0.4230 rowmax_in=0.5342 rowmax_out=0.7840 discrete_mse=39.418118 best_discrete=18.086054 hash=False elapsed=37.2s
step   400/700 tau=0.1351 loss=0.297846 mse_soft=0.297411 ent_in=1.0380 ent_out=0.4120 rowmax_in=0.5327 rowmax_out=0.7899 discrete_mse=43.764156 best_discrete=18.086054 hash=False elapsed=39.5s
step   425/700 tau=0.1192 loss=0.297352 mse_soft=0.296924 ent_in=1.0294 ent_out=0.3955 rowmax_in=0.5349 rowmax_out=0.7997 discrete_mse=79.510399 best_discrete=18.086054 hash=False elapsed=41.7s
step   450/700 tau=0.1051 loss=0.301803 mse_soft=0.301383 ent_in=1.0229 ent_out=0.3769 rowmax_in=0.5339 rowmax_out=0.8086 discrete_mse=87.750175 best_discrete=18.086054 hash=False elapsed=44.0s
step   475/700 tau=0.0928 loss=0.304058 mse_soft=0.303645 ent_in=1.0162 ent_out=0.3599 rowmax_in=0.5393 rowmax_out=0.8147 discrete_mse=82.740936 best_discrete=18.086054 hash=False elapsed=46.3s
step   500/700 tau=0.0818 loss=0.298609 mse_soft=0.298202 ent_in=1.0092 ent_out=0.3465 rowmax_in=0.5358 rowmax_out=0.8194 discrete_mse=73.603455 best_discrete=18.086054 hash=False elapsed=48.7s
step   525/700 tau=0.0722 loss=0.307875 mse_soft=0.307480 ent_in=0.9880 ent_out=0.3283 rowmax_in=0.5461 rowmax_out=0.8305 discrete_mse=168.131073 best_discrete=18.086054 hash=False elapsed=51.2s
step   550/700 tau=0.0637 loss=0.299368 mse_soft=0.298972 ent_in=0.9959 ent_out=0.3251 rowmax_in=0.5428 rowmax_out=0.8340 discrete_mse=31.165165 best_discrete=18.086054 hash=False elapsed=53.5s
step   575/700 tau=0.0562 loss=0.330507 mse_soft=0.330124 ent_in=0.9761 ent_out=0.3003 rowmax_in=0.5489 rowmax_out=0.8514 discrete_mse=13.912433 best_discrete=13.912433 hash=False elapsed=56.2s
step   600/700 tau=0.0495 loss=0.310530 mse_soft=0.310169 ent_in=0.9323 ent_out=0.2720 rowmax_in=0.5746 rowmax_out=0.8620 discrete_mse=236.361694 best_discrete=13.912433 hash=False elapsed=58.6s
step   625/700 tau=0.0437 loss=0.313670 mse_soft=0.313323 ent_in=0.8967 ent_out=0.2585 rowmax_in=0.5984 rowmax_out=0.8761 discrete_mse=270.247406 best_discrete=13.912433 hash=False elapsed=61.2s
step   650/700 tau=0.0386 loss=0.325047 mse_soft=0.324735 ent_in=0.8026 ent_out=0.2366 rowmax_in=0.6298 rowmax_out=0.8848 discrete_mse=21.553894 best_discrete=13.912433 hash=False elapsed=63.7s
step   675/700 tau=0.0340 loss=0.336099 mse_soft=0.335820 ent_in=0.7189 ent_out=0.2112 rowmax_in=0.6626 rowmax_out=0.9004 discrete_mse=42.180363 best_discrete=13.912433 hash=False elapsed=66.2s
step   700/700 tau=0.0300 loss=0.330373 mse_soft=0.330079 ent_in=0.7181 ent_out=0.2625 rowmax_in=0.6389 rowmax_out=0.8635 discrete_mse=213.385742 best_discrete=13.912433 hash=False elapsed=68.5s

Final metrics:
  soft_mse_full=0.327140
  rowmax_in_mean=0.6357
  rowmax_out_mean=0.8605
  ent_in_mean=0.7187
  ent_out_mean=0.2622
  final_discrete_mse=140.154785
  hash_match=False
  best_discrete_mse_seen=13.912433
Saved results to overnight_b222_j3.json
