Using device: cuda
Train rows: 10000 / Full rows: 10000, steps=700, lr=0.02
step     1/700 tau=1.0000 loss=1.065798 mse_soft=1.063475 ent_in=3.8712 ent_out=3.8712 rowmax_in=0.0213 rowmax_out=0.0213 discrete_mse=67.872971 best_discrete=67.872971 hash=False elapsed=0.5s
step    25/700 tau=0.8866 loss=0.935423 mse_soft=0.933172 ent_in=3.7426 ent_out=3.7629 rowmax_in=0.0372 rowmax_out=0.0360 discrete_mse=1372.345337 best_discrete=67.872971 hash=False elapsed=2.9s
step    50/700 tau=0.7821 loss=0.711616 mse_soft=0.709580 ent_in=3.3625 ent_out=3.4249 rowmax_in=0.0696 rowmax_out=0.0660 discrete_mse=22408.808594 best_discrete=67.872971 hash=False elapsed=5.0s
step    75/700 tau=0.6899 loss=0.585977 mse_soft=0.584183 ent_in=2.9341 ent_out=3.0460 rowmax_in=0.1331 rowmax_out=0.1224 discrete_mse=1267.943481 best_discrete=67.872971 hash=False elapsed=7.4s
step   100/700 tau=0.6086 loss=0.472185 mse_soft=0.470745 ent_in=2.3978 ent_out=2.4034 rowmax_in=0.2482 rowmax_out=0.2619 discrete_mse=3729.691895 best_discrete=67.872971 hash=False elapsed=9.7s
step   125/700 tau=0.5368 loss=0.385921 mse_soft=0.384873 ent_in=1.8579 ent_out=1.6377 rowmax_in=0.3885 rowmax_out=0.4916 discrete_mse=3843.964355 best_discrete=67.872971 hash=False elapsed=11.9s
step   150/700 tau=0.4736 loss=0.342219 mse_soft=0.341431 ent_in=1.5323 ent_out=1.0947 rowmax_in=0.4541 rowmax_out=0.6513 discrete_mse=1942.235107 best_discrete=67.872971 hash=False elapsed=14.0s
step   175/700 tau=0.4177 loss=0.315373 mse_soft=0.314727 ent_in=1.3650 ent_out=0.7872 rowmax_in=0.4903 rowmax_out=0.7201 discrete_mse=1383.166138 best_discrete=67.872971 hash=False elapsed=16.4s
step   200/700 tau=0.3685 loss=0.297388 mse_soft=0.296823 ent_in=1.2526 ent_out=0.6318 rowmax_in=0.5193 rowmax_out=0.7501 discrete_mse=1968.443604 best_discrete=67.872971 hash=False elapsed=18.7s
step   225/700 tau=0.3251 loss=0.289795 mse_soft=0.289286 ent_in=1.1761 ent_out=0.5189 rowmax_in=0.5314 rowmax_out=0.7862 discrete_mse=2329.463867 best_discrete=67.872971 hash=False elapsed=21.0s
step   250/700 tau=0.2868 loss=0.283516 mse_soft=0.283030 ent_in=1.1486 ent_out=0.4718 rowmax_in=0.5302 rowmax_out=0.7991 discrete_mse=2497.735596 best_discrete=67.872971 hash=False elapsed=23.2s
step   275/700 tau=0.2530 loss=0.283408 mse_soft=0.282941 ent_in=1.1173 ent_out=0.4393 rowmax_in=0.5360 rowmax_out=0.8058 discrete_mse=1330.519287 best_discrete=67.872971 hash=False elapsed=25.6s
step   300/700 tau=0.2231 loss=0.280690 mse_soft=0.280239 ent_in=1.0958 ent_out=0.4106 rowmax_in=0.5382 rowmax_out=0.8165 discrete_mse=1319.796753 best_discrete=67.872971 hash=False elapsed=27.9s
step   325/700 tau=0.1968 loss=0.279759 mse_soft=0.279317 ent_in=1.0844 ent_out=0.3899 rowmax_in=0.5389 rowmax_out=0.8240 discrete_mse=1319.796753 best_discrete=67.872971 hash=False elapsed=30.3s
step   350/700 tau=0.1736 loss=0.278093 mse_soft=0.277659 ent_in=1.0752 ent_out=0.3719 rowmax_in=0.5421 rowmax_out=0.8316 discrete_mse=1098.133301 best_discrete=67.872971 hash=False elapsed=32.8s
step   375/700 tau=0.1532 loss=0.276780 mse_soft=0.276356 ent_in=1.0596 ent_out=0.3540 rowmax_in=0.5457 rowmax_out=0.8371 discrete_mse=337.009033 best_discrete=67.872971 hash=False elapsed=35.0s
step   400/700 tau=0.1351 loss=0.276282 mse_soft=0.275863 ent_in=1.0497 ent_out=0.3465 rowmax_in=0.5489 rowmax_out=0.8404 discrete_mse=337.009033 best_discrete=67.872971 hash=False elapsed=37.3s
step   425/700 tau=0.1192 loss=0.277432 mse_soft=0.277018 ent_in=1.0381 ent_out=0.3399 rowmax_in=0.5512 rowmax_out=0.8437 discrete_mse=355.042389 best_discrete=67.872971 hash=False elapsed=39.5s
step   450/700 tau=0.1051 loss=0.279834 mse_soft=0.279425 ent_in=1.0305 ent_out=0.3350 rowmax_in=0.5531 rowmax_out=0.8462 discrete_mse=355.042389 best_discrete=67.872971 hash=False elapsed=41.8s
step   475/700 tau=0.0928 loss=0.275254 mse_soft=0.274849 ent_in=1.0217 ent_out=0.3263 rowmax_in=0.5567 rowmax_out=0.8506 discrete_mse=337.009033 best_discrete=67.872971 hash=False elapsed=44.1s
step   500/700 tau=0.0818 loss=0.279982 mse_soft=0.279584 ent_in=1.0109 ent_out=0.3161 rowmax_in=0.5616 rowmax_out=0.8541 discrete_mse=355.042389 best_discrete=67.872971 hash=False elapsed=46.4s
step   525/700 tau=0.0722 loss=0.304414 mse_soft=0.304024 ent_in=1.0008 ent_out=0.2998 rowmax_in=0.5665 rowmax_out=0.8615 discrete_mse=133.253815 best_discrete=67.872971 hash=False elapsed=48.7s
step   550/700 tau=0.0637 loss=0.278412 mse_soft=0.278025 ent_in=0.9866 ent_out=0.3031 rowmax_in=0.5657 rowmax_out=0.8544 discrete_mse=355.042389 best_discrete=67.872971 hash=False elapsed=51.0s
step   575/700 tau=0.0562 loss=0.323792 mse_soft=0.323407 ent_in=0.9882 ent_out=0.2945 rowmax_in=0.5664 rowmax_out=0.8620 discrete_mse=133.253815 best_discrete=67.872971 hash=False elapsed=53.5s
step   600/700 tau=0.0495 loss=0.308170 mse_soft=0.307831 ent_in=0.8517 ent_out=0.2801 rowmax_in=0.6147 rowmax_out=0.8587 discrete_mse=134.894852 best_discrete=67.872971 hash=False elapsed=55.8s
step   625/700 tau=0.0437 loss=0.293794 mse_soft=0.293453 ent_in=0.8513 ent_out=0.2842 rowmax_in=0.6158 rowmax_out=0.8556 discrete_mse=209.036850 best_discrete=67.872971 hash=False elapsed=58.3s
step   650/700 tau=0.0386 loss=0.309206 mse_soft=0.308865 ent_in=0.8547 ent_out=0.2792 rowmax_in=0.6161 rowmax_out=0.8558 discrete_mse=113.461960 best_discrete=67.872971 hash=False elapsed=60.5s
step   675/700 tau=0.0340 loss=0.316532 mse_soft=0.316198 ent_in=0.8405 ent_out=0.2755 rowmax_in=0.6169 rowmax_out=0.8593 discrete_mse=2.942131 best_discrete=2.942131 hash=False elapsed=62.8s
step   700/700 tau=0.0300 loss=0.350007 mse_soft=0.349734 ent_in=0.6740 ent_out=0.2365 rowmax_in=0.6925 rowmax_out=0.8786 discrete_mse=95.963882 best_discrete=2.942131 hash=False elapsed=65.2s

Final metrics:
  soft_mse_full=0.371146
  rowmax_in_mean=0.6989
  rowmax_out_mean=0.8739
  ent_in_mean=0.6592
  ent_out_mean=0.2411
  final_discrete_mse=95.963882
  hash_match=False
  best_discrete_mse_seen=2.942131
Saved results to overnight_b137_j3.json
