Using device: cuda
Train rows: 4096 / Full rows: 10000, steps=900, lr=0.03
step     1/900 tau=1.0000 loss=1.101000 mse_soft=1.098678 ent_in=3.8712 ent_out=3.8712 rowmax_in=0.0213 rowmax_out=0.0213 discrete_mse=51.060040 best_discrete=51.060040 hash=False elapsed=0.5s
step    25/900 tau=0.9090 loss=0.891211 mse_soft=0.889021 ent_in=3.6305 ent_out=3.6688 rowmax_in=0.0451 rowmax_out=0.0444 discrete_mse=2411.557617 best_discrete=51.060040 hash=False elapsed=2.7s
step    50/900 tau=0.8229 loss=0.666868 mse_soft=0.664962 ent_in=3.1290 ent_out=3.2255 rowmax_in=0.0936 rowmax_out=0.0894 discrete_mse=11107.892578 best_discrete=51.060040 hash=False elapsed=4.9s
step    75/900 tau=0.7450 loss=0.521299 mse_soft=0.519726 ent_in=2.5864 ent_out=2.6573 rowmax_in=0.1953 rowmax_out=0.2054 discrete_mse=3059.139404 best_discrete=51.060040 hash=False elapsed=7.1s
step   100/900 tau=0.6745 loss=0.405856 mse_soft=0.404709 ent_in=1.9954 ent_out=1.8278 rowmax_in=0.3377 rowmax_out=0.4201 discrete_mse=1602.096924 best_discrete=51.060040 hash=False elapsed=9.3s
step   125/900 tau=0.6107 loss=0.343247 mse_soft=0.342417 ent_in=1.6397 ent_out=1.1295 rowmax_in=0.4170 rowmax_out=0.6464 discrete_mse=117.929443 best_discrete=51.060040 hash=False elapsed=11.4s
step   150/900 tau=0.5529 loss=0.316891 mse_soft=0.316230 ent_in=1.4586 ent_out=0.7434 rowmax_in=0.4533 rowmax_out=0.7475 discrete_mse=1201.315308 best_discrete=51.060040 hash=False elapsed=13.5s
step   175/900 tau=0.5006 loss=0.306779 mse_soft=0.306203 ent_in=1.3678 ent_out=0.5537 rowmax_in=0.4681 rowmax_out=0.7881 discrete_mse=681.778381 best_discrete=51.060040 hash=False elapsed=16.0s
step   200/900 tau=0.4532 loss=0.301605 mse_soft=0.301062 ent_in=1.3179 ent_out=0.4906 rowmax_in=0.4764 rowmax_out=0.7983 discrete_mse=1561.265259 best_discrete=51.060040 hash=False elapsed=18.5s
step   225/900 tau=0.4103 loss=0.298127 mse_soft=0.297601 ent_in=1.2755 ent_out=0.4769 rowmax_in=0.4842 rowmax_out=0.7980 discrete_mse=185.849365 best_discrete=51.060040 hash=False elapsed=20.8s
step   250/900 tau=0.3715 loss=0.298267 mse_soft=0.297757 ent_in=1.2432 ent_out=0.4575 rowmax_in=0.4907 rowmax_out=0.8042 discrete_mse=294.587341 best_discrete=51.060040 hash=False elapsed=22.8s
step   275/900 tau=0.3363 loss=0.293753 mse_soft=0.293257 ent_in=1.2215 ent_out=0.4318 rowmax_in=0.4965 rowmax_out=0.8098 discrete_mse=355.079651 best_discrete=51.060040 hash=False elapsed=25.0s
step   300/900 tau=0.3045 loss=0.290286 mse_soft=0.289802 ent_in=1.2059 ent_out=0.4076 rowmax_in=0.5019 rowmax_out=0.8138 discrete_mse=355.079651 best_discrete=51.060040 hash=False elapsed=27.3s
step   325/900 tau=0.2756 loss=0.292074 mse_soft=0.291603 ent_in=1.1914 ent_out=0.3797 rowmax_in=0.5050 rowmax_out=0.8219 discrete_mse=420.902985 best_discrete=51.060040 hash=False elapsed=29.5s
step   350/900 tau=0.2496 loss=0.287629 mse_soft=0.287163 ent_in=1.1854 ent_out=0.3696 rowmax_in=0.5071 rowmax_out=0.8243 discrete_mse=420.902985 best_discrete=51.060040 hash=False elapsed=31.8s
step   375/900 tau=0.2259 loss=0.290729 mse_soft=0.290266 ent_in=1.1817 ent_out=0.3626 rowmax_in=0.5057 rowmax_out=0.8265 discrete_mse=384.535675 best_discrete=51.060040 hash=False elapsed=33.8s
step   400/900 tau=0.2046 loss=0.292356 mse_soft=0.291897 ent_in=1.1719 ent_out=0.3578 rowmax_in=0.5064 rowmax_out=0.8293 discrete_mse=571.361877 best_discrete=51.060040 hash=False elapsed=35.9s
step   425/900 tau=0.1852 loss=0.294270 mse_soft=0.293812 ent_in=1.1713 ent_out=0.3554 rowmax_in=0.5070 rowmax_out=0.8308 discrete_mse=535.855835 best_discrete=51.060040 hash=False elapsed=38.0s
step   450/900 tau=0.1677 loss=0.287071 mse_soft=0.286615 ent_in=1.1675 ent_out=0.3538 rowmax_in=0.5050 rowmax_out=0.8334 discrete_mse=535.855835 best_discrete=51.060040 hash=False elapsed=40.1s
step   475/900 tau=0.1518 loss=0.292874 mse_soft=0.292420 ent_in=1.1625 ent_out=0.3508 rowmax_in=0.5050 rowmax_out=0.8358 discrete_mse=421.913879 best_discrete=51.060040 hash=False elapsed=42.1s
step   500/900 tau=0.1374 loss=0.285656 mse_soft=0.285203 ent_in=1.1591 ent_out=0.3512 rowmax_in=0.5058 rowmax_out=0.8381 discrete_mse=200.809708 best_discrete=51.060040 hash=False elapsed=44.3s
step   525/900 tau=0.1244 loss=0.295289 mse_soft=0.294837 ent_in=1.1515 ent_out=0.3549 rowmax_in=0.5050 rowmax_out=0.8350 discrete_mse=200.809708 best_discrete=51.060040 hash=False elapsed=46.7s
step   550/900 tau=0.1126 loss=0.289035 mse_soft=0.288585 ent_in=1.1463 ent_out=0.3526 rowmax_in=0.5052 rowmax_out=0.8357 discrete_mse=284.310608 best_discrete=51.060040 hash=False elapsed=49.0s
step   575/900 tau=0.1020 loss=0.305100 mse_soft=0.304650 ent_in=1.1492 ent_out=0.3527 rowmax_in=0.5017 rowmax_out=0.8383 discrete_mse=77.824821 best_discrete=51.060040 hash=False elapsed=51.2s
step   600/900 tau=0.0923 loss=0.311105 mse_soft=0.310667 ent_in=1.1188 ent_out=0.3442 rowmax_in=0.5061 rowmax_out=0.8448 discrete_mse=61.865818 best_discrete=51.060040 hash=False elapsed=53.4s
step   625/900 tau=0.0836 loss=0.328688 mse_soft=0.328250 ent_in=1.1172 ent_out=0.3407 rowmax_in=0.5078 rowmax_out=0.8420 discrete_mse=59.863247 best_discrete=51.060040 hash=False elapsed=55.6s
step   650/900 tau=0.0757 loss=0.299080 mse_soft=0.298663 ent_in=1.0672 ent_out=0.3217 rowmax_in=0.5308 rowmax_out=0.8528 discrete_mse=588.058167 best_discrete=51.060040 hash=False elapsed=57.6s
step   675/900 tau=0.0685 loss=0.298940 mse_soft=0.298529 ent_in=1.0509 ent_out=0.3190 rowmax_in=0.5383 rowmax_out=0.8500 discrete_mse=126.968636 best_discrete=51.060040 hash=False elapsed=60.0s
step   700/900 tau=0.0620 loss=0.376810 mse_soft=0.376522 ent_in=0.7424 ent_out=0.2176 rowmax_in=0.6589 rowmax_out=0.8990 discrete_mse=104.763474 best_discrete=51.060040 hash=False elapsed=62.0s
step   725/900 tau=0.0562 loss=0.331882 mse_soft=0.331605 ent_in=0.7228 ent_out=0.2018 rowmax_in=0.6392 rowmax_out=0.8966 discrete_mse=43.134701 best_discrete=43.134701 hash=False elapsed=64.2s
step   750/900 tau=0.0508 loss=0.322799 mse_soft=0.322525 ent_in=0.7215 ent_out=0.1919 rowmax_in=0.6516 rowmax_out=0.8910 discrete_mse=89.087059 best_discrete=43.134701 hash=False elapsed=66.3s
step   775/900 tau=0.0460 loss=0.328915 mse_soft=0.328645 ent_in=0.7101 ent_out=0.1894 rowmax_in=0.6599 rowmax_out=0.8884 discrete_mse=87.488472 best_discrete=43.134701 hash=False elapsed=68.5s
step   800/900 tau=0.0417 loss=0.339267 mse_soft=0.339006 ent_in=0.6834 ent_out=0.1871 rowmax_in=0.6702 rowmax_out=0.8892 discrete_mse=46.227585 best_discrete=43.134701 hash=False elapsed=70.7s
step   825/900 tau=0.0377 loss=0.365904 mse_soft=0.365660 ent_in=0.6242 ent_out=0.1909 rowmax_in=0.6993 rowmax_out=0.8903 discrete_mse=30.320799 best_discrete=30.320799 hash=False elapsed=72.8s
step   850/900 tau=0.0342 loss=0.504712 mse_soft=0.504522 ent_in=0.4624 ent_out=0.1739 rowmax_in=0.7617 rowmax_out=0.9042 discrete_mse=37.266563 best_discrete=30.320799 hash=False elapsed=75.0s
step   875/900 tau=0.0309 loss=0.417986 mse_soft=0.417818 ent_in=0.4026 ent_out=0.1595 rowmax_in=0.7830 rowmax_out=0.9149 discrete_mse=10.556962 best_discrete=10.556962 hash=False elapsed=77.3s
step   900/900 tau=0.0280 loss=0.394481 mse_soft=0.394314 ent_in=0.4237 ent_out=0.1334 rowmax_in=0.7697 rowmax_out=0.9215 discrete_mse=2.727537 best_discrete=2.727537 hash=False elapsed=79.5s

Final metrics:
  soft_mse_full=0.393492
  rowmax_in_mean=0.7718
  rowmax_out_mean=0.9208
  ent_in_mean=0.4237
  ent_out_mean=0.1332
  final_discrete_mse=71.039444
  hash_match=False
  best_discrete_mse_seen=2.727537
Saved results to overnight_b185_j2.json
