Using device: cuda
Train rows: 10000 / Full rows: 10000, steps=700, lr=0.02
step     1/700 tau=1.0000 loss=1.065836 mse_soft=1.063513 ent_in=3.8712 ent_out=3.8712 rowmax_in=0.0213 rowmax_out=0.0213 discrete_mse=11.456170 best_discrete=11.456170 hash=False elapsed=0.5s
step    25/700 tau=0.8866 loss=0.935101 mse_soft=0.932849 ent_in=3.7423 ent_out=3.7627 rowmax_in=0.0371 rowmax_out=0.0363 discrete_mse=330.289093 best_discrete=11.456170 hash=False elapsed=2.8s
step    50/700 tau=0.7821 loss=0.710361 mse_soft=0.708327 ent_in=3.3602 ent_out=3.4218 rowmax_in=0.0696 rowmax_out=0.0672 discrete_mse=6919.718262 best_discrete=11.456170 hash=False elapsed=5.1s
step    75/700 tau=0.6899 loss=0.586829 mse_soft=0.585033 ent_in=2.9337 ent_out=3.0549 rowmax_in=0.1319 rowmax_out=0.1236 discrete_mse=878.940979 best_discrete=11.456170 hash=False elapsed=7.2s
step   100/700 tau=0.6086 loss=0.468926 mse_soft=0.467481 ent_in=2.3842 ent_out=2.4309 rowmax_in=0.2582 rowmax_out=0.2555 discrete_mse=174.942017 best_discrete=11.456170 hash=False elapsed=9.3s
step   125/700 tau=0.5368 loss=0.383228 mse_soft=0.382177 ent_in=1.8326 ent_out=1.6696 rowmax_in=0.3959 rowmax_out=0.4652 discrete_mse=2897.272217 best_discrete=11.456170 hash=False elapsed=11.5s
step   150/700 tau=0.4736 loss=0.338685 mse_soft=0.337909 ent_in=1.5356 ent_out=1.0507 rowmax_in=0.4643 rowmax_out=0.6561 discrete_mse=8380.369141 best_discrete=11.456170 hash=False elapsed=13.8s
step   175/700 tau=0.4177 loss=0.313994 mse_soft=0.313371 ent_in=1.3735 ent_out=0.7028 rowmax_in=0.4855 rowmax_out=0.7523 discrete_mse=1712.104004 best_discrete=11.456170 hash=False elapsed=15.8s
step   200/700 tau=0.3685 loss=0.303433 mse_soft=0.302878 ent_in=1.3172 ent_out=0.5340 rowmax_in=0.4889 rowmax_out=0.7961 discrete_mse=1049.299438 best_discrete=11.456170 hash=False elapsed=17.9s
step   225/700 tau=0.3251 loss=0.297878 mse_soft=0.297357 ent_in=1.2812 ent_out=0.4541 rowmax_in=0.4888 rowmax_out=0.8213 discrete_mse=1061.634033 best_discrete=11.456170 hash=False elapsed=20.1s
step   250/700 tau=0.2868 loss=0.292561 mse_soft=0.292063 ent_in=1.2525 ent_out=0.4069 rowmax_in=0.4930 rowmax_out=0.8388 discrete_mse=2216.441406 best_discrete=11.456170 hash=False elapsed=22.4s
step   275/700 tau=0.2530 loss=0.288686 mse_soft=0.288216 ent_in=1.2310 ent_out=0.3354 rowmax_in=0.4961 rowmax_out=0.8707 discrete_mse=2243.244873 best_discrete=11.456170 hash=False elapsed=24.7s
step   300/700 tau=0.2231 loss=0.286622 mse_soft=0.286169 ent_in=1.2127 ent_out=0.3000 rowmax_in=0.4980 rowmax_out=0.8867 discrete_mse=2243.244873 best_discrete=11.456170 hash=False elapsed=27.0s
step   325/700 tau=0.1968 loss=0.287990 mse_soft=0.287544 ent_in=1.2046 ent_out=0.2839 rowmax_in=0.4984 rowmax_out=0.8906 discrete_mse=1062.384033 best_discrete=11.456170 hash=False elapsed=29.2s
step   350/700 tau=0.1736 loss=0.285129 mse_soft=0.284688 ent_in=1.1980 ent_out=0.2718 rowmax_in=0.4979 rowmax_out=0.8955 discrete_mse=1062.384033 best_discrete=11.456170 hash=False elapsed=31.3s
step   375/700 tau=0.1532 loss=0.284738 mse_soft=0.284301 ent_in=1.1927 ent_out=0.2652 rowmax_in=0.4988 rowmax_out=0.8975 discrete_mse=959.794556 best_discrete=11.456170 hash=False elapsed=33.4s
step   400/700 tau=0.1351 loss=0.284362 mse_soft=0.283929 ent_in=1.1871 ent_out=0.2567 rowmax_in=0.4996 rowmax_out=0.8993 discrete_mse=959.794556 best_discrete=11.456170 hash=False elapsed=35.4s
step   425/700 tau=0.1192 loss=0.285550 mse_soft=0.285120 ent_in=1.1817 ent_out=0.2495 rowmax_in=0.5000 rowmax_out=0.9000 discrete_mse=959.794556 best_discrete=11.456170 hash=False elapsed=37.5s
step   450/700 tau=0.1051 loss=0.290296 mse_soft=0.289873 ent_in=1.1723 ent_out=0.2391 rowmax_in=0.5009 rowmax_out=0.9036 discrete_mse=959.794556 best_discrete=11.456170 hash=False elapsed=39.6s
step   475/700 tau=0.0928 loss=0.284478 mse_soft=0.284055 ent_in=1.1634 ent_out=0.2464 rowmax_in=0.5034 rowmax_out=0.8968 discrete_mse=959.794556 best_discrete=11.456170 hash=False elapsed=41.8s
step   500/700 tau=0.0818 loss=0.295888 mse_soft=0.295469 ent_in=1.1505 ent_out=0.2487 rowmax_in=0.5062 rowmax_out=0.8945 discrete_mse=821.454041 best_discrete=11.456170 hash=False elapsed=43.9s
step   525/700 tau=0.0722 loss=0.302508 mse_soft=0.302092 ent_in=1.1330 ent_out=0.2554 rowmax_in=0.5083 rowmax_out=0.8816 discrete_mse=525.749390 best_discrete=11.456170 hash=False elapsed=46.1s
step   550/700 tau=0.0637 loss=0.318642 mse_soft=0.318262 ent_in=1.0145 ent_out=0.2519 rowmax_in=0.5657 rowmax_out=0.8722 discrete_mse=240.188400 best_discrete=11.456170 hash=False elapsed=48.4s
step   575/700 tau=0.0562 loss=0.298342 mse_soft=0.297961 ent_in=1.0209 ent_out=0.2489 rowmax_in=0.5506 rowmax_out=0.8758 discrete_mse=23.473564 best_discrete=11.456170 hash=False elapsed=50.5s
step   600/700 tau=0.0495 loss=0.354024 mse_soft=0.353706 ent_in=0.8569 ent_out=0.2035 rowmax_in=0.6080 rowmax_out=0.8935 discrete_mse=400.675934 best_discrete=11.456170 hash=False elapsed=52.7s
step   625/700 tau=0.0437 loss=0.320184 mse_soft=0.319877 ent_in=0.8111 ent_out=0.2131 rowmax_in=0.6089 rowmax_out=0.8884 discrete_mse=188.916550 best_discrete=11.456170 hash=False elapsed=54.7s
step   650/700 tau=0.0386 loss=0.325275 mse_soft=0.324974 ent_in=0.7985 ent_out=0.2043 rowmax_in=0.6088 rowmax_out=0.8948 discrete_mse=56.830563 best_discrete=11.456170 hash=False elapsed=57.0s
step   675/700 tau=0.0340 loss=0.317902 mse_soft=0.317604 ent_in=0.7920 ent_out=0.2016 rowmax_in=0.6108 rowmax_out=0.8907 discrete_mse=73.399872 best_discrete=11.456170 hash=False elapsed=59.0s
step   700/700 tau=0.0300 loss=0.377168 mse_soft=0.376949 ent_in=0.5764 ent_out=0.1539 rowmax_in=0.7147 rowmax_out=0.9298 discrete_mse=0.903476 best_discrete=0.903476 hash=False elapsed=61.2s

Final metrics:
  soft_mse_full=0.379615
  rowmax_in_mean=0.7060
  rowmax_out_mean=0.9278
  ent_in_mean=0.5832
  ent_out_mean=0.1581
  final_discrete_mse=11.557981
  hash_match=False
  best_discrete_mse_seen=0.903476
Saved results to overnight_b009_j3.json
