Using device: cuda
Train rows: 10000 / Full rows: 10000, steps=700, lr=0.02
step     1/700 tau=1.0000 loss=1.065719 mse_soft=1.063397 ent_in=3.8712 ent_out=3.8712 rowmax_in=0.0213 rowmax_out=0.0213 discrete_mse=41.335056 best_discrete=41.335056 hash=False elapsed=0.5s
step    25/700 tau=0.8866 loss=0.935278 mse_soft=0.933027 ent_in=3.7424 ent_out=3.7628 rowmax_in=0.0371 rowmax_out=0.0361 discrete_mse=1935.082397 best_discrete=41.335056 hash=False elapsed=2.6s
step    50/700 tau=0.7821 loss=0.712472 mse_soft=0.710436 ent_in=3.3624 ent_out=3.4250 rowmax_in=0.0700 rowmax_out=0.0664 discrete_mse=12770.301758 best_discrete=41.335056 hash=False elapsed=4.8s
step    75/700 tau=0.6899 loss=0.590725 mse_soft=0.588925 ent_in=2.9414 ent_out=3.0571 rowmax_in=0.1313 rowmax_out=0.1205 discrete_mse=94.597977 best_discrete=41.335056 hash=False elapsed=7.1s
step   100/700 tau=0.6086 loss=0.481764 mse_soft=0.480299 ent_in=2.4336 ent_out=2.4486 rowmax_in=0.2455 rowmax_out=0.2439 discrete_mse=979.747498 best_discrete=41.335056 hash=False elapsed=9.4s
step   125/700 tau=0.5368 loss=0.393389 mse_soft=0.392308 ent_in=1.8953 ent_out=1.7051 rowmax_in=0.3801 rowmax_out=0.4439 discrete_mse=262.023529 best_discrete=41.335056 hash=False elapsed=11.7s
step   150/700 tau=0.4736 loss=0.344968 mse_soft=0.344191 ent_in=1.5279 ent_out=1.0632 rowmax_in=0.4701 rowmax_out=0.6473 discrete_mse=675.015259 best_discrete=41.335056 hash=False elapsed=13.9s
step   175/700 tau=0.4177 loss=0.322438 mse_soft=0.321802 ent_in=1.3580 ent_out=0.7638 rowmax_in=0.5093 rowmax_out=0.7315 discrete_mse=246.667801 best_discrete=41.335056 hash=False elapsed=16.3s
step   200/700 tau=0.3685 loss=0.311944 mse_soft=0.311387 ent_in=1.2769 ent_out=0.5803 rowmax_in=0.5159 rowmax_out=0.7960 discrete_mse=21.896023 best_discrete=21.896023 hash=False elapsed=18.6s
step   225/700 tau=0.3251 loss=0.305585 mse_soft=0.305082 ent_in=1.2334 ent_out=0.4444 rowmax_in=0.5218 rowmax_out=0.8386 discrete_mse=31.975168 best_discrete=21.896023 hash=False elapsed=20.9s
step   250/700 tau=0.2868 loss=0.300318 mse_soft=0.299843 ent_in=1.2026 ent_out=0.3812 rowmax_in=0.5213 rowmax_out=0.8577 discrete_mse=266.823883 best_discrete=21.896023 hash=False elapsed=23.0s
step   275/700 tau=0.2530 loss=0.298236 mse_soft=0.297778 ent_in=1.1820 ent_out=0.3435 rowmax_in=0.5201 rowmax_out=0.8640 discrete_mse=266.823883 best_discrete=21.896023 hash=False elapsed=25.2s
step   300/700 tau=0.2231 loss=0.296160 mse_soft=0.295715 ent_in=1.1627 ent_out=0.3203 rowmax_in=0.5261 rowmax_out=0.8671 discrete_mse=462.037903 best_discrete=21.896023 hash=False elapsed=27.5s
step   325/700 tau=0.1968 loss=0.295047 mse_soft=0.294615 ent_in=1.1474 ent_out=0.2923 rowmax_in=0.5273 rowmax_out=0.8736 discrete_mse=142.362793 best_discrete=21.896023 hash=False elapsed=29.6s
step   350/700 tau=0.1736 loss=0.294364 mse_soft=0.293946 ent_in=1.1244 ent_out=0.2701 rowmax_in=0.5308 rowmax_out=0.8792 discrete_mse=423.467926 best_discrete=21.896023 hash=False elapsed=31.8s
step   375/700 tau=0.1532 loss=0.293338 mse_soft=0.292928 ent_in=1.1093 ent_out=0.2576 rowmax_in=0.5323 rowmax_out=0.8808 discrete_mse=423.467926 best_discrete=21.896023 hash=False elapsed=33.9s
step   400/700 tau=0.1351 loss=0.297627 mse_soft=0.297221 ent_in=1.1052 ent_out=0.2479 rowmax_in=0.5318 rowmax_out=0.8827 discrete_mse=46.160019 best_discrete=21.896023 hash=False elapsed=36.1s
step   425/700 tau=0.1192 loss=0.295948 mse_soft=0.295546 ent_in=1.1004 ent_out=0.2394 rowmax_in=0.5319 rowmax_out=0.8846 discrete_mse=55.341061 best_discrete=21.896023 hash=False elapsed=38.2s
step   450/700 tau=0.1051 loss=0.298576 mse_soft=0.298176 ent_in=1.1006 ent_out=0.2328 rowmax_in=0.5293 rowmax_out=0.8852 discrete_mse=453.482483 best_discrete=21.896023 hash=False elapsed=40.4s
step   475/700 tau=0.0928 loss=0.297060 mse_soft=0.296663 ent_in=1.0980 ent_out=0.2241 rowmax_in=0.5287 rowmax_out=0.8868 discrete_mse=453.482483 best_discrete=21.896023 hash=False elapsed=42.6s
step   500/700 tau=0.0818 loss=0.297952 mse_soft=0.297559 ent_in=1.0930 ent_out=0.2173 rowmax_in=0.5289 rowmax_out=0.8888 discrete_mse=127.076569 best_discrete=21.896023 hash=False elapsed=44.8s
step   525/700 tau=0.0722 loss=0.298514 mse_soft=0.298131 ent_in=1.0687 ent_out=0.2085 rowmax_in=0.5321 rowmax_out=0.8907 discrete_mse=453.482483 best_discrete=21.896023 hash=False elapsed=47.3s
step   550/700 tau=0.0637 loss=0.295439 mse_soft=0.295059 ent_in=1.0628 ent_out=0.2049 rowmax_in=0.5344 rowmax_out=0.8911 discrete_mse=113.306725 best_discrete=21.896023 hash=False elapsed=49.5s
step   575/700 tau=0.0562 loss=0.296940 mse_soft=0.296564 ent_in=1.0518 ent_out=0.1995 rowmax_in=0.5372 rowmax_out=0.8910 discrete_mse=79.676476 best_discrete=21.896023 hash=False elapsed=51.7s
step   600/700 tau=0.0495 loss=0.334887 mse_soft=0.334566 ent_in=0.8876 ent_out=0.1837 rowmax_in=0.6015 rowmax_out=0.8995 discrete_mse=21.584175 best_discrete=21.584175 hash=False elapsed=53.9s
step   625/700 tau=0.0437 loss=0.308656 mse_soft=0.308325 ent_in=0.9147 ent_out=0.1878 rowmax_in=0.5802 rowmax_out=0.8977 discrete_mse=240.825394 best_discrete=21.584175 hash=False elapsed=56.0s
step   650/700 tau=0.0386 loss=0.339993 mse_soft=0.339687 ent_in=0.8448 ent_out=0.1735 rowmax_in=0.6097 rowmax_out=0.9083 discrete_mse=63.609299 best_discrete=21.584175 hash=False elapsed=58.3s
step   675/700 tau=0.0340 loss=0.408690 mse_soft=0.408438 ent_in=0.6972 ent_out=0.1407 rowmax_in=0.6785 rowmax_out=0.9308 discrete_mse=111.439545 best_discrete=21.584175 hash=False elapsed=60.5s
step   700/700 tau=0.0300 loss=0.364625 mse_soft=0.364394 ent_in=0.6428 ent_out=0.1283 rowmax_in=0.6737 rowmax_out=0.9372 discrete_mse=26.811455 best_discrete=21.584175 hash=False elapsed=62.8s

Final metrics:
  soft_mse_full=0.361557
  rowmax_in_mean=0.6663
  rowmax_out_mean=0.9349
  ent_in_mean=0.6440
  ent_out_mean=0.1318
  final_discrete_mse=50.314926
  hash_match=False
  best_discrete_mse_seen=21.584175
Saved results to overnight_b238_j3.json
