Using device: cuda
Train rows: 10000 / Full rows: 10000, steps=700, lr=0.02
step     1/700 tau=1.0000 loss=1.065755 mse_soft=1.063432 ent_in=3.8712 ent_out=3.8712 rowmax_in=0.0213 rowmax_out=0.0213 discrete_mse=34.704453 best_discrete=34.704453 hash=False elapsed=0.5s
step    25/700 tau=0.8866 loss=0.935238 mse_soft=0.932987 ent_in=3.7420 ent_out=3.7627 rowmax_in=0.0373 rowmax_out=0.0363 discrete_mse=411.718597 best_discrete=34.704453 hash=False elapsed=2.6s
step    50/700 tau=0.7821 loss=0.712359 mse_soft=0.710323 ent_in=3.3634 ent_out=3.4214 rowmax_in=0.0699 rowmax_out=0.0670 discrete_mse=12775.443359 best_discrete=34.704453 hash=False elapsed=5.0s
step    75/700 tau=0.6899 loss=0.587869 mse_soft=0.586068 ent_in=2.9424 ent_out=3.0597 rowmax_in=0.1301 rowmax_out=0.1216 discrete_mse=26.074774 best_discrete=26.074774 hash=False elapsed=7.1s
step   100/700 tau=0.6086 loss=0.469954 mse_soft=0.468498 ent_in=2.4133 ent_out=2.4419 rowmax_in=0.2497 rowmax_out=0.2574 discrete_mse=389.113525 best_discrete=26.074774 hash=False elapsed=9.5s
step   125/700 tau=0.5368 loss=0.388557 mse_soft=0.387484 ent_in=1.9065 ent_out=1.6706 rowmax_in=0.3694 rowmax_out=0.4719 discrete_mse=174.718842 best_discrete=26.074774 hash=False elapsed=11.8s
step   150/700 tau=0.4736 loss=0.344435 mse_soft=0.343638 ent_in=1.5831 ent_out=1.0732 rowmax_in=0.4412 rowmax_out=0.6415 discrete_mse=309.536499 best_discrete=26.074774 hash=False elapsed=14.0s
step   175/700 tau=0.4177 loss=0.317715 mse_soft=0.317094 ent_in=1.3841 ent_out=0.6861 rowmax_in=0.4821 rowmax_out=0.7507 discrete_mse=8.167961 best_discrete=8.167961 hash=False elapsed=16.5s
step   200/700 tau=0.3685 loss=0.304771 mse_soft=0.304247 ent_in=1.2460 ent_out=0.4993 rowmax_in=0.5097 rowmax_out=0.7976 discrete_mse=89.569038 best_discrete=8.167961 hash=False elapsed=18.6s
step   225/700 tau=0.3251 loss=0.298627 mse_soft=0.298151 ent_in=1.1660 ent_out=0.4220 rowmax_in=0.5239 rowmax_out=0.8165 discrete_mse=45.006260 best_discrete=8.167961 hash=False elapsed=21.0s
step   250/700 tau=0.2868 loss=0.291781 mse_soft=0.291331 ent_in=1.0976 ent_out=0.4037 rowmax_in=0.5395 rowmax_out=0.8235 discrete_mse=18.966488 best_discrete=8.167961 hash=False elapsed=23.5s
step   275/700 tau=0.2530 loss=0.289412 mse_soft=0.288976 ent_in=1.0727 ent_out=0.3805 rowmax_in=0.5424 rowmax_out=0.8292 discrete_mse=18.966488 best_discrete=8.167961 hash=False elapsed=25.7s
step   300/700 tau=0.2231 loss=0.287811 mse_soft=0.287382 ent_in=1.0577 ent_out=0.3714 rowmax_in=0.5434 rowmax_out=0.8259 discrete_mse=18.966488 best_discrete=8.167961 hash=False elapsed=28.0s
step   325/700 tau=0.1968 loss=0.287438 mse_soft=0.287012 ent_in=1.0538 ent_out=0.3654 rowmax_in=0.5423 rowmax_out=0.8238 discrete_mse=18.966488 best_discrete=8.167961 hash=False elapsed=30.4s
step   350/700 tau=0.1736 loss=0.287033 mse_soft=0.286612 ent_in=1.0461 ent_out=0.3574 rowmax_in=0.5434 rowmax_out=0.8251 discrete_mse=5.347113 best_discrete=5.347113 hash=False elapsed=32.8s
step   375/700 tau=0.1532 loss=0.289644 mse_soft=0.289226 ent_in=1.0406 ent_out=0.3514 rowmax_in=0.5439 rowmax_out=0.8270 discrete_mse=70.982613 best_discrete=5.347113 hash=False elapsed=35.3s
step   400/700 tau=0.1351 loss=0.285682 mse_soft=0.285266 ent_in=1.0373 ent_out=0.3508 rowmax_in=0.5440 rowmax_out=0.8251 discrete_mse=181.425644 best_discrete=5.347113 hash=False elapsed=37.6s
step   425/700 tau=0.1192 loss=0.286402 mse_soft=0.285987 ent_in=1.0342 ent_out=0.3512 rowmax_in=0.5452 rowmax_out=0.8233 discrete_mse=181.425644 best_discrete=5.347113 hash=False elapsed=39.9s
step   450/700 tau=0.1051 loss=0.285305 mse_soft=0.284891 ent_in=1.0290 ent_out=0.3501 rowmax_in=0.5453 rowmax_out=0.8250 discrete_mse=181.425644 best_discrete=5.347113 hash=False elapsed=42.2s
step   475/700 tau=0.0928 loss=0.286535 mse_soft=0.286122 ent_in=1.0253 ent_out=0.3522 rowmax_in=0.5459 rowmax_out=0.8239 discrete_mse=441.304596 best_discrete=5.347113 hash=False elapsed=44.7s
step   500/700 tau=0.0818 loss=0.286305 mse_soft=0.285891 ent_in=1.0277 ent_out=0.3532 rowmax_in=0.5441 rowmax_out=0.8227 discrete_mse=441.304596 best_discrete=5.347113 hash=False elapsed=47.0s
step   525/700 tau=0.0722 loss=0.334831 mse_soft=0.334423 ent_in=1.0074 ent_out=0.3514 rowmax_in=0.5446 rowmax_out=0.8199 discrete_mse=172.445465 best_discrete=5.347113 hash=False elapsed=49.2s
step   550/700 tau=0.0637 loss=0.294158 mse_soft=0.293771 ent_in=0.9517 ent_out=0.3362 rowmax_in=0.5687 rowmax_out=0.8260 discrete_mse=67.071800 best_discrete=5.347113 hash=False elapsed=51.5s
step   575/700 tau=0.0562 loss=0.308913 mse_soft=0.308535 ent_in=0.9342 ent_out=0.3275 rowmax_in=0.5846 rowmax_out=0.8287 discrete_mse=15.919029 best_discrete=5.347113 hash=False elapsed=53.7s
step   600/700 tau=0.0495 loss=0.316140 mse_soft=0.315765 ent_in=0.9197 ent_out=0.3308 rowmax_in=0.5737 rowmax_out=0.8196 discrete_mse=230.158722 best_discrete=5.347113 hash=False elapsed=56.2s
step   625/700 tau=0.0437 loss=0.331228 mse_soft=0.330856 ent_in=0.9147 ent_out=0.3236 rowmax_in=0.5911 rowmax_out=0.8286 discrete_mse=23.786644 best_discrete=5.347113 hash=False elapsed=58.5s
step   650/700 tau=0.0386 loss=0.360121 mse_soft=0.359760 ent_in=0.8822 ent_out=0.3203 rowmax_in=0.5900 rowmax_out=0.8352 discrete_mse=28.828943 best_discrete=5.347113 hash=False elapsed=60.8s
step   675/700 tau=0.0340 loss=0.381056 mse_soft=0.380791 ent_in=0.6597 ent_out=0.2241 rowmax_in=0.6814 rowmax_out=0.8965 discrete_mse=11.501640 best_discrete=5.347113 hash=False elapsed=63.0s
step   700/700 tau=0.0300 loss=0.406685 mse_soft=0.406437 ent_in=0.6061 ent_out=0.2219 rowmax_in=0.7146 rowmax_out=0.8931 discrete_mse=6.805875 best_discrete=5.347113 hash=False elapsed=65.2s

Final metrics:
  soft_mse_full=0.399200
  rowmax_in_mean=0.7159
  rowmax_out_mean=0.8950
  ent_in_mean=0.6060
  ent_out_mean=0.2199
  final_discrete_mse=7.824550
  hash_match=False
  best_discrete_mse_seen=5.347113
Saved results to overnight_b059_j3.json
