Using device: cuda
Train rows: 10000 / Full rows: 10000, steps=700, lr=0.015
step     1/700 tau=1.0000 loss=1.064135 mse_soft=1.063360 ent_in=3.8712 ent_out=3.8712 rowmax_in=0.0213 rowmax_out=0.0213 discrete_mse=57.431061 best_discrete=57.431061 hash=False elapsed=0.5s
step    25/700 tau=0.8810 loss=0.971923 mse_soft=0.971164 ent_in=3.7930 ent_out=3.8054 rowmax_in=0.0329 rowmax_out=0.0323 discrete_mse=2201.916748 best_discrete=57.431061 hash=False elapsed=2.6s
step    50/700 tau=0.7721 loss=0.785941 mse_soft=0.785233 ent_in=3.5137 ent_out=3.5653 rowmax_in=0.0557 rowmax_out=0.0546 discrete_mse=1927.978760 best_discrete=57.431061 hash=False elapsed=5.0s
step    75/700 tau=0.6767 loss=0.644020 mse_soft=0.643384 ent_in=3.1313 ent_out=3.2312 rowmax_in=0.0951 rowmax_out=0.0912 discrete_mse=4379.376465 best_discrete=57.431061 hash=False elapsed=7.4s
step   100/700 tau=0.5931 loss=0.534222 mse_soft=0.533667 ent_in=2.7164 ent_out=2.8308 rowmax_in=0.1808 rowmax_out=0.1670 discrete_mse=1390.598511 best_discrete=57.431061 hash=False elapsed=9.8s
step   125/700 tau=0.5198 loss=0.438325 mse_soft=0.437889 ent_in=2.1884 ent_out=2.1708 rowmax_in=0.3038 rowmax_out=0.3207 discrete_mse=931.799988 best_discrete=57.431061 hash=False elapsed=12.2s
step   150/700 tau=0.4555 loss=0.379879 mse_soft=0.379545 ent_in=1.8043 ent_out=1.5385 rowmax_in=0.3796 rowmax_out=0.5037 discrete_mse=939.775269 best_discrete=57.431061 hash=False elapsed=14.6s
step   175/700 tau=0.3992 loss=0.346036 mse_soft=0.345771 ent_in=1.5835 ent_out=1.0665 rowmax_in=0.4205 rowmax_out=0.6315 discrete_mse=543.391968 best_discrete=57.431061 hash=False elapsed=16.9s
step   200/700 tau=0.3499 loss=0.326732 mse_soft=0.326512 ent_in=1.4363 ent_out=0.7630 rowmax_in=0.4464 rowmax_out=0.7320 discrete_mse=1376.994995 best_discrete=57.431061 hash=False elapsed=19.3s
step   225/700 tau=0.3066 loss=0.310763 mse_soft=0.310579 ent_in=1.3161 ent_out=0.5208 rowmax_in=0.4736 rowmax_out=0.8052 discrete_mse=141.321548 best_discrete=57.431061 hash=False elapsed=21.6s
step   250/700 tau=0.2687 loss=0.302319 mse_soft=0.302152 ent_in=1.2517 ent_out=0.4180 rowmax_in=0.4923 rowmax_out=0.8207 discrete_mse=420.110992 best_discrete=57.431061 hash=False elapsed=23.8s
step   275/700 tau=0.2355 loss=0.299738 mse_soft=0.299579 ent_in=1.2062 ent_out=0.3782 rowmax_in=0.5007 rowmax_out=0.8279 discrete_mse=420.110992 best_discrete=57.431061 hash=False elapsed=26.4s
step   300/700 tau=0.2064 loss=0.295476 mse_soft=0.295323 ent_in=1.1791 ent_out=0.3508 rowmax_in=0.5076 rowmax_out=0.8384 discrete_mse=477.830536 best_discrete=57.431061 hash=False elapsed=28.7s
step   325/700 tau=0.1809 loss=0.293224 mse_soft=0.293076 ent_in=1.1557 ent_out=0.3206 rowmax_in=0.5119 rowmax_out=0.8577 discrete_mse=749.520996 best_discrete=57.431061 hash=False elapsed=31.0s
step   350/700 tau=0.1585 loss=0.291952 mse_soft=0.291807 ent_in=1.1364 ent_out=0.3145 rowmax_in=0.5170 rowmax_out=0.8579 discrete_mse=967.812988 best_discrete=57.431061 hash=False elapsed=33.1s
step   375/700 tau=0.1389 loss=0.293275 mse_soft=0.293132 ent_in=1.1165 ent_out=0.3063 rowmax_in=0.5190 rowmax_out=0.8627 discrete_mse=647.069458 best_discrete=57.431061 hash=False elapsed=35.4s
step   400/700 tau=0.1218 loss=0.290559 mse_soft=0.290417 ent_in=1.1079 ent_out=0.3055 rowmax_in=0.5200 rowmax_out=0.8617 discrete_mse=558.698914 best_discrete=57.431061 hash=False elapsed=37.7s
step   425/700 tau=0.1067 loss=0.293426 mse_soft=0.293285 ent_in=1.1011 ent_out=0.3026 rowmax_in=0.5204 rowmax_out=0.8615 discrete_mse=435.605499 best_discrete=57.431061 hash=False elapsed=40.2s
step   450/700 tau=0.0935 loss=0.293406 mse_soft=0.293267 ent_in=1.0971 ent_out=0.2994 rowmax_in=0.5196 rowmax_out=0.8625 discrete_mse=648.711487 best_discrete=57.431061 hash=False elapsed=42.7s
step   475/700 tau=0.0820 loss=0.295272 mse_soft=0.295134 ent_in=1.0916 ent_out=0.2934 rowmax_in=0.5214 rowmax_out=0.8641 discrete_mse=669.038513 best_discrete=57.431061 hash=False elapsed=45.0s
step   500/700 tau=0.0718 loss=0.292084 mse_soft=0.291945 ent_in=1.0934 ent_out=0.2943 rowmax_in=0.5179 rowmax_out=0.8598 discrete_mse=669.038513 best_discrete=57.431061 hash=False elapsed=47.4s
step   525/700 tau=0.0630 loss=0.301319 mse_soft=0.301181 ent_in=1.0890 ent_out=0.2878 rowmax_in=0.5172 rowmax_out=0.8605 discrete_mse=315.087555 best_discrete=57.431061 hash=False elapsed=49.8s
step   550/700 tau=0.0552 loss=0.305542 mse_soft=0.305405 ent_in=1.0889 ent_out=0.2836 rowmax_in=0.5167 rowmax_out=0.8587 discrete_mse=380.558350 best_discrete=57.431061 hash=False elapsed=52.1s
step   575/700 tau=0.0484 loss=0.294525 mse_soft=0.294388 ent_in=1.0894 ent_out=0.2795 rowmax_in=0.5167 rowmax_out=0.8663 discrete_mse=435.605499 best_discrete=57.431061 hash=False elapsed=54.4s
step   600/700 tau=0.0424 loss=0.306850 mse_soft=0.306712 ent_in=1.0957 ent_out=0.2795 rowmax_in=0.5137 rowmax_out=0.8611 discrete_mse=215.700699 best_discrete=57.431061 hash=False elapsed=56.6s
step   625/700 tau=0.0371 loss=0.299404 mse_soft=0.299269 ent_in=1.0747 ent_out=0.2723 rowmax_in=0.5224 rowmax_out=0.8674 discrete_mse=275.563171 best_discrete=57.431061 hash=False elapsed=58.9s
step   650/700 tau=0.0325 loss=0.345798 mse_soft=0.345678 ent_in=0.9716 ent_out=0.2341 rowmax_in=0.5477 rowmax_out=0.8777 discrete_mse=53.719555 best_discrete=53.719555 hash=False elapsed=61.1s
step   675/700 tau=0.0285 loss=0.340447 mse_soft=0.340327 ent_in=0.9493 ent_out=0.2497 rowmax_in=0.5344 rowmax_out=0.8629 discrete_mse=360.852051 best_discrete=53.719555 hash=False elapsed=63.4s
step   700/700 tau=0.0250 loss=0.352247 mse_soft=0.352152 ent_in=0.7495 ent_out=0.2079 rowmax_in=0.6314 rowmax_out=0.8875 discrete_mse=32.332001 best_discrete=32.332001 hash=False elapsed=65.6s

Final metrics:
  soft_mse_full=0.362882
  rowmax_in_mean=0.6223
  rowmax_out_mean=0.8883
  ent_in_mean=0.7565
  ent_out_mean=0.2041
  final_discrete_mse=32.332001
  hash_match=False
  best_discrete_mse_seen=32.332001
Saved results to overnight_b152_j4.json
