Using device: cuda
Train rows: 10000 / Full rows: 10000, steps=700, lr=0.02
step     1/700 tau=1.0000 loss=1.065718 mse_soft=1.063395 ent_in=3.8712 ent_out=3.8712 rowmax_in=0.0213 rowmax_out=0.0213 discrete_mse=39.066505 best_discrete=39.066505 hash=False elapsed=0.5s
step    25/700 tau=0.8866 loss=0.934930 mse_soft=0.932679 ent_in=3.7426 ent_out=3.7625 rowmax_in=0.0373 rowmax_out=0.0364 discrete_mse=2314.669922 best_discrete=39.066505 hash=False elapsed=2.5s
step    50/700 tau=0.7821 loss=0.709511 mse_soft=0.707475 ent_in=3.3636 ent_out=3.4219 rowmax_in=0.0699 rowmax_out=0.0677 discrete_mse=20803.417969 best_discrete=39.066505 hash=False elapsed=4.8s
step    75/700 tau=0.6899 loss=0.585291 mse_soft=0.583496 ent_in=2.9363 ent_out=3.0464 rowmax_in=0.1308 rowmax_out=0.1251 discrete_mse=1297.900513 best_discrete=39.066505 hash=False elapsed=7.0s
step   100/700 tau=0.6086 loss=0.469636 mse_soft=0.468191 ent_in=2.3926 ent_out=2.4228 rowmax_in=0.2421 rowmax_out=0.2522 discrete_mse=52.943249 best_discrete=39.066505 hash=False elapsed=9.2s
step   125/700 tau=0.5368 loss=0.382649 mse_soft=0.381600 ent_in=1.8062 ent_out=1.6895 rowmax_in=0.4008 rowmax_out=0.4610 discrete_mse=469.499176 best_discrete=39.066505 hash=False elapsed=11.3s
step   150/700 tau=0.4736 loss=0.329812 mse_soft=0.329054 ent_in=1.4453 ent_out=1.0803 rowmax_in=0.4919 rowmax_out=0.6593 discrete_mse=287.707123 best_discrete=39.066505 hash=False elapsed=13.7s
step   175/700 tau=0.4177 loss=0.305301 mse_soft=0.304730 ent_in=1.2150 ent_out=0.6911 rowmax_in=0.5513 rowmax_out=0.7744 discrete_mse=192.155823 best_discrete=39.066505 hash=False elapsed=15.9s
step   200/700 tau=0.3685 loss=0.294116 mse_soft=0.293635 ent_in=1.1110 ent_out=0.4920 rowmax_in=0.5686 rowmax_out=0.8350 discrete_mse=129.922073 best_discrete=39.066505 hash=False elapsed=18.1s
step   225/700 tau=0.3251 loss=0.288981 mse_soft=0.288535 ent_in=1.0680 ent_out=0.4189 rowmax_in=0.5754 rowmax_out=0.8517 discrete_mse=316.175720 best_discrete=39.066505 hash=False elapsed=20.4s
step   250/700 tau=0.2868 loss=0.287145 mse_soft=0.286719 ent_in=1.0389 ent_out=0.3813 rowmax_in=0.5805 rowmax_out=0.8573 discrete_mse=317.223816 best_discrete=39.066505 hash=False elapsed=22.7s
step   275/700 tau=0.2530 loss=0.283667 mse_soft=0.283258 ent_in=1.0070 ent_out=0.3590 rowmax_in=0.5863 rowmax_out=0.8579 discrete_mse=96.482155 best_discrete=39.066505 hash=False elapsed=25.0s
step   300/700 tau=0.2231 loss=0.281966 mse_soft=0.281566 ent_in=0.9907 ent_out=0.3433 rowmax_in=0.5897 rowmax_out=0.8624 discrete_mse=96.482155 best_discrete=39.066505 hash=False elapsed=27.1s
step   325/700 tau=0.1968 loss=0.279974 mse_soft=0.279583 ent_in=0.9716 ent_out=0.3297 rowmax_in=0.5972 rowmax_out=0.8649 discrete_mse=69.158287 best_discrete=39.066505 hash=False elapsed=29.6s
step   350/700 tau=0.1736 loss=0.279273 mse_soft=0.278887 ent_in=0.9595 ent_out=0.3257 rowmax_in=0.5984 rowmax_out=0.8619 discrete_mse=69.158287 best_discrete=39.066505 hash=False elapsed=31.8s
step   375/700 tau=0.1532 loss=0.278641 mse_soft=0.278260 ent_in=0.9519 ent_out=0.3160 rowmax_in=0.5999 rowmax_out=0.8641 discrete_mse=78.711784 best_discrete=39.066505 hash=False elapsed=34.2s
step   400/700 tau=0.1351 loss=0.279398 mse_soft=0.279020 ent_in=0.9449 ent_out=0.3132 rowmax_in=0.6010 rowmax_out=0.8638 discrete_mse=78.711784 best_discrete=39.066505 hash=False elapsed=36.4s
step   425/700 tau=0.1192 loss=0.283007 mse_soft=0.282631 ent_in=0.9464 ent_out=0.3067 rowmax_in=0.5996 rowmax_out=0.8658 discrete_mse=69.158287 best_discrete=39.066505 hash=False elapsed=38.5s
step   450/700 tau=0.1051 loss=0.282632 mse_soft=0.282258 ent_in=0.9441 ent_out=0.3028 rowmax_in=0.5999 rowmax_out=0.8663 discrete_mse=78.711784 best_discrete=39.066505 hash=False elapsed=40.7s
step   475/700 tau=0.0928 loss=0.292037 mse_soft=0.291671 ent_in=0.9325 ent_out=0.2852 rowmax_in=0.6021 rowmax_out=0.8776 discrete_mse=8.957105 best_discrete=8.957105 hash=False elapsed=42.7s
step   500/700 tau=0.0818 loss=0.280336 mse_soft=0.279970 ent_in=0.9244 ent_out=0.2946 rowmax_in=0.6052 rowmax_out=0.8675 discrete_mse=41.622356 best_discrete=8.957105 hash=False elapsed=44.9s
step   525/700 tau=0.0722 loss=0.280063 mse_soft=0.279700 ent_in=0.9226 ent_out=0.2887 rowmax_in=0.6067 rowmax_out=0.8698 discrete_mse=69.158287 best_discrete=8.957105 hash=False elapsed=47.1s
step   550/700 tau=0.0637 loss=0.296102 mse_soft=0.295778 ent_in=0.8381 ent_out=0.2421 rowmax_in=0.6313 rowmax_out=0.8906 discrete_mse=39.632885 best_discrete=8.957105 hash=False elapsed=49.3s
step   575/700 tau=0.0562 loss=0.315143 mse_soft=0.314809 ent_in=0.8696 ent_out=0.2428 rowmax_in=0.6160 rowmax_out=0.8926 discrete_mse=141.411102 best_discrete=8.957105 hash=False elapsed=51.6s
step   600/700 tau=0.0495 loss=0.296794 mse_soft=0.296469 ent_in=0.8323 ent_out=0.2494 rowmax_in=0.6256 rowmax_out=0.8843 discrete_mse=142.635788 best_discrete=8.957105 hash=False elapsed=53.8s
step   625/700 tau=0.0437 loss=0.330509 mse_soft=0.330191 ent_in=0.8350 ent_out=0.2236 rowmax_in=0.6275 rowmax_out=0.9063 discrete_mse=249.248642 best_discrete=8.957105 hash=False elapsed=56.2s
step   650/700 tau=0.0386 loss=0.397014 mse_soft=0.396784 ent_in=0.6106 ent_out=0.1567 rowmax_in=0.7013 rowmax_out=0.9266 discrete_mse=121.936310 best_discrete=8.957105 hash=False elapsed=58.3s
step   675/700 tau=0.0340 loss=0.366359 mse_soft=0.366152 ent_in=0.5558 ent_out=0.1359 rowmax_in=0.7318 rowmax_out=0.9429 discrete_mse=20.692886 best_discrete=8.957105 hash=False elapsed=60.4s
step   700/700 tau=0.0300 loss=0.350533 mse_soft=0.350327 ent_in=0.5549 ent_out=0.1317 rowmax_in=0.7324 rowmax_out=0.9396 discrete_mse=26.696690 best_discrete=8.957105 hash=False elapsed=62.5s

Final metrics:
  soft_mse_full=0.359563
  rowmax_in_mean=0.7494
  rowmax_out_mean=0.9416
  ent_in_mean=0.5421
  ent_out_mean=0.1303
  final_discrete_mse=24.536371
  hash_match=False
  best_discrete_mse_seen=8.957105
Saved results to overnight_b247_j3.json
