Using device: cuda
Train rows: 4096 / Full rows: 10000, steps=900, lr=0.03
step     1/900 tau=1.0000 loss=1.092269 mse_soft=1.089947 ent_in=3.8712 ent_out=3.8712 rowmax_in=0.0213 rowmax_out=0.0213 discrete_mse=27.789749 best_discrete=27.789749 hash=False elapsed=0.6s
step    25/900 tau=0.9090 loss=0.881322 mse_soft=0.879132 ent_in=3.6320 ent_out=3.6691 rowmax_in=0.0455 rowmax_out=0.0435 discrete_mse=16227.401367 best_discrete=27.789749 hash=False elapsed=2.8s
step    50/900 tau=0.8229 loss=0.659213 mse_soft=0.657307 ent_in=3.1330 ent_out=3.2208 rowmax_in=0.0917 rowmax_out=0.0882 discrete_mse=6626.809570 best_discrete=27.789749 hash=False elapsed=5.1s
step    75/900 tau=0.7450 loss=0.518099 mse_soft=0.516514 ent_in=2.6112 ent_out=2.6741 rowmax_in=0.2063 rowmax_out=0.1962 discrete_mse=145.611176 best_discrete=27.789749 hash=False elapsed=7.5s
step   100/900 tau=0.6745 loss=0.417325 mse_soft=0.416143 ent_in=2.0220 ent_out=1.9180 rowmax_in=0.3471 rowmax_out=0.4004 discrete_mse=16.826622 best_discrete=16.826622 hash=False elapsed=10.0s
step   125/900 tau=0.6107 loss=0.349753 mse_soft=0.348899 ent_in=1.5997 ent_out=1.2486 rowmax_in=0.4418 rowmax_out=0.6100 discrete_mse=1942.873901 best_discrete=16.826622 hash=False elapsed=12.3s
step   150/900 tau=0.5529 loss=0.317475 mse_soft=0.316817 ent_in=1.4038 ent_out=0.7881 rowmax_in=0.4817 rowmax_out=0.7427 discrete_mse=1082.364990 best_discrete=16.826622 hash=False elapsed=14.5s
step   175/900 tau=0.5006 loss=0.300983 mse_soft=0.300439 ent_in=1.3075 ent_out=0.5053 rowmax_in=0.4923 rowmax_out=0.8237 discrete_mse=93.057838 best_discrete=16.826622 hash=False elapsed=16.7s
step   200/900 tau=0.4532 loss=0.292863 mse_soft=0.292359 ent_in=1.2686 ent_out=0.4131 rowmax_in=0.4949 rowmax_out=0.8462 discrete_mse=290.755585 best_discrete=16.826622 hash=False elapsed=18.8s
step   225/900 tau=0.4103 loss=0.288664 mse_soft=0.288181 ent_in=1.2336 ent_out=0.3758 rowmax_in=0.4981 rowmax_out=0.8504 discrete_mse=557.206604 best_discrete=16.826622 hash=False elapsed=21.0s
step   250/900 tau=0.3715 loss=0.285156 mse_soft=0.284688 ent_in=1.2038 ent_out=0.3562 rowmax_in=0.5036 rowmax_out=0.8527 discrete_mse=424.317139 best_discrete=16.826622 hash=False elapsed=23.2s
step   275/900 tau=0.3363 loss=0.283442 mse_soft=0.282983 ent_in=1.1836 ent_out=0.3460 rowmax_in=0.5034 rowmax_out=0.8555 discrete_mse=603.001404 best_discrete=16.826622 hash=False elapsed=25.3s
step   300/900 tau=0.3045 loss=0.282115 mse_soft=0.281665 ent_in=1.1697 ent_out=0.3292 rowmax_in=0.5040 rowmax_out=0.8608 discrete_mse=381.658844 best_discrete=16.826622 hash=False elapsed=27.6s
step   325/900 tau=0.2756 loss=0.281512 mse_soft=0.281068 ent_in=1.1600 ent_out=0.3181 rowmax_in=0.5084 rowmax_out=0.8641 discrete_mse=603.001404 best_discrete=16.826622 hash=False elapsed=29.9s
step   350/900 tau=0.2496 loss=0.282816 mse_soft=0.282375 ent_in=1.1585 ent_out=0.3108 rowmax_in=0.5094 rowmax_out=0.8668 discrete_mse=469.396088 best_discrete=16.826622 hash=False elapsed=32.1s
step   375/900 tau=0.2259 loss=0.281341 mse_soft=0.280904 ent_in=1.1551 ent_out=0.3028 rowmax_in=0.5111 rowmax_out=0.8683 discrete_mse=1062.547852 best_discrete=16.826622 hash=False elapsed=34.3s
step   400/900 tau=0.2046 loss=0.280818 mse_soft=0.280384 ent_in=1.1503 ent_out=0.2988 rowmax_in=0.5140 rowmax_out=0.8682 discrete_mse=1062.547852 best_discrete=16.826622 hash=False elapsed=36.6s
step   425/900 tau=0.1852 loss=0.279799 mse_soft=0.279368 ent_in=1.1414 ent_out=0.2953 rowmax_in=0.5182 rowmax_out=0.8701 discrete_mse=1062.547852 best_discrete=16.826622 hash=False elapsed=38.9s
step   450/900 tau=0.1677 loss=0.283453 mse_soft=0.283025 ent_in=1.1370 ent_out=0.2891 rowmax_in=0.5201 rowmax_out=0.8709 discrete_mse=600.830322 best_discrete=16.826622 hash=False elapsed=41.0s
step   475/900 tau=0.1518 loss=0.283006 mse_soft=0.282580 ent_in=1.1365 ent_out=0.2820 rowmax_in=0.5209 rowmax_out=0.8740 discrete_mse=235.567596 best_discrete=16.826622 hash=False elapsed=43.3s
step   500/900 tau=0.1374 loss=0.279353 mse_soft=0.278931 ent_in=1.1251 ent_out=0.2795 rowmax_in=0.5226 rowmax_out=0.8743 discrete_mse=235.567596 best_discrete=16.826622 hash=False elapsed=45.6s
step   525/900 tau=0.1244 loss=0.286051 mse_soft=0.285632 ent_in=1.1204 ent_out=0.2756 rowmax_in=0.5226 rowmax_out=0.8754 discrete_mse=983.618774 best_discrete=16.826622 hash=False elapsed=47.9s
step   550/900 tau=0.1126 loss=0.292789 mse_soft=0.292389 ent_in=1.0565 ent_out=0.2766 rowmax_in=0.5471 rowmax_out=0.8699 discrete_mse=225.002945 best_discrete=16.826622 hash=False elapsed=50.2s
step   575/900 tau=0.1020 loss=0.283870 mse_soft=0.283461 ent_in=1.0926 ent_out=0.2716 rowmax_in=0.5303 rowmax_out=0.8755 discrete_mse=896.180359 best_discrete=16.826622 hash=False elapsed=52.6s
step   600/900 tau=0.0923 loss=0.298038 mse_soft=0.297627 ent_in=1.0906 ent_out=0.2798 rowmax_in=0.5298 rowmax_out=0.8689 discrete_mse=344.746216 best_discrete=16.826622 hash=False elapsed=55.0s
step   625/900 tau=0.0836 loss=0.308543 mse_soft=0.308137 ent_in=1.0717 ent_out=0.2794 rowmax_in=0.5395 rowmax_out=0.8665 discrete_mse=458.051483 best_discrete=16.826622 hash=False elapsed=57.2s
step   650/900 tau=0.0757 loss=0.283269 mse_soft=0.282863 ent_in=1.0663 ent_out=0.2858 rowmax_in=0.5335 rowmax_out=0.8607 discrete_mse=326.608856 best_discrete=16.826622 hash=False elapsed=59.3s
step   675/900 tau=0.0685 loss=0.334534 mse_soft=0.334131 ent_in=1.0602 ent_out=0.2833 rowmax_in=0.5305 rowmax_out=0.8610 discrete_mse=205.725769 best_discrete=16.826622 hash=False elapsed=61.5s
step   700/900 tau=0.0620 loss=0.313790 mse_soft=0.313427 ent_in=0.9588 ent_out=0.2508 rowmax_in=0.5786 rowmax_out=0.8707 discrete_mse=552.739197 best_discrete=16.826622 hash=False elapsed=63.8s
step   725/900 tau=0.0562 loss=0.351789 mse_soft=0.351436 ent_in=0.9191 ent_out=0.2567 rowmax_in=0.5746 rowmax_out=0.8701 discrete_mse=148.567551 best_discrete=16.826622 hash=False elapsed=66.2s
step   750/900 tau=0.0508 loss=0.348741 mse_soft=0.348423 ent_in=0.7995 ent_out=0.2600 rowmax_in=0.6006 rowmax_out=0.8610 discrete_mse=157.327774 best_discrete=16.826622 hash=False elapsed=68.4s
step   775/900 tau=0.0460 loss=0.346664 mse_soft=0.346387 ent_in=0.6967 ent_out=0.2263 rowmax_in=0.6467 rowmax_out=0.8723 discrete_mse=79.442795 best_discrete=16.826622 hash=False elapsed=70.5s
step   800/900 tau=0.0417 loss=0.329723 mse_soft=0.329444 ent_in=0.7100 ent_out=0.2214 rowmax_in=0.6379 rowmax_out=0.8723 discrete_mse=180.363068 best_discrete=16.826622 hash=False elapsed=72.6s
step   825/900 tau=0.0377 loss=0.344546 mse_soft=0.344282 ent_in=0.6624 ent_out=0.2168 rowmax_in=0.6441 rowmax_out=0.8730 discrete_mse=73.264038 best_discrete=16.826622 hash=False elapsed=74.9s
step   850/900 tau=0.0342 loss=0.364175 mse_soft=0.363934 ent_in=0.5955 ent_out=0.2087 rowmax_in=0.6671 rowmax_out=0.8829 discrete_mse=340.456665 best_discrete=16.826622 hash=False elapsed=76.9s
step   875/900 tau=0.0309 loss=0.420536 mse_soft=0.420357 ent_in=0.4148 ent_out=0.1830 rowmax_in=0.7752 rowmax_out=0.8990 discrete_mse=149.765884 best_discrete=16.826622 hash=False elapsed=79.1s
step   900/900 tau=0.0280 loss=0.428603 mse_soft=0.428432 ent_in=0.3788 ent_out=0.1924 rowmax_in=0.8002 rowmax_out=0.8928 discrete_mse=218.063721 best_discrete=16.826622 hash=False elapsed=81.2s

Final metrics:
  soft_mse_full=0.443679
  rowmax_in_mean=0.7944
  rowmax_out_mean=0.8942
  ent_in_mean=0.3837
  ent_out_mean=0.1916
  final_discrete_mse=269.515289
  hash_match=False
  best_discrete_mse_seen=16.826622
Saved results to overnight_b197_j2.json
