Using device: cuda
Train rows: 10000 / Full rows: 10000, steps=700, lr=0.02
step     1/700 tau=1.0000 loss=1.065742 mse_soft=1.063420 ent_in=3.8712 ent_out=3.8712 rowmax_in=0.0213 rowmax_out=0.0213 discrete_mse=81.396065 best_discrete=81.396065 hash=False elapsed=0.5s
step    25/700 tau=0.8866 loss=0.935261 mse_soft=0.933010 ent_in=3.7422 ent_out=3.7627 rowmax_in=0.0369 rowmax_out=0.0363 discrete_mse=2068.500000 best_discrete=81.396065 hash=False elapsed=2.8s
step    50/700 tau=0.7821 loss=0.711425 mse_soft=0.709389 ent_in=3.3619 ent_out=3.4232 rowmax_in=0.0685 rowmax_out=0.0665 discrete_mse=2333.815430 best_discrete=81.396065 hash=False elapsed=5.2s
step    75/700 tau=0.6899 loss=0.589509 mse_soft=0.587705 ent_in=2.9490 ent_out=3.0633 rowmax_in=0.1326 rowmax_out=0.1217 discrete_mse=1686.828735 best_discrete=81.396065 hash=False elapsed=7.7s
step   100/700 tau=0.6086 loss=0.468709 mse_soft=0.467263 ent_in=2.3977 ent_out=2.4229 rowmax_in=0.2562 rowmax_out=0.2546 discrete_mse=1480.220703 best_discrete=81.396065 hash=False elapsed=10.0s
step   125/700 tau=0.5368 loss=0.385748 mse_soft=0.384690 ent_in=1.8412 ent_out=1.6865 rowmax_in=0.3992 rowmax_out=0.4630 discrete_mse=6554.886719 best_discrete=81.396065 hash=False elapsed=12.6s
step   150/700 tau=0.4736 loss=0.339655 mse_soft=0.338840 ent_in=1.5478 ent_out=1.1684 rowmax_in=0.4549 rowmax_out=0.6144 discrete_mse=1532.094604 best_discrete=81.396065 hash=False elapsed=15.0s
step   175/700 tau=0.4177 loss=0.315080 mse_soft=0.314408 ent_in=1.3710 ent_out=0.8685 rowmax_in=0.4830 rowmax_out=0.7007 discrete_mse=2627.526123 best_discrete=81.396065 hash=False elapsed=17.4s
step   200/700 tau=0.3685 loss=0.302736 mse_soft=0.302143 ent_in=1.2776 ent_out=0.6996 rowmax_in=0.5000 rowmax_out=0.7282 discrete_mse=1515.773315 best_discrete=81.396065 hash=False elapsed=19.6s
step   225/700 tau=0.3251 loss=0.295537 mse_soft=0.294990 ent_in=1.2340 ent_out=0.5905 rowmax_in=0.4997 rowmax_out=0.7519 discrete_mse=680.744873 best_discrete=81.396065 hash=False elapsed=21.8s
step   250/700 tau=0.2868 loss=0.291498 mse_soft=0.290978 ent_in=1.1993 ent_out=0.5323 rowmax_in=0.5039 rowmax_out=0.7649 discrete_mse=1949.494385 best_discrete=81.396065 hash=False elapsed=24.1s
step   275/700 tau=0.2530 loss=0.288165 mse_soft=0.287659 ent_in=1.1765 ent_out=0.5109 rowmax_in=0.5063 rowmax_out=0.7714 discrete_mse=1504.849854 best_discrete=81.396065 hash=False elapsed=26.2s
step   300/700 tau=0.2231 loss=0.286237 mse_soft=0.285743 ent_in=1.1600 ent_out=0.4872 rowmax_in=0.5092 rowmax_out=0.7809 discrete_mse=3857.095215 best_discrete=81.396065 hash=False elapsed=28.5s
step   325/700 tau=0.1968 loss=0.284240 mse_soft=0.283757 ent_in=1.1528 ent_out=0.4561 rowmax_in=0.5104 rowmax_out=0.7913 discrete_mse=3658.642334 best_discrete=81.396065 hash=False elapsed=30.5s
step   350/700 tau=0.1736 loss=0.282104 mse_soft=0.281633 ent_in=1.1394 ent_out=0.4322 rowmax_in=0.5170 rowmax_out=0.7989 discrete_mse=3658.642334 best_discrete=81.396065 hash=False elapsed=32.9s
step   375/700 tau=0.1532 loss=0.284984 mse_soft=0.284517 ent_in=1.1362 ent_out=0.4197 rowmax_in=0.5142 rowmax_out=0.8018 discrete_mse=3658.642334 best_discrete=81.396065 hash=False elapsed=35.0s
step   400/700 tau=0.1351 loss=0.284056 mse_soft=0.283592 ent_in=1.1362 ent_out=0.4079 rowmax_in=0.5112 rowmax_out=0.8042 discrete_mse=3658.642334 best_discrete=81.396065 hash=False elapsed=37.2s
step   425/700 tau=0.1192 loss=0.283744 mse_soft=0.283286 ent_in=1.1268 ent_out=0.3999 rowmax_in=0.5119 rowmax_out=0.8053 discrete_mse=3235.263184 best_discrete=81.396065 hash=False elapsed=39.5s
step   450/700 tau=0.1051 loss=0.288788 mse_soft=0.288334 ent_in=1.1203 ent_out=0.3927 rowmax_in=0.5157 rowmax_out=0.8064 discrete_mse=4137.044922 best_discrete=81.396065 hash=False elapsed=41.7s
step   475/700 tau=0.0928 loss=0.283799 mse_soft=0.283347 ent_in=1.1199 ent_out=0.3870 rowmax_in=0.5130 rowmax_out=0.8077 discrete_mse=4137.044922 best_discrete=81.396065 hash=False elapsed=43.9s
step   500/700 tau=0.0818 loss=0.302892 mse_soft=0.302472 ent_in=1.0705 ent_out=0.3292 rowmax_in=0.5291 rowmax_out=0.8381 discrete_mse=872.448975 best_discrete=81.396065 hash=False elapsed=46.0s
step   525/700 tau=0.0722 loss=0.292558 mse_soft=0.292152 ent_in=1.0343 ent_out=0.3183 rowmax_in=0.5330 rowmax_out=0.8337 discrete_mse=1753.985107 best_discrete=81.396065 hash=False elapsed=48.5s
step   550/700 tau=0.0637 loss=0.286945 mse_soft=0.286549 ent_in=1.0134 ent_out=0.3064 rowmax_in=0.5367 rowmax_out=0.8361 discrete_mse=497.252075 best_discrete=81.396065 hash=False elapsed=50.6s
step   575/700 tau=0.0562 loss=0.292833 mse_soft=0.292454 ent_in=0.9829 ent_out=0.2800 rowmax_in=0.5506 rowmax_out=0.8462 discrete_mse=2473.005859 best_discrete=81.396065 hash=False elapsed=52.6s
step   600/700 tau=0.0495 loss=0.308466 mse_soft=0.308094 ent_in=0.9593 ent_out=0.2824 rowmax_in=0.5646 rowmax_out=0.8427 discrete_mse=724.159424 best_discrete=81.396065 hash=False elapsed=54.6s
step   625/700 tau=0.0437 loss=0.295309 mse_soft=0.294943 ent_in=0.9471 ent_out=0.2729 rowmax_in=0.5600 rowmax_out=0.8485 discrete_mse=126.141670 best_discrete=81.396065 hash=False elapsed=56.8s
step   650/700 tau=0.0386 loss=0.362907 mse_soft=0.362579 ent_in=0.8337 ent_out=0.2594 rowmax_in=0.6174 rowmax_out=0.8592 discrete_mse=1057.902222 best_discrete=81.396065 hash=False elapsed=59.0s
step   675/700 tau=0.0340 loss=0.395181 mse_soft=0.394928 ent_in=0.5982 ent_out=0.2459 rowmax_in=0.7030 rowmax_out=0.8752 discrete_mse=328.636505 best_discrete=81.396065 hash=False elapsed=61.3s
step   700/700 tau=0.0300 loss=0.356392 mse_soft=0.356150 ent_in=0.5816 ent_out=0.2240 rowmax_in=0.6946 rowmax_out=0.8844 discrete_mse=150.224899 best_discrete=81.396065 hash=False elapsed=63.5s

Final metrics:
  soft_mse_full=0.354669
  rowmax_in_mean=0.6971
  rowmax_out_mean=0.8876
  ent_in_mean=0.5811
  ent_out_mean=0.2193
  final_discrete_mse=236.567093
  hash_match=False
  best_discrete_mse_seen=81.396065
Saved results to overnight_b243_j3.json
