Using device: cuda
Train rows: 10000 / Full rows: 10000, steps=700, lr=0.015
step     1/700 tau=1.0000 loss=1.064176 mse_soft=1.063402 ent_in=3.8712 ent_out=3.8712 rowmax_in=0.0213 rowmax_out=0.0213 discrete_mse=10.890986 best_discrete=10.890986 hash=False elapsed=0.5s
step    25/700 tau=0.8810 loss=0.972312 mse_soft=0.971552 ent_in=3.7931 ent_out=3.8052 rowmax_in=0.0329 rowmax_out=0.0324 discrete_mse=4829.810059 best_discrete=10.890986 hash=False elapsed=2.6s
step    50/700 tau=0.7721 loss=0.785691 mse_soft=0.784983 ent_in=3.5136 ent_out=3.5645 rowmax_in=0.0563 rowmax_out=0.0544 discrete_mse=2634.367188 best_discrete=10.890986 hash=False elapsed=5.0s
step    75/700 tau=0.6767 loss=0.641692 mse_soft=0.641055 ent_in=3.1352 ent_out=3.2290 rowmax_in=0.0945 rowmax_out=0.0932 discrete_mse=1938.446899 best_discrete=10.890986 hash=False elapsed=7.3s
step   100/700 tau=0.5931 loss=0.530228 mse_soft=0.529673 ent_in=2.7218 ent_out=2.8242 rowmax_in=0.1756 rowmax_out=0.1708 discrete_mse=342.578369 best_discrete=10.890986 hash=False elapsed=9.8s
step   125/700 tau=0.5198 loss=0.435489 mse_soft=0.435050 ent_in=2.1963 ent_out=2.1891 rowmax_in=0.2962 rowmax_out=0.3170 discrete_mse=4382.139160 best_discrete=10.890986 hash=False elapsed=12.1s
step   150/700 tau=0.4555 loss=0.370049 mse_soft=0.369708 ent_in=1.8013 ent_out=1.6091 rowmax_in=0.3851 rowmax_out=0.4610 discrete_mse=3227.517822 best_discrete=10.890986 hash=False elapsed=14.3s
step   175/700 tau=0.3992 loss=0.333326 mse_soft=0.333058 ent_in=1.5583 ent_out=1.1190 rowmax_in=0.4345 rowmax_out=0.6190 discrete_mse=1450.203979 best_discrete=10.890986 hash=False elapsed=16.7s
step   200/700 tau=0.3499 loss=0.314363 mse_soft=0.314139 ent_in=1.3940 ent_out=0.8430 rowmax_in=0.4684 rowmax_out=0.6902 discrete_mse=525.132996 best_discrete=10.890986 hash=False elapsed=19.3s
step   225/700 tau=0.3066 loss=0.304671 mse_soft=0.304468 ent_in=1.3144 ent_out=0.7154 rowmax_in=0.4835 rowmax_out=0.7241 discrete_mse=309.518494 best_discrete=10.890986 hash=False elapsed=21.6s
step   250/700 tau=0.2687 loss=0.297835 mse_soft=0.297647 ent_in=1.2705 ent_out=0.6155 rowmax_in=0.4942 rowmax_out=0.7651 discrete_mse=121.304298 best_discrete=10.890986 hash=False elapsed=24.3s
step   275/700 tau=0.2355 loss=0.291903 mse_soft=0.291727 ent_in=1.2223 ent_out=0.5375 rowmax_in=0.5091 rowmax_out=0.7878 discrete_mse=419.874725 best_discrete=10.890986 hash=False elapsed=26.6s
step   300/700 tau=0.2064 loss=0.290406 mse_soft=0.290239 ent_in=1.1924 ent_out=0.4767 rowmax_in=0.5192 rowmax_out=0.8051 discrete_mse=318.070587 best_discrete=10.890986 hash=False elapsed=28.7s
step   325/700 tau=0.1809 loss=0.284880 mse_soft=0.284719 ent_in=1.1704 ent_out=0.4365 rowmax_in=0.5200 rowmax_out=0.8210 discrete_mse=94.519432 best_discrete=10.890986 hash=False elapsed=30.9s
step   350/700 tau=0.1585 loss=0.286013 mse_soft=0.285857 ent_in=1.1489 ent_out=0.4017 rowmax_in=0.5214 rowmax_out=0.8321 discrete_mse=94.519432 best_discrete=10.890986 hash=False elapsed=33.3s
step   375/700 tau=0.1389 loss=0.281202 mse_soft=0.281051 ent_in=1.1347 ent_out=0.3791 rowmax_in=0.5246 rowmax_out=0.8378 discrete_mse=43.010761 best_discrete=10.890986 hash=False elapsed=35.4s
step   400/700 tau=0.1218 loss=0.283158 mse_soft=0.283009 ent_in=1.1246 ent_out=0.3623 rowmax_in=0.5241 rowmax_out=0.8420 discrete_mse=187.563644 best_discrete=10.890986 hash=False elapsed=37.5s
step   425/700 tau=0.1067 loss=0.282693 mse_soft=0.282546 ent_in=1.1183 ent_out=0.3476 rowmax_in=0.5238 rowmax_out=0.8474 discrete_mse=150.418549 best_discrete=10.890986 hash=False elapsed=39.7s
step   450/700 tau=0.0935 loss=0.281083 mse_soft=0.280939 ent_in=1.1009 ent_out=0.3353 rowmax_in=0.5296 rowmax_out=0.8519 discrete_mse=150.418549 best_discrete=10.890986 hash=False elapsed=42.1s
step   475/700 tau=0.0820 loss=0.286340 mse_soft=0.286199 ent_in=1.0878 ent_out=0.3302 rowmax_in=0.5318 rowmax_out=0.8515 discrete_mse=131.182617 best_discrete=10.890986 hash=False elapsed=44.3s
step   500/700 tau=0.0718 loss=0.282227 mse_soft=0.282087 ent_in=1.0790 ent_out=0.3227 rowmax_in=0.5343 rowmax_out=0.8532 discrete_mse=131.182617 best_discrete=10.890986 hash=False elapsed=46.5s
step   525/700 tau=0.0630 loss=0.282766 mse_soft=0.282630 ent_in=1.0525 ent_out=0.3087 rowmax_in=0.5411 rowmax_out=0.8605 discrete_mse=132.090408 best_discrete=10.890986 hash=False elapsed=48.7s
step   550/700 tau=0.0552 loss=0.290871 mse_soft=0.290737 ent_in=1.0446 ent_out=0.2985 rowmax_in=0.5383 rowmax_out=0.8677 discrete_mse=42.699562 best_discrete=10.890986 hash=False elapsed=51.0s
step   575/700 tau=0.0484 loss=0.287578 mse_soft=0.287448 ent_in=1.0229 ent_out=0.2804 rowmax_in=0.5551 rowmax_out=0.8728 discrete_mse=101.542709 best_discrete=10.890986 hash=False elapsed=53.3s
step   600/700 tau=0.0424 loss=0.280323 mse_soft=0.280197 ent_in=0.9998 ent_out=0.2599 rowmax_in=0.5591 rowmax_out=0.8839 discrete_mse=165.409897 best_discrete=10.890986 hash=False elapsed=55.6s
step   625/700 tau=0.0371 loss=0.286935 mse_soft=0.286808 ent_in=1.0058 ent_out=0.2665 rowmax_in=0.5509 rowmax_out=0.8796 discrete_mse=57.606834 best_discrete=10.890986 hash=False elapsed=57.8s
step   650/700 tau=0.0325 loss=0.353222 mse_soft=0.353114 ent_in=0.8442 ent_out=0.2357 rowmax_in=0.6131 rowmax_out=0.8837 discrete_mse=303.637817 best_discrete=10.890986 hash=False elapsed=60.1s
step   675/700 tau=0.0285 loss=0.371071 mse_soft=0.370989 ent_in=0.5822 ent_out=0.2413 rowmax_in=0.7160 rowmax_out=0.8768 discrete_mse=131.691299 best_discrete=10.890986 hash=False elapsed=62.4s
step   700/700 tau=0.0250 loss=0.359133 mse_soft=0.359056 ent_in=0.5246 ent_out=0.2405 rowmax_in=0.7304 rowmax_out=0.8716 discrete_mse=38.468861 best_discrete=10.890986 hash=False elapsed=64.9s

Final metrics:
  soft_mse_full=0.356917
  rowmax_in_mean=0.7280
  rowmax_out_mean=0.8721
  ent_in_mean=0.5246
  ent_out_mean=0.2392
  final_discrete_mse=125.883369
  hash_match=False
  best_discrete_mse_seen=10.890986
Saved results to overnight_b148_j4.json
