Using device: cuda
Train rows: 10000 / Full rows: 10000, steps=700, lr=0.015
step     1/700 tau=1.0000 loss=1.064178 mse_soft=1.063404 ent_in=3.8712 ent_out=3.8712 rowmax_in=0.0213 rowmax_out=0.0213 discrete_mse=2.403585 best_discrete=2.403585 hash=False elapsed=0.5s
step    25/700 tau=0.8810 loss=0.971978 mse_soft=0.971218 ent_in=3.7934 ent_out=3.8053 rowmax_in=0.0330 rowmax_out=0.0322 discrete_mse=1807.204712 best_discrete=2.403585 hash=False elapsed=2.8s
step    50/700 tau=0.7721 loss=0.785576 mse_soft=0.784868 ent_in=3.5163 ent_out=3.5643 rowmax_in=0.0563 rowmax_out=0.0543 discrete_mse=8464.965820 best_discrete=2.403585 hash=False elapsed=5.0s
step    75/700 tau=0.6767 loss=0.643950 mse_soft=0.643313 ent_in=3.1357 ent_out=3.2342 rowmax_in=0.0968 rowmax_out=0.0919 discrete_mse=4079.461182 best_discrete=2.403585 hash=False elapsed=7.2s
step   100/700 tau=0.5931 loss=0.534927 mse_soft=0.534371 ent_in=2.7325 ent_out=2.8248 rowmax_in=0.1818 rowmax_out=0.1730 discrete_mse=2124.841064 best_discrete=2.403585 hash=False elapsed=9.6s
step   125/700 tau=0.5198 loss=0.443082 mse_soft=0.442641 ent_in=2.2257 ent_out=2.1870 rowmax_in=0.2903 rowmax_out=0.3130 discrete_mse=627.491211 best_discrete=2.403585 hash=False elapsed=11.9s
step   150/700 tau=0.4555 loss=0.375634 mse_soft=0.375301 ent_in=1.7771 ent_out=1.5515 rowmax_in=0.3956 rowmax_out=0.4956 discrete_mse=1090.470215 best_discrete=2.403585 hash=False elapsed=14.1s
step   175/700 tau=0.3992 loss=0.333263 mse_soft=0.333007 ent_in=1.5470 ent_out=1.0154 rowmax_in=0.4269 rowmax_out=0.6616 discrete_mse=346.194153 best_discrete=2.403585 hash=False elapsed=16.4s
step   200/700 tau=0.3499 loss=0.313663 mse_soft=0.313453 ent_in=1.3921 ent_out=0.7106 rowmax_in=0.4600 rowmax_out=0.7314 discrete_mse=233.367340 best_discrete=2.403585 hash=False elapsed=18.7s
step   225/700 tau=0.3066 loss=0.303485 mse_soft=0.303301 ent_in=1.2825 ent_out=0.5605 rowmax_in=0.4928 rowmax_out=0.7692 discrete_mse=98.645020 best_discrete=2.403585 hash=False elapsed=21.1s
step   250/700 tau=0.2687 loss=0.296255 mse_soft=0.296088 ent_in=1.2021 ent_out=0.4637 rowmax_in=0.5113 rowmax_out=0.7913 discrete_mse=82.322090 best_discrete=2.403585 hash=False elapsed=23.6s
step   275/700 tau=0.2355 loss=0.291004 mse_soft=0.290848 ent_in=1.1441 ent_out=0.4094 rowmax_in=0.5244 rowmax_out=0.8098 discrete_mse=180.015747 best_discrete=2.403585 hash=False elapsed=26.0s
step   300/700 tau=0.2064 loss=0.287641 mse_soft=0.287492 ent_in=1.1051 ent_out=0.3829 rowmax_in=0.5347 rowmax_out=0.8280 discrete_mse=49.885944 best_discrete=2.403585 hash=False elapsed=28.5s
step   325/700 tau=0.1809 loss=0.284344 mse_soft=0.284203 ent_in=1.0602 ent_out=0.3440 rowmax_in=0.5399 rowmax_out=0.8414 discrete_mse=67.226158 best_discrete=2.403585 hash=False elapsed=30.7s
step   350/700 tau=0.1585 loss=0.281936 mse_soft=0.281801 ent_in=1.0375 ent_out=0.3125 rowmax_in=0.5418 rowmax_out=0.8434 discrete_mse=123.469299 best_discrete=2.403585 hash=False elapsed=32.9s
step   375/700 tau=0.1389 loss=0.282085 mse_soft=0.281952 ent_in=1.0273 ent_out=0.2994 rowmax_in=0.5446 rowmax_out=0.8423 discrete_mse=123.469299 best_discrete=2.403585 hash=False elapsed=35.3s
step   400/700 tau=0.1218 loss=0.281544 mse_soft=0.281413 ent_in=1.0229 ent_out=0.2942 rowmax_in=0.5452 rowmax_out=0.8426 discrete_mse=94.119644 best_discrete=2.403585 hash=False elapsed=37.6s
step   425/700 tau=0.1067 loss=0.281024 mse_soft=0.280892 ent_in=1.0221 ent_out=0.2930 rowmax_in=0.5474 rowmax_out=0.8426 discrete_mse=94.119644 best_discrete=2.403585 hash=False elapsed=40.0s
step   450/700 tau=0.0935 loss=0.283198 mse_soft=0.283067 ent_in=1.0162 ent_out=0.2901 rowmax_in=0.5464 rowmax_out=0.8446 discrete_mse=165.496277 best_discrete=2.403585 hash=False elapsed=42.5s
step   475/700 tau=0.0820 loss=0.281100 mse_soft=0.280971 ent_in=1.0091 ent_out=0.2858 rowmax_in=0.5492 rowmax_out=0.8464 discrete_mse=94.119644 best_discrete=2.403585 hash=False elapsed=44.8s
step   500/700 tau=0.0718 loss=0.282363 mse_soft=0.282235 ent_in=1.0011 ent_out=0.2781 rowmax_in=0.5525 rowmax_out=0.8505 discrete_mse=180.248947 best_discrete=2.403585 hash=False elapsed=47.2s
step   525/700 tau=0.0630 loss=0.284185 mse_soft=0.284059 ent_in=0.9910 ent_out=0.2679 rowmax_in=0.5568 rowmax_out=0.8543 discrete_mse=94.119644 best_discrete=2.403585 hash=False elapsed=49.6s
step   550/700 tau=0.0552 loss=0.280095 mse_soft=0.279970 ent_in=0.9879 ent_out=0.2614 rowmax_in=0.5529 rowmax_out=0.8560 discrete_mse=94.119644 best_discrete=2.403585 hash=False elapsed=52.1s
step   575/700 tau=0.0484 loss=0.284539 mse_soft=0.284416 ent_in=0.9775 ent_out=0.2598 rowmax_in=0.5568 rowmax_out=0.8565 discrete_mse=109.406372 best_discrete=2.403585 hash=False elapsed=54.6s
step   600/700 tau=0.0424 loss=0.282535 mse_soft=0.282413 ent_in=0.9650 ent_out=0.2539 rowmax_in=0.5554 rowmax_out=0.8607 discrete_mse=86.019608 best_discrete=2.403585 hash=False elapsed=57.0s
step   625/700 tau=0.0371 loss=0.349923 mse_soft=0.349824 ent_in=0.7637 ent_out=0.2251 rowmax_in=0.6322 rowmax_out=0.8752 discrete_mse=29.443283 best_discrete=2.403585 hash=False elapsed=59.5s
step   650/700 tau=0.0325 loss=0.305195 mse_soft=0.305098 ent_in=0.7694 ent_out=0.2028 rowmax_in=0.6176 rowmax_out=0.9064 discrete_mse=103.671776 best_discrete=2.403585 hash=False elapsed=61.7s
step   675/700 tau=0.0285 loss=0.299686 mse_soft=0.299588 ent_in=0.7733 ent_out=0.2075 rowmax_in=0.6157 rowmax_out=0.8981 discrete_mse=60.041298 best_discrete=2.403585 hash=False elapsed=63.9s
step   700/700 tau=0.0250 loss=0.302104 mse_soft=0.302010 ent_in=0.7561 ent_out=0.1860 rowmax_in=0.6161 rowmax_out=0.9078 discrete_mse=41.845387 best_discrete=2.403585 hash=False elapsed=66.4s

Final metrics:
  soft_mse_full=0.302305
  rowmax_in_mean=0.6196
  rowmax_out_mean=0.9111
  ent_in_mean=0.7553
  ent_out_mean=0.1855
  final_discrete_mse=60.394848
  hash_match=False
  best_discrete_mse_seen=2.403585
Saved results to overnight_b163_j4.json
