Using device: cuda
Train rows: 4096 / Full rows: 10000, steps=900, lr=0.03
step     1/900 tau=1.0000 loss=1.070992 mse_soft=1.068670 ent_in=3.8712 ent_out=3.8712 rowmax_in=0.0213 rowmax_out=0.0213 discrete_mse=151.319672 best_discrete=151.319672 hash=False elapsed=0.5s
step    25/900 tau=0.9090 loss=0.860902 mse_soft=0.858713 ent_in=3.6328 ent_out=3.6665 rowmax_in=0.0457 rowmax_out=0.0445 discrete_mse=17218.072266 best_discrete=151.319672 hash=False elapsed=2.9s
step    50/900 tau=0.8229 loss=0.640731 mse_soft=0.638823 ent_in=3.1306 ent_out=3.2277 rowmax_in=0.0937 rowmax_out=0.0867 discrete_mse=5799.779297 best_discrete=151.319672 hash=False elapsed=5.4s
step    75/900 tau=0.7450 loss=0.505338 mse_soft=0.503744 ent_in=2.6164 ent_out=2.6975 rowmax_in=0.2042 rowmax_out=0.1923 discrete_mse=2335.498779 best_discrete=151.319672 hash=False elapsed=7.9s
step   100/900 tau=0.6745 loss=0.390714 mse_soft=0.389569 ent_in=1.9891 ent_out=1.8290 rowmax_in=0.3692 rowmax_out=0.4136 discrete_mse=125.547607 best_discrete=125.547607 hash=False elapsed=10.3s
step   125/900 tau=0.6107 loss=0.332555 mse_soft=0.331738 ent_in=1.5468 ent_out=1.1749 rowmax_in=0.4673 rowmax_out=0.6036 discrete_mse=148.189301 best_discrete=125.547607 hash=False elapsed=12.9s
step   150/900 tau=0.5529 loss=0.308635 mse_soft=0.307980 ent_in=1.3135 ent_out=0.8699 rowmax_in=0.5297 rowmax_out=0.6867 discrete_mse=163.788162 best_discrete=125.547607 hash=False elapsed=15.3s
step   175/900 tau=0.5006 loss=0.295053 mse_soft=0.294482 ent_in=1.1924 ent_out=0.7119 rowmax_in=0.5538 rowmax_out=0.7319 discrete_mse=8.742540 best_discrete=8.742540 hash=False elapsed=17.5s
step   200/900 tau=0.4532 loss=0.283691 mse_soft=0.283165 ent_in=1.1161 ent_out=0.6355 rowmax_in=0.5738 rowmax_out=0.7591 discrete_mse=379.175629 best_discrete=8.742540 hash=False elapsed=19.8s
step   225/900 tau=0.4103 loss=0.274184 mse_soft=0.273691 ent_in=1.0442 ent_out=0.5963 rowmax_in=0.5968 rowmax_out=0.7681 discrete_mse=173.365799 best_discrete=8.742540 hash=False elapsed=22.2s
step   250/900 tau=0.3715 loss=0.268423 mse_soft=0.267952 ent_in=1.0122 ent_out=0.5597 rowmax_in=0.6007 rowmax_out=0.7774 discrete_mse=173.365799 best_discrete=8.742540 hash=False elapsed=24.5s
step   275/900 tau=0.3363 loss=0.266479 mse_soft=0.266022 ent_in=0.9932 ent_out=0.5303 rowmax_in=0.6022 rowmax_out=0.7823 discrete_mse=173.365799 best_discrete=8.742540 hash=False elapsed=26.8s
step   300/900 tau=0.3045 loss=0.264584 mse_soft=0.264132 ent_in=0.9820 ent_out=0.5220 rowmax_in=0.6036 rowmax_out=0.7794 discrete_mse=101.422508 best_discrete=8.742540 hash=False elapsed=29.1s
step   325/900 tau=0.2756 loss=0.267463 mse_soft=0.267015 ent_in=0.9754 ent_out=0.5153 rowmax_in=0.6026 rowmax_out=0.7802 discrete_mse=101.422508 best_discrete=8.742540 hash=False elapsed=31.5s
step   350/900 tau=0.2496 loss=0.264415 mse_soft=0.263971 ent_in=0.9701 ent_out=0.5113 rowmax_in=0.6017 rowmax_out=0.7791 discrete_mse=173.365799 best_discrete=8.742540 hash=False elapsed=33.8s
step   375/900 tau=0.2259 loss=0.263398 mse_soft=0.262958 ent_in=0.9635 ent_out=0.5051 rowmax_in=0.6034 rowmax_out=0.7795 discrete_mse=173.365799 best_discrete=8.742540 hash=False elapsed=35.9s
step   400/900 tau=0.2046 loss=0.264643 mse_soft=0.264206 ent_in=0.9627 ent_out=0.4956 rowmax_in=0.6027 rowmax_out=0.7828 discrete_mse=173.365799 best_discrete=8.742540 hash=False elapsed=38.3s
step   425/900 tau=0.1852 loss=0.267320 mse_soft=0.266887 ent_in=0.9548 ent_out=0.4878 rowmax_in=0.6084 rowmax_out=0.7836 discrete_mse=101.422508 best_discrete=8.742540 hash=False elapsed=40.7s
step   450/900 tau=0.1677 loss=0.268215 mse_soft=0.267784 ent_in=0.9595 ent_out=0.4770 rowmax_in=0.6036 rowmax_out=0.7870 discrete_mse=173.365799 best_discrete=8.742540 hash=False elapsed=43.2s
step   475/900 tau=0.1518 loss=0.263002 mse_soft=0.262572 ent_in=0.9565 ent_out=0.4745 rowmax_in=0.6040 rowmax_out=0.7852 discrete_mse=101.422508 best_discrete=8.742540 hash=False elapsed=45.6s
step   500/900 tau=0.1374 loss=0.276583 mse_soft=0.276157 ent_in=0.9555 ent_out=0.4646 rowmax_in=0.6049 rowmax_out=0.7915 discrete_mse=101.422508 best_discrete=8.742540 hash=False elapsed=47.8s
step   525/900 tau=0.1244 loss=0.267296 mse_soft=0.266870 ent_in=0.9527 ent_out=0.4671 rowmax_in=0.6069 rowmax_out=0.7893 discrete_mse=15.724713 best_discrete=8.742540 hash=False elapsed=50.2s
step   550/900 tau=0.1126 loss=0.262885 mse_soft=0.262461 ent_in=0.9541 ent_out=0.4572 rowmax_in=0.6061 rowmax_out=0.7947 discrete_mse=15.724713 best_discrete=8.742540 hash=False elapsed=52.5s
step   575/900 tau=0.1020 loss=0.265144 mse_soft=0.264725 ent_in=0.9442 ent_out=0.4515 rowmax_in=0.6091 rowmax_out=0.7933 discrete_mse=6.241354 best_discrete=6.241354 hash=False elapsed=54.8s
step   600/900 tau=0.0923 loss=0.283017 mse_soft=0.282602 ent_in=0.9402 ent_out=0.4452 rowmax_in=0.6140 rowmax_out=0.7954 discrete_mse=36.625515 best_discrete=6.241354 hash=False elapsed=57.1s
step   625/900 tau=0.0836 loss=0.267686 mse_soft=0.267271 ent_in=0.9446 ent_out=0.4382 rowmax_in=0.6096 rowmax_out=0.7972 discrete_mse=6.241354 best_discrete=6.241354 hash=False elapsed=59.4s
step   650/900 tau=0.0757 loss=0.275160 mse_soft=0.274746 ent_in=0.9407 ent_out=0.4380 rowmax_in=0.6101 rowmax_out=0.7949 discrete_mse=6.241354 best_discrete=6.241354 hash=False elapsed=61.8s
step   675/900 tau=0.0685 loss=0.287955 mse_soft=0.287539 ent_in=0.9491 ent_out=0.4384 rowmax_in=0.6029 rowmax_out=0.7910 discrete_mse=57.820572 best_discrete=6.241354 hash=False elapsed=64.3s
step   700/900 tau=0.0620 loss=0.308517 mse_soft=0.308150 ent_in=0.8317 ent_out=0.3934 rowmax_in=0.6231 rowmax_out=0.8155 discrete_mse=5.197499 best_discrete=5.197499 hash=False elapsed=66.6s
step   725/900 tau=0.0562 loss=0.317342 mse_soft=0.317006 ent_in=0.7420 ent_out=0.3785 rowmax_in=0.6661 rowmax_out=0.8164 discrete_mse=21.463375 best_discrete=5.197499 hash=False elapsed=68.9s
step   750/900 tau=0.0508 loss=0.296901 mse_soft=0.296552 ent_in=0.7649 ent_out=0.4005 rowmax_in=0.6484 rowmax_out=0.8036 discrete_mse=32.872044 best_discrete=5.197499 hash=False elapsed=71.1s
step   775/900 tau=0.0460 loss=0.295706 mse_soft=0.295349 ent_in=0.7770 ent_out=0.4101 rowmax_in=0.6322 rowmax_out=0.7942 discrete_mse=6.760930 best_discrete=5.197499 hash=False elapsed=73.2s
step   800/900 tau=0.0417 loss=0.349545 mse_soft=0.349279 ent_in=0.5800 ent_out=0.3059 rowmax_in=0.7163 rowmax_out=0.8526 discrete_mse=5.619462 best_discrete=5.197499 hash=False elapsed=75.5s
step   825/900 tau=0.0377 loss=0.323666 mse_soft=0.323419 ent_in=0.5681 ent_out=0.2544 rowmax_in=0.7122 rowmax_out=0.8839 discrete_mse=13.234972 best_discrete=5.197499 hash=False elapsed=77.7s
step   850/900 tau=0.0342 loss=0.313224 mse_soft=0.312984 ent_in=0.5516 ent_out=0.2504 rowmax_in=0.7161 rowmax_out=0.8843 discrete_mse=6.654217 best_discrete=5.197499 hash=False elapsed=80.0s
step   875/900 tau=0.0309 loss=0.377797 mse_soft=0.377605 ent_in=0.4775 ent_out=0.1612 rowmax_in=0.7284 rowmax_out=0.9302 discrete_mse=12.853899 best_discrete=5.197499 hash=False elapsed=82.3s
step   900/900 tau=0.0280 loss=0.386093 mse_soft=0.385907 ent_in=0.4768 ent_out=0.1438 rowmax_in=0.7218 rowmax_out=0.9397 discrete_mse=29.838909 best_discrete=5.197499 hash=False elapsed=84.5s

Final metrics:
  soft_mse_full=0.446519
  rowmax_in_mean=0.7319
  rowmax_out_mean=0.9345
  ent_in_mean=0.4621
  ent_out_mean=0.1508
  final_discrete_mse=41.351921
  hash_match=False
  best_discrete_mse_seen=5.197499
Saved results to overnight_b244_j2.json
