Using device: cuda
Train rows: 10000 / Full rows: 10000, steps=700, lr=0.02
step     1/700 tau=1.0000 loss=1.065735 mse_soft=1.063412 ent_in=3.8712 ent_out=3.8712 rowmax_in=0.0213 rowmax_out=0.0213 discrete_mse=223.682388 best_discrete=223.682388 hash=False elapsed=0.5s
step    25/700 tau=0.8866 loss=0.935215 mse_soft=0.932963 ent_in=3.7428 ent_out=3.7627 rowmax_in=0.0371 rowmax_out=0.0364 discrete_mse=1150.231812 best_discrete=223.682388 hash=False elapsed=2.7s
step    50/700 tau=0.7821 loss=0.712833 mse_soft=0.710796 ent_in=3.3627 ent_out=3.4251 rowmax_in=0.0683 rowmax_out=0.0669 discrete_mse=2702.166260 best_discrete=223.682388 hash=False elapsed=5.1s
step    75/700 tau=0.6899 loss=0.589440 mse_soft=0.587641 ent_in=2.9450 ent_out=3.0541 rowmax_in=0.1277 rowmax_out=0.1222 discrete_mse=362.973267 best_discrete=223.682388 hash=False elapsed=7.6s
step   100/700 tau=0.6086 loss=0.470236 mse_soft=0.468793 ent_in=2.4086 ent_out=2.4011 rowmax_in=0.2492 rowmax_out=0.2567 discrete_mse=395.685028 best_discrete=223.682388 hash=False elapsed=10.0s
step   125/700 tau=0.5368 loss=0.380376 mse_soft=0.379325 ent_in=1.8567 ent_out=1.6442 rowmax_in=0.3797 rowmax_out=0.4928 discrete_mse=1214.959229 best_discrete=223.682388 hash=False elapsed=12.5s
step   150/700 tau=0.4736 loss=0.336408 mse_soft=0.335636 ent_in=1.5199 ent_out=1.0542 rowmax_in=0.4515 rowmax_out=0.6618 discrete_mse=286.583557 best_discrete=223.682388 hash=False elapsed=15.1s
step   175/700 tau=0.4177 loss=0.317695 mse_soft=0.317072 ent_in=1.3822 ent_out=0.6948 rowmax_in=0.4570 rowmax_out=0.7637 discrete_mse=1172.361938 best_discrete=223.682388 hash=False elapsed=17.5s
step   200/700 tau=0.3685 loss=0.306899 mse_soft=0.306367 ent_in=1.3046 ent_out=0.4716 rowmax_in=0.4666 rowmax_out=0.8439 discrete_mse=1134.445435 best_discrete=223.682388 hash=False elapsed=20.1s
step   225/700 tau=0.3251 loss=0.302098 mse_soft=0.301612 ent_in=1.2582 ent_out=0.3618 rowmax_in=0.4715 rowmax_out=0.8744 discrete_mse=1426.449341 best_discrete=223.682388 hash=False elapsed=22.5s
step   250/700 tau=0.2868 loss=0.298259 mse_soft=0.297789 ent_in=1.2378 ent_out=0.3298 rowmax_in=0.4712 rowmax_out=0.8793 discrete_mse=1153.899170 best_discrete=223.682388 hash=False elapsed=24.7s
step   275/700 tau=0.2530 loss=0.296847 mse_soft=0.296394 ent_in=1.2203 ent_out=0.2930 rowmax_in=0.4728 rowmax_out=0.8884 discrete_mse=1153.899170 best_discrete=223.682388 hash=False elapsed=27.0s
step   300/700 tau=0.2231 loss=0.295136 mse_soft=0.294693 ent_in=1.2078 ent_out=0.2662 rowmax_in=0.4728 rowmax_out=0.8949 discrete_mse=1782.407959 best_discrete=223.682388 hash=False elapsed=29.2s
step   325/700 tau=0.1968 loss=0.292084 mse_soft=0.291651 ent_in=1.1993 ent_out=0.2429 rowmax_in=0.4752 rowmax_out=0.9006 discrete_mse=1545.226562 best_discrete=223.682388 hash=False elapsed=31.6s
step   350/700 tau=0.1736 loss=0.292488 mse_soft=0.292062 ent_in=1.1858 ent_out=0.2344 rowmax_in=0.4750 rowmax_out=0.9067 discrete_mse=1545.226562 best_discrete=223.682388 hash=False elapsed=33.9s
step   375/700 tau=0.1532 loss=0.292436 mse_soft=0.292016 ent_in=1.1706 ent_out=0.2275 rowmax_in=0.4792 rowmax_out=0.9124 discrete_mse=2924.609131 best_discrete=223.682388 hash=False elapsed=36.3s
step   400/700 tau=0.1351 loss=0.290711 mse_soft=0.290299 ent_in=1.1602 ent_out=0.2135 rowmax_in=0.4799 rowmax_out=0.9168 discrete_mse=2924.609131 best_discrete=223.682388 hash=False elapsed=38.8s
step   425/700 tau=0.1192 loss=0.290760 mse_soft=0.290352 ent_in=1.1539 ent_out=0.2059 rowmax_in=0.4801 rowmax_out=0.9185 discrete_mse=926.794067 best_discrete=223.682388 hash=False elapsed=41.4s
step   450/700 tau=0.1051 loss=0.297869 mse_soft=0.297463 ent_in=1.1494 ent_out=0.2053 rowmax_in=0.4774 rowmax_out=0.9183 discrete_mse=1231.686035 best_discrete=223.682388 hash=False elapsed=44.0s
step   475/700 tau=0.0928 loss=0.303489 mse_soft=0.303086 ent_in=1.1425 ent_out=0.2020 rowmax_in=0.4806 rowmax_out=0.9195 discrete_mse=1231.686035 best_discrete=223.682388 hash=False elapsed=46.5s
step   500/700 tau=0.0818 loss=0.316280 mse_soft=0.315879 ent_in=1.1395 ent_out=0.1975 rowmax_in=0.4782 rowmax_out=0.9216 discrete_mse=926.794067 best_discrete=223.682388 hash=False elapsed=49.0s
step   525/700 tau=0.0722 loss=0.308957 mse_soft=0.308558 ent_in=1.1310 ent_out=0.1975 rowmax_in=0.4835 rowmax_out=0.9199 discrete_mse=926.794067 best_discrete=223.682388 hash=False elapsed=51.4s
step   550/700 tau=0.0637 loss=0.307515 mse_soft=0.307123 ent_in=1.1215 ent_out=0.1877 rowmax_in=0.4847 rowmax_out=0.9250 discrete_mse=926.794067 best_discrete=223.682388 hash=False elapsed=53.6s
step   575/700 tau=0.0562 loss=0.307092 mse_soft=0.306710 ent_in=1.0815 ent_out=0.1922 rowmax_in=0.5016 rowmax_out=0.9183 discrete_mse=893.533447 best_discrete=223.682388 hash=False elapsed=55.9s
step   600/700 tau=0.0495 loss=0.324704 mse_soft=0.324338 ent_in=1.0459 ent_out=0.1762 rowmax_in=0.5132 rowmax_out=0.9279 discrete_mse=385.115936 best_discrete=223.682388 hash=False elapsed=58.3s
step   625/700 tau=0.0437 loss=0.381010 mse_soft=0.380671 ent_in=0.9708 ent_out=0.1615 rowmax_in=0.5540 rowmax_out=0.9351 discrete_mse=778.333435 best_discrete=223.682388 hash=False elapsed=60.6s
step   650/700 tau=0.0386 loss=0.377897 mse_soft=0.377641 ent_in=0.6995 ent_out=0.1546 rowmax_in=0.6861 rowmax_out=0.9311 discrete_mse=421.150391 best_discrete=223.682388 hash=False elapsed=62.9s
step   675/700 tau=0.0340 loss=0.344800 mse_soft=0.344537 ent_in=0.7311 ent_out=0.1446 rowmax_in=0.6549 rowmax_out=0.9372 discrete_mse=1126.935181 best_discrete=223.682388 hash=False elapsed=65.1s
step   700/700 tau=0.0300 loss=0.366470 mse_soft=0.366205 ent_in=0.7199 ent_out=0.1640 rowmax_in=0.6532 rowmax_out=0.9305 discrete_mse=454.104431 best_discrete=223.682388 hash=False elapsed=67.4s

Final metrics:
  soft_mse_full=0.611352
  rowmax_in_mean=0.6857
  rowmax_out_mean=0.9297
  ent_in_mean=0.6918
  ent_out_mean=0.1654
  final_discrete_mse=294.475220
  hash_match=False
  best_discrete_mse_seen=223.682388
Saved results to overnight_b174_j3.json
