Using device: cuda
Train rows: 4096 / Full rows: 10000, steps=900, lr=0.03
step     1/900 tau=1.0000 loss=1.058329 mse_soft=1.056006 ent_in=3.8711 ent_out=3.8712 rowmax_in=0.0213 rowmax_out=0.0213 discrete_mse=220.796967 best_discrete=220.796967 hash=False elapsed=0.5s
step    25/900 tau=0.9090 loss=0.853449 mse_soft=0.851259 ent_in=3.6337 ent_out=3.6673 rowmax_in=0.0449 rowmax_out=0.0448 discrete_mse=183.858719 best_discrete=183.858719 hash=False elapsed=3.0s
step    50/900 tau=0.8229 loss=0.642729 mse_soft=0.640820 ent_in=3.1388 ent_out=3.2274 rowmax_in=0.0907 rowmax_out=0.0891 discrete_mse=3359.851074 best_discrete=183.858719 hash=False elapsed=5.3s
step    75/900 tau=0.7450 loss=0.505385 mse_soft=0.503805 ent_in=2.6096 ent_out=2.6580 rowmax_in=0.2030 rowmax_out=0.2063 discrete_mse=1359.520996 best_discrete=183.858719 hash=False elapsed=7.7s
step   100/900 tau=0.6745 loss=0.405133 mse_soft=0.403962 ent_in=2.0467 ent_out=1.8554 rowmax_in=0.3320 rowmax_out=0.4079 discrete_mse=5234.753906 best_discrete=183.858719 hash=False elapsed=9.9s
step   125/900 tau=0.6107 loss=0.347069 mse_soft=0.346218 ent_in=1.6659 ent_out=1.1735 rowmax_in=0.4270 rowmax_out=0.6097 discrete_mse=878.280701 best_discrete=183.858719 hash=False elapsed=12.0s
step   150/900 tau=0.5529 loss=0.317376 mse_soft=0.316696 ent_in=1.4830 ent_out=0.7834 rowmax_in=0.4605 rowmax_out=0.7215 discrete_mse=395.875702 best_discrete=183.858719 hash=False elapsed=14.1s
step   175/900 tau=0.5006 loss=0.300603 mse_soft=0.300004 ent_in=1.3995 ent_out=0.5973 rowmax_in=0.4720 rowmax_out=0.7692 discrete_mse=1297.233276 best_discrete=183.858719 hash=False elapsed=16.3s
step   200/900 tau=0.4532 loss=0.290604 mse_soft=0.290041 ent_in=1.3561 ent_out=0.5226 rowmax_in=0.4725 rowmax_out=0.7887 discrete_mse=497.978302 best_discrete=183.858719 hash=False elapsed=18.5s
step   225/900 tau=0.4103 loss=0.282222 mse_soft=0.281699 ent_in=1.3160 ent_out=0.4289 rowmax_in=0.4699 rowmax_out=0.8246 discrete_mse=132.044144 best_discrete=132.044144 hash=False elapsed=20.7s
step   250/900 tau=0.3715 loss=0.277518 mse_soft=0.277028 ent_in=1.2759 ent_out=0.3584 rowmax_in=0.4752 rowmax_out=0.8448 discrete_mse=132.918915 best_discrete=132.044144 hash=False elapsed=22.9s
step   275/900 tau=0.3363 loss=0.274092 mse_soft=0.273618 ent_in=1.2580 ent_out=0.3232 rowmax_in=0.4750 rowmax_out=0.8559 discrete_mse=172.918320 best_discrete=132.044144 hash=False elapsed=25.2s
step   300/900 tau=0.3045 loss=0.272858 mse_soft=0.272394 ent_in=1.2440 ent_out=0.3037 rowmax_in=0.4728 rowmax_out=0.8618 discrete_mse=172.918320 best_discrete=132.044144 hash=False elapsed=27.5s
step   325/900 tau=0.2756 loss=0.272175 mse_soft=0.271720 ent_in=1.2297 ent_out=0.2867 rowmax_in=0.4731 rowmax_out=0.8689 discrete_mse=213.782700 best_discrete=132.044144 hash=False elapsed=29.8s
step   350/900 tau=0.2496 loss=0.268396 mse_soft=0.267949 ent_in=1.2137 ent_out=0.2764 rowmax_in=0.4771 rowmax_out=0.8747 discrete_mse=657.316711 best_discrete=132.044144 hash=False elapsed=32.0s
step   375/900 tau=0.2259 loss=0.268104 mse_soft=0.267660 ent_in=1.2069 ent_out=0.2739 rowmax_in=0.4796 rowmax_out=0.8740 discrete_mse=657.316711 best_discrete=132.044144 hash=False elapsed=34.1s
step   400/900 tau=0.2046 loss=0.267053 mse_soft=0.266611 ent_in=1.2037 ent_out=0.2714 rowmax_in=0.4797 rowmax_out=0.8761 discrete_mse=546.803101 best_discrete=132.044144 hash=False elapsed=36.4s
step   425/900 tau=0.1852 loss=0.270048 mse_soft=0.269608 ent_in=1.1950 ent_out=0.2696 rowmax_in=0.4818 rowmax_out=0.8767 discrete_mse=298.340942 best_discrete=132.044144 hash=False elapsed=39.0s
step   450/900 tau=0.1677 loss=0.270958 mse_soft=0.270522 ent_in=1.1914 ent_out=0.2637 rowmax_in=0.4808 rowmax_out=0.8795 discrete_mse=298.340942 best_discrete=132.044144 hash=False elapsed=41.6s
step   475/900 tau=0.1518 loss=0.266658 mse_soft=0.266224 ent_in=1.1868 ent_out=0.2589 rowmax_in=0.4808 rowmax_out=0.8816 discrete_mse=298.340942 best_discrete=132.044144 hash=False elapsed=44.0s
step   500/900 tau=0.1374 loss=0.270381 mse_soft=0.269948 ent_in=1.1814 ent_out=0.2590 rowmax_in=0.4823 rowmax_out=0.8817 discrete_mse=298.340942 best_discrete=132.044144 hash=False elapsed=46.2s
step   525/900 tau=0.1244 loss=0.269919 mse_soft=0.269490 ent_in=1.1747 ent_out=0.2545 rowmax_in=0.4824 rowmax_out=0.8865 discrete_mse=226.742798 best_discrete=132.044144 hash=False elapsed=48.2s
step   550/900 tau=0.1126 loss=0.271359 mse_soft=0.270933 ent_in=1.1667 ent_out=0.2541 rowmax_in=0.4859 rowmax_out=0.8868 discrete_mse=226.742798 best_discrete=132.044144 hash=False elapsed=50.7s
step   575/900 tau=0.1020 loss=0.308260 mse_soft=0.307850 ent_in=1.1585 ent_out=0.2087 rowmax_in=0.4919 rowmax_out=0.9164 discrete_mse=175.058350 best_discrete=132.044144 hash=False elapsed=53.0s
step   600/900 tau=0.0923 loss=0.277303 mse_soft=0.276889 ent_in=1.1539 ent_out=0.2251 rowmax_in=0.4875 rowmax_out=0.9022 discrete_mse=107.033394 best_discrete=107.033394 hash=False elapsed=55.2s
step   625/900 tau=0.0836 loss=0.284346 mse_soft=0.283933 ent_in=1.1409 ent_out=0.2351 rowmax_in=0.4906 rowmax_out=0.8950 discrete_mse=160.443054 best_discrete=107.033394 hash=False elapsed=57.6s
step   650/900 tau=0.0757 loss=0.270103 mse_soft=0.269690 ent_in=1.1452 ent_out=0.2309 rowmax_in=0.4878 rowmax_out=0.8960 discrete_mse=76.375320 best_discrete=76.375320 hash=False elapsed=60.0s
step   675/900 tau=0.0685 loss=0.309178 mse_soft=0.308774 ent_in=1.1434 ent_out=0.2060 rowmax_in=0.4903 rowmax_out=0.9117 discrete_mse=55.116879 best_discrete=55.116879 hash=False elapsed=62.3s
step   700/900 tau=0.0620 loss=0.336327 mse_soft=0.335933 ent_in=1.1040 ent_out=0.2090 rowmax_in=0.5120 rowmax_out=0.8993 discrete_mse=129.643448 best_discrete=55.116879 hash=False elapsed=64.6s
step   725/900 tau=0.0562 loss=0.358134 mse_soft=0.357839 ent_in=0.8330 ent_out=0.1505 rowmax_in=0.6090 rowmax_out=0.9388 discrete_mse=77.021149 best_discrete=55.116879 hash=False elapsed=66.9s
step   750/900 tau=0.0508 loss=0.308861 mse_soft=0.308596 ent_in=0.7890 ent_out=0.0962 rowmax_in=0.6088 rowmax_out=0.9672 discrete_mse=98.697769 best_discrete=55.116879 hash=False elapsed=69.2s
step   775/900 tau=0.0460 loss=0.326653 mse_soft=0.326398 ent_in=0.7507 ent_out=0.1018 rowmax_in=0.6276 rowmax_out=0.9615 discrete_mse=96.605728 best_discrete=55.116879 hash=False elapsed=71.2s
step   800/900 tau=0.0417 loss=0.306370 mse_soft=0.306104 ent_in=0.7700 ent_out=0.1151 rowmax_in=0.6168 rowmax_out=0.9523 discrete_mse=314.155792 best_discrete=55.116879 hash=False elapsed=73.3s
step   825/900 tau=0.0377 loss=0.549765 mse_soft=0.549629 ent_in=0.3809 ent_out=0.0709 rowmax_in=0.8337 rowmax_out=0.9760 discrete_mse=5.398770 best_discrete=5.398770 hash=False elapsed=75.6s
step   850/900 tau=0.0342 loss=0.450678 mse_soft=0.450556 ent_in=0.3850 ent_out=0.0226 rowmax_in=0.7951 rowmax_out=0.9947 discrete_mse=11.101652 best_discrete=5.398770 hash=False elapsed=77.7s
step   875/900 tau=0.0309 loss=0.438413 mse_soft=0.438285 ent_in=0.3885 ent_out=0.0396 rowmax_in=0.7899 rowmax_out=0.9855 discrete_mse=11.101652 best_discrete=5.398770 hash=False elapsed=79.9s
step   900/900 tau=0.0280 loss=0.437015 mse_soft=0.436886 ent_in=0.3873 ent_out=0.0425 rowmax_in=0.7909 rowmax_out=0.9826 discrete_mse=11.101652 best_discrete=5.398770 hash=False elapsed=82.3s

Final metrics:
  soft_mse_full=0.441391
  rowmax_in_mean=0.7906
  rowmax_out_mean=0.9834
  ent_in_mean=0.3876
  ent_out_mean=0.0418
  final_discrete_mse=11.101652
  hash_match=False
  best_discrete_mse_seen=5.398770
Saved results to overnight_b179_j2.json
