Using device: cuda
Train rows: 4096 / Full rows: 10000, steps=900, lr=0.03
step     1/900 tau=1.0000 loss=1.060132 mse_soft=1.057810 ent_in=3.8712 ent_out=3.8712 rowmax_in=0.0213 rowmax_out=0.0213 discrete_mse=31.940586 best_discrete=31.940586 hash=False elapsed=0.5s
step    25/900 tau=0.9090 loss=0.858610 mse_soft=0.856420 ent_in=3.6331 ent_out=3.6667 rowmax_in=0.0455 rowmax_out=0.0448 discrete_mse=1605.858887 best_discrete=31.940586 hash=False elapsed=2.6s
step    50/900 tau=0.8229 loss=0.651590 mse_soft=0.649683 ent_in=3.1321 ent_out=3.2239 rowmax_in=0.0930 rowmax_out=0.0877 discrete_mse=9548.581055 best_discrete=31.940586 hash=False elapsed=4.5s
step    75/900 tau=0.7450 loss=0.512620 mse_soft=0.511039 ent_in=2.6052 ent_out=2.6632 rowmax_in=0.2036 rowmax_out=0.1977 discrete_mse=877.832703 best_discrete=31.940586 hash=False elapsed=6.4s
step   100/900 tau=0.6745 loss=0.398500 mse_soft=0.397394 ent_in=1.9434 ent_out=1.7452 rowmax_in=0.3774 rowmax_out=0.4609 discrete_mse=134.393265 best_discrete=31.940586 hash=False elapsed=8.4s
step   125/900 tau=0.6107 loss=0.342954 mse_soft=0.342135 ent_in=1.5805 ent_out=1.1474 rowmax_in=0.4297 rowmax_out=0.6317 discrete_mse=1979.340698 best_discrete=31.940586 hash=False elapsed=10.5s
step   150/900 tau=0.5529 loss=0.319331 mse_soft=0.318666 ent_in=1.4021 ent_out=0.8153 rowmax_in=0.4563 rowmax_out=0.7345 discrete_mse=1271.619629 best_discrete=31.940586 hash=False elapsed=12.4s
step   175/900 tau=0.5006 loss=0.302615 mse_soft=0.302030 ent_in=1.3060 ent_out=0.6424 rowmax_in=0.4698 rowmax_out=0.7701 discrete_mse=811.738403 best_discrete=31.940586 hash=False elapsed=14.4s
step   200/900 tau=0.4532 loss=0.292757 mse_soft=0.292230 ent_in=1.2308 ent_out=0.5281 rowmax_in=0.4929 rowmax_out=0.7954 discrete_mse=122.924622 best_discrete=31.940586 hash=False elapsed=16.4s
step   225/900 tau=0.4103 loss=0.287215 mse_soft=0.286724 ent_in=1.1898 ent_out=0.4461 rowmax_in=0.5062 rowmax_out=0.8180 discrete_mse=55.558323 best_discrete=31.940586 hash=False elapsed=18.6s
step   250/900 tau=0.3715 loss=0.283028 mse_soft=0.282558 ent_in=1.1679 ent_out=0.3991 rowmax_in=0.5087 rowmax_out=0.8281 discrete_mse=144.634720 best_discrete=31.940586 hash=False elapsed=20.8s
step   275/900 tau=0.3363 loss=0.278875 mse_soft=0.278416 ent_in=1.1525 ent_out=0.3750 rowmax_in=0.5106 rowmax_out=0.8325 discrete_mse=164.122437 best_discrete=31.940586 hash=False elapsed=22.9s
step   300/900 tau=0.3045 loss=0.277598 mse_soft=0.277147 ent_in=1.1433 ent_out=0.3589 rowmax_in=0.5098 rowmax_out=0.8356 discrete_mse=164.122437 best_discrete=31.940586 hash=False elapsed=25.0s
step   325/900 tau=0.2756 loss=0.277583 mse_soft=0.277139 ent_in=1.1331 ent_out=0.3458 rowmax_in=0.5129 rowmax_out=0.8379 discrete_mse=164.122437 best_discrete=31.940586 hash=False elapsed=27.2s
step   350/900 tau=0.2496 loss=0.277785 mse_soft=0.277346 ent_in=1.1239 ent_out=0.3377 rowmax_in=0.5162 rowmax_out=0.8404 discrete_mse=769.955872 best_discrete=31.940586 hash=False elapsed=29.3s
step   375/900 tau=0.2259 loss=0.279321 mse_soft=0.278886 ent_in=1.1164 ent_out=0.3325 rowmax_in=0.5192 rowmax_out=0.8453 discrete_mse=724.026062 best_discrete=31.940586 hash=False elapsed=31.6s
step   400/900 tau=0.2046 loss=0.281894 mse_soft=0.281464 ent_in=1.1118 ent_out=0.3212 rowmax_in=0.5209 rowmax_out=0.8506 discrete_mse=769.493591 best_discrete=31.940586 hash=False elapsed=33.7s
step   425/900 tau=0.1852 loss=0.275678 mse_soft=0.275252 ent_in=1.1070 ent_out=0.3124 rowmax_in=0.5215 rowmax_out=0.8574 discrete_mse=603.272766 best_discrete=31.940586 hash=False elapsed=36.1s
step   450/900 tau=0.1677 loss=0.277519 mse_soft=0.277096 ent_in=1.1049 ent_out=0.3069 rowmax_in=0.5199 rowmax_out=0.8598 discrete_mse=769.493591 best_discrete=31.940586 hash=False elapsed=38.4s
step   475/900 tau=0.1518 loss=0.280615 mse_soft=0.280193 ent_in=1.1017 ent_out=0.3051 rowmax_in=0.5195 rowmax_out=0.8609 discrete_mse=769.493591 best_discrete=31.940586 hash=False elapsed=40.6s
step   500/900 tau=0.1374 loss=0.291310 mse_soft=0.290890 ent_in=1.0973 ent_out=0.3033 rowmax_in=0.5215 rowmax_out=0.8629 discrete_mse=676.905579 best_discrete=31.940586 hash=False elapsed=42.7s
step   525/900 tau=0.1244 loss=0.291024 mse_soft=0.290605 ent_in=1.0964 ent_out=0.3028 rowmax_in=0.5168 rowmax_out=0.8650 discrete_mse=179.465851 best_discrete=31.940586 hash=False elapsed=44.8s
step   550/900 tau=0.1126 loss=0.283390 mse_soft=0.282972 ent_in=1.0891 ent_out=0.3033 rowmax_in=0.5208 rowmax_out=0.8657 discrete_mse=315.868042 best_discrete=31.940586 hash=False elapsed=47.1s
step   575/900 tau=0.1020 loss=0.275735 mse_soft=0.275321 ent_in=1.0805 ent_out=0.2982 rowmax_in=0.5247 rowmax_out=0.8700 discrete_mse=179.465851 best_discrete=31.940586 hash=False elapsed=49.5s
step   600/900 tau=0.0923 loss=0.278904 mse_soft=0.278494 ent_in=1.0800 ent_out=0.2865 rowmax_in=0.5201 rowmax_out=0.8746 discrete_mse=135.979492 best_discrete=31.940586 hash=False elapsed=51.7s
step   625/900 tau=0.0836 loss=0.294207 mse_soft=0.293804 ent_in=1.0624 ent_out=0.2824 rowmax_in=0.5258 rowmax_out=0.8754 discrete_mse=127.493759 best_discrete=31.940586 hash=False elapsed=54.2s
step   650/900 tau=0.0757 loss=0.283335 mse_soft=0.282936 ent_in=1.0535 ent_out=0.2766 rowmax_in=0.5273 rowmax_out=0.8778 discrete_mse=231.462845 best_discrete=31.940586 hash=False elapsed=56.4s
step   675/900 tau=0.0685 loss=0.305754 mse_soft=0.305359 ent_in=1.0428 ent_out=0.2764 rowmax_in=0.5306 rowmax_out=0.8760 discrete_mse=32.120754 best_discrete=31.940586 hash=False elapsed=58.5s
step   700/900 tau=0.0620 loss=0.339472 mse_soft=0.339121 ent_in=0.9131 ent_out=0.2549 rowmax_in=0.5840 rowmax_out=0.8817 discrete_mse=212.078751 best_discrete=31.940586 hash=False elapsed=60.9s
step   725/900 tau=0.0562 loss=0.301190 mse_soft=0.300851 ent_in=0.9025 ent_out=0.2270 rowmax_in=0.5877 rowmax_out=0.8914 discrete_mse=882.306763 best_discrete=31.940586 hash=False elapsed=63.2s
step   750/900 tau=0.0508 loss=0.364331 mse_soft=0.364064 ent_in=0.6735 ent_out=0.2164 rowmax_in=0.6883 rowmax_out=0.8926 discrete_mse=186.404526 best_discrete=31.940586 hash=False elapsed=65.3s
step   775/900 tau=0.0460 loss=0.349410 mse_soft=0.349144 ent_in=0.6936 ent_out=0.1916 rowmax_in=0.6643 rowmax_out=0.9030 discrete_mse=107.537849 best_discrete=31.940586 hash=False elapsed=67.2s
step   800/900 tau=0.0417 loss=0.683502 mse_soft=0.683288 ent_in=0.5123 ent_out=0.2044 rowmax_in=0.7659 rowmax_out=0.8927 discrete_mse=38.716042 best_discrete=31.940586 hash=False elapsed=69.2s
step   825/900 tau=0.0377 loss=0.434153 mse_soft=0.433951 ent_in=0.4980 ent_out=0.1745 rowmax_in=0.7408 rowmax_out=0.9000 discrete_mse=37.607433 best_discrete=31.940586 hash=False elapsed=71.5s
step   850/900 tau=0.0342 loss=0.432654 mse_soft=0.432469 ent_in=0.4522 ent_out=0.1645 rowmax_in=0.7767 rowmax_out=0.9050 discrete_mse=7.008370 best_discrete=7.008370 hash=False elapsed=73.8s
step   875/900 tau=0.0309 loss=0.418095 mse_soft=0.417900 ent_in=0.4831 ent_out=0.1656 rowmax_in=0.7504 rowmax_out=0.9037 discrete_mse=7.376013 best_discrete=7.008370 hash=False elapsed=75.8s
step   900/900 tau=0.0280 loss=0.394781 mse_soft=0.394591 ent_in=0.4785 ent_out=0.1543 rowmax_in=0.7506 rowmax_out=0.8939 discrete_mse=72.940758 best_discrete=7.008370 hash=False elapsed=77.9s

Final metrics:
  soft_mse_full=0.390239
  rowmax_in_mean=0.7499
  rowmax_out_mean=0.8940
  ent_in_mean=0.4807
  ent_out_mean=0.1538
  final_discrete_mse=72.940758
  hash_match=False
  best_discrete_mse_seen=7.008370
Saved results to overnight_b149_j2.json
