Using device: cuda
Train rows: 10000 / Full rows: 10000, steps=700, lr=0.015
step     1/700 tau=1.0000 loss=1.064205 mse_soft=1.063431 ent_in=3.8712 ent_out=3.8712 rowmax_in=0.0213 rowmax_out=0.0213 discrete_mse=8.019264 best_discrete=8.019264 hash=False elapsed=0.5s
step    25/700 tau=0.8810 loss=0.971870 mse_soft=0.971110 ent_in=3.7934 ent_out=3.8054 rowmax_in=0.0330 rowmax_out=0.0322 discrete_mse=2398.895508 best_discrete=8.019264 hash=False elapsed=3.0s
step    50/700 tau=0.7721 loss=0.786836 mse_soft=0.786127 ent_in=3.5170 ent_out=3.5664 rowmax_in=0.0570 rowmax_out=0.0538 discrete_mse=4747.075195 best_discrete=8.019264 hash=False elapsed=5.4s
step    75/700 tau=0.6767 loss=0.643325 mse_soft=0.642688 ent_in=3.1349 ent_out=3.2325 rowmax_in=0.0958 rowmax_out=0.0904 discrete_mse=2675.998047 best_discrete=8.019264 hash=False elapsed=7.7s
step   100/700 tau=0.5931 loss=0.536255 mse_soft=0.535698 ent_in=2.7280 ent_out=2.8378 rowmax_in=0.1733 rowmax_out=0.1663 discrete_mse=2230.745605 best_discrete=8.019264 hash=False elapsed=10.1s
step   125/700 tau=0.5198 loss=0.437005 mse_soft=0.436563 ent_in=2.2395 ent_out=2.1848 rowmax_in=0.2831 rowmax_out=0.3137 discrete_mse=824.724609 best_discrete=8.019264 hash=False elapsed=12.4s
step   150/700 tau=0.4555 loss=0.363318 mse_soft=0.362987 ent_in=1.7823 ent_out=1.5238 rowmax_in=0.3942 rowmax_out=0.4980 discrete_mse=902.395447 best_discrete=8.019264 hash=False elapsed=14.8s
step   175/700 tau=0.3992 loss=0.329723 mse_soft=0.329471 ent_in=1.5244 ent_out=1.0004 rowmax_in=0.4477 rowmax_out=0.6729 discrete_mse=1.604534 best_discrete=1.604534 hash=False elapsed=17.3s
step   200/700 tau=0.3499 loss=0.312932 mse_soft=0.312723 ent_in=1.3990 ent_out=0.6894 rowmax_in=0.4689 rowmax_out=0.7510 discrete_mse=663.920776 best_discrete=1.604534 hash=False elapsed=19.6s
step   225/700 tau=0.3066 loss=0.303592 mse_soft=0.303410 ent_in=1.3037 ent_out=0.5168 rowmax_in=0.4830 rowmax_out=0.7947 discrete_mse=312.088989 best_discrete=1.604534 hash=False elapsed=21.9s
step   250/700 tau=0.2687 loss=0.298917 mse_soft=0.298751 ent_in=1.2327 ent_out=0.4240 rowmax_in=0.4976 rowmax_out=0.8248 discrete_mse=253.922241 best_discrete=1.604534 hash=False elapsed=24.4s
step   275/700 tau=0.2355 loss=0.295868 mse_soft=0.295709 ent_in=1.1984 ent_out=0.3868 rowmax_in=0.5052 rowmax_out=0.8361 discrete_mse=427.223541 best_discrete=1.604534 hash=False elapsed=26.9s
step   300/700 tau=0.2064 loss=0.292839 mse_soft=0.292687 ent_in=1.1688 ent_out=0.3450 rowmax_in=0.5114 rowmax_out=0.8483 discrete_mse=683.144897 best_discrete=1.604534 hash=False elapsed=29.3s
step   325/700 tau=0.1809 loss=0.291241 mse_soft=0.291094 ent_in=1.1374 ent_out=0.3361 rowmax_in=0.5200 rowmax_out=0.8485 discrete_mse=976.408203 best_discrete=1.604534 hash=False elapsed=31.8s
step   350/700 tau=0.1585 loss=0.290344 mse_soft=0.290199 ent_in=1.1173 ent_out=0.3291 rowmax_in=0.5256 rowmax_out=0.8490 discrete_mse=913.987183 best_discrete=1.604534 hash=False elapsed=34.3s
step   375/700 tau=0.1389 loss=0.293420 mse_soft=0.293278 ent_in=1.1007 ent_out=0.3236 rowmax_in=0.5324 rowmax_out=0.8496 discrete_mse=398.434753 best_discrete=1.604534 hash=False elapsed=36.7s
step   400/700 tau=0.1218 loss=0.289865 mse_soft=0.289725 ent_in=1.0805 ent_out=0.3175 rowmax_in=0.5396 rowmax_out=0.8508 discrete_mse=611.413818 best_discrete=1.604534 hash=False elapsed=39.2s
step   425/700 tau=0.1067 loss=0.290200 mse_soft=0.290063 ent_in=1.0604 ent_out=0.3135 rowmax_in=0.5465 rowmax_out=0.8510 discrete_mse=976.408203 best_discrete=1.604534 hash=False elapsed=41.5s
step   450/700 tau=0.0935 loss=0.290309 mse_soft=0.290174 ent_in=1.0399 ent_out=0.3098 rowmax_in=0.5526 rowmax_out=0.8539 discrete_mse=801.057190 best_discrete=1.604534 hash=False elapsed=43.8s
step   475/700 tau=0.0820 loss=0.290551 mse_soft=0.290418 ent_in=1.0264 ent_out=0.3102 rowmax_in=0.5568 rowmax_out=0.8541 discrete_mse=527.810242 best_discrete=1.604534 hash=False elapsed=46.2s
step   500/700 tau=0.0718 loss=0.293694 mse_soft=0.293561 ent_in=1.0166 ent_out=0.3107 rowmax_in=0.5573 rowmax_out=0.8558 discrete_mse=527.810242 best_discrete=1.604534 hash=False elapsed=48.6s
step   525/700 tau=0.0630 loss=0.289923 mse_soft=0.289792 ent_in=1.0066 ent_out=0.3066 rowmax_in=0.5575 rowmax_out=0.8582 discrete_mse=475.366425 best_discrete=1.604534 hash=False elapsed=51.2s
step   550/700 tau=0.0552 loss=0.304786 mse_soft=0.304658 ent_in=0.9883 ent_out=0.2905 rowmax_in=0.5691 rowmax_out=0.8688 discrete_mse=501.834137 best_discrete=1.604534 hash=False elapsed=53.6s
step   575/700 tau=0.0484 loss=0.351740 mse_soft=0.351615 ent_in=0.9591 ent_out=0.2916 rowmax_in=0.5740 rowmax_out=0.8569 discrete_mse=178.596115 best_discrete=1.604534 hash=False elapsed=55.9s
step   600/700 tau=0.0424 loss=0.309116 mse_soft=0.308999 ent_in=0.8850 ent_out=0.2796 rowmax_in=0.5857 rowmax_out=0.8639 discrete_mse=90.704819 best_discrete=1.604534 hash=False elapsed=58.5s
step   625/700 tau=0.0371 loss=0.313693 mse_soft=0.313580 ent_in=0.8568 ent_out=0.2688 rowmax_in=0.5967 rowmax_out=0.8597 discrete_mse=948.790588 best_discrete=1.604534 hash=False elapsed=61.0s
step   650/700 tau=0.0325 loss=0.297163 mse_soft=0.297050 ent_in=0.8545 ent_out=0.2745 rowmax_in=0.5919 rowmax_out=0.8523 discrete_mse=617.772400 best_discrete=1.604534 hash=False elapsed=63.5s
step   675/700 tau=0.0285 loss=0.301647 mse_soft=0.301537 ent_in=0.8410 ent_out=0.2578 rowmax_in=0.6010 rowmax_out=0.8638 discrete_mse=111.369720 best_discrete=1.604534 hash=False elapsed=65.8s
step   700/700 tau=0.0250 loss=0.374980 mse_soft=0.374894 ent_in=0.6444 ent_out=0.2219 rowmax_in=0.6704 rowmax_out=0.8789 discrete_mse=49.545898 best_discrete=1.604534 hash=False elapsed=68.3s

Final metrics:
  soft_mse_full=0.404076
  rowmax_in_mean=0.6769
  rowmax_out_mean=0.8887
  ent_in_mean=0.6313
  ent_out_mean=0.2128
  final_discrete_mse=97.444313
  hash_match=False
  best_discrete_mse_seen=1.604534
Saved results to overnight_b106_j4.json
