Using device: cuda
Train rows: 10000 / Full rows: 10000, steps=700, lr=0.02
step     1/700 tau=1.0000 loss=1.065674 mse_soft=1.063351 ent_in=3.8712 ent_out=3.8712 rowmax_in=0.0213 rowmax_out=0.0213 discrete_mse=20.632795 best_discrete=20.632795 hash=False elapsed=0.5s
step    25/700 tau=0.8866 loss=0.934958 mse_soft=0.932706 ent_in=3.7428 ent_out=3.7626 rowmax_in=0.0371 rowmax_out=0.0362 discrete_mse=1150.470215 best_discrete=20.632795 hash=False elapsed=2.4s
step    50/700 tau=0.7821 loss=0.710404 mse_soft=0.708368 ent_in=3.3616 ent_out=3.4242 rowmax_in=0.0687 rowmax_out=0.0668 discrete_mse=1661.680542 best_discrete=20.632795 hash=False elapsed=4.3s
step    75/700 tau=0.6899 loss=0.587973 mse_soft=0.586174 ent_in=2.9405 ent_out=3.0575 rowmax_in=0.1309 rowmax_out=0.1191 discrete_mse=652.845459 best_discrete=20.632795 hash=False elapsed=6.3s
step   100/700 tau=0.6086 loss=0.465461 mse_soft=0.464026 ent_in=2.3802 ent_out=2.4032 rowmax_in=0.2596 rowmax_out=0.2647 discrete_mse=578.676758 best_discrete=20.632795 hash=False elapsed=8.5s
step   125/700 tau=0.5368 loss=0.376996 mse_soft=0.375974 ent_in=1.8032 ent_out=1.6007 rowmax_in=0.3955 rowmax_out=0.4974 discrete_mse=2906.908691 best_discrete=20.632795 hash=False elapsed=10.5s
step   150/700 tau=0.4736 loss=0.336812 mse_soft=0.336062 ent_in=1.4929 ent_out=1.0048 rowmax_in=0.4693 rowmax_out=0.6707 discrete_mse=630.388977 best_discrete=20.632795 hash=False elapsed=12.8s
step   175/700 tau=0.4177 loss=0.313336 mse_soft=0.312735 ent_in=1.3299 ent_out=0.6723 rowmax_in=0.4994 rowmax_out=0.7601 discrete_mse=375.912750 best_discrete=20.632795 hash=False elapsed=15.0s
step   200/700 tau=0.3685 loss=0.299922 mse_soft=0.299410 ent_in=1.2193 ent_out=0.4892 rowmax_in=0.5174 rowmax_out=0.8095 discrete_mse=375.912750 best_discrete=20.632795 hash=False elapsed=17.2s
step   225/700 tau=0.3251 loss=0.294385 mse_soft=0.293905 ent_in=1.1748 ent_out=0.4268 rowmax_in=0.5203 rowmax_out=0.8176 discrete_mse=410.056244 best_discrete=20.632795 hash=False elapsed=19.3s
step   250/700 tau=0.2868 loss=0.291602 mse_soft=0.291141 ent_in=1.1406 ent_out=0.3937 rowmax_in=0.5261 rowmax_out=0.8250 discrete_mse=580.717529 best_discrete=20.632795 hash=False elapsed=21.5s
step   275/700 tau=0.2530 loss=0.290204 mse_soft=0.289752 ent_in=1.1220 ent_out=0.3851 rowmax_in=0.5292 rowmax_out=0.8244 discrete_mse=823.529419 best_discrete=20.632795 hash=False elapsed=23.7s
step   300/700 tau=0.2231 loss=0.289617 mse_soft=0.289170 ent_in=1.1125 ent_out=0.3787 rowmax_in=0.5300 rowmax_out=0.8253 discrete_mse=449.370087 best_discrete=20.632795 hash=False elapsed=25.6s
step   325/700 tau=0.1968 loss=0.287338 mse_soft=0.286897 ent_in=1.1024 ent_out=0.3673 rowmax_in=0.5304 rowmax_out=0.8281 discrete_mse=449.370087 best_discrete=20.632795 hash=False elapsed=27.9s
step   350/700 tau=0.1736 loss=0.287152 mse_soft=0.286718 ent_in=1.0947 ent_out=0.3519 rowmax_in=0.5294 rowmax_out=0.8342 discrete_mse=297.062836 best_discrete=20.632795 hash=False elapsed=30.1s
step   375/700 tau=0.1532 loss=0.285910 mse_soft=0.285480 ent_in=1.0928 ent_out=0.3414 rowmax_in=0.5268 rowmax_out=0.8381 discrete_mse=278.777496 best_discrete=20.632795 hash=False elapsed=32.2s
step   400/700 tau=0.1351 loss=0.288143 mse_soft=0.287717 ent_in=1.0877 ent_out=0.3313 rowmax_in=0.5255 rowmax_out=0.8418 discrete_mse=278.777496 best_discrete=20.632795 hash=False elapsed=34.2s
step   425/700 tau=0.1192 loss=0.289548 mse_soft=0.289126 ent_in=1.0819 ent_out=0.3244 rowmax_in=0.5252 rowmax_out=0.8463 discrete_mse=290.979004 best_discrete=20.632795 hash=False elapsed=36.6s
step   450/700 tau=0.1051 loss=0.288868 mse_soft=0.288451 ent_in=1.0717 ent_out=0.3193 rowmax_in=0.5281 rowmax_out=0.8488 discrete_mse=281.586670 best_discrete=20.632795 hash=False elapsed=39.1s
step   475/700 tau=0.0928 loss=0.291582 mse_soft=0.291168 ent_in=1.0621 ent_out=0.3185 rowmax_in=0.5324 rowmax_out=0.8466 discrete_mse=108.933495 best_discrete=20.632795 hash=False elapsed=41.4s
step   500/700 tau=0.0818 loss=0.288268 mse_soft=0.287858 ent_in=1.0572 ent_out=0.3081 rowmax_in=0.5358 rowmax_out=0.8522 discrete_mse=136.274887 best_discrete=20.632795 hash=False elapsed=43.8s
step   525/700 tau=0.0722 loss=0.294562 mse_soft=0.294152 ent_in=1.0549 ent_out=0.3126 rowmax_in=0.5347 rowmax_out=0.8492 discrete_mse=136.274887 best_discrete=20.632795 hash=False elapsed=46.0s
step   550/700 tau=0.0637 loss=0.295307 mse_soft=0.294907 ent_in=1.0423 ent_out=0.2941 rowmax_in=0.5421 rowmax_out=0.8576 discrete_mse=136.274887 best_discrete=20.632795 hash=False elapsed=48.2s
step   575/700 tau=0.0562 loss=0.336670 mse_soft=0.336326 ent_in=0.8734 ent_out=0.2739 rowmax_in=0.6196 rowmax_out=0.8646 discrete_mse=192.192078 best_discrete=20.632795 hash=False elapsed=50.5s
step   600/700 tau=0.0495 loss=0.304488 mse_soft=0.304133 ent_in=0.9079 ent_out=0.2742 rowmax_in=0.5770 rowmax_out=0.8608 discrete_mse=107.890823 best_discrete=20.632795 hash=False elapsed=52.9s
step   625/700 tau=0.0437 loss=0.301585 mse_soft=0.301235 ent_in=0.8952 ent_out=0.2708 rowmax_in=0.5768 rowmax_out=0.8634 discrete_mse=134.723480 best_discrete=20.632795 hash=False elapsed=55.2s
step   650/700 tau=0.0386 loss=0.314882 mse_soft=0.314535 ent_in=0.8860 ent_out=0.2720 rowmax_in=0.5869 rowmax_out=0.8658 discrete_mse=74.453964 best_discrete=20.632795 hash=False elapsed=57.2s
step   675/700 tau=0.0340 loss=0.401990 mse_soft=0.401725 ent_in=0.6292 ent_out=0.2541 rowmax_in=0.6919 rowmax_out=0.8690 discrete_mse=23.738888 best_discrete=20.632795 hash=False elapsed=59.5s
step   700/700 tau=0.0300 loss=0.360679 mse_soft=0.360429 ent_in=0.5860 ent_out=0.2484 rowmax_in=0.6947 rowmax_out=0.8665 discrete_mse=35.461617 best_discrete=20.632795 hash=False elapsed=61.7s

Final metrics:
  soft_mse_full=0.358561
  rowmax_in_mean=0.7014
  rowmax_out_mean=0.8662
  ent_in_mean=0.5823
  ent_out_mean=0.2471
  final_discrete_mse=70.204071
  hash_match=False
  best_discrete_mse_seen=20.632795
Saved results to overnight_b096_j3.json
