Using device: cuda
Train rows: 4096 / Full rows: 10000, steps=900, lr=0.03
step     1/900 tau=1.0000 loss=1.077495 mse_soft=1.075172 ent_in=3.8712 ent_out=3.8712 rowmax_in=0.0213 rowmax_out=0.0213 discrete_mse=14.725912 best_discrete=14.725912 hash=False elapsed=0.5s
step    25/900 tau=0.9090 loss=0.871666 mse_soft=0.869477 ent_in=3.6313 ent_out=3.6660 rowmax_in=0.0458 rowmax_out=0.0446 discrete_mse=1889.779907 best_discrete=14.725912 hash=False elapsed=2.7s
step    50/900 tau=0.8229 loss=0.659556 mse_soft=0.657648 ent_in=3.1300 ent_out=3.2285 rowmax_in=0.0919 rowmax_out=0.0845 discrete_mse=11931.193359 best_discrete=14.725912 hash=False elapsed=5.0s
step    75/900 tau=0.7450 loss=0.514417 mse_soft=0.512842 ent_in=2.5854 ent_out=2.6633 rowmax_in=0.2136 rowmax_out=0.2007 discrete_mse=224.534592 best_discrete=14.725912 hash=False elapsed=7.2s
step   100/900 tau=0.6745 loss=0.395019 mse_soft=0.393887 ent_in=1.9121 ent_out=1.8617 rowmax_in=0.3861 rowmax_out=0.4134 discrete_mse=66.122726 best_discrete=14.725912 hash=False elapsed=9.3s
step   125/900 tau=0.6107 loss=0.336473 mse_soft=0.335624 ent_in=1.5717 ent_out=1.2575 rowmax_in=0.4535 rowmax_out=0.5932 discrete_mse=169.672729 best_discrete=14.725912 hash=False elapsed=11.7s
step   150/900 tau=0.5529 loss=0.309806 mse_soft=0.309112 ent_in=1.3962 ent_out=0.9182 rowmax_in=0.4746 rowmax_out=0.6881 discrete_mse=2.094938 best_discrete=2.094938 hash=False elapsed=14.0s
step   175/900 tau=0.5006 loss=0.294985 mse_soft=0.294379 ent_in=1.2916 ent_out=0.7266 rowmax_in=0.4880 rowmax_out=0.7408 discrete_mse=263.859711 best_discrete=2.094938 hash=False elapsed=15.9s
step   200/900 tau=0.4532 loss=0.288029 mse_soft=0.287468 ent_in=1.2436 ent_out=0.6265 rowmax_in=0.4958 rowmax_out=0.7590 discrete_mse=37.909698 best_discrete=2.094938 hash=False elapsed=17.9s
step   225/900 tau=0.4103 loss=0.282917 mse_soft=0.282380 ent_in=1.2181 ent_out=0.5712 rowmax_in=0.4969 rowmax_out=0.7683 discrete_mse=23.251427 best_discrete=2.094938 hash=False elapsed=19.9s
step   250/900 tau=0.3715 loss=0.278997 mse_soft=0.278483 ent_in=1.1888 ent_out=0.5246 rowmax_in=0.5074 rowmax_out=0.7788 discrete_mse=43.186680 best_discrete=2.094938 hash=False elapsed=22.2s
step   275/900 tau=0.3363 loss=0.277861 mse_soft=0.277365 ent_in=1.1651 ent_out=0.4885 rowmax_in=0.5116 rowmax_out=0.7874 discrete_mse=10.533105 best_discrete=2.094938 hash=False elapsed=24.5s
step   300/900 tau=0.3045 loss=0.275674 mse_soft=0.275195 ent_in=1.1474 ent_out=0.4499 rowmax_in=0.5139 rowmax_out=0.8000 discrete_mse=30.877039 best_discrete=2.094938 hash=False elapsed=26.5s
step   325/900 tau=0.2756 loss=0.271798 mse_soft=0.271336 ent_in=1.1255 ent_out=0.4158 rowmax_in=0.5208 rowmax_out=0.8111 discrete_mse=22.166027 best_discrete=2.094938 hash=False elapsed=28.8s
step   350/900 tau=0.2496 loss=0.272303 mse_soft=0.271852 ent_in=1.1065 ent_out=0.3969 rowmax_in=0.5273 rowmax_out=0.8136 discrete_mse=71.587502 best_discrete=2.094938 hash=False elapsed=30.8s
step   375/900 tau=0.2259 loss=0.269545 mse_soft=0.269102 ent_in=1.0965 ent_out=0.3792 rowmax_in=0.5288 rowmax_out=0.8168 discrete_mse=71.587502 best_discrete=2.094938 hash=False elapsed=33.0s
step   400/900 tau=0.2046 loss=0.268054 mse_soft=0.267617 ent_in=1.0886 ent_out=0.3679 rowmax_in=0.5309 rowmax_out=0.8179 discrete_mse=71.587502 best_discrete=2.094938 hash=False elapsed=35.0s
step   425/900 tau=0.1852 loss=0.275188 mse_soft=0.274755 ent_in=1.0843 ent_out=0.3584 rowmax_in=0.5311 rowmax_out=0.8220 discrete_mse=71.587502 best_discrete=2.094938 hash=False elapsed=37.1s
step   450/900 tau=0.1677 loss=0.270772 mse_soft=0.270341 ent_in=1.0819 ent_out=0.3526 rowmax_in=0.5309 rowmax_out=0.8236 discrete_mse=207.785309 best_discrete=2.094938 hash=False elapsed=39.5s
step   475/900 tau=0.1518 loss=0.273730 mse_soft=0.273303 ent_in=1.0761 ent_out=0.3490 rowmax_in=0.5332 rowmax_out=0.8258 discrete_mse=207.785309 best_discrete=2.094938 hash=False elapsed=41.7s
step   500/900 tau=0.1374 loss=0.270114 mse_soft=0.269688 ent_in=1.0739 ent_out=0.3483 rowmax_in=0.5313 rowmax_out=0.8246 discrete_mse=207.785309 best_discrete=2.094938 hash=False elapsed=43.9s
step   525/900 tau=0.1244 loss=0.274762 mse_soft=0.274337 ent_in=1.0695 ent_out=0.3490 rowmax_in=0.5333 rowmax_out=0.8250 discrete_mse=207.785309 best_discrete=2.094938 hash=False elapsed=46.2s
step   550/900 tau=0.1126 loss=0.287556 mse_soft=0.287130 ent_in=1.0715 ent_out=0.3477 rowmax_in=0.5319 rowmax_out=0.8240 discrete_mse=207.785309 best_discrete=2.094938 hash=False elapsed=48.4s
step   575/900 tau=0.1020 loss=0.277285 mse_soft=0.276859 ent_in=1.0706 ent_out=0.3467 rowmax_in=0.5306 rowmax_out=0.8217 discrete_mse=71.587502 best_discrete=2.094938 hash=False elapsed=50.6s
step   600/900 tau=0.0923 loss=0.272756 mse_soft=0.272334 ent_in=1.0633 ent_out=0.3453 rowmax_in=0.5345 rowmax_out=0.8227 discrete_mse=207.785309 best_discrete=2.094938 hash=False elapsed=52.6s
step   625/900 tau=0.0836 loss=0.282066 mse_soft=0.281646 ent_in=1.0552 ent_out=0.3453 rowmax_in=0.5324 rowmax_out=0.8233 discrete_mse=83.963257 best_discrete=2.094938 hash=False elapsed=54.7s
step   650/900 tau=0.0757 loss=0.296469 mse_soft=0.296054 ent_in=1.0457 ent_out=0.3405 rowmax_in=0.5413 rowmax_out=0.8255 discrete_mse=144.409576 best_discrete=2.094938 hash=False elapsed=57.0s
step   675/900 tau=0.0685 loss=0.280379 mse_soft=0.279965 ent_in=1.0437 ent_out=0.3342 rowmax_in=0.5390 rowmax_out=0.8336 discrete_mse=190.615448 best_discrete=2.094938 hash=False elapsed=59.2s
step   700/900 tau=0.0620 loss=0.322659 mse_soft=0.322279 ent_in=0.9461 ent_out=0.3196 rowmax_in=0.5773 rowmax_out=0.8449 discrete_mse=264.335724 best_discrete=2.094938 hash=False elapsed=61.4s
step   725/900 tau=0.0562 loss=0.284539 mse_soft=0.284158 ent_in=0.9401 ent_out=0.3303 rowmax_in=0.5668 rowmax_out=0.8272 discrete_mse=334.665802 best_discrete=2.094938 hash=False elapsed=63.5s
step   750/900 tau=0.0508 loss=0.459710 mse_soft=0.459348 ent_in=0.8756 ent_out=0.3315 rowmax_in=0.5791 rowmax_out=0.8281 discrete_mse=1310.465820 best_discrete=2.094938 hash=False elapsed=65.6s
step   775/900 tau=0.0460 loss=0.376508 mse_soft=0.376259 ent_in=0.6315 ent_out=0.1979 rowmax_in=0.6889 rowmax_out=0.9174 discrete_mse=39.543564 best_discrete=2.094938 hash=False elapsed=67.6s
step   800/900 tau=0.0417 loss=0.332411 mse_soft=0.332153 ent_in=0.6008 ent_out=0.2585 rowmax_in=0.7042 rowmax_out=0.8726 discrete_mse=21.236843 best_discrete=2.094938 hash=False elapsed=69.6s
step   825/900 tau=0.0377 loss=0.325184 mse_soft=0.324921 ent_in=0.6171 ent_out=0.2597 rowmax_in=0.6952 rowmax_out=0.8605 discrete_mse=42.464085 best_discrete=2.094938 hash=False elapsed=71.5s
step   850/900 tau=0.0342 loss=0.335841 mse_soft=0.335581 ent_in=0.6072 ent_out=0.2585 rowmax_in=0.6983 rowmax_out=0.8619 discrete_mse=34.421143 best_discrete=2.094938 hash=False elapsed=73.6s
step   875/900 tau=0.0309 loss=0.322784 mse_soft=0.322525 ent_in=0.6020 ent_out=0.2608 rowmax_in=0.6972 rowmax_out=0.8608 discrete_mse=35.404156 best_discrete=2.094938 hash=False elapsed=75.7s
step   900/900 tau=0.0280 loss=0.327331 mse_soft=0.327076 ent_in=0.6002 ent_out=0.2515 rowmax_in=0.6989 rowmax_out=0.8631 discrete_mse=71.890320 best_discrete=2.094938 hash=False elapsed=78.0s

Final metrics:
  soft_mse_full=0.324508
  rowmax_in_mean=0.7004
  rowmax_out_mean=0.8632
  ent_in_mean=0.5984
  ent_out_mean=0.2499
  final_discrete_mse=55.999500
  hash_match=False
  best_discrete_mse_seen=2.094938
Saved results to overnight_b160_j2.json
