Using device: cuda
Train rows: 4096 / Full rows: 10000, steps=900, lr=0.03
step     1/900 tau=1.0000 loss=1.044603 mse_soft=1.042280 ent_in=3.8712 ent_out=3.8712 rowmax_in=0.0213 rowmax_out=0.0213 discrete_mse=65.886345 best_discrete=65.886345 hash=False elapsed=0.5s
step    25/900 tau=0.9090 loss=0.845876 mse_soft=0.843685 ent_in=3.6338 ent_out=3.6693 rowmax_in=0.0458 rowmax_out=0.0445 discrete_mse=2150.747314 best_discrete=65.886345 hash=False elapsed=2.6s
step    50/900 tau=0.8229 loss=0.645495 mse_soft=0.643584 ent_in=3.1306 ent_out=3.2405 rowmax_in=0.0925 rowmax_out=0.0863 discrete_mse=1480.716553 best_discrete=65.886345 hash=False elapsed=4.8s
step    75/900 tau=0.7450 loss=0.511517 mse_soft=0.509931 ent_in=2.6187 ent_out=2.6665 rowmax_in=0.2034 rowmax_out=0.2097 discrete_mse=2593.998779 best_discrete=65.886345 hash=False elapsed=7.1s
step   100/900 tau=0.6745 loss=0.400016 mse_soft=0.398861 ent_in=2.0331 ent_out=1.8170 rowmax_in=0.3462 rowmax_out=0.4188 discrete_mse=597.692200 best_discrete=65.886345 hash=False elapsed=9.3s
step   125/900 tau=0.6107 loss=0.339198 mse_soft=0.338342 ent_in=1.6524 ent_out=1.2009 rowmax_in=0.4181 rowmax_out=0.6061 discrete_mse=1727.312744 best_discrete=65.886345 hash=False elapsed=11.8s
step   150/900 tau=0.5529 loss=0.315826 mse_soft=0.315117 ent_in=1.4930 ent_out=0.8692 rowmax_in=0.4350 rowmax_out=0.6941 discrete_mse=2337.539551 best_discrete=65.886345 hash=False elapsed=14.3s
step   175/900 tau=0.5006 loss=0.302432 mse_soft=0.301802 ent_in=1.4238 ent_out=0.6757 rowmax_in=0.4454 rowmax_out=0.7512 discrete_mse=78.508469 best_discrete=65.886345 hash=False elapsed=16.4s
step   200/900 tau=0.4532 loss=0.294257 mse_soft=0.293682 ent_in=1.3686 ent_out=0.5494 rowmax_in=0.4626 rowmax_out=0.7924 discrete_mse=280.216492 best_discrete=65.886345 hash=False elapsed=18.7s
step   225/900 tau=0.4103 loss=0.287354 mse_soft=0.286808 ent_in=1.3286 ent_out=0.4916 rowmax_in=0.4717 rowmax_out=0.8108 discrete_mse=352.307831 best_discrete=65.886345 hash=False elapsed=21.1s
step   250/900 tau=0.3715 loss=0.285611 mse_soft=0.285088 ent_in=1.2977 ent_out=0.4436 rowmax_in=0.4794 rowmax_out=0.8317 discrete_mse=657.987671 best_discrete=65.886345 hash=False elapsed=23.5s
step   275/900 tau=0.3363 loss=0.279606 mse_soft=0.279097 ent_in=1.2828 ent_out=0.4126 rowmax_in=0.4823 rowmax_out=0.8432 discrete_mse=892.116089 best_discrete=65.886345 hash=False elapsed=25.7s
step   300/900 tau=0.3045 loss=0.276492 mse_soft=0.276001 ent_in=1.2603 ent_out=0.3742 rowmax_in=0.4878 rowmax_out=0.8580 discrete_mse=523.807495 best_discrete=65.886345 hash=False elapsed=28.1s
step   325/900 tau=0.2756 loss=0.275410 mse_soft=0.274931 ent_in=1.2474 ent_out=0.3485 rowmax_in=0.4885 rowmax_out=0.8645 discrete_mse=497.194794 best_discrete=65.886345 hash=False elapsed=30.6s
step   350/900 tau=0.2496 loss=0.276849 mse_soft=0.276376 ent_in=1.2459 ent_out=0.3299 rowmax_in=0.4848 rowmax_out=0.8698 discrete_mse=497.194794 best_discrete=65.886345 hash=False elapsed=33.0s
step   375/900 tau=0.2259 loss=0.276940 mse_soft=0.276473 ent_in=1.2388 ent_out=0.3177 rowmax_in=0.4880 rowmax_out=0.8734 discrete_mse=497.194794 best_discrete=65.886345 hash=False elapsed=35.4s
step   400/900 tau=0.2046 loss=0.277399 mse_soft=0.276937 ent_in=1.2349 ent_out=0.3056 rowmax_in=0.4860 rowmax_out=0.8767 discrete_mse=924.859253 best_discrete=65.886345 hash=False elapsed=37.8s
step   425/900 tau=0.1852 loss=0.276566 mse_soft=0.276107 ent_in=1.2261 ent_out=0.3016 rowmax_in=0.4898 rowmax_out=0.8767 discrete_mse=924.859253 best_discrete=65.886345 hash=False elapsed=40.3s
step   450/900 tau=0.1677 loss=0.271430 mse_soft=0.270972 ent_in=1.2231 ent_out=0.3025 rowmax_in=0.4886 rowmax_out=0.8744 discrete_mse=924.859253 best_discrete=65.886345 hash=False elapsed=42.7s
step   475/900 tau=0.1518 loss=0.289181 mse_soft=0.288724 ent_in=1.2253 ent_out=0.2998 rowmax_in=0.4848 rowmax_out=0.8744 discrete_mse=924.859253 best_discrete=65.886345 hash=False elapsed=45.0s
step   500/900 tau=0.1374 loss=0.280238 mse_soft=0.279783 ent_in=1.2188 ent_out=0.2969 rowmax_in=0.4844 rowmax_out=0.8746 discrete_mse=924.859253 best_discrete=65.886345 hash=False elapsed=47.3s
step   525/900 tau=0.1244 loss=0.288829 mse_soft=0.288374 ent_in=1.2133 ent_out=0.3025 rowmax_in=0.4826 rowmax_out=0.8663 discrete_mse=472.045380 best_discrete=65.886345 hash=False elapsed=49.7s
step   550/900 tau=0.1126 loss=0.278853 mse_soft=0.278406 ent_in=1.1959 ent_out=0.2929 rowmax_in=0.4891 rowmax_out=0.8715 discrete_mse=511.051422 best_discrete=65.886345 hash=False elapsed=52.1s
step   575/900 tau=0.1020 loss=0.278190 mse_soft=0.277749 ent_in=1.1769 ent_out=0.2928 rowmax_in=0.4941 rowmax_out=0.8692 discrete_mse=844.934387 best_discrete=65.886345 hash=False elapsed=54.6s
step   600/900 tau=0.0923 loss=0.280794 mse_soft=0.280356 ent_in=1.1659 ent_out=0.2949 rowmax_in=0.4933 rowmax_out=0.8676 discrete_mse=914.038391 best_discrete=65.886345 hash=False elapsed=57.1s
step   625/900 tau=0.0836 loss=0.394442 mse_soft=0.394008 ent_in=1.1612 ent_out=0.2861 rowmax_in=0.4924 rowmax_out=0.8692 discrete_mse=787.787354 best_discrete=65.886345 hash=False elapsed=59.7s
step   650/900 tau=0.0757 loss=0.326658 mse_soft=0.326248 ent_in=1.0714 ent_out=0.2962 rowmax_in=0.5253 rowmax_out=0.8564 discrete_mse=1699.247314 best_discrete=65.886345 hash=False elapsed=62.1s
step   675/900 tau=0.0685 loss=0.301340 mse_soft=0.300941 ent_in=1.0280 ent_out=0.3018 rowmax_in=0.5351 rowmax_out=0.8379 discrete_mse=205.389359 best_discrete=65.886345 hash=False elapsed=64.7s
step   700/900 tau=0.0620 loss=0.282809 mse_soft=0.282424 ent_in=1.0101 ent_out=0.2735 rowmax_in=0.5388 rowmax_out=0.8634 discrete_mse=367.403290 best_discrete=65.886345 hash=False elapsed=67.2s
step   725/900 tau=0.0562 loss=0.288591 mse_soft=0.288203 ent_in=1.0255 ent_out=0.2679 rowmax_in=0.5261 rowmax_out=0.8643 discrete_mse=246.591690 best_discrete=65.886345 hash=False elapsed=69.6s
step   750/900 tau=0.0508 loss=0.350683 mse_soft=0.350328 ent_in=0.9311 ent_out=0.2527 rowmax_in=0.5630 rowmax_out=0.8643 discrete_mse=130.732742 best_discrete=65.886345 hash=False elapsed=71.9s
step   775/900 tau=0.0460 loss=0.312803 mse_soft=0.312463 ent_in=0.8798 ent_out=0.2555 rowmax_in=0.5596 rowmax_out=0.8630 discrete_mse=610.969360 best_discrete=65.886345 hash=False elapsed=74.4s
step   800/900 tau=0.0417 loss=0.605295 mse_soft=0.605143 ent_in=0.3399 ent_out=0.1649 rowmax_in=0.8356 rowmax_out=0.8938 discrete_mse=224.427490 best_discrete=65.886345 hash=False elapsed=76.7s
step   825/900 tau=0.0377 loss=0.577587 mse_soft=0.577461 ent_in=0.2804 ent_out=0.1405 rowmax_in=0.8663 rowmax_out=0.9083 discrete_mse=244.238892 best_discrete=65.886345 hash=False elapsed=78.8s
step   850/900 tau=0.0342 loss=0.558527 mse_soft=0.558399 ent_in=0.2926 ent_out=0.1336 rowmax_in=0.8510 rowmax_out=0.9101 discrete_mse=128.964981 best_discrete=65.886345 hash=False elapsed=81.0s
step   875/900 tau=0.0309 loss=0.533880 mse_soft=0.533764 ent_in=0.2651 ent_out=0.1240 rowmax_in=0.8735 rowmax_out=0.9271 discrete_mse=93.228699 best_discrete=65.886345 hash=False elapsed=83.3s
step   900/900 tau=0.0280 loss=0.531195 mse_soft=0.531084 ent_in=0.2420 ent_out=0.1277 rowmax_in=0.8844 rowmax_out=0.9249 discrete_mse=81.635757 best_discrete=65.886345 hash=False elapsed=85.4s

Final metrics:
  soft_mse_full=0.536090
  rowmax_in_mean=0.8848
  rowmax_out_mean=0.9249
  ent_in_mean=0.2412
  ent_out_mean=0.1275
  final_discrete_mse=81.635757
  hash_match=False
  best_discrete_mse_seen=65.886345
Saved results to overnight_b125_j2.json
