Using device: cuda
Train rows: 10000 / Full rows: 10000, steps=700, lr=0.02
step     1/700 tau=1.0000 loss=1.065805 mse_soft=1.063482 ent_in=3.8712 ent_out=3.8712 rowmax_in=0.0213 rowmax_out=0.0213 discrete_mse=39.987316 best_discrete=39.987316 hash=False elapsed=0.5s
step    25/700 tau=0.8866 loss=0.934733 mse_soft=0.932482 ent_in=3.7419 ent_out=3.7626 rowmax_in=0.0371 rowmax_out=0.0364 discrete_mse=563.158203 best_discrete=39.987316 hash=False elapsed=2.6s
step    50/700 tau=0.7821 loss=0.711482 mse_soft=0.709447 ent_in=3.3629 ent_out=3.4219 rowmax_in=0.0680 rowmax_out=0.0665 discrete_mse=5108.691895 best_discrete=39.987316 hash=False elapsed=4.7s
step    75/700 tau=0.6899 loss=0.587115 mse_soft=0.585316 ent_in=2.9414 ent_out=3.0539 rowmax_in=0.1306 rowmax_out=0.1232 discrete_mse=1736.140015 best_discrete=39.987316 hash=False elapsed=6.7s
step   100/700 tau=0.6086 loss=0.472573 mse_soft=0.471117 ent_in=2.4305 ent_out=2.4233 rowmax_in=0.2358 rowmax_out=0.2478 discrete_mse=1168.355713 best_discrete=39.987316 hash=False elapsed=8.7s
step   125/700 tau=0.5368 loss=0.383606 mse_soft=0.382526 ent_in=1.8986 ent_out=1.7012 rowmax_in=0.3720 rowmax_out=0.4405 discrete_mse=425.665344 best_discrete=39.987316 hash=False elapsed=10.7s
step   150/700 tau=0.4736 loss=0.336741 mse_soft=0.335932 ent_in=1.5523 ent_out=1.1447 rowmax_in=0.4573 rowmax_out=0.6232 discrete_mse=597.299561 best_discrete=39.987316 hash=False elapsed=12.7s
step   175/700 tau=0.4177 loss=0.313139 mse_soft=0.312487 ent_in=1.3762 ent_out=0.7973 rowmax_in=0.4875 rowmax_out=0.7142 discrete_mse=877.925964 best_discrete=39.987316 hash=False elapsed=14.9s
step   200/700 tau=0.3685 loss=0.302861 mse_soft=0.302303 ent_in=1.2664 ent_out=0.5909 rowmax_in=0.5024 rowmax_out=0.7680 discrete_mse=334.197296 best_discrete=39.987316 hash=False elapsed=17.1s
step   225/700 tau=0.3251 loss=0.298984 mse_soft=0.298462 ent_in=1.2190 ent_out=0.5216 rowmax_in=0.5106 rowmax_out=0.7844 discrete_mse=296.950714 best_discrete=39.987316 hash=False elapsed=19.0s
step   250/700 tau=0.2868 loss=0.294716 mse_soft=0.294219 ent_in=1.1784 ent_out=0.4792 rowmax_in=0.5187 rowmax_out=0.7927 discrete_mse=487.264374 best_discrete=39.987316 hash=False elapsed=21.0s
step   275/700 tau=0.2530 loss=0.293504 mse_soft=0.293023 ent_in=1.1555 ent_out=0.4481 rowmax_in=0.5229 rowmax_out=0.8001 discrete_mse=487.264374 best_discrete=39.987316 hash=False elapsed=23.2s
step   300/700 tau=0.2231 loss=0.293448 mse_soft=0.292977 ent_in=1.1466 ent_out=0.4226 rowmax_in=0.5210 rowmax_out=0.8046 discrete_mse=487.264374 best_discrete=39.987316 hash=False elapsed=25.5s
step   325/700 tau=0.1968 loss=0.291367 mse_soft=0.290906 ent_in=1.1344 ent_out=0.4011 rowmax_in=0.5222 rowmax_out=0.8093 discrete_mse=359.783447 best_discrete=39.987316 hash=False elapsed=27.8s
step   350/700 tau=0.1736 loss=0.294686 mse_soft=0.294236 ent_in=1.1167 ent_out=0.3811 rowmax_in=0.5285 rowmax_out=0.8138 discrete_mse=359.783447 best_discrete=39.987316 hash=False elapsed=30.0s
step   375/700 tau=0.1532 loss=0.288353 mse_soft=0.287912 ent_in=1.1025 ent_out=0.3689 rowmax_in=0.5312 rowmax_out=0.8173 discrete_mse=359.783447 best_discrete=39.987316 hash=False elapsed=32.1s
step   400/700 tau=0.1351 loss=0.290811 mse_soft=0.290374 ent_in=1.0969 ent_out=0.3595 rowmax_in=0.5296 rowmax_out=0.8215 discrete_mse=359.783447 best_discrete=39.987316 hash=False elapsed=34.2s
step   425/700 tau=0.1192 loss=0.287880 mse_soft=0.287452 ent_in=1.0834 ent_out=0.3458 rowmax_in=0.5310 rowmax_out=0.8290 discrete_mse=815.137756 best_discrete=39.987316 hash=False elapsed=36.3s
step   450/700 tau=0.1051 loss=0.287683 mse_soft=0.287261 ent_in=1.0712 ent_out=0.3336 rowmax_in=0.5335 rowmax_out=0.8361 discrete_mse=815.137756 best_discrete=39.987316 hash=False elapsed=38.3s
step   475/700 tau=0.0928 loss=0.295314 mse_soft=0.294901 ent_in=1.0562 ent_out=0.3226 rowmax_in=0.5391 rowmax_out=0.8418 discrete_mse=815.137756 best_discrete=39.987316 hash=False elapsed=40.6s
step   500/700 tau=0.0818 loss=0.308744 mse_soft=0.308340 ent_in=1.0366 ent_out=0.3090 rowmax_in=0.5422 rowmax_out=0.8495 discrete_mse=93.469521 best_discrete=39.987316 hash=False elapsed=43.1s
step   525/700 tau=0.0722 loss=0.288688 mse_soft=0.288295 ent_in=1.0175 ent_out=0.2937 rowmax_in=0.5539 rowmax_out=0.8558 discrete_mse=282.342194 best_discrete=39.987316 hash=False elapsed=45.5s
step   550/700 tau=0.0637 loss=0.303180 mse_soft=0.302796 ent_in=0.9913 ent_out=0.2917 rowmax_in=0.5647 rowmax_out=0.8561 discrete_mse=282.342194 best_discrete=39.987316 hash=False elapsed=47.7s
step   575/700 tau=0.0562 loss=0.288033 mse_soft=0.287651 ent_in=0.9849 ent_out=0.2883 rowmax_in=0.5622 rowmax_out=0.8562 discrete_mse=1119.711426 best_discrete=39.987316 hash=False elapsed=49.9s
step   600/700 tau=0.0495 loss=0.293726 mse_soft=0.293351 ent_in=0.9550 ent_out=0.2945 rowmax_in=0.5764 rowmax_out=0.8487 discrete_mse=602.618958 best_discrete=39.987316 hash=False elapsed=52.1s
step   625/700 tau=0.0437 loss=0.326780 mse_soft=0.326454 ent_in=0.8382 ent_out=0.2477 rowmax_in=0.5958 rowmax_out=0.8829 discrete_mse=275.588959 best_discrete=39.987316 hash=False elapsed=54.4s
step   650/700 tau=0.0386 loss=0.391686 mse_soft=0.391386 ent_in=0.7484 ent_out=0.2510 rowmax_in=0.6400 rowmax_out=0.8754 discrete_mse=427.357300 best_discrete=39.987316 hash=False elapsed=56.6s
step   675/700 tau=0.0340 loss=0.333339 mse_soft=0.333080 ent_in=0.6451 ent_out=0.2203 rowmax_in=0.6873 rowmax_out=0.8994 discrete_mse=181.582474 best_discrete=39.987316 hash=False elapsed=58.9s
step   700/700 tau=0.0300 loss=0.364043 mse_soft=0.363786 ent_in=0.6516 ent_out=0.2053 rowmax_in=0.6903 rowmax_out=0.9066 discrete_mse=73.859138 best_discrete=39.987316 hash=False elapsed=61.2s

Final metrics:
  soft_mse_full=0.379764
  rowmax_in_mean=0.6710
  rowmax_out_mean=0.9058
  ent_in_mean=0.6639
  ent_out_mean=0.2060
  final_discrete_mse=122.633057
  hash_match=False
  best_discrete_mse_seen=39.987316
Saved results to overnight_b090_j3.json
