Using device: cuda
Train rows: 4096 / Full rows: 10000, steps=900, lr=0.03
step     1/900 tau=1.0000 loss=1.056309 mse_soft=1.053987 ent_in=3.8712 ent_out=3.8712 rowmax_in=0.0213 rowmax_out=0.0213 discrete_mse=44.491322 best_discrete=44.491322 hash=False elapsed=0.5s
step    25/900 tau=0.9090 loss=0.857323 mse_soft=0.855132 ent_in=3.6336 ent_out=3.6705 rowmax_in=0.0461 rowmax_out=0.0442 discrete_mse=22.531193 best_discrete=22.531193 hash=False elapsed=2.7s
step    50/900 tau=0.8229 loss=0.652544 mse_soft=0.650637 ent_in=3.1258 ent_out=3.2298 rowmax_in=0.0935 rowmax_out=0.0866 discrete_mse=14942.231445 best_discrete=22.531193 hash=False elapsed=4.9s
step    75/900 tau=0.7450 loss=0.524016 mse_soft=0.522431 ent_in=2.6021 ent_out=2.6806 rowmax_in=0.1991 rowmax_out=0.1895 discrete_mse=2872.485596 best_discrete=22.531193 hash=False elapsed=7.2s
step   100/900 tau=0.6745 loss=0.409188 mse_soft=0.408045 ent_in=2.0030 ent_out=1.8075 rowmax_in=0.3475 rowmax_out=0.4184 discrete_mse=1170.005737 best_discrete=22.531193 hash=False elapsed=9.4s
step   125/900 tau=0.6107 loss=0.344408 mse_soft=0.343566 ent_in=1.6908 ent_out=1.1166 rowmax_in=0.4074 rowmax_out=0.6358 discrete_mse=8040.179199 best_discrete=22.531193 hash=False elapsed=11.6s
step   150/900 tau=0.5529 loss=0.314118 mse_soft=0.313441 ent_in=1.5314 ent_out=0.7229 rowmax_in=0.4323 rowmax_out=0.7509 discrete_mse=448.207703 best_discrete=22.531193 hash=False elapsed=13.9s
step   175/900 tau=0.5006 loss=0.300951 mse_soft=0.300358 ent_in=1.4168 ent_out=0.5626 rowmax_in=0.4505 rowmax_out=0.7835 discrete_mse=1280.106934 best_discrete=22.531193 hash=False elapsed=16.2s
step   200/900 tau=0.4532 loss=0.292217 mse_soft=0.291669 ent_in=1.3453 ent_out=0.4803 rowmax_in=0.4666 rowmax_out=0.8012 discrete_mse=977.934448 best_discrete=22.531193 hash=False elapsed=18.4s
step   225/900 tau=0.4103 loss=0.287008 mse_soft=0.286492 ent_in=1.2894 ent_out=0.4313 rowmax_in=0.4808 rowmax_out=0.8206 discrete_mse=747.292053 best_discrete=22.531193 hash=False elapsed=20.7s
step   250/900 tau=0.3715 loss=0.285704 mse_soft=0.285207 ent_in=1.2569 ent_out=0.3980 rowmax_in=0.4855 rowmax_out=0.8372 discrete_mse=1020.338074 best_discrete=22.531193 hash=False elapsed=22.8s
step   275/900 tau=0.3363 loss=0.280818 mse_soft=0.280339 ent_in=1.2288 ent_out=0.3672 rowmax_in=0.4960 rowmax_out=0.8517 discrete_mse=1085.071411 best_discrete=22.531193 hash=False elapsed=25.0s
step   300/900 tau=0.3045 loss=0.280060 mse_soft=0.279598 ent_in=1.2023 ent_out=0.3373 rowmax_in=0.5022 rowmax_out=0.8623 discrete_mse=1358.923218 best_discrete=22.531193 hash=False elapsed=27.2s
step   325/900 tau=0.2756 loss=0.278418 mse_soft=0.277965 ent_in=1.1917 ent_out=0.3194 rowmax_in=0.5012 rowmax_out=0.8678 discrete_mse=1358.923218 best_discrete=22.531193 hash=False elapsed=29.6s
step   350/900 tau=0.2496 loss=0.281402 mse_soft=0.280953 ent_in=1.1903 ent_out=0.3056 rowmax_in=0.4984 rowmax_out=0.8736 discrete_mse=1358.923218 best_discrete=22.531193 hash=False elapsed=31.9s
step   375/900 tau=0.2259 loss=0.276971 mse_soft=0.276527 ent_in=1.1829 ent_out=0.2952 rowmax_in=0.5006 rowmax_out=0.8769 discrete_mse=1358.923218 best_discrete=22.531193 hash=False elapsed=34.1s
step   400/900 tau=0.2046 loss=0.279413 mse_soft=0.278973 ent_in=1.1780 ent_out=0.2876 rowmax_in=0.4992 rowmax_out=0.8792 discrete_mse=1325.767700 best_discrete=22.531193 hash=False elapsed=36.0s
step   425/900 tau=0.1852 loss=0.279169 mse_soft=0.278732 ent_in=1.1766 ent_out=0.2809 rowmax_in=0.4982 rowmax_out=0.8812 discrete_mse=1358.923218 best_discrete=22.531193 hash=False elapsed=38.0s
step   450/900 tau=0.1677 loss=0.277362 mse_soft=0.276927 ent_in=1.1762 ent_out=0.2755 rowmax_in=0.4983 rowmax_out=0.8831 discrete_mse=1453.406006 best_discrete=22.531193 hash=False elapsed=40.2s
step   475/900 tau=0.1518 loss=0.284248 mse_soft=0.283815 ent_in=1.1705 ent_out=0.2729 rowmax_in=0.5011 rowmax_out=0.8836 discrete_mse=708.531982 best_discrete=22.531193 hash=False elapsed=42.5s
step   500/900 tau=0.1374 loss=0.279640 mse_soft=0.279211 ent_in=1.1620 ent_out=0.2695 rowmax_in=0.5044 rowmax_out=0.8841 discrete_mse=1652.176147 best_discrete=22.531193 hash=False elapsed=44.8s
step   525/900 tau=0.1244 loss=0.281338 mse_soft=0.280909 ent_in=1.1621 ent_out=0.2671 rowmax_in=0.5011 rowmax_out=0.8839 discrete_mse=692.661011 best_discrete=22.531193 hash=False elapsed=47.3s
step   550/900 tau=0.1126 loss=0.296461 mse_soft=0.296033 ent_in=1.1579 ent_out=0.2692 rowmax_in=0.5022 rowmax_out=0.8808 discrete_mse=477.237183 best_discrete=22.531193 hash=False elapsed=49.6s
step   575/900 tau=0.1020 loss=0.278195 mse_soft=0.277767 ent_in=1.1579 ent_out=0.2694 rowmax_in=0.5011 rowmax_out=0.8798 discrete_mse=692.661011 best_discrete=22.531193 hash=False elapsed=51.9s
step   600/900 tau=0.0923 loss=0.291612 mse_soft=0.291184 ent_in=1.1536 ent_out=0.2744 rowmax_in=0.4986 rowmax_out=0.8756 discrete_mse=124.170509 best_discrete=22.531193 hash=False elapsed=54.3s
step   625/900 tau=0.0836 loss=0.286053 mse_soft=0.285631 ent_in=1.1382 ent_out=0.2708 rowmax_in=0.5076 rowmax_out=0.8790 discrete_mse=459.697296 best_discrete=22.531193 hash=False elapsed=56.5s
step   650/900 tau=0.0757 loss=0.297406 mse_soft=0.296988 ent_in=1.1308 ent_out=0.2608 rowmax_in=0.5053 rowmax_out=0.8828 discrete_mse=28.423193 best_discrete=22.531193 hash=False elapsed=58.7s
step   675/900 tau=0.0685 loss=0.300443 mse_soft=0.300040 ent_in=1.1049 ent_out=0.2404 rowmax_in=0.5204 rowmax_out=0.8944 discrete_mse=316.699310 best_discrete=22.531193 hash=False elapsed=61.1s
step   700/900 tau=0.0620 loss=0.288294 mse_soft=0.287893 ent_in=1.0974 ent_out=0.2400 rowmax_in=0.5213 rowmax_out=0.8937 discrete_mse=113.996048 best_discrete=22.531193 hash=False elapsed=63.4s
step   725/900 tau=0.0562 loss=0.307287 mse_soft=0.306890 ent_in=1.0846 ent_out=0.2401 rowmax_in=0.5245 rowmax_out=0.8916 discrete_mse=106.290749 best_discrete=22.531193 hash=False elapsed=65.7s
step   750/900 tau=0.0508 loss=0.332683 mse_soft=0.332321 ent_in=0.9902 ent_out=0.2153 rowmax_in=0.5765 rowmax_out=0.9064 discrete_mse=56.105381 best_discrete=22.531193 hash=False elapsed=67.9s
step   775/900 tau=0.0460 loss=0.399197 mse_soft=0.398950 ent_in=0.5995 ent_out=0.2237 rowmax_in=0.7325 rowmax_out=0.8816 discrete_mse=7.391876 best_discrete=7.391876 hash=False elapsed=70.0s
step   800/900 tau=0.0417 loss=0.360754 mse_soft=0.360494 ent_in=0.6477 ent_out=0.2193 rowmax_in=0.6978 rowmax_out=0.8870 discrete_mse=7.608684 best_discrete=7.391876 hash=False elapsed=72.2s
step   825/900 tau=0.0377 loss=0.341190 mse_soft=0.340933 ent_in=0.6509 ent_out=0.2062 rowmax_in=0.6781 rowmax_out=0.8853 discrete_mse=9.852298 best_discrete=7.391876 hash=False elapsed=74.3s
step   850/900 tau=0.0342 loss=0.436337 mse_soft=0.436171 ent_in=0.4023 ent_out=0.1488 rowmax_in=0.7926 rowmax_out=0.9141 discrete_mse=23.940062 best_discrete=7.391876 hash=False elapsed=76.4s
step   875/900 tau=0.0309 loss=0.408761 mse_soft=0.408600 ent_in=0.3784 ent_out=0.1598 rowmax_in=0.8085 rowmax_out=0.9011 discrete_mse=10.036785 best_discrete=7.391876 hash=False elapsed=78.7s
step   900/900 tau=0.0280 loss=0.433077 mse_soft=0.432906 ent_in=0.3928 ent_out=0.1750 rowmax_in=0.7911 rowmax_out=0.8926 discrete_mse=24.622509 best_discrete=7.391876 hash=False elapsed=80.8s

Final metrics:
  soft_mse_full=0.402567
  rowmax_in_mean=0.7981
  rowmax_out_mean=0.8811
  ent_in_mean=0.3866
  ent_out_mean=0.1840
  final_discrete_mse=31.945015
  hash_match=False
  best_discrete_mse_seen=7.391876
Saved results to overnight_b190_j2.json
