Using device: cuda
Train rows: 10000 / Full rows: 10000, steps=700, lr=0.02
step     1/700 tau=1.0000 loss=1.065798 mse_soft=1.063475 ent_in=3.8712 ent_out=3.8712 rowmax_in=0.0213 rowmax_out=0.0213 discrete_mse=24.384722 best_discrete=24.384722 hash=False elapsed=0.5s
step    25/700 tau=0.8866 loss=0.935415 mse_soft=0.933163 ent_in=3.7428 ent_out=3.7633 rowmax_in=0.0372 rowmax_out=0.0364 discrete_mse=2962.046631 best_discrete=24.384722 hash=False elapsed=2.7s
step    50/700 tau=0.7821 loss=0.710777 mse_soft=0.708741 ent_in=3.3619 ent_out=3.4252 rowmax_in=0.0697 rowmax_out=0.0664 discrete_mse=6570.347656 best_discrete=24.384722 hash=False elapsed=5.1s
step    75/700 tau=0.6899 loss=0.587811 mse_soft=0.586013 ent_in=2.9417 ent_out=3.0496 rowmax_in=0.1310 rowmax_out=0.1227 discrete_mse=344.664948 best_discrete=24.384722 hash=False elapsed=7.3s
step   100/700 tau=0.6086 loss=0.468806 mse_soft=0.467370 ent_in=2.3976 ent_out=2.3915 rowmax_in=0.2449 rowmax_out=0.2603 discrete_mse=886.967651 best_discrete=24.384722 hash=False elapsed=9.6s
step   125/700 tau=0.5368 loss=0.378373 mse_soft=0.377328 ent_in=1.8312 ent_out=1.6508 rowmax_in=0.3912 rowmax_out=0.4823 discrete_mse=215.595673 best_discrete=24.384722 hash=False elapsed=11.8s
step   150/700 tau=0.4736 loss=0.333920 mse_soft=0.333125 ent_in=1.4993 ent_out=1.1485 rowmax_in=0.4736 rowmax_out=0.6189 discrete_mse=979.984802 best_discrete=24.384722 hash=False elapsed=13.8s
step   175/700 tau=0.4177 loss=0.310660 mse_soft=0.310006 ent_in=1.3226 ent_out=0.8561 rowmax_in=0.5054 rowmax_out=0.6896 discrete_mse=363.554199 best_discrete=24.384722 hash=False elapsed=16.1s
step   200/700 tau=0.3685 loss=0.298594 mse_soft=0.298019 ent_in=1.2212 ent_out=0.6970 rowmax_in=0.5277 rowmax_out=0.7205 discrete_mse=856.172974 best_discrete=24.384722 hash=False elapsed=18.3s
step   225/700 tau=0.3251 loss=0.290867 mse_soft=0.290344 ent_in=1.1418 ent_out=0.6003 rowmax_in=0.5400 rowmax_out=0.7523 discrete_mse=650.510376 best_discrete=24.384722 hash=False elapsed=20.5s
step   250/700 tau=0.2868 loss=0.285166 mse_soft=0.284677 ent_in=1.0972 ent_out=0.5346 rowmax_in=0.5452 rowmax_out=0.7741 discrete_mse=334.247131 best_discrete=24.384722 hash=False elapsed=23.0s
step   275/700 tau=0.2530 loss=0.280615 mse_soft=0.280149 ent_in=1.0510 ent_out=0.5024 rowmax_in=0.5594 rowmax_out=0.7853 discrete_mse=334.247131 best_discrete=24.384722 hash=False elapsed=25.2s
step   300/700 tau=0.2231 loss=0.278257 mse_soft=0.277800 ent_in=1.0326 ent_out=0.4902 rowmax_in=0.5597 rowmax_out=0.7885 discrete_mse=274.829529 best_discrete=24.384722 hash=False elapsed=27.6s
step   325/700 tau=0.1968 loss=0.278094 mse_soft=0.277648 ent_in=1.0205 ent_out=0.4642 rowmax_in=0.5610 rowmax_out=0.7912 discrete_mse=166.701553 best_discrete=24.384722 hash=False elapsed=29.8s
step   350/700 tau=0.1736 loss=0.275377 mse_soft=0.274940 ent_in=1.0182 ent_out=0.4397 rowmax_in=0.5583 rowmax_out=0.7972 discrete_mse=166.701553 best_discrete=24.384722 hash=False elapsed=31.9s
step   375/700 tau=0.1532 loss=0.276937 mse_soft=0.276506 ent_in=1.0132 ent_out=0.4222 rowmax_in=0.5572 rowmax_out=0.8012 discrete_mse=232.272415 best_discrete=24.384722 hash=False elapsed=34.2s
step   400/700 tau=0.1351 loss=0.275888 mse_soft=0.275461 ent_in=1.0108 ent_out=0.4110 rowmax_in=0.5573 rowmax_out=0.8035 discrete_mse=166.701553 best_discrete=24.384722 hash=False elapsed=36.8s
step   425/700 tau=0.1192 loss=0.275202 mse_soft=0.274778 ent_in=1.0095 ent_out=0.4046 rowmax_in=0.5573 rowmax_out=0.8052 discrete_mse=161.653320 best_discrete=24.384722 hash=False elapsed=39.2s
step   450/700 tau=0.1051 loss=0.276363 mse_soft=0.275940 ent_in=1.0056 ent_out=0.4024 rowmax_in=0.5585 rowmax_out=0.8055 discrete_mse=161.653320 best_discrete=24.384722 hash=False elapsed=41.5s
step   475/700 tau=0.0928 loss=0.276982 mse_soft=0.276560 ent_in=1.0074 ent_out=0.4011 rowmax_in=0.5573 rowmax_out=0.8066 discrete_mse=132.182175 best_discrete=24.384722 hash=False elapsed=43.7s
step   500/700 tau=0.0818 loss=0.276523 mse_soft=0.276105 ent_in=1.0050 ent_out=0.3905 rowmax_in=0.5542 rowmax_out=0.8131 discrete_mse=186.429077 best_discrete=24.384722 hash=False elapsed=46.0s
step   525/700 tau=0.0722 loss=0.278158 mse_soft=0.277745 ent_in=1.0058 ent_out=0.3714 rowmax_in=0.5516 rowmax_out=0.8209 discrete_mse=186.429077 best_discrete=24.384722 hash=False elapsed=48.3s
step   550/700 tau=0.0637 loss=0.279614 mse_soft=0.279205 ent_in=0.9975 ent_out=0.3690 rowmax_in=0.5575 rowmax_out=0.8189 discrete_mse=186.429077 best_discrete=24.384722 hash=False elapsed=50.7s
step   575/700 tau=0.0562 loss=0.305500 mse_soft=0.305103 ent_in=0.9659 ent_out=0.3569 rowmax_in=0.5719 rowmax_out=0.8247 discrete_mse=468.287292 best_discrete=24.384722 hash=False elapsed=52.9s
step   600/700 tau=0.0495 loss=0.320801 mse_soft=0.320413 ent_in=0.9489 ent_out=0.3437 rowmax_in=0.5676 rowmax_out=0.8346 discrete_mse=142.592758 best_discrete=24.384722 hash=False elapsed=55.1s
step   625/700 tau=0.0437 loss=0.299519 mse_soft=0.299146 ent_in=0.9070 ent_out=0.3362 rowmax_in=0.5804 rowmax_out=0.8384 discrete_mse=165.630386 best_discrete=24.384722 hash=False elapsed=57.6s
step   650/700 tau=0.0386 loss=0.285511 mse_soft=0.285145 ent_in=0.9082 ent_out=0.3141 rowmax_in=0.5612 rowmax_out=0.8481 discrete_mse=157.881622 best_discrete=24.384722 hash=False elapsed=59.9s
step   675/700 tau=0.0340 loss=0.355910 mse_soft=0.355614 ent_in=0.7476 ent_out=0.2401 rowmax_in=0.6206 rowmax_out=0.8857 discrete_mse=32.351349 best_discrete=24.384722 hash=False elapsed=62.2s
step   700/700 tau=0.0300 loss=0.330264 mse_soft=0.329988 ent_in=0.6956 ent_out=0.2249 rowmax_in=0.6365 rowmax_out=0.8913 discrete_mse=6.430352 best_discrete=6.430352 hash=False elapsed=64.5s

Final metrics:
  soft_mse_full=0.323340
  rowmax_in_mean=0.6354
  rowmax_out_mean=0.8921
  ent_in_mean=0.6972
  ent_out_mean=0.2244
  final_discrete_mse=8.487675
  hash_match=False
  best_discrete_mse_seen=6.430352
Saved results to overnight_b152_j3.json
