Using device: cuda
Train rows: 10000 / Full rows: 10000, steps=700, lr=0.015
step     1/700 tau=1.0000 loss=1.064143 mse_soft=1.063369 ent_in=3.8712 ent_out=3.8712 rowmax_in=0.0213 rowmax_out=0.0213 discrete_mse=167.598831 best_discrete=167.598831 hash=False elapsed=0.6s
step    25/700 tau=0.8810 loss=0.971744 mse_soft=0.970985 ent_in=3.7929 ent_out=3.8051 rowmax_in=0.0332 rowmax_out=0.0323 discrete_mse=657.307800 best_discrete=167.598831 hash=False elapsed=2.9s
step    50/700 tau=0.7721 loss=0.785026 mse_soft=0.784319 ent_in=3.5142 ent_out=3.5648 rowmax_in=0.0576 rowmax_out=0.0548 discrete_mse=8351.992188 best_discrete=167.598831 hash=False elapsed=5.3s
step    75/700 tau=0.6767 loss=0.639885 mse_soft=0.639250 ent_in=3.1264 ent_out=3.2258 rowmax_in=0.0960 rowmax_out=0.0937 discrete_mse=3611.978271 best_discrete=167.598831 hash=False elapsed=7.7s
step   100/700 tau=0.5931 loss=0.530785 mse_soft=0.530233 ent_in=2.7156 ent_out=2.8091 rowmax_in=0.1784 rowmax_out=0.1711 discrete_mse=2154.260986 best_discrete=167.598831 hash=False elapsed=10.0s
step   125/700 tau=0.5198 loss=0.439286 mse_soft=0.438845 ent_in=2.2333 ent_out=2.1697 rowmax_in=0.2911 rowmax_out=0.3190 discrete_mse=1402.085205 best_discrete=167.598831 hash=False elapsed=12.4s
step   150/700 tau=0.4555 loss=0.371891 mse_soft=0.371561 ent_in=1.7977 ent_out=1.4957 rowmax_in=0.4106 rowmax_out=0.5106 discrete_mse=2127.661865 best_discrete=167.598831 hash=False elapsed=14.7s
step   175/700 tau=0.3992 loss=0.338421 mse_soft=0.338161 ent_in=1.5328 ent_out=1.0742 rowmax_in=0.4753 rowmax_out=0.6209 discrete_mse=1864.658325 best_discrete=167.598831 hash=False elapsed=17.1s
step   200/700 tau=0.3499 loss=0.322453 mse_soft=0.322233 ent_in=1.3688 ent_out=0.8353 rowmax_in=0.4914 rowmax_out=0.6763 discrete_mse=574.966553 best_discrete=167.598831 hash=False elapsed=19.5s
step   225/700 tau=0.3066 loss=0.313821 mse_soft=0.313626 ent_in=1.2716 ent_out=0.6782 rowmax_in=0.5023 rowmax_out=0.7272 discrete_mse=297.322968 best_discrete=167.598831 hash=False elapsed=21.9s
step   250/700 tau=0.2687 loss=0.308043 mse_soft=0.307864 ent_in=1.2131 ent_out=0.5751 rowmax_in=0.5134 rowmax_out=0.7596 discrete_mse=344.785492 best_discrete=167.598831 hash=False elapsed=24.3s
step   275/700 tau=0.2355 loss=0.303638 mse_soft=0.303471 ent_in=1.1741 ent_out=0.4970 rowmax_in=0.5231 rowmax_out=0.7912 discrete_mse=548.253967 best_discrete=167.598831 hash=False elapsed=26.7s
step   300/700 tau=0.2064 loss=0.301330 mse_soft=0.301171 ent_in=1.1560 ent_out=0.4380 rowmax_in=0.5260 rowmax_out=0.8135 discrete_mse=548.253967 best_discrete=167.598831 hash=False elapsed=29.1s
step   325/700 tau=0.1809 loss=0.298076 mse_soft=0.297923 ent_in=1.1382 ent_out=0.3996 rowmax_in=0.5297 rowmax_out=0.8281 discrete_mse=548.253967 best_discrete=167.598831 hash=False elapsed=31.5s
step   350/700 tau=0.1585 loss=0.296685 mse_soft=0.296533 ent_in=1.1314 ent_out=0.3816 rowmax_in=0.5308 rowmax_out=0.8322 discrete_mse=548.253967 best_discrete=167.598831 hash=False elapsed=33.9s
step   375/700 tau=0.1389 loss=0.297051 mse_soft=0.296903 ent_in=1.1188 ent_out=0.3658 rowmax_in=0.5324 rowmax_out=0.8384 discrete_mse=753.444092 best_discrete=167.598831 hash=False elapsed=36.3s
step   400/700 tau=0.1218 loss=0.298189 mse_soft=0.298043 ent_in=1.1071 ent_out=0.3540 rowmax_in=0.5307 rowmax_out=0.8406 discrete_mse=692.216003 best_discrete=167.598831 hash=False elapsed=38.7s
step   425/700 tau=0.1067 loss=0.294698 mse_soft=0.294554 ent_in=1.0982 ent_out=0.3452 rowmax_in=0.5304 rowmax_out=0.8402 discrete_mse=360.840393 best_discrete=167.598831 hash=False elapsed=41.1s
step   450/700 tau=0.0935 loss=0.294273 mse_soft=0.294130 ent_in=1.0924 ent_out=0.3349 rowmax_in=0.5295 rowmax_out=0.8444 discrete_mse=360.840393 best_discrete=167.598831 hash=False elapsed=43.5s
step   475/700 tau=0.0820 loss=0.299353 mse_soft=0.299211 ent_in=1.0881 ent_out=0.3325 rowmax_in=0.5292 rowmax_out=0.8429 discrete_mse=360.840393 best_discrete=167.598831 hash=False elapsed=45.9s
step   500/700 tau=0.0718 loss=0.302983 mse_soft=0.302841 ent_in=1.0836 ent_out=0.3306 rowmax_in=0.5279 rowmax_out=0.8426 discrete_mse=496.879700 best_discrete=167.598831 hash=False elapsed=48.3s
step   525/700 tau=0.0630 loss=0.302220 mse_soft=0.302078 ent_in=1.0837 ent_out=0.3392 rowmax_in=0.5242 rowmax_out=0.8313 discrete_mse=496.879700 best_discrete=167.598831 hash=False elapsed=50.6s
step   550/700 tau=0.0552 loss=0.302670 mse_soft=0.302529 ent_in=1.0771 ent_out=0.3340 rowmax_in=0.5238 rowmax_out=0.8322 discrete_mse=352.288055 best_discrete=167.598831 hash=False elapsed=53.0s
step   575/700 tau=0.0484 loss=0.307877 mse_soft=0.307738 ent_in=1.0580 ent_out=0.3348 rowmax_in=0.5324 rowmax_out=0.8304 discrete_mse=366.801331 best_discrete=167.598831 hash=False elapsed=55.5s
step   600/700 tau=0.0424 loss=0.305336 mse_soft=0.305198 ent_in=1.0429 ent_out=0.3382 rowmax_in=0.5346 rowmax_out=0.8294 discrete_mse=495.441895 best_discrete=167.598831 hash=False elapsed=57.8s
step   625/700 tau=0.0371 loss=0.348160 mse_soft=0.348024 ent_in=1.0097 ent_out=0.3428 rowmax_in=0.5418 rowmax_out=0.8221 discrete_mse=266.169861 best_discrete=167.598831 hash=False elapsed=60.2s
step   650/700 tau=0.0325 loss=0.317047 mse_soft=0.316928 ent_in=0.8901 ent_out=0.2958 rowmax_in=0.5799 rowmax_out=0.8354 discrete_mse=60.984474 best_discrete=60.984474 hash=False elapsed=62.5s
step   675/700 tau=0.0285 loss=0.316599 mse_soft=0.316482 ent_in=0.8744 ent_out=0.2975 rowmax_in=0.5876 rowmax_out=0.8336 discrete_mse=240.226013 best_discrete=60.984474 hash=False elapsed=64.9s
step   700/700 tau=0.0250 loss=0.594605 mse_soft=0.594538 ent_in=0.5288 ent_out=0.1466 rowmax_in=0.7338 rowmax_out=0.9202 discrete_mse=39.523491 best_discrete=39.523491 hash=False elapsed=67.2s

Final metrics:
  soft_mse_full=0.562833
  rowmax_in_mean=0.7442
  rowmax_out_mean=0.9198
  ent_in_mean=0.4992
  ent_out_mean=0.1444
  final_discrete_mse=13.995295
  hash_match=False
  best_discrete_mse_seen=39.523491
Saved results to overnight_b171_j4.json
