Using device: cuda
Train rows: 10000 / Full rows: 10000, steps=700, lr=0.015
step     1/700 tau=1.0000 loss=1.064145 mse_soft=1.063370 ent_in=3.8712 ent_out=3.8712 rowmax_in=0.0213 rowmax_out=0.0213 discrete_mse=64.098167 best_discrete=64.098167 hash=False elapsed=0.5s
step    25/700 tau=0.8810 loss=0.972067 mse_soft=0.971308 ent_in=3.7931 ent_out=3.8052 rowmax_in=0.0330 rowmax_out=0.0321 discrete_mse=2338.319580 best_discrete=64.098167 hash=False elapsed=2.5s
step    50/700 tau=0.7721 loss=0.786532 mse_soft=0.785824 ent_in=3.5155 ent_out=3.5649 rowmax_in=0.0570 rowmax_out=0.0539 discrete_mse=7084.073242 best_discrete=64.098167 hash=False elapsed=4.6s
step    75/700 tau=0.6767 loss=0.643319 mse_soft=0.642682 ent_in=3.1328 ent_out=3.2325 rowmax_in=0.0972 rowmax_out=0.0898 discrete_mse=5689.093262 best_discrete=64.098167 hash=False elapsed=6.8s
step   100/700 tau=0.5931 loss=0.535515 mse_soft=0.534959 ent_in=2.7359 ent_out=2.8266 rowmax_in=0.1729 rowmax_out=0.1673 discrete_mse=319.938049 best_discrete=64.098167 hash=False elapsed=8.9s
step   125/700 tau=0.5198 loss=0.438239 mse_soft=0.437802 ent_in=2.2075 ent_out=2.1649 rowmax_in=0.2966 rowmax_out=0.3225 discrete_mse=701.294556 best_discrete=64.098167 hash=False elapsed=11.2s
step   150/700 tau=0.4555 loss=0.370193 mse_soft=0.369865 ent_in=1.7744 ent_out=1.5045 rowmax_in=0.3925 rowmax_out=0.5107 discrete_mse=442.028198 best_discrete=64.098167 hash=False elapsed=13.3s
step   175/700 tau=0.3992 loss=0.333771 mse_soft=0.333511 ent_in=1.5478 ent_out=1.0523 rowmax_in=0.4298 rowmax_out=0.6171 discrete_mse=551.336609 best_discrete=64.098167 hash=False elapsed=15.5s
step   200/700 tau=0.3499 loss=0.313785 mse_soft=0.313570 ent_in=1.4033 ent_out=0.7454 rowmax_in=0.4495 rowmax_out=0.7094 discrete_mse=187.100693 best_discrete=64.098167 hash=False elapsed=17.6s
step   225/700 tau=0.3066 loss=0.304029 mse_soft=0.303839 ent_in=1.3107 ent_out=0.5886 rowmax_in=0.4597 rowmax_out=0.7650 discrete_mse=119.204659 best_discrete=64.098167 hash=False elapsed=19.7s
step   250/700 tau=0.2687 loss=0.300354 mse_soft=0.300179 ent_in=1.2601 ent_out=0.4969 rowmax_in=0.4693 rowmax_out=0.7907 discrete_mse=543.533020 best_discrete=64.098167 hash=False elapsed=21.7s
step   275/700 tau=0.2355 loss=0.297485 mse_soft=0.297316 ent_in=1.2372 ent_out=0.4513 rowmax_in=0.4720 rowmax_out=0.8012 discrete_mse=208.690842 best_discrete=64.098167 hash=False elapsed=23.8s
step   300/700 tau=0.2064 loss=0.295638 mse_soft=0.295473 ent_in=1.2164 ent_out=0.4301 rowmax_in=0.4795 rowmax_out=0.8057 discrete_mse=311.904297 best_discrete=64.098167 hash=False elapsed=25.8s
step   325/700 tau=0.1809 loss=0.295886 mse_soft=0.295724 ent_in=1.1996 ent_out=0.4183 rowmax_in=0.4842 rowmax_out=0.8048 discrete_mse=301.552795 best_discrete=64.098167 hash=False elapsed=27.9s
step   350/700 tau=0.1585 loss=0.293089 mse_soft=0.292930 ent_in=1.1829 ent_out=0.4106 rowmax_in=0.4865 rowmax_out=0.8024 discrete_mse=184.924301 best_discrete=64.098167 hash=False elapsed=30.0s
step   375/700 tau=0.1389 loss=0.290954 mse_soft=0.290798 ent_in=1.1718 ent_out=0.3918 rowmax_in=0.4897 rowmax_out=0.8091 discrete_mse=184.924301 best_discrete=64.098167 hash=False elapsed=32.1s
step   400/700 tau=0.1218 loss=0.293095 mse_soft=0.292941 ent_in=1.1653 ent_out=0.3736 rowmax_in=0.4907 rowmax_out=0.8158 discrete_mse=184.924301 best_discrete=64.098167 hash=False elapsed=34.3s
step   425/700 tau=0.1067 loss=0.290906 mse_soft=0.290754 ent_in=1.1619 ent_out=0.3618 rowmax_in=0.4899 rowmax_out=0.8188 discrete_mse=409.075073 best_discrete=64.098167 hash=False elapsed=36.3s
step   450/700 tau=0.0935 loss=0.295030 mse_soft=0.294879 ent_in=1.1560 ent_out=0.3541 rowmax_in=0.4936 rowmax_out=0.8202 discrete_mse=486.484100 best_discrete=64.098167 hash=False elapsed=38.3s
step   475/700 tau=0.0820 loss=0.301403 mse_soft=0.301253 ent_in=1.1475 ent_out=0.3484 rowmax_in=0.4929 rowmax_out=0.8219 discrete_mse=79.402977 best_discrete=64.098167 hash=False elapsed=40.5s
step   500/700 tau=0.0718 loss=0.297775 mse_soft=0.297627 ent_in=1.1346 ent_out=0.3451 rowmax_in=0.4967 rowmax_out=0.8225 discrete_mse=140.885971 best_discrete=64.098167 hash=False elapsed=42.6s
step   525/700 tau=0.0630 loss=0.292192 mse_soft=0.292045 ent_in=1.1246 ent_out=0.3448 rowmax_in=0.5012 rowmax_out=0.8250 discrete_mse=105.564148 best_discrete=64.098167 hash=False elapsed=44.6s
step   550/700 tau=0.0552 loss=0.297056 mse_soft=0.296912 ent_in=1.1083 ent_out=0.3376 rowmax_in=0.5059 rowmax_out=0.8281 discrete_mse=77.586632 best_discrete=64.098167 hash=False elapsed=46.6s
step   575/700 tau=0.0484 loss=0.296140 mse_soft=0.295997 ent_in=1.1037 ent_out=0.3305 rowmax_in=0.5023 rowmax_out=0.8318 discrete_mse=83.959137 best_discrete=64.098167 hash=False elapsed=48.5s
step   600/700 tau=0.0424 loss=0.301050 mse_soft=0.300907 ent_in=1.0955 ent_out=0.3346 rowmax_in=0.5046 rowmax_out=0.8284 discrete_mse=88.495071 best_discrete=64.098167 hash=False elapsed=50.4s
step   625/700 tau=0.0371 loss=0.311051 mse_soft=0.310911 ent_in=1.0773 ent_out=0.3232 rowmax_in=0.5118 rowmax_out=0.8339 discrete_mse=87.229301 best_discrete=64.098167 hash=False elapsed=52.3s
step   650/700 tau=0.0325 loss=0.385109 mse_soft=0.384981 ent_in=0.9780 ent_out=0.2957 rowmax_in=0.5462 rowmax_out=0.8534 discrete_mse=5.466699 best_discrete=5.466699 hash=False elapsed=54.4s
step   675/700 tau=0.0285 loss=0.320811 mse_soft=0.320687 ent_in=0.9595 ent_out=0.2867 rowmax_in=0.5375 rowmax_out=0.8543 discrete_mse=27.047380 best_discrete=5.466699 hash=False elapsed=56.3s
step   700/700 tau=0.0250 loss=0.328370 mse_soft=0.328246 ent_in=0.9538 ent_out=0.2842 rowmax_in=0.5340 rowmax_out=0.8551 discrete_mse=16.800653 best_discrete=5.466699 hash=False elapsed=58.4s

Final metrics:
  soft_mse_full=0.316629
  rowmax_in_mean=0.5341
  rowmax_out_mean=0.8550
  ent_in_mean=0.9534
  ent_out_mean=0.2873
  final_discrete_mse=7.432558
  hash_match=False
  best_discrete_mse_seen=5.466699
Saved results to overnight_b024_j4.json
