Using device: cuda
Train rows: 10000 / Full rows: 10000, steps=700, lr=0.02
step     1/700 tau=1.0000 loss=1.065746 mse_soft=1.063423 ent_in=3.8712 ent_out=3.8712 rowmax_in=0.0213 rowmax_out=0.0213 discrete_mse=33.313076 best_discrete=33.313076 hash=False elapsed=0.5s
step    25/700 tau=0.8866 loss=0.934728 mse_soft=0.932477 ent_in=3.7425 ent_out=3.7629 rowmax_in=0.0373 rowmax_out=0.0363 discrete_mse=4719.129883 best_discrete=33.313076 hash=False elapsed=2.7s
step    50/700 tau=0.7821 loss=0.709559 mse_soft=0.707523 ent_in=3.3640 ent_out=3.4221 rowmax_in=0.0692 rowmax_out=0.0676 discrete_mse=6079.282227 best_discrete=33.313076 hash=False elapsed=5.1s
step    75/700 tau=0.6899 loss=0.585350 mse_soft=0.583555 ent_in=2.9413 ent_out=3.0432 rowmax_in=0.1292 rowmax_out=0.1212 discrete_mse=3091.071533 best_discrete=33.313076 hash=False elapsed=7.5s
step   100/700 tau=0.6086 loss=0.473982 mse_soft=0.472538 ent_in=2.4006 ent_out=2.4146 rowmax_in=0.2450 rowmax_out=0.2492 discrete_mse=1054.366821 best_discrete=33.313076 hash=False elapsed=9.9s
step   125/700 tau=0.5368 loss=0.385567 mse_soft=0.384517 ent_in=1.8670 ent_out=1.6320 rowmax_in=0.3664 rowmax_out=0.4750 discrete_mse=762.714050 best_discrete=33.313076 hash=False elapsed=12.3s
step   150/700 tau=0.4736 loss=0.340284 mse_soft=0.339496 ent_in=1.5184 ent_out=1.1078 rowmax_in=0.4486 rowmax_out=0.6153 discrete_mse=2852.307373 best_discrete=33.313076 hash=False elapsed=14.7s
step   175/700 tau=0.4177 loss=0.315653 mse_soft=0.315019 ent_in=1.3137 ent_out=0.8000 rowmax_in=0.4906 rowmax_out=0.7262 discrete_mse=3678.232666 best_discrete=33.313076 hash=False elapsed=17.0s
step   200/700 tau=0.3685 loss=0.302109 mse_soft=0.301572 ent_in=1.2020 ent_out=0.5860 rowmax_in=0.5106 rowmax_out=0.7874 discrete_mse=4233.091309 best_discrete=33.313076 hash=False elapsed=19.3s
step   225/700 tau=0.3251 loss=0.297555 mse_soft=0.297067 ent_in=1.1478 ent_out=0.4770 rowmax_in=0.5135 rowmax_out=0.8157 discrete_mse=9874.307617 best_discrete=33.313076 hash=False elapsed=21.8s
step   250/700 tau=0.2868 loss=0.293493 mse_soft=0.293028 ent_in=1.1244 ent_out=0.4262 rowmax_in=0.5123 rowmax_out=0.8280 discrete_mse=10419.141602 best_discrete=33.313076 hash=False elapsed=24.0s
step   275/700 tau=0.2530 loss=0.291304 mse_soft=0.290855 ent_in=1.1094 ent_out=0.3868 rowmax_in=0.5115 rowmax_out=0.8403 discrete_mse=10419.141602 best_discrete=33.313076 hash=False elapsed=26.4s
step   300/700 tau=0.2231 loss=0.287779 mse_soft=0.287342 ent_in=1.0886 ent_out=0.3665 rowmax_in=0.5164 rowmax_out=0.8426 discrete_mse=9210.849609 best_discrete=33.313076 hash=False elapsed=28.8s
step   325/700 tau=0.1968 loss=0.289195 mse_soft=0.288767 ent_in=1.0720 ent_out=0.3549 rowmax_in=0.5179 rowmax_out=0.8376 discrete_mse=13117.825195 best_discrete=33.313076 hash=False elapsed=31.3s
step   350/700 tau=0.1736 loss=0.283271 mse_soft=0.282854 ent_in=1.0462 ent_out=0.3449 rowmax_in=0.5248 rowmax_out=0.8391 discrete_mse=9925.276367 best_discrete=33.313076 hash=False elapsed=33.7s
step   375/700 tau=0.1532 loss=0.283967 mse_soft=0.283555 ent_in=1.0430 ent_out=0.3313 rowmax_in=0.5222 rowmax_out=0.8446 discrete_mse=3195.109619 best_discrete=33.313076 hash=False elapsed=35.7s
step   400/700 tau=0.1351 loss=0.282147 mse_soft=0.281742 ent_in=1.0373 ent_out=0.3145 rowmax_in=0.5247 rowmax_out=0.8482 discrete_mse=1597.495117 best_discrete=33.313076 hash=False elapsed=38.0s
step   425/700 tau=0.1192 loss=0.284451 mse_soft=0.284049 ent_in=1.0357 ent_out=0.3028 rowmax_in=0.5241 rowmax_out=0.8501 discrete_mse=483.696686 best_discrete=33.313076 hash=False elapsed=40.2s
step   450/700 tau=0.1051 loss=0.291160 mse_soft=0.290760 ent_in=1.0342 ent_out=0.2965 rowmax_in=0.5254 rowmax_out=0.8539 discrete_mse=831.166382 best_discrete=33.313076 hash=False elapsed=42.3s
step   475/700 tau=0.0928 loss=0.293908 mse_soft=0.293511 ent_in=1.0300 ent_out=0.2931 rowmax_in=0.5281 rowmax_out=0.8541 discrete_mse=719.854675 best_discrete=33.313076 hash=False elapsed=44.6s
step   500/700 tau=0.0818 loss=0.285587 mse_soft=0.285193 ent_in=1.0230 ent_out=0.2918 rowmax_in=0.5288 rowmax_out=0.8546 discrete_mse=483.696686 best_discrete=33.313076 hash=False elapsed=46.9s
step   525/700 tau=0.0722 loss=0.324585 mse_soft=0.324192 ent_in=1.0169 ent_out=0.2910 rowmax_in=0.5291 rowmax_out=0.8551 discrete_mse=1031.724121 best_discrete=33.313076 hash=False elapsed=49.2s
step   550/700 tau=0.0637 loss=0.311370 mse_soft=0.311036 ent_in=0.8742 ent_out=0.2381 rowmax_in=0.5970 rowmax_out=0.8878 discrete_mse=156.469803 best_discrete=33.313076 hash=False elapsed=51.7s
step   575/700 tau=0.0562 loss=0.296933 mse_soft=0.296589 ent_in=0.8947 ent_out=0.2517 rowmax_in=0.5737 rowmax_out=0.8715 discrete_mse=105.352272 best_discrete=33.313076 hash=False elapsed=54.1s
step   600/700 tau=0.0495 loss=0.300935 mse_soft=0.300599 ent_in=0.8727 ent_out=0.2487 rowmax_in=0.5822 rowmax_out=0.8806 discrete_mse=49.020668 best_discrete=33.313076 hash=False elapsed=56.4s
step   625/700 tau=0.0437 loss=0.298212 mse_soft=0.297873 ent_in=0.8791 ent_out=0.2517 rowmax_in=0.5749 rowmax_out=0.8771 discrete_mse=116.377548 best_discrete=33.313076 hash=False elapsed=58.9s
step   650/700 tau=0.0386 loss=0.317758 mse_soft=0.317426 ent_in=0.8622 ent_out=0.2426 rowmax_in=0.5868 rowmax_out=0.8774 discrete_mse=69.244637 best_discrete=33.313076 hash=False elapsed=61.2s
step   675/700 tau=0.0340 loss=0.308992 mse_soft=0.308657 ent_in=0.8571 ent_out=0.2606 rowmax_in=0.5846 rowmax_out=0.8718 discrete_mse=87.938492 best_discrete=33.313076 hash=False elapsed=63.5s
step   700/700 tau=0.0300 loss=0.405484 mse_soft=0.405263 ent_in=0.6494 ent_out=0.0905 rowmax_in=0.6672 rowmax_out=0.9608 discrete_mse=69.048782 best_discrete=33.313076 hash=False elapsed=66.0s

Final metrics:
  soft_mse_full=0.391860
  rowmax_in_mean=0.6539
  rowmax_out_mean=0.9599
  ent_in_mean=0.6593
  ent_out_mean=0.0904
  final_discrete_mse=69.048782
  hash_match=False
  best_discrete_mse_seen=33.313076
Saved results to overnight_b154_j3.json
