Using device: cuda
Train rows: 10000 / Full rows: 10000, steps=700, lr=0.015
step     1/700 tau=1.0000 loss=1.064180 mse_soft=1.063406 ent_in=3.8712 ent_out=3.8712 rowmax_in=0.0213 rowmax_out=0.0213 discrete_mse=163.019714 best_discrete=163.019714 hash=False elapsed=0.5s
step    25/700 tau=0.8810 loss=0.971796 mse_soft=0.971036 ent_in=3.7933 ent_out=3.8052 rowmax_in=0.0330 rowmax_out=0.0323 discrete_mse=1308.188110 best_discrete=163.019714 hash=False elapsed=2.7s
step    50/700 tau=0.7721 loss=0.787004 mse_soft=0.786296 ent_in=3.5167 ent_out=3.5661 rowmax_in=0.0567 rowmax_out=0.0545 discrete_mse=1830.395508 best_discrete=163.019714 hash=False elapsed=5.0s
step    75/700 tau=0.6767 loss=0.645805 mse_soft=0.645168 ent_in=3.1341 ent_out=3.2323 rowmax_in=0.0944 rowmax_out=0.0910 discrete_mse=2402.912842 best_discrete=163.019714 hash=False elapsed=7.2s
step   100/700 tau=0.5931 loss=0.534319 mse_soft=0.533765 ent_in=2.7224 ent_out=2.8174 rowmax_in=0.1776 rowmax_out=0.1691 discrete_mse=912.473755 best_discrete=163.019714 hash=False elapsed=9.5s
step   125/700 tau=0.5198 loss=0.436071 mse_soft=0.435636 ent_in=2.2009 ent_out=2.1402 rowmax_in=0.2996 rowmax_out=0.3295 discrete_mse=960.857971 best_discrete=163.019714 hash=False elapsed=11.8s
step   150/700 tau=0.4555 loss=0.359654 mse_soft=0.359339 ent_in=1.7303 ent_out=1.4196 rowmax_in=0.4083 rowmax_out=0.5420 discrete_mse=694.166565 best_discrete=163.019714 hash=False elapsed=13.9s
step   175/700 tau=0.3992 loss=0.322997 mse_soft=0.322762 ent_in=1.4342 ent_out=0.9152 rowmax_in=0.4674 rowmax_out=0.6932 discrete_mse=2264.287598 best_discrete=163.019714 hash=False elapsed=16.1s
step   200/700 tau=0.3499 loss=0.312033 mse_soft=0.311834 ent_in=1.3148 ent_out=0.6755 rowmax_in=0.4784 rowmax_out=0.7486 discrete_mse=1439.295166 best_discrete=163.019714 hash=False elapsed=18.2s
step   225/700 tau=0.3066 loss=0.305859 mse_soft=0.305679 ent_in=1.2478 ent_out=0.5542 rowmax_in=0.4905 rowmax_out=0.7784 discrete_mse=1491.472900 best_discrete=163.019714 hash=False elapsed=20.6s
step   250/700 tau=0.2687 loss=0.301641 mse_soft=0.301472 ent_in=1.2017 ent_out=0.4861 rowmax_in=0.5014 rowmax_out=0.7981 discrete_mse=1055.695312 best_discrete=163.019714 hash=False elapsed=22.7s
step   275/700 tau=0.2355 loss=0.299490 mse_soft=0.299327 ent_in=1.1752 ent_out=0.4540 rowmax_in=0.5090 rowmax_out=0.7975 discrete_mse=515.205811 best_discrete=163.019714 hash=False elapsed=24.9s
step   300/700 tau=0.2064 loss=0.297366 mse_soft=0.297210 ent_in=1.1534 ent_out=0.4068 rowmax_in=0.5151 rowmax_out=0.8095 discrete_mse=207.426804 best_discrete=163.019714 hash=False elapsed=27.1s
step   325/700 tau=0.1809 loss=0.293942 mse_soft=0.293791 ent_in=1.1360 ent_out=0.3781 rowmax_in=0.5196 rowmax_out=0.8151 discrete_mse=499.164276 best_discrete=163.019714 hash=False elapsed=29.3s
step   350/700 tau=0.1585 loss=0.295616 mse_soft=0.295467 ent_in=1.1239 ent_out=0.3694 rowmax_in=0.5222 rowmax_out=0.8166 discrete_mse=354.492096 best_discrete=163.019714 hash=False elapsed=31.4s
step   375/700 tau=0.1389 loss=0.295010 mse_soft=0.294863 ent_in=1.1055 ent_out=0.3629 rowmax_in=0.5286 rowmax_out=0.8165 discrete_mse=741.349365 best_discrete=163.019714 hash=False elapsed=33.4s
step   400/700 tau=0.1218 loss=0.294220 mse_soft=0.294076 ent_in=1.0907 ent_out=0.3494 rowmax_in=0.5339 rowmax_out=0.8225 discrete_mse=741.349365 best_discrete=163.019714 hash=False elapsed=35.4s
step   425/700 tau=0.1067 loss=0.291858 mse_soft=0.291716 ent_in=1.0852 ent_out=0.3402 rowmax_in=0.5332 rowmax_out=0.8259 discrete_mse=511.870331 best_discrete=163.019714 hash=False elapsed=37.4s
step   450/700 tau=0.0935 loss=0.292155 mse_soft=0.292013 ent_in=1.0791 ent_out=0.3380 rowmax_in=0.5346 rowmax_out=0.8249 discrete_mse=1058.325806 best_discrete=163.019714 hash=False elapsed=39.6s
step   475/700 tau=0.0820 loss=0.295776 mse_soft=0.295635 ent_in=1.0739 ent_out=0.3399 rowmax_in=0.5364 rowmax_out=0.8238 discrete_mse=596.664673 best_discrete=163.019714 hash=False elapsed=41.7s
step   500/700 tau=0.0718 loss=0.294079 mse_soft=0.293937 ent_in=1.0718 ent_out=0.3481 rowmax_in=0.5353 rowmax_out=0.8138 discrete_mse=678.985107 best_discrete=163.019714 hash=False elapsed=44.1s
step   525/700 tau=0.0630 loss=0.298604 mse_soft=0.298463 ent_in=1.0673 ent_out=0.3485 rowmax_in=0.5331 rowmax_out=0.8119 discrete_mse=1258.010010 best_discrete=163.019714 hash=False elapsed=46.2s
step   550/700 tau=0.0552 loss=0.301008 mse_soft=0.300870 ent_in=1.0307 ent_out=0.3495 rowmax_in=0.5434 rowmax_out=0.8055 discrete_mse=397.673706 best_discrete=163.019714 hash=False elapsed=48.3s
step   575/700 tau=0.0484 loss=0.332700 mse_soft=0.332565 ent_in=1.0201 ent_out=0.3297 rowmax_in=0.5320 rowmax_out=0.8184 discrete_mse=61.752712 best_discrete=61.752712 hash=False elapsed=50.7s
step   600/700 tau=0.0424 loss=0.301219 mse_soft=0.301087 ent_in=0.9840 ent_out=0.3300 rowmax_in=0.5463 rowmax_out=0.8171 discrete_mse=36.386185 best_discrete=36.386185 hash=False elapsed=52.9s
step   625/700 tau=0.0371 loss=0.318514 mse_soft=0.318380 ent_in=1.0018 ent_out=0.3389 rowmax_in=0.5459 rowmax_out=0.8102 discrete_mse=173.842896 best_discrete=36.386185 hash=False elapsed=55.2s
step   650/700 tau=0.0325 loss=0.324872 mse_soft=0.324752 ent_in=0.8895 ent_out=0.3071 rowmax_in=0.5878 rowmax_out=0.8366 discrete_mse=276.723175 best_discrete=36.386185 hash=False elapsed=57.5s
step   675/700 tau=0.0285 loss=0.347466 mse_soft=0.347357 ent_in=0.7883 ent_out=0.3061 rowmax_in=0.6314 rowmax_out=0.8368 discrete_mse=24.687553 best_discrete=24.687553 hash=False elapsed=59.8s
step   700/700 tau=0.0250 loss=0.354589 mse_soft=0.354486 ent_in=0.7424 ent_out=0.2941 rowmax_in=0.6533 rowmax_out=0.8486 discrete_mse=98.258087 best_discrete=24.687553 hash=False elapsed=62.0s

Final metrics:
  soft_mse_full=0.332923
  rowmax_in_mean=0.6460
  rowmax_out_mean=0.8462
  ent_in_mean=0.7501
  ent_out_mean=0.2964
  final_discrete_mse=120.386871
  hash_match=False
  best_discrete_mse_seen=24.687553
Saved results to overnight_b103_j4.json
