Using device: cuda
Train rows: 10000 / Full rows: 10000, steps=700, lr=0.02
step     1/700 tau=1.0000 loss=1.065748 mse_soft=1.063426 ent_in=3.8712 ent_out=3.8712 rowmax_in=0.0213 rowmax_out=0.0213 discrete_mse=15.986371 best_discrete=15.986371 hash=False elapsed=0.5s
step    25/700 tau=0.8866 loss=0.935099 mse_soft=0.932848 ent_in=3.7424 ent_out=3.7629 rowmax_in=0.0372 rowmax_out=0.0362 discrete_mse=555.698853 best_discrete=15.986371 hash=False elapsed=2.8s
step    50/700 tau=0.7821 loss=0.707266 mse_soft=0.705231 ent_in=3.3591 ent_out=3.4235 rowmax_in=0.0704 rowmax_out=0.0678 discrete_mse=34890.234375 best_discrete=15.986371 hash=False elapsed=5.1s
step    75/700 tau=0.6899 loss=0.584163 mse_soft=0.582368 ent_in=2.9344 ent_out=3.0472 rowmax_in=0.1333 rowmax_out=0.1246 discrete_mse=1466.323975 best_discrete=15.986371 hash=False elapsed=7.5s
step   100/700 tau=0.6086 loss=0.470377 mse_soft=0.468939 ent_in=2.4017 ent_out=2.3917 rowmax_in=0.2512 rowmax_out=0.2655 discrete_mse=659.151794 best_discrete=15.986371 hash=False elapsed=10.1s
step   125/700 tau=0.5368 loss=0.388895 mse_soft=0.387819 ent_in=1.8993 ent_out=1.6872 rowmax_in=0.3719 rowmax_out=0.4595 discrete_mse=327.950592 best_discrete=15.986371 hash=False elapsed=12.6s
step   150/700 tau=0.4736 loss=0.339896 mse_soft=0.339092 ent_in=1.5201 ent_out=1.1606 rowmax_in=0.4593 rowmax_out=0.6179 discrete_mse=1007.699951 best_discrete=15.986371 hash=False elapsed=15.0s
step   175/700 tau=0.4177 loss=0.312946 mse_soft=0.312309 ent_in=1.3052 ent_out=0.8171 rowmax_in=0.5037 rowmax_out=0.7165 discrete_mse=102.191620 best_discrete=15.986371 hash=False elapsed=17.4s
step   200/700 tau=0.3685 loss=0.301592 mse_soft=0.301041 ent_in=1.1833 ent_out=0.6547 rowmax_in=0.5351 rowmax_out=0.7553 discrete_mse=376.883820 best_discrete=15.986371 hash=False elapsed=20.2s
step   225/700 tau=0.3251 loss=0.295140 mse_soft=0.294632 ent_in=1.1368 ent_out=0.5552 rowmax_in=0.5433 rowmax_out=0.7878 discrete_mse=2025.823975 best_discrete=15.986371 hash=False elapsed=22.6s
step   250/700 tau=0.2868 loss=0.290548 mse_soft=0.290072 ent_in=1.0876 ent_out=0.4995 rowmax_in=0.5556 rowmax_out=0.8031 discrete_mse=324.380951 best_discrete=15.986371 hash=False elapsed=25.0s
step   275/700 tau=0.2530 loss=0.286429 mse_soft=0.285971 ent_in=1.0585 ent_out=0.4683 rowmax_in=0.5623 rowmax_out=0.8087 discrete_mse=169.190445 best_discrete=15.986371 hash=False elapsed=27.6s
step   300/700 tau=0.2231 loss=0.284626 mse_soft=0.284184 ent_in=1.0351 ent_out=0.4380 rowmax_in=0.5659 rowmax_out=0.8169 discrete_mse=240.758270 best_discrete=15.986371 hash=False elapsed=29.9s
step   325/700 tau=0.1968 loss=0.283787 mse_soft=0.283358 ent_in=1.0185 ent_out=0.4125 rowmax_in=0.5676 rowmax_out=0.8209 discrete_mse=6.257128 best_discrete=6.257128 hash=False elapsed=32.2s
step   350/700 tau=0.1736 loss=0.284270 mse_soft=0.283849 ent_in=1.0064 ent_out=0.3997 rowmax_in=0.5680 rowmax_out=0.8225 discrete_mse=6.257128 best_discrete=6.257128 hash=False elapsed=34.5s
step   375/700 tau=0.1532 loss=0.284445 mse_soft=0.284031 ent_in=0.9927 ent_out=0.3860 rowmax_in=0.5745 rowmax_out=0.8233 discrete_mse=47.308907 best_discrete=6.257128 hash=False elapsed=36.9s
step   400/700 tau=0.1351 loss=0.281934 mse_soft=0.281525 ent_in=0.9863 ent_out=0.3765 rowmax_in=0.5756 rowmax_out=0.8259 discrete_mse=47.308907 best_discrete=6.257128 hash=False elapsed=39.4s
step   425/700 tau=0.1192 loss=0.281964 mse_soft=0.281561 ent_in=0.9758 ent_out=0.3697 rowmax_in=0.5783 rowmax_out=0.8287 discrete_mse=47.308907 best_discrete=6.257128 hash=False elapsed=41.8s
step   450/700 tau=0.1051 loss=0.282425 mse_soft=0.282028 ent_in=0.9581 ent_out=0.3647 rowmax_in=0.5865 rowmax_out=0.8315 discrete_mse=35.370056 best_discrete=6.257128 hash=False elapsed=44.1s
step   475/700 tau=0.0928 loss=0.280658 mse_soft=0.280259 ent_in=0.9658 ent_out=0.3625 rowmax_in=0.5829 rowmax_out=0.8291 discrete_mse=722.208740 best_discrete=6.257128 hash=False elapsed=46.6s
step   500/700 tau=0.0818 loss=0.299689 mse_soft=0.299326 ent_in=0.8409 ent_out=0.3696 rowmax_in=0.6190 rowmax_out=0.8175 discrete_mse=127.088326 best_discrete=6.257128 hash=False elapsed=49.1s
step   525/700 tau=0.0722 loss=0.289519 mse_soft=0.289162 ent_in=0.8270 ent_out=0.3631 rowmax_in=0.6254 rowmax_out=0.8201 discrete_mse=1163.978149 best_discrete=6.257128 hash=False elapsed=51.3s
step   550/700 tau=0.0637 loss=0.287210 mse_soft=0.286855 ent_in=0.8192 ent_out=0.3651 rowmax_in=0.6298 rowmax_out=0.8185 discrete_mse=393.440826 best_discrete=6.257128 hash=False elapsed=53.5s
step   575/700 tau=0.0562 loss=0.286476 mse_soft=0.286124 ent_in=0.8156 ent_out=0.3605 rowmax_in=0.6260 rowmax_out=0.8208 discrete_mse=216.245544 best_discrete=6.257128 hash=False elapsed=55.9s
step   600/700 tau=0.0495 loss=0.377366 mse_soft=0.377047 ent_in=0.7265 ent_out=0.3351 rowmax_in=0.6744 rowmax_out=0.8390 discrete_mse=108.332123 best_discrete=6.257128 hash=False elapsed=58.3s
step   625/700 tau=0.0437 loss=0.316757 mse_soft=0.316458 ent_in=0.6859 ent_out=0.3107 rowmax_in=0.6690 rowmax_out=0.8410 discrete_mse=62.720036 best_discrete=6.257128 hash=False elapsed=60.5s
step   650/700 tau=0.0386 loss=0.302273 mse_soft=0.301973 ent_in=0.6808 ent_out=0.3187 rowmax_in=0.6670 rowmax_out=0.8326 discrete_mse=328.856079 best_discrete=6.257128 hash=False elapsed=62.9s
step   675/700 tau=0.0340 loss=0.307257 mse_soft=0.306963 ent_in=0.6700 ent_out=0.3100 rowmax_in=0.6788 rowmax_out=0.8398 discrete_mse=434.060394 best_discrete=6.257128 hash=False elapsed=65.4s
step   700/700 tau=0.0300 loss=0.312709 mse_soft=0.312423 ent_in=0.6332 ent_out=0.3212 rowmax_in=0.6924 rowmax_out=0.8305 discrete_mse=231.164749 best_discrete=6.257128 hash=False elapsed=67.8s

Final metrics:
  soft_mse_full=0.329899
  rowmax_in_mean=0.6970
  rowmax_out_mean=0.8433
  ent_in_mean=0.6311
  ent_out_mean=0.3108
  final_discrete_mse=283.828094
  hash_match=False
  best_discrete_mse_seen=6.257128
Saved results to overnight_b107_j3.json
