Using device: cuda
Train rows: 10000 / Full rows: 10000, steps=700, lr=0.015
step     1/700 tau=1.0000 loss=1.064111 mse_soft=1.063337 ent_in=3.8712 ent_out=3.8712 rowmax_in=0.0213 rowmax_out=0.0213 discrete_mse=232.890518 best_discrete=232.890518 hash=False elapsed=0.5s
step    25/700 tau=0.8810 loss=0.971665 mse_soft=0.970905 ent_in=3.7932 ent_out=3.8053 rowmax_in=0.0332 rowmax_out=0.0322 discrete_mse=3863.338379 best_discrete=232.890518 hash=False elapsed=2.7s
step    50/700 tau=0.7721 loss=0.785201 mse_soft=0.784493 ent_in=3.5159 ent_out=3.5643 rowmax_in=0.0567 rowmax_out=0.0551 discrete_mse=3202.635986 best_discrete=232.890518 hash=False elapsed=5.0s
step    75/700 tau=0.6767 loss=0.644061 mse_soft=0.643424 ent_in=3.1352 ent_out=3.2381 rowmax_in=0.0958 rowmax_out=0.0906 discrete_mse=6159.092285 best_discrete=232.890518 hash=False elapsed=7.3s
step   100/700 tau=0.5931 loss=0.532877 mse_soft=0.532322 ent_in=2.7204 ent_out=2.8254 rowmax_in=0.1827 rowmax_out=0.1711 discrete_mse=410.550720 best_discrete=232.890518 hash=False elapsed=9.6s
step   125/700 tau=0.5198 loss=0.432091 mse_soft=0.431659 ent_in=2.1815 ent_out=2.1429 rowmax_in=0.3161 rowmax_out=0.3288 discrete_mse=1651.595581 best_discrete=232.890518 hash=False elapsed=11.9s
step   150/700 tau=0.4555 loss=0.364264 mse_soft=0.363940 ent_in=1.7390 ent_out=1.4948 rowmax_in=0.4157 rowmax_out=0.5183 discrete_mse=492.858429 best_discrete=232.890518 hash=False elapsed=14.1s
step   175/700 tau=0.3992 loss=0.331530 mse_soft=0.331274 ent_in=1.5389 ent_out=1.0205 rowmax_in=0.4391 rowmax_out=0.6585 discrete_mse=306.818390 best_discrete=232.890518 hash=False elapsed=16.5s
step   200/700 tau=0.3499 loss=0.312515 mse_soft=0.312301 ent_in=1.4159 ent_out=0.7220 rowmax_in=0.4590 rowmax_out=0.7432 discrete_mse=1216.581787 best_discrete=232.890518 hash=False elapsed=18.9s
step   225/700 tau=0.3066 loss=0.301442 mse_soft=0.301249 ent_in=1.3318 ent_out=0.5972 rowmax_in=0.4755 rowmax_out=0.7641 discrete_mse=381.674591 best_discrete=232.890518 hash=False elapsed=21.2s
step   250/700 tau=0.2687 loss=0.295390 mse_soft=0.295211 ent_in=1.2827 ent_out=0.5076 rowmax_in=0.4749 rowmax_out=0.7878 discrete_mse=892.097595 best_discrete=232.890518 hash=False elapsed=23.7s
step   275/700 tau=0.2355 loss=0.292309 mse_soft=0.292140 ent_in=1.2425 ent_out=0.4501 rowmax_in=0.4823 rowmax_out=0.8029 discrete_mse=892.097595 best_discrete=232.890518 hash=False elapsed=26.3s
step   300/700 tau=0.2064 loss=0.291231 mse_soft=0.291067 ent_in=1.2212 ent_out=0.4186 rowmax_in=0.4842 rowmax_out=0.8057 discrete_mse=892.097595 best_discrete=232.890518 hash=False elapsed=28.6s
step   325/700 tau=0.1809 loss=0.291599 mse_soft=0.291438 ent_in=1.2052 ent_out=0.3983 rowmax_in=0.4857 rowmax_out=0.8072 discrete_mse=474.051239 best_discrete=232.890518 hash=False elapsed=31.1s
step   350/700 tau=0.1585 loss=0.288721 mse_soft=0.288563 ent_in=1.1963 ent_out=0.3828 rowmax_in=0.4864 rowmax_out=0.8052 discrete_mse=474.051239 best_discrete=232.890518 hash=False elapsed=33.6s
step   375/700 tau=0.1389 loss=0.287125 mse_soft=0.286969 ent_in=1.1882 ent_out=0.3704 rowmax_in=0.4886 rowmax_out=0.8073 discrete_mse=474.051239 best_discrete=232.890518 hash=False elapsed=35.9s
step   400/700 tau=0.1218 loss=0.290684 mse_soft=0.290530 ent_in=1.1736 ent_out=0.3648 rowmax_in=0.4913 rowmax_out=0.8132 discrete_mse=412.098022 best_discrete=232.890518 hash=False elapsed=38.5s
step   425/700 tau=0.1067 loss=0.285338 mse_soft=0.285184 ent_in=1.1681 ent_out=0.3692 rowmax_in=0.4930 rowmax_out=0.8139 discrete_mse=170.783722 best_discrete=170.783722 hash=False elapsed=41.0s
step   450/700 tau=0.0935 loss=0.305099 mse_soft=0.304945 ent_in=1.1608 ent_out=0.3762 rowmax_in=0.4933 rowmax_out=0.8107 discrete_mse=170.783722 best_discrete=170.783722 hash=False elapsed=43.5s
step   475/700 tau=0.0820 loss=0.287204 mse_soft=0.287051 ent_in=1.1556 ent_out=0.3748 rowmax_in=0.4958 rowmax_out=0.8074 discrete_mse=223.272339 best_discrete=170.783722 hash=False elapsed=45.9s
step   500/700 tau=0.0718 loss=0.285543 mse_soft=0.285390 ent_in=1.1542 ent_out=0.3753 rowmax_in=0.4958 rowmax_out=0.8052 discrete_mse=223.272339 best_discrete=170.783722 hash=False elapsed=48.1s
step   525/700 tau=0.0630 loss=0.311884 mse_soft=0.311731 ent_in=1.1608 ent_out=0.3761 rowmax_in=0.4930 rowmax_out=0.8042 discrete_mse=130.717300 best_discrete=130.717300 hash=False elapsed=50.4s
step   550/700 tau=0.0552 loss=0.291680 mse_soft=0.291527 ent_in=1.1493 ent_out=0.3721 rowmax_in=0.4998 rowmax_out=0.8089 discrete_mse=381.317993 best_discrete=130.717300 hash=False elapsed=53.0s
step   575/700 tau=0.0484 loss=0.288478 mse_soft=0.288327 ent_in=1.1469 ent_out=0.3696 rowmax_in=0.4965 rowmax_out=0.8029 discrete_mse=203.313095 best_discrete=130.717300 hash=False elapsed=55.4s
step   600/700 tau=0.0424 loss=0.303092 mse_soft=0.302945 ent_in=1.1088 ent_out=0.3585 rowmax_in=0.5198 rowmax_out=0.8105 discrete_mse=224.716400 best_discrete=130.717300 hash=False elapsed=57.7s
step   625/700 tau=0.0371 loss=0.310799 mse_soft=0.310658 ent_in=1.0596 ent_out=0.3551 rowmax_in=0.5323 rowmax_out=0.8049 discrete_mse=115.259819 best_discrete=115.259819 hash=False elapsed=60.2s
step   650/700 tau=0.0325 loss=0.318728 mse_soft=0.318590 ent_in=1.0494 ent_out=0.3373 rowmax_in=0.5277 rowmax_out=0.8163 discrete_mse=275.014801 best_discrete=115.259819 hash=False elapsed=62.5s
step   675/700 tau=0.0285 loss=0.358482 mse_soft=0.358367 ent_in=0.8602 ent_out=0.2909 rowmax_in=0.6051 rowmax_out=0.8415 discrete_mse=131.243668 best_discrete=115.259819 hash=False elapsed=64.8s
step   700/700 tau=0.0250 loss=0.328122 mse_soft=0.328020 ent_in=0.7637 ent_out=0.2528 rowmax_in=0.6267 rowmax_out=0.8502 discrete_mse=183.267944 best_discrete=115.259819 hash=False elapsed=67.3s

Final metrics:
  soft_mse_full=0.326873
  rowmax_in_mean=0.6281
  rowmax_out_mean=0.8451
  ent_in_mean=0.7631
  ent_out_mean=0.2541
  final_discrete_mse=459.413086
  hash_match=False
  best_discrete_mse_seen=115.259819
Saved results to overnight_b187_j4.json
