Using device: cuda
Train rows: 4096 / Full rows: 10000, steps=900, lr=0.03
step     1/900 tau=1.0000 loss=1.059911 mse_soft=1.057588 ent_in=3.8712 ent_out=3.8712 rowmax_in=0.0213 rowmax_out=0.0213 discrete_mse=17.064356 best_discrete=17.064356 hash=False elapsed=0.5s
step    25/900 tau=0.9106 loss=0.855579 mse_soft=0.853390 ent_in=3.6320 ent_out=3.6658 rowmax_in=0.0458 rowmax_out=0.0445 discrete_mse=2758.208984 best_discrete=17.064356 hash=False elapsed=2.8s
step    50/900 tau=0.8260 loss=0.642416 mse_soft=0.640512 ent_in=3.1253 ent_out=3.2219 rowmax_in=0.0938 rowmax_out=0.0869 discrete_mse=758.999084 best_discrete=17.064356 hash=False elapsed=5.1s
step    75/900 tau=0.7493 loss=0.507226 mse_soft=0.505635 ent_in=2.6082 ent_out=2.6954 rowmax_in=0.2051 rowmax_out=0.1990 discrete_mse=1133.740845 best_discrete=17.064356 hash=False elapsed=7.6s
step   100/900 tau=0.6797 loss=0.401645 mse_soft=0.400465 ent_in=2.0205 ent_out=1.9133 rowmax_in=0.3562 rowmax_out=0.4142 discrete_mse=213.512619 best_discrete=17.064356 hash=False elapsed=9.9s
step   125/900 tau=0.6165 loss=0.346005 mse_soft=0.345147 ent_in=1.6076 ent_out=1.2534 rowmax_in=0.4367 rowmax_out=0.5881 discrete_mse=337.578339 best_discrete=17.064356 hash=False elapsed=12.1s
step   150/900 tau=0.5592 loss=0.319210 mse_soft=0.318525 ent_in=1.4169 ent_out=0.8643 rowmax_in=0.4684 rowmax_out=0.6880 discrete_mse=464.815887 best_discrete=17.064356 hash=False elapsed=14.3s
step   175/900 tau=0.5073 loss=0.306976 mse_soft=0.306385 ent_in=1.3163 ent_out=0.6538 rowmax_in=0.4849 rowmax_out=0.7472 discrete_mse=677.521179 best_discrete=17.064356 hash=False elapsed=16.7s
step   200/900 tau=0.4602 loss=0.299057 mse_soft=0.298519 ent_in=1.2464 ent_out=0.5466 rowmax_in=0.5000 rowmax_out=0.7837 discrete_mse=277.090179 best_discrete=17.064356 hash=False elapsed=19.0s
step   225/900 tau=0.4174 loss=0.291377 mse_soft=0.290872 ent_in=1.2067 ent_out=0.4786 rowmax_in=0.5062 rowmax_out=0.8104 discrete_mse=276.332550 best_discrete=17.064356 hash=False elapsed=21.4s
step   250/900 tau=0.3786 loss=0.285062 mse_soft=0.284584 ent_in=1.1622 ent_out=0.4310 rowmax_in=0.5144 rowmax_out=0.8313 discrete_mse=276.332550 best_discrete=17.064356 hash=False elapsed=23.8s
step   275/900 tau=0.3434 loss=0.281847 mse_soft=0.281393 ent_in=1.1274 ent_out=0.3849 rowmax_in=0.5220 rowmax_out=0.8453 discrete_mse=199.931595 best_discrete=17.064356 hash=False elapsed=26.3s
step   300/900 tau=0.3115 loss=0.279378 mse_soft=0.278934 ent_in=1.0986 ent_out=0.3792 rowmax_in=0.5320 rowmax_out=0.8428 discrete_mse=315.874939 best_discrete=17.064356 hash=False elapsed=28.7s
step   325/900 tau=0.2826 loss=0.278478 mse_soft=0.278043 ent_in=1.0900 ent_out=0.3608 rowmax_in=0.5371 rowmax_out=0.8453 discrete_mse=190.031891 best_discrete=17.064356 hash=False elapsed=30.8s
step   350/900 tau=0.2563 loss=0.277004 mse_soft=0.276579 ent_in=1.0764 ent_out=0.3417 rowmax_in=0.5389 rowmax_out=0.8503 discrete_mse=266.555450 best_discrete=17.064356 hash=False elapsed=32.9s
step   375/900 tau=0.2325 loss=0.275022 mse_soft=0.274609 ent_in=1.0546 ent_out=0.3235 rowmax_in=0.5454 rowmax_out=0.8533 discrete_mse=447.802399 best_discrete=17.064356 hash=False elapsed=35.4s
step   400/900 tau=0.2109 loss=0.273631 mse_soft=0.273224 ent_in=1.0438 ent_out=0.3137 rowmax_in=0.5479 rowmax_out=0.8556 discrete_mse=447.802399 best_discrete=17.064356 hash=False elapsed=37.9s
step   425/900 tau=0.1913 loss=0.272459 mse_soft=0.272056 ent_in=1.0375 ent_out=0.3056 rowmax_in=0.5488 rowmax_out=0.8569 discrete_mse=447.802399 best_discrete=17.064356 hash=False elapsed=40.4s
step   450/900 tau=0.1735 loss=0.272165 mse_soft=0.271765 ent_in=1.0321 ent_out=0.3013 rowmax_in=0.5500 rowmax_out=0.8583 discrete_mse=447.802399 best_discrete=17.064356 hash=False elapsed=42.6s
step   475/900 tau=0.1574 loss=0.271843 mse_soft=0.271445 ent_in=1.0286 ent_out=0.3005 rowmax_in=0.5502 rowmax_out=0.8580 discrete_mse=651.726196 best_discrete=17.064356 hash=False elapsed=44.8s
step   500/900 tau=0.1428 loss=0.283102 mse_soft=0.282701 ent_in=1.0317 ent_out=0.3031 rowmax_in=0.5466 rowmax_out=0.8566 discrete_mse=651.726196 best_discrete=17.064356 hash=False elapsed=47.2s
step   525/900 tau=0.1295 loss=0.272542 mse_soft=0.272146 ent_in=1.0260 ent_out=0.2933 rowmax_in=0.5509 rowmax_out=0.8612 discrete_mse=651.726196 best_discrete=17.064356 hash=False elapsed=49.7s
step   550/900 tau=0.1175 loss=0.272440 mse_soft=0.272049 ent_in=1.0202 ent_out=0.2827 rowmax_in=0.5518 rowmax_out=0.8668 discrete_mse=651.726196 best_discrete=17.064356 hash=False elapsed=52.1s
step   575/900 tau=0.1066 loss=0.277001 mse_soft=0.276612 ent_in=1.0212 ent_out=0.2777 rowmax_in=0.5496 rowmax_out=0.8675 discrete_mse=690.640686 best_discrete=17.064356 hash=False elapsed=54.4s
step   600/900 tau=0.0967 loss=0.274840 mse_soft=0.274450 ent_in=1.0224 ent_out=0.2783 rowmax_in=0.5480 rowmax_out=0.8643 discrete_mse=386.995544 best_discrete=17.064356 hash=False elapsed=56.8s
step   625/900 tau=0.0877 loss=0.274174 mse_soft=0.273786 ent_in=1.0179 ent_out=0.2758 rowmax_in=0.5478 rowmax_out=0.8667 discrete_mse=243.933548 best_discrete=17.064356 hash=False elapsed=59.1s
step   650/900 tau=0.0795 loss=0.291299 mse_soft=0.290912 ent_in=1.0109 ent_out=0.2802 rowmax_in=0.5487 rowmax_out=0.8630 discrete_mse=386.353943 best_discrete=17.064356 hash=False elapsed=61.3s
step   675/900 tau=0.0722 loss=0.293279 mse_soft=0.292896 ent_in=1.0045 ent_out=0.2722 rowmax_in=0.5531 rowmax_out=0.8678 discrete_mse=149.518265 best_discrete=17.064356 hash=False elapsed=63.5s
step   700/900 tau=0.0655 loss=0.309491 mse_soft=0.309164 ent_in=0.8231 ent_out=0.2663 rowmax_in=0.6137 rowmax_out=0.8714 discrete_mse=72.071777 best_discrete=17.064356 hash=False elapsed=65.7s
step   725/900 tau=0.0594 loss=0.298587 mse_soft=0.298261 ent_in=0.8204 ent_out=0.2660 rowmax_in=0.5951 rowmax_out=0.8709 discrete_mse=46.799374 best_discrete=17.064356 hash=False elapsed=68.0s
step   750/900 tau=0.0539 loss=0.288985 mse_soft=0.288656 ent_in=0.8354 ent_out=0.2601 rowmax_in=0.5850 rowmax_out=0.8693 discrete_mse=114.945625 best_discrete=17.064356 hash=False elapsed=70.2s
step   775/900 tau=0.0489 loss=0.303409 mse_soft=0.303100 ent_in=0.7698 ent_out=0.2601 rowmax_in=0.6296 rowmax_out=0.8684 discrete_mse=36.646942 best_discrete=17.064356 hash=False elapsed=72.4s
step   800/900 tau=0.0443 loss=0.323002 mse_soft=0.322738 ent_in=0.6462 ent_out=0.2360 rowmax_in=0.6843 rowmax_out=0.8823 discrete_mse=57.770168 best_discrete=17.064356 hash=False elapsed=74.6s
step   825/900 tau=0.0402 loss=0.318545 mse_soft=0.318297 ent_in=0.6058 ent_out=0.2203 rowmax_in=0.6878 rowmax_out=0.8832 discrete_mse=13.437882 best_discrete=13.437882 hash=False elapsed=77.0s
step   850/900 tau=0.0365 loss=0.360559 mse_soft=0.360307 ent_in=0.6222 ent_out=0.2177 rowmax_in=0.6840 rowmax_out=0.8839 discrete_mse=71.701759 best_discrete=13.437882 hash=False elapsed=79.2s
step   875/900 tau=0.0331 loss=0.369122 mse_soft=0.368913 ent_in=0.5199 ent_out=0.1765 rowmax_in=0.7345 rowmax_out=0.9059 discrete_mse=34.796764 best_discrete=13.437882 hash=False elapsed=81.3s
step   900/900 tau=0.0300 loss=0.417557 mse_soft=0.417412 ent_in=0.3242 ent_out=0.1581 rowmax_in=0.8313 rowmax_out=0.9175 discrete_mse=7.893262 best_discrete=7.893262 hash=False elapsed=83.5s

Final metrics:
  soft_mse_full=0.427079
  rowmax_in_mean=0.8347
  rowmax_out_mean=0.9148
  ent_in_mean=0.3204
  ent_out_mean=0.1610
  final_discrete_mse=7.893262
  hash_match=False
  best_discrete_mse_seen=7.893262
Saved results to overnight_b034_j1.json
