Using device: cuda
Train rows: 10000 / Full rows: 10000, steps=700, lr=0.015
step     1/700 tau=1.0000 loss=1.064201 mse_soft=1.063427 ent_in=3.8712 ent_out=3.8712 rowmax_in=0.0213 rowmax_out=0.0213 discrete_mse=13.536469 best_discrete=13.536469 hash=False elapsed=0.6s
step    25/700 tau=0.8810 loss=0.971999 mse_soft=0.971240 ent_in=3.7933 ent_out=3.8052 rowmax_in=0.0331 rowmax_out=0.0323 discrete_mse=314.005005 best_discrete=13.536469 hash=False elapsed=2.8s
step    50/700 tau=0.7721 loss=0.784854 mse_soft=0.784146 ent_in=3.5139 ent_out=3.5650 rowmax_in=0.0572 rowmax_out=0.0541 discrete_mse=1223.247925 best_discrete=13.536469 hash=False elapsed=5.1s
step    75/700 tau=0.6767 loss=0.641091 mse_soft=0.640456 ent_in=3.1255 ent_out=3.2228 rowmax_in=0.0967 rowmax_out=0.0928 discrete_mse=4226.230469 best_discrete=13.536469 hash=False elapsed=7.6s
step   100/700 tau=0.5931 loss=0.533890 mse_soft=0.533337 ent_in=2.7152 ent_out=2.8193 rowmax_in=0.1820 rowmax_out=0.1685 discrete_mse=243.767593 best_discrete=13.536469 hash=False elapsed=10.0s
step   125/700 tau=0.5198 loss=0.435440 mse_soft=0.435007 ent_in=2.1721 ent_out=2.1563 rowmax_in=0.3069 rowmax_out=0.3280 discrete_mse=4185.283691 best_discrete=13.536469 hash=False elapsed=12.3s
step   150/700 tau=0.4555 loss=0.371111 mse_soft=0.370787 ent_in=1.7132 ent_out=1.5202 rowmax_in=0.4001 rowmax_out=0.5350 discrete_mse=392.504456 best_discrete=13.536469 hash=False elapsed=14.7s
step   175/700 tau=0.3992 loss=0.334139 mse_soft=0.333897 ent_in=1.4298 ent_out=0.9939 rowmax_in=0.4668 rowmax_out=0.6822 discrete_mse=941.429504 best_discrete=13.536469 hash=False elapsed=17.2s
step   200/700 tau=0.3499 loss=0.320926 mse_soft=0.320728 ent_in=1.3052 ent_out=0.6732 rowmax_in=0.4948 rowmax_out=0.7628 discrete_mse=960.806396 best_discrete=13.536469 hash=False elapsed=19.7s
step   225/700 tau=0.3066 loss=0.311072 mse_soft=0.310888 ent_in=1.2445 ent_out=0.5942 rowmax_in=0.5018 rowmax_out=0.7746 discrete_mse=594.452576 best_discrete=13.536469 hash=False elapsed=22.0s
step   250/700 tau=0.2687 loss=0.302608 mse_soft=0.302431 ent_in=1.2081 ent_out=0.5578 rowmax_in=0.5145 rowmax_out=0.7613 discrete_mse=638.925110 best_discrete=13.536469 hash=False elapsed=24.7s
step   275/700 tau=0.2355 loss=0.297957 mse_soft=0.297789 ent_in=1.1643 ent_out=0.5228 rowmax_in=0.5224 rowmax_out=0.7535 discrete_mse=455.347595 best_discrete=13.536469 hash=False elapsed=27.0s
step   300/700 tau=0.2064 loss=0.294266 mse_soft=0.294103 ent_in=1.1422 ent_out=0.4834 rowmax_in=0.5214 rowmax_out=0.7750 discrete_mse=810.453186 best_discrete=13.536469 hash=False elapsed=29.3s
step   325/700 tau=0.1809 loss=0.291883 mse_soft=0.291726 ent_in=1.1169 ent_out=0.4538 rowmax_in=0.5290 rowmax_out=0.7811 discrete_mse=570.602661 best_discrete=13.536469 hash=False elapsed=31.8s
step   350/700 tau=0.1585 loss=0.290055 mse_soft=0.289901 ent_in=1.0999 ent_out=0.4357 rowmax_in=0.5296 rowmax_out=0.7929 discrete_mse=804.531921 best_discrete=13.536469 hash=False elapsed=34.3s
step   375/700 tau=0.1389 loss=0.290233 mse_soft=0.290082 ent_in=1.0862 ent_out=0.4235 rowmax_in=0.5294 rowmax_out=0.8017 discrete_mse=615.596558 best_discrete=13.536469 hash=False elapsed=36.7s
step   400/700 tau=0.1218 loss=0.288224 mse_soft=0.288075 ent_in=1.0757 ent_out=0.4151 rowmax_in=0.5319 rowmax_out=0.8041 discrete_mse=771.404175 best_discrete=13.536469 hash=False elapsed=39.3s
step   425/700 tau=0.1067 loss=0.286445 mse_soft=0.286297 ent_in=1.0666 ent_out=0.4091 rowmax_in=0.5322 rowmax_out=0.8059 discrete_mse=660.239136 best_discrete=13.536469 hash=False elapsed=41.5s
step   450/700 tau=0.0935 loss=0.287018 mse_soft=0.286872 ent_in=1.0549 ent_out=0.3975 rowmax_in=0.5343 rowmax_out=0.8083 discrete_mse=872.562195 best_discrete=13.536469 hash=False elapsed=43.8s
step   475/700 tau=0.0820 loss=0.288748 mse_soft=0.288605 ent_in=1.0449 ent_out=0.3827 rowmax_in=0.5329 rowmax_out=0.8117 discrete_mse=800.138855 best_discrete=13.536469 hash=False elapsed=45.9s
step   500/700 tau=0.0718 loss=0.287247 mse_soft=0.287109 ent_in=1.0295 ent_out=0.3571 rowmax_in=0.5375 rowmax_out=0.8229 discrete_mse=576.597717 best_discrete=13.536469 hash=False elapsed=48.2s
step   525/700 tau=0.0630 loss=0.285025 mse_soft=0.284888 ent_in=1.0212 ent_out=0.3479 rowmax_in=0.5401 rowmax_out=0.8242 discrete_mse=800.138855 best_discrete=13.536469 hash=False elapsed=50.4s
step   550/700 tau=0.0552 loss=0.290432 mse_soft=0.290296 ent_in=1.0144 ent_out=0.3469 rowmax_in=0.5438 rowmax_out=0.8220 discrete_mse=613.083374 best_discrete=13.536469 hash=False elapsed=52.5s
step   575/700 tau=0.0484 loss=0.310294 mse_soft=0.310162 ent_in=0.9890 ent_out=0.3284 rowmax_in=0.5580 rowmax_out=0.8348 discrete_mse=76.385574 best_discrete=13.536469 hash=False elapsed=54.9s
step   600/700 tau=0.0424 loss=0.296384 mse_soft=0.296253 ent_in=0.9759 ent_out=0.3279 rowmax_in=0.5521 rowmax_out=0.8291 discrete_mse=415.267151 best_discrete=13.536469 hash=False elapsed=57.3s
step   625/700 tau=0.0371 loss=0.305719 mse_soft=0.305591 ent_in=0.9578 ent_out=0.3239 rowmax_in=0.5572 rowmax_out=0.8242 discrete_mse=370.798798 best_discrete=13.536469 hash=False elapsed=59.5s
step   650/700 tau=0.0325 loss=0.310207 mse_soft=0.310083 ent_in=0.9150 ent_out=0.3238 rowmax_in=0.5692 rowmax_out=0.8213 discrete_mse=156.313095 best_discrete=13.536469 hash=False elapsed=61.9s
step   675/700 tau=0.0285 loss=0.347916 mse_soft=0.347794 ent_in=0.9012 ent_out=0.3114 rowmax_in=0.5738 rowmax_out=0.8370 discrete_mse=203.536102 best_discrete=13.536469 hash=False elapsed=64.1s
step   700/700 tau=0.0250 loss=0.408893 mse_soft=0.408788 ent_in=0.7368 ent_out=0.3097 rowmax_in=0.6368 rowmax_out=0.8317 discrete_mse=12.183195 best_discrete=12.183195 hash=False elapsed=66.3s

Final metrics:
  soft_mse_full=0.370542
  rowmax_in_mean=0.6531
  rowmax_out_mean=0.8343
  ent_in_mean=0.7186
  ent_out_mean=0.3048
  final_discrete_mse=12.183195
  hash_match=False
  best_discrete_mse_seen=12.183195
Saved results to overnight_b229_j4.json
