Using device: cuda
Train rows: 4096 / Full rows: 10000, steps=900, lr=0.03
step     1/900 tau=1.0000 loss=1.078099 mse_soft=1.075776 ent_in=3.8712 ent_out=3.8712 rowmax_in=0.0213 rowmax_out=0.0213 discrete_mse=19.255865 best_discrete=19.255865 hash=False elapsed=0.5s
step    25/900 tau=0.9090 loss=0.869822 mse_soft=0.867633 ent_in=3.6325 ent_out=3.6661 rowmax_in=0.0465 rowmax_out=0.0443 discrete_mse=3546.068604 best_discrete=19.255865 hash=False elapsed=2.9s
step    50/900 tau=0.8229 loss=0.655547 mse_soft=0.653636 ent_in=3.1322 ent_out=3.2365 rowmax_in=0.0950 rowmax_out=0.0856 discrete_mse=1828.603760 best_discrete=19.255865 hash=False elapsed=5.2s
step    75/900 tau=0.7450 loss=0.514060 mse_soft=0.512468 ent_in=2.6171 ent_out=2.6905 rowmax_in=0.2040 rowmax_out=0.1982 discrete_mse=416.187744 best_discrete=19.255865 hash=False elapsed=7.7s
step   100/900 tau=0.6745 loss=0.410643 mse_soft=0.409459 ent_in=2.0548 ent_out=1.8912 rowmax_in=0.3381 rowmax_out=0.3962 discrete_mse=76.129982 best_discrete=19.255865 hash=False elapsed=10.2s
step   125/900 tau=0.6107 loss=0.336171 mse_soft=0.335335 ent_in=1.5939 ent_out=1.1940 rowmax_in=0.4433 rowmax_out=0.5920 discrete_mse=846.038879 best_discrete=19.255865 hash=False elapsed=12.7s
step   150/900 tau=0.5529 loss=0.302867 mse_soft=0.302207 ent_in=1.3792 ent_out=0.8198 rowmax_in=0.4876 rowmax_out=0.7202 discrete_mse=782.385559 best_discrete=19.255865 hash=False elapsed=15.0s
step   175/900 tau=0.5006 loss=0.286146 mse_soft=0.285566 ent_in=1.2906 ent_out=0.6420 rowmax_in=0.4964 rowmax_out=0.7560 discrete_mse=124.909599 best_discrete=19.255865 hash=False elapsed=17.3s
step   200/900 tau=0.4532 loss=0.278111 mse_soft=0.277583 ent_in=1.2137 ent_out=0.5475 rowmax_in=0.5123 rowmax_out=0.7718 discrete_mse=97.404930 best_discrete=19.255865 hash=False elapsed=19.8s
step   225/900 tau=0.4103 loss=0.271367 mse_soft=0.270871 ent_in=1.1648 ent_out=0.4902 rowmax_in=0.5209 rowmax_out=0.7857 discrete_mse=202.564240 best_discrete=19.255865 hash=False elapsed=22.2s
step   250/900 tau=0.3715 loss=0.267904 mse_soft=0.267426 ent_in=1.1390 ent_out=0.4539 rowmax_in=0.5208 rowmax_out=0.7994 discrete_mse=982.771362 best_discrete=19.255865 hash=False elapsed=24.7s
step   275/900 tau=0.3363 loss=0.265768 mse_soft=0.265303 ent_in=1.1214 ent_out=0.4299 rowmax_in=0.5218 rowmax_out=0.8038 discrete_mse=823.296509 best_discrete=19.255865 hash=False elapsed=27.2s
step   300/900 tau=0.3045 loss=0.262599 mse_soft=0.262146 ent_in=1.1015 ent_out=0.4082 rowmax_in=0.5267 rowmax_out=0.8105 discrete_mse=1098.252930 best_discrete=19.255865 hash=False elapsed=30.0s
step   325/900 tau=0.2756 loss=0.262786 mse_soft=0.262340 ent_in=1.0896 ent_out=0.3952 rowmax_in=0.5278 rowmax_out=0.8127 discrete_mse=1098.252930 best_discrete=19.255865 hash=False elapsed=32.5s
step   350/900 tau=0.2496 loss=0.261278 mse_soft=0.260835 ent_in=1.0850 ent_out=0.3917 rowmax_in=0.5266 rowmax_out=0.8114 discrete_mse=712.550720 best_discrete=19.255865 hash=False elapsed=35.0s
step   375/900 tau=0.2259 loss=0.264053 mse_soft=0.263613 ent_in=1.0794 ent_out=0.3891 rowmax_in=0.5267 rowmax_out=0.8098 discrete_mse=530.973877 best_discrete=19.255865 hash=False elapsed=37.7s
step   400/900 tau=0.2046 loss=0.260522 mse_soft=0.260085 ent_in=1.0768 ent_out=0.3822 rowmax_in=0.5249 rowmax_out=0.8110 discrete_mse=712.550720 best_discrete=19.255865 hash=False elapsed=40.1s
step   425/900 tau=0.1852 loss=0.260523 mse_soft=0.260087 ent_in=1.0763 ent_out=0.3792 rowmax_in=0.5246 rowmax_out=0.8125 discrete_mse=530.973877 best_discrete=19.255865 hash=False elapsed=42.8s
step   450/900 tau=0.1677 loss=0.267035 mse_soft=0.266600 ent_in=1.0763 ent_out=0.3735 rowmax_in=0.5213 rowmax_out=0.8199 discrete_mse=530.973877 best_discrete=19.255865 hash=False elapsed=45.4s
step   475/900 tau=0.1518 loss=0.264620 mse_soft=0.264188 ent_in=1.0715 ent_out=0.3682 rowmax_in=0.5247 rowmax_out=0.8229 discrete_mse=712.550720 best_discrete=19.255865 hash=False elapsed=47.7s
step   500/900 tau=0.1374 loss=0.260453 mse_soft=0.260022 ent_in=1.0696 ent_out=0.3683 rowmax_in=0.5227 rowmax_out=0.8227 discrete_mse=530.973877 best_discrete=19.255865 hash=False elapsed=50.2s
step   525/900 tau=0.1244 loss=0.265780 mse_soft=0.265350 ent_in=1.0676 ent_out=0.3651 rowmax_in=0.5250 rowmax_out=0.8232 discrete_mse=530.973877 best_discrete=19.255865 hash=False elapsed=52.9s
step   550/900 tau=0.1126 loss=0.262499 mse_soft=0.262070 ent_in=1.0563 ent_out=0.3736 rowmax_in=0.5310 rowmax_out=0.8165 discrete_mse=530.973877 best_discrete=19.255865 hash=False elapsed=55.2s
step   575/900 tau=0.1020 loss=0.270622 mse_soft=0.270206 ent_in=1.0356 ent_out=0.3500 rowmax_in=0.5391 rowmax_out=0.8343 discrete_mse=134.908844 best_discrete=19.255865 hash=False elapsed=57.8s
step   600/900 tau=0.0923 loss=0.279242 mse_soft=0.278837 ent_in=1.0146 ent_out=0.3381 rowmax_in=0.5498 rowmax_out=0.8452 discrete_mse=133.800369 best_discrete=19.255865 hash=False elapsed=60.1s
step   625/900 tau=0.0836 loss=0.267702 mse_soft=0.267296 ent_in=1.0053 ent_out=0.3488 rowmax_in=0.5453 rowmax_out=0.8365 discrete_mse=134.908844 best_discrete=19.255865 hash=False elapsed=62.7s
step   650/900 tau=0.0757 loss=0.260794 mse_soft=0.260384 ent_in=1.0254 ent_out=0.3419 rowmax_in=0.5362 rowmax_out=0.8378 discrete_mse=134.908844 best_discrete=19.255865 hash=False elapsed=65.2s
step   675/900 tau=0.0685 loss=0.325119 mse_soft=0.324804 ent_in=0.7351 ent_out=0.3154 rowmax_in=0.6587 rowmax_out=0.8528 discrete_mse=141.286682 best_discrete=19.255865 hash=False elapsed=67.5s
step   700/900 tau=0.0620 loss=0.288112 mse_soft=0.287777 ent_in=0.7746 ent_out=0.3425 rowmax_in=0.6044 rowmax_out=0.8247 discrete_mse=66.249039 best_discrete=19.255865 hash=False elapsed=69.8s
step   725/900 tau=0.0562 loss=0.321621 mse_soft=0.321313 ent_in=0.7299 ent_out=0.2964 rowmax_in=0.6431 rowmax_out=0.8591 discrete_mse=14.318950 best_discrete=14.318950 hash=False elapsed=72.2s
step   750/900 tau=0.0508 loss=0.292938 mse_soft=0.292636 ent_in=0.7028 ent_out=0.3039 rowmax_in=0.6478 rowmax_out=0.8478 discrete_mse=1.140908 best_discrete=1.140908 hash=False elapsed=74.4s
step   775/900 tau=0.0460 loss=0.349459 mse_soft=0.349188 ent_in=0.6491 ent_out=0.2536 rowmax_in=0.6874 rowmax_out=0.8862 discrete_mse=54.524899 best_discrete=1.140908 hash=False elapsed=76.8s
step   800/900 tau=0.0417 loss=0.320781 mse_soft=0.320515 ent_in=0.6091 ent_out=0.2785 rowmax_in=0.6863 rowmax_out=0.8567 discrete_mse=74.360420 best_discrete=1.140908 hash=False elapsed=79.0s
step   825/900 tau=0.0377 loss=0.317000 mse_soft=0.316744 ent_in=0.5967 ent_out=0.2570 rowmax_in=0.6871 rowmax_out=0.8629 discrete_mse=0.965826 best_discrete=0.965826 hash=False elapsed=81.5s
step   850/900 tau=0.0342 loss=0.427979 mse_soft=0.427818 ent_in=0.4379 ent_out=0.0992 rowmax_in=0.7630 rowmax_out=0.9553 discrete_mse=102.492821 best_discrete=0.965826 hash=False elapsed=84.0s
step   875/900 tau=0.0309 loss=0.383069 mse_soft=0.382897 ent_in=0.4102 ent_out=0.1625 rowmax_in=0.7753 rowmax_out=0.9197 discrete_mse=52.197983 best_discrete=0.965826 hash=False elapsed=86.6s
step   900/900 tau=0.0280 loss=0.377858 mse_soft=0.377690 ent_in=0.3950 ent_out=0.1643 rowmax_in=0.7842 rowmax_out=0.9188 discrete_mse=25.890850 best_discrete=0.965826 hash=False elapsed=89.0s

Final metrics:
  soft_mse_full=0.385776
  rowmax_in_mean=0.7847
  rowmax_out_mean=0.9191
  ent_in_mean=0.3942
  ent_out_mean=0.1641
  final_discrete_mse=25.890850
  hash_match=False
  best_discrete_mse_seen=0.965826
Saved results to overnight_b234_j2.json
