Using device: cuda
Train rows: 4096 / Full rows: 10000, steps=900, lr=0.03
step     1/900 tau=1.0000 loss=1.083648 mse_soft=1.081326 ent_in=3.8712 ent_out=3.8712 rowmax_in=0.0213 rowmax_out=0.0213 discrete_mse=46.757755 best_discrete=46.757755 hash=False elapsed=0.5s
step    25/900 tau=0.9106 loss=0.868295 mse_soft=0.866104 ent_in=3.6344 ent_out=3.6678 rowmax_in=0.0455 rowmax_out=0.0441 discrete_mse=9287.170898 best_discrete=46.757755 hash=False elapsed=2.6s
step    50/900 tau=0.8260 loss=0.645140 mse_soft=0.643226 ent_in=3.1433 ent_out=3.2350 rowmax_in=0.0937 rowmax_out=0.0871 discrete_mse=1910.691162 best_discrete=46.757755 hash=False elapsed=4.8s
step    75/900 tau=0.7493 loss=0.514457 mse_soft=0.512847 ent_in=2.6488 ent_out=2.7176 rowmax_in=0.2005 rowmax_out=0.1907 discrete_mse=465.602081 best_discrete=46.757755 hash=False elapsed=7.3s
step   100/900 tau=0.6797 loss=0.416906 mse_soft=0.415685 ent_in=2.1186 ent_out=1.9497 rowmax_in=0.3206 rowmax_out=0.3935 discrete_mse=1104.528320 best_discrete=46.757755 hash=False elapsed=9.7s
step   125/900 tau=0.6165 loss=0.360942 mse_soft=0.360038 ent_in=1.7266 ent_out=1.2866 rowmax_in=0.4150 rowmax_out=0.5944 discrete_mse=534.652893 best_discrete=46.757755 hash=False elapsed=11.9s
step   150/900 tau=0.5592 loss=0.335322 mse_soft=0.334593 ent_in=1.5551 ent_out=0.8753 rowmax_in=0.4502 rowmax_out=0.7289 discrete_mse=1004.821960 best_discrete=46.757755 hash=False elapsed=14.3s
step   175/900 tau=0.5073 loss=0.318850 mse_soft=0.318237 ent_in=1.4507 ent_out=0.5935 rowmax_in=0.4574 rowmax_out=0.7992 discrete_mse=2057.834473 best_discrete=46.757755 hash=False elapsed=16.7s
step   200/900 tau=0.4602 loss=0.308822 mse_soft=0.308266 ent_in=1.3845 ent_out=0.4682 rowmax_in=0.4605 rowmax_out=0.8252 discrete_mse=1302.044312 best_discrete=46.757755 hash=False elapsed=19.1s
step   225/900 tau=0.4174 loss=0.302586 mse_soft=0.302060 ent_in=1.3395 ent_out=0.4156 rowmax_in=0.4663 rowmax_out=0.8359 discrete_mse=2926.082031 best_discrete=46.757755 hash=False elapsed=21.4s
step   250/900 tau=0.3786 loss=0.299359 mse_soft=0.298852 ent_in=1.3118 ent_out=0.3795 rowmax_in=0.4707 rowmax_out=0.8447 discrete_mse=1984.667969 best_discrete=46.757755 hash=False elapsed=23.8s
step   275/900 tau=0.3434 loss=0.294195 mse_soft=0.293705 ent_in=1.2831 ent_out=0.3508 rowmax_in=0.4798 rowmax_out=0.8530 discrete_mse=2810.656738 best_discrete=46.757755 hash=False elapsed=26.0s
step   300/900 tau=0.3115 loss=0.290180 mse_soft=0.289700 ent_in=1.2671 ent_out=0.3317 rowmax_in=0.4818 rowmax_out=0.8569 discrete_mse=1499.796875 best_discrete=46.757755 hash=False elapsed=28.2s
step   325/900 tau=0.2826 loss=0.288527 mse_soft=0.288057 ent_in=1.2502 ent_out=0.3162 rowmax_in=0.4846 rowmax_out=0.8630 discrete_mse=649.064209 best_discrete=46.757755 hash=False elapsed=30.5s
step   350/900 tau=0.2563 loss=0.288575 mse_soft=0.288113 ent_in=1.2366 ent_out=0.3029 rowmax_in=0.4877 rowmax_out=0.8698 discrete_mse=525.574646 best_discrete=46.757755 hash=False elapsed=32.7s
step   375/900 tau=0.2325 loss=0.287314 mse_soft=0.286857 ent_in=1.2247 ent_out=0.2967 rowmax_in=0.4879 rowmax_out=0.8717 discrete_mse=649.064209 best_discrete=46.757755 hash=False elapsed=35.0s
step   400/900 tau=0.2109 loss=0.287802 mse_soft=0.287349 ent_in=1.2181 ent_out=0.2921 rowmax_in=0.4892 rowmax_out=0.8729 discrete_mse=525.574646 best_discrete=46.757755 hash=False elapsed=37.4s
step   425/900 tau=0.1913 loss=0.289410 mse_soft=0.288960 ent_in=1.2114 ent_out=0.2888 rowmax_in=0.4900 rowmax_out=0.8743 discrete_mse=623.717957 best_discrete=46.757755 hash=False elapsed=39.9s
step   450/900 tau=0.1735 loss=0.288076 mse_soft=0.287628 ent_in=1.2079 ent_out=0.2869 rowmax_in=0.4913 rowmax_out=0.8742 discrete_mse=1210.602417 best_discrete=46.757755 hash=False elapsed=42.1s
step   475/900 tau=0.1574 loss=0.293028 mse_soft=0.292581 ent_in=1.2061 ent_out=0.2860 rowmax_in=0.4908 rowmax_out=0.8749 discrete_mse=503.448547 best_discrete=46.757755 hash=False elapsed=44.2s
step   500/900 tau=0.1428 loss=0.289639 mse_soft=0.289193 ent_in=1.2024 ent_out=0.2834 rowmax_in=0.4928 rowmax_out=0.8765 discrete_mse=1330.015015 best_discrete=46.757755 hash=False elapsed=46.4s
step   525/900 tau=0.1295 loss=0.294675 mse_soft=0.294229 ent_in=1.1997 ent_out=0.2850 rowmax_in=0.4955 rowmax_out=0.8731 discrete_mse=1330.015015 best_discrete=46.757755 hash=False elapsed=48.8s
step   550/900 tau=0.1175 loss=0.291404 mse_soft=0.290959 ent_in=1.1993 ent_out=0.2844 rowmax_in=0.4910 rowmax_out=0.8741 discrete_mse=1210.602417 best_discrete=46.757755 hash=False elapsed=51.1s
step   575/900 tau=0.1066 loss=0.321158 mse_soft=0.320721 ent_in=1.1812 ent_out=0.2727 rowmax_in=0.4962 rowmax_out=0.8836 discrete_mse=515.385803 best_discrete=46.757755 hash=False elapsed=53.6s
step   600/900 tau=0.0967 loss=0.323230 mse_soft=0.322810 ent_in=1.1549 ent_out=0.2443 rowmax_in=0.4973 rowmax_out=0.8967 discrete_mse=751.493652 best_discrete=46.757755 hash=False elapsed=55.9s
step   625/900 tau=0.0877 loss=0.289936 mse_soft=0.289508 ent_in=1.1617 ent_out=0.2645 rowmax_in=0.4985 rowmax_out=0.8844 discrete_mse=757.209167 best_discrete=46.757755 hash=False elapsed=58.3s
step   650/900 tau=0.0795 loss=0.301189 mse_soft=0.300765 ent_in=1.1517 ent_out=0.2618 rowmax_in=0.5054 rowmax_out=0.8828 discrete_mse=1048.562134 best_discrete=46.757755 hash=False elapsed=60.5s
step   675/900 tau=0.0722 loss=0.358648 mse_soft=0.358246 ent_in=1.1132 ent_out=0.2289 rowmax_in=0.5151 rowmax_out=0.8979 discrete_mse=349.361237 best_discrete=46.757755 hash=False elapsed=62.9s
step   700/900 tau=0.0655 loss=0.399277 mse_soft=0.398962 ent_in=0.8532 ent_out=0.1950 rowmax_in=0.6248 rowmax_out=0.9093 discrete_mse=188.175842 best_discrete=46.757755 hash=False elapsed=65.4s
step   725/900 tau=0.0594 loss=0.398776 mse_soft=0.398490 ent_in=0.7558 ent_out=0.1978 rowmax_in=0.6475 rowmax_out=0.9027 discrete_mse=87.772873 best_discrete=46.757755 hash=False elapsed=67.7s
step   750/900 tau=0.0539 loss=0.338616 mse_soft=0.338332 ent_in=0.7591 ent_out=0.1898 rowmax_in=0.6225 rowmax_out=0.9005 discrete_mse=720.990784 best_discrete=46.757755 hash=False elapsed=70.0s
step   775/900 tau=0.0489 loss=0.335862 mse_soft=0.335572 ent_in=0.7730 ent_out=0.1968 rowmax_in=0.6078 rowmax_out=0.8956 discrete_mse=389.941742 best_discrete=46.757755 hash=False elapsed=72.3s
step   800/900 tau=0.0443 loss=0.332363 mse_soft=0.332073 ent_in=0.7804 ent_out=0.1855 rowmax_in=0.6091 rowmax_out=0.9021 discrete_mse=318.738831 best_discrete=46.757755 hash=False elapsed=74.3s
step   825/900 tau=0.0402 loss=0.337186 mse_soft=0.336896 ent_in=0.7844 ent_out=0.1802 rowmax_in=0.6032 rowmax_out=0.9054 discrete_mse=318.738831 best_discrete=46.757755 hash=False elapsed=76.4s
step   850/900 tau=0.0365 loss=1.359050 mse_soft=1.358894 ent_in=0.3956 ent_out=0.1233 rowmax_in=0.8172 rowmax_out=0.9409 discrete_mse=96.578888 best_discrete=46.757755 hash=False elapsed=78.4s
step   875/900 tau=0.0331 loss=0.534881 mse_soft=0.534747 ent_in=0.3187 ent_out=0.1284 rowmax_in=0.8246 rowmax_out=0.9161 discrete_mse=161.501190 best_discrete=46.757755 hash=False elapsed=80.5s
step   900/900 tau=0.0300 loss=0.529463 mse_soft=0.529328 ent_in=0.3371 ent_out=0.1130 rowmax_in=0.8140 rowmax_out=0.9227 discrete_mse=55.660275 best_discrete=46.757755 hash=False elapsed=82.5s

Final metrics:
  soft_mse_full=0.579910
  rowmax_in_mean=0.8236
  rowmax_out_mean=0.9238
  ent_in_mean=0.3273
  ent_out_mean=0.1122
  final_discrete_mse=67.264938
  hash_match=False
  best_discrete_mse_seen=46.757755
Saved results to overnight_b052_j1.json
