Using device: cuda
Train rows: 10000 / Full rows: 10000, steps=700, lr=0.015
step     1/700 tau=1.0000 loss=1.064191 mse_soft=1.063417 ent_in=3.8712 ent_out=3.8712 rowmax_in=0.0213 rowmax_out=0.0213 discrete_mse=5.885576 best_discrete=5.885576 hash=False elapsed=0.5s
step    25/700 tau=0.8810 loss=0.972071 mse_soft=0.971312 ent_in=3.7934 ent_out=3.8055 rowmax_in=0.0331 rowmax_out=0.0321 discrete_mse=767.631165 best_discrete=5.885576 hash=False elapsed=2.8s
step    50/700 tau=0.7721 loss=0.786905 mse_soft=0.786196 ent_in=3.5170 ent_out=3.5670 rowmax_in=0.0565 rowmax_out=0.0538 discrete_mse=1048.405273 best_discrete=5.885576 hash=False elapsed=5.1s
step    75/700 tau=0.6767 loss=0.644819 mse_soft=0.644182 ent_in=3.1350 ent_out=3.2308 rowmax_in=0.0950 rowmax_out=0.0915 discrete_mse=4835.326172 best_discrete=5.885576 hash=False elapsed=7.5s
step   100/700 tau=0.5931 loss=0.540099 mse_soft=0.539542 ent_in=2.7317 ent_out=2.8443 rowmax_in=0.1756 rowmax_out=0.1665 discrete_mse=2476.913086 best_discrete=5.885576 hash=False elapsed=9.8s
step   125/700 tau=0.5198 loss=0.438666 mse_soft=0.438230 ent_in=2.1937 ent_out=2.1662 rowmax_in=0.3048 rowmax_out=0.3275 discrete_mse=998.615479 best_discrete=5.885576 hash=False elapsed=12.3s
step   150/700 tau=0.4555 loss=0.364563 mse_soft=0.364241 ent_in=1.7199 ent_out=1.4931 rowmax_in=0.4172 rowmax_out=0.5053 discrete_mse=362.180908 best_discrete=5.885576 hash=False elapsed=14.6s
step   175/700 tau=0.3992 loss=0.323363 mse_soft=0.323118 ent_in=1.4178 ent_out=1.0319 rowmax_in=0.4885 rowmax_out=0.6406 discrete_mse=229.195496 best_discrete=5.885576 hash=False elapsed=17.1s
step   200/700 tau=0.3499 loss=0.302593 mse_soft=0.302394 ent_in=1.2455 ent_out=0.7484 rowmax_in=0.5181 rowmax_out=0.7250 discrete_mse=794.234192 best_discrete=5.885576 hash=False elapsed=19.5s
step   225/700 tau=0.3066 loss=0.293220 mse_soft=0.293041 ent_in=1.1557 ent_out=0.6349 rowmax_in=0.5370 rowmax_out=0.7421 discrete_mse=702.223755 best_discrete=5.885576 hash=False elapsed=21.7s
step   250/700 tau=0.2687 loss=0.288988 mse_soft=0.288817 ent_in=1.1255 ent_out=0.5819 rowmax_in=0.5386 rowmax_out=0.7409 discrete_mse=1151.051758 best_discrete=5.885576 hash=False elapsed=23.8s
step   275/700 tau=0.2355 loss=0.283770 mse_soft=0.283608 ent_in=1.0954 ent_out=0.5243 rowmax_in=0.5347 rowmax_out=0.7673 discrete_mse=1096.306519 best_discrete=5.885576 hash=False elapsed=26.3s
step   300/700 tau=0.2064 loss=0.282494 mse_soft=0.282339 ent_in=1.0669 ent_out=0.4758 rowmax_in=0.5376 rowmax_out=0.7834 discrete_mse=298.237213 best_discrete=5.885576 hash=False elapsed=28.4s
step   325/700 tau=0.1809 loss=0.279275 mse_soft=0.279125 ent_in=1.0486 ent_out=0.4528 rowmax_in=0.5411 rowmax_out=0.7914 discrete_mse=293.957428 best_discrete=5.885576 hash=False elapsed=30.9s
step   350/700 tau=0.1585 loss=0.279131 mse_soft=0.278983 ent_in=1.0424 ent_out=0.4411 rowmax_in=0.5401 rowmax_out=0.7974 discrete_mse=394.830383 best_discrete=5.885576 hash=False elapsed=33.3s
step   375/700 tau=0.1389 loss=0.277511 mse_soft=0.277364 ent_in=1.0408 ent_out=0.4336 rowmax_in=0.5404 rowmax_out=0.7998 discrete_mse=391.306244 best_discrete=5.885576 hash=False elapsed=35.6s
step   400/700 tau=0.1218 loss=0.280294 mse_soft=0.280148 ent_in=1.0348 ent_out=0.4260 rowmax_in=0.5419 rowmax_out=0.8004 discrete_mse=462.644775 best_discrete=5.885576 hash=False elapsed=38.0s
step   425/700 tau=0.1067 loss=0.277400 mse_soft=0.277255 ent_in=1.0321 ent_out=0.4186 rowmax_in=0.5447 rowmax_out=0.8020 discrete_mse=460.582489 best_discrete=5.885576 hash=False elapsed=40.4s
step   450/700 tau=0.0935 loss=0.276057 mse_soft=0.275913 ent_in=1.0307 ent_out=0.4065 rowmax_in=0.5438 rowmax_out=0.8018 discrete_mse=151.602402 best_discrete=5.885576 hash=False elapsed=42.8s
step   475/700 tau=0.0820 loss=0.279857 mse_soft=0.279714 ent_in=1.0303 ent_out=0.4021 rowmax_in=0.5442 rowmax_out=0.8004 discrete_mse=151.602402 best_discrete=5.885576 hash=False elapsed=45.1s
step   500/700 tau=0.0718 loss=0.277682 mse_soft=0.277540 ent_in=1.0289 ent_out=0.3971 rowmax_in=0.5448 rowmax_out=0.8036 discrete_mse=151.602402 best_discrete=5.885576 hash=False elapsed=47.4s
step   525/700 tau=0.0630 loss=0.276037 mse_soft=0.275895 ent_in=1.0309 ent_out=0.3868 rowmax_in=0.5381 rowmax_out=0.8077 discrete_mse=151.602402 best_discrete=5.885576 hash=False elapsed=49.7s
step   550/700 tau=0.0552 loss=0.278223 mse_soft=0.278083 ent_in=1.0188 ent_out=0.3769 rowmax_in=0.5410 rowmax_out=0.8143 discrete_mse=151.602402 best_discrete=5.885576 hash=False elapsed=52.1s
step   575/700 tau=0.0484 loss=0.286597 mse_soft=0.286466 ent_in=0.9921 ent_out=0.3125 rowmax_in=0.5476 rowmax_out=0.8427 discrete_mse=132.702301 best_discrete=5.885576 hash=False elapsed=54.3s
step   600/700 tau=0.0424 loss=0.351513 mse_soft=0.351384 ent_in=0.9899 ent_out=0.3005 rowmax_in=0.5455 rowmax_out=0.8480 discrete_mse=75.872238 best_discrete=5.885576 hash=False elapsed=56.3s
step   625/700 tau=0.0371 loss=0.284464 mse_soft=0.284340 ent_in=0.9438 ent_out=0.2942 rowmax_in=0.5597 rowmax_out=0.8446 discrete_mse=114.392593 best_discrete=5.885576 hash=False elapsed=58.5s
step   650/700 tau=0.0325 loss=0.335842 mse_soft=0.335732 ent_in=0.8452 ent_out=0.2511 rowmax_in=0.6131 rowmax_out=0.8763 discrete_mse=51.714298 best_discrete=5.885576 hash=False elapsed=60.8s
step   675/700 tau=0.0285 loss=0.336193 mse_soft=0.336089 ent_in=0.8016 ent_out=0.2326 rowmax_in=0.6110 rowmax_out=0.8831 discrete_mse=14.327504 best_discrete=5.885576 hash=False elapsed=63.2s
step   700/700 tau=0.0250 loss=0.333140 mse_soft=0.333040 ent_in=0.7620 ent_out=0.2348 rowmax_in=0.6306 rowmax_out=0.8812 discrete_mse=36.860847 best_discrete=5.885576 hash=False elapsed=65.6s

Final metrics:
  soft_mse_full=0.324739
  rowmax_in_mean=0.6285
  rowmax_out_mean=0.8806
  ent_in_mean=0.7630
  ent_out_mean=0.2353
  final_discrete_mse=91.325920
  hash_match=False
  best_discrete_mse_seen=5.885576
Saved results to overnight_b007_j4.json
