Using device: cuda
Train rows: 10000 / Full rows: 10000, steps=700, lr=0.015
step     1/700 tau=1.0000 loss=1.064182 mse_soft=1.063408 ent_in=3.8712 ent_out=3.8712 rowmax_in=0.0213 rowmax_out=0.0213 discrete_mse=208.067291 best_discrete=208.067291 hash=False elapsed=0.5s
step    25/700 tau=0.8810 loss=0.971991 mse_soft=0.971231 ent_in=3.7930 ent_out=3.8053 rowmax_in=0.0330 rowmax_out=0.0322 discrete_mse=1374.547607 best_discrete=208.067291 hash=False elapsed=2.7s
step    50/700 tau=0.7721 loss=0.785134 mse_soft=0.784426 ent_in=3.5146 ent_out=3.5654 rowmax_in=0.0552 rowmax_out=0.0550 discrete_mse=6397.170898 best_discrete=208.067291 hash=False elapsed=4.9s
step    75/700 tau=0.6767 loss=0.641249 mse_soft=0.640612 ent_in=3.1375 ent_out=3.2276 rowmax_in=0.0945 rowmax_out=0.0923 discrete_mse=2748.265625 best_discrete=208.067291 hash=False elapsed=7.2s
step   100/700 tau=0.5931 loss=0.527639 mse_soft=0.527087 ent_in=2.7140 ent_out=2.8046 rowmax_in=0.1817 rowmax_out=0.1773 discrete_mse=1468.520142 best_discrete=208.067291 hash=False elapsed=9.8s
step   125/700 tau=0.5198 loss=0.432486 mse_soft=0.432052 ent_in=2.1887 ent_out=2.1514 rowmax_in=0.2987 rowmax_out=0.3338 discrete_mse=262.463684 best_discrete=208.067291 hash=False elapsed=12.2s
step   150/700 tau=0.4555 loss=0.366317 mse_soft=0.365992 ent_in=1.7514 ent_out=1.4908 rowmax_in=0.3958 rowmax_out=0.5122 discrete_mse=1842.559204 best_discrete=208.067291 hash=False elapsed=14.6s
step   175/700 tau=0.3992 loss=0.336880 mse_soft=0.336626 ent_in=1.5038 ent_out=1.0316 rowmax_in=0.4393 rowmax_out=0.6454 discrete_mse=331.122925 best_discrete=208.067291 hash=False elapsed=17.0s
step   200/700 tau=0.3499 loss=0.318201 mse_soft=0.317993 ent_in=1.3699 ent_out=0.7094 rowmax_in=0.4573 rowmax_out=0.7503 discrete_mse=558.353882 best_discrete=208.067291 hash=False elapsed=19.2s
step   225/700 tau=0.3066 loss=0.304567 mse_soft=0.304388 ent_in=1.2547 ent_out=0.5361 rowmax_in=0.4925 rowmax_out=0.7989 discrete_mse=619.734192 best_discrete=208.067291 hash=False elapsed=21.3s
step   250/700 tau=0.2687 loss=0.294629 mse_soft=0.294467 ent_in=1.1701 ent_out=0.4495 rowmax_in=0.5107 rowmax_out=0.8136 discrete_mse=968.988770 best_discrete=208.067291 hash=False elapsed=23.4s
step   275/700 tau=0.2355 loss=0.286915 mse_soft=0.286762 ent_in=1.1309 ent_out=0.3958 rowmax_in=0.5160 rowmax_out=0.8319 discrete_mse=421.118896 best_discrete=208.067291 hash=False elapsed=25.8s
step   300/700 tau=0.2064 loss=0.284276 mse_soft=0.284130 ent_in=1.0999 ent_out=0.3659 rowmax_in=0.5230 rowmax_out=0.8402 discrete_mse=1267.671997 best_discrete=208.067291 hash=False elapsed=28.1s
step   325/700 tau=0.1809 loss=0.281684 mse_soft=0.281541 ent_in=1.0801 ent_out=0.3514 rowmax_in=0.5287 rowmax_out=0.8438 discrete_mse=1088.158813 best_discrete=208.067291 hash=False elapsed=30.4s
step   350/700 tau=0.1585 loss=0.281371 mse_soft=0.281230 ent_in=1.0657 ent_out=0.3429 rowmax_in=0.5329 rowmax_out=0.8431 discrete_mse=1088.158813 best_discrete=208.067291 hash=False elapsed=32.7s
step   375/700 tau=0.1389 loss=0.280317 mse_soft=0.280178 ent_in=1.0536 ent_out=0.3360 rowmax_in=0.5387 rowmax_out=0.8427 discrete_mse=515.784058 best_discrete=208.067291 hash=False elapsed=35.0s
step   400/700 tau=0.1218 loss=0.280446 mse_soft=0.280310 ent_in=1.0383 ent_out=0.3284 rowmax_in=0.5478 rowmax_out=0.8445 discrete_mse=687.745789 best_discrete=208.067291 hash=False elapsed=37.3s
step   425/700 tau=0.1067 loss=0.280199 mse_soft=0.280064 ent_in=1.0310 ent_out=0.3280 rowmax_in=0.5515 rowmax_out=0.8417 discrete_mse=911.519897 best_discrete=208.067291 hash=False elapsed=39.5s
step   450/700 tau=0.0935 loss=0.280269 mse_soft=0.280133 ent_in=1.0287 ent_out=0.3230 rowmax_in=0.5509 rowmax_out=0.8431 discrete_mse=911.519897 best_discrete=208.067291 hash=False elapsed=42.0s
step   475/700 tau=0.0820 loss=0.280524 mse_soft=0.280389 ent_in=1.0277 ent_out=0.3207 rowmax_in=0.5495 rowmax_out=0.8409 discrete_mse=911.519897 best_discrete=208.067291 hash=False elapsed=44.3s
step   500/700 tau=0.0718 loss=0.297515 mse_soft=0.297381 ent_in=1.0227 ent_out=0.3234 rowmax_in=0.5465 rowmax_out=0.8391 discrete_mse=550.055115 best_discrete=208.067291 hash=False elapsed=46.7s
step   525/700 tau=0.0630 loss=0.319350 mse_soft=0.319216 ent_in=1.0154 ent_out=0.3258 rowmax_in=0.5503 rowmax_out=0.8376 discrete_mse=540.288757 best_discrete=208.067291 hash=False elapsed=49.1s
step   550/700 tau=0.0552 loss=0.282610 mse_soft=0.282479 ent_in=0.9873 ent_out=0.3216 rowmax_in=0.5639 rowmax_out=0.8377 discrete_mse=48.401741 best_discrete=48.401741 hash=False elapsed=51.5s
step   575/700 tau=0.0484 loss=0.296919 mse_soft=0.296790 ent_in=0.9883 ent_out=0.3050 rowmax_in=0.5562 rowmax_out=0.8442 discrete_mse=274.973358 best_discrete=48.401741 hash=False elapsed=53.8s
step   600/700 tau=0.0424 loss=0.340551 mse_soft=0.340429 ent_in=0.9307 ent_out=0.2817 rowmax_in=0.5793 rowmax_out=0.8534 discrete_mse=201.663528 best_discrete=48.401741 hash=False elapsed=56.1s
step   625/700 tau=0.0371 loss=0.292941 mse_soft=0.292826 ent_in=0.8853 ent_out=0.2691 rowmax_in=0.5975 rowmax_out=0.8594 discrete_mse=717.772644 best_discrete=48.401741 hash=False elapsed=58.6s
step   650/700 tau=0.0325 loss=0.305753 mse_soft=0.305645 ent_in=0.8390 ent_out=0.2406 rowmax_in=0.6073 rowmax_out=0.8702 discrete_mse=58.360050 best_discrete=48.401741 hash=False elapsed=60.9s
step   675/700 tau=0.0285 loss=0.316411 mse_soft=0.316311 ent_in=0.7532 ent_out=0.2433 rowmax_in=0.6431 rowmax_out=0.8704 discrete_mse=63.714893 best_discrete=48.401741 hash=False elapsed=63.2s
step   700/700 tau=0.0250 loss=0.323847 mse_soft=0.323750 ent_in=0.7569 ent_out=0.2163 rowmax_in=0.6361 rowmax_out=0.8851 discrete_mse=223.137543 best_discrete=48.401741 hash=False elapsed=65.5s

Final metrics:
  soft_mse_full=0.348529
  rowmax_in_mean=0.6317
  rowmax_out_mean=0.8872
  ent_in_mean=0.7585
  ent_out_mean=0.2132
  final_discrete_mse=41.726215
  hash_match=False
  best_discrete_mse_seen=48.401741
Saved results to overnight_b154_j4.json
