Using device: cuda
Train rows: 10000 / Full rows: 10000, steps=700, lr=0.015
step     1/700 tau=1.0000 loss=1.064189 mse_soft=1.063415 ent_in=3.8712 ent_out=3.8712 rowmax_in=0.0213 rowmax_out=0.0213 discrete_mse=19.347845 best_discrete=19.347845 hash=False elapsed=0.5s
step    25/700 tau=0.8810 loss=0.972148 mse_soft=0.971388 ent_in=3.7930 ent_out=3.8055 rowmax_in=0.0331 rowmax_out=0.0323 discrete_mse=1468.022705 best_discrete=19.347845 hash=False elapsed=2.7s
step    50/700 tau=0.7721 loss=0.787211 mse_soft=0.786503 ent_in=3.5160 ent_out=3.5656 rowmax_in=0.0560 rowmax_out=0.0541 discrete_mse=3543.399902 best_discrete=19.347845 hash=False elapsed=5.1s
step    75/700 tau=0.6767 loss=0.643573 mse_soft=0.642937 ent_in=3.1278 ent_out=3.2309 rowmax_in=0.0959 rowmax_out=0.0915 discrete_mse=2727.458984 best_discrete=19.347845 hash=False elapsed=7.5s
step   100/700 tau=0.5931 loss=0.529072 mse_soft=0.528521 ent_in=2.7138 ent_out=2.7944 rowmax_in=0.1845 rowmax_out=0.1769 discrete_mse=3981.486816 best_discrete=19.347845 hash=False elapsed=9.8s
step   125/700 tau=0.5198 loss=0.428262 mse_soft=0.427832 ent_in=2.1886 ent_out=2.1097 rowmax_in=0.3129 rowmax_out=0.3377 discrete_mse=4880.700195 best_discrete=19.347845 hash=False elapsed=12.0s
step   150/700 tau=0.4555 loss=0.361917 mse_soft=0.361594 ent_in=1.7408 ent_out=1.4871 rowmax_in=0.4094 rowmax_out=0.5226 discrete_mse=942.125000 best_discrete=19.347845 hash=False elapsed=14.3s
step   175/700 tau=0.3992 loss=0.331958 mse_soft=0.331703 ent_in=1.5030 ent_out=1.0458 rowmax_in=0.4506 rowmax_out=0.6445 discrete_mse=2242.462891 best_discrete=19.347845 hash=False elapsed=16.7s
step   200/700 tau=0.3499 loss=0.319405 mse_soft=0.319187 ent_in=1.3890 ent_out=0.7877 rowmax_in=0.4647 rowmax_out=0.7195 discrete_mse=1380.020996 best_discrete=19.347845 hash=False elapsed=19.1s
step   225/700 tau=0.3066 loss=0.311787 mse_soft=0.311589 ent_in=1.3184 ent_out=0.6585 rowmax_in=0.4732 rowmax_out=0.7436 discrete_mse=3514.322021 best_discrete=19.347845 hash=False elapsed=21.5s
step   250/700 tau=0.2687 loss=0.304610 mse_soft=0.304432 ent_in=1.2447 ent_out=0.5399 rowmax_in=0.4821 rowmax_out=0.7765 discrete_mse=2517.000000 best_discrete=19.347845 hash=False elapsed=23.8s
step   275/700 tau=0.2355 loss=0.298762 mse_soft=0.298595 ent_in=1.1853 ent_out=0.4781 rowmax_in=0.4964 rowmax_out=0.7868 discrete_mse=2460.622070 best_discrete=19.347845 hash=False elapsed=26.2s
step   300/700 tau=0.2064 loss=0.296558 mse_soft=0.296397 ent_in=1.1545 ent_out=0.4585 rowmax_in=0.5038 rowmax_out=0.7914 discrete_mse=3610.535889 best_discrete=19.347845 hash=False elapsed=28.7s
step   325/700 tau=0.1809 loss=0.295630 mse_soft=0.295471 ent_in=1.1420 ent_out=0.4508 rowmax_in=0.5053 rowmax_out=0.7941 discrete_mse=3194.314209 best_discrete=19.347845 hash=False elapsed=30.9s
step   350/700 tau=0.1585 loss=0.296427 mse_soft=0.296268 ent_in=1.1259 ent_out=0.4572 rowmax_in=0.5083 rowmax_out=0.7893 discrete_mse=1891.118774 best_discrete=19.347845 hash=False elapsed=33.1s
step   375/700 tau=0.1389 loss=0.296578 mse_soft=0.296420 ent_in=1.1166 ent_out=0.4622 rowmax_in=0.5066 rowmax_out=0.7793 discrete_mse=1805.200562 best_discrete=19.347845 hash=False elapsed=35.4s
step   400/700 tau=0.1218 loss=0.298991 mse_soft=0.298834 ent_in=1.1084 ent_out=0.4577 rowmax_in=0.5046 rowmax_out=0.7769 discrete_mse=1805.200562 best_discrete=19.347845 hash=False elapsed=37.7s
step   425/700 tau=0.1067 loss=0.291901 mse_soft=0.291745 ent_in=1.1010 ent_out=0.4551 rowmax_in=0.5071 rowmax_out=0.7733 discrete_mse=930.401794 best_discrete=19.347845 hash=False elapsed=40.0s
step   450/700 tau=0.0935 loss=0.291452 mse_soft=0.291298 ent_in=1.0966 ent_out=0.4445 rowmax_in=0.5091 rowmax_out=0.7768 discrete_mse=930.401794 best_discrete=19.347845 hash=False elapsed=42.5s
step   475/700 tau=0.0820 loss=0.295659 mse_soft=0.295506 ent_in=1.0922 ent_out=0.4413 rowmax_in=0.5102 rowmax_out=0.7751 discrete_mse=921.968262 best_discrete=19.347845 hash=False elapsed=44.9s
step   500/700 tau=0.0718 loss=0.297829 mse_soft=0.297677 ent_in=1.0832 ent_out=0.4370 rowmax_in=0.5148 rowmax_out=0.7748 discrete_mse=921.968262 best_discrete=19.347845 hash=False elapsed=47.4s
step   525/700 tau=0.0630 loss=0.331939 mse_soft=0.331787 ent_in=1.0894 ent_out=0.4284 rowmax_in=0.5110 rowmax_out=0.7839 discrete_mse=1198.560547 best_discrete=19.347845 hash=False elapsed=49.7s
step   550/700 tau=0.0552 loss=0.305962 mse_soft=0.305819 ent_in=1.0203 ent_out=0.4100 rowmax_in=0.5335 rowmax_out=0.7884 discrete_mse=2371.571289 best_discrete=19.347845 hash=False elapsed=52.3s
step   575/700 tau=0.0484 loss=0.297561 mse_soft=0.297420 ent_in=1.0024 ent_out=0.4149 rowmax_in=0.5430 rowmax_out=0.7922 discrete_mse=1804.339722 best_discrete=19.347845 hash=False elapsed=54.6s
step   600/700 tau=0.0424 loss=0.317730 mse_soft=0.317599 ent_in=0.9598 ent_out=0.3498 rowmax_in=0.5467 rowmax_out=0.8218 discrete_mse=580.428955 best_discrete=19.347845 hash=False elapsed=57.0s
step   625/700 tau=0.0371 loss=0.307849 mse_soft=0.307723 ent_in=0.9242 ent_out=0.3390 rowmax_in=0.5592 rowmax_out=0.8331 discrete_mse=784.126038 best_discrete=19.347845 hash=False elapsed=59.5s
step   650/700 tau=0.0325 loss=0.424955 mse_soft=0.424838 ent_in=0.8734 ent_out=0.2981 rowmax_in=0.5859 rowmax_out=0.8625 discrete_mse=88.573883 best_discrete=19.347845 hash=False elapsed=61.9s
step   675/700 tau=0.0285 loss=0.356853 mse_soft=0.356766 ent_in=0.6398 ent_out=0.2282 rowmax_in=0.6767 rowmax_out=0.8754 discrete_mse=20.384499 best_discrete=19.347845 hash=False elapsed=64.3s
step   700/700 tau=0.0250 loss=0.362819 mse_soft=0.362733 ent_in=0.6485 ent_out=0.2030 rowmax_in=0.6606 rowmax_out=0.8841 discrete_mse=192.525925 best_discrete=19.347845 hash=False elapsed=66.6s

Final metrics:
  soft_mse_full=0.358450
  rowmax_in_mean=0.6563
  rowmax_out_mean=0.8830
  ent_in_mean=0.6526
  ent_out_mean=0.2072
  final_discrete_mse=185.405365
  hash_match=False
  best_discrete_mse_seen=19.347845
Saved results to overnight_b190_j4.json
