Using device: cuda
Train rows: 4096 / Full rows: 10000, steps=900, lr=0.03
step     1/900 tau=1.0000 loss=1.060264 mse_soft=1.057941 ent_in=3.8712 ent_out=3.8712 rowmax_in=0.0213 rowmax_out=0.0213 discrete_mse=144.004547 best_discrete=144.004547 hash=False elapsed=0.5s
step    25/900 tau=0.9090 loss=0.859885 mse_soft=0.857695 ent_in=3.6338 ent_out=3.6663 rowmax_in=0.0457 rowmax_out=0.0445 discrete_mse=1504.513550 best_discrete=144.004547 hash=False elapsed=2.6s
step    50/900 tau=0.8229 loss=0.651541 mse_soft=0.649632 ent_in=3.1298 ent_out=3.2332 rowmax_in=0.0930 rowmax_out=0.0882 discrete_mse=509.834229 best_discrete=144.004547 hash=False elapsed=5.0s
step    75/900 tau=0.7450 loss=0.507314 mse_soft=0.505733 ent_in=2.5968 ent_out=2.6730 rowmax_in=0.2040 rowmax_out=0.2000 discrete_mse=169.694305 best_discrete=144.004547 hash=False elapsed=7.1s
step   100/900 tau=0.6745 loss=0.397184 mse_soft=0.396018 ent_in=2.0075 ent_out=1.8807 rowmax_in=0.3301 rowmax_out=0.3874 discrete_mse=228.405243 best_discrete=144.004547 hash=False elapsed=9.4s
step   125/900 tau=0.6107 loss=0.337933 mse_soft=0.337082 ent_in=1.5962 ent_out=1.2392 rowmax_in=0.4296 rowmax_out=0.5853 discrete_mse=629.659668 best_discrete=144.004547 hash=False elapsed=11.4s
step   150/900 tau=0.5529 loss=0.308780 mse_soft=0.308109 ent_in=1.3903 ent_out=0.8469 rowmax_in=0.4793 rowmax_out=0.7098 discrete_mse=583.565063 best_discrete=144.004547 hash=False elapsed=13.6s
step   175/900 tau=0.5006 loss=0.294670 mse_soft=0.294091 ent_in=1.3015 ent_out=0.6265 rowmax_in=0.5047 rowmax_out=0.7701 discrete_mse=506.747498 best_discrete=144.004547 hash=False elapsed=15.8s
step   200/900 tau=0.4532 loss=0.286766 mse_soft=0.286225 ent_in=1.2573 ent_out=0.5447 rowmax_in=0.5080 rowmax_out=0.7831 discrete_mse=462.843994 best_discrete=144.004547 hash=False elapsed=18.2s
step   225/900 tau=0.4103 loss=0.282853 mse_soft=0.282332 ent_in=1.2185 ent_out=0.5186 rowmax_in=0.5180 rowmax_out=0.7781 discrete_mse=469.957886 best_discrete=144.004547 hash=False elapsed=20.3s
step   250/900 tau=0.3715 loss=0.280491 mse_soft=0.279983 ent_in=1.1892 ent_out=0.5040 rowmax_in=0.5232 rowmax_out=0.7784 discrete_mse=173.625427 best_discrete=144.004547 hash=False elapsed=22.5s
step   275/900 tau=0.3363 loss=0.279579 mse_soft=0.279078 ent_in=1.1757 ent_out=0.4922 rowmax_in=0.5227 rowmax_out=0.7767 discrete_mse=173.625427 best_discrete=144.004547 hash=False elapsed=24.6s
step   300/900 tau=0.3045 loss=0.279342 mse_soft=0.278848 ent_in=1.1673 ent_out=0.4804 rowmax_in=0.5229 rowmax_out=0.7798 discrete_mse=173.625427 best_discrete=144.004547 hash=False elapsed=26.9s
step   325/900 tau=0.2756 loss=0.275923 mse_soft=0.275433 ent_in=1.1652 ent_out=0.4668 rowmax_in=0.5197 rowmax_out=0.7828 discrete_mse=407.532440 best_discrete=144.004547 hash=False elapsed=29.1s
step   350/900 tau=0.2496 loss=0.275106 mse_soft=0.274622 ent_in=1.1599 ent_out=0.4551 rowmax_in=0.5188 rowmax_out=0.7856 discrete_mse=1978.936890 best_discrete=144.004547 hash=False elapsed=31.3s
step   375/900 tau=0.2259 loss=0.280018 mse_soft=0.279536 ent_in=1.1585 ent_out=0.4461 rowmax_in=0.5172 rowmax_out=0.7894 discrete_mse=2384.287842 best_discrete=144.004547 hash=False elapsed=33.3s
step   400/900 tau=0.2046 loss=0.275832 mse_soft=0.275355 ent_in=1.1525 ent_out=0.4376 rowmax_in=0.5179 rowmax_out=0.7936 discrete_mse=1639.768921 best_discrete=144.004547 hash=False elapsed=35.5s
step   425/900 tau=0.1852 loss=0.279722 mse_soft=0.279248 ent_in=1.1494 ent_out=0.4289 rowmax_in=0.5180 rowmax_out=0.7974 discrete_mse=1639.768921 best_discrete=144.004547 hash=False elapsed=37.7s
step   450/900 tau=0.1677 loss=0.275264 mse_soft=0.274795 ent_in=1.1448 ent_out=0.4206 rowmax_in=0.5192 rowmax_out=0.8006 discrete_mse=1639.768921 best_discrete=144.004547 hash=False elapsed=39.9s
step   475/900 tau=0.1518 loss=0.280783 mse_soft=0.280316 ent_in=1.1435 ent_out=0.4132 rowmax_in=0.5176 rowmax_out=0.8028 discrete_mse=1639.768921 best_discrete=144.004547 hash=False elapsed=42.1s
step   500/900 tau=0.1374 loss=0.281937 mse_soft=0.281473 ent_in=1.1375 ent_out=0.4081 rowmax_in=0.5194 rowmax_out=0.8046 discrete_mse=2123.530762 best_discrete=144.004547 hash=False elapsed=44.3s
step   525/900 tau=0.1244 loss=0.294474 mse_soft=0.294008 ent_in=1.1450 ent_out=0.4068 rowmax_in=0.5117 rowmax_out=0.8028 discrete_mse=1035.125977 best_discrete=144.004547 hash=False elapsed=46.4s
step   550/900 tau=0.1126 loss=0.275715 mse_soft=0.275258 ent_in=1.1234 ent_out=0.4013 rowmax_in=0.5219 rowmax_out=0.8055 discrete_mse=2123.530762 best_discrete=144.004547 hash=False elapsed=48.9s
step   575/900 tau=0.1020 loss=0.275959 mse_soft=0.275504 ent_in=1.1172 ent_out=0.3994 rowmax_in=0.5251 rowmax_out=0.8064 discrete_mse=2123.530762 best_discrete=144.004547 hash=False elapsed=51.2s
step   600/900 tau=0.0923 loss=0.289573 mse_soft=0.289117 ent_in=1.1153 ent_out=0.4031 rowmax_in=0.5231 rowmax_out=0.8011 discrete_mse=1223.909180 best_discrete=144.004547 hash=False elapsed=53.5s
step   625/900 tau=0.0836 loss=0.289781 mse_soft=0.289327 ent_in=1.1081 ent_out=0.4061 rowmax_in=0.5210 rowmax_out=0.7998 discrete_mse=2223.991455 best_discrete=144.004547 hash=False elapsed=55.8s
step   650/900 tau=0.0757 loss=0.285404 mse_soft=0.284957 ent_in=1.0916 ent_out=0.4005 rowmax_in=0.5318 rowmax_out=0.8023 discrete_mse=1864.229492 best_discrete=144.004547 hash=False elapsed=58.2s
step   675/900 tau=0.0685 loss=0.282454 mse_soft=0.282014 ent_in=1.0707 ent_out=0.3950 rowmax_in=0.5396 rowmax_out=0.8040 discrete_mse=957.580872 best_discrete=144.004547 hash=False elapsed=60.4s
step   700/900 tau=0.0620 loss=0.310604 mse_soft=0.310257 ent_in=0.8157 ent_out=0.3434 rowmax_in=0.6271 rowmax_out=0.8183 discrete_mse=24.653685 best_discrete=24.653685 hash=False elapsed=62.5s
step   725/900 tau=0.0562 loss=0.296154 mse_soft=0.295803 ent_in=0.8277 ent_out=0.3419 rowmax_in=0.6087 rowmax_out=0.8047 discrete_mse=186.983932 best_discrete=24.653685 hash=False elapsed=64.7s
step   750/900 tau=0.0508 loss=0.313029 mse_soft=0.312694 ent_in=0.7873 ent_out=0.3280 rowmax_in=0.6248 rowmax_out=0.8317 discrete_mse=135.341949 best_discrete=24.653685 hash=False elapsed=66.8s
step   775/900 tau=0.0460 loss=0.307908 mse_soft=0.307580 ent_in=0.7610 ent_out=0.3328 rowmax_in=0.6332 rowmax_out=0.8131 discrete_mse=289.073486 best_discrete=24.653685 hash=False elapsed=69.0s
step   800/900 tau=0.0417 loss=0.305679 mse_soft=0.305358 ent_in=0.7355 ent_out=0.3338 rowmax_in=0.6512 rowmax_out=0.8141 discrete_mse=447.880737 best_discrete=24.653685 hash=False elapsed=71.1s
step   825/900 tau=0.0377 loss=0.405923 mse_soft=0.405607 ent_in=0.7171 ent_out=0.3357 rowmax_in=0.6512 rowmax_out=0.8043 discrete_mse=162.732132 best_discrete=24.653685 hash=False elapsed=73.2s
step   850/900 tau=0.0342 loss=0.391574 mse_soft=0.391383 ent_in=0.4298 ent_out=0.2056 rowmax_in=0.7818 rowmax_out=0.8811 discrete_mse=49.344162 best_discrete=24.653685 hash=False elapsed=75.4s
step   875/900 tau=0.0309 loss=0.410861 mse_soft=0.410696 ent_in=0.3538 ent_out=0.1956 rowmax_in=0.8285 rowmax_out=0.8829 discrete_mse=15.002346 best_discrete=15.002346 hash=False elapsed=77.4s
step   900/900 tau=0.0280 loss=0.388036 mse_soft=0.387862 ent_in=0.3795 ent_out=0.2003 rowmax_in=0.8087 rowmax_out=0.8784 discrete_mse=32.311691 best_discrete=15.002346 hash=False elapsed=79.6s

Final metrics:
  soft_mse_full=0.399002
  rowmax_in_mean=0.8105
  rowmax_out_mean=0.8782
  ent_in_mean=0.3788
  ent_out_mean=0.2004
  final_discrete_mse=32.311691
  hash_match=False
  best_discrete_mse_seen=15.002346
Saved results to overnight_b086_j2.json
