Using device: cuda
Train rows: 10000 / Full rows: 10000, steps=700, lr=0.015
step     1/700 tau=1.0000 loss=1.064248 mse_soft=1.063474 ent_in=3.8712 ent_out=3.8712 rowmax_in=0.0213 rowmax_out=0.0213 discrete_mse=43.583904 best_discrete=43.583904 hash=False elapsed=0.5s
step    25/700 tau=0.8810 loss=0.971894 mse_soft=0.971134 ent_in=3.7930 ent_out=3.8053 rowmax_in=0.0333 rowmax_out=0.0323 discrete_mse=4547.608398 best_discrete=43.583904 hash=False elapsed=2.9s
step    50/700 tau=0.7721 loss=0.785748 mse_soft=0.785040 ent_in=3.5138 ent_out=3.5622 rowmax_in=0.0578 rowmax_out=0.0547 discrete_mse=1764.573975 best_discrete=43.583904 hash=False elapsed=5.3s
step    75/700 tau=0.6767 loss=0.641597 mse_soft=0.640962 ent_in=3.1249 ent_out=3.2202 rowmax_in=0.0965 rowmax_out=0.0933 discrete_mse=5420.256348 best_discrete=43.583904 hash=False elapsed=7.7s
step   100/700 tau=0.5931 loss=0.531846 mse_soft=0.531294 ent_in=2.7147 ent_out=2.8124 rowmax_in=0.1779 rowmax_out=0.1730 discrete_mse=1248.266357 best_discrete=43.583904 hash=False elapsed=10.1s
step   125/700 tau=0.5198 loss=0.434862 mse_soft=0.434427 ent_in=2.1832 ent_out=2.1615 rowmax_in=0.2996 rowmax_out=0.3296 discrete_mse=1561.972534 best_discrete=43.583904 hash=False elapsed=12.5s
step   150/700 tau=0.4555 loss=0.362154 mse_soft=0.361834 ent_in=1.7204 ent_out=1.4813 rowmax_in=0.4284 rowmax_out=0.5316 discrete_mse=91.895248 best_discrete=43.583904 hash=False elapsed=14.9s
step   175/700 tau=0.3992 loss=0.319693 mse_soft=0.319457 ent_in=1.4106 ent_out=0.9517 rowmax_in=0.4978 rowmax_out=0.6805 discrete_mse=11.745056 best_discrete=11.745056 hash=False elapsed=17.4s
step   200/700 tau=0.3499 loss=0.302156 mse_soft=0.301964 ent_in=1.2512 ent_out=0.6682 rowmax_in=0.5311 rowmax_out=0.7485 discrete_mse=93.871185 best_discrete=11.745056 hash=False elapsed=19.7s
step   225/700 tau=0.3066 loss=0.292015 mse_soft=0.291844 ent_in=1.1719 ent_out=0.5314 rowmax_in=0.5429 rowmax_out=0.7843 discrete_mse=109.043022 best_discrete=11.745056 hash=False elapsed=22.2s
step   250/700 tau=0.2687 loss=0.286183 mse_soft=0.286027 ent_in=1.1178 ent_out=0.4458 rowmax_in=0.5542 rowmax_out=0.8148 discrete_mse=65.329315 best_discrete=11.745056 hash=False elapsed=24.7s
step   275/700 tau=0.2355 loss=0.283337 mse_soft=0.283189 ent_in=1.0981 ent_out=0.3836 rowmax_in=0.5513 rowmax_out=0.8354 discrete_mse=62.005791 best_discrete=11.745056 hash=False elapsed=27.0s
step   300/700 tau=0.2064 loss=0.280074 mse_soft=0.279931 ent_in=1.0924 ent_out=0.3451 rowmax_in=0.5518 rowmax_out=0.8498 discrete_mse=70.301414 best_discrete=11.745056 hash=False elapsed=29.3s
step   325/700 tau=0.1809 loss=0.277534 mse_soft=0.277396 ent_in=1.0717 ent_out=0.3136 rowmax_in=0.5566 rowmax_out=0.8643 discrete_mse=86.797600 best_discrete=11.745056 hash=False elapsed=31.8s
step   350/700 tau=0.1585 loss=0.274796 mse_soft=0.274663 ent_in=1.0462 ent_out=0.2894 rowmax_in=0.5638 rowmax_out=0.8748 discrete_mse=86.797600 best_discrete=11.745056 hash=False elapsed=34.2s
step   375/700 tau=0.1389 loss=0.271352 mse_soft=0.271222 ent_in=1.0305 ent_out=0.2661 rowmax_in=0.5663 rowmax_out=0.8817 discrete_mse=199.903900 best_discrete=11.745056 hash=False elapsed=36.7s
step   400/700 tau=0.1218 loss=0.271870 mse_soft=0.271742 ent_in=1.0236 ent_out=0.2595 rowmax_in=0.5661 rowmax_out=0.8839 discrete_mse=536.381836 best_discrete=11.745056 hash=False elapsed=39.2s
step   425/700 tau=0.1067 loss=0.273311 mse_soft=0.273183 ent_in=1.0183 ent_out=0.2555 rowmax_in=0.5664 rowmax_out=0.8865 discrete_mse=82.706535 best_discrete=11.745056 hash=False elapsed=41.8s
step   450/700 tau=0.0935 loss=0.272970 mse_soft=0.272843 ent_in=1.0126 ent_out=0.2503 rowmax_in=0.5658 rowmax_out=0.8888 discrete_mse=380.952515 best_discrete=11.745056 hash=False elapsed=44.1s
step   475/700 tau=0.0820 loss=0.273201 mse_soft=0.273074 ent_in=1.0128 ent_out=0.2478 rowmax_in=0.5639 rowmax_out=0.8898 discrete_mse=162.015488 best_discrete=11.745056 hash=False elapsed=46.3s
step   500/700 tau=0.0718 loss=0.270686 mse_soft=0.270560 ent_in=1.0084 ent_out=0.2438 rowmax_in=0.5652 rowmax_out=0.8913 discrete_mse=325.846344 best_discrete=11.745056 hash=False elapsed=48.7s
step   525/700 tau=0.0630 loss=0.270240 mse_soft=0.270115 ent_in=1.0033 ent_out=0.2454 rowmax_in=0.5648 rowmax_out=0.8906 discrete_mse=325.846344 best_discrete=11.745056 hash=False elapsed=51.0s
step   550/700 tau=0.0552 loss=0.280137 mse_soft=0.280012 ent_in=1.0020 ent_out=0.2486 rowmax_in=0.5644 rowmax_out=0.8888 discrete_mse=228.410751 best_discrete=11.745056 hash=False elapsed=53.1s
step   575/700 tau=0.0484 loss=0.272221 mse_soft=0.272097 ent_in=0.9959 ent_out=0.2494 rowmax_in=0.5616 rowmax_out=0.8878 discrete_mse=488.173035 best_discrete=11.745056 hash=False elapsed=55.3s
step   600/700 tau=0.0424 loss=0.281368 mse_soft=0.281244 ent_in=0.9953 ent_out=0.2445 rowmax_in=0.5569 rowmax_out=0.8881 discrete_mse=133.235245 best_discrete=11.745056 hash=False elapsed=57.6s
step   625/700 tau=0.0371 loss=0.353198 mse_soft=0.353095 ent_in=0.8446 ent_out=0.1892 rowmax_in=0.6087 rowmax_out=0.9169 discrete_mse=33.720787 best_discrete=11.745056 hash=False elapsed=59.8s
step   650/700 tau=0.0325 loss=0.302032 mse_soft=0.301939 ent_in=0.7518 ent_out=0.1768 rowmax_in=0.6300 rowmax_out=0.9190 discrete_mse=25.528906 best_discrete=11.745056 hash=False elapsed=62.3s
step   675/700 tau=0.0285 loss=0.319181 mse_soft=0.319086 ent_in=0.7736 ent_out=0.1776 rowmax_in=0.6084 rowmax_out=0.9114 discrete_mse=37.915554 best_discrete=11.745056 hash=False elapsed=64.6s
step   700/700 tau=0.0250 loss=0.306607 mse_soft=0.306515 ent_in=0.7621 ent_out=0.1624 rowmax_in=0.6160 rowmax_out=0.9160 discrete_mse=6.229137 best_discrete=6.229137 hash=False elapsed=66.8s

Final metrics:
  soft_mse_full=0.310646
  rowmax_in_mean=0.6218
  rowmax_out_mean=0.9172
  ent_in_mean=0.7552
  ent_out_mean=0.1628
  final_discrete_mse=37.915554
  hash_match=False
  best_discrete_mse_seen=6.229137
Saved results to overnight_b022_j4.json
