Using device: cuda
Train rows: 10000 / Full rows: 10000, steps=700, lr=0.02
step     1/700 tau=1.0000 loss=1.065720 mse_soft=1.063397 ent_in=3.8712 ent_out=3.8712 rowmax_in=0.0213 rowmax_out=0.0213 discrete_mse=874.191467 best_discrete=874.191467 hash=False elapsed=0.5s
step    25/700 tau=0.8866 loss=0.935636 mse_soft=0.933385 ent_in=3.7434 ent_out=3.7620 rowmax_in=0.0373 rowmax_out=0.0364 discrete_mse=5909.146484 best_discrete=874.191467 hash=False elapsed=2.5s
step    50/700 tau=0.7821 loss=0.710036 mse_soft=0.708002 ent_in=3.3619 ent_out=3.4209 rowmax_in=0.0694 rowmax_out=0.0674 discrete_mse=10286.406250 best_discrete=874.191467 hash=False elapsed=4.7s
step    75/700 tau=0.6899 loss=0.588001 mse_soft=0.586203 ent_in=2.9441 ent_out=3.0517 rowmax_in=0.1319 rowmax_out=0.1207 discrete_mse=1352.480347 best_discrete=874.191467 hash=False elapsed=6.7s
step   100/700 tau=0.6086 loss=0.473467 mse_soft=0.472015 ent_in=2.4054 ent_out=2.4331 rowmax_in=0.2558 rowmax_out=0.2528 discrete_mse=514.321289 best_discrete=514.321289 hash=False elapsed=8.8s
step   125/700 tau=0.5368 loss=0.377829 mse_soft=0.376788 ent_in=1.8103 ent_out=1.6624 rowmax_in=0.4020 rowmax_out=0.4663 discrete_mse=203.485947 best_discrete=203.485947 hash=False elapsed=10.9s
step   150/700 tau=0.4736 loss=0.329023 mse_soft=0.328278 ent_in=1.4169 ent_out=1.0662 rowmax_in=0.4879 rowmax_out=0.6308 discrete_mse=653.235779 best_discrete=203.485947 hash=False elapsed=13.1s
step   175/700 tau=0.4177 loss=0.311695 mse_soft=0.311058 ent_in=1.3064 ent_out=0.8175 rowmax_in=0.5029 rowmax_out=0.6943 discrete_mse=1981.327759 best_discrete=203.485947 hash=False elapsed=15.1s
step   200/700 tau=0.3685 loss=0.302019 mse_soft=0.301451 ent_in=1.2359 ent_out=0.6572 rowmax_in=0.5083 rowmax_out=0.7428 discrete_mse=2013.686401 best_discrete=203.485947 hash=False elapsed=17.1s
step   225/700 tau=0.3251 loss=0.297132 mse_soft=0.296615 ent_in=1.1726 ent_out=0.5533 rowmax_in=0.5195 rowmax_out=0.7670 discrete_mse=2692.480225 best_discrete=203.485947 hash=False elapsed=19.3s
step   250/700 tau=0.2868 loss=0.292409 mse_soft=0.291925 ent_in=1.1297 ent_out=0.4844 rowmax_in=0.5300 rowmax_out=0.7840 discrete_mse=2980.492432 best_discrete=203.485947 hash=False elapsed=21.3s
step   275/700 tau=0.2530 loss=0.290124 mse_soft=0.289657 ent_in=1.1049 ent_out=0.4524 rowmax_in=0.5361 rowmax_out=0.7878 discrete_mse=2712.093018 best_discrete=203.485947 hash=False elapsed=23.3s
step   300/700 tau=0.2231 loss=0.288735 mse_soft=0.288278 ent_in=1.0927 ent_out=0.4338 rowmax_in=0.5427 rowmax_out=0.7956 discrete_mse=937.006897 best_discrete=203.485947 hash=False elapsed=25.3s
step   325/700 tau=0.1968 loss=0.293015 mse_soft=0.292562 ent_in=1.0873 ent_out=0.4222 rowmax_in=0.5433 rowmax_out=0.7987 discrete_mse=937.006897 best_discrete=203.485947 hash=False elapsed=27.4s
step   350/700 tau=0.1736 loss=0.288548 mse_soft=0.288100 ent_in=1.0788 ent_out=0.4151 rowmax_in=0.5463 rowmax_out=0.8024 discrete_mse=937.006897 best_discrete=203.485947 hash=False elapsed=29.4s
step   375/700 tau=0.1532 loss=0.294689 mse_soft=0.294243 ent_in=1.0755 ent_out=0.4122 rowmax_in=0.5462 rowmax_out=0.8021 discrete_mse=1554.927368 best_discrete=203.485947 hash=False elapsed=31.7s
step   400/700 tau=0.1351 loss=0.288169 mse_soft=0.287723 ent_in=1.0742 ent_out=0.4129 rowmax_in=0.5460 rowmax_out=0.7987 discrete_mse=1554.927368 best_discrete=203.485947 hash=False elapsed=33.6s
step   425/700 tau=0.1192 loss=0.288100 mse_soft=0.287658 ent_in=1.0650 ent_out=0.4076 rowmax_in=0.5499 rowmax_out=0.8029 discrete_mse=1554.927368 best_discrete=203.485947 hash=False elapsed=35.7s
step   450/700 tau=0.1051 loss=0.297723 mse_soft=0.297286 ent_in=1.0534 ent_out=0.4033 rowmax_in=0.5540 rowmax_out=0.8055 discrete_mse=2204.612793 best_discrete=203.485947 hash=False elapsed=37.7s
step   475/700 tau=0.0928 loss=0.304743 mse_soft=0.304304 ent_in=1.0589 ent_out=0.4061 rowmax_in=0.5391 rowmax_out=0.7918 discrete_mse=375.976440 best_discrete=203.485947 hash=False elapsed=39.7s
step   500/700 tau=0.0818 loss=0.291574 mse_soft=0.291148 ent_in=1.0298 ent_out=0.3905 rowmax_in=0.5534 rowmax_out=0.8085 discrete_mse=685.699890 best_discrete=203.485947 hash=False elapsed=41.7s
step   525/700 tau=0.0722 loss=0.289648 mse_soft=0.289222 ent_in=1.0285 ent_out=0.3901 rowmax_in=0.5487 rowmax_out=0.8056 discrete_mse=854.495605 best_discrete=203.485947 hash=False elapsed=43.7s
step   550/700 tau=0.0637 loss=0.292050 mse_soft=0.291630 ent_in=1.0136 ent_out=0.3878 rowmax_in=0.5555 rowmax_out=0.8101 discrete_mse=1234.326538 best_discrete=203.485947 hash=False elapsed=45.8s
step   575/700 tau=0.0562 loss=0.318407 mse_soft=0.317990 ent_in=1.0073 ent_out=0.3821 rowmax_in=0.5552 rowmax_out=0.8052 discrete_mse=75.191696 best_discrete=75.191696 hash=False elapsed=48.1s
step   600/700 tau=0.0495 loss=0.298616 mse_soft=0.298210 ent_in=0.9724 ent_out=0.3814 rowmax_in=0.5673 rowmax_out=0.8059 discrete_mse=297.165497 best_discrete=75.191696 hash=False elapsed=50.4s
step   625/700 tau=0.0437 loss=0.300749 mse_soft=0.300363 ent_in=0.9310 ent_out=0.3544 rowmax_in=0.5771 rowmax_out=0.8279 discrete_mse=114.417885 best_discrete=75.191696 hash=False elapsed=52.7s
step   650/700 tau=0.0386 loss=0.431959 mse_soft=0.431732 ent_in=0.4959 ent_out=0.2627 rowmax_in=0.7692 rowmax_out=0.8576 discrete_mse=384.071564 best_discrete=75.191696 hash=False elapsed=55.0s
step   675/700 tau=0.0340 loss=0.432189 mse_soft=0.432009 ent_in=0.3634 ent_out=0.2368 rowmax_in=0.8236 rowmax_out=0.8707 discrete_mse=49.668030 best_discrete=49.668030 hash=False elapsed=57.2s
step   700/700 tau=0.0300 loss=0.397201 mse_soft=0.397035 ent_in=0.3259 ent_out=0.2270 rowmax_in=0.8536 rowmax_out=0.8753 discrete_mse=18.987265 best_discrete=18.987265 hash=False elapsed=59.5s

Final metrics:
  soft_mse_full=0.396971
  rowmax_in_mean=0.8554
  rowmax_out_mean=0.8752
  ent_in_mean=0.3230
  ent_out_mean=0.2272
  final_discrete_mse=18.987265
  hash_match=False
  best_discrete_mse_seen=18.987265
Saved results to overnight_b196_j3.json
