Using device: cuda
Train rows: 10000 / Full rows: 10000, steps=700, lr=0.02
step     1/700 tau=1.0000 loss=1.065727 mse_soft=1.063404 ent_in=3.8712 ent_out=3.8712 rowmax_in=0.0213 rowmax_out=0.0213 discrete_mse=57.958775 best_discrete=57.958775 hash=False elapsed=0.5s
step    25/700 tau=0.8866 loss=0.935085 mse_soft=0.932834 ent_in=3.7421 ent_out=3.7629 rowmax_in=0.0377 rowmax_out=0.0361 discrete_mse=2356.244629 best_discrete=57.958775 hash=False elapsed=2.9s
step    50/700 tau=0.7821 loss=0.710090 mse_soft=0.708055 ent_in=3.3597 ent_out=3.4228 rowmax_in=0.0693 rowmax_out=0.0684 discrete_mse=2151.137939 best_discrete=57.958775 hash=False elapsed=5.3s
step    75/700 tau=0.6899 loss=0.585708 mse_soft=0.583916 ent_in=2.9338 ent_out=3.0399 rowmax_in=0.1295 rowmax_out=0.1249 discrete_mse=1070.721802 best_discrete=57.958775 hash=False elapsed=7.5s
step   100/700 tau=0.6086 loss=0.472323 mse_soft=0.470883 ent_in=2.4013 ent_out=2.3968 rowmax_in=0.2520 rowmax_out=0.2613 discrete_mse=3427.575928 best_discrete=57.958775 hash=False elapsed=9.7s
step   125/700 tau=0.5368 loss=0.385118 mse_soft=0.384062 ent_in=1.8746 ent_out=1.6475 rowmax_in=0.3783 rowmax_out=0.4679 discrete_mse=274.706635 best_discrete=57.958775 hash=False elapsed=12.1s
step   150/700 tau=0.4736 loss=0.338612 mse_soft=0.337844 ent_in=1.5176 ent_out=1.0445 rowmax_in=0.4692 rowmax_out=0.6362 discrete_mse=103.944016 best_discrete=57.958775 hash=False elapsed=14.3s
step   175/700 tau=0.4177 loss=0.313715 mse_soft=0.313110 ent_in=1.3013 ent_out=0.7164 rowmax_in=0.5262 rowmax_out=0.7286 discrete_mse=92.743607 best_discrete=57.958775 hash=False elapsed=16.6s
step   200/700 tau=0.3685 loss=0.300961 mse_soft=0.300429 ent_in=1.1896 ent_out=0.5838 rowmax_in=0.5443 rowmax_out=0.7667 discrete_mse=168.118866 best_discrete=57.958775 hash=False elapsed=18.8s
step   225/700 tau=0.3251 loss=0.292843 mse_soft=0.292350 ent_in=1.1188 ent_out=0.5240 rowmax_in=0.5551 rowmax_out=0.7860 discrete_mse=307.058502 best_discrete=57.958775 hash=False elapsed=21.0s
step   250/700 tau=0.2868 loss=0.288700 mse_soft=0.288226 ent_in=1.0831 ent_out=0.4951 rowmax_in=0.5589 rowmax_out=0.7913 discrete_mse=307.058502 best_discrete=57.958775 hash=False elapsed=23.5s
step   275/700 tau=0.2530 loss=0.285417 mse_soft=0.284958 ent_in=1.0698 ent_out=0.4625 rowmax_in=0.5610 rowmax_out=0.8018 discrete_mse=284.083679 best_discrete=57.958775 hash=False elapsed=25.9s
step   300/700 tau=0.2231 loss=0.283645 mse_soft=0.283195 ent_in=1.0674 ent_out=0.4337 rowmax_in=0.5587 rowmax_out=0.8095 discrete_mse=89.690849 best_discrete=57.958775 hash=False elapsed=28.3s
step   325/700 tau=0.1968 loss=0.284361 mse_soft=0.283917 ent_in=1.0602 ent_out=0.4220 rowmax_in=0.5603 rowmax_out=0.8105 discrete_mse=89.690849 best_discrete=57.958775 hash=False elapsed=30.6s
step   350/700 tau=0.1736 loss=0.282938 mse_soft=0.282497 ent_in=1.0532 ent_out=0.4142 rowmax_in=0.5607 rowmax_out=0.8131 discrete_mse=131.639771 best_discrete=57.958775 hash=False elapsed=32.8s
step   375/700 tau=0.1532 loss=0.284876 mse_soft=0.284440 ent_in=1.0456 ent_out=0.4064 rowmax_in=0.5624 rowmax_out=0.8173 discrete_mse=131.639771 best_discrete=57.958775 hash=False elapsed=35.1s
step   400/700 tau=0.1351 loss=0.285281 mse_soft=0.284849 ent_in=1.0455 ent_out=0.3938 rowmax_in=0.5612 rowmax_out=0.8230 discrete_mse=131.639771 best_discrete=57.958775 hash=False elapsed=37.5s
step   425/700 tau=0.1192 loss=0.285187 mse_soft=0.284764 ent_in=1.0378 ent_out=0.3730 rowmax_in=0.5631 rowmax_out=0.8333 discrete_mse=112.854294 best_discrete=57.958775 hash=False elapsed=39.8s
step   450/700 tau=0.1051 loss=0.287611 mse_soft=0.287192 ent_in=1.0349 ent_out=0.3617 rowmax_in=0.5625 rowmax_out=0.8385 discrete_mse=112.854294 best_discrete=57.958775 hash=False elapsed=42.0s
step   475/700 tau=0.0928 loss=0.280049 mse_soft=0.279633 ent_in=1.0340 ent_out=0.3532 rowmax_in=0.5609 rowmax_out=0.8423 discrete_mse=139.900208 best_discrete=57.958775 hash=False elapsed=44.4s
step   500/700 tau=0.0818 loss=0.289054 mse_soft=0.288642 ent_in=1.0266 ent_out=0.3481 rowmax_in=0.5589 rowmax_out=0.8416 discrete_mse=118.277100 best_discrete=57.958775 hash=False elapsed=46.6s
step   525/700 tau=0.0722 loss=0.280363 mse_soft=0.279957 ent_in=1.0069 ent_out=0.3469 rowmax_in=0.5660 rowmax_out=0.8399 discrete_mse=118.277100 best_discrete=57.958775 hash=False elapsed=48.8s
step   550/700 tau=0.0637 loss=0.301204 mse_soft=0.300835 ent_in=0.9332 ent_out=0.2966 rowmax_in=0.5814 rowmax_out=0.8630 discrete_mse=59.442436 best_discrete=57.958775 hash=False elapsed=51.1s
step   575/700 tau=0.0562 loss=0.284850 mse_soft=0.284473 ent_in=0.9473 ent_out=0.3105 rowmax_in=0.5745 rowmax_out=0.8553 discrete_mse=178.764771 best_discrete=57.958775 hash=False elapsed=53.5s
step   600/700 tau=0.0495 loss=0.356384 mse_soft=0.356099 ent_in=0.7013 ent_out=0.2468 rowmax_in=0.6713 rowmax_out=0.8912 discrete_mse=103.283257 best_discrete=57.958775 hash=False elapsed=55.9s
step   625/700 tau=0.0437 loss=0.310843 mse_soft=0.310563 ent_in=0.6866 ent_out=0.2495 rowmax_in=0.6711 rowmax_out=0.8815 discrete_mse=48.450974 best_discrete=48.450974 hash=False elapsed=58.2s
step   650/700 tau=0.0386 loss=0.302977 mse_soft=0.302694 ent_in=0.7000 ent_out=0.2426 rowmax_in=0.6621 rowmax_out=0.8852 discrete_mse=37.043461 best_discrete=37.043461 hash=False elapsed=60.5s
step   675/700 tau=0.0340 loss=0.300754 mse_soft=0.300467 ent_in=0.7096 ent_out=0.2482 rowmax_in=0.6569 rowmax_out=0.8808 discrete_mse=52.669262 best_discrete=37.043461 hash=False elapsed=62.8s
step   700/700 tau=0.0300 loss=0.304944 mse_soft=0.304646 ent_in=0.7166 ent_out=0.2745 rowmax_in=0.6528 rowmax_out=0.8687 discrete_mse=53.763454 best_discrete=37.043461 hash=False elapsed=65.1s

Final metrics:
  soft_mse_full=0.304490
  rowmax_in_mean=0.6477
  rowmax_out_mean=0.8674
  ent_in_mean=0.7202
  ent_out_mean=0.2747
  final_discrete_mse=41.731499
  hash_match=False
  best_discrete_mse_seen=37.043461
Saved results to overnight_b182_j3.json
