Using device: cuda
Train rows: 10000 / Full rows: 10000, steps=700, lr=0.02
step     1/700 tau=1.0000 loss=1.065728 mse_soft=1.063405 ent_in=3.8712 ent_out=3.8712 rowmax_in=0.0213 rowmax_out=0.0213 discrete_mse=172.404068 best_discrete=172.404068 hash=False elapsed=0.5s
step    25/700 tau=0.8866 loss=0.934786 mse_soft=0.932534 ent_in=3.7422 ent_out=3.7621 rowmax_in=0.0373 rowmax_out=0.0363 discrete_mse=1219.045288 best_discrete=172.404068 hash=False elapsed=2.6s
step    50/700 tau=0.7821 loss=0.709287 mse_soft=0.707253 ent_in=3.3605 ent_out=3.4193 rowmax_in=0.0707 rowmax_out=0.0678 discrete_mse=3219.445557 best_discrete=172.404068 hash=False elapsed=5.0s
step    75/700 tau=0.6899 loss=0.582932 mse_soft=0.581141 ent_in=2.9307 ent_out=3.0378 rowmax_in=0.1333 rowmax_out=0.1264 discrete_mse=70.691071 best_discrete=70.691071 hash=False elapsed=7.3s
step   100/700 tau=0.6086 loss=0.467568 mse_soft=0.466134 ent_in=2.3853 ent_out=2.3943 rowmax_in=0.2468 rowmax_out=0.2673 discrete_mse=7200.395996 best_discrete=70.691071 hash=False elapsed=9.5s
step   125/700 tau=0.5368 loss=0.382377 mse_soft=0.381323 ent_in=1.8224 ent_out=1.6920 rowmax_in=0.3932 rowmax_out=0.4604 discrete_mse=2536.130127 best_discrete=70.691071 hash=False elapsed=11.7s
step   150/700 tau=0.4736 loss=0.342829 mse_soft=0.342022 ent_in=1.5313 ent_out=1.1606 rowmax_in=0.4512 rowmax_out=0.6091 discrete_mse=181.670395 best_discrete=70.691071 hash=False elapsed=13.8s
step   175/700 tau=0.4177 loss=0.327049 mse_soft=0.326378 ent_in=1.4043 ent_out=0.8316 rowmax_in=0.4702 rowmax_out=0.7057 discrete_mse=451.588379 best_discrete=70.691071 hash=False elapsed=15.9s
step   200/700 tau=0.3685 loss=0.313968 mse_soft=0.313400 ent_in=1.2883 ent_out=0.6047 rowmax_in=0.4978 rowmax_out=0.7856 discrete_mse=389.283325 best_discrete=70.691071 hash=False elapsed=18.1s
step   225/700 tau=0.3251 loss=0.304135 mse_soft=0.303624 ent_in=1.1983 ent_out=0.5045 rowmax_in=0.5127 rowmax_out=0.8081 discrete_mse=157.933273 best_discrete=70.691071 hash=False elapsed=20.7s
step   250/700 tau=0.2868 loss=0.299385 mse_soft=0.298899 ent_in=1.1642 ent_out=0.4554 rowmax_in=0.5151 rowmax_out=0.8128 discrete_mse=324.659729 best_discrete=70.691071 hash=False elapsed=22.9s
step   275/700 tau=0.2530 loss=0.297106 mse_soft=0.296636 ent_in=1.1331 ent_out=0.4315 rowmax_in=0.5194 rowmax_out=0.8165 discrete_mse=443.878479 best_discrete=70.691071 hash=False elapsed=25.3s
step   300/700 tau=0.2231 loss=0.295823 mse_soft=0.295367 ent_in=1.1051 ent_out=0.4131 rowmax_in=0.5259 rowmax_out=0.8220 discrete_mse=696.865112 best_discrete=70.691071 hash=False elapsed=27.4s
step   325/700 tau=0.1968 loss=0.293705 mse_soft=0.293258 ent_in=1.0873 ent_out=0.4023 rowmax_in=0.5308 rowmax_out=0.8228 discrete_mse=353.578827 best_discrete=70.691071 hash=False elapsed=29.6s
step   350/700 tau=0.1736 loss=0.293941 mse_soft=0.293501 ent_in=1.0755 ent_out=0.3929 rowmax_in=0.5330 rowmax_out=0.8236 discrete_mse=279.908081 best_discrete=70.691071 hash=False elapsed=31.8s
step   375/700 tau=0.1532 loss=0.292609 mse_soft=0.292174 ent_in=1.0637 ent_out=0.3847 rowmax_in=0.5371 rowmax_out=0.8241 discrete_mse=252.799118 best_discrete=70.691071 hash=False elapsed=34.1s
step   400/700 tau=0.1351 loss=0.295412 mse_soft=0.294982 ent_in=1.0554 ent_out=0.3768 rowmax_in=0.5394 rowmax_out=0.8258 discrete_mse=252.799118 best_discrete=70.691071 hash=False elapsed=36.2s
step   425/700 tau=0.1192 loss=0.294086 mse_soft=0.293662 ent_in=1.0484 ent_out=0.3643 rowmax_in=0.5413 rowmax_out=0.8283 discrete_mse=292.272400 best_discrete=70.691071 hash=False elapsed=38.3s
step   450/700 tau=0.1051 loss=0.294980 mse_soft=0.294561 ent_in=1.0417 ent_out=0.3545 rowmax_in=0.5415 rowmax_out=0.8303 discrete_mse=292.272400 best_discrete=70.691071 hash=False elapsed=40.6s
step   475/700 tau=0.0928 loss=0.294389 mse_soft=0.293973 ent_in=1.0319 ent_out=0.3549 rowmax_in=0.5437 rowmax_out=0.8290 discrete_mse=361.389160 best_discrete=70.691071 hash=False elapsed=43.2s
step   500/700 tau=0.0818 loss=0.293659 mse_soft=0.293246 ent_in=1.0339 ent_out=0.3439 rowmax_in=0.5388 rowmax_out=0.8354 discrete_mse=295.430542 best_discrete=70.691071 hash=False elapsed=45.5s
step   525/700 tau=0.0722 loss=0.296348 mse_soft=0.295940 ent_in=1.0231 ent_out=0.3365 rowmax_in=0.5442 rowmax_out=0.8379 discrete_mse=238.520248 best_discrete=70.691071 hash=False elapsed=47.8s
step   550/700 tau=0.0637 loss=0.312977 mse_soft=0.312594 ent_in=0.9575 ent_out=0.3185 rowmax_in=0.5789 rowmax_out=0.8435 discrete_mse=25.679396 best_discrete=25.679396 hash=False elapsed=50.0s
step   575/700 tau=0.0562 loss=0.323792 mse_soft=0.323438 ent_in=0.8775 ent_out=0.3031 rowmax_in=0.6094 rowmax_out=0.8571 discrete_mse=130.791077 best_discrete=25.679396 hash=False elapsed=52.2s
step   600/700 tau=0.0495 loss=0.358391 mse_soft=0.358072 ent_in=0.7659 ent_out=0.2950 rowmax_in=0.6399 rowmax_out=0.8565 discrete_mse=29.129206 best_discrete=25.679396 hash=False elapsed=54.5s
step   625/700 tau=0.0437 loss=0.365296 mse_soft=0.365001 ent_in=0.6881 ent_out=0.2982 rowmax_in=0.6695 rowmax_out=0.8458 discrete_mse=28.566486 best_discrete=25.679396 hash=False elapsed=56.7s
step   650/700 tau=0.0386 loss=0.322895 mse_soft=0.322602 ent_in=0.6753 ent_out=0.3037 rowmax_in=0.6664 rowmax_out=0.8452 discrete_mse=134.038803 best_discrete=25.679396 hash=False elapsed=59.0s
step   675/700 tau=0.0340 loss=0.332092 mse_soft=0.331805 ent_in=0.6551 ent_out=0.3005 rowmax_in=0.6758 rowmax_out=0.8487 discrete_mse=88.914238 best_discrete=25.679396 hash=False elapsed=61.2s
step   700/700 tau=0.0300 loss=0.320827 mse_soft=0.320538 ent_in=0.6616 ent_out=0.2996 rowmax_in=0.6649 rowmax_out=0.8484 discrete_mse=184.553589 best_discrete=25.679396 hash=False elapsed=63.4s

Final metrics:
  soft_mse_full=0.329182
  rowmax_in_mean=0.6662
  rowmax_out_mean=0.8488
  ent_in_mean=0.6606
  ent_out_mean=0.3008
  final_discrete_mse=25.596943
  hash_match=False
  best_discrete_mse_seen=25.679396
Saved results to overnight_b158_j3.json
