Using device: cuda
Train rows: 10000 / Full rows: 10000, steps=700, lr=0.015
step     1/700 tau=1.0000 loss=1.064230 mse_soft=1.063456 ent_in=3.8712 ent_out=3.8712 rowmax_in=0.0213 rowmax_out=0.0213 discrete_mse=16.801270 best_discrete=16.801270 hash=False elapsed=0.5s
step    25/700 tau=0.8810 loss=0.972219 mse_soft=0.971459 ent_in=3.7936 ent_out=3.8053 rowmax_in=0.0329 rowmax_out=0.0323 discrete_mse=2463.156738 best_discrete=16.801270 hash=False elapsed=2.6s
step    50/700 tau=0.7721 loss=0.785770 mse_soft=0.785062 ent_in=3.5165 ent_out=3.5667 rowmax_in=0.0555 rowmax_out=0.0552 discrete_mse=8234.811523 best_discrete=16.801270 hash=False elapsed=4.9s
step    75/700 tau=0.6767 loss=0.644503 mse_soft=0.643865 ent_in=3.1393 ent_out=3.2376 rowmax_in=0.0948 rowmax_out=0.0913 discrete_mse=5829.114258 best_discrete=16.801270 hash=False elapsed=7.0s
step   100/700 tau=0.5931 loss=0.526938 mse_soft=0.526385 ent_in=2.7016 ent_out=2.8298 rowmax_in=0.1895 rowmax_out=0.1660 discrete_mse=240.534897 best_discrete=16.801270 hash=False elapsed=9.2s
step   125/700 tau=0.5198 loss=0.429346 mse_soft=0.428911 ent_in=2.1545 ent_out=2.1921 rowmax_in=0.3175 rowmax_out=0.3176 discrete_mse=1225.457520 best_discrete=16.801270 hash=False elapsed=11.7s
step   150/700 tau=0.4555 loss=0.364109 mse_soft=0.363781 ent_in=1.7411 ent_out=1.5336 rowmax_in=0.4120 rowmax_out=0.5020 discrete_mse=1883.064697 best_discrete=16.801270 hash=False elapsed=13.9s
step   175/700 tau=0.3992 loss=0.332917 mse_soft=0.332658 ent_in=1.5198 ent_out=1.0729 rowmax_in=0.4465 rowmax_out=0.6300 discrete_mse=1069.047729 best_discrete=16.801270 hash=False elapsed=16.2s
step   200/700 tau=0.3499 loss=0.315950 mse_soft=0.315731 ent_in=1.3827 ent_out=0.8077 rowmax_in=0.4680 rowmax_out=0.7054 discrete_mse=423.662079 best_discrete=16.801270 hash=False elapsed=18.4s
step   225/700 tau=0.3066 loss=0.305085 mse_soft=0.304892 ent_in=1.2880 ent_out=0.6422 rowmax_in=0.4790 rowmax_out=0.7409 discrete_mse=1304.155762 best_discrete=16.801270 hash=False elapsed=20.7s
step   250/700 tau=0.2687 loss=0.298495 mse_soft=0.298318 ent_in=1.2372 ent_out=0.5373 rowmax_in=0.4834 rowmax_out=0.7600 discrete_mse=1137.598999 best_discrete=16.801270 hash=False elapsed=23.0s
step   275/700 tau=0.2355 loss=0.295463 mse_soft=0.295294 ent_in=1.2007 ent_out=0.4918 rowmax_in=0.4880 rowmax_out=0.7693 discrete_mse=1137.598999 best_discrete=16.801270 hash=False elapsed=25.3s
step   300/700 tau=0.2064 loss=0.295509 mse_soft=0.295344 ent_in=1.1735 ent_out=0.4708 rowmax_in=0.4921 rowmax_out=0.7741 discrete_mse=1366.259155 best_discrete=16.801270 hash=False elapsed=27.6s
step   325/700 tau=0.1809 loss=0.293391 mse_soft=0.293231 ent_in=1.1485 ent_out=0.4542 rowmax_in=0.4997 rowmax_out=0.7772 discrete_mse=1445.241821 best_discrete=16.801270 hash=False elapsed=29.9s
step   350/700 tau=0.1585 loss=0.291501 mse_soft=0.291344 ent_in=1.1309 ent_out=0.4406 rowmax_in=0.5063 rowmax_out=0.7816 discrete_mse=1121.494629 best_discrete=16.801270 hash=False elapsed=32.1s
step   375/700 tau=0.1389 loss=0.289870 mse_soft=0.289716 ent_in=1.1176 ent_out=0.4270 rowmax_in=0.5128 rowmax_out=0.7833 discrete_mse=1075.798828 best_discrete=16.801270 hash=False elapsed=34.5s
step   400/700 tau=0.1218 loss=0.290705 mse_soft=0.290552 ent_in=1.1063 ent_out=0.4186 rowmax_in=0.5156 rowmax_out=0.7851 discrete_mse=1971.062744 best_discrete=16.801270 hash=False elapsed=36.9s
step   425/700 tau=0.1067 loss=0.291260 mse_soft=0.291109 ent_in=1.0943 ent_out=0.4121 rowmax_in=0.5196 rowmax_out=0.7882 discrete_mse=437.820099 best_discrete=16.801270 hash=False elapsed=39.1s
step   450/700 tau=0.0935 loss=0.292903 mse_soft=0.292754 ent_in=1.0902 ent_out=0.4035 rowmax_in=0.5170 rowmax_out=0.7935 discrete_mse=1132.420654 best_discrete=16.801270 hash=False elapsed=41.2s
step   475/700 tau=0.0820 loss=0.290210 mse_soft=0.290062 ent_in=1.0878 ent_out=0.3946 rowmax_in=0.5143 rowmax_out=0.7991 discrete_mse=1627.815186 best_discrete=16.801270 hash=False elapsed=43.6s
step   500/700 tau=0.0718 loss=0.298627 mse_soft=0.298480 ent_in=1.0913 ent_out=0.3811 rowmax_in=0.5120 rowmax_out=0.8070 discrete_mse=970.396362 best_discrete=16.801270 hash=False elapsed=45.9s
step   525/700 tau=0.0630 loss=0.311008 mse_soft=0.310863 ent_in=1.0829 ent_out=0.3679 rowmax_in=0.5148 rowmax_out=0.8121 discrete_mse=623.044189 best_discrete=16.801270 hash=False elapsed=48.3s
step   550/700 tau=0.0552 loss=0.294572 mse_soft=0.294428 ent_in=1.0810 ent_out=0.3589 rowmax_in=0.5099 rowmax_out=0.8135 discrete_mse=1018.835083 best_discrete=16.801270 hash=False elapsed=50.5s
step   575/700 tau=0.0484 loss=0.297146 mse_soft=0.297003 ent_in=1.0787 ent_out=0.3520 rowmax_in=0.5078 rowmax_out=0.8170 discrete_mse=815.325439 best_discrete=16.801270 hash=False elapsed=52.7s
step   600/700 tau=0.0424 loss=0.293652 mse_soft=0.293511 ent_in=1.0735 ent_out=0.3390 rowmax_in=0.5103 rowmax_out=0.8232 discrete_mse=686.105957 best_discrete=16.801270 hash=False elapsed=55.0s
step   625/700 tau=0.0371 loss=0.297362 mse_soft=0.297229 ent_in=1.0219 ent_out=0.3114 rowmax_in=0.5364 rowmax_out=0.8380 discrete_mse=551.643799 best_discrete=16.801270 hash=False elapsed=57.3s
step   650/700 tau=0.0325 loss=0.353084 mse_soft=0.352958 ent_in=0.9931 ent_out=0.2673 rowmax_in=0.5341 rowmax_out=0.8548 discrete_mse=840.987976 best_discrete=16.801270 hash=False elapsed=59.9s
step   675/700 tau=0.0285 loss=0.321346 mse_soft=0.321230 ent_in=0.8902 ent_out=0.2696 rowmax_in=0.5704 rowmax_out=0.8462 discrete_mse=115.012360 best_discrete=16.801270 hash=False elapsed=62.4s
step   700/700 tau=0.0250 loss=0.325434 mse_soft=0.325321 ent_in=0.8786 ent_out=0.2573 rowmax_in=0.5802 rowmax_out=0.8610 discrete_mse=124.342232 best_discrete=16.801270 hash=False elapsed=64.8s

Final metrics:
  soft_mse_full=0.321264
  rowmax_in_mean=0.5751
  rowmax_out_mean=0.8626
  ent_in_mean=0.8778
  ent_out_mean=0.2552
  final_discrete_mse=220.689072
  hash_match=False
  best_discrete_mse_seen=16.801270
Saved results to overnight_b108_j4.json
