Using device: cuda
Train rows: 10000 / Full rows: 10000, steps=700, lr=0.02
step     1/700 tau=1.0000 loss=1.065763 mse_soft=1.063440 ent_in=3.8712 ent_out=3.8712 rowmax_in=0.0213 rowmax_out=0.0213 discrete_mse=8.195289 best_discrete=8.195289 hash=False elapsed=0.5s
step    25/700 tau=0.8866 loss=0.935260 mse_soft=0.933009 ent_in=3.7424 ent_out=3.7630 rowmax_in=0.0372 rowmax_out=0.0361 discrete_mse=2227.691895 best_discrete=8.195289 hash=False elapsed=2.8s
step    50/700 tau=0.7821 loss=0.709091 mse_soft=0.707056 ent_in=3.3602 ent_out=3.4224 rowmax_in=0.0704 rowmax_out=0.0667 discrete_mse=11754.457031 best_discrete=8.195289 hash=False elapsed=5.1s
step    75/700 tau=0.6899 loss=0.586540 mse_soft=0.584742 ent_in=2.9412 ent_out=3.0506 rowmax_in=0.1330 rowmax_out=0.1220 discrete_mse=2481.041748 best_discrete=8.195289 hash=False elapsed=7.2s
step   100/700 tau=0.6086 loss=0.476503 mse_soft=0.475043 ent_in=2.4305 ent_out=2.4377 rowmax_in=0.2374 rowmax_out=0.2464 discrete_mse=894.552795 best_discrete=8.195289 hash=False elapsed=9.5s
step   125/700 tau=0.5368 loss=0.394232 mse_soft=0.393133 ent_in=1.9131 ent_out=1.7490 rowmax_in=0.3618 rowmax_out=0.4331 discrete_mse=269.801331 best_discrete=8.195289 hash=False elapsed=11.8s
step   150/700 tau=0.4736 loss=0.350144 mse_soft=0.349313 ent_in=1.5928 ent_out=1.1801 rowmax_in=0.4285 rowmax_out=0.6041 discrete_mse=620.150085 best_discrete=8.195289 hash=False elapsed=14.1s
step   175/700 tau=0.4177 loss=0.321933 mse_soft=0.321298 ent_in=1.4449 ent_out=0.6710 rowmax_in=0.4541 rowmax_out=0.7805 discrete_mse=1094.785278 best_discrete=8.195289 hash=False elapsed=16.6s
step   200/700 tau=0.3685 loss=0.310209 mse_soft=0.309654 ent_in=1.3710 ent_out=0.4804 rowmax_in=0.4620 rowmax_out=0.8259 discrete_mse=926.103149 best_discrete=8.195289 hash=False elapsed=18.9s
step   225/700 tau=0.3251 loss=0.303825 mse_soft=0.303298 ent_in=1.3290 ent_out=0.4281 rowmax_in=0.4711 rowmax_out=0.8354 discrete_mse=921.347900 best_discrete=8.195289 hash=False elapsed=21.1s
step   250/700 tau=0.2868 loss=0.298385 mse_soft=0.297876 ent_in=1.2980 ent_out=0.3984 rowmax_in=0.4745 rowmax_out=0.8476 discrete_mse=600.692017 best_discrete=8.195289 hash=False elapsed=23.5s
step   275/700 tau=0.2530 loss=0.293484 mse_soft=0.292990 ent_in=1.2674 ent_out=0.3789 rowmax_in=0.4849 rowmax_out=0.8525 discrete_mse=608.652161 best_discrete=8.195289 hash=False elapsed=25.9s
step   300/700 tau=0.2231 loss=0.289639 mse_soft=0.289157 ent_in=1.2502 ent_out=0.3568 rowmax_in=0.4825 rowmax_out=0.8566 discrete_mse=2504.786133 best_discrete=8.195289 hash=False elapsed=28.3s
step   325/700 tau=0.1968 loss=0.289139 mse_soft=0.288665 ent_in=1.2400 ent_out=0.3411 rowmax_in=0.4838 rowmax_out=0.8588 discrete_mse=2504.786133 best_discrete=8.195289 hash=False elapsed=31.0s
step   350/700 tau=0.1736 loss=0.291619 mse_soft=0.291149 ent_in=1.2338 ent_out=0.3345 rowmax_in=0.4848 rowmax_out=0.8598 discrete_mse=1984.926514 best_discrete=8.195289 hash=False elapsed=33.3s
step   375/700 tau=0.1532 loss=0.291411 mse_soft=0.290945 ent_in=1.2287 ent_out=0.3236 rowmax_in=0.4861 rowmax_out=0.8604 discrete_mse=808.728516 best_discrete=8.195289 hash=False elapsed=35.7s
step   400/700 tau=0.1351 loss=0.289359 mse_soft=0.288893 ent_in=1.2302 ent_out=0.3223 rowmax_in=0.4837 rowmax_out=0.8562 discrete_mse=1459.726440 best_discrete=8.195289 hash=False elapsed=38.2s
step   425/700 tau=0.1192 loss=0.286930 mse_soft=0.286468 ent_in=1.2199 ent_out=0.3190 rowmax_in=0.4877 rowmax_out=0.8555 discrete_mse=1459.726440 best_discrete=8.195289 hash=False elapsed=40.4s
step   450/700 tau=0.1051 loss=0.289464 mse_soft=0.289005 ent_in=1.2150 ent_out=0.3169 rowmax_in=0.4865 rowmax_out=0.8536 discrete_mse=1062.148804 best_discrete=8.195289 hash=False elapsed=42.8s
step   475/700 tau=0.0928 loss=0.303496 mse_soft=0.303041 ent_in=1.1998 ent_out=0.3168 rowmax_in=0.4959 rowmax_out=0.8507 discrete_mse=1600.404175 best_discrete=8.195289 hash=False elapsed=45.0s
step   500/700 tau=0.0818 loss=0.292240 mse_soft=0.291783 ent_in=1.2019 ent_out=0.3218 rowmax_in=0.4938 rowmax_out=0.8434 discrete_mse=652.875977 best_discrete=8.195289 hash=False elapsed=47.3s
step   525/700 tau=0.0722 loss=0.292508 mse_soft=0.292055 ent_in=1.1949 ent_out=0.3173 rowmax_in=0.4938 rowmax_out=0.8485 discrete_mse=510.732941 best_discrete=8.195289 hash=False elapsed=49.6s
step   550/700 tau=0.0637 loss=0.301956 mse_soft=0.301510 ent_in=1.1725 ent_out=0.3134 rowmax_in=0.5072 rowmax_out=0.8484 discrete_mse=177.812729 best_discrete=8.195289 hash=False elapsed=51.9s
step   575/700 tau=0.0562 loss=0.309431 mse_soft=0.308988 ent_in=1.1638 ent_out=0.3134 rowmax_in=0.5065 rowmax_out=0.8507 discrete_mse=752.138672 best_discrete=8.195289 hash=False elapsed=54.2s
step   600/700 tau=0.0495 loss=0.358318 mse_soft=0.357959 ent_in=0.9305 ent_out=0.2648 rowmax_in=0.5772 rowmax_out=0.8722 discrete_mse=146.066452 best_discrete=8.195289 hash=False elapsed=56.6s
step   625/700 tau=0.0437 loss=0.385931 mse_soft=0.385579 ent_in=0.9092 ent_out=0.2657 rowmax_in=0.5849 rowmax_out=0.8598 discrete_mse=107.046371 best_discrete=8.195289 hash=False elapsed=59.1s
step   650/700 tau=0.0386 loss=0.319213 mse_soft=0.318855 ent_in=0.9270 ent_out=0.2678 rowmax_in=0.5772 rowmax_out=0.8504 discrete_mse=32.620155 best_discrete=8.195289 hash=False elapsed=61.1s
step   675/700 tau=0.0340 loss=0.324513 mse_soft=0.324166 ent_in=0.8906 ent_out=0.2657 rowmax_in=0.5916 rowmax_out=0.8522 discrete_mse=31.340500 best_discrete=8.195289 hash=False elapsed=63.2s
step   700/700 tau=0.0300 loss=0.322968 mse_soft=0.322636 ent_in=0.8460 ent_out=0.2619 rowmax_in=0.5921 rowmax_out=0.8559 discrete_mse=4.526144 best_discrete=4.526144 hash=False elapsed=65.4s

Final metrics:
  soft_mse_full=0.328133
  rowmax_in_mean=0.5902
  rowmax_out_mean=0.8582
  ent_in_mean=0.8493
  ent_out_mean=0.2606
  final_discrete_mse=11.665869
  hash_match=False
  best_discrete_mse_seen=4.526144
Saved results to overnight_b026_j3.json
