Using device: cuda
Train rows: 4096 / Full rows: 10000, steps=900, lr=0.03
step     1/900 tau=1.0000 loss=1.080451 mse_soft=1.078129 ent_in=3.8712 ent_out=3.8712 rowmax_in=0.0213 rowmax_out=0.0213 discrete_mse=63.941162 best_discrete=63.941162 hash=False elapsed=0.5s
step    25/900 tau=0.9090 loss=0.873180 mse_soft=0.870991 ent_in=3.6310 ent_out=3.6652 rowmax_in=0.0457 rowmax_out=0.0450 discrete_mse=6042.560547 best_discrete=63.941162 hash=False elapsed=2.8s
step    50/900 tau=0.8229 loss=0.653198 mse_soft=0.651294 ent_in=3.1277 ent_out=3.2167 rowmax_in=0.0925 rowmax_out=0.0852 discrete_mse=4275.845703 best_discrete=63.941162 hash=False elapsed=5.3s
step    75/900 tau=0.7450 loss=0.517377 mse_soft=0.515794 ent_in=2.6139 ent_out=2.6639 rowmax_in=0.2016 rowmax_out=0.1982 discrete_mse=6.321484 best_discrete=6.321484 hash=False elapsed=7.8s
step   100/900 tau=0.6745 loss=0.403115 mse_soft=0.401958 ent_in=2.0141 ent_out=1.8451 rowmax_in=0.3473 rowmax_out=0.4118 discrete_mse=1902.788330 best_discrete=6.321484 hash=False elapsed=10.2s
step   125/900 tau=0.6107 loss=0.338059 mse_soft=0.337217 ent_in=1.6375 ent_out=1.1701 rowmax_in=0.4273 rowmax_out=0.5866 discrete_mse=903.630371 best_discrete=6.321484 hash=False elapsed=12.5s
step   150/900 tau=0.5529 loss=0.306384 mse_soft=0.305682 ent_in=1.4772 ent_out=0.8606 rowmax_in=0.4535 rowmax_out=0.6661 discrete_mse=1278.684204 best_discrete=6.321484 hash=False elapsed=14.8s
step   175/900 tau=0.5006 loss=0.291889 mse_soft=0.291278 ent_in=1.3963 ent_out=0.6394 rowmax_in=0.4609 rowmax_out=0.7502 discrete_mse=690.560669 best_discrete=6.321484 hash=False elapsed=17.1s
step   200/900 tau=0.4532 loss=0.286076 mse_soft=0.285509 ent_in=1.3376 ent_out=0.5521 rowmax_in=0.4673 rowmax_out=0.7762 discrete_mse=234.053024 best_discrete=6.321484 hash=False elapsed=19.4s
step   225/900 tau=0.4103 loss=0.282166 mse_soft=0.281624 ent_in=1.3063 ent_out=0.5034 rowmax_in=0.4683 rowmax_out=0.7868 discrete_mse=1051.657349 best_discrete=6.321484 hash=False elapsed=21.8s
step   250/900 tau=0.3715 loss=0.278642 mse_soft=0.278115 ent_in=1.2863 ent_out=0.4700 rowmax_in=0.4725 rowmax_out=0.8007 discrete_mse=95.477509 best_discrete=6.321484 hash=False elapsed=24.2s
step   275/900 tau=0.3363 loss=0.276979 mse_soft=0.276468 ent_in=1.2640 ent_out=0.4382 rowmax_in=0.4788 rowmax_out=0.8101 discrete_mse=88.050911 best_discrete=6.321484 hash=False elapsed=26.5s
step   300/900 tau=0.3045 loss=0.274885 mse_soft=0.274386 ent_in=1.2512 ent_out=0.4130 rowmax_in=0.4791 rowmax_out=0.8155 discrete_mse=93.275169 best_discrete=6.321484 hash=False elapsed=28.8s
step   325/900 tau=0.2756 loss=0.277686 mse_soft=0.277198 ent_in=1.2394 ent_out=0.3869 rowmax_in=0.4801 rowmax_out=0.8242 discrete_mse=228.302612 best_discrete=6.321484 hash=False elapsed=31.1s
step   350/900 tau=0.2496 loss=0.275223 mse_soft=0.274744 ent_in=1.2276 ent_out=0.3703 rowmax_in=0.4835 rowmax_out=0.8311 discrete_mse=96.733223 best_discrete=6.321484 hash=False elapsed=33.6s
step   375/900 tau=0.2259 loss=0.270392 mse_soft=0.269922 ent_in=1.2136 ent_out=0.3527 rowmax_in=0.4879 rowmax_out=0.8441 discrete_mse=183.529694 best_discrete=6.321484 hash=False elapsed=36.0s
step   400/900 tau=0.2046 loss=0.274524 mse_soft=0.274066 ent_in=1.2004 ent_out=0.3271 rowmax_in=0.4932 rowmax_out=0.8577 discrete_mse=290.141205 best_discrete=6.321484 hash=False elapsed=38.5s
step   425/900 tau=0.1852 loss=0.271192 mse_soft=0.270742 ent_in=1.1943 ent_out=0.3045 rowmax_in=0.4932 rowmax_out=0.8653 discrete_mse=329.841064 best_discrete=6.321484 hash=False elapsed=40.9s
step   450/900 tau=0.1677 loss=0.274551 mse_soft=0.274106 ent_in=1.1896 ent_out=0.2940 rowmax_in=0.4915 rowmax_out=0.8670 discrete_mse=329.841064 best_discrete=6.321484 hash=False elapsed=43.2s
step   475/900 tau=0.1518 loss=0.269071 mse_soft=0.268629 ent_in=1.1851 ent_out=0.2874 rowmax_in=0.4905 rowmax_out=0.8697 discrete_mse=346.171844 best_discrete=6.321484 hash=False elapsed=45.4s
step   500/900 tau=0.1374 loss=0.277933 mse_soft=0.277496 ent_in=1.1778 ent_out=0.2781 rowmax_in=0.4904 rowmax_out=0.8699 discrete_mse=177.811600 best_discrete=6.321484 hash=False elapsed=47.7s
step   525/900 tau=0.1244 loss=0.268403 mse_soft=0.267968 ent_in=1.1740 ent_out=0.2763 rowmax_in=0.4886 rowmax_out=0.8691 discrete_mse=160.588791 best_discrete=6.321484 hash=False elapsed=50.0s
step   550/900 tau=0.1126 loss=0.277967 mse_soft=0.277538 ent_in=1.1597 ent_out=0.2704 rowmax_in=0.4958 rowmax_out=0.8707 discrete_mse=258.676208 best_discrete=6.321484 hash=False elapsed=52.0s
step   575/900 tau=0.1020 loss=0.271291 mse_soft=0.270864 ent_in=1.1514 ent_out=0.2705 rowmax_in=0.4969 rowmax_out=0.8711 discrete_mse=258.676208 best_discrete=6.321484 hash=False elapsed=54.1s
step   600/900 tau=0.0923 loss=0.290625 mse_soft=0.290203 ent_in=1.1336 ent_out=0.2716 rowmax_in=0.5051 rowmax_out=0.8716 discrete_mse=584.078918 best_discrete=6.321484 hash=False elapsed=56.2s
step   625/900 tau=0.0836 loss=0.290481 mse_soft=0.290063 ent_in=1.1279 ent_out=0.2651 rowmax_in=0.4984 rowmax_out=0.8753 discrete_mse=142.828705 best_discrete=6.321484 hash=False elapsed=58.4s
step   650/900 tau=0.0757 loss=0.395746 mse_soft=0.395350 ent_in=1.0777 ent_out=0.2411 rowmax_in=0.5198 rowmax_out=0.8947 discrete_mse=256.064636 best_discrete=6.321484 hash=False elapsed=60.7s
step   675/900 tau=0.0685 loss=0.295478 mse_soft=0.295130 ent_in=0.9458 ent_out=0.2168 rowmax_in=0.5812 rowmax_out=0.8951 discrete_mse=41.746426 best_discrete=6.321484 hash=False elapsed=63.1s
step   700/900 tau=0.0620 loss=0.435953 mse_soft=0.435701 ent_in=0.6606 ent_out=0.1781 rowmax_in=0.7147 rowmax_out=0.9185 discrete_mse=55.957417 best_discrete=6.321484 hash=False elapsed=65.4s
step   725/900 tau=0.0562 loss=0.379485 mse_soft=0.379240 ent_in=0.6315 ent_out=0.1838 rowmax_in=0.6949 rowmax_out=0.9051 discrete_mse=28.065067 best_discrete=6.321484 hash=False elapsed=67.8s
step   750/900 tau=0.0508 loss=0.357326 mse_soft=0.357078 ent_in=0.6337 ent_out=0.1910 rowmax_in=0.6962 rowmax_out=0.8939 discrete_mse=39.313736 best_discrete=6.321484 hash=False elapsed=70.0s
step   775/900 tau=0.0460 loss=0.366034 mse_soft=0.365786 ent_in=0.6341 ent_out=0.1942 rowmax_in=0.6937 rowmax_out=0.9008 discrete_mse=40.621181 best_discrete=6.321484 hash=False elapsed=72.1s
step   800/900 tau=0.0417 loss=0.347876 mse_soft=0.347628 ent_in=0.6194 ent_out=0.2049 rowmax_in=0.6835 rowmax_out=0.8980 discrete_mse=55.010193 best_discrete=6.321484 hash=False elapsed=74.3s
step   825/900 tau=0.0377 loss=0.480689 mse_soft=0.480492 ent_in=0.5042 ent_out=0.1538 rowmax_in=0.7316 rowmax_out=0.9271 discrete_mse=43.904144 best_discrete=6.321484 hash=False elapsed=76.3s
step   850/900 tau=0.0342 loss=0.501276 mse_soft=0.501126 ent_in=0.3880 ent_out=0.1107 rowmax_in=0.8097 rowmax_out=0.9480 discrete_mse=27.865524 best_discrete=6.321484 hash=False elapsed=78.7s
step   875/900 tau=0.0309 loss=0.492052 mse_soft=0.491888 ent_in=0.4193 ent_out=0.1259 rowmax_in=0.7808 rowmax_out=0.9378 discrete_mse=29.004070 best_discrete=6.321484 hash=False elapsed=80.9s
step   900/900 tau=0.0280 loss=0.488100 mse_soft=0.487949 ent_in=0.3856 ent_out=0.1149 rowmax_in=0.8028 rowmax_out=0.9452 discrete_mse=27.865524 best_discrete=6.321484 hash=False elapsed=83.1s

Final metrics:
  soft_mse_full=0.496352
  rowmax_in_mean=0.8014
  rowmax_out_mean=0.9447
  ent_in_mean=0.3862
  ent_out_mean=0.1153
  final_discrete_mse=27.865524
  hash_match=False
  best_discrete_mse_seen=6.321484
Saved results to overnight_b022_j2.json
