Using device: cuda
Train rows: 10000 / Full rows: 10000, steps=700, lr=0.02
step     1/700 tau=1.0000 loss=1.065761 mse_soft=1.063439 ent_in=3.8712 ent_out=3.8712 rowmax_in=0.0213 rowmax_out=0.0213 discrete_mse=142.516403 best_discrete=142.516403 hash=False elapsed=0.5s
step    25/700 tau=0.8866 loss=0.935205 mse_soft=0.932953 ent_in=3.7425 ent_out=3.7629 rowmax_in=0.0374 rowmax_out=0.0362 discrete_mse=2360.181885 best_discrete=142.516403 hash=False elapsed=2.8s
step    50/700 tau=0.7821 loss=0.711842 mse_soft=0.709806 ent_in=3.3611 ent_out=3.4248 rowmax_in=0.0698 rowmax_out=0.0665 discrete_mse=6246.449707 best_discrete=142.516403 hash=False elapsed=5.0s
step    75/700 tau=0.6899 loss=0.589441 mse_soft=0.587640 ent_in=2.9423 ent_out=3.0612 rowmax_in=0.1307 rowmax_out=0.1223 discrete_mse=7296.566406 best_discrete=142.516403 hash=False elapsed=7.1s
step   100/700 tau=0.6086 loss=0.469904 mse_soft=0.468462 ent_in=2.3898 ent_out=2.4179 rowmax_in=0.2603 rowmax_out=0.2627 discrete_mse=9483.315430 best_discrete=142.516403 hash=False elapsed=9.3s
step   125/700 tau=0.5368 loss=0.382398 mse_soft=0.381344 ent_in=1.8393 ent_out=1.6739 rowmax_in=0.3874 rowmax_out=0.4715 discrete_mse=1122.897339 best_discrete=142.516403 hash=False elapsed=11.5s
step   150/700 tau=0.4736 loss=0.339460 mse_soft=0.338652 ent_in=1.5283 ent_out=1.1664 rowmax_in=0.4521 rowmax_out=0.5933 discrete_mse=726.815796 best_discrete=142.516403 hash=False elapsed=13.7s
step   175/700 tau=0.4177 loss=0.320576 mse_soft=0.319915 ent_in=1.3585 ent_out=0.8464 rowmax_in=0.4845 rowmax_out=0.6890 discrete_mse=515.407410 best_discrete=142.516403 hash=False elapsed=16.0s
step   200/700 tau=0.3685 loss=0.308893 mse_soft=0.308309 ent_in=1.2470 ent_out=0.7002 rowmax_in=0.5091 rowmax_out=0.7310 discrete_mse=362.123840 best_discrete=142.516403 hash=False elapsed=18.2s
step   225/700 tau=0.3251 loss=0.301921 mse_soft=0.301378 ent_in=1.1874 ent_out=0.6225 rowmax_in=0.5177 rowmax_out=0.7433 discrete_mse=362.123840 best_discrete=142.516403 hash=False elapsed=20.7s
step   250/700 tau=0.2868 loss=0.298177 mse_soft=0.297660 ent_in=1.1499 ent_out=0.5728 rowmax_in=0.5223 rowmax_out=0.7546 discrete_mse=218.217468 best_discrete=142.516403 hash=False elapsed=23.0s
step   275/700 tau=0.2530 loss=0.297028 mse_soft=0.296526 ent_in=1.1304 ent_out=0.5431 rowmax_in=0.5229 rowmax_out=0.7606 discrete_mse=244.105698 best_discrete=142.516403 hash=False elapsed=25.3s
step   300/700 tau=0.2231 loss=0.295113 mse_soft=0.294622 ent_in=1.1125 ent_out=0.5231 rowmax_in=0.5242 rowmax_out=0.7651 discrete_mse=323.499084 best_discrete=142.516403 hash=False elapsed=27.7s
step   325/700 tau=0.1968 loss=0.295312 mse_soft=0.294832 ent_in=1.0932 ent_out=0.5076 rowmax_in=0.5270 rowmax_out=0.7692 discrete_mse=323.499084 best_discrete=142.516403 hash=False elapsed=29.9s
step   350/700 tau=0.1736 loss=0.293825 mse_soft=0.293351 ent_in=1.0792 ent_out=0.5005 rowmax_in=0.5308 rowmax_out=0.7676 discrete_mse=241.635788 best_discrete=142.516403 hash=False elapsed=32.2s
step   375/700 tau=0.1532 loss=0.293590 mse_soft=0.293119 ent_in=1.0749 ent_out=0.4959 rowmax_in=0.5319 rowmax_out=0.7712 discrete_mse=377.888763 best_discrete=142.516403 hash=False elapsed=34.3s
step   400/700 tau=0.1351 loss=0.299237 mse_soft=0.298771 ent_in=1.0662 ent_out=0.4890 rowmax_in=0.5340 rowmax_out=0.7750 discrete_mse=450.091583 best_discrete=142.516403 hash=False elapsed=36.6s
step   425/700 tau=0.1192 loss=0.295908 mse_soft=0.295446 ent_in=1.0577 ent_out=0.4802 rowmax_in=0.5339 rowmax_out=0.7747 discrete_mse=514.742920 best_discrete=142.516403 hash=False elapsed=38.8s
step   450/700 tau=0.1051 loss=0.296812 mse_soft=0.296359 ent_in=1.0471 ent_out=0.4629 rowmax_in=0.5357 rowmax_out=0.7776 discrete_mse=587.684875 best_discrete=142.516403 hash=False elapsed=40.9s
step   475/700 tau=0.0928 loss=0.293783 mse_soft=0.293339 ent_in=1.0339 ent_out=0.4463 rowmax_in=0.5392 rowmax_out=0.7864 discrete_mse=219.975342 best_discrete=142.516403 hash=False elapsed=43.1s
step   500/700 tau=0.0818 loss=0.305678 mse_soft=0.305240 ent_in=1.0186 ent_out=0.4420 rowmax_in=0.5424 rowmax_out=0.7888 discrete_mse=58.890972 best_discrete=58.890972 hash=False elapsed=45.3s
step   525/700 tau=0.0722 loss=0.299836 mse_soft=0.299402 ent_in=1.0093 ent_out=0.4373 rowmax_in=0.5410 rowmax_out=0.7890 discrete_mse=257.085175 best_discrete=58.890972 hash=False elapsed=47.7s
step   550/700 tau=0.0637 loss=0.304770 mse_soft=0.304343 ent_in=0.9966 ent_out=0.4278 rowmax_in=0.5446 rowmax_out=0.7938 discrete_mse=257.085175 best_discrete=58.890972 hash=False elapsed=50.0s
step   575/700 tau=0.0562 loss=0.382769 mse_soft=0.382415 ent_in=0.8531 ent_out=0.3266 rowmax_in=0.6060 rowmax_out=0.8553 discrete_mse=24.363350 best_discrete=24.363350 hash=False elapsed=52.3s
step   600/700 tau=0.0495 loss=0.346044 mse_soft=0.345748 ent_in=0.6531 ent_out=0.3345 rowmax_in=0.6865 rowmax_out=0.8350 discrete_mse=33.452854 best_discrete=24.363350 hash=False elapsed=54.7s
step   625/700 tau=0.0437 loss=0.336300 mse_soft=0.335991 ent_in=0.6978 ent_out=0.3316 rowmax_in=0.6468 rowmax_out=0.8369 discrete_mse=81.479774 best_discrete=24.363350 hash=False elapsed=57.2s
step   650/700 tau=0.0386 loss=0.327391 mse_soft=0.327086 ent_in=0.7221 ent_out=0.2959 rowmax_in=0.6288 rowmax_out=0.8528 discrete_mse=44.137280 best_discrete=24.363350 hash=False elapsed=59.7s
step   675/700 tau=0.0340 loss=0.324312 mse_soft=0.324004 ent_in=0.7144 ent_out=0.3140 rowmax_in=0.6369 rowmax_out=0.8350 discrete_mse=11.471910 best_discrete=11.471910 hash=False elapsed=62.1s
step   700/700 tau=0.0300 loss=0.369137 mse_soft=0.368841 ent_in=0.6755 ent_out=0.3118 rowmax_in=0.6577 rowmax_out=0.8410 discrete_mse=37.576630 best_discrete=11.471910 hash=False elapsed=64.5s

Final metrics:
  soft_mse_full=0.410444
  rowmax_in_mean=0.6583
  rowmax_out_mean=0.8383
  ent_in_mean=0.6763
  ent_out_mean=0.3079
  final_discrete_mse=26.561195
  hash_match=False
  best_discrete_mse_seen=11.471910
Saved results to overnight_b077_j3.json
