Using device: cuda
Train rows: 10000 / Full rows: 10000, steps=700, lr=0.02
step     1/700 tau=1.0000 loss=1.065758 mse_soft=1.063436 ent_in=3.8712 ent_out=3.8712 rowmax_in=0.0213 rowmax_out=0.0213 discrete_mse=28.859787 best_discrete=28.859787 hash=False elapsed=0.5s
step    25/700 tau=0.8866 loss=0.935515 mse_soft=0.933263 ent_in=3.7425 ent_out=3.7628 rowmax_in=0.0376 rowmax_out=0.0363 discrete_mse=849.546997 best_discrete=28.859787 hash=False elapsed=2.4s
step    50/700 tau=0.7821 loss=0.712125 mse_soft=0.710090 ent_in=3.3591 ent_out=3.4227 rowmax_in=0.0693 rowmax_out=0.0667 discrete_mse=6971.402832 best_discrete=28.859787 hash=False elapsed=4.5s
step    75/700 tau=0.6899 loss=0.586756 mse_soft=0.584959 ent_in=2.9385 ent_out=3.0533 rowmax_in=0.1322 rowmax_out=0.1198 discrete_mse=342.990204 best_discrete=28.859787 hash=False elapsed=6.7s
step   100/700 tau=0.6086 loss=0.470175 mse_soft=0.468739 ent_in=2.3748 ent_out=2.4129 rowmax_in=0.2622 rowmax_out=0.2563 discrete_mse=109.466446 best_discrete=28.859787 hash=False elapsed=9.0s
step   125/700 tau=0.5368 loss=0.384299 mse_soft=0.383253 ent_in=1.8139 ent_out=1.6723 rowmax_in=0.4180 rowmax_out=0.4895 discrete_mse=1.497008 best_discrete=1.497008 hash=False elapsed=11.1s
step   150/700 tau=0.4736 loss=0.334458 mse_soft=0.333713 ent_in=1.4867 ent_out=0.9976 rowmax_in=0.4743 rowmax_out=0.6915 discrete_mse=421.654297 best_discrete=1.497008 hash=False elapsed=13.1s
step   175/700 tau=0.4177 loss=0.311205 mse_soft=0.310605 ent_in=1.3257 ent_out=0.6728 rowmax_in=0.4958 rowmax_out=0.7797 discrete_mse=276.683167 best_discrete=1.497008 hash=False elapsed=15.5s
step   200/700 tau=0.3685 loss=0.299724 mse_soft=0.299202 ent_in=1.2521 ent_out=0.4862 rowmax_in=0.4971 rowmax_out=0.8293 discrete_mse=158.439346 best_discrete=1.497008 hash=False elapsed=17.8s
step   225/700 tau=0.3251 loss=0.292959 mse_soft=0.292483 ent_in=1.2085 ent_out=0.3758 rowmax_in=0.4988 rowmax_out=0.8568 discrete_mse=206.612747 best_discrete=1.497008 hash=False elapsed=20.2s
step   250/700 tau=0.2868 loss=0.288935 mse_soft=0.288487 ent_in=1.1691 ent_out=0.3227 rowmax_in=0.5066 rowmax_out=0.8653 discrete_mse=206.612747 best_discrete=1.497008 hash=False elapsed=22.4s
step   275/700 tau=0.2530 loss=0.284559 mse_soft=0.284135 ent_in=1.1343 ent_out=0.2785 rowmax_in=0.5149 rowmax_out=0.8847 discrete_mse=231.484863 best_discrete=1.497008 hash=False elapsed=24.8s
step   300/700 tau=0.2231 loss=0.281221 mse_soft=0.280812 ent_in=1.1234 ent_out=0.2410 rowmax_in=0.5126 rowmax_out=0.8959 discrete_mse=306.214600 best_discrete=1.497008 hash=False elapsed=26.9s
step   325/700 tau=0.1968 loss=0.281075 mse_soft=0.280676 ent_in=1.1155 ent_out=0.2136 rowmax_in=0.5128 rowmax_out=0.9057 discrete_mse=127.571144 best_discrete=1.497008 hash=False elapsed=29.0s
step   350/700 tau=0.1736 loss=0.278681 mse_soft=0.278289 ent_in=1.1062 ent_out=0.1991 rowmax_in=0.5126 rowmax_out=0.9113 discrete_mse=293.435059 best_discrete=1.497008 hash=False elapsed=31.2s
step   375/700 tau=0.1532 loss=0.281655 mse_soft=0.281268 ent_in=1.1024 ent_out=0.1889 rowmax_in=0.5086 rowmax_out=0.9138 discrete_mse=550.575745 best_discrete=1.497008 hash=False elapsed=33.5s
step   400/700 tau=0.1351 loss=0.278730 mse_soft=0.278347 ent_in=1.0952 ent_out=0.1816 rowmax_in=0.5095 rowmax_out=0.9169 discrete_mse=1038.354980 best_discrete=1.497008 hash=False elapsed=35.9s
step   425/700 tau=0.1192 loss=0.281178 mse_soft=0.280799 ent_in=1.0886 ent_out=0.1758 rowmax_in=0.5116 rowmax_out=0.9195 discrete_mse=520.546387 best_discrete=1.497008 hash=False elapsed=38.3s
step   450/700 tau=0.1051 loss=0.281543 mse_soft=0.281163 ent_in=1.0925 ent_out=0.1738 rowmax_in=0.5072 rowmax_out=0.9191 discrete_mse=290.513611 best_discrete=1.497008 hash=False elapsed=40.6s
step   475/700 tau=0.0928 loss=0.280866 mse_soft=0.280489 ent_in=1.0900 ent_out=0.1695 rowmax_in=0.5102 rowmax_out=0.9221 discrete_mse=699.961609 best_discrete=1.497008 hash=False elapsed=42.9s
step   500/700 tau=0.0818 loss=0.304186 mse_soft=0.303810 ent_in=1.0864 ent_out=0.1669 rowmax_in=0.5111 rowmax_out=0.9234 discrete_mse=883.103760 best_discrete=1.497008 hash=False elapsed=44.9s
step   525/700 tau=0.0722 loss=0.280296 mse_soft=0.279927 ent_in=1.0726 ent_out=0.1597 rowmax_in=0.5130 rowmax_out=0.9268 discrete_mse=577.266174 best_discrete=1.497008 hash=False elapsed=46.9s
step   550/700 tau=0.0637 loss=0.283608 mse_soft=0.283241 ent_in=1.0634 ent_out=0.1596 rowmax_in=0.5152 rowmax_out=0.9271 discrete_mse=1080.206787 best_discrete=1.497008 hash=False elapsed=49.1s
step   575/700 tau=0.0562 loss=0.283264 mse_soft=0.282900 ent_in=1.0587 ent_out=0.1551 rowmax_in=0.5207 rowmax_out=0.9286 discrete_mse=505.566528 best_discrete=1.497008 hash=False elapsed=51.1s
step   600/700 tau=0.0495 loss=0.282889 mse_soft=0.282523 ent_in=1.0642 ent_out=0.1569 rowmax_in=0.5173 rowmax_out=0.9268 discrete_mse=271.964447 best_discrete=1.497008 hash=False elapsed=53.2s
step   625/700 tau=0.0437 loss=0.300760 mse_soft=0.300421 ent_in=0.9785 ent_out=0.1516 rowmax_in=0.5488 rowmax_out=0.9255 discrete_mse=111.001244 best_discrete=1.497008 hash=False elapsed=55.4s
step   650/700 tau=0.0386 loss=0.393546 mse_soft=0.393300 ent_in=0.7128 ent_out=0.1056 rowmax_in=0.6498 rowmax_out=0.9526 discrete_mse=44.194027 best_discrete=1.497008 hash=False elapsed=57.4s
step   675/700 tau=0.0340 loss=0.354806 mse_soft=0.354570 ent_in=0.6773 ent_out=0.1102 rowmax_in=0.6410 rowmax_out=0.9474 discrete_mse=95.355263 best_discrete=1.497008 hash=False elapsed=59.4s
step   700/700 tau=0.0300 loss=0.368240 mse_soft=0.368039 ent_in=0.5965 ent_out=0.0742 rowmax_in=0.6803 rowmax_out=0.9658 discrete_mse=19.436888 best_discrete=1.497008 hash=False elapsed=61.6s

Final metrics:
  soft_mse_full=0.366249
  rowmax_in_mean=0.6830
  rowmax_out_mean=0.9659
  ent_in_mean=0.6020
  ent_out_mean=0.0738
  final_discrete_mse=18.297054
  hash_match=False
  best_discrete_mse_seen=1.497008
Saved results to overnight_b022_j3.json
