Using device: cuda
Train rows: 10000 / Full rows: 10000, steps=700, lr=0.015
step     1/700 tau=1.0000 loss=1.064181 mse_soft=1.063407 ent_in=3.8712 ent_out=3.8712 rowmax_in=0.0213 rowmax_out=0.0213 discrete_mse=17.279768 best_discrete=17.279768 hash=False elapsed=0.5s
step    25/700 tau=0.8810 loss=0.971923 mse_soft=0.971163 ent_in=3.7928 ent_out=3.8052 rowmax_in=0.0330 rowmax_out=0.0322 discrete_mse=1052.358765 best_discrete=17.279768 hash=False elapsed=3.0s
step    50/700 tau=0.7721 loss=0.786216 mse_soft=0.785508 ent_in=3.5121 ent_out=3.5658 rowmax_in=0.0561 rowmax_out=0.0536 discrete_mse=2673.787842 best_discrete=17.279768 hash=False elapsed=5.7s
step    75/700 tau=0.6767 loss=0.646068 mse_soft=0.645431 ent_in=3.1289 ent_out=3.2419 rowmax_in=0.0982 rowmax_out=0.0883 discrete_mse=8913.584961 best_discrete=17.279768 hash=False elapsed=8.3s
step   100/700 tau=0.5931 loss=0.540900 mse_soft=0.540340 ent_in=2.7367 ent_out=2.8602 rowmax_in=0.1752 rowmax_out=0.1634 discrete_mse=815.037109 best_discrete=17.279768 hash=False elapsed=10.7s
step   125/700 tau=0.5198 loss=0.444161 mse_soft=0.443715 ent_in=2.2296 ent_out=2.2284 rowmax_in=0.2964 rowmax_out=0.3010 discrete_mse=4407.987305 best_discrete=17.279768 hash=False elapsed=13.1s
step   150/700 tau=0.4555 loss=0.371258 mse_soft=0.370925 ent_in=1.7770 ent_out=1.5493 rowmax_in=0.4020 rowmax_out=0.5125 discrete_mse=321.054321 best_discrete=17.279768 hash=False elapsed=15.5s
step   175/700 tau=0.3992 loss=0.329502 mse_soft=0.329255 ent_in=1.4624 ent_out=1.0092 rowmax_in=0.4686 rowmax_out=0.6703 discrete_mse=4849.838379 best_discrete=17.279768 hash=False elapsed=17.9s
step   200/700 tau=0.3499 loss=0.312736 mse_soft=0.312524 ent_in=1.3328 ent_out=0.7829 rowmax_in=0.4911 rowmax_out=0.7173 discrete_mse=1793.778809 best_discrete=17.279768 hash=False elapsed=20.4s
step   225/700 tau=0.3066 loss=0.303846 mse_soft=0.303656 ent_in=1.2420 ent_out=0.6561 rowmax_in=0.5097 rowmax_out=0.7401 discrete_mse=430.093292 best_discrete=17.279768 hash=False elapsed=22.8s
step   250/700 tau=0.2687 loss=0.296108 mse_soft=0.295933 ent_in=1.1749 ent_out=0.5773 rowmax_in=0.5267 rowmax_out=0.7553 discrete_mse=430.093292 best_discrete=17.279768 hash=False elapsed=25.4s
step   275/700 tau=0.2355 loss=0.293016 mse_soft=0.292850 ent_in=1.1268 ent_out=0.5287 rowmax_in=0.5364 rowmax_out=0.7646 discrete_mse=430.093292 best_discrete=17.279768 hash=False elapsed=27.9s
step   300/700 tau=0.2064 loss=0.292783 mse_soft=0.292623 ent_in=1.1032 ent_out=0.5037 rowmax_in=0.5387 rowmax_out=0.7666 discrete_mse=520.898926 best_discrete=17.279768 hash=False elapsed=30.4s
step   325/700 tau=0.1809 loss=0.290993 mse_soft=0.290835 ent_in=1.0835 ent_out=0.4910 rowmax_in=0.5413 rowmax_out=0.7687 discrete_mse=778.796570 best_discrete=17.279768 hash=False elapsed=32.9s
step   350/700 tau=0.1585 loss=0.289334 mse_soft=0.289179 ent_in=1.0692 ent_out=0.4831 rowmax_in=0.5443 rowmax_out=0.7777 discrete_mse=533.083496 best_discrete=17.279768 hash=False elapsed=35.3s
step   375/700 tau=0.1389 loss=0.293142 mse_soft=0.292990 ent_in=1.0545 ent_out=0.4689 rowmax_in=0.5469 rowmax_out=0.7827 discrete_mse=999.633179 best_discrete=17.279768 hash=False elapsed=37.6s
step   400/700 tau=0.1218 loss=0.289133 mse_soft=0.288982 ent_in=1.0479 ent_out=0.4635 rowmax_in=0.5468 rowmax_out=0.7827 discrete_mse=1741.632812 best_discrete=17.279768 hash=False elapsed=39.9s
step   425/700 tau=0.1067 loss=0.286762 mse_soft=0.286613 ent_in=1.0322 ent_out=0.4558 rowmax_in=0.5537 rowmax_out=0.7824 discrete_mse=1047.026978 best_discrete=17.279768 hash=False elapsed=42.2s
step   450/700 tau=0.0935 loss=0.289423 mse_soft=0.289277 ent_in=1.0216 ent_out=0.4388 rowmax_in=0.5566 rowmax_out=0.7842 discrete_mse=1227.114136 best_discrete=17.279768 hash=False elapsed=44.5s
step   475/700 tau=0.0820 loss=0.300006 mse_soft=0.299862 ent_in=1.0137 ent_out=0.4290 rowmax_in=0.5592 rowmax_out=0.7839 discrete_mse=996.952576 best_discrete=17.279768 hash=False elapsed=47.1s
step   500/700 tau=0.0718 loss=0.295211 mse_soft=0.295067 ent_in=1.0106 ent_out=0.4319 rowmax_in=0.5555 rowmax_out=0.7784 discrete_mse=422.833527 best_discrete=17.279768 hash=False elapsed=49.4s
step   525/700 tau=0.0630 loss=0.288584 mse_soft=0.288443 ent_in=0.9840 ent_out=0.4295 rowmax_in=0.5645 rowmax_out=0.7783 discrete_mse=422.833527 best_discrete=17.279768 hash=False elapsed=51.9s
step   550/700 tau=0.0552 loss=0.316546 mse_soft=0.316406 ent_in=0.9725 ent_out=0.4301 rowmax_in=0.5629 rowmax_out=0.7765 discrete_mse=776.719788 best_discrete=17.279768 hash=False elapsed=54.2s
step   575/700 tau=0.0484 loss=0.316498 mse_soft=0.316361 ent_in=0.9433 ent_out=0.4284 rowmax_in=0.5614 rowmax_out=0.7726 discrete_mse=126.901268 best_discrete=17.279768 hash=False elapsed=56.4s
step   600/700 tau=0.0424 loss=0.300674 mse_soft=0.300539 ent_in=0.9336 ent_out=0.4195 rowmax_in=0.5713 rowmax_out=0.7759 discrete_mse=261.521637 best_discrete=17.279768 hash=False elapsed=58.7s
step   625/700 tau=0.0371 loss=0.324798 mse_soft=0.324665 ent_in=0.9157 ent_out=0.4176 rowmax_in=0.5675 rowmax_out=0.7749 discrete_mse=1395.779785 best_discrete=17.279768 hash=False elapsed=60.9s
step   650/700 tau=0.0325 loss=0.386429 mse_soft=0.386313 ent_in=0.7958 ent_out=0.3721 rowmax_in=0.6324 rowmax_out=0.8068 discrete_mse=348.483093 best_discrete=17.279768 hash=False elapsed=63.0s
step   675/700 tau=0.0285 loss=0.331650 mse_soft=0.331538 ent_in=0.7563 ent_out=0.3664 rowmax_in=0.6293 rowmax_out=0.8073 discrete_mse=350.987762 best_discrete=17.279768 hash=False elapsed=65.3s
step   700/700 tau=0.0250 loss=0.327382 mse_soft=0.327276 ent_in=0.7248 ent_out=0.3400 rowmax_in=0.6284 rowmax_out=0.8122 discrete_mse=47.152100 best_discrete=17.279768 hash=False elapsed=67.5s

Final metrics:
  soft_mse_full=0.324282
  rowmax_in_mean=0.6272
  rowmax_out_mean=0.8145
  ent_in_mean=0.7296
  ent_out_mean=0.3341
  final_discrete_mse=151.828125
  hash_match=False
  best_discrete_mse_seen=17.279768
Saved results to overnight_b199_j4.json
