Using device: cuda
Train rows: 10000 / Full rows: 10000, steps=700, lr=0.015
step     1/700 tau=1.0000 loss=1.064222 mse_soft=1.063448 ent_in=3.8712 ent_out=3.8712 rowmax_in=0.0213 rowmax_out=0.0213 discrete_mse=60.148975 best_discrete=60.148975 hash=False elapsed=0.5s
step    25/700 tau=0.8810 loss=0.972000 mse_soft=0.971240 ent_in=3.7932 ent_out=3.8052 rowmax_in=0.0332 rowmax_out=0.0323 discrete_mse=920.907776 best_discrete=60.148975 hash=False elapsed=2.6s
step    50/700 tau=0.7721 loss=0.786073 mse_soft=0.785365 ent_in=3.5140 ent_out=3.5659 rowmax_in=0.0563 rowmax_out=0.0543 discrete_mse=6115.305664 best_discrete=60.148975 hash=False elapsed=4.7s
step    75/700 tau=0.6767 loss=0.643065 mse_soft=0.642429 ent_in=3.1282 ent_out=3.2289 rowmax_in=0.0961 rowmax_out=0.0923 discrete_mse=1036.186401 best_discrete=60.148975 hash=False elapsed=7.0s
step   100/700 tau=0.5931 loss=0.530522 mse_soft=0.529971 ent_in=2.7008 ent_out=2.8109 rowmax_in=0.1859 rowmax_out=0.1684 discrete_mse=54.658775 best_discrete=54.658775 hash=False elapsed=9.2s
step   125/700 tau=0.5198 loss=0.438123 mse_soft=0.437688 ent_in=2.1696 ent_out=2.1794 rowmax_in=0.3042 rowmax_out=0.3230 discrete_mse=9070.205078 best_discrete=54.658775 hash=False elapsed=11.4s
step   150/700 tau=0.4555 loss=0.368314 mse_soft=0.367991 ent_in=1.6822 ent_out=1.5396 rowmax_in=0.4216 rowmax_out=0.5123 discrete_mse=575.999146 best_discrete=54.658775 hash=False elapsed=13.5s
step   175/700 tau=0.3992 loss=0.335257 mse_soft=0.335005 ent_in=1.4494 ent_out=1.0684 rowmax_in=0.4598 rowmax_out=0.6525 discrete_mse=1949.197754 best_discrete=54.658775 hash=False elapsed=15.5s
step   200/700 tau=0.3499 loss=0.318067 mse_soft=0.317853 ent_in=1.3537 ent_out=0.7900 rowmax_in=0.4687 rowmax_out=0.7113 discrete_mse=1411.580688 best_discrete=54.658775 hash=False elapsed=17.6s
step   225/700 tau=0.3066 loss=0.308434 mse_soft=0.308242 ent_in=1.2846 ent_out=0.6318 rowmax_in=0.4739 rowmax_out=0.7525 discrete_mse=797.869507 best_discrete=54.658775 hash=False elapsed=19.8s
step   250/700 tau=0.2687 loss=0.300577 mse_soft=0.300402 ent_in=1.2177 ent_out=0.5300 rowmax_in=0.4892 rowmax_out=0.7785 discrete_mse=192.597290 best_discrete=54.658775 hash=False elapsed=22.0s
step   275/700 tau=0.2355 loss=0.296332 mse_soft=0.296168 ent_in=1.1678 ent_out=0.4670 rowmax_in=0.4998 rowmax_out=0.7993 discrete_mse=239.576843 best_discrete=54.658775 hash=False elapsed=24.3s
step   300/700 tau=0.2064 loss=0.292721 mse_soft=0.292563 ent_in=1.1465 ent_out=0.4377 rowmax_in=0.5021 rowmax_out=0.8089 discrete_mse=202.811630 best_discrete=54.658775 hash=False elapsed=26.5s
step   325/700 tau=0.1809 loss=0.291955 mse_soft=0.291800 ent_in=1.1254 ent_out=0.4206 rowmax_in=0.5070 rowmax_out=0.8163 discrete_mse=202.811630 best_discrete=54.658775 hash=False elapsed=28.8s
step   350/700 tau=0.1585 loss=0.291379 mse_soft=0.291228 ent_in=1.1077 ent_out=0.4088 rowmax_in=0.5115 rowmax_out=0.8214 discrete_mse=202.811630 best_discrete=54.658775 hash=False elapsed=31.0s
step   375/700 tau=0.1389 loss=0.289898 mse_soft=0.289749 ent_in=1.0903 ent_out=0.3954 rowmax_in=0.5172 rowmax_out=0.8236 discrete_mse=509.562347 best_discrete=54.658775 hash=False elapsed=33.1s
step   400/700 tau=0.1218 loss=0.288002 mse_soft=0.287856 ent_in=1.0787 ent_out=0.3859 rowmax_in=0.5188 rowmax_out=0.8251 discrete_mse=198.927689 best_discrete=54.658775 hash=False elapsed=35.4s
step   425/700 tau=0.1067 loss=0.291294 mse_soft=0.291149 ent_in=1.0728 ent_out=0.3767 rowmax_in=0.5197 rowmax_out=0.8259 discrete_mse=46.727802 best_discrete=46.727802 hash=False elapsed=37.7s
step   450/700 tau=0.0935 loss=0.288761 mse_soft=0.288618 ent_in=1.0654 ent_out=0.3676 rowmax_in=0.5213 rowmax_out=0.8274 discrete_mse=46.727802 best_discrete=46.727802 hash=False elapsed=39.7s
step   475/700 tau=0.0820 loss=0.288827 mse_soft=0.288685 ent_in=1.0613 ent_out=0.3586 rowmax_in=0.5210 rowmax_out=0.8283 discrete_mse=46.727802 best_discrete=46.727802 hash=False elapsed=41.9s
step   500/700 tau=0.0718 loss=0.294627 mse_soft=0.294486 ent_in=1.0567 ent_out=0.3542 rowmax_in=0.5249 rowmax_out=0.8270 discrete_mse=17.648518 best_discrete=17.648518 hash=False elapsed=44.2s
step   525/700 tau=0.0630 loss=0.299933 mse_soft=0.299791 ent_in=1.0626 ent_out=0.3511 rowmax_in=0.5205 rowmax_out=0.8269 discrete_mse=46.727802 best_discrete=17.648518 hash=False elapsed=46.4s
step   550/700 tau=0.0552 loss=0.310153 mse_soft=0.310013 ent_in=1.0548 ent_out=0.3479 rowmax_in=0.5248 rowmax_out=0.8263 discrete_mse=112.843681 best_discrete=17.648518 hash=False elapsed=48.5s
step   575/700 tau=0.0484 loss=0.309085 mse_soft=0.308947 ent_in=1.0474 ent_out=0.3387 rowmax_in=0.5220 rowmax_out=0.8316 discrete_mse=134.127487 best_discrete=17.648518 hash=False elapsed=50.5s
step   600/700 tau=0.0424 loss=0.311080 mse_soft=0.310948 ent_in=1.0154 ent_out=0.3023 rowmax_in=0.5341 rowmax_out=0.8534 discrete_mse=126.330696 best_discrete=17.648518 hash=False elapsed=52.6s
step   625/700 tau=0.0371 loss=0.308720 mse_soft=0.308597 ent_in=0.9267 ent_out=0.3090 rowmax_in=0.5606 rowmax_out=0.8439 discrete_mse=95.670723 best_discrete=17.648518 hash=False elapsed=54.8s
step   650/700 tau=0.0325 loss=0.317441 mse_soft=0.317317 ent_in=0.9318 ent_out=0.3101 rowmax_in=0.5480 rowmax_out=0.8423 discrete_mse=596.703613 best_discrete=17.648518 hash=False elapsed=56.9s
step   675/700 tau=0.0285 loss=0.332162 mse_soft=0.332047 ent_in=0.8548 ent_out=0.2943 rowmax_in=0.5858 rowmax_out=0.8494 discrete_mse=110.517136 best_discrete=17.648518 hash=False elapsed=59.1s
step   700/700 tau=0.0250 loss=0.309553 mse_soft=0.309442 ent_in=0.8156 ent_out=0.2967 rowmax_in=0.5869 rowmax_out=0.8480 discrete_mse=65.021400 best_discrete=17.648518 hash=False elapsed=61.2s

Final metrics:
  soft_mse_full=0.308323
  rowmax_in_mean=0.5864
  rowmax_out_mean=0.8426
  ent_in_mean=0.8210
  ent_out_mean=0.3002
  final_discrete_mse=189.062057
  hash_match=False
  best_discrete_mse_seen=17.648518
Saved results to overnight_b143_j4.json
