Using device: cuda
Train rows: 10000 / Full rows: 10000, steps=700, lr=0.02
step     1/700 tau=1.0000 loss=1.065774 mse_soft=1.063451 ent_in=3.8712 ent_out=3.8712 rowmax_in=0.0213 rowmax_out=0.0213 discrete_mse=188.915649 best_discrete=188.915649 hash=False elapsed=0.5s
step    25/700 tau=0.8866 loss=0.934958 mse_soft=0.932706 ent_in=3.7420 ent_out=3.7625 rowmax_in=0.0375 rowmax_out=0.0363 discrete_mse=460.141174 best_discrete=188.915649 hash=False elapsed=2.9s
step    50/700 tau=0.7821 loss=0.710729 mse_soft=0.708694 ent_in=3.3608 ent_out=3.4235 rowmax_in=0.0702 rowmax_out=0.0677 discrete_mse=11707.780273 best_discrete=188.915649 hash=False elapsed=5.3s
step    75/700 tau=0.6899 loss=0.587265 mse_soft=0.585466 ent_in=2.9368 ent_out=3.0593 rowmax_in=0.1322 rowmax_out=0.1211 discrete_mse=400.517883 best_discrete=188.915649 hash=False elapsed=7.7s
step   100/700 tau=0.6086 loss=0.476179 mse_soft=0.474722 ent_in=2.4038 ent_out=2.4539 rowmax_in=0.2500 rowmax_out=0.2478 discrete_mse=866.036377 best_discrete=188.915649 hash=False elapsed=10.1s
step   125/700 tau=0.5368 loss=0.386744 mse_soft=0.385679 ent_in=1.8475 ent_out=1.7011 rowmax_in=0.3916 rowmax_out=0.4526 discrete_mse=438.747894 best_discrete=188.915649 hash=False elapsed=12.4s
step   150/700 tau=0.4736 loss=0.336715 mse_soft=0.335949 ent_in=1.5064 ent_out=1.0474 rowmax_in=0.4644 rowmax_out=0.6549 discrete_mse=563.606812 best_discrete=188.915649 hash=False elapsed=14.7s
step   175/700 tau=0.4177 loss=0.314939 mse_soft=0.314310 ent_in=1.3741 ent_out=0.7212 rowmax_in=0.4801 rowmax_out=0.7483 discrete_mse=323.344879 best_discrete=188.915649 hash=False elapsed=17.0s
step   200/700 tau=0.3685 loss=0.302718 mse_soft=0.302157 ent_in=1.2846 ent_out=0.5864 rowmax_in=0.4922 rowmax_out=0.7879 discrete_mse=345.482727 best_discrete=188.915649 hash=False elapsed=19.3s
step   225/700 tau=0.3251 loss=0.294989 mse_soft=0.294467 ent_in=1.2352 ent_out=0.5057 rowmax_in=0.5040 rowmax_out=0.8066 discrete_mse=390.867950 best_discrete=188.915649 hash=False elapsed=21.8s
step   250/700 tau=0.2868 loss=0.289239 mse_soft=0.288755 ent_in=1.1881 ent_out=0.4272 rowmax_in=0.5167 rowmax_out=0.8253 discrete_mse=453.763336 best_discrete=188.915649 hash=False elapsed=24.1s
step   275/700 tau=0.2530 loss=0.287463 mse_soft=0.286999 ent_in=1.1687 ent_out=0.3784 rowmax_in=0.5136 rowmax_out=0.8374 discrete_mse=427.442383 best_discrete=188.915649 hash=False elapsed=26.6s
step   300/700 tau=0.2231 loss=0.283208 mse_soft=0.282755 ent_in=1.1492 ent_out=0.3612 rowmax_in=0.5168 rowmax_out=0.8401 discrete_mse=427.442383 best_discrete=188.915649 hash=False elapsed=28.9s
step   325/700 tau=0.1968 loss=0.283919 mse_soft=0.283471 ent_in=1.1382 ent_out=0.3540 rowmax_in=0.5176 rowmax_out=0.8382 discrete_mse=525.617676 best_discrete=188.915649 hash=False elapsed=31.3s
step   350/700 tau=0.1736 loss=0.282540 mse_soft=0.282095 ent_in=1.1351 ent_out=0.3461 rowmax_in=0.5181 rowmax_out=0.8394 discrete_mse=424.480103 best_discrete=188.915649 hash=False elapsed=33.7s
step   375/700 tau=0.1532 loss=0.280136 mse_soft=0.279697 ent_in=1.1249 ent_out=0.3386 rowmax_in=0.5220 rowmax_out=0.8441 discrete_mse=371.434784 best_discrete=188.915649 hash=False elapsed=36.0s
step   400/700 tau=0.1351 loss=0.280486 mse_soft=0.280052 ent_in=1.1196 ent_out=0.3269 rowmax_in=0.5208 rowmax_out=0.8497 discrete_mse=371.434784 best_discrete=188.915649 hash=False elapsed=38.5s
step   425/700 tau=0.1192 loss=0.285809 mse_soft=0.285381 ent_in=1.1157 ent_out=0.3120 rowmax_in=0.5193 rowmax_out=0.8564 discrete_mse=733.172485 best_discrete=188.915649 hash=False elapsed=40.7s
step   450/700 tau=0.1051 loss=0.279094 mse_soft=0.278672 ent_in=1.1092 ent_out=0.2978 rowmax_in=0.5216 rowmax_out=0.8614 discrete_mse=371.434784 best_discrete=188.915649 hash=False elapsed=42.8s
step   475/700 tau=0.0928 loss=0.300110 mse_soft=0.299717 ent_in=1.0585 ent_out=0.2500 rowmax_in=0.5513 rowmax_out=0.8884 discrete_mse=111.940598 best_discrete=111.940598 hash=False elapsed=45.1s
step   500/700 tau=0.0818 loss=0.283658 mse_soft=0.283261 ent_in=1.0808 ent_out=0.2436 rowmax_in=0.5324 rowmax_out=0.8898 discrete_mse=580.073364 best_discrete=111.940598 hash=False elapsed=47.1s
step   525/700 tau=0.0722 loss=0.284187 mse_soft=0.283791 ent_in=1.0738 ent_out=0.2472 rowmax_in=0.5307 rowmax_out=0.8843 discrete_mse=77.516747 best_discrete=77.516747 hash=False elapsed=49.3s
step   550/700 tau=0.0637 loss=0.316457 mse_soft=0.316078 ent_in=1.0388 ent_out=0.2263 rowmax_in=0.5437 rowmax_out=0.8974 discrete_mse=47.352718 best_discrete=47.352718 hash=False elapsed=51.6s
step   575/700 tau=0.0562 loss=0.293367 mse_soft=0.293015 ent_in=0.9806 ent_out=0.1927 rowmax_in=0.5673 rowmax_out=0.9165 discrete_mse=81.776672 best_discrete=47.352718 hash=False elapsed=53.8s
step   600/700 tau=0.0495 loss=0.283800 mse_soft=0.283452 ent_in=0.9736 ent_out=0.1850 rowmax_in=0.5686 rowmax_out=0.9198 discrete_mse=151.832397 best_discrete=47.352718 hash=False elapsed=55.8s
step   625/700 tau=0.0437 loss=0.287298 mse_soft=0.286956 ent_in=0.9651 ent_out=0.1739 rowmax_in=0.5716 rowmax_out=0.9245 discrete_mse=66.940689 best_discrete=47.352718 hash=False elapsed=57.9s
step   650/700 tau=0.0386 loss=0.564941 mse_soft=0.564728 ent_in=0.5929 ent_out=0.1174 rowmax_in=0.7382 rowmax_out=0.9460 discrete_mse=20.334730 best_discrete=20.334730 hash=False elapsed=60.0s
step   675/700 tau=0.0340 loss=0.377748 mse_soft=0.377544 ent_in=0.5843 ent_out=0.0974 rowmax_in=0.6997 rowmax_out=0.9548 discrete_mse=22.009001 best_discrete=20.334730 hash=False elapsed=62.1s
step   700/700 tau=0.0300 loss=0.376215 mse_soft=0.376012 ent_in=0.5537 ent_out=0.1215 rowmax_in=0.7204 rowmax_out=0.9404 discrete_mse=22.781328 best_discrete=20.334730 hash=False elapsed=64.3s

Final metrics:
  soft_mse_full=0.402172
  rowmax_in_mean=0.7117
  rowmax_out_mean=0.9377
  ent_in_mean=0.5659
  ent_out_mean=0.1238
  final_discrete_mse=1.291425
  hash_match=False
  best_discrete_mse_seen=20.334730
Saved results to overnight_b109_j3.json
