Using device: cuda
Train rows: 10000 / Full rows: 10000, steps=700, lr=0.02
step     1/700 tau=1.0000 loss=1.065741 mse_soft=1.063418 ent_in=3.8712 ent_out=3.8712 rowmax_in=0.0213 rowmax_out=0.0213 discrete_mse=20.900648 best_discrete=20.900648 hash=False elapsed=0.5s
step    25/700 tau=0.8866 loss=0.935141 mse_soft=0.932889 ent_in=3.7419 ent_out=3.7630 rowmax_in=0.0372 rowmax_out=0.0362 discrete_mse=137.101059 best_discrete=20.900648 hash=False elapsed=2.8s
step    50/700 tau=0.7821 loss=0.711161 mse_soft=0.709127 ent_in=3.3596 ent_out=3.4210 rowmax_in=0.0690 rowmax_out=0.0673 discrete_mse=7927.644531 best_discrete=20.900648 hash=False elapsed=4.9s
step    75/700 tau=0.6899 loss=0.583302 mse_soft=0.581510 ent_in=2.9349 ent_out=3.0379 rowmax_in=0.1323 rowmax_out=0.1256 discrete_mse=3147.315918 best_discrete=20.900648 hash=False elapsed=7.1s
step   100/700 tau=0.6086 loss=0.465371 mse_soft=0.463939 ent_in=2.3721 ent_out=2.3983 rowmax_in=0.2547 rowmax_out=0.2645 discrete_mse=1622.180542 best_discrete=20.900648 hash=False elapsed=9.4s
step   125/700 tau=0.5368 loss=0.381315 mse_soft=0.380267 ent_in=1.8098 ent_out=1.6848 rowmax_in=0.4031 rowmax_out=0.4673 discrete_mse=134.156738 best_discrete=20.900648 hash=False elapsed=11.5s
step   150/700 tau=0.4736 loss=0.340526 mse_soft=0.339722 ent_in=1.5127 ent_out=1.1667 rowmax_in=0.4613 rowmax_out=0.6231 discrete_mse=763.464661 best_discrete=20.900648 hash=False elapsed=13.7s
step   175/700 tau=0.4177 loss=0.319804 mse_soft=0.319107 ent_in=1.4112 ent_out=0.9140 rowmax_in=0.4625 rowmax_out=0.6817 discrete_mse=95.990082 best_discrete=20.900648 hash=False elapsed=15.8s
step   200/700 tau=0.3685 loss=0.310429 mse_soft=0.309800 ent_in=1.3520 ent_out=0.7454 rowmax_in=0.4667 rowmax_out=0.7110 discrete_mse=194.351639 best_discrete=20.900648 hash=False elapsed=18.1s
step   225/700 tau=0.3251 loss=0.306569 mse_soft=0.305993 ent_in=1.2970 ent_out=0.6236 rowmax_in=0.4788 rowmax_out=0.7416 discrete_mse=1023.575684 best_discrete=20.900648 hash=False elapsed=20.4s
step   250/700 tau=0.2868 loss=0.300349 mse_soft=0.299808 ent_in=1.2598 ent_out=0.5427 rowmax_in=0.4877 rowmax_out=0.7715 discrete_mse=626.509827 best_discrete=20.900648 hash=False elapsed=22.8s
step   275/700 tau=0.2530 loss=0.296747 mse_soft=0.296237 ent_in=1.2347 ent_out=0.4678 rowmax_in=0.4888 rowmax_out=0.7995 discrete_mse=460.678375 best_discrete=20.900648 hash=False elapsed=25.2s
step   300/700 tau=0.2231 loss=0.295406 mse_soft=0.294919 ent_in=1.2044 ent_out=0.4194 rowmax_in=0.4941 rowmax_out=0.8133 discrete_mse=397.119781 best_discrete=20.900648 hash=False elapsed=27.3s
step   325/700 tau=0.1968 loss=0.295001 mse_soft=0.294528 ent_in=1.1831 ent_out=0.3944 rowmax_in=0.4980 rowmax_out=0.8187 discrete_mse=397.119781 best_discrete=20.900648 hash=False elapsed=29.4s
step   350/700 tau=0.1736 loss=0.295427 mse_soft=0.294965 ent_in=1.1628 ent_out=0.3794 rowmax_in=0.5025 rowmax_out=0.8250 discrete_mse=563.527405 best_discrete=20.900648 hash=False elapsed=31.6s
step   375/700 tau=0.1532 loss=0.294007 mse_soft=0.293550 ent_in=1.1555 ent_out=0.3659 rowmax_in=0.5041 rowmax_out=0.8280 discrete_mse=245.152191 best_discrete=20.900648 hash=False elapsed=33.8s
step   400/700 tau=0.1351 loss=0.291056 mse_soft=0.290605 ent_in=1.1476 ent_out=0.3542 rowmax_in=0.5052 rowmax_out=0.8313 discrete_mse=245.152191 best_discrete=20.900648 hash=False elapsed=36.1s
step   425/700 tau=0.1192 loss=0.305183 mse_soft=0.304735 ent_in=1.1435 ent_out=0.3498 rowmax_in=0.5041 rowmax_out=0.8314 discrete_mse=245.152191 best_discrete=20.900648 hash=False elapsed=38.5s
step   450/700 tau=0.1051 loss=0.295276 mse_soft=0.294830 ent_in=1.1349 ent_out=0.3513 rowmax_in=0.5074 rowmax_out=0.8297 discrete_mse=563.527405 best_discrete=20.900648 hash=False elapsed=40.7s
step   475/700 tau=0.0928 loss=0.292994 mse_soft=0.292553 ent_in=1.1247 ent_out=0.3459 rowmax_in=0.5114 rowmax_out=0.8318 discrete_mse=563.527405 best_discrete=20.900648 hash=False elapsed=42.9s
step   500/700 tau=0.0818 loss=0.311380 mse_soft=0.310942 ent_in=1.1144 ent_out=0.3441 rowmax_in=0.5143 rowmax_out=0.8319 discrete_mse=140.888153 best_discrete=20.900648 hash=False elapsed=45.0s
step   525/700 tau=0.0722 loss=0.292612 mse_soft=0.292180 ent_in=1.0997 ent_out=0.3411 rowmax_in=0.5237 rowmax_out=0.8334 discrete_mse=114.870399 best_discrete=20.900648 hash=False elapsed=47.2s
step   550/700 tau=0.0637 loss=0.296289 mse_soft=0.295863 ent_in=1.0819 ent_out=0.3396 rowmax_in=0.5293 rowmax_out=0.8323 discrete_mse=166.827225 best_discrete=20.900648 hash=False elapsed=49.5s
step   575/700 tau=0.0562 loss=0.334587 mse_soft=0.334212 ent_in=0.9866 ent_out=0.2642 rowmax_in=0.5704 rowmax_out=0.8742 discrete_mse=174.926300 best_discrete=20.900648 hash=False elapsed=51.8s
step   600/700 tau=0.0495 loss=0.308525 mse_soft=0.308170 ent_in=0.9016 ent_out=0.2835 rowmax_in=0.5999 rowmax_out=0.8542 discrete_mse=59.852947 best_discrete=20.900648 hash=False elapsed=53.8s
step   625/700 tau=0.0437 loss=0.318641 mse_soft=0.318305 ent_in=0.8450 ent_out=0.2757 rowmax_in=0.6282 rowmax_out=0.8572 discrete_mse=43.995724 best_discrete=20.900648 hash=False elapsed=56.0s
step   650/700 tau=0.0386 loss=0.306314 mse_soft=0.305984 ent_in=0.8310 ent_out=0.2691 rowmax_in=0.6271 rowmax_out=0.8643 discrete_mse=63.944023 best_discrete=20.900648 hash=False elapsed=58.0s
step   675/700 tau=0.0340 loss=0.302520 mse_soft=0.302191 ent_in=0.8250 ent_out=0.2718 rowmax_in=0.6173 rowmax_out=0.8645 discrete_mse=43.995724 best_discrete=20.900648 hash=False elapsed=60.2s
step   700/700 tau=0.0300 loss=0.335504 mse_soft=0.335202 ent_in=0.7552 ent_out=0.2489 rowmax_in=0.6259 rowmax_out=0.8811 discrete_mse=58.448181 best_discrete=20.900648 hash=False elapsed=62.3s

Final metrics:
  soft_mse_full=0.330021
  rowmax_in_mean=0.6440
  rowmax_out_mean=0.8806
  ent_in_mean=0.7398
  ent_out_mean=0.2499
  final_discrete_mse=86.979301
  hash_match=False
  best_discrete_mse_seen=20.900648
Saved results to overnight_b230_j3.json
