Using device: cuda
Train rows: 10000 / Full rows: 10000, steps=700, lr=0.015
step     1/700 tau=1.0000 loss=1.064233 mse_soft=1.063459 ent_in=3.8712 ent_out=3.8712 rowmax_in=0.0213 rowmax_out=0.0213 discrete_mse=122.682999 best_discrete=122.682999 hash=False elapsed=0.5s
step    25/700 tau=0.8810 loss=0.972151 mse_soft=0.971392 ent_in=3.7936 ent_out=3.8054 rowmax_in=0.0332 rowmax_out=0.0322 discrete_mse=1102.630371 best_discrete=122.682999 hash=False elapsed=2.7s
step    50/700 tau=0.7721 loss=0.785779 mse_soft=0.785071 ent_in=3.5156 ent_out=3.5671 rowmax_in=0.0568 rowmax_out=0.0542 discrete_mse=9015.084961 best_discrete=122.682999 hash=False elapsed=5.1s
step    75/700 tau=0.6767 loss=0.642488 mse_soft=0.641852 ent_in=3.1331 ent_out=3.2344 rowmax_in=0.0964 rowmax_out=0.0904 discrete_mse=4528.324707 best_discrete=122.682999 hash=False elapsed=7.4s
step   100/700 tau=0.5931 loss=0.530037 mse_soft=0.529483 ent_in=2.7173 ent_out=2.8199 rowmax_in=0.1826 rowmax_out=0.1708 discrete_mse=1361.756104 best_discrete=122.682999 hash=False elapsed=9.8s
step   125/700 tau=0.5198 loss=0.433880 mse_soft=0.433445 ent_in=2.1990 ent_out=2.1566 rowmax_in=0.2968 rowmax_out=0.3196 discrete_mse=8940.969727 best_discrete=122.682999 hash=False elapsed=12.3s
step   150/700 tau=0.4555 loss=0.368706 mse_soft=0.368376 ent_in=1.7926 ent_out=1.5110 rowmax_in=0.3831 rowmax_out=0.5042 discrete_mse=1038.770142 best_discrete=122.682999 hash=False elapsed=14.7s
step   175/700 tau=0.3992 loss=0.333864 mse_soft=0.333606 ent_in=1.5262 ent_out=1.0462 rowmax_in=0.4349 rowmax_out=0.6387 discrete_mse=1373.193726 best_discrete=122.682999 hash=False elapsed=17.1s
step   200/700 tau=0.3499 loss=0.314139 mse_soft=0.313931 ent_in=1.3600 ent_out=0.7207 rowmax_in=0.4687 rowmax_out=0.7347 discrete_mse=1038.789795 best_discrete=122.682999 hash=False elapsed=19.4s
step   225/700 tau=0.3066 loss=0.304884 mse_soft=0.304699 ent_in=1.2928 ent_out=0.5561 rowmax_in=0.4732 rowmax_out=0.7798 discrete_mse=373.394287 best_discrete=122.682999 hash=False elapsed=21.9s
step   250/700 tau=0.2687 loss=0.300025 mse_soft=0.299851 ent_in=1.2557 ent_out=0.4871 rowmax_in=0.4772 rowmax_out=0.8024 discrete_mse=233.351318 best_discrete=122.682999 hash=False elapsed=24.4s
step   275/700 tau=0.2355 loss=0.295722 mse_soft=0.295555 ent_in=1.2204 ent_out=0.4447 rowmax_in=0.4833 rowmax_out=0.8129 discrete_mse=399.528290 best_discrete=122.682999 hash=False elapsed=26.7s
step   300/700 tau=0.2064 loss=0.292714 mse_soft=0.292554 ent_in=1.1923 ent_out=0.4006 rowmax_in=0.4871 rowmax_out=0.8260 discrete_mse=399.528290 best_discrete=122.682999 hash=False elapsed=29.2s
step   325/700 tau=0.1809 loss=0.291071 mse_soft=0.290917 ent_in=1.1776 ent_out=0.3647 rowmax_in=0.4886 rowmax_out=0.8384 discrete_mse=227.348145 best_discrete=122.682999 hash=False elapsed=31.6s
step   350/700 tau=0.1585 loss=0.289106 mse_soft=0.288955 ent_in=1.1579 ent_out=0.3486 rowmax_in=0.4939 rowmax_out=0.8418 discrete_mse=171.017395 best_discrete=122.682999 hash=False elapsed=34.2s
step   375/700 tau=0.1389 loss=0.292694 mse_soft=0.292546 ent_in=1.1430 ent_out=0.3335 rowmax_in=0.4994 rowmax_out=0.8490 discrete_mse=106.143394 best_discrete=106.143394 hash=False elapsed=36.6s
step   400/700 tau=0.1218 loss=0.288103 mse_soft=0.287957 ent_in=1.1280 ent_out=0.3273 rowmax_in=0.5026 rowmax_out=0.8520 discrete_mse=143.603745 best_discrete=106.143394 hash=False elapsed=38.9s
step   425/700 tau=0.1067 loss=0.284533 mse_soft=0.284389 ent_in=1.1150 ent_out=0.3192 rowmax_in=0.5058 rowmax_out=0.8570 discrete_mse=154.809769 best_discrete=106.143394 hash=False elapsed=41.3s
step   450/700 tau=0.0935 loss=0.290321 mse_soft=0.290179 ent_in=1.1062 ent_out=0.3176 rowmax_in=0.5078 rowmax_out=0.8552 discrete_mse=203.422043 best_discrete=106.143394 hash=False elapsed=43.9s
step   475/700 tau=0.0820 loss=0.291480 mse_soft=0.291339 ent_in=1.0975 ent_out=0.3052 rowmax_in=0.5077 rowmax_out=0.8622 discrete_mse=182.240631 best_discrete=106.143394 hash=False elapsed=46.6s
step   500/700 tau=0.0718 loss=0.286645 mse_soft=0.286507 ent_in=1.0888 ent_out=0.2948 rowmax_in=0.5102 rowmax_out=0.8675 discrete_mse=336.831879 best_discrete=106.143394 hash=False elapsed=49.1s
step   525/700 tau=0.0630 loss=0.289357 mse_soft=0.289222 ent_in=1.0706 ent_out=0.2786 rowmax_in=0.5158 rowmax_out=0.8752 discrete_mse=336.831879 best_discrete=106.143394 hash=False elapsed=51.7s
step   550/700 tau=0.0552 loss=0.306346 mse_soft=0.306211 ent_in=1.0610 ent_out=0.2854 rowmax_in=0.5223 rowmax_out=0.8685 discrete_mse=349.180847 best_discrete=106.143394 hash=False elapsed=54.1s
step   575/700 tau=0.0484 loss=0.288076 mse_soft=0.287942 ent_in=1.0583 ent_out=0.2823 rowmax_in=0.5264 rowmax_out=0.8729 discrete_mse=395.733704 best_discrete=106.143394 hash=False elapsed=56.6s
step   600/700 tau=0.0424 loss=0.304788 mse_soft=0.304658 ent_in=1.0329 ent_out=0.2745 rowmax_in=0.5355 rowmax_out=0.8685 discrete_mse=155.017380 best_discrete=106.143394 hash=False elapsed=59.3s
step   625/700 tau=0.0371 loss=0.302739 mse_soft=0.302608 ent_in=1.0305 ent_out=0.2828 rowmax_in=0.5323 rowmax_out=0.8689 discrete_mse=269.759308 best_discrete=106.143394 hash=False elapsed=61.7s
step   650/700 tau=0.0325 loss=0.318862 mse_soft=0.318741 ent_in=0.9432 ent_out=0.2659 rowmax_in=0.5817 rowmax_out=0.8737 discrete_mse=282.039581 best_discrete=106.143394 hash=False elapsed=64.1s
step   675/700 tau=0.0285 loss=0.305169 mse_soft=0.305060 ent_in=0.8524 ent_out=0.2381 rowmax_in=0.5870 rowmax_out=0.8936 discrete_mse=259.782196 best_discrete=106.143394 hash=False elapsed=66.5s
step   700/700 tau=0.0250 loss=0.323756 mse_soft=0.323652 ent_in=0.8067 ent_out=0.2251 rowmax_in=0.6166 rowmax_out=0.8891 discrete_mse=24.186878 best_discrete=24.186878 hash=False elapsed=68.9s

Final metrics:
  soft_mse_full=0.344158
  rowmax_in_mean=0.6212
  rowmax_out_mean=0.8881
  ent_in_mean=0.7995
  ent_out_mean=0.2292
  final_discrete_mse=54.587162
  hash_match=False
  best_discrete_mse_seen=24.186878
Saved results to overnight_b135_j4.json
