Using device: cuda
Train rows: 4096 / Full rows: 10000, steps=900, lr=0.03
step     1/900 tau=1.0000 loss=1.066447 mse_soft=1.064125 ent_in=3.8712 ent_out=3.8712 rowmax_in=0.0213 rowmax_out=0.0213 discrete_mse=58.060547 best_discrete=58.060547 hash=False elapsed=0.5s
step    25/900 tau=0.9106 loss=0.859762 mse_soft=0.857572 ent_in=3.6328 ent_out=3.6683 rowmax_in=0.0461 rowmax_out=0.0439 discrete_mse=1028.219604 best_discrete=58.060547 hash=False elapsed=2.6s
step    50/900 tau=0.8260 loss=0.641470 mse_soft=0.639566 ent_in=3.1257 ent_out=3.2192 rowmax_in=0.0948 rowmax_out=0.0904 discrete_mse=3200.707764 best_discrete=58.060547 hash=False elapsed=4.8s
step    75/900 tau=0.7493 loss=0.508863 mse_soft=0.507279 ent_in=2.6056 ent_out=2.6758 rowmax_in=0.1965 rowmax_out=0.1985 discrete_mse=140.802628 best_discrete=58.060547 hash=False elapsed=7.1s
step   100/900 tau=0.6797 loss=0.406849 mse_soft=0.405677 ent_in=2.0211 ent_out=1.8868 rowmax_in=0.3269 rowmax_out=0.4016 discrete_mse=493.492981 best_discrete=58.060547 hash=False elapsed=9.2s
step   125/900 tau=0.6165 loss=0.335561 mse_soft=0.334751 ent_in=1.6007 ent_out=1.0971 rowmax_in=0.4464 rowmax_out=0.6554 discrete_mse=239.856293 best_discrete=58.060547 hash=False elapsed=11.4s
step   150/900 tau=0.5592 loss=0.305180 mse_soft=0.304572 ent_in=1.4010 ent_out=0.6253 rowmax_in=0.4818 rowmax_out=0.8052 discrete_mse=1439.061035 best_discrete=58.060547 hash=False elapsed=13.6s
step   175/900 tau=0.5073 loss=0.289315 mse_soft=0.288797 ent_in=1.2693 ent_out=0.4569 rowmax_in=0.5063 rowmax_out=0.8327 discrete_mse=714.990845 best_discrete=58.060547 hash=False elapsed=15.8s
step   200/900 tau=0.4602 loss=0.280584 mse_soft=0.280108 ent_in=1.2174 ent_out=0.3714 rowmax_in=0.5118 rowmax_out=0.8570 discrete_mse=360.031281 best_discrete=58.060547 hash=False elapsed=18.1s
step   225/900 tau=0.4174 loss=0.275648 mse_soft=0.275193 ent_in=1.1772 ent_out=0.3392 rowmax_in=0.5145 rowmax_out=0.8576 discrete_mse=555.055420 best_discrete=58.060547 hash=False elapsed=20.4s
step   250/900 tau=0.3786 loss=0.273270 mse_soft=0.272825 ent_in=1.1606 ent_out=0.3251 rowmax_in=0.5158 rowmax_out=0.8563 discrete_mse=719.694214 best_discrete=58.060547 hash=False elapsed=22.8s
step   275/900 tau=0.3434 loss=0.271790 mse_soft=0.271353 ent_in=1.1449 ent_out=0.3112 rowmax_in=0.5158 rowmax_out=0.8611 discrete_mse=719.694214 best_discrete=58.060547 hash=False elapsed=25.1s
step   300/900 tau=0.3115 loss=0.270262 mse_soft=0.269828 ent_in=1.1377 ent_out=0.3108 rowmax_in=0.5129 rowmax_out=0.8620 discrete_mse=719.694214 best_discrete=58.060547 hash=False elapsed=27.4s
step   325/900 tau=0.2826 loss=0.269617 mse_soft=0.269184 ent_in=1.1209 ent_out=0.3231 rowmax_in=0.5182 rowmax_out=0.8505 discrete_mse=534.212158 best_discrete=58.060547 hash=False elapsed=29.4s
step   350/900 tau=0.2563 loss=0.269237 mse_soft=0.268806 ent_in=1.1102 ent_out=0.3269 rowmax_in=0.5206 rowmax_out=0.8463 discrete_mse=534.212158 best_discrete=58.060547 hash=False elapsed=31.9s
step   375/900 tau=0.2325 loss=0.268847 mse_soft=0.268416 ent_in=1.1059 ent_out=0.3328 rowmax_in=0.5217 rowmax_out=0.8410 discrete_mse=534.212158 best_discrete=58.060547 hash=False elapsed=34.3s
step   400/900 tau=0.2109 loss=0.268928 mse_soft=0.268495 ent_in=1.1032 ent_out=0.3398 rowmax_in=0.5216 rowmax_out=0.8383 discrete_mse=534.212158 best_discrete=58.060547 hash=False elapsed=36.7s
step   425/900 tau=0.1913 loss=0.267861 mse_soft=0.267429 ent_in=1.0926 ent_out=0.3465 rowmax_in=0.5235 rowmax_out=0.8317 discrete_mse=646.951172 best_discrete=58.060547 hash=False elapsed=38.9s
step   450/900 tau=0.1735 loss=0.268375 mse_soft=0.267945 ent_in=1.0875 ent_out=0.3451 rowmax_in=0.5261 rowmax_out=0.8347 discrete_mse=679.283875 best_discrete=58.060547 hash=False elapsed=41.2s
step   475/900 tau=0.1574 loss=0.269406 mse_soft=0.268977 ent_in=1.0864 ent_out=0.3417 rowmax_in=0.5237 rowmax_out=0.8395 discrete_mse=679.283875 best_discrete=58.060547 hash=False elapsed=43.6s
step   500/900 tau=0.1428 loss=0.268286 mse_soft=0.267860 ent_in=1.0831 ent_out=0.3370 rowmax_in=0.5254 rowmax_out=0.8448 discrete_mse=1044.118896 best_discrete=58.060547 hash=False elapsed=45.8s
step   525/900 tau=0.1295 loss=0.275277 mse_soft=0.274851 ent_in=1.0783 ent_out=0.3405 rowmax_in=0.5266 rowmax_out=0.8389 discrete_mse=1548.840088 best_discrete=58.060547 hash=False elapsed=48.2s
step   550/900 tau=0.1175 loss=0.272217 mse_soft=0.271797 ent_in=1.0727 ent_out=0.3287 rowmax_in=0.5283 rowmax_out=0.8470 discrete_mse=2486.046631 best_discrete=58.060547 hash=False elapsed=50.7s
step   575/900 tau=0.1066 loss=0.267397 mse_soft=0.266978 ent_in=1.0756 ent_out=0.3203 rowmax_in=0.5225 rowmax_out=0.8479 discrete_mse=995.322388 best_discrete=58.060547 hash=False elapsed=52.9s
step   600/900 tau=0.0967 loss=0.272527 mse_soft=0.272110 ent_in=1.0756 ent_out=0.3141 rowmax_in=0.5190 rowmax_out=0.8506 discrete_mse=162.639191 best_discrete=58.060547 hash=False elapsed=55.1s
step   625/900 tau=0.0877 loss=0.272726 mse_soft=0.272311 ent_in=1.0690 ent_out=0.3137 rowmax_in=0.5179 rowmax_out=0.8461 discrete_mse=1106.807129 best_discrete=58.060547 hash=False elapsed=57.2s
step   650/900 tau=0.0795 loss=0.286652 mse_soft=0.286251 ent_in=1.0397 ent_out=0.2984 rowmax_in=0.5352 rowmax_out=0.8566 discrete_mse=281.425629 best_discrete=58.060547 hash=False elapsed=59.4s
step   675/900 tau=0.0722 loss=0.269648 mse_soft=0.269252 ent_in=1.0142 ent_out=0.3054 rowmax_in=0.5333 rowmax_out=0.8472 discrete_mse=828.547363 best_discrete=58.060547 hash=False elapsed=61.6s
step   700/900 tau=0.0655 loss=0.269164 mse_soft=0.268775 ent_in=0.9970 ent_out=0.3018 rowmax_in=0.5349 rowmax_out=0.8500 discrete_mse=218.446747 best_discrete=58.060547 hash=False elapsed=63.7s
step   725/900 tau=0.0594 loss=0.325418 mse_soft=0.325044 ent_in=0.9684 ent_out=0.2774 rowmax_in=0.5634 rowmax_out=0.8632 discrete_mse=108.501060 best_discrete=58.060547 hash=False elapsed=65.9s
step   750/900 tau=0.0539 loss=0.938948 mse_soft=0.938645 ent_in=0.8133 ent_out=0.1948 rowmax_in=0.6388 rowmax_out=0.9141 discrete_mse=82.223007 best_discrete=58.060547 hash=False elapsed=68.0s
step   775/900 tau=0.0489 loss=0.500116 mse_soft=0.499974 ent_in=0.3554 ent_out=0.1183 rowmax_in=0.8463 rowmax_out=0.9462 discrete_mse=8.982777 best_discrete=8.982777 hash=False elapsed=70.4s
step   800/900 tau=0.0443 loss=0.447886 mse_soft=0.447707 ent_in=0.4303 ent_out=0.1645 rowmax_in=0.7780 rowmax_out=0.9198 discrete_mse=11.997105 best_discrete=8.982777 hash=False elapsed=72.6s
step   825/900 tau=0.0402 loss=0.442781 mse_soft=0.442619 ent_in=0.3952 ent_out=0.1456 rowmax_in=0.8051 rowmax_out=0.9291 discrete_mse=0.653494 best_discrete=0.653494 hash=False elapsed=74.7s
step   850/900 tau=0.0365 loss=0.427931 mse_soft=0.427765 ent_in=0.4073 ent_out=0.1467 rowmax_in=0.7877 rowmax_out=0.9277 discrete_mse=0.790243 best_discrete=0.653494 hash=False elapsed=76.8s
step   875/900 tau=0.0331 loss=0.426159 mse_soft=0.425991 ent_in=0.4128 ent_out=0.1487 rowmax_in=0.7857 rowmax_out=0.9197 discrete_mse=0.836198 best_discrete=0.653494 hash=False elapsed=78.7s
step   900/900 tau=0.0300 loss=0.438065 mse_soft=0.437896 ent_in=0.4177 ent_out=0.1468 rowmax_in=0.7830 rowmax_out=0.9213 discrete_mse=0.836198 best_discrete=0.653494 hash=False elapsed=80.7s

Final metrics:
  soft_mse_full=0.437688
  rowmax_in_mean=0.7818
  rowmax_out_mean=0.9181
  ent_in_mean=0.4129
  ent_out_mean=0.1489
  final_discrete_mse=1.369343
  hash_match=False
  best_discrete_mse_seen=0.653494
Saved results to overnight_b026_j1.json
