Using device: cuda
Train rows: 4096 / Full rows: 10000, steps=900, lr=0.03
step     1/900 tau=1.0000 loss=1.034231 mse_soft=1.031909 ent_in=3.8712 ent_out=3.8712 rowmax_in=0.0213 rowmax_out=0.0213 discrete_mse=328.497620 best_discrete=328.497620 hash=False elapsed=0.5s
step    25/900 tau=0.9106 loss=0.838850 mse_soft=0.836661 ent_in=3.6311 ent_out=3.6656 rowmax_in=0.0452 rowmax_out=0.0443 discrete_mse=599.772034 best_discrete=328.497620 hash=False elapsed=2.7s
step    50/900 tau=0.8260 loss=0.636735 mse_soft=0.634828 ent_in=3.1301 ent_out=3.2240 rowmax_in=0.0930 rowmax_out=0.0884 discrete_mse=1121.890625 best_discrete=328.497620 hash=False elapsed=5.0s
step    75/900 tau=0.7493 loss=0.491655 mse_soft=0.490086 ent_in=2.5788 ent_out=2.6514 rowmax_in=0.2066 rowmax_out=0.1973 discrete_mse=965.286560 best_discrete=328.497620 hash=False elapsed=7.3s
step   100/900 tau=0.6797 loss=0.380219 mse_soft=0.379089 ent_in=1.9352 ent_out=1.8325 rowmax_in=0.3704 rowmax_out=0.4104 discrete_mse=2916.684326 best_discrete=328.497620 hash=False elapsed=9.6s
step   125/900 tau=0.6165 loss=0.327683 mse_soft=0.326844 ent_in=1.5565 ent_out=1.2426 rowmax_in=0.4444 rowmax_out=0.5835 discrete_mse=200.354980 best_discrete=200.354980 hash=False elapsed=11.9s
step   150/900 tau=0.5592 loss=0.302841 mse_soft=0.302161 ent_in=1.4039 ent_out=0.8623 rowmax_in=0.4733 rowmax_out=0.7024 discrete_mse=64.000549 best_discrete=64.000549 hash=False elapsed=14.3s
step   175/900 tau=0.5073 loss=0.287996 mse_soft=0.287425 ent_in=1.2935 ent_out=0.6103 rowmax_in=0.4858 rowmax_out=0.7868 discrete_mse=77.932159 best_discrete=64.000549 hash=False elapsed=16.5s
step   200/900 tau=0.4602 loss=0.280983 mse_soft=0.280468 ent_in=1.2336 ent_out=0.4838 rowmax_in=0.4952 rowmax_out=0.8243 discrete_mse=150.738022 best_discrete=64.000549 hash=False elapsed=18.8s
step   225/900 tau=0.4174 loss=0.276923 mse_soft=0.276434 ent_in=1.1957 ent_out=0.4326 rowmax_in=0.5029 rowmax_out=0.8347 discrete_mse=286.609680 best_discrete=64.000549 hash=False elapsed=21.2s
step   250/900 tau=0.3786 loss=0.275682 mse_soft=0.275213 ent_in=1.1720 ent_out=0.3928 rowmax_in=0.5079 rowmax_out=0.8431 discrete_mse=207.172913 best_discrete=64.000549 hash=False elapsed=23.3s
step   275/900 tau=0.3434 loss=0.274311 mse_soft=0.273855 ent_in=1.1547 ent_out=0.3662 rowmax_in=0.5090 rowmax_out=0.8485 discrete_mse=207.172913 best_discrete=64.000549 hash=False elapsed=25.2s
step   300/900 tau=0.3115 loss=0.272399 mse_soft=0.271953 ent_in=1.1424 ent_out=0.3467 rowmax_in=0.5094 rowmax_out=0.8533 discrete_mse=207.172913 best_discrete=64.000549 hash=False elapsed=27.4s
step   325/900 tau=0.2826 loss=0.272405 mse_soft=0.271964 ent_in=1.1354 ent_out=0.3369 rowmax_in=0.5111 rowmax_out=0.8556 discrete_mse=312.656372 best_discrete=64.000549 hash=False elapsed=29.6s
step   350/900 tau=0.2563 loss=0.272720 mse_soft=0.272283 ent_in=1.1274 ent_out=0.3294 rowmax_in=0.5135 rowmax_out=0.8589 discrete_mse=312.656372 best_discrete=64.000549 hash=False elapsed=31.7s
step   375/900 tau=0.2325 loss=0.273107 mse_soft=0.272675 ent_in=1.1181 ent_out=0.3197 rowmax_in=0.5166 rowmax_out=0.8628 discrete_mse=212.314514 best_discrete=64.000549 hash=False elapsed=34.0s
step   400/900 tau=0.2109 loss=0.272112 mse_soft=0.271685 ent_in=1.1130 ent_out=0.3118 rowmax_in=0.5164 rowmax_out=0.8653 discrete_mse=212.314514 best_discrete=64.000549 hash=False elapsed=36.2s
step   425/900 tau=0.1913 loss=0.275779 mse_soft=0.275355 ent_in=1.1046 ent_out=0.3076 rowmax_in=0.5214 rowmax_out=0.8652 discrete_mse=253.352661 best_discrete=64.000549 hash=False elapsed=38.6s
step   450/900 tau=0.1735 loss=0.271377 mse_soft=0.270955 ent_in=1.1030 ent_out=0.3029 rowmax_in=0.5217 rowmax_out=0.8656 discrete_mse=253.352661 best_discrete=64.000549 hash=False elapsed=41.1s
step   475/900 tau=0.1574 loss=0.279897 mse_soft=0.279478 ent_in=1.0996 ent_out=0.2960 rowmax_in=0.5222 rowmax_out=0.8669 discrete_mse=212.314514 best_discrete=64.000549 hash=False elapsed=43.4s
step   500/900 tau=0.1428 loss=0.277081 mse_soft=0.276666 ent_in=1.0915 ent_out=0.2935 rowmax_in=0.5266 rowmax_out=0.8639 discrete_mse=564.962036 best_discrete=64.000549 hash=False elapsed=45.6s
step   525/900 tau=0.1295 loss=0.273521 mse_soft=0.273109 ent_in=1.0887 ent_out=0.2863 rowmax_in=0.5273 rowmax_out=0.8673 discrete_mse=564.962036 best_discrete=64.000549 hash=False elapsed=47.7s
step   550/900 tau=0.1175 loss=0.272053 mse_soft=0.271643 ent_in=1.0853 ent_out=0.2810 rowmax_in=0.5273 rowmax_out=0.8682 discrete_mse=564.962036 best_discrete=64.000549 hash=False elapsed=50.0s
step   575/900 tau=0.1066 loss=0.274153 mse_soft=0.273747 ent_in=1.0783 ent_out=0.2760 rowmax_in=0.5316 rowmax_out=0.8708 discrete_mse=564.962036 best_discrete=64.000549 hash=False elapsed=52.2s
step   600/900 tau=0.0967 loss=0.280532 mse_soft=0.280132 ent_in=1.0627 ent_out=0.2710 rowmax_in=0.5416 rowmax_out=0.8730 discrete_mse=260.467468 best_discrete=64.000549 hash=False elapsed=54.5s
step   625/900 tau=0.0877 loss=0.298838 mse_soft=0.298438 ent_in=1.0575 ent_out=0.2750 rowmax_in=0.5354 rowmax_out=0.8682 discrete_mse=263.861359 best_discrete=64.000549 hash=False elapsed=56.9s
step   650/900 tau=0.0795 loss=0.273439 mse_soft=0.273041 ent_in=1.0581 ent_out=0.2696 rowmax_in=0.5342 rowmax_out=0.8718 discrete_mse=40.005878 best_discrete=40.005878 hash=False elapsed=59.0s
step   675/900 tau=0.0722 loss=0.428988 mse_soft=0.428670 ent_in=0.8176 ent_out=0.2431 rowmax_in=0.6341 rowmax_out=0.8814 discrete_mse=47.021175 best_discrete=40.005878 hash=False elapsed=61.2s
step   700/900 tau=0.0655 loss=0.321621 mse_soft=0.321353 ent_in=0.6961 ent_out=0.1955 rowmax_in=0.6700 rowmax_out=0.9060 discrete_mse=24.133615 best_discrete=24.133615 hash=False elapsed=63.1s
step   725/900 tau=0.0594 loss=0.307283 mse_soft=0.307004 ent_in=0.6851 ent_out=0.2444 rowmax_in=0.6740 rowmax_out=0.8699 discrete_mse=28.542986 best_discrete=24.133615 hash=False elapsed=65.0s
step   750/900 tau=0.0539 loss=0.304564 mse_soft=0.304288 ent_in=0.6865 ent_out=0.2363 rowmax_in=0.6675 rowmax_out=0.8716 discrete_mse=28.542986 best_discrete=24.133615 hash=False elapsed=67.1s
step   775/900 tau=0.0489 loss=0.329987 mse_soft=0.329726 ent_in=0.6438 ent_out=0.2283 rowmax_in=0.6988 rowmax_out=0.8787 discrete_mse=24.967659 best_discrete=24.133615 hash=False elapsed=69.1s
step   800/900 tau=0.0443 loss=0.333478 mse_soft=0.333226 ent_in=0.6127 ent_out=0.2277 rowmax_in=0.6885 rowmax_out=0.8763 discrete_mse=75.764801 best_discrete=24.133615 hash=False elapsed=71.3s
step   825/900 tau=0.0402 loss=0.342851 mse_soft=0.342606 ent_in=0.5996 ent_out=0.2166 rowmax_in=0.7069 rowmax_out=0.8846 discrete_mse=9.699828 best_discrete=9.699828 hash=False elapsed=73.4s
step   850/900 tau=0.0365 loss=0.615820 mse_soft=0.615618 ent_in=0.5325 ent_out=0.1433 rowmax_in=0.7250 rowmax_out=0.9238 discrete_mse=12.823828 best_discrete=9.699828 hash=False elapsed=75.7s
step   875/900 tau=0.0331 loss=0.373205 mse_soft=0.373051 ent_in=0.4180 ent_out=0.0977 rowmax_in=0.7809 rowmax_out=0.9411 discrete_mse=9.973129 best_discrete=9.699828 hash=False elapsed=77.7s
step   900/900 tau=0.0300 loss=0.365026 mse_soft=0.364870 ent_in=0.4236 ent_out=0.0960 rowmax_in=0.7798 rowmax_out=0.9420 discrete_mse=25.779102 best_discrete=9.699828 hash=False elapsed=79.7s

Final metrics:
  soft_mse_full=0.387514
  rowmax_in_mean=0.7792
  rowmax_out_mean=0.9420
  ent_in_mean=0.4245
  ent_out_mean=0.0958
  final_discrete_mse=25.779102
  hash_match=False
  best_discrete_mse_seen=9.699828
Saved results to overnight_b183_j1.json
