Using device: cuda
Train rows: 10000 / Full rows: 10000, steps=700, lr=0.015
step     1/700 tau=1.0000 loss=1.064225 mse_soft=1.063451 ent_in=3.8712 ent_out=3.8712 rowmax_in=0.0213 rowmax_out=0.0213 discrete_mse=71.440941 best_discrete=71.440941 hash=False elapsed=0.6s
step    25/700 tau=0.8810 loss=0.972155 mse_soft=0.971395 ent_in=3.7933 ent_out=3.8057 rowmax_in=0.0331 rowmax_out=0.0322 discrete_mse=1395.522705 best_discrete=71.440941 hash=False elapsed=2.9s
step    50/700 tau=0.7721 loss=0.788235 mse_soft=0.787526 ent_in=3.5159 ent_out=3.5683 rowmax_in=0.0570 rowmax_out=0.0541 discrete_mse=3292.363525 best_discrete=71.440941 hash=False elapsed=5.3s
step    75/700 tau=0.6767 loss=0.643681 mse_soft=0.643045 ent_in=3.1267 ent_out=3.2333 rowmax_in=0.0972 rowmax_out=0.0922 discrete_mse=4845.802246 best_discrete=71.440941 hash=False elapsed=7.6s
step   100/700 tau=0.5931 loss=0.532845 mse_soft=0.532292 ent_in=2.7150 ent_out=2.8158 rowmax_in=0.1770 rowmax_out=0.1814 discrete_mse=113.318771 best_discrete=71.440941 hash=False elapsed=10.0s
step   125/700 tau=0.5198 loss=0.433696 mse_soft=0.433263 ent_in=2.1966 ent_out=2.1294 rowmax_in=0.3039 rowmax_out=0.3426 discrete_mse=932.327148 best_discrete=71.440941 hash=False elapsed=12.3s
step   150/700 tau=0.4555 loss=0.362203 mse_soft=0.361883 ent_in=1.7310 ent_out=1.4672 rowmax_in=0.4097 rowmax_out=0.5360 discrete_mse=1704.107910 best_discrete=71.440941 hash=False elapsed=14.7s
step   175/700 tau=0.3992 loss=0.329270 mse_soft=0.329022 ent_in=1.4526 ent_out=1.0235 rowmax_in=0.4676 rowmax_out=0.6619 discrete_mse=228.321167 best_discrete=71.440941 hash=False elapsed=17.1s
step   200/700 tau=0.3499 loss=0.312659 mse_soft=0.312456 ent_in=1.3081 ent_out=0.7260 rowmax_in=0.4945 rowmax_out=0.7401 discrete_mse=192.549393 best_discrete=71.440941 hash=False elapsed=19.4s
step   225/700 tau=0.3066 loss=0.303119 mse_soft=0.302943 ent_in=1.2311 ent_out=0.5322 rowmax_in=0.5060 rowmax_out=0.8068 discrete_mse=51.491238 best_discrete=51.491238 hash=False elapsed=21.7s
step   250/700 tau=0.2687 loss=0.297786 mse_soft=0.297623 ent_in=1.1788 ent_out=0.4543 rowmax_in=0.5156 rowmax_out=0.8233 discrete_mse=266.728851 best_discrete=51.491238 hash=False elapsed=24.0s
step   275/700 tau=0.2355 loss=0.293837 mse_soft=0.293684 ent_in=1.1299 ent_out=0.3988 rowmax_in=0.5256 rowmax_out=0.8345 discrete_mse=251.338562 best_discrete=51.491238 hash=False elapsed=26.4s
step   300/700 tau=0.2064 loss=0.290879 mse_soft=0.290733 ent_in=1.0904 ent_out=0.3676 rowmax_in=0.5347 rowmax_out=0.8372 discrete_mse=131.115479 best_discrete=51.491238 hash=False elapsed=28.8s
step   325/700 tau=0.1809 loss=0.289856 mse_soft=0.289714 ent_in=1.0666 ent_out=0.3522 rowmax_in=0.5395 rowmax_out=0.8395 discrete_mse=256.594482 best_discrete=51.491238 hash=False elapsed=31.1s
step   350/700 tau=0.1585 loss=0.289071 mse_soft=0.288931 ent_in=1.0539 ent_out=0.3445 rowmax_in=0.5420 rowmax_out=0.8410 discrete_mse=283.657684 best_discrete=51.491238 hash=False elapsed=33.7s
step   375/700 tau=0.1389 loss=0.288419 mse_soft=0.288280 ent_in=1.0465 ent_out=0.3474 rowmax_in=0.5444 rowmax_out=0.8392 discrete_mse=183.935806 best_discrete=51.491238 hash=False elapsed=36.1s
step   400/700 tau=0.1218 loss=0.287129 mse_soft=0.286990 ent_in=1.0345 ent_out=0.3532 rowmax_in=0.5479 rowmax_out=0.8407 discrete_mse=116.857887 best_discrete=51.491238 hash=False elapsed=38.5s
step   425/700 tau=0.1067 loss=0.286954 mse_soft=0.286817 ent_in=1.0037 ent_out=0.3585 rowmax_in=0.5583 rowmax_out=0.8360 discrete_mse=109.478310 best_discrete=51.491238 hash=False elapsed=40.8s
step   450/700 tau=0.0935 loss=0.284545 mse_soft=0.284412 ent_in=0.9864 ent_out=0.3508 rowmax_in=0.5613 rowmax_out=0.8355 discrete_mse=2.289523 best_discrete=2.289523 hash=False elapsed=42.9s
step   475/700 tau=0.0820 loss=0.284230 mse_soft=0.284098 ent_in=0.9780 ent_out=0.3478 rowmax_in=0.5625 rowmax_out=0.8335 discrete_mse=2.289523 best_discrete=2.289523 hash=False elapsed=45.0s
step   500/700 tau=0.0718 loss=0.285898 mse_soft=0.285766 ent_in=0.9727 ent_out=0.3475 rowmax_in=0.5634 rowmax_out=0.8341 discrete_mse=2.289523 best_discrete=2.289523 hash=False elapsed=47.0s
step   525/700 tau=0.0630 loss=0.297871 mse_soft=0.297739 ent_in=0.9660 ent_out=0.3455 rowmax_in=0.5650 rowmax_out=0.8347 discrete_mse=21.281315 best_discrete=2.289523 hash=False elapsed=49.1s
step   550/700 tau=0.0552 loss=0.286764 mse_soft=0.286635 ent_in=0.9662 ent_out=0.3290 rowmax_in=0.5633 rowmax_out=0.8410 discrete_mse=21.281315 best_discrete=2.289523 hash=False elapsed=51.2s
step   575/700 tau=0.0484 loss=0.292540 mse_soft=0.292411 ent_in=0.9580 ent_out=0.3238 rowmax_in=0.5677 rowmax_out=0.8417 discrete_mse=20.791922 best_discrete=2.289523 hash=False elapsed=53.2s
step   600/700 tau=0.0424 loss=0.320129 mse_soft=0.320004 ent_in=0.9410 ent_out=0.3075 rowmax_in=0.5737 rowmax_out=0.8463 discrete_mse=285.221344 best_discrete=2.289523 hash=False elapsed=55.3s
step   625/700 tau=0.0371 loss=0.318122 mse_soft=0.318019 ent_in=0.7634 ent_out=0.2687 rowmax_in=0.6542 rowmax_out=0.8595 discrete_mse=267.228607 best_discrete=2.289523 hash=False elapsed=57.4s
step   650/700 tau=0.0325 loss=0.329987 mse_soft=0.329891 ent_in=0.7137 ent_out=0.2473 rowmax_in=0.6648 rowmax_out=0.8689 discrete_mse=20.388195 best_discrete=2.289523 hash=False elapsed=59.4s
step   675/700 tau=0.0285 loss=0.308867 mse_soft=0.308776 ent_in=0.6745 ent_out=0.2277 rowmax_in=0.6707 rowmax_out=0.8777 discrete_mse=149.947815 best_discrete=2.289523 hash=False elapsed=61.4s
step   700/700 tau=0.0250 loss=0.302264 mse_soft=0.302172 ent_in=0.6935 ent_out=0.2212 rowmax_in=0.6588 rowmax_out=0.8824 discrete_mse=35.040539 best_discrete=2.289523 hash=False elapsed=63.4s

Final metrics:
  soft_mse_full=0.304647
  rowmax_in_mean=0.6601
  rowmax_out_mean=0.8824
  ent_in_mean=0.6926
  ent_out_mean=0.2213
  final_discrete_mse=35.999416
  hash_match=False
  best_discrete_mse_seen=2.289523
Saved results to overnight_b140_j4.json
