Using device: cuda
Train rows: 10000 / Full rows: 10000, steps=700, lr=0.015
step     1/700 tau=1.0000 loss=1.064174 mse_soft=1.063400 ent_in=3.8712 ent_out=3.8711 rowmax_in=0.0213 rowmax_out=0.0213 discrete_mse=20.082993 best_discrete=20.082993 hash=False elapsed=0.5s
step    25/700 tau=0.8810 loss=0.972020 mse_soft=0.971260 ent_in=3.7933 ent_out=3.8053 rowmax_in=0.0330 rowmax_out=0.0322 discrete_mse=2462.261963 best_discrete=20.082993 hash=False elapsed=2.7s
step    50/700 tau=0.7721 loss=0.786024 mse_soft=0.785315 ent_in=3.5164 ent_out=3.5654 rowmax_in=0.0570 rowmax_out=0.0547 discrete_mse=1198.110718 best_discrete=20.082993 hash=False elapsed=5.0s
step    75/700 tau=0.6767 loss=0.641769 mse_soft=0.641133 ent_in=3.1302 ent_out=3.2243 rowmax_in=0.0958 rowmax_out=0.0921 discrete_mse=13470.943359 best_discrete=20.082993 hash=False elapsed=7.2s
step   100/700 tau=0.5931 loss=0.531552 mse_soft=0.530998 ent_in=2.7212 ent_out=2.8229 rowmax_in=0.1774 rowmax_out=0.1642 discrete_mse=2407.565918 best_discrete=20.082993 hash=False elapsed=9.5s
step   125/700 tau=0.5198 loss=0.434816 mse_soft=0.434378 ent_in=2.2085 ent_out=2.1675 rowmax_in=0.2982 rowmax_out=0.3233 discrete_mse=1993.102783 best_discrete=20.082993 hash=False elapsed=11.8s
step   150/700 tau=0.4555 loss=0.369338 mse_soft=0.369008 ent_in=1.8079 ent_out=1.4871 rowmax_in=0.3897 rowmax_out=0.5245 discrete_mse=452.805939 best_discrete=20.082993 hash=False elapsed=14.2s
step   175/700 tau=0.3992 loss=0.327564 mse_soft=0.327323 ent_in=1.4869 ent_out=0.9283 rowmax_in=0.4550 rowmax_out=0.7022 discrete_mse=3831.179199 best_discrete=20.082993 hash=False elapsed=16.5s
step   200/700 tau=0.3499 loss=0.308307 mse_soft=0.308112 ent_in=1.3271 ent_out=0.6249 rowmax_in=0.4871 rowmax_out=0.7821 discrete_mse=5602.955078 best_discrete=20.082993 hash=False elapsed=18.9s
step   225/700 tau=0.3066 loss=0.297844 mse_soft=0.297673 ent_in=1.2440 ent_out=0.4732 rowmax_in=0.4974 rowmax_out=0.8125 discrete_mse=2250.915771 best_discrete=20.082993 hash=False elapsed=21.3s
step   250/700 tau=0.2687 loss=0.294869 mse_soft=0.294709 ent_in=1.2124 ent_out=0.3889 rowmax_in=0.4974 rowmax_out=0.8367 discrete_mse=940.153381 best_discrete=20.082993 hash=False elapsed=23.6s
step   275/700 tau=0.2355 loss=0.291095 mse_soft=0.290942 ent_in=1.1886 ent_out=0.3454 rowmax_in=0.5002 rowmax_out=0.8496 discrete_mse=2244.682129 best_discrete=20.082993 hash=False elapsed=25.9s
step   300/700 tau=0.2064 loss=0.288180 mse_soft=0.288032 ent_in=1.1725 ent_out=0.3102 rowmax_in=0.5023 rowmax_out=0.8649 discrete_mse=2535.109375 best_discrete=20.082993 hash=False elapsed=28.1s
step   325/700 tau=0.1809 loss=0.288650 mse_soft=0.288505 ent_in=1.1550 ent_out=0.2933 rowmax_in=0.5044 rowmax_out=0.8700 discrete_mse=2535.109375 best_discrete=20.082993 hash=False elapsed=30.4s
step   350/700 tau=0.1585 loss=0.287404 mse_soft=0.287261 ent_in=1.1450 ent_out=0.2829 rowmax_in=0.5060 rowmax_out=0.8726 discrete_mse=2535.109375 best_discrete=20.082993 hash=False elapsed=32.7s
step   375/700 tau=0.1389 loss=0.286041 mse_soft=0.285900 ent_in=1.1351 ent_out=0.2777 rowmax_in=0.5086 rowmax_out=0.8739 discrete_mse=2535.109375 best_discrete=20.082993 hash=False elapsed=34.9s
step   400/700 tau=0.1218 loss=0.288456 mse_soft=0.288316 ent_in=1.1259 ent_out=0.2711 rowmax_in=0.5092 rowmax_out=0.8762 discrete_mse=1479.660889 best_discrete=20.082993 hash=False elapsed=37.1s
step   425/700 tau=0.1067 loss=0.287272 mse_soft=0.287132 ent_in=1.1189 ent_out=0.2793 rowmax_in=0.5116 rowmax_out=0.8717 discrete_mse=1246.827271 best_discrete=20.082993 hash=False elapsed=39.2s
step   450/700 tau=0.0935 loss=0.285763 mse_soft=0.285624 ent_in=1.1178 ent_out=0.2796 rowmax_in=0.5113 rowmax_out=0.8708 discrete_mse=1479.660889 best_discrete=20.082993 hash=False elapsed=41.2s
step   475/700 tau=0.0820 loss=0.295230 mse_soft=0.295091 ent_in=1.1115 ent_out=0.2778 rowmax_in=0.5114 rowmax_out=0.8708 discrete_mse=1873.705566 best_discrete=20.082993 hash=False elapsed=43.3s
step   500/700 tau=0.0718 loss=0.295835 mse_soft=0.295696 ent_in=1.1069 ent_out=0.2796 rowmax_in=0.5108 rowmax_out=0.8691 discrete_mse=2379.056641 best_discrete=20.082993 hash=False elapsed=45.4s
step   525/700 tau=0.0630 loss=0.297966 mse_soft=0.297827 ent_in=1.1025 ent_out=0.2871 rowmax_in=0.5161 rowmax_out=0.8650 discrete_mse=1479.660889 best_discrete=20.082993 hash=False elapsed=47.5s
step   550/700 tau=0.0552 loss=0.316016 mse_soft=0.315877 ent_in=1.0919 ent_out=0.2920 rowmax_in=0.5156 rowmax_out=0.8627 discrete_mse=5446.757324 best_discrete=20.082993 hash=False elapsed=49.5s
step   575/700 tau=0.0484 loss=0.288396 mse_soft=0.288260 ent_in=1.0788 ent_out=0.2843 rowmax_in=0.5201 rowmax_out=0.8663 discrete_mse=681.157104 best_discrete=20.082993 hash=False elapsed=51.6s
step   600/700 tau=0.0424 loss=0.286697 mse_soft=0.286562 ent_in=1.0687 ent_out=0.2855 rowmax_in=0.5240 rowmax_out=0.8571 discrete_mse=9557.913086 best_discrete=20.082993 hash=False elapsed=53.7s
step   625/700 tau=0.0371 loss=0.308474 mse_soft=0.308342 ent_in=1.0405 ent_out=0.2772 rowmax_in=0.5448 rowmax_out=0.8487 discrete_mse=396.041199 best_discrete=20.082993 hash=False elapsed=55.8s
step   650/700 tau=0.0325 loss=0.304289 mse_soft=0.304170 ent_in=0.9552 ent_out=0.2319 rowmax_in=0.5713 rowmax_out=0.8837 discrete_mse=54.224636 best_discrete=20.082993 hash=False elapsed=57.9s
step   675/700 tau=0.0285 loss=0.374306 mse_soft=0.374203 ent_in=0.8074 ent_out=0.2264 rowmax_in=0.6219 rowmax_out=0.8821 discrete_mse=201.125610 best_discrete=20.082993 hash=False elapsed=60.0s
step   700/700 tau=0.0250 loss=0.340366 mse_soft=0.340268 ent_in=0.7384 ent_out=0.2388 rowmax_in=0.6340 rowmax_out=0.8683 discrete_mse=257.455231 best_discrete=20.082993 hash=False elapsed=62.2s

Final metrics:
  soft_mse_full=0.339618
  rowmax_in_mean=0.6328
  rowmax_out_mean=0.8680
  ent_in_mean=0.7382
  ent_out_mean=0.2377
  final_discrete_mse=311.186218
  hash_match=False
  best_discrete_mse_seen=20.082993
Saved results to overnight_b162_j4.json
