Using device: cuda
Train rows: 4096 / Full rows: 10000, steps=900, lr=0.03
step     1/900 tau=1.0000 loss=1.053786 mse_soft=1.051463 ent_in=3.8712 ent_out=3.8712 rowmax_in=0.0213 rowmax_out=0.0213 discrete_mse=27.125605 best_discrete=27.125605 hash=False elapsed=0.5s
step    25/900 tau=0.9090 loss=0.855687 mse_soft=0.853497 ent_in=3.6324 ent_out=3.6662 rowmax_in=0.0457 rowmax_out=0.0445 discrete_mse=5191.659180 best_discrete=27.125605 hash=False elapsed=2.7s
step    50/900 tau=0.8229 loss=0.645814 mse_soft=0.643915 ent_in=3.1208 ent_out=3.2089 rowmax_in=0.0960 rowmax_out=0.0911 discrete_mse=7782.194336 best_discrete=27.125605 hash=False elapsed=4.8s
step    75/900 tau=0.7450 loss=0.517748 mse_soft=0.516176 ent_in=2.5874 ent_out=2.6542 rowmax_in=0.2044 rowmax_out=0.2037 discrete_mse=17.718834 best_discrete=17.718834 hash=False elapsed=7.1s
step   100/900 tau=0.6745 loss=0.404832 mse_soft=0.403688 ent_in=1.9802 ent_out=1.8313 rowmax_in=0.3474 rowmax_out=0.4274 discrete_mse=1276.961426 best_discrete=17.718834 hash=False elapsed=9.5s
step   125/900 tau=0.6107 loss=0.341011 mse_soft=0.340219 ent_in=1.5715 ent_out=1.0690 rowmax_in=0.4394 rowmax_out=0.6609 discrete_mse=833.795532 best_discrete=17.718834 hash=False elapsed=11.9s
step   150/900 tau=0.5529 loss=0.318667 mse_soft=0.318003 ent_in=1.4282 ent_out=0.7855 rowmax_in=0.4553 rowmax_out=0.7381 discrete_mse=1151.176025 best_discrete=17.718834 hash=False elapsed=14.3s
step   175/900 tau=0.5006 loss=0.303410 mse_soft=0.302810 ent_in=1.3504 ent_out=0.6491 rowmax_in=0.4665 rowmax_out=0.7554 discrete_mse=913.400757 best_discrete=17.718834 hash=False elapsed=16.5s
step   200/900 tau=0.4532 loss=0.296116 mse_soft=0.295556 ent_in=1.2965 ent_out=0.5701 rowmax_in=0.4787 rowmax_out=0.7689 discrete_mse=421.438538 best_discrete=17.718834 hash=False elapsed=18.8s
step   225/900 tau=0.4103 loss=0.290312 mse_soft=0.289767 ent_in=1.2875 ent_out=0.5294 rowmax_in=0.4801 rowmax_out=0.7818 discrete_mse=910.056274 best_discrete=17.718834 hash=False elapsed=21.2s
step   250/900 tau=0.3715 loss=0.288755 mse_soft=0.288220 ent_in=1.2785 ent_out=0.5064 rowmax_in=0.4803 rowmax_out=0.7904 discrete_mse=608.364258 best_discrete=17.718834 hash=False elapsed=23.6s
step   275/900 tau=0.3363 loss=0.284123 mse_soft=0.283597 ent_in=1.2659 ent_out=0.4859 rowmax_in=0.4829 rowmax_out=0.8024 discrete_mse=1521.458008 best_discrete=17.718834 hash=False elapsed=26.1s
step   300/900 tau=0.3045 loss=0.281526 mse_soft=0.281003 ent_in=1.2624 ent_out=0.4803 rowmax_in=0.4844 rowmax_out=0.8026 discrete_mse=2004.519897 best_discrete=17.718834 hash=False elapsed=28.3s
step   325/900 tau=0.2756 loss=0.279595 mse_soft=0.279082 ent_in=1.2478 ent_out=0.4604 rowmax_in=0.4867 rowmax_out=0.8098 discrete_mse=2245.865479 best_discrete=17.718834 hash=False elapsed=30.5s
step   350/900 tau=0.2496 loss=0.284492 mse_soft=0.283989 ent_in=1.2361 ent_out=0.4387 rowmax_in=0.4897 rowmax_out=0.8141 discrete_mse=1798.002319 best_discrete=17.718834 hash=False elapsed=32.9s
step   375/900 tau=0.2259 loss=0.274161 mse_soft=0.273665 ent_in=1.2252 ent_out=0.4258 rowmax_in=0.4874 rowmax_out=0.8108 discrete_mse=1912.343140 best_discrete=17.718834 hash=False elapsed=35.4s
step   400/900 tau=0.2046 loss=0.272306 mse_soft=0.271820 ent_in=1.2125 ent_out=0.4094 rowmax_in=0.4869 rowmax_out=0.8125 discrete_mse=1003.368591 best_discrete=17.718834 hash=False elapsed=37.7s
step   425/900 tau=0.1852 loss=0.274783 mse_soft=0.274302 ent_in=1.2052 ent_out=0.3994 rowmax_in=0.4888 rowmax_out=0.8151 discrete_mse=961.314575 best_discrete=17.718834 hash=False elapsed=40.0s
step   450/900 tau=0.1677 loss=0.276059 mse_soft=0.275582 ent_in=1.1954 ent_out=0.3932 rowmax_in=0.4915 rowmax_out=0.8169 discrete_mse=961.314575 best_discrete=17.718834 hash=False elapsed=42.2s
step   475/900 tau=0.1518 loss=0.281503 mse_soft=0.281030 ent_in=1.1873 ent_out=0.3869 rowmax_in=0.4918 rowmax_out=0.8184 discrete_mse=961.314575 best_discrete=17.718834 hash=False elapsed=44.4s
step   500/900 tau=0.1374 loss=0.272538 mse_soft=0.272068 ent_in=1.1843 ent_out=0.3797 rowmax_in=0.4923 rowmax_out=0.8207 discrete_mse=356.057556 best_discrete=17.718834 hash=False elapsed=46.5s
step   525/900 tau=0.1244 loss=0.288709 mse_soft=0.288252 ent_in=1.1571 ent_out=0.3660 rowmax_in=0.5000 rowmax_out=0.8242 discrete_mse=274.223236 best_discrete=17.718834 hash=False elapsed=48.8s
step   550/900 tau=0.1126 loss=0.274779 mse_soft=0.274326 ent_in=1.1440 ent_out=0.3660 rowmax_in=0.5090 rowmax_out=0.8188 discrete_mse=318.820587 best_discrete=17.718834 hash=False elapsed=51.1s
step   575/900 tau=0.1020 loss=0.277079 mse_soft=0.276630 ent_in=1.1335 ent_out=0.3635 rowmax_in=0.5085 rowmax_out=0.8162 discrete_mse=318.820587 best_discrete=17.718834 hash=False elapsed=53.3s
step   600/900 tau=0.0923 loss=0.283127 mse_soft=0.282680 ent_in=1.1240 ent_out=0.3644 rowmax_in=0.5149 rowmax_out=0.8131 discrete_mse=242.624023 best_discrete=17.718834 hash=False elapsed=55.5s
step   625/900 tau=0.0836 loss=0.318690 mse_soft=0.318302 ent_in=0.9994 ent_out=0.2930 rowmax_in=0.5614 rowmax_out=0.8585 discrete_mse=116.919373 best_discrete=17.718834 hash=False elapsed=57.7s
step   650/900 tau=0.0757 loss=0.297562 mse_soft=0.297186 ent_in=0.9673 ent_out=0.2864 rowmax_in=0.5587 rowmax_out=0.8549 discrete_mse=235.442062 best_discrete=17.718834 hash=False elapsed=59.9s
step   675/900 tau=0.0685 loss=0.282187 mse_soft=0.281806 ent_in=0.9732 ent_out=0.2959 rowmax_in=0.5455 rowmax_out=0.8568 discrete_mse=327.016937 best_discrete=17.718834 hash=False elapsed=62.3s
step   700/900 tau=0.0620 loss=0.307403 mse_soft=0.307066 ent_in=0.8529 ent_out=0.2677 rowmax_in=0.6011 rowmax_out=0.8681 discrete_mse=295.161682 best_discrete=17.718834 hash=False elapsed=64.4s
step   725/900 tau=0.0562 loss=0.401206 mse_soft=0.400978 ent_in=0.5421 ent_out=0.2188 rowmax_in=0.7541 rowmax_out=0.8927 discrete_mse=25.783195 best_discrete=17.718834 hash=False elapsed=66.5s
step   750/900 tau=0.0508 loss=0.368803 mse_soft=0.368574 ent_in=0.5629 ent_out=0.2007 rowmax_in=0.7319 rowmax_out=0.9006 discrete_mse=68.490662 best_discrete=17.718834 hash=False elapsed=68.7s
step   775/900 tau=0.0460 loss=0.362370 mse_soft=0.362144 ent_in=0.5590 ent_out=0.1932 rowmax_in=0.7283 rowmax_out=0.9009 discrete_mse=22.495146 best_discrete=17.718834 hash=False elapsed=70.8s
step   800/900 tau=0.0417 loss=0.350335 mse_soft=0.350104 ent_in=0.5798 ent_out=0.1912 rowmax_in=0.7142 rowmax_out=0.9012 discrete_mse=51.139481 best_discrete=17.718834 hash=False elapsed=73.2s
step   825/900 tau=0.0377 loss=1.013480 mse_soft=1.013323 ent_in=0.3334 ent_out=0.1901 rowmax_in=0.8431 rowmax_out=0.9022 discrete_mse=123.122887 best_discrete=17.718834 hash=False elapsed=75.2s
step   850/900 tau=0.0342 loss=0.524943 mse_soft=0.524814 ent_in=0.2924 ent_out=0.1379 rowmax_in=0.8366 rowmax_out=0.9035 discrete_mse=37.783279 best_discrete=17.718834 hash=False elapsed=77.4s
step   875/900 tau=0.0309 loss=0.513811 mse_soft=0.513686 ent_in=0.2705 ent_out=0.1485 rowmax_in=0.8528 rowmax_out=0.8917 discrete_mse=37.783279 best_discrete=17.718834 hash=False elapsed=79.7s
step   900/900 tau=0.0280 loss=0.507856 mse_soft=0.507726 ent_in=0.2833 ent_out=0.1493 rowmax_in=0.8453 rowmax_out=0.8917 discrete_mse=17.432692 best_discrete=17.432692 hash=False elapsed=81.8s

Final metrics:
  soft_mse_full=0.506032
  rowmax_in_mean=0.8420
  rowmax_out_mean=0.8919
  ent_in_mean=0.2853
  ent_out_mean=0.1492
  final_discrete_mse=17.432692
  hash_match=False
  best_discrete_mse_seen=17.432692
Saved results to overnight_b147_j2.json
