Using device: cuda
Train rows: 10000 / Full rows: 10000, steps=700, lr=0.02
step     1/700 tau=1.0000 loss=1.065743 mse_soft=1.063421 ent_in=3.8712 ent_out=3.8712 rowmax_in=0.0213 rowmax_out=0.0213 discrete_mse=36.927635 best_discrete=36.927635 hash=False elapsed=0.5s
step    25/700 tau=0.8866 loss=0.934937 mse_soft=0.932686 ent_in=3.7425 ent_out=3.7626 rowmax_in=0.0377 rowmax_out=0.0363 discrete_mse=85.604385 best_discrete=36.927635 hash=False elapsed=2.5s
step    50/700 tau=0.7821 loss=0.710657 mse_soft=0.708622 ent_in=3.3617 ent_out=3.4224 rowmax_in=0.0704 rowmax_out=0.0677 discrete_mse=1139.473511 best_discrete=36.927635 hash=False elapsed=4.8s
step    75/700 tau=0.6899 loss=0.588215 mse_soft=0.586419 ent_in=2.9381 ent_out=3.0486 rowmax_in=0.1296 rowmax_out=0.1199 discrete_mse=1295.149414 best_discrete=36.927635 hash=False elapsed=7.1s
step   100/700 tau=0.6086 loss=0.478340 mse_soft=0.476882 ent_in=2.4131 ent_out=2.4475 rowmax_in=0.2385 rowmax_out=0.2511 discrete_mse=1135.809937 best_discrete=36.927635 hash=False elapsed=9.4s
step   125/700 tau=0.5368 loss=0.383560 mse_soft=0.382512 ent_in=1.8345 ent_out=1.6577 rowmax_in=0.3911 rowmax_out=0.4549 discrete_mse=968.952576 best_discrete=36.927635 hash=False elapsed=11.9s
step   150/700 tau=0.4736 loss=0.339111 mse_soft=0.338321 ent_in=1.5081 ent_out=1.1266 rowmax_in=0.4560 rowmax_out=0.6135 discrete_mse=375.833649 best_discrete=36.927635 hash=False elapsed=14.2s
step   175/700 tau=0.4177 loss=0.315550 mse_soft=0.314918 ent_in=1.3453 ent_out=0.7624 rowmax_in=0.4815 rowmax_out=0.7211 discrete_mse=212.232849 best_discrete=36.927635 hash=False elapsed=16.4s
step   200/700 tau=0.3685 loss=0.304608 mse_soft=0.304063 ent_in=1.2386 ent_out=0.5783 rowmax_in=0.5006 rowmax_out=0.7720 discrete_mse=638.499878 best_discrete=36.927635 hash=False elapsed=18.8s
step   225/700 tau=0.3251 loss=0.297678 mse_soft=0.297179 ent_in=1.1691 ent_out=0.4955 rowmax_in=0.5110 rowmax_out=0.7910 discrete_mse=638.499878 best_discrete=36.927635 hash=False elapsed=21.0s
step   250/700 tau=0.2868 loss=0.291884 mse_soft=0.291415 ent_in=1.1231 ent_out=0.4401 rowmax_in=0.5157 rowmax_out=0.8135 discrete_mse=382.175751 best_discrete=36.927635 hash=False elapsed=23.4s
step   275/700 tau=0.2530 loss=0.289759 mse_soft=0.289307 ent_in=1.1001 ent_out=0.4065 rowmax_in=0.5208 rowmax_out=0.8242 discrete_mse=420.404999 best_discrete=36.927635 hash=False elapsed=25.7s
step   300/700 tau=0.2231 loss=0.288872 mse_soft=0.288429 ent_in=1.0829 ent_out=0.3932 rowmax_in=0.5266 rowmax_out=0.8307 discrete_mse=420.404999 best_discrete=36.927635 hash=False elapsed=27.7s
step   325/700 tau=0.1968 loss=0.284880 mse_soft=0.284448 ent_in=1.0615 ent_out=0.3803 rowmax_in=0.5351 rowmax_out=0.8373 discrete_mse=624.570923 best_discrete=36.927635 hash=False elapsed=29.9s
step   350/700 tau=0.1736 loss=0.284152 mse_soft=0.283727 ent_in=1.0476 ent_out=0.3684 rowmax_in=0.5370 rowmax_out=0.8448 discrete_mse=378.126801 best_discrete=36.927635 hash=False elapsed=32.2s
step   375/700 tau=0.1532 loss=0.282686 mse_soft=0.282270 ent_in=1.0367 ent_out=0.3528 rowmax_in=0.5374 rowmax_out=0.8532 discrete_mse=568.233093 best_discrete=36.927635 hash=False elapsed=34.4s
step   400/700 tau=0.1351 loss=0.291056 mse_soft=0.290642 ent_in=1.0303 ent_out=0.3479 rowmax_in=0.5400 rowmax_out=0.8521 discrete_mse=107.317520 best_discrete=36.927635 hash=False elapsed=36.8s
step   425/700 tau=0.1192 loss=0.283240 mse_soft=0.282831 ent_in=1.0207 ent_out=0.3442 rowmax_in=0.5421 rowmax_out=0.8511 discrete_mse=116.781525 best_discrete=36.927635 hash=False elapsed=39.2s
step   450/700 tau=0.1051 loss=0.287922 mse_soft=0.287519 ent_in=1.0142 ent_out=0.3293 rowmax_in=0.5420 rowmax_out=0.8566 discrete_mse=116.781525 best_discrete=36.927635 hash=False elapsed=41.3s
step   475/700 tau=0.0928 loss=0.287107 mse_soft=0.286707 ent_in=1.0111 ent_out=0.3226 rowmax_in=0.5420 rowmax_out=0.8576 discrete_mse=252.860138 best_discrete=36.927635 hash=False elapsed=43.5s
step   500/700 tau=0.0818 loss=0.283925 mse_soft=0.283526 ent_in=1.0098 ent_out=0.3211 rowmax_in=0.5416 rowmax_out=0.8554 discrete_mse=233.382263 best_discrete=36.927635 hash=False elapsed=45.7s
step   525/700 tau=0.0722 loss=0.284228 mse_soft=0.283833 ent_in=1.0035 ent_out=0.3128 rowmax_in=0.5425 rowmax_out=0.8570 discrete_mse=46.168488 best_discrete=36.927635 hash=False elapsed=47.7s
step   550/700 tau=0.0637 loss=0.283368 mse_soft=0.282974 ent_in=1.0036 ent_out=0.3092 rowmax_in=0.5414 rowmax_out=0.8568 discrete_mse=46.168488 best_discrete=36.927635 hash=False elapsed=49.8s
step   575/700 tau=0.0562 loss=0.307692 mse_soft=0.307301 ent_in=0.9898 ent_out=0.3122 rowmax_in=0.5457 rowmax_out=0.8508 discrete_mse=328.735657 best_discrete=36.927635 hash=False elapsed=52.1s
step   600/700 tau=0.0495 loss=0.539276 mse_soft=0.538936 ent_in=0.8498 ent_out=0.2863 rowmax_in=0.6190 rowmax_out=0.8541 discrete_mse=242.158890 best_discrete=36.927635 hash=False elapsed=54.3s
step   625/700 tau=0.0437 loss=0.368319 mse_soft=0.368038 ent_in=0.7058 ent_out=0.2322 rowmax_in=0.6490 rowmax_out=0.8860 discrete_mse=193.396500 best_discrete=36.927635 hash=False elapsed=56.5s
step   650/700 tau=0.0386 loss=0.335524 mse_soft=0.335241 ent_in=0.7129 ent_out=0.2297 rowmax_in=0.6229 rowmax_out=0.8859 discrete_mse=563.897461 best_discrete=36.927635 hash=False elapsed=58.9s
step   675/700 tau=0.0340 loss=0.335380 mse_soft=0.335093 ent_in=0.7083 ent_out=0.2474 rowmax_in=0.6217 rowmax_out=0.8695 discrete_mse=67.996277 best_discrete=36.927635 hash=False elapsed=61.1s
step   700/700 tau=0.0300 loss=0.349517 mse_soft=0.349228 ent_in=0.7093 ent_out=0.2556 rowmax_in=0.6270 rowmax_out=0.8666 discrete_mse=108.557358 best_discrete=36.927635 hash=False elapsed=63.4s

Final metrics:
  soft_mse_full=0.349100
  rowmax_in_mean=0.6312
  rowmax_out_mean=0.8698
  ent_in_mean=0.7074
  ent_out_mean=0.2512
  final_discrete_mse=120.036224
  hash_match=False
  best_discrete_mse_seen=36.927635
Saved results to overnight_b192_j3.json
