Using device: cuda
Train rows: 10000 / Full rows: 10000, steps=700, lr=0.02
step     1/700 tau=1.0000 loss=1.065725 mse_soft=1.063402 ent_in=3.8712 ent_out=3.8712 rowmax_in=0.0213 rowmax_out=0.0213 discrete_mse=35.258930 best_discrete=35.258930 hash=False elapsed=0.6s
step    25/700 tau=0.8866 loss=0.935422 mse_soft=0.933170 ent_in=3.7421 ent_out=3.7627 rowmax_in=0.0374 rowmax_out=0.0363 discrete_mse=282.858978 best_discrete=35.258930 hash=False elapsed=2.6s
step    50/700 tau=0.7821 loss=0.711823 mse_soft=0.709788 ent_in=3.3594 ent_out=3.4252 rowmax_in=0.0691 rowmax_out=0.0661 discrete_mse=8035.545410 best_discrete=35.258930 hash=False elapsed=4.8s
step    75/700 tau=0.6899 loss=0.586045 mse_soft=0.584249 ent_in=2.9315 ent_out=3.0531 rowmax_in=0.1319 rowmax_out=0.1194 discrete_mse=176.630188 best_discrete=35.258930 hash=False elapsed=6.9s
step   100/700 tau=0.6086 loss=0.465837 mse_soft=0.464392 ent_in=2.3805 ent_out=2.4352 rowmax_in=0.2542 rowmax_out=0.2483 discrete_mse=1894.036011 best_discrete=35.258930 hash=False elapsed=8.9s
step   125/700 tau=0.5368 loss=0.379443 mse_soft=0.378377 ent_in=1.8208 ent_out=1.7317 rowmax_in=0.3907 rowmax_out=0.4431 discrete_mse=684.114197 best_discrete=35.258930 hash=False elapsed=11.2s
step   150/700 tau=0.4736 loss=0.335634 mse_soft=0.334844 ent_in=1.5031 ent_out=1.1299 rowmax_in=0.4592 rowmax_out=0.6240 discrete_mse=187.841919 best_discrete=35.258930 hash=False elapsed=13.3s
step   175/700 tau=0.4177 loss=0.317026 mse_soft=0.316390 ent_in=1.3630 ent_out=0.7569 rowmax_in=0.4826 rowmax_out=0.7366 discrete_mse=82.798264 best_discrete=35.258930 hash=False elapsed=15.6s
step   200/700 tau=0.3685 loss=0.310048 mse_soft=0.309485 ent_in=1.3115 ent_out=0.5675 rowmax_in=0.4839 rowmax_out=0.7889 discrete_mse=196.625366 best_discrete=35.258930 hash=False elapsed=17.8s
step   225/700 tau=0.3251 loss=0.304744 mse_soft=0.304217 ent_in=1.2804 ent_out=0.4783 rowmax_in=0.4865 rowmax_out=0.8103 discrete_mse=196.625366 best_discrete=35.258930 hash=False elapsed=19.9s
step   250/700 tau=0.2868 loss=0.301781 mse_soft=0.301275 ent_in=1.2459 ent_out=0.4416 rowmax_in=0.4915 rowmax_out=0.8143 discrete_mse=151.317017 best_discrete=35.258930 hash=False elapsed=22.0s
step   275/700 tau=0.2530 loss=0.299956 mse_soft=0.299463 ent_in=1.2259 ent_out=0.4178 rowmax_in=0.4912 rowmax_out=0.8200 discrete_mse=645.314270 best_discrete=35.258930 hash=False elapsed=24.2s
step   300/700 tau=0.2231 loss=0.297828 mse_soft=0.297345 ent_in=1.2099 ent_out=0.3973 rowmax_in=0.4948 rowmax_out=0.8212 discrete_mse=447.508026 best_discrete=35.258930 hash=False elapsed=26.6s
step   325/700 tau=0.1968 loss=0.296729 mse_soft=0.296254 ent_in=1.1942 ent_out=0.3868 rowmax_in=0.4993 rowmax_out=0.8227 discrete_mse=447.508026 best_discrete=35.258930 hash=False elapsed=28.8s
step   350/700 tau=0.1736 loss=0.299032 mse_soft=0.298566 ent_in=1.1762 ent_out=0.3784 rowmax_in=0.5028 rowmax_out=0.8226 discrete_mse=447.508026 best_discrete=35.258930 hash=False elapsed=30.9s
step   375/700 tau=0.1532 loss=0.294897 mse_soft=0.294438 ent_in=1.1609 ent_out=0.3715 rowmax_in=0.5056 rowmax_out=0.8226 discrete_mse=290.290863 best_discrete=35.258930 hash=False elapsed=33.0s
step   400/700 tau=0.1351 loss=0.294681 mse_soft=0.294224 ent_in=1.1524 ent_out=0.3694 rowmax_in=0.5061 rowmax_out=0.8227 discrete_mse=291.694611 best_discrete=35.258930 hash=False elapsed=35.2s
step   425/700 tau=0.1192 loss=0.293339 mse_soft=0.292885 ent_in=1.1461 ent_out=0.3664 rowmax_in=0.5073 rowmax_out=0.8233 discrete_mse=210.904694 best_discrete=35.258930 hash=False elapsed=37.3s
step   450/700 tau=0.1051 loss=0.296891 mse_soft=0.296441 ent_in=1.1376 ent_out=0.3611 rowmax_in=0.5079 rowmax_out=0.8249 discrete_mse=268.090057 best_discrete=35.258930 hash=False elapsed=39.5s
step   475/700 tau=0.0928 loss=0.302598 mse_soft=0.302151 ent_in=1.1281 ent_out=0.3612 rowmax_in=0.5092 rowmax_out=0.8202 discrete_mse=85.560394 best_discrete=35.258930 hash=False elapsed=41.9s
step   500/700 tau=0.0818 loss=0.299653 mse_soft=0.299210 ent_in=1.1163 ent_out=0.3586 rowmax_in=0.5121 rowmax_out=0.8176 discrete_mse=155.206818 best_discrete=35.258930 hash=False elapsed=44.3s
step   525/700 tau=0.0722 loss=0.303578 mse_soft=0.303138 ent_in=1.1145 ent_out=0.3519 rowmax_in=0.5112 rowmax_out=0.8210 discrete_mse=85.560394 best_discrete=35.258930 hash=False elapsed=46.8s
step   550/700 tau=0.0637 loss=0.299859 mse_soft=0.299422 ent_in=1.1116 ent_out=0.3465 rowmax_in=0.5075 rowmax_out=0.8225 discrete_mse=72.487762 best_discrete=35.258930 hash=False elapsed=49.4s
step   575/700 tau=0.0562 loss=0.311400 mse_soft=0.310968 ent_in=1.0944 ent_out=0.3449 rowmax_in=0.5166 rowmax_out=0.8202 discrete_mse=92.906982 best_discrete=35.258930 hash=False elapsed=51.5s
step   600/700 tau=0.0495 loss=0.297601 mse_soft=0.297176 ent_in=1.0808 ent_out=0.3361 rowmax_in=0.5196 rowmax_out=0.8271 discrete_mse=53.292675 best_discrete=35.258930 hash=False elapsed=53.8s
step   625/700 tau=0.0437 loss=0.317092 mse_soft=0.316685 ent_in=1.0295 ent_out=0.3262 rowmax_in=0.5405 rowmax_out=0.8290 discrete_mse=73.976921 best_discrete=35.258930 hash=False elapsed=56.1s
step   650/700 tau=0.0386 loss=0.311532 mse_soft=0.311140 ent_in=1.0003 ent_out=0.3084 rowmax_in=0.5535 rowmax_out=0.8303 discrete_mse=135.243866 best_discrete=35.258930 hash=False elapsed=58.3s
step   675/700 tau=0.0340 loss=0.359288 mse_soft=0.358953 ent_in=0.8223 ent_out=0.2927 rowmax_in=0.6272 rowmax_out=0.8471 discrete_mse=97.243988 best_discrete=35.258930 hash=False elapsed=60.5s
step   700/700 tau=0.0300 loss=0.460135 mse_soft=0.459955 ent_in=0.4558 ent_out=0.1420 rowmax_in=0.7696 rowmax_out=0.9388 discrete_mse=11.651575 best_discrete=11.651575 hash=False elapsed=62.7s

Final metrics:
  soft_mse_full=0.483694
  rowmax_in_mean=0.7744
  rowmax_out_mean=0.9404
  ent_in_mean=0.4421
  ent_out_mean=0.1382
  final_discrete_mse=14.621767
  hash_match=False
  best_discrete_mse_seen=11.651575
Saved results to overnight_b241_j3.json
