Using device: cuda
Train rows: 10000 / Full rows: 10000, steps=700, lr=0.02
step     1/700 tau=1.0000 loss=1.065708 mse_soft=1.063385 ent_in=3.8712 ent_out=3.8712 rowmax_in=0.0213 rowmax_out=0.0213 discrete_mse=51.991394 best_discrete=51.991394 hash=False elapsed=0.5s
step    25/700 tau=0.8866 loss=0.934944 mse_soft=0.932693 ent_in=3.7419 ent_out=3.7627 rowmax_in=0.0369 rowmax_out=0.0363 discrete_mse=10061.695312 best_discrete=51.991394 hash=False elapsed=2.7s
step    50/700 tau=0.7821 loss=0.713041 mse_soft=0.711005 ent_in=3.3612 ent_out=3.4239 rowmax_in=0.0680 rowmax_out=0.0666 discrete_mse=4838.991211 best_discrete=51.991394 hash=False elapsed=4.9s
step    75/700 tau=0.6899 loss=0.587647 mse_soft=0.585849 ent_in=2.9391 ent_out=3.0554 rowmax_in=0.1329 rowmax_out=0.1208 discrete_mse=925.206970 best_discrete=51.991394 hash=False elapsed=7.1s
step   100/700 tau=0.6086 loss=0.471866 mse_soft=0.470430 ent_in=2.3850 ent_out=2.4012 rowmax_in=0.2636 rowmax_out=0.2586 discrete_mse=162.554703 best_discrete=51.991394 hash=False elapsed=9.3s
step   125/700 tau=0.5368 loss=0.385658 mse_soft=0.384593 ent_in=1.8339 ent_out=1.7171 rowmax_in=0.3905 rowmax_out=0.4381 discrete_mse=1294.762207 best_discrete=51.991394 hash=False elapsed=11.6s
step   150/700 tau=0.4736 loss=0.338221 mse_soft=0.337446 ent_in=1.4893 ent_out=1.0937 rowmax_in=0.4659 rowmax_out=0.6334 discrete_mse=99.479225 best_discrete=51.991394 hash=False elapsed=13.8s
step   175/700 tau=0.4177 loss=0.313312 mse_soft=0.312699 ent_in=1.3139 ent_out=0.7294 rowmax_in=0.4993 rowmax_out=0.7388 discrete_mse=644.089905 best_discrete=51.991394 hash=False elapsed=16.2s
step   200/700 tau=0.3685 loss=0.300300 mse_soft=0.299779 ent_in=1.2002 ent_out=0.5376 rowmax_in=0.5241 rowmax_out=0.7924 discrete_mse=1039.598022 best_discrete=51.991394 hash=False elapsed=18.7s
step   225/700 tau=0.3251 loss=0.295900 mse_soft=0.295418 ent_in=1.1431 ent_out=0.4626 rowmax_in=0.5318 rowmax_out=0.8105 discrete_mse=148.704620 best_discrete=51.991394 hash=False elapsed=21.1s
step   250/700 tau=0.2868 loss=0.293093 mse_soft=0.292629 ent_in=1.1146 ent_out=0.4306 rowmax_in=0.5350 rowmax_out=0.8179 discrete_mse=116.240311 best_discrete=51.991394 hash=False elapsed=23.3s
step   275/700 tau=0.2530 loss=0.290619 mse_soft=0.290169 ent_in=1.0954 ent_out=0.4052 rowmax_in=0.5350 rowmax_out=0.8248 discrete_mse=141.206787 best_discrete=51.991394 hash=False elapsed=25.7s
step   300/700 tau=0.2231 loss=0.291755 mse_soft=0.291316 ent_in=1.0786 ent_out=0.3874 rowmax_in=0.5379 rowmax_out=0.8285 discrete_mse=141.206787 best_discrete=51.991394 hash=False elapsed=28.2s
step   325/700 tau=0.1968 loss=0.288432 mse_soft=0.288000 ent_in=1.0682 ent_out=0.3714 rowmax_in=0.5389 rowmax_out=0.8308 discrete_mse=141.206787 best_discrete=51.991394 hash=False elapsed=30.6s
step   350/700 tau=0.1736 loss=0.289590 mse_soft=0.289162 ent_in=1.0639 ent_out=0.3622 rowmax_in=0.5394 rowmax_out=0.8306 discrete_mse=302.639008 best_discrete=51.991394 hash=False elapsed=32.9s
step   375/700 tau=0.1532 loss=0.288654 mse_soft=0.288231 ent_in=1.0565 ent_out=0.3541 rowmax_in=0.5436 rowmax_out=0.8294 discrete_mse=638.010803 best_discrete=51.991394 hash=False elapsed=35.3s
step   400/700 tau=0.1351 loss=0.288025 mse_soft=0.287609 ent_in=1.0462 ent_out=0.3425 rowmax_in=0.5464 rowmax_out=0.8343 discrete_mse=562.560669 best_discrete=51.991394 hash=False elapsed=37.7s
step   425/700 tau=0.1192 loss=0.289437 mse_soft=0.289027 ent_in=1.0347 ent_out=0.3329 rowmax_in=0.5509 rowmax_out=0.8380 discrete_mse=439.337677 best_discrete=51.991394 hash=False elapsed=40.0s
step   450/700 tau=0.1051 loss=0.289344 mse_soft=0.288940 ent_in=1.0243 ent_out=0.3228 rowmax_in=0.5538 rowmax_out=0.8451 discrete_mse=439.337677 best_discrete=51.991394 hash=False elapsed=42.4s
step   475/700 tau=0.0928 loss=0.288376 mse_soft=0.287974 ent_in=1.0177 ent_out=0.3207 rowmax_in=0.5547 rowmax_out=0.8448 discrete_mse=439.337677 best_discrete=51.991394 hash=False elapsed=44.8s
step   500/700 tau=0.0818 loss=0.292441 mse_soft=0.292044 ent_in=1.0079 ent_out=0.3174 rowmax_in=0.5607 rowmax_out=0.8466 discrete_mse=439.337677 best_discrete=51.991394 hash=False elapsed=47.4s
step   525/700 tau=0.0722 loss=0.287452 mse_soft=0.287058 ent_in=1.0078 ent_out=0.3053 rowmax_in=0.5577 rowmax_out=0.8563 discrete_mse=255.334473 best_discrete=51.991394 hash=False elapsed=49.7s
step   550/700 tau=0.0637 loss=0.291178 mse_soft=0.290787 ent_in=0.9998 ent_out=0.3025 rowmax_in=0.5585 rowmax_out=0.8576 discrete_mse=255.334473 best_discrete=51.991394 hash=False elapsed=52.1s
step   575/700 tau=0.0562 loss=0.295731 mse_soft=0.295353 ent_in=0.9587 ent_out=0.2994 rowmax_in=0.5734 rowmax_out=0.8558 discrete_mse=90.321983 best_discrete=51.991394 hash=False elapsed=54.3s
step   600/700 tau=0.0495 loss=0.297319 mse_soft=0.296942 ent_in=0.9548 ent_out=0.3017 rowmax_in=0.5669 rowmax_out=0.8548 discrete_mse=139.701416 best_discrete=51.991394 hash=False elapsed=56.8s
step   625/700 tau=0.0437 loss=0.337159 mse_soft=0.336782 ent_in=0.9663 ent_out=0.2911 rowmax_in=0.5608 rowmax_out=0.8581 discrete_mse=71.538376 best_discrete=51.991394 hash=False elapsed=59.1s
step   650/700 tau=0.0386 loss=0.480682 mse_soft=0.480317 ent_in=0.9284 ent_out=0.2901 rowmax_in=0.5752 rowmax_out=0.8594 discrete_mse=108.579124 best_discrete=51.991394 hash=False elapsed=61.6s
step   675/700 tau=0.0340 loss=0.381700 mse_soft=0.381475 ent_in=0.6322 ent_out=0.1166 rowmax_in=0.7105 rowmax_out=0.9538 discrete_mse=67.458977 best_discrete=51.991394 hash=False elapsed=63.7s
step   700/700 tau=0.0300 loss=0.354071 mse_soft=0.353851 ent_in=0.6112 ent_out=0.1238 rowmax_in=0.6933 rowmax_out=0.9323 discrete_mse=98.289062 best_discrete=51.991394 hash=False elapsed=65.9s

Final metrics:
  soft_mse_full=0.350458
  rowmax_in_mean=0.6897
  rowmax_out_mean=0.9323
  ent_in_mean=0.6152
  ent_out_mean=0.1234
  final_discrete_mse=98.289062
  hash_match=False
  best_discrete_mse_seen=51.991394
Saved results to overnight_b236_j3.json
