Using device: cuda
Train rows: 10000 / Full rows: 10000, steps=700, lr=0.015
step     1/700 tau=1.0000 loss=1.064162 mse_soft=1.063388 ent_in=3.8712 ent_out=3.8712 rowmax_in=0.0213 rowmax_out=0.0213 discrete_mse=30.802599 best_discrete=30.802599 hash=False elapsed=0.5s
step    25/700 tau=0.8810 loss=0.972063 mse_soft=0.971303 ent_in=3.7934 ent_out=3.8053 rowmax_in=0.0330 rowmax_out=0.0323 discrete_mse=1953.676514 best_discrete=30.802599 hash=False elapsed=2.4s
step    50/700 tau=0.7721 loss=0.787267 mse_soft=0.786558 ent_in=3.5192 ent_out=3.5654 rowmax_in=0.0565 rowmax_out=0.0541 discrete_mse=3467.926270 best_discrete=30.802599 hash=False elapsed=4.5s
step    75/700 tau=0.6767 loss=0.643334 mse_soft=0.642697 ent_in=3.1381 ent_out=3.2319 rowmax_in=0.0958 rowmax_out=0.0911 discrete_mse=2977.302734 best_discrete=30.802599 hash=False elapsed=6.7s
step   100/700 tau=0.5931 loss=0.530177 mse_soft=0.529624 ent_in=2.7186 ent_out=2.8071 rowmax_in=0.1779 rowmax_out=0.1720 discrete_mse=408.873871 best_discrete=30.802599 hash=False elapsed=9.1s
step   125/700 tau=0.5198 loss=0.432029 mse_soft=0.431596 ent_in=2.1785 ent_out=2.1504 rowmax_in=0.3017 rowmax_out=0.3325 discrete_mse=1732.857544 best_discrete=30.802599 hash=False elapsed=11.2s
step   150/700 tau=0.4555 loss=0.369003 mse_soft=0.368680 ent_in=1.7264 ent_out=1.5039 rowmax_in=0.4148 rowmax_out=0.5030 discrete_mse=424.238525 best_discrete=30.802599 hash=False elapsed=13.4s
step   175/700 tau=0.3992 loss=0.334881 mse_soft=0.334624 ent_in=1.4684 ent_out=1.1042 rowmax_in=0.4705 rowmax_out=0.6112 discrete_mse=327.060791 best_discrete=30.802599 hash=False elapsed=15.6s
step   200/700 tau=0.3499 loss=0.317136 mse_soft=0.316924 ent_in=1.3234 ent_out=0.8030 rowmax_in=0.4930 rowmax_out=0.7172 discrete_mse=164.063309 best_discrete=30.802599 hash=False elapsed=17.7s
step   225/700 tau=0.3066 loss=0.305769 mse_soft=0.305582 ent_in=1.2462 ent_out=0.6217 rowmax_in=0.4969 rowmax_out=0.7721 discrete_mse=57.368423 best_discrete=30.802599 hash=False elapsed=19.9s
step   250/700 tau=0.2687 loss=0.299631 mse_soft=0.299461 ent_in=1.1784 ent_out=0.5213 rowmax_in=0.5111 rowmax_out=0.7990 discrete_mse=506.461487 best_discrete=30.802599 hash=False elapsed=21.9s
step   275/700 tau=0.2355 loss=0.296834 mse_soft=0.296673 ent_in=1.1314 ent_out=0.4782 rowmax_in=0.5206 rowmax_out=0.8130 discrete_mse=429.321991 best_discrete=30.802599 hash=False elapsed=24.0s
step   300/700 tau=0.2064 loss=0.295700 mse_soft=0.295546 ent_in=1.1024 ent_out=0.4383 rowmax_in=0.5227 rowmax_out=0.8265 discrete_mse=194.651291 best_discrete=30.802599 hash=False elapsed=26.0s
step   325/700 tau=0.1809 loss=0.296216 mse_soft=0.296066 ent_in=1.0775 ent_out=0.4276 rowmax_in=0.5272 rowmax_out=0.8279 discrete_mse=794.508362 best_discrete=30.802599 hash=False elapsed=28.4s
step   350/700 tau=0.1585 loss=0.290970 mse_soft=0.290822 ent_in=1.0621 ent_out=0.4164 rowmax_in=0.5288 rowmax_out=0.8301 discrete_mse=133.406448 best_discrete=30.802599 hash=False elapsed=30.9s
step   375/700 tau=0.1389 loss=0.291099 mse_soft=0.290953 ent_in=1.0505 ent_out=0.4056 rowmax_in=0.5320 rowmax_out=0.8337 discrete_mse=244.035751 best_discrete=30.802599 hash=False elapsed=33.0s
step   400/700 tau=0.1218 loss=0.294913 mse_soft=0.294769 ent_in=1.0433 ent_out=0.3958 rowmax_in=0.5336 rowmax_out=0.8354 discrete_mse=121.892319 best_discrete=30.802599 hash=False elapsed=35.2s
step   425/700 tau=0.1067 loss=0.290669 mse_soft=0.290526 ent_in=1.0377 ent_out=0.3867 rowmax_in=0.5367 rowmax_out=0.8380 discrete_mse=457.818878 best_discrete=30.802599 hash=False elapsed=37.4s
step   450/700 tau=0.0935 loss=0.293342 mse_soft=0.293201 ent_in=1.0357 ent_out=0.3800 rowmax_in=0.5373 rowmax_out=0.8406 discrete_mse=457.818878 best_discrete=30.802599 hash=False elapsed=39.5s
step   475/700 tau=0.0820 loss=0.315256 mse_soft=0.315116 ent_in=1.0326 ent_out=0.3727 rowmax_in=0.5354 rowmax_out=0.8432 discrete_mse=121.892319 best_discrete=30.802599 hash=False elapsed=41.7s
step   500/700 tau=0.0718 loss=0.294015 mse_soft=0.293875 ent_in=1.0316 ent_out=0.3670 rowmax_in=0.5355 rowmax_out=0.8430 discrete_mse=324.855499 best_discrete=30.802599 hash=False elapsed=43.9s
step   525/700 tau=0.0630 loss=0.293884 mse_soft=0.293746 ent_in=1.0199 ent_out=0.3647 rowmax_in=0.5399 rowmax_out=0.8404 discrete_mse=338.722778 best_discrete=30.802599 hash=False elapsed=46.4s
step   550/700 tau=0.0552 loss=0.293374 mse_soft=0.293236 ent_in=1.0125 ent_out=0.3635 rowmax_in=0.5412 rowmax_out=0.8378 discrete_mse=168.964264 best_discrete=30.802599 hash=False elapsed=48.5s
step   575/700 tau=0.0484 loss=0.298719 mse_soft=0.298583 ent_in=1.0010 ent_out=0.3627 rowmax_in=0.5458 rowmax_out=0.8398 discrete_mse=484.026581 best_discrete=30.802599 hash=False elapsed=50.7s
step   600/700 tau=0.0424 loss=0.362259 mse_soft=0.362132 ent_in=0.9463 ent_out=0.3285 rowmax_in=0.5647 rowmax_out=0.8510 discrete_mse=117.993622 best_discrete=30.802599 hash=False elapsed=52.8s
step   625/700 tau=0.0371 loss=0.311045 mse_soft=0.310929 ent_in=0.8463 ent_out=0.3179 rowmax_in=0.6050 rowmax_out=0.8518 discrete_mse=86.354736 best_discrete=30.802599 hash=False elapsed=55.0s
step   650/700 tau=0.0325 loss=0.312151 mse_soft=0.312037 ent_in=0.8406 ent_out=0.3052 rowmax_in=0.6086 rowmax_out=0.8557 discrete_mse=113.268944 best_discrete=30.802599 hash=False elapsed=57.2s
step   675/700 tau=0.0285 loss=0.324089 mse_soft=0.323973 ent_in=0.8488 ent_out=0.3105 rowmax_in=0.6037 rowmax_out=0.8482 discrete_mse=84.435226 best_discrete=30.802599 hash=False elapsed=59.4s
step   700/700 tau=0.0250 loss=0.302822 mse_soft=0.302708 ent_in=0.8238 ent_out=0.3134 rowmax_in=0.6130 rowmax_out=0.8461 discrete_mse=330.693970 best_discrete=30.802599 hash=False elapsed=61.8s

Final metrics:
  soft_mse_full=0.305546
  rowmax_in_mean=0.6094
  rowmax_out_mean=0.8483
  ent_in_mean=0.8266
  ent_out_mean=0.3134
  final_discrete_mse=160.242722
  hash_match=False
  best_discrete_mse_seen=30.802599
Saved results to overnight_b238_j4.json
