Using device: cuda
Train rows: 10000 / Full rows: 10000, steps=700, lr=0.02
step     1/700 tau=1.0000 loss=1.065756 mse_soft=1.063433 ent_in=3.8712 ent_out=3.8712 rowmax_in=0.0213 rowmax_out=0.0213 discrete_mse=118.574120 best_discrete=118.574120 hash=False elapsed=0.5s
step    25/700 tau=0.8866 loss=0.935681 mse_soft=0.933429 ent_in=3.7420 ent_out=3.7630 rowmax_in=0.0373 rowmax_out=0.0362 discrete_mse=147.906372 best_discrete=118.574120 hash=False elapsed=2.4s
step    50/700 tau=0.7821 loss=0.713479 mse_soft=0.711444 ent_in=3.3596 ent_out=3.4247 rowmax_in=0.0699 rowmax_out=0.0663 discrete_mse=2287.804688 best_discrete=118.574120 hash=False elapsed=4.5s
step    75/700 tau=0.6899 loss=0.590631 mse_soft=0.588830 ent_in=2.9445 ent_out=3.0582 rowmax_in=0.1305 rowmax_out=0.1208 discrete_mse=1339.761108 best_discrete=118.574120 hash=False elapsed=6.6s
step   100/700 tau=0.6086 loss=0.477579 mse_soft=0.476117 ent_in=2.4436 ent_out=2.4317 rowmax_in=0.2360 rowmax_out=0.2462 discrete_mse=2174.067627 best_discrete=118.574120 hash=False elapsed=8.6s
step   125/700 tau=0.5368 loss=0.391542 mse_soft=0.390456 ent_in=1.9404 ent_out=1.6800 rowmax_in=0.3656 rowmax_out=0.4600 discrete_mse=206.699677 best_discrete=118.574120 hash=False elapsed=10.7s
step   150/700 tau=0.4736 loss=0.343685 mse_soft=0.342837 ent_in=1.6284 ent_out=1.1978 rowmax_in=0.4281 rowmax_out=0.5886 discrete_mse=2950.729492 best_discrete=118.574120 hash=False elapsed=12.8s
step   175/700 tau=0.4177 loss=0.320446 mse_soft=0.319756 ent_in=1.4178 ent_out=0.8824 rowmax_in=0.4673 rowmax_out=0.6874 discrete_mse=68.482521 best_discrete=68.482521 hash=False elapsed=14.9s
step   200/700 tau=0.3685 loss=0.310560 mse_soft=0.309947 ent_in=1.3227 ent_out=0.7230 rowmax_in=0.4839 rowmax_out=0.7269 discrete_mse=500.557800 best_discrete=68.482521 hash=False elapsed=17.0s
step   225/700 tau=0.3251 loss=0.303674 mse_soft=0.303108 ent_in=1.2705 ent_out=0.6168 rowmax_in=0.4873 rowmax_out=0.7570 discrete_mse=340.511292 best_discrete=68.482521 hash=False elapsed=19.3s
step   250/700 tau=0.2868 loss=0.299132 mse_soft=0.298594 ent_in=1.2500 ent_out=0.5440 rowmax_in=0.4865 rowmax_out=0.7725 discrete_mse=342.097321 best_discrete=68.482521 hash=False elapsed=21.5s
step   275/700 tau=0.2530 loss=0.296669 mse_soft=0.296164 ent_in=1.2255 ent_out=0.4595 rowmax_in=0.4865 rowmax_out=0.8028 discrete_mse=532.918823 best_discrete=68.482521 hash=False elapsed=23.7s
step   300/700 tau=0.2231 loss=0.292335 mse_soft=0.291854 ent_in=1.1992 ent_out=0.4050 rowmax_in=0.4903 rowmax_out=0.8201 discrete_mse=538.774109 best_discrete=68.482521 hash=False elapsed=25.9s
step   325/700 tau=0.1968 loss=0.289213 mse_soft=0.288747 ent_in=1.1795 ent_out=0.3714 rowmax_in=0.4945 rowmax_out=0.8302 discrete_mse=538.774109 best_discrete=68.482521 hash=False elapsed=28.1s
step   350/700 tau=0.1736 loss=0.290638 mse_soft=0.290183 ent_in=1.1680 ent_out=0.3477 rowmax_in=0.4994 rowmax_out=0.8353 discrete_mse=144.900253 best_discrete=68.482521 hash=False elapsed=30.4s
step   375/700 tau=0.1532 loss=0.289819 mse_soft=0.289377 ent_in=1.1503 ent_out=0.3240 rowmax_in=0.5048 rowmax_out=0.8427 discrete_mse=101.044838 best_discrete=68.482521 hash=False elapsed=32.5s
step   400/700 tau=0.1351 loss=0.290008 mse_soft=0.289571 ent_in=1.1427 ent_out=0.3123 rowmax_in=0.5061 rowmax_out=0.8472 discrete_mse=120.763000 best_discrete=68.482521 hash=False elapsed=34.8s
step   425/700 tau=0.1192 loss=0.291446 mse_soft=0.291011 ent_in=1.1397 ent_out=0.3085 rowmax_in=0.5054 rowmax_out=0.8474 discrete_mse=101.044838 best_discrete=68.482521 hash=False elapsed=37.3s
step   450/700 tau=0.1051 loss=0.291781 mse_soft=0.291348 ent_in=1.1366 ent_out=0.3047 rowmax_in=0.5080 rowmax_out=0.8490 discrete_mse=101.044838 best_discrete=68.482521 hash=False elapsed=39.5s
step   475/700 tau=0.0928 loss=0.287476 mse_soft=0.287044 ent_in=1.1381 ent_out=0.3030 rowmax_in=0.5050 rowmax_out=0.8480 discrete_mse=101.044838 best_discrete=68.482521 hash=False elapsed=41.8s
step   500/700 tau=0.0818 loss=0.288324 mse_soft=0.287891 ent_in=1.1393 ent_out=0.3021 rowmax_in=0.5047 rowmax_out=0.8476 discrete_mse=438.793579 best_discrete=68.482521 hash=False elapsed=44.2s
step   525/700 tau=0.0722 loss=0.358997 mse_soft=0.358570 ent_in=1.1246 ent_out=0.2989 rowmax_in=0.5090 rowmax_out=0.8507 discrete_mse=314.332581 best_discrete=68.482521 hash=False elapsed=46.6s
step   550/700 tau=0.0637 loss=0.317540 mse_soft=0.317141 ent_in=1.0588 ent_out=0.2721 rowmax_in=0.5313 rowmax_out=0.8607 discrete_mse=168.006378 best_discrete=68.482521 hash=False elapsed=48.9s
step   575/700 tau=0.0562 loss=0.294420 mse_soft=0.294020 ent_in=1.0480 ent_out=0.2848 rowmax_in=0.5243 rowmax_out=0.8455 discrete_mse=299.177734 best_discrete=68.482521 hash=False elapsed=51.2s
step   600/700 tau=0.0495 loss=0.290641 mse_soft=0.290244 ent_in=1.0397 ent_out=0.2843 rowmax_in=0.5271 rowmax_out=0.8468 discrete_mse=566.950012 best_discrete=68.482521 hash=False elapsed=53.5s
step   625/700 tau=0.0437 loss=0.306077 mse_soft=0.305680 ent_in=1.0260 ent_out=0.2960 rowmax_in=0.5306 rowmax_out=0.8434 discrete_mse=308.200348 best_discrete=68.482521 hash=False elapsed=55.6s
step   650/700 tau=0.0386 loss=0.390503 mse_soft=0.390207 ent_in=0.7179 ent_out=0.2691 rowmax_in=0.6647 rowmax_out=0.8678 discrete_mse=125.803612 best_discrete=68.482521 hash=False elapsed=57.8s
step   675/700 tau=0.0340 loss=0.376234 mse_soft=0.375982 ent_in=0.5829 ent_out=0.2569 rowmax_in=0.7106 rowmax_out=0.8621 discrete_mse=44.593700 best_discrete=44.593700 hash=False elapsed=59.9s
step   700/700 tau=0.0300 loss=0.342734 mse_soft=0.342471 ent_in=0.6207 ent_out=0.2562 rowmax_in=0.6776 rowmax_out=0.8564 discrete_mse=707.191162 best_discrete=44.593700 hash=False elapsed=62.0s

Final metrics:
  soft_mse_full=0.343097
  rowmax_in_mean=0.6776
  rowmax_out_mean=0.8579
  ent_in_mean=0.6224
  ent_out_mean=0.2560
  final_discrete_mse=707.191162
  hash_match=False
  best_discrete_mse_seen=44.593700
Saved results to overnight_b191_j3.json
