Using device: cuda
Train rows: 4096 / Full rows: 10000, steps=900, lr=0.03
step     1/900 tau=1.0000 loss=1.070153 mse_soft=1.067830 ent_in=3.8712 ent_out=3.8712 rowmax_in=0.0213 rowmax_out=0.0213 discrete_mse=36.381702 best_discrete=36.381702 hash=False elapsed=0.5s
step    25/900 tau=0.9106 loss=0.854074 mse_soft=0.851884 ent_in=3.6328 ent_out=3.6683 rowmax_in=0.0453 rowmax_out=0.0439 discrete_mse=4953.708984 best_discrete=36.381702 hash=False elapsed=2.8s
step    50/900 tau=0.8260 loss=0.632758 mse_soft=0.630847 ent_in=3.1373 ent_out=3.2318 rowmax_in=0.0928 rowmax_out=0.0866 discrete_mse=3023.850830 best_discrete=36.381702 hash=False elapsed=5.0s
step    75/900 tau=0.7493 loss=0.504706 mse_soft=0.503104 ent_in=2.6327 ent_out=2.7070 rowmax_in=0.1988 rowmax_out=0.1989 discrete_mse=3526.565430 best_discrete=36.381702 hash=False elapsed=7.1s
step   100/900 tau=0.6797 loss=0.400021 mse_soft=0.398842 ent_in=2.0288 ent_out=1.8986 rowmax_in=0.3440 rowmax_out=0.4229 discrete_mse=629.990601 best_discrete=36.381702 hash=False elapsed=9.2s
step   125/900 tau=0.6165 loss=0.341197 mse_soft=0.340321 ent_in=1.6371 ent_out=1.2853 rowmax_in=0.4313 rowmax_out=0.5800 discrete_mse=57.355335 best_discrete=36.381702 hash=False elapsed=11.3s
step   150/900 tau=0.5592 loss=0.309884 mse_soft=0.309221 ent_in=1.3790 ent_out=0.8297 rowmax_in=0.4708 rowmax_out=0.7403 discrete_mse=356.244080 best_discrete=36.381702 hash=False elapsed=13.4s
step   175/900 tau=0.5073 loss=0.290561 mse_soft=0.290040 ent_in=1.2132 ent_out=0.5268 rowmax_in=0.5198 rowmax_out=0.8332 discrete_mse=793.628540 best_discrete=36.381702 hash=False elapsed=15.6s
step   200/900 tau=0.4602 loss=0.282225 mse_soft=0.281766 ent_in=1.1563 ent_out=0.3755 rowmax_in=0.5310 rowmax_out=0.8752 discrete_mse=608.183655 best_discrete=36.381702 hash=False elapsed=17.9s
step   225/900 tau=0.4174 loss=0.277966 mse_soft=0.277531 ent_in=1.1117 ent_out=0.3357 rowmax_in=0.5409 rowmax_out=0.8824 discrete_mse=608.183655 best_discrete=36.381702 hash=False elapsed=20.0s
step   250/900 tau=0.3786 loss=0.275264 mse_soft=0.274843 ent_in=1.0904 ent_out=0.3127 rowmax_in=0.5440 rowmax_out=0.8833 discrete_mse=591.418701 best_discrete=36.381702 hash=False elapsed=22.3s
step   275/900 tau=0.3434 loss=0.272589 mse_soft=0.272180 ent_in=1.0704 ent_out=0.2909 rowmax_in=0.5490 rowmax_out=0.8894 discrete_mse=261.352417 best_discrete=36.381702 hash=False elapsed=24.5s
step   300/900 tau=0.3115 loss=0.271361 mse_soft=0.270967 ent_in=1.0488 ent_out=0.2668 rowmax_in=0.5535 rowmax_out=0.8969 discrete_mse=246.449188 best_discrete=36.381702 hash=False elapsed=26.8s
step   325/900 tau=0.2826 loss=0.270150 mse_soft=0.269761 ent_in=1.0362 ent_out=0.2606 rowmax_in=0.5555 rowmax_out=0.8968 discrete_mse=168.925339 best_discrete=36.381702 hash=False elapsed=29.0s
step   350/900 tau=0.2563 loss=0.272144 mse_soft=0.271757 ent_in=1.0325 ent_out=0.2596 rowmax_in=0.5549 rowmax_out=0.8951 discrete_mse=168.925339 best_discrete=36.381702 hash=False elapsed=31.1s
step   375/900 tau=0.2325 loss=0.271766 mse_soft=0.271380 ent_in=1.0257 ent_out=0.2591 rowmax_in=0.5578 rowmax_out=0.8945 discrete_mse=168.925339 best_discrete=36.381702 hash=False elapsed=33.2s
step   400/900 tau=0.2109 loss=0.273756 mse_soft=0.273368 ent_in=1.0290 ent_out=0.2628 rowmax_in=0.5558 rowmax_out=0.8912 discrete_mse=168.925339 best_discrete=36.381702 hash=False elapsed=35.2s
step   425/900 tau=0.1913 loss=0.272185 mse_soft=0.271801 ent_in=1.0197 ent_out=0.2607 rowmax_in=0.5610 rowmax_out=0.8924 discrete_mse=168.925339 best_discrete=36.381702 hash=False elapsed=37.4s
step   450/900 tau=0.1735 loss=0.272383 mse_soft=0.271998 ent_in=1.0215 ent_out=0.2625 rowmax_in=0.5576 rowmax_out=0.8904 discrete_mse=168.925339 best_discrete=36.381702 hash=False elapsed=39.4s
step   475/900 tau=0.1574 loss=0.270665 mse_soft=0.270281 ent_in=1.0198 ent_out=0.2601 rowmax_in=0.5586 rowmax_out=0.8907 discrete_mse=203.829987 best_discrete=36.381702 hash=False elapsed=41.6s
step   500/900 tau=0.1428 loss=0.277057 mse_soft=0.276675 ent_in=1.0163 ent_out=0.2576 rowmax_in=0.5588 rowmax_out=0.8917 discrete_mse=168.925339 best_discrete=36.381702 hash=False elapsed=43.7s
step   525/900 tau=0.1295 loss=0.275044 mse_soft=0.274660 ent_in=1.0177 ent_out=0.2619 rowmax_in=0.5620 rowmax_out=0.8881 discrete_mse=168.925339 best_discrete=36.381702 hash=False elapsed=45.7s
step   550/900 tau=0.1175 loss=0.269465 mse_soft=0.269081 ent_in=1.0128 ent_out=0.2667 rowmax_in=0.5628 rowmax_out=0.8832 discrete_mse=168.925339 best_discrete=36.381702 hash=False elapsed=48.0s
step   575/900 tau=0.1066 loss=0.272556 mse_soft=0.272176 ent_in=1.0041 ent_out=0.2628 rowmax_in=0.5681 rowmax_out=0.8852 discrete_mse=168.925339 best_discrete=36.381702 hash=False elapsed=50.0s
step   600/900 tau=0.0967 loss=0.296423 mse_soft=0.296048 ent_in=0.9833 ent_out=0.2645 rowmax_in=0.5776 rowmax_out=0.8792 discrete_mse=157.333267 best_discrete=36.381702 hash=False elapsed=52.1s
step   625/900 tau=0.0877 loss=0.278816 mse_soft=0.278449 ent_in=0.9670 ent_out=0.2576 rowmax_in=0.5731 rowmax_out=0.8800 discrete_mse=72.446564 best_discrete=36.381702 hash=False elapsed=54.2s
step   650/900 tau=0.0795 loss=0.276949 mse_soft=0.276582 ent_in=0.9618 ent_out=0.2626 rowmax_in=0.5775 rowmax_out=0.8736 discrete_mse=184.128738 best_discrete=36.381702 hash=False elapsed=56.5s
step   675/900 tau=0.0722 loss=0.277984 mse_soft=0.277615 ent_in=0.9726 ent_out=0.2568 rowmax_in=0.5725 rowmax_out=0.8767 discrete_mse=161.075592 best_discrete=36.381702 hash=False elapsed=58.5s
step   700/900 tau=0.0655 loss=0.298727 mse_soft=0.298382 ent_in=0.8986 ent_out=0.2497 rowmax_in=0.5947 rowmax_out=0.8829 discrete_mse=208.070602 best_discrete=36.381702 hash=False elapsed=60.7s
step   725/900 tau=0.0594 loss=0.327982 mse_soft=0.327674 ent_in=0.7887 ent_out=0.2375 rowmax_in=0.6339 rowmax_out=0.8772 discrete_mse=346.757080 best_discrete=36.381702 hash=False elapsed=62.7s
step   750/900 tau=0.0539 loss=0.320927 mse_soft=0.320634 ent_in=0.7421 ent_out=0.2354 rowmax_in=0.6307 rowmax_out=0.8765 discrete_mse=115.602600 best_discrete=36.381702 hash=False elapsed=64.8s
step   775/900 tau=0.0489 loss=0.363323 mse_soft=0.363099 ent_in=0.5400 ent_out=0.2076 rowmax_in=0.7271 rowmax_out=0.8852 discrete_mse=80.613289 best_discrete=36.381702 hash=False elapsed=66.8s
step   800/900 tau=0.0443 loss=0.331189 mse_soft=0.330958 ent_in=0.5699 ent_out=0.1998 rowmax_in=0.6954 rowmax_out=0.8956 discrete_mse=117.660271 best_discrete=36.381702 hash=False elapsed=69.1s
step   825/900 tau=0.0402 loss=0.362263 mse_soft=0.362061 ent_in=0.4824 ent_out=0.1925 rowmax_in=0.7379 rowmax_out=0.9003 discrete_mse=57.795910 best_discrete=36.381702 hash=False elapsed=71.3s
step   850/900 tau=0.0365 loss=0.347604 mse_soft=0.347412 ent_in=0.4761 ent_out=0.1632 rowmax_in=0.7464 rowmax_out=0.9125 discrete_mse=77.455414 best_discrete=36.381702 hash=False elapsed=73.5s
step   875/900 tau=0.0331 loss=0.342008 mse_soft=0.341812 ent_in=0.4857 ent_out=0.1659 rowmax_in=0.7441 rowmax_out=0.9104 discrete_mse=198.376740 best_discrete=36.381702 hash=False elapsed=76.0s
step   900/900 tau=0.0300 loss=0.364553 mse_soft=0.364366 ent_in=0.4396 ent_out=0.1811 rowmax_in=0.7612 rowmax_out=0.8904 discrete_mse=79.163200 best_discrete=36.381702 hash=False elapsed=78.0s

Final metrics:
  soft_mse_full=0.376236
  rowmax_in_mean=0.7595
  rowmax_out_mean=0.8898
  ent_in_mean=0.4430
  ent_out_mean=0.1813
  final_discrete_mse=74.832924
  hash_match=False
  best_discrete_mse_seen=36.381702
Saved results to overnight_b053_j1.json
