Using device: cuda
Train rows: 10000 / Full rows: 10000, steps=700, lr=0.015
step     1/700 tau=1.0000 loss=1.064203 mse_soft=1.063429 ent_in=3.8712 ent_out=3.8712 rowmax_in=0.0213 rowmax_out=0.0213 discrete_mse=157.883743 best_discrete=157.883743 hash=False elapsed=0.5s
step    25/700 tau=0.8810 loss=0.972083 mse_soft=0.971323 ent_in=3.7934 ent_out=3.8054 rowmax_in=0.0329 rowmax_out=0.0323 discrete_mse=2537.134521 best_discrete=157.883743 hash=False elapsed=2.5s
step    50/700 tau=0.7721 loss=0.785786 mse_soft=0.785077 ent_in=3.5168 ent_out=3.5667 rowmax_in=0.0560 rowmax_out=0.0544 discrete_mse=16981.736328 best_discrete=157.883743 hash=False elapsed=4.5s
step    75/700 tau=0.6767 loss=0.642170 mse_soft=0.641533 ent_in=3.1350 ent_out=3.2285 rowmax_in=0.0946 rowmax_out=0.0912 discrete_mse=4840.964844 best_discrete=157.883743 hash=False elapsed=6.5s
step   100/700 tau=0.5931 loss=0.528754 mse_soft=0.528202 ent_in=2.7048 ent_out=2.8101 rowmax_in=0.1805 rowmax_out=0.1689 discrete_mse=164.810867 best_discrete=157.883743 hash=False elapsed=8.6s
step   125/700 tau=0.5198 loss=0.426634 mse_soft=0.426207 ent_in=2.1463 ent_out=2.1317 rowmax_in=0.3194 rowmax_out=0.3249 discrete_mse=1412.483398 best_discrete=157.883743 hash=False elapsed=10.7s
step   150/700 tau=0.4555 loss=0.361386 mse_soft=0.361064 ent_in=1.7114 ent_out=1.5161 rowmax_in=0.4208 rowmax_out=0.4890 discrete_mse=26.386486 best_discrete=26.386486 hash=False elapsed=12.8s
step   175/700 tau=0.3992 loss=0.330401 mse_soft=0.330140 ent_in=1.4730 ent_out=1.1280 rowmax_in=0.4626 rowmax_out=0.6106 discrete_mse=1400.776367 best_discrete=26.386486 hash=False elapsed=14.8s
step   200/700 tau=0.3499 loss=0.315779 mse_soft=0.315557 ent_in=1.3444 ent_out=0.8734 rowmax_in=0.4836 rowmax_out=0.6912 discrete_mse=262.332458 best_discrete=26.386486 hash=False elapsed=16.9s
step   225/700 tau=0.3066 loss=0.307933 mse_soft=0.307738 ent_in=1.2453 ent_out=0.7021 rowmax_in=0.5021 rowmax_out=0.7387 discrete_mse=209.281738 best_discrete=26.386486 hash=False elapsed=19.1s
step   250/700 tau=0.2687 loss=0.299132 mse_soft=0.298956 ent_in=1.1689 ent_out=0.5888 rowmax_in=0.5345 rowmax_out=0.7668 discrete_mse=125.477646 best_discrete=26.386486 hash=False elapsed=21.2s
step   275/700 tau=0.2355 loss=0.290920 mse_soft=0.290762 ent_in=1.1007 ent_out=0.4815 rowmax_in=0.5569 rowmax_out=0.7963 discrete_mse=48.942184 best_discrete=26.386486 hash=False elapsed=23.2s
step   300/700 tau=0.2064 loss=0.286950 mse_soft=0.286800 ent_in=1.0620 ent_out=0.4373 rowmax_in=0.5720 rowmax_out=0.8165 discrete_mse=38.055519 best_discrete=26.386486 hash=False elapsed=25.3s
step   325/700 tau=0.1809 loss=0.283667 mse_soft=0.283521 ent_in=1.0464 ent_out=0.4133 rowmax_in=0.5751 rowmax_out=0.8177 discrete_mse=437.611633 best_discrete=26.386486 hash=False elapsed=27.2s
step   350/700 tau=0.1585 loss=0.282686 mse_soft=0.282543 ent_in=1.0342 ent_out=0.3914 rowmax_in=0.5756 rowmax_out=0.8232 discrete_mse=437.611633 best_discrete=26.386486 hash=False elapsed=29.2s
step   375/700 tau=0.1389 loss=0.282337 mse_soft=0.282196 ent_in=1.0297 ent_out=0.3798 rowmax_in=0.5726 rowmax_out=0.8266 discrete_mse=437.611633 best_discrete=26.386486 hash=False elapsed=31.2s
step   400/700 tau=0.1218 loss=0.281003 mse_soft=0.280863 ent_in=1.0228 ent_out=0.3705 rowmax_in=0.5717 rowmax_out=0.8265 discrete_mse=437.611633 best_discrete=26.386486 hash=False elapsed=33.5s
step   425/700 tau=0.1067 loss=0.282041 mse_soft=0.281903 ent_in=1.0208 ent_out=0.3605 rowmax_in=0.5682 rowmax_out=0.8272 discrete_mse=474.405426 best_discrete=26.386486 hash=False elapsed=35.8s
step   450/700 tau=0.0935 loss=0.281636 mse_soft=0.281498 ent_in=1.0170 ent_out=0.3538 rowmax_in=0.5684 rowmax_out=0.8303 discrete_mse=459.089935 best_discrete=26.386486 hash=False elapsed=38.0s
step   475/700 tau=0.0820 loss=0.282664 mse_soft=0.282527 ent_in=1.0145 ent_out=0.3550 rowmax_in=0.5685 rowmax_out=0.8289 discrete_mse=306.216400 best_discrete=26.386486 hash=False elapsed=40.1s
step   500/700 tau=0.0718 loss=0.291937 mse_soft=0.291801 ent_in=1.0146 ent_out=0.3508 rowmax_in=0.5656 rowmax_out=0.8305 discrete_mse=858.797607 best_discrete=26.386486 hash=False elapsed=42.4s
step   525/700 tau=0.0630 loss=0.296026 mse_soft=0.295891 ent_in=0.9969 ent_out=0.3474 rowmax_in=0.5785 rowmax_out=0.8330 discrete_mse=123.563568 best_discrete=26.386486 hash=False elapsed=44.6s
step   550/700 tau=0.0552 loss=0.290357 mse_soft=0.290223 ent_in=0.9946 ent_out=0.3492 rowmax_in=0.5713 rowmax_out=0.8315 discrete_mse=117.345718 best_discrete=26.386486 hash=False elapsed=46.7s
step   575/700 tau=0.0484 loss=0.293914 mse_soft=0.293780 ent_in=0.9979 ent_out=0.3464 rowmax_in=0.5689 rowmax_out=0.8334 discrete_mse=228.558899 best_discrete=26.386486 hash=False elapsed=48.8s
step   600/700 tau=0.0424 loss=0.303879 mse_soft=0.303750 ent_in=0.9565 ent_out=0.3322 rowmax_in=0.5883 rowmax_out=0.8385 discrete_mse=209.552643 best_discrete=26.386486 hash=False elapsed=50.9s
step   625/700 tau=0.0371 loss=0.298166 mse_soft=0.298043 ent_in=0.9138 ent_out=0.3129 rowmax_in=0.5964 rowmax_out=0.8468 discrete_mse=104.915031 best_discrete=26.386486 hash=False elapsed=53.0s
step   650/700 tau=0.0325 loss=0.367126 mse_soft=0.367018 ent_in=0.7908 ent_out=0.2840 rowmax_in=0.6344 rowmax_out=0.8555 discrete_mse=123.797295 best_discrete=26.386486 hash=False elapsed=55.0s
step   675/700 tau=0.0285 loss=0.391026 mse_soft=0.390945 ent_in=0.5774 ent_out=0.2277 rowmax_in=0.7356 rowmax_out=0.8971 discrete_mse=10.393148 best_discrete=10.393148 hash=False elapsed=57.1s
step   700/700 tau=0.0250 loss=0.353576 mse_soft=0.353503 ent_in=0.5051 ent_out=0.2328 rowmax_in=0.7312 rowmax_out=0.8775 discrete_mse=11.296250 best_discrete=10.393148 hash=False elapsed=59.2s

Final metrics:
  soft_mse_full=0.350760
  rowmax_in_mean=0.7300
  rowmax_out_mean=0.8776
  ent_in_mean=0.5053
  ent_out_mean=0.2327
  final_discrete_mse=2.668652
  hash_match=False
  best_discrete_mse_seen=10.393148
Saved results to overnight_b050_j4.json
