Using device: cuda
Train rows: 10000 / Full rows: 10000, steps=700, lr=0.02
step     1/700 tau=1.0000 loss=1.065707 mse_soft=1.063385 ent_in=3.8712 ent_out=3.8712 rowmax_in=0.0213 rowmax_out=0.0213 discrete_mse=136.275040 best_discrete=136.275040 hash=False elapsed=0.5s
step    25/700 tau=0.8866 loss=0.935151 mse_soft=0.932899 ent_in=3.7420 ent_out=3.7630 rowmax_in=0.0377 rowmax_out=0.0360 discrete_mse=3252.987549 best_discrete=136.275040 hash=False elapsed=2.5s
step    50/700 tau=0.7821 loss=0.711550 mse_soft=0.709515 ent_in=3.3599 ent_out=3.4257 rowmax_in=0.0699 rowmax_out=0.0658 discrete_mse=7770.622070 best_discrete=136.275040 hash=False elapsed=4.6s
step    75/700 tau=0.6899 loss=0.585210 mse_soft=0.583414 ent_in=2.9354 ent_out=3.0535 rowmax_in=0.1306 rowmax_out=0.1225 discrete_mse=1333.532104 best_discrete=136.275040 hash=False elapsed=6.8s
step   100/700 tau=0.6086 loss=0.469635 mse_soft=0.468191 ent_in=2.4001 ent_out=2.4139 rowmax_in=0.2467 rowmax_out=0.2638 discrete_mse=227.731537 best_discrete=136.275040 hash=False elapsed=8.8s
step   125/700 tau=0.5368 loss=0.389942 mse_soft=0.388864 ent_in=1.8820 ent_out=1.7120 rowmax_in=0.3650 rowmax_out=0.4497 discrete_mse=257.882538 best_discrete=136.275040 hash=False elapsed=11.0s
step   150/700 tau=0.4736 loss=0.339680 mse_soft=0.338895 ent_in=1.5589 ent_out=1.0587 rowmax_in=0.4413 rowmax_out=0.6474 discrete_mse=286.200378 best_discrete=136.275040 hash=False elapsed=13.2s
step   175/700 tau=0.4177 loss=0.315660 mse_soft=0.315003 ent_in=1.3974 ent_out=0.7921 rowmax_in=0.4638 rowmax_out=0.6939 discrete_mse=376.334198 best_discrete=136.275040 hash=False elapsed=15.3s
step   200/700 tau=0.3685 loss=0.302936 mse_soft=0.302353 ent_in=1.2774 ent_out=0.6633 rowmax_in=0.4898 rowmax_out=0.7309 discrete_mse=328.823242 best_discrete=136.275040 hash=False elapsed=17.4s
step   225/700 tau=0.3251 loss=0.296982 mse_soft=0.296450 ent_in=1.2077 ent_out=0.5677 rowmax_in=0.5108 rowmax_out=0.7638 discrete_mse=85.582260 best_discrete=85.582260 hash=False elapsed=19.5s
step   250/700 tau=0.2868 loss=0.294045 mse_soft=0.293545 ent_in=1.1701 ent_out=0.4979 rowmax_in=0.5202 rowmax_out=0.7839 discrete_mse=104.058746 best_discrete=85.582260 hash=False elapsed=21.7s
step   275/700 tau=0.2530 loss=0.291437 mse_soft=0.290958 ent_in=1.1434 ent_out=0.4543 rowmax_in=0.5252 rowmax_out=0.7964 discrete_mse=104.058746 best_discrete=85.582260 hash=False elapsed=23.9s
step   300/700 tau=0.2231 loss=0.290220 mse_soft=0.289752 ent_in=1.1330 ent_out=0.4264 rowmax_in=0.5258 rowmax_out=0.8029 discrete_mse=89.136269 best_discrete=85.582260 hash=False elapsed=26.0s
step   325/700 tau=0.1968 loss=0.290135 mse_soft=0.289674 ent_in=1.1249 ent_out=0.4098 rowmax_in=0.5241 rowmax_out=0.8064 discrete_mse=89.136269 best_discrete=85.582260 hash=False elapsed=28.1s
step   350/700 tau=0.1736 loss=0.288951 mse_soft=0.288496 ent_in=1.1193 ent_out=0.3987 rowmax_in=0.5252 rowmax_out=0.8105 discrete_mse=81.398315 best_discrete=81.398315 hash=False elapsed=30.3s
step   375/700 tau=0.1532 loss=0.288638 mse_soft=0.288185 ent_in=1.1160 ent_out=0.3930 rowmax_in=0.5250 rowmax_out=0.8109 discrete_mse=39.340557 best_discrete=39.340557 hash=False elapsed=32.4s
step   400/700 tau=0.1351 loss=0.288823 mse_soft=0.288373 ent_in=1.1087 ent_out=0.3903 rowmax_in=0.5256 rowmax_out=0.8131 discrete_mse=39.340557 best_discrete=39.340557 hash=False elapsed=34.6s
step   425/700 tau=0.1192 loss=0.293914 mse_soft=0.293464 ent_in=1.1028 ent_out=0.3974 rowmax_in=0.5247 rowmax_out=0.8080 discrete_mse=51.036690 best_discrete=39.340557 hash=False elapsed=36.9s
step   450/700 tau=0.1051 loss=0.294775 mse_soft=0.294328 ent_in=1.1010 ent_out=0.3887 rowmax_in=0.5263 rowmax_out=0.8105 discrete_mse=93.227013 best_discrete=39.340557 hash=False elapsed=39.0s
step   475/700 tau=0.0928 loss=0.306864 mse_soft=0.306420 ent_in=1.0913 ent_out=0.3893 rowmax_in=0.5314 rowmax_out=0.8041 discrete_mse=34.759026 best_discrete=34.759026 hash=False elapsed=41.2s
step   500/700 tau=0.0818 loss=0.312591 mse_soft=0.312157 ent_in=1.0738 ent_out=0.3725 rowmax_in=0.5330 rowmax_out=0.8184 discrete_mse=93.427597 best_discrete=34.759026 hash=False elapsed=43.4s
step   525/700 tau=0.0722 loss=0.288713 mse_soft=0.288277 ent_in=1.0721 ent_out=0.3796 rowmax_in=0.5372 rowmax_out=0.8108 discrete_mse=45.493580 best_discrete=34.759026 hash=False elapsed=45.4s
step   550/700 tau=0.0637 loss=0.305552 mse_soft=0.305124 ent_in=1.0488 ent_out=0.3777 rowmax_in=0.5436 rowmax_out=0.8102 discrete_mse=24.416843 best_discrete=24.416843 hash=False elapsed=47.4s
step   575/700 tau=0.0562 loss=0.343539 mse_soft=0.343143 ent_in=0.9813 ent_out=0.3404 rowmax_in=0.5752 rowmax_out=0.8155 discrete_mse=253.008942 best_discrete=24.416843 hash=False elapsed=49.5s
step   600/700 tau=0.0495 loss=0.329991 mse_soft=0.329618 ent_in=0.9284 ent_out=0.3142 rowmax_in=0.5811 rowmax_out=0.8433 discrete_mse=46.563332 best_discrete=24.416843 hash=False elapsed=51.8s
step   625/700 tau=0.0437 loss=0.308200 mse_soft=0.307835 ent_in=0.9120 ent_out=0.3038 rowmax_in=0.5954 rowmax_out=0.8470 discrete_mse=94.955414 best_discrete=24.416843 hash=False elapsed=54.1s
step   650/700 tau=0.0386 loss=0.309140 mse_soft=0.308776 ent_in=0.9151 ent_out=0.2969 rowmax_in=0.5917 rowmax_out=0.8539 discrete_mse=80.786446 best_discrete=24.416843 hash=False elapsed=56.2s
step   675/700 tau=0.0340 loss=0.435525 mse_soft=0.435254 ent_in=0.6789 ent_out=0.2224 rowmax_in=0.6983 rowmax_out=0.8933 discrete_mse=59.257473 best_discrete=24.416843 hash=False elapsed=58.4s
step   700/700 tau=0.0300 loss=0.360834 mse_soft=0.360607 ent_in=0.5775 ent_out=0.1805 rowmax_in=0.7183 rowmax_out=0.9088 discrete_mse=107.224472 best_discrete=24.416843 hash=False elapsed=60.4s

Final metrics:
  soft_mse_full=0.361749
  rowmax_in_mean=0.7150
  rowmax_out_mean=0.9081
  ent_in_mean=0.5772
  ent_out_mean=0.1819
  final_discrete_mse=46.062580
  hash_match=False
  best_discrete_mse_seen=24.416843
Saved results to overnight_b091_j3.json
