Using device: cuda
Train rows: 4096 / Full rows: 10000, steps=900, lr=0.03
step     1/900 tau=1.0000 loss=1.084283 mse_soft=1.081960 ent_in=3.8712 ent_out=3.8712 rowmax_in=0.0213 rowmax_out=0.0213 discrete_mse=190.772858 best_discrete=190.772858 hash=False elapsed=0.6s
step    25/900 tau=0.9106 loss=0.875102 mse_soft=0.872911 ent_in=3.6337 ent_out=3.6664 rowmax_in=0.0455 rowmax_out=0.0448 discrete_mse=426.295044 best_discrete=190.772858 hash=False elapsed=2.8s
step    50/900 tau=0.8260 loss=0.653045 mse_soft=0.651137 ent_in=3.1318 ent_out=3.2281 rowmax_in=0.0920 rowmax_out=0.0883 discrete_mse=1293.475098 best_discrete=190.772858 hash=False elapsed=5.2s
step    75/900 tau=0.7493 loss=0.511156 mse_soft=0.509568 ent_in=2.6136 ent_out=2.6797 rowmax_in=0.2042 rowmax_out=0.1985 discrete_mse=1189.864136 best_discrete=190.772858 hash=False elapsed=7.4s
step   100/900 tau=0.6797 loss=0.410329 mse_soft=0.409137 ent_in=2.0574 ent_out=1.9152 rowmax_in=0.3419 rowmax_out=0.3854 discrete_mse=383.883057 best_discrete=190.772858 hash=False elapsed=9.6s
step   125/900 tau=0.6165 loss=0.348827 mse_soft=0.347946 ent_in=1.6377 ent_out=1.2994 rowmax_in=0.4234 rowmax_out=0.5643 discrete_mse=1165.856812 best_discrete=190.772858 hash=False elapsed=11.7s
step   150/900 tau=0.5592 loss=0.322283 mse_soft=0.321552 ent_in=1.4783 ent_out=0.9603 rowmax_in=0.4473 rowmax_out=0.6629 discrete_mse=1377.636841 best_discrete=190.772858 hash=False elapsed=13.8s
step   175/900 tau=0.5073 loss=0.307149 mse_soft=0.306510 ent_in=1.3670 ent_out=0.7627 rowmax_in=0.4734 rowmax_out=0.7209 discrete_mse=1742.745972 best_discrete=190.772858 hash=False elapsed=15.9s
step   200/900 tau=0.4602 loss=0.296872 mse_soft=0.296294 ent_in=1.3000 ent_out=0.6264 rowmax_in=0.4867 rowmax_out=0.7529 discrete_mse=1151.804321 best_discrete=190.772858 hash=False elapsed=17.9s
step   225/900 tau=0.4174 loss=0.291229 mse_soft=0.290689 ent_in=1.2592 ent_out=0.5415 rowmax_in=0.4916 rowmax_out=0.7728 discrete_mse=929.223572 best_discrete=190.772858 hash=False elapsed=20.1s
step   250/900 tau=0.3786 loss=0.286003 mse_soft=0.285486 ent_in=1.2217 ent_out=0.4994 rowmax_in=0.4950 rowmax_out=0.7854 discrete_mse=929.223572 best_discrete=190.772858 hash=False elapsed=22.3s
step   275/900 tau=0.3434 loss=0.285087 mse_soft=0.284586 ent_in=1.1950 ent_out=0.4758 rowmax_in=0.5024 rowmax_out=0.7873 discrete_mse=1381.708130 best_discrete=190.772858 hash=False elapsed=24.5s
step   300/900 tau=0.3115 loss=0.281118 mse_soft=0.280626 ent_in=1.1789 ent_out=0.4604 rowmax_in=0.5039 rowmax_out=0.7892 discrete_mse=1292.031616 best_discrete=190.772858 hash=False elapsed=26.7s
step   325/900 tau=0.2826 loss=0.282719 mse_soft=0.282239 ent_in=1.1633 ent_out=0.4357 rowmax_in=0.5081 rowmax_out=0.7984 discrete_mse=732.861816 best_discrete=190.772858 hash=False elapsed=29.1s
step   350/900 tau=0.2563 loss=0.276953 mse_soft=0.276485 ent_in=1.1454 ent_out=0.4131 rowmax_in=0.5122 rowmax_out=0.8042 discrete_mse=732.861816 best_discrete=190.772858 hash=False elapsed=31.4s
step   375/900 tau=0.2325 loss=0.278053 mse_soft=0.277592 ent_in=1.1327 ent_out=0.4062 rowmax_in=0.5149 rowmax_out=0.8056 discrete_mse=1788.551514 best_discrete=190.772858 hash=False elapsed=33.8s
step   400/900 tau=0.2109 loss=0.274658 mse_soft=0.274199 ent_in=1.1233 ent_out=0.4049 rowmax_in=0.5172 rowmax_out=0.8033 discrete_mse=1556.282715 best_discrete=190.772858 hash=False elapsed=36.1s
step   425/900 tau=0.1913 loss=0.275147 mse_soft=0.274691 ent_in=1.1154 ent_out=0.4043 rowmax_in=0.5209 rowmax_out=0.8036 discrete_mse=1788.551514 best_discrete=190.772858 hash=False elapsed=38.5s
step   450/900 tau=0.1735 loss=0.278028 mse_soft=0.277576 ent_in=1.1038 ent_out=0.4051 rowmax_in=0.5247 rowmax_out=0.8070 discrete_mse=1325.835327 best_discrete=190.772858 hash=False elapsed=40.6s
step   475/900 tau=0.1574 loss=0.276780 mse_soft=0.276327 ent_in=1.1018 ent_out=0.4064 rowmax_in=0.5237 rowmax_out=0.8046 discrete_mse=1325.835327 best_discrete=190.772858 hash=False elapsed=42.9s
step   500/900 tau=0.1428 loss=0.273952 mse_soft=0.273500 ent_in=1.0989 ent_out=0.4067 rowmax_in=0.5235 rowmax_out=0.8050 discrete_mse=1325.835327 best_discrete=190.772858 hash=False elapsed=45.1s
step   525/900 tau=0.1295 loss=0.280077 mse_soft=0.279628 ent_in=1.0904 ent_out=0.4069 rowmax_in=0.5244 rowmax_out=0.8063 discrete_mse=1325.835327 best_discrete=190.772858 hash=False elapsed=47.4s
step   550/900 tau=0.1175 loss=0.284273 mse_soft=0.283826 ent_in=1.0777 ent_out=0.4129 rowmax_in=0.5281 rowmax_out=0.8008 discrete_mse=1788.551514 best_discrete=190.772858 hash=False elapsed=49.8s
step   575/900 tau=0.1066 loss=0.300608 mse_soft=0.300166 ent_in=1.0633 ent_out=0.4104 rowmax_in=0.5344 rowmax_out=0.8046 discrete_mse=1788.551514 best_discrete=190.772858 hash=False elapsed=52.2s
step   600/900 tau=0.0967 loss=0.280916 mse_soft=0.280479 ent_in=1.0516 ent_out=0.4067 rowmax_in=0.5375 rowmax_out=0.8047 discrete_mse=1749.694702 best_discrete=190.772858 hash=False elapsed=54.7s
step   625/900 tau=0.0877 loss=0.279778 mse_soft=0.279347 ent_in=1.0454 ent_out=0.3902 rowmax_in=0.5383 rowmax_out=0.8104 discrete_mse=1283.799194 best_discrete=190.772858 hash=False elapsed=57.0s
step   650/900 tau=0.0795 loss=0.286156 mse_soft=0.285733 ent_in=1.0349 ent_out=0.3759 rowmax_in=0.5441 rowmax_out=0.8156 discrete_mse=545.382263 best_discrete=190.772858 hash=False elapsed=59.4s
step   675/900 tau=0.0722 loss=0.288963 mse_soft=0.288545 ent_in=1.0230 ent_out=0.3692 rowmax_in=0.5454 rowmax_out=0.8179 discrete_mse=950.297485 best_discrete=190.772858 hash=False elapsed=61.6s
step   700/900 tau=0.0655 loss=0.281298 mse_soft=0.280886 ent_in=1.0032 ent_out=0.3684 rowmax_in=0.5490 rowmax_out=0.8185 discrete_mse=1034.325806 best_discrete=190.772858 hash=False elapsed=64.1s
step   725/900 tau=0.0594 loss=0.461404 mse_soft=0.461048 ent_in=0.8740 ent_out=0.3119 rowmax_in=0.5888 rowmax_out=0.8536 discrete_mse=38.001720 best_discrete=38.001720 hash=False elapsed=66.3s
step   750/900 tau=0.0539 loss=0.362665 mse_soft=0.362391 ent_in=0.6219 ent_out=0.2919 rowmax_in=0.6876 rowmax_out=0.8398 discrete_mse=0.831469 best_discrete=0.831469 hash=False elapsed=68.5s
step   775/900 tau=0.0489 loss=0.335975 mse_soft=0.335701 ent_in=0.6419 ent_out=0.2696 rowmax_in=0.6842 rowmax_out=0.8513 discrete_mse=64.066582 best_discrete=0.831469 hash=False elapsed=70.8s
step   800/900 tau=0.0443 loss=0.327113 mse_soft=0.326835 ent_in=0.6557 ent_out=0.2704 rowmax_in=0.6628 rowmax_out=0.8518 discrete_mse=53.552910 best_discrete=0.831469 hash=False elapsed=73.1s
step   825/900 tau=0.0402 loss=0.352651 mse_soft=0.352403 ent_in=0.5765 ent_out=0.2506 rowmax_in=0.6950 rowmax_out=0.8611 discrete_mse=187.202347 best_discrete=0.831469 hash=False elapsed=75.4s
step   850/900 tau=0.0365 loss=0.372135 mse_soft=0.371910 ent_in=0.5108 ent_out=0.2387 rowmax_in=0.7404 rowmax_out=0.8662 discrete_mse=21.618017 best_discrete=0.831469 hash=False elapsed=77.4s
step   875/900 tau=0.0331 loss=0.340103 mse_soft=0.339865 ent_in=0.5451 ent_out=0.2466 rowmax_in=0.7116 rowmax_out=0.8648 discrete_mse=9.732651 best_discrete=0.831469 hash=False elapsed=79.5s
step   900/900 tau=0.0300 loss=0.613936 mse_soft=0.613717 ent_in=0.5193 ent_out=0.2102 rowmax_in=0.7342 rowmax_out=0.8951 discrete_mse=7.897442 best_discrete=0.831469 hash=False elapsed=81.5s

Final metrics:
  soft_mse_full=0.506625
  rowmax_in_mean=0.7476
  rowmax_out_mean=0.9000
  ent_in_mean=0.5092
  ent_out_mean=0.2011
  final_discrete_mse=7.462842
  hash_match=False
  best_discrete_mse_seen=0.831469
Saved results to overnight_b056_j1.json
