Using device: cuda
Train rows: 10000 / Full rows: 10000, steps=700, lr=0.02
step     1/700 tau=1.0000 loss=1.065740 mse_soft=1.063417 ent_in=3.8712 ent_out=3.8712 rowmax_in=0.0213 rowmax_out=0.0213 discrete_mse=333.953186 best_discrete=333.953186 hash=False elapsed=0.6s
step    25/700 tau=0.8866 loss=0.935809 mse_soft=0.933558 ent_in=3.7424 ent_out=3.7632 rowmax_in=0.0376 rowmax_out=0.0361 discrete_mse=1096.617798 best_discrete=333.953186 hash=False elapsed=2.7s
step    50/700 tau=0.7821 loss=0.710855 mse_soft=0.708819 ent_in=3.3595 ent_out=3.4265 rowmax_in=0.0696 rowmax_out=0.0664 discrete_mse=21768.869141 best_discrete=333.953186 hash=False elapsed=5.0s
step    75/700 tau=0.6899 loss=0.585624 mse_soft=0.583823 ent_in=2.9456 ent_out=3.0585 rowmax_in=0.1307 rowmax_out=0.1196 discrete_mse=2647.979736 best_discrete=333.953186 hash=False elapsed=7.4s
step   100/700 tau=0.6086 loss=0.470932 mse_soft=0.469473 ent_in=2.4149 ent_out=2.4477 rowmax_in=0.2479 rowmax_out=0.2452 discrete_mse=174.991318 best_discrete=174.991318 hash=False elapsed=9.7s
step   125/700 tau=0.5368 loss=0.386996 mse_soft=0.385910 ent_in=1.8741 ent_out=1.7473 rowmax_in=0.3839 rowmax_out=0.4210 discrete_mse=645.401367 best_discrete=174.991318 hash=False elapsed=11.9s
step   150/700 tau=0.4736 loss=0.346119 mse_soft=0.345270 ent_in=1.5414 ent_out=1.2857 rowmax_in=0.4479 rowmax_out=0.5424 discrete_mse=2722.775635 best_discrete=174.991318 hash=False elapsed=14.2s
step   175/700 tau=0.4177 loss=0.322851 mse_soft=0.322171 ent_in=1.3548 ent_out=0.9107 rowmax_in=0.4793 rowmax_out=0.6504 discrete_mse=797.389893 best_discrete=174.991318 hash=False elapsed=16.5s
step   200/700 tau=0.3685 loss=0.312183 mse_soft=0.311589 ent_in=1.2468 ent_out=0.7330 rowmax_in=0.4975 rowmax_out=0.6937 discrete_mse=1317.530029 best_discrete=174.991318 hash=False elapsed=18.7s
step   225/700 tau=0.3251 loss=0.306392 mse_soft=0.305836 ent_in=1.1884 ent_out=0.6647 rowmax_in=0.5080 rowmax_out=0.6985 discrete_mse=1365.212280 best_discrete=174.991318 hash=False elapsed=21.0s
step   250/700 tau=0.2868 loss=0.303572 mse_soft=0.303040 ent_in=1.1534 ent_out=0.6205 rowmax_in=0.5183 rowmax_out=0.7085 discrete_mse=829.044434 best_discrete=174.991318 hash=False elapsed=23.2s
step   275/700 tau=0.2530 loss=0.299465 mse_soft=0.298954 ent_in=1.1281 ent_out=0.5762 rowmax_in=0.5280 rowmax_out=0.7264 discrete_mse=924.374695 best_discrete=174.991318 hash=False elapsed=25.4s
step   300/700 tau=0.2231 loss=0.297393 mse_soft=0.296896 ent_in=1.1201 ent_out=0.5359 rowmax_in=0.5319 rowmax_out=0.7425 discrete_mse=163.332977 best_discrete=163.332977 hash=False elapsed=27.6s
step   325/700 tau=0.1968 loss=0.295332 mse_soft=0.294849 ent_in=1.1076 ent_out=0.5022 rowmax_in=0.5348 rowmax_out=0.7567 discrete_mse=367.678986 best_discrete=163.332977 hash=False elapsed=29.8s
step   350/700 tau=0.1736 loss=0.296229 mse_soft=0.295758 ent_in=1.0990 ent_out=0.4711 rowmax_in=0.5360 rowmax_out=0.7718 discrete_mse=250.334518 best_discrete=163.332977 hash=False elapsed=32.0s
step   375/700 tau=0.1532 loss=0.292562 mse_soft=0.292101 ent_in=1.0866 ent_out=0.4498 rowmax_in=0.5395 rowmax_out=0.7794 discrete_mse=250.334518 best_discrete=163.332977 hash=False elapsed=34.2s
step   400/700 tau=0.1351 loss=0.291943 mse_soft=0.291493 ent_in=1.0666 ent_out=0.4339 rowmax_in=0.5443 rowmax_out=0.7862 discrete_mse=163.332977 best_discrete=163.332977 hash=False elapsed=36.4s
step   425/700 tau=0.1192 loss=0.290669 mse_soft=0.290226 ent_in=1.0535 ent_out=0.4207 rowmax_in=0.5485 rowmax_out=0.7887 discrete_mse=163.332977 best_discrete=163.332977 hash=False elapsed=38.6s
step   450/700 tau=0.1051 loss=0.290798 mse_soft=0.290364 ent_in=1.0400 ent_out=0.4082 rowmax_in=0.5533 rowmax_out=0.7940 discrete_mse=136.667374 best_discrete=136.667374 hash=False elapsed=40.8s
step   475/700 tau=0.0928 loss=0.291103 mse_soft=0.290672 ent_in=1.0343 ent_out=0.4021 rowmax_in=0.5548 rowmax_out=0.7963 discrete_mse=136.667374 best_discrete=136.667374 hash=False elapsed=43.1s
step   500/700 tau=0.0818 loss=0.295309 mse_soft=0.294881 ent_in=1.0279 ent_out=0.3998 rowmax_in=0.5584 rowmax_out=0.7996 discrete_mse=405.583588 best_discrete=136.667374 hash=False elapsed=45.4s
step   525/700 tau=0.0722 loss=0.301882 mse_soft=0.301456 ent_in=1.0199 ent_out=0.4011 rowmax_in=0.5624 rowmax_out=0.7954 discrete_mse=233.076752 best_discrete=136.667374 hash=False elapsed=47.6s
step   550/700 tau=0.0637 loss=0.295492 mse_soft=0.295076 ent_in=0.9899 ent_out=0.3976 rowmax_in=0.5707 rowmax_out=0.7979 discrete_mse=385.389038 best_discrete=136.667374 hash=False elapsed=50.0s
step   575/700 tau=0.0562 loss=0.320963 mse_soft=0.320577 ent_in=0.9007 ent_out=0.3848 rowmax_in=0.6102 rowmax_out=0.7962 discrete_mse=85.678421 best_discrete=85.678421 hash=False elapsed=52.3s
step   600/700 tau=0.0495 loss=0.345187 mse_soft=0.344812 ent_in=0.8931 ent_out=0.3552 rowmax_in=0.6055 rowmax_out=0.8254 discrete_mse=112.333199 best_discrete=85.678421 hash=False elapsed=54.6s
step   625/700 tau=0.0437 loss=0.313025 mse_soft=0.312668 ent_in=0.8364 ent_out=0.3541 rowmax_in=0.6215 rowmax_out=0.8145 discrete_mse=640.091614 best_discrete=85.678421 hash=False elapsed=56.8s
step   650/700 tau=0.0386 loss=0.304184 mse_soft=0.303822 ent_in=0.8569 ent_out=0.3524 rowmax_in=0.6064 rowmax_out=0.8152 discrete_mse=101.794495 best_discrete=85.678421 hash=False elapsed=59.1s
step   675/700 tau=0.0340 loss=0.311348 mse_soft=0.310996 ent_in=0.8262 ent_out=0.3487 rowmax_in=0.6109 rowmax_out=0.8226 discrete_mse=714.481812 best_discrete=85.678421 hash=False elapsed=61.4s
step   700/700 tau=0.0300 loss=0.391721 mse_soft=0.391470 ent_in=0.5826 ent_out=0.2530 rowmax_in=0.7300 rowmax_out=0.8771 discrete_mse=244.083939 best_discrete=85.678421 hash=False elapsed=63.8s

Final metrics:
  soft_mse_full=0.435081
  rowmax_in_mean=0.7206
  rowmax_out_mean=0.8691
  ent_in_mean=0.6000
  ent_out_mean=0.2625
  final_discrete_mse=293.598694
  hash_match=False
  best_discrete_mse_seen=85.678421
Saved results to overnight_b134_j3.json
