Using device: cuda
Train rows: 10000 / Full rows: 10000, steps=700, lr=0.015
step     1/700 tau=1.0000 loss=1.064241 mse_soft=1.063467 ent_in=3.8712 ent_out=3.8712 rowmax_in=0.0213 rowmax_out=0.0213 discrete_mse=48.263954 best_discrete=48.263954 hash=False elapsed=0.5s
step    25/700 tau=0.8810 loss=0.972218 mse_soft=0.971458 ent_in=3.7935 ent_out=3.8053 rowmax_in=0.0330 rowmax_out=0.0322 discrete_mse=3365.620361 best_discrete=48.263954 hash=False elapsed=2.5s
step    50/700 tau=0.7721 loss=0.786213 mse_soft=0.785505 ent_in=3.5158 ent_out=3.5652 rowmax_in=0.0561 rowmax_out=0.0551 discrete_mse=2814.733643 best_discrete=48.263954 hash=False elapsed=4.7s
step    75/700 tau=0.6767 loss=0.643908 mse_soft=0.643272 ent_in=3.1314 ent_out=3.2298 rowmax_in=0.0960 rowmax_out=0.0911 discrete_mse=6646.980469 best_discrete=48.263954 hash=False elapsed=7.0s
step   100/700 tau=0.5931 loss=0.532205 mse_soft=0.531652 ent_in=2.7028 ent_out=2.8254 rowmax_in=0.1826 rowmax_out=0.1766 discrete_mse=1119.600586 best_discrete=48.263954 hash=False elapsed=9.3s
step   125/700 tau=0.5198 loss=0.430874 mse_soft=0.430440 ent_in=2.1835 ent_out=2.1566 rowmax_in=0.3001 rowmax_out=0.3379 discrete_mse=437.713837 best_discrete=48.263954 hash=False elapsed=11.6s
step   150/700 tau=0.4555 loss=0.362727 mse_soft=0.362406 ent_in=1.7200 ent_out=1.4838 rowmax_in=0.4118 rowmax_out=0.5132 discrete_mse=33.762554 best_discrete=33.762554 hash=False elapsed=13.9s
step   175/700 tau=0.3992 loss=0.333311 mse_soft=0.333059 ent_in=1.4474 ent_out=1.0770 rowmax_in=0.4788 rowmax_out=0.6172 discrete_mse=458.869080 best_discrete=33.762554 hash=False elapsed=16.1s
step   200/700 tau=0.3499 loss=0.319043 mse_soft=0.318828 ent_in=1.2930 ent_out=0.8493 rowmax_in=0.5067 rowmax_out=0.6705 discrete_mse=680.229370 best_discrete=33.762554 hash=False elapsed=18.3s
step   225/700 tau=0.3066 loss=0.311342 mse_soft=0.311147 ent_in=1.2285 ent_out=0.7235 rowmax_in=0.5146 rowmax_out=0.6932 discrete_mse=740.769653 best_discrete=33.762554 hash=False elapsed=20.6s
step   250/700 tau=0.2687 loss=0.304839 mse_soft=0.304653 ent_in=1.1910 ent_out=0.6645 rowmax_in=0.5210 rowmax_out=0.7023 discrete_mse=225.172852 best_discrete=33.762554 hash=False elapsed=22.8s
step   275/700 tau=0.2355 loss=0.299896 mse_soft=0.299719 ent_in=1.1642 ent_out=0.6069 rowmax_in=0.5213 rowmax_out=0.7168 discrete_mse=522.584167 best_discrete=33.762554 hash=False elapsed=25.0s
step   300/700 tau=0.2064 loss=0.298219 mse_soft=0.298047 ent_in=1.1465 ent_out=0.5686 rowmax_in=0.5228 rowmax_out=0.7280 discrete_mse=328.774445 best_discrete=33.762554 hash=False elapsed=27.1s
step   325/700 tau=0.1809 loss=0.296585 mse_soft=0.296417 ent_in=1.1323 ent_out=0.5424 rowmax_in=0.5257 rowmax_out=0.7401 discrete_mse=312.728699 best_discrete=33.762554 hash=False elapsed=29.2s
step   350/700 tau=0.1585 loss=0.294746 mse_soft=0.294581 ent_in=1.1226 ent_out=0.5223 rowmax_in=0.5257 rowmax_out=0.7462 discrete_mse=371.106384 best_discrete=33.762554 hash=False elapsed=31.3s
step   375/700 tau=0.1389 loss=0.294917 mse_soft=0.294755 ent_in=1.1115 ent_out=0.5069 rowmax_in=0.5281 rowmax_out=0.7516 discrete_mse=410.007446 best_discrete=33.762554 hash=False elapsed=33.5s
step   400/700 tau=0.1218 loss=0.297992 mse_soft=0.297833 ent_in=1.0985 ent_out=0.4906 rowmax_in=0.5336 rowmax_out=0.7605 discrete_mse=410.007446 best_discrete=33.762554 hash=False elapsed=35.6s
step   425/700 tau=0.1067 loss=0.296385 mse_soft=0.296229 ent_in=1.0884 ent_out=0.4739 rowmax_in=0.5348 rowmax_out=0.7666 discrete_mse=368.871277 best_discrete=33.762554 hash=False elapsed=37.9s
step   450/700 tau=0.0935 loss=0.293563 mse_soft=0.293409 ent_in=1.0860 ent_out=0.4614 rowmax_in=0.5352 rowmax_out=0.7708 discrete_mse=368.871277 best_discrete=33.762554 hash=False elapsed=39.8s
step   475/700 tau=0.0820 loss=0.294279 mse_soft=0.294126 ent_in=1.0735 ent_out=0.4512 rowmax_in=0.5390 rowmax_out=0.7751 discrete_mse=368.871277 best_discrete=33.762554 hash=False elapsed=41.7s
step   500/700 tau=0.0718 loss=0.295681 mse_soft=0.295531 ent_in=1.0675 ent_out=0.4391 rowmax_in=0.5399 rowmax_out=0.7822 discrete_mse=371.106384 best_discrete=33.762554 hash=False elapsed=43.9s
step   525/700 tau=0.0630 loss=0.304325 mse_soft=0.304176 ent_in=1.0590 ent_out=0.4265 rowmax_in=0.5406 rowmax_out=0.7854 discrete_mse=368.871277 best_discrete=33.762554 hash=False elapsed=46.1s
step   550/700 tau=0.0552 loss=0.311178 mse_soft=0.311040 ent_in=0.9822 ent_out=0.4047 rowmax_in=0.5820 rowmax_out=0.7920 discrete_mse=213.367050 best_discrete=33.762554 hash=False elapsed=48.3s
step   575/700 tau=0.0484 loss=0.314218 mse_soft=0.314078 ent_in=0.9987 ent_out=0.4024 rowmax_in=0.5678 rowmax_out=0.7981 discrete_mse=204.240768 best_discrete=33.762554 hash=False elapsed=50.5s
step   600/700 tau=0.0424 loss=0.344165 mse_soft=0.344027 ent_in=0.9820 ent_out=0.3991 rowmax_in=0.5705 rowmax_out=0.7967 discrete_mse=728.996399 best_discrete=33.762554 hash=False elapsed=52.5s
step   625/700 tau=0.0371 loss=0.333824 mse_soft=0.333696 ent_in=0.8893 ent_out=0.3900 rowmax_in=0.6075 rowmax_out=0.8015 discrete_mse=317.231201 best_discrete=33.762554 hash=False elapsed=54.6s
step   650/700 tau=0.0325 loss=0.314983 mse_soft=0.314858 ent_in=0.8848 ent_out=0.3655 rowmax_in=0.6056 rowmax_out=0.8096 discrete_mse=385.937439 best_discrete=33.762554 hash=False elapsed=56.8s
step   675/700 tau=0.0285 loss=0.338586 mse_soft=0.338477 ent_in=0.7707 ent_out=0.3267 rowmax_in=0.6411 rowmax_out=0.8347 discrete_mse=587.794250 best_discrete=33.762554 hash=False elapsed=58.8s
step   700/700 tau=0.0250 loss=0.580954 mse_soft=0.580868 ent_in=0.6149 ent_out=0.2430 rowmax_in=0.7124 rowmax_out=0.8718 discrete_mse=72.546669 best_discrete=33.762554 hash=False elapsed=61.0s

Final metrics:
  soft_mse_full=0.572822
  rowmax_in_mean=0.7055
  rowmax_out_mean=0.8722
  ent_in_mean=0.6235
  ent_out_mean=0.2458
  final_discrete_mse=30.934031
  hash_match=False
  best_discrete_mse_seen=33.762554
Saved results to overnight_b033_j4.json
