Using device: cuda
Train rows: 4096 / Full rows: 10000, steps=900, lr=0.03
step     1/900 tau=1.0000 loss=1.094441 mse_soft=1.092119 ent_in=3.8712 ent_out=3.8712 rowmax_in=0.0213 rowmax_out=0.0213 discrete_mse=35.132275 best_discrete=35.132275 hash=False elapsed=0.6s
step    25/900 tau=0.9106 loss=0.881994 mse_soft=0.879804 ent_in=3.6314 ent_out=3.6682 rowmax_in=0.0456 rowmax_out=0.0444 discrete_mse=1675.643921 best_discrete=35.132275 hash=False elapsed=2.8s
step    50/900 tau=0.8260 loss=0.659846 mse_soft=0.657941 ent_in=3.1277 ent_out=3.2248 rowmax_in=0.0949 rowmax_out=0.0890 discrete_mse=2051.673828 best_discrete=35.132275 hash=False elapsed=5.1s
step    75/900 tau=0.7493 loss=0.521751 mse_soft=0.520161 ent_in=2.6115 ent_out=2.6898 rowmax_in=0.1964 rowmax_out=0.1875 discrete_mse=320.919403 best_discrete=35.132275 hash=False elapsed=7.2s
step   100/900 tau=0.6797 loss=0.411992 mse_soft=0.410801 ent_in=2.0193 ent_out=1.9495 rowmax_in=0.3320 rowmax_out=0.3671 discrete_mse=1968.475952 best_discrete=35.132275 hash=False elapsed=9.3s
step   125/900 tau=0.6165 loss=0.352766 mse_soft=0.351888 ent_in=1.6001 ent_out=1.3253 rowmax_in=0.4275 rowmax_out=0.5520 discrete_mse=87.737297 best_discrete=35.132275 hash=False elapsed=11.6s
step   150/900 tau=0.5592 loss=0.319684 mse_soft=0.319013 ent_in=1.3857 ent_out=0.8506 rowmax_in=0.4646 rowmax_out=0.6996 discrete_mse=339.170227 best_discrete=35.132275 hash=False elapsed=13.9s
step   175/900 tau=0.5073 loss=0.303981 mse_soft=0.303415 ent_in=1.2805 ent_out=0.6071 rowmax_in=0.4892 rowmax_out=0.7718 discrete_mse=274.912170 best_discrete=35.132275 hash=False elapsed=16.3s
step   200/900 tau=0.4602 loss=0.296270 mse_soft=0.295755 ent_in=1.2212 ent_out=0.4965 rowmax_in=0.4997 rowmax_out=0.8040 discrete_mse=36.095135 best_discrete=35.132275 hash=False elapsed=18.5s
step   225/900 tau=0.4174 loss=0.290575 mse_soft=0.290098 ent_in=1.1841 ent_out=0.4063 rowmax_in=0.5056 rowmax_out=0.8446 discrete_mse=71.590683 best_discrete=35.132275 hash=False elapsed=20.6s
step   250/900 tau=0.3786 loss=0.286700 mse_soft=0.286246 ent_in=1.1521 ent_out=0.3618 rowmax_in=0.5163 rowmax_out=0.8491 discrete_mse=54.285736 best_discrete=35.132275 hash=False elapsed=22.9s
step   275/900 tau=0.3434 loss=0.283852 mse_soft=0.283402 ent_in=1.1378 ent_out=0.3608 rowmax_in=0.5186 rowmax_out=0.8483 discrete_mse=77.954033 best_discrete=35.132275 hash=False elapsed=25.0s
step   300/900 tau=0.3115 loss=0.282065 mse_soft=0.281623 ent_in=1.1300 ent_out=0.3421 rowmax_in=0.5181 rowmax_out=0.8542 discrete_mse=25.022301 best_discrete=25.022301 hash=False elapsed=27.2s
step   325/900 tau=0.2826 loss=0.277877 mse_soft=0.277443 ent_in=1.1209 ent_out=0.3252 rowmax_in=0.5188 rowmax_out=0.8588 discrete_mse=25.022301 best_discrete=25.022301 hash=False elapsed=29.5s
step   350/900 tau=0.2563 loss=0.277908 mse_soft=0.277477 ent_in=1.1144 ent_out=0.3230 rowmax_in=0.5197 rowmax_out=0.8533 discrete_mse=25.022301 best_discrete=25.022301 hash=False elapsed=31.7s
step   375/900 tau=0.2325 loss=0.277367 mse_soft=0.276941 ent_in=1.1059 ent_out=0.3154 rowmax_in=0.5257 rowmax_out=0.8533 discrete_mse=92.439728 best_discrete=25.022301 hash=False elapsed=33.9s
step   400/900 tau=0.2109 loss=0.275565 mse_soft=0.275142 ent_in=1.1017 ent_out=0.3099 rowmax_in=0.5251 rowmax_out=0.8533 discrete_mse=60.426830 best_discrete=25.022301 hash=False elapsed=36.0s
step   425/900 tau=0.1913 loss=0.275035 mse_soft=0.274613 ent_in=1.0987 ent_out=0.3078 rowmax_in=0.5263 rowmax_out=0.8504 discrete_mse=60.426830 best_discrete=25.022301 hash=False elapsed=38.0s
step   450/900 tau=0.1735 loss=0.274914 mse_soft=0.274495 ent_in=1.0962 ent_out=0.3008 rowmax_in=0.5290 rowmax_out=0.8508 discrete_mse=60.426830 best_discrete=25.022301 hash=False elapsed=40.4s
step   475/900 tau=0.1574 loss=0.273722 mse_soft=0.273304 ent_in=1.0953 ent_out=0.2970 rowmax_in=0.5274 rowmax_out=0.8507 discrete_mse=38.823177 best_discrete=25.022301 hash=False elapsed=42.7s
step   500/900 tau=0.1428 loss=0.273756 mse_soft=0.273339 ent_in=1.0958 ent_out=0.2955 rowmax_in=0.5273 rowmax_out=0.8497 discrete_mse=38.823177 best_discrete=25.022301 hash=False elapsed=45.3s
step   525/900 tau=0.1295 loss=0.274101 mse_soft=0.273686 ent_in=1.0939 ent_out=0.2924 rowmax_in=0.5259 rowmax_out=0.8500 discrete_mse=38.823177 best_discrete=25.022301 hash=False elapsed=47.7s
step   550/900 tau=0.1175 loss=0.274943 mse_soft=0.274527 ent_in=1.0944 ent_out=0.2920 rowmax_in=0.5253 rowmax_out=0.8504 discrete_mse=38.823177 best_discrete=25.022301 hash=False elapsed=49.9s
step   575/900 tau=0.1066 loss=0.278934 mse_soft=0.278521 ent_in=1.0886 ent_out=0.2902 rowmax_in=0.5285 rowmax_out=0.8506 discrete_mse=82.052353 best_discrete=25.022301 hash=False elapsed=52.1s
step   600/900 tau=0.0967 loss=0.283714 mse_soft=0.283303 ent_in=1.0813 ent_out=0.2877 rowmax_in=0.5242 rowmax_out=0.8574 discrete_mse=115.645287 best_discrete=25.022301 hash=False elapsed=54.3s
step   625/900 tau=0.0877 loss=0.278991 mse_soft=0.278586 ent_in=1.0709 ent_out=0.2802 rowmax_in=0.5303 rowmax_out=0.8564 discrete_mse=82.052353 best_discrete=25.022301 hash=False elapsed=56.5s
step   650/900 tau=0.0795 loss=0.286332 mse_soft=0.285926 ent_in=1.0684 ent_out=0.2839 rowmax_in=0.5285 rowmax_out=0.8542 discrete_mse=49.146729 best_discrete=25.022301 hash=False elapsed=58.6s
step   675/900 tau=0.0722 loss=0.310592 mse_soft=0.310198 ent_in=1.0480 ent_out=0.2658 rowmax_in=0.5314 rowmax_out=0.8720 discrete_mse=40.701599 best_discrete=25.022301 hash=False elapsed=60.5s
step   700/900 tau=0.0655 loss=0.291660 mse_soft=0.291299 ent_in=0.9599 ent_out=0.2458 rowmax_in=0.5674 rowmax_out=0.8662 discrete_mse=122.963135 best_discrete=25.022301 hash=False elapsed=62.4s
step   725/900 tau=0.0594 loss=0.291845 mse_soft=0.291487 ent_in=0.9645 ent_out=0.2301 rowmax_in=0.5662 rowmax_out=0.8725 discrete_mse=72.961700 best_discrete=25.022301 hash=False elapsed=64.6s
step   750/900 tau=0.0539 loss=0.281603 mse_soft=0.281247 ent_in=0.9657 ent_out=0.2218 rowmax_in=0.5629 rowmax_out=0.8761 discrete_mse=91.387314 best_discrete=25.022301 hash=False elapsed=66.9s
step   775/900 tau=0.0489 loss=0.406009 mse_soft=0.405811 ent_in=0.5510 ent_out=0.1072 rowmax_in=0.7392 rowmax_out=0.9500 discrete_mse=6.682081 best_discrete=6.682081 hash=False elapsed=69.1s
step   800/900 tau=0.0443 loss=0.382437 mse_soft=0.382278 ent_in=0.4466 ent_out=0.0842 rowmax_in=0.7789 rowmax_out=0.9586 discrete_mse=1.440387 best_discrete=1.440387 hash=False elapsed=71.3s
step   825/900 tau=0.0402 loss=0.376420 mse_soft=0.376258 ent_in=0.4652 ent_out=0.0746 rowmax_in=0.7734 rowmax_out=0.9630 discrete_mse=5.402047 best_discrete=1.440387 hash=False elapsed=73.4s
step   850/900 tau=0.0365 loss=0.375551 mse_soft=0.375395 ent_in=0.4545 ent_out=0.0670 rowmax_in=0.7828 rowmax_out=0.9681 discrete_mse=10.318204 best_discrete=1.440387 hash=False elapsed=75.6s
step   875/900 tau=0.0331 loss=0.415217 mse_soft=0.415095 ent_in=0.3602 ent_out=0.0453 rowmax_in=0.8219 rowmax_out=0.9757 discrete_mse=6.325816 best_discrete=1.440387 hash=False elapsed=78.0s
step   900/900 tau=0.0300 loss=0.402683 mse_soft=0.402558 ent_in=0.3719 ent_out=0.0431 rowmax_in=0.8260 rowmax_out=0.9762 discrete_mse=6.325816 best_discrete=1.440387 hash=False elapsed=80.2s

Final metrics:
  soft_mse_full=0.404781
  rowmax_in_mean=0.8209
  rowmax_out_mean=0.9763
  ent_in_mean=0.3765
  ent_out_mean=0.0427
  final_discrete_mse=6.325816
  hash_match=False
  best_discrete_mse_seen=1.440387
Saved results to overnight_b049_j1.json
