Using device: cuda
Train rows: 10000 / Full rows: 10000, steps=700, lr=0.015
step     1/700 tau=1.0000 loss=1.064149 mse_soft=1.063375 ent_in=3.8712 ent_out=3.8712 rowmax_in=0.0213 rowmax_out=0.0213 discrete_mse=167.534592 best_discrete=167.534592 hash=False elapsed=0.5s
step    25/700 tau=0.8810 loss=0.971907 mse_soft=0.971147 ent_in=3.7932 ent_out=3.8052 rowmax_in=0.0330 rowmax_out=0.0322 discrete_mse=706.607300 best_discrete=167.534592 hash=False elapsed=2.7s
step    50/700 tau=0.7721 loss=0.786051 mse_soft=0.785343 ent_in=3.5150 ent_out=3.5642 rowmax_in=0.0560 rowmax_out=0.0543 discrete_mse=1532.066528 best_discrete=167.534592 hash=False elapsed=4.8s
step    75/700 tau=0.6767 loss=0.641415 mse_soft=0.640779 ent_in=3.1278 ent_out=3.2252 rowmax_in=0.0978 rowmax_out=0.0926 discrete_mse=882.593262 best_discrete=167.534592 hash=False elapsed=6.9s
step   100/700 tau=0.5931 loss=0.532934 mse_soft=0.532382 ent_in=2.7097 ent_out=2.8098 rowmax_in=0.1813 rowmax_out=0.1721 discrete_mse=408.603790 best_discrete=167.534592 hash=False elapsed=9.2s
step   125/700 tau=0.5198 loss=0.438929 mse_soft=0.438495 ent_in=2.2028 ent_out=2.1395 rowmax_in=0.2974 rowmax_out=0.3302 discrete_mse=866.434753 best_discrete=167.534592 hash=False elapsed=11.4s
step   150/700 tau=0.4555 loss=0.361320 mse_soft=0.361006 ent_in=1.7343 ent_out=1.4051 rowmax_in=0.4005 rowmax_out=0.5503 discrete_mse=525.690613 best_discrete=167.534592 hash=False elapsed=13.5s
step   175/700 tau=0.3992 loss=0.325774 mse_soft=0.325535 ent_in=1.4527 ent_out=0.9380 rowmax_in=0.4528 rowmax_out=0.6681 discrete_mse=148.466476 best_discrete=148.466476 hash=False elapsed=15.7s
step   200/700 tau=0.3499 loss=0.307859 mse_soft=0.307666 ent_in=1.3186 ent_out=0.6122 rowmax_in=0.4739 rowmax_out=0.7910 discrete_mse=279.536194 best_discrete=148.466476 hash=False elapsed=17.8s
step   225/700 tau=0.3066 loss=0.297225 mse_soft=0.297060 ent_in=1.2405 ent_out=0.4057 rowmax_in=0.4898 rowmax_out=0.8592 discrete_mse=335.297760 best_discrete=148.466476 hash=False elapsed=20.2s
step   250/700 tau=0.2687 loss=0.293155 mse_soft=0.293000 ent_in=1.2019 ent_out=0.3410 rowmax_in=0.4970 rowmax_out=0.8706 discrete_mse=5.868824 best_discrete=5.868824 hash=False elapsed=22.5s
step   275/700 tau=0.2355 loss=0.289353 mse_soft=0.289204 ent_in=1.1752 ent_out=0.3230 rowmax_in=0.5033 rowmax_out=0.8686 discrete_mse=32.981827 best_discrete=5.868824 hash=False elapsed=25.0s
step   300/700 tau=0.2064 loss=0.289429 mse_soft=0.289284 ent_in=1.1508 ent_out=0.3046 rowmax_in=0.5107 rowmax_out=0.8725 discrete_mse=383.871643 best_discrete=5.868824 hash=False elapsed=27.3s
step   325/700 tau=0.1809 loss=0.285159 mse_soft=0.285016 ent_in=1.1321 ent_out=0.2936 rowmax_in=0.5145 rowmax_out=0.8775 discrete_mse=527.335510 best_discrete=5.868824 hash=False elapsed=29.4s
step   350/700 tau=0.1585 loss=0.286595 mse_soft=0.286453 ent_in=1.1255 ent_out=0.2907 rowmax_in=0.5152 rowmax_out=0.8774 discrete_mse=1317.246094 best_discrete=5.868824 hash=False elapsed=31.6s
step   375/700 tau=0.1389 loss=0.286297 mse_soft=0.286158 ent_in=1.1154 ent_out=0.2804 rowmax_in=0.5179 rowmax_out=0.8794 discrete_mse=615.838074 best_discrete=5.868824 hash=False elapsed=33.7s
step   400/700 tau=0.1218 loss=0.286926 mse_soft=0.286789 ent_in=1.1017 ent_out=0.2680 rowmax_in=0.5223 rowmax_out=0.8815 discrete_mse=615.838074 best_discrete=5.868824 hash=False elapsed=36.0s
step   425/700 tau=0.1067 loss=0.281516 mse_soft=0.281380 ent_in=1.0939 ent_out=0.2641 rowmax_in=0.5223 rowmax_out=0.8800 discrete_mse=325.785156 best_discrete=5.868824 hash=False elapsed=38.2s
step   450/700 tau=0.0935 loss=0.281427 mse_soft=0.281293 ent_in=1.0880 ent_out=0.2587 rowmax_in=0.5244 rowmax_out=0.8798 discrete_mse=617.359802 best_discrete=5.868824 hash=False elapsed=40.3s
step   475/700 tau=0.0820 loss=0.281930 mse_soft=0.281796 ent_in=1.0848 ent_out=0.2568 rowmax_in=0.5255 rowmax_out=0.8794 discrete_mse=458.508392 best_discrete=5.868824 hash=False elapsed=42.5s
step   500/700 tau=0.0718 loss=0.285862 mse_soft=0.285729 ent_in=1.0832 ent_out=0.2524 rowmax_in=0.5279 rowmax_out=0.8802 discrete_mse=617.359802 best_discrete=5.868824 hash=False elapsed=44.8s
step   525/700 tau=0.0630 loss=0.283939 mse_soft=0.283806 ent_in=1.0781 ent_out=0.2521 rowmax_in=0.5295 rowmax_out=0.8804 discrete_mse=341.970032 best_discrete=5.868824 hash=False elapsed=47.0s
step   550/700 tau=0.0552 loss=0.286227 mse_soft=0.286095 ent_in=1.0693 ent_out=0.2500 rowmax_in=0.5356 rowmax_out=0.8828 discrete_mse=723.020752 best_discrete=5.868824 hash=False elapsed=49.2s
step   575/700 tau=0.0484 loss=0.295451 mse_soft=0.295320 ent_in=1.0569 ent_out=0.2539 rowmax_in=0.5355 rowmax_out=0.8763 discrete_mse=270.022522 best_discrete=5.868824 hash=False elapsed=51.5s
step   600/700 tau=0.0424 loss=0.294713 mse_soft=0.294584 ent_in=1.0453 ent_out=0.2459 rowmax_in=0.5373 rowmax_out=0.8808 discrete_mse=260.716522 best_discrete=5.868824 hash=False elapsed=53.7s
step   625/700 tau=0.0371 loss=0.330193 mse_soft=0.330075 ent_in=0.9497 ent_out=0.2312 rowmax_in=0.5689 rowmax_out=0.8785 discrete_mse=122.662895 best_discrete=5.868824 hash=False elapsed=55.9s
step   650/700 tau=0.0325 loss=0.322756 mse_soft=0.322644 ent_in=0.8851 ent_out=0.2318 rowmax_in=0.5730 rowmax_out=0.8806 discrete_mse=233.790314 best_discrete=5.868824 hash=False elapsed=58.2s
step   675/700 tau=0.0285 loss=0.306716 mse_soft=0.306608 ent_in=0.8547 ent_out=0.2289 rowmax_in=0.5896 rowmax_out=0.8890 discrete_mse=934.173950 best_discrete=5.868824 hash=False elapsed=60.5s
step   700/700 tau=0.0250 loss=0.306317 mse_soft=0.306210 ent_in=0.8484 ent_out=0.2226 rowmax_in=0.5952 rowmax_out=0.8997 discrete_mse=650.524414 best_discrete=5.868824 hash=False elapsed=62.5s

Final metrics:
  soft_mse_full=0.323155
  rowmax_in_mean=0.6013
  rowmax_out_mean=0.9002
  ent_in_mean=0.8425
  ent_out_mean=0.2218
  final_discrete_mse=330.934296
  hash_match=False
  best_discrete_mse_seen=5.868824
Saved results to overnight_b063_j4.json
