Using device: cuda
Train rows: 10000 / Full rows: 10000, steps=700, lr=0.015
step     1/700 tau=1.0000 loss=1.064228 mse_soft=1.063454 ent_in=3.8712 ent_out=3.8712 rowmax_in=0.0213 rowmax_out=0.0213 discrete_mse=12.422812 best_discrete=12.422812 hash=False elapsed=0.5s
step    25/700 tau=0.8810 loss=0.971871 mse_soft=0.971111 ent_in=3.7930 ent_out=3.8056 rowmax_in=0.0332 rowmax_out=0.0322 discrete_mse=284.778229 best_discrete=12.422812 hash=False elapsed=2.5s
step    50/700 tau=0.7721 loss=0.785747 mse_soft=0.785039 ent_in=3.5156 ent_out=3.5644 rowmax_in=0.0572 rowmax_out=0.0546 discrete_mse=6950.899902 best_discrete=12.422812 hash=False elapsed=4.7s
step    75/700 tau=0.6767 loss=0.639227 mse_soft=0.638592 ent_in=3.1271 ent_out=3.2219 rowmax_in=0.0964 rowmax_out=0.0949 discrete_mse=2352.110840 best_discrete=12.422812 hash=False elapsed=6.9s
step   100/700 tau=0.5931 loss=0.527281 mse_soft=0.526732 ent_in=2.7000 ent_out=2.7934 rowmax_in=0.1819 rowmax_out=0.1787 discrete_mse=1359.547363 best_discrete=12.422812 hash=False elapsed=8.9s
step   125/700 tau=0.5198 loss=0.433616 mse_soft=0.433186 ent_in=2.1789 ent_out=2.1216 rowmax_in=0.2964 rowmax_out=0.3319 discrete_mse=2610.596436 best_discrete=12.422812 hash=False elapsed=11.2s
step   150/700 tau=0.4555 loss=0.366785 mse_soft=0.366463 ent_in=1.7223 ent_out=1.4932 rowmax_in=0.4042 rowmax_out=0.5015 discrete_mse=873.812988 best_discrete=12.422812 hash=False elapsed=13.4s
step   175/700 tau=0.3992 loss=0.329705 mse_soft=0.329459 ent_in=1.4589 ent_out=1.0027 rowmax_in=0.4519 rowmax_out=0.6550 discrete_mse=211.899643 best_discrete=12.422812 hash=False elapsed=15.6s
step   200/700 tau=0.3499 loss=0.310845 mse_soft=0.310651 ent_in=1.2913 ent_out=0.6472 rowmax_in=0.4894 rowmax_out=0.7672 discrete_mse=237.427246 best_discrete=12.422812 hash=False elapsed=17.8s
step   225/700 tau=0.3066 loss=0.302423 mse_soft=0.302253 ent_in=1.2029 ent_out=0.4957 rowmax_in=0.5117 rowmax_out=0.8117 discrete_mse=111.545097 best_discrete=12.422812 hash=False elapsed=19.9s
step   250/700 tau=0.2687 loss=0.296781 mse_soft=0.296624 ent_in=1.1756 ent_out=0.3936 rowmax_in=0.5066 rowmax_out=0.8376 discrete_mse=114.431450 best_discrete=12.422812 hash=False elapsed=22.1s
step   275/700 tau=0.2355 loss=0.294595 mse_soft=0.294445 ent_in=1.1619 ent_out=0.3386 rowmax_in=0.5051 rowmax_out=0.8491 discrete_mse=15.439246 best_discrete=12.422812 hash=False elapsed=24.4s
step   300/700 tau=0.2064 loss=0.291462 mse_soft=0.291315 ent_in=1.1505 ent_out=0.3161 rowmax_in=0.5049 rowmax_out=0.8577 discrete_mse=247.084991 best_discrete=12.422812 hash=False elapsed=26.7s
step   325/700 tau=0.1809 loss=0.288153 mse_soft=0.288011 ent_in=1.1180 ent_out=0.2958 rowmax_in=0.5194 rowmax_out=0.8658 discrete_mse=15.439246 best_discrete=12.422812 hash=False elapsed=28.9s
step   350/700 tau=0.1585 loss=0.286607 mse_soft=0.286470 ent_in=1.1016 ent_out=0.2690 rowmax_in=0.5230 rowmax_out=0.8756 discrete_mse=15.439246 best_discrete=12.422812 hash=False elapsed=31.2s
step   375/700 tau=0.1389 loss=0.286126 mse_soft=0.285991 ent_in=1.0923 ent_out=0.2583 rowmax_in=0.5250 rowmax_out=0.8785 discrete_mse=15.439246 best_discrete=12.422812 hash=False elapsed=33.4s
step   400/700 tau=0.1218 loss=0.288352 mse_soft=0.288220 ent_in=1.0775 ent_out=0.2460 rowmax_in=0.5300 rowmax_out=0.8819 discrete_mse=28.133568 best_discrete=12.422812 hash=False elapsed=35.6s
step   425/700 tau=0.1067 loss=0.288888 mse_soft=0.288757 ent_in=1.0666 ent_out=0.2402 rowmax_in=0.5313 rowmax_out=0.8842 discrete_mse=87.698486 best_discrete=12.422812 hash=False elapsed=37.9s
step   450/700 tau=0.0935 loss=0.285043 mse_soft=0.284914 ent_in=1.0586 ent_out=0.2376 rowmax_in=0.5331 rowmax_out=0.8843 discrete_mse=87.698486 best_discrete=12.422812 hash=False elapsed=40.0s
step   475/700 tau=0.0820 loss=0.294368 mse_soft=0.294240 ent_in=1.0495 ent_out=0.2294 rowmax_in=0.5379 rowmax_out=0.8889 discrete_mse=87.698486 best_discrete=12.422812 hash=False elapsed=42.0s
step   500/700 tau=0.0718 loss=0.286610 mse_soft=0.286484 ent_in=1.0423 ent_out=0.2215 rowmax_in=0.5405 rowmax_out=0.8916 discrete_mse=87.698486 best_discrete=12.422812 hash=False elapsed=44.0s
step   525/700 tau=0.0630 loss=0.289866 mse_soft=0.289741 ent_in=1.0349 ent_out=0.2172 rowmax_in=0.5395 rowmax_out=0.8924 discrete_mse=68.091461 best_discrete=12.422812 hash=False elapsed=46.2s
step   550/700 tau=0.0552 loss=0.301374 mse_soft=0.301250 ent_in=1.0248 ent_out=0.2139 rowmax_in=0.5409 rowmax_out=0.8938 discrete_mse=61.473587 best_discrete=12.422812 hash=False elapsed=48.2s
step   575/700 tau=0.0484 loss=0.300068 mse_soft=0.299945 ent_in=1.0136 ent_out=0.2118 rowmax_in=0.5439 rowmax_out=0.8958 discrete_mse=30.465305 best_discrete=12.422812 hash=False elapsed=50.2s
step   600/700 tau=0.0424 loss=0.289153 mse_soft=0.289034 ent_in=0.9867 ent_out=0.2038 rowmax_in=0.5546 rowmax_out=0.9010 discrete_mse=10.478548 best_discrete=10.478548 hash=False elapsed=52.2s
step   625/700 tau=0.0371 loss=0.311896 mse_soft=0.311787 ent_in=0.8876 ent_out=0.2084 rowmax_in=0.6046 rowmax_out=0.8910 discrete_mse=156.218842 best_discrete=10.478548 hash=False elapsed=54.4s
step   650/700 tau=0.0325 loss=0.327939 mse_soft=0.327833 ent_in=0.8745 ent_out=0.1848 rowmax_in=0.5807 rowmax_out=0.9115 discrete_mse=35.525520 best_discrete=10.478548 hash=False elapsed=56.7s
step   675/700 tau=0.0285 loss=0.314288 mse_soft=0.314189 ent_in=0.8096 ent_out=0.1850 rowmax_in=0.6140 rowmax_out=0.9121 discrete_mse=132.436371 best_discrete=10.478548 hash=False elapsed=58.8s
step   700/700 tau=0.0250 loss=0.330223 mse_soft=0.330140 ent_in=0.6691 ent_out=0.1683 rowmax_in=0.6639 rowmax_out=0.9205 discrete_mse=22.098978 best_discrete=10.478548 hash=False elapsed=61.0s

Final metrics:
  soft_mse_full=0.330163
  rowmax_in_mean=0.6693
  rowmax_out_mean=0.9214
  ent_in_mean=0.6647
  ent_out_mean=0.1667
  final_discrete_mse=37.296272
  hash_match=False
  best_discrete_mse_seen=10.478548
Saved results to overnight_b073_j4.json
