Using device: cuda
Train rows: 10000 / Full rows: 10000, steps=700, lr=0.015
step     1/700 tau=1.0000 loss=1.064224 mse_soft=1.063449 ent_in=3.8712 ent_out=3.8712 rowmax_in=0.0213 rowmax_out=0.0213 discrete_mse=39.576889 best_discrete=39.576889 hash=False elapsed=0.5s
step    25/700 tau=0.8810 loss=0.971967 mse_soft=0.971207 ent_in=3.7930 ent_out=3.8054 rowmax_in=0.0330 rowmax_out=0.0322 discrete_mse=307.734009 best_discrete=39.576889 hash=False elapsed=2.8s
step    50/700 tau=0.7721 loss=0.785808 mse_soft=0.785100 ent_in=3.5129 ent_out=3.5657 rowmax_in=0.0566 rowmax_out=0.0544 discrete_mse=3646.013916 best_discrete=39.576889 hash=False elapsed=4.9s
step    75/700 tau=0.6767 loss=0.642899 mse_soft=0.642262 ent_in=3.1291 ent_out=3.2365 rowmax_in=0.0968 rowmax_out=0.0894 discrete_mse=693.983398 best_discrete=39.576889 hash=False elapsed=7.1s
step   100/700 tau=0.5931 loss=0.532182 mse_soft=0.531627 ent_in=2.7137 ent_out=2.8346 rowmax_in=0.1809 rowmax_out=0.1673 discrete_mse=2937.270264 best_discrete=39.576889 hash=False elapsed=9.4s
step   125/700 tau=0.5198 loss=0.435301 mse_soft=0.434861 ent_in=2.2129 ent_out=2.1861 rowmax_in=0.2998 rowmax_out=0.3063 discrete_mse=562.713379 best_discrete=39.576889 hash=False elapsed=11.6s
step   150/700 tau=0.4555 loss=0.370972 mse_soft=0.370636 ent_in=1.7956 ent_out=1.5646 rowmax_in=0.4002 rowmax_out=0.4804 discrete_mse=339.398041 best_discrete=39.576889 hash=False elapsed=13.9s
step   175/700 tau=0.3992 loss=0.331484 mse_soft=0.331225 ent_in=1.5406 ent_out=1.0505 rowmax_in=0.4434 rowmax_out=0.6370 discrete_mse=2824.892822 best_discrete=39.576889 hash=False elapsed=16.0s
step   200/700 tau=0.3499 loss=0.313193 mse_soft=0.312980 ent_in=1.3849 ent_out=0.7433 rowmax_in=0.4710 rowmax_out=0.7129 discrete_mse=3696.396240 best_discrete=39.576889 hash=False elapsed=18.4s
step   225/700 tau=0.3066 loss=0.303885 mse_soft=0.303696 ent_in=1.2923 ent_out=0.5983 rowmax_in=0.4930 rowmax_out=0.7663 discrete_mse=1353.799194 best_discrete=39.576889 hash=False elapsed=20.6s
step   250/700 tau=0.2687 loss=0.298015 mse_soft=0.297842 ent_in=1.2287 ent_out=0.5082 rowmax_in=0.5031 rowmax_out=0.7948 discrete_mse=996.246399 best_discrete=39.576889 hash=False elapsed=22.9s
step   275/700 tau=0.2355 loss=0.295219 mse_soft=0.295054 ent_in=1.1921 ent_out=0.4638 rowmax_in=0.5094 rowmax_out=0.8092 discrete_mse=1144.293213 best_discrete=39.576889 hash=False elapsed=25.0s
step   300/700 tau=0.2064 loss=0.291885 mse_soft=0.291726 ent_in=1.1610 ent_out=0.4308 rowmax_in=0.5182 rowmax_out=0.8155 discrete_mse=2279.227783 best_discrete=39.576889 hash=False elapsed=27.3s
step   325/700 tau=0.1809 loss=0.291379 mse_soft=0.291223 ent_in=1.1375 ent_out=0.4274 rowmax_in=0.5264 rowmax_out=0.8130 discrete_mse=1063.963623 best_discrete=39.576889 hash=False elapsed=29.4s
step   350/700 tau=0.1585 loss=0.286777 mse_soft=0.286624 ent_in=1.1120 ent_out=0.4164 rowmax_in=0.5391 rowmax_out=0.8106 discrete_mse=1134.164062 best_discrete=39.576889 hash=False elapsed=31.7s
step   375/700 tau=0.1389 loss=0.285257 mse_soft=0.285107 ent_in=1.0968 ent_out=0.4019 rowmax_in=0.5437 rowmax_out=0.8142 discrete_mse=1441.005737 best_discrete=39.576889 hash=False elapsed=33.8s
step   400/700 tau=0.1218 loss=0.288423 mse_soft=0.288276 ent_in=1.0840 ent_out=0.3884 rowmax_in=0.5484 rowmax_out=0.8169 discrete_mse=492.131989 best_discrete=39.576889 hash=False elapsed=35.9s
step   425/700 tau=0.1067 loss=0.284441 mse_soft=0.284296 ent_in=1.0785 ent_out=0.3746 rowmax_in=0.5502 rowmax_out=0.8194 discrete_mse=492.131989 best_discrete=39.576889 hash=False elapsed=38.2s
step   450/700 tau=0.0935 loss=0.289810 mse_soft=0.289667 ent_in=1.0658 ent_out=0.3661 rowmax_in=0.5545 rowmax_out=0.8215 discrete_mse=492.131989 best_discrete=39.576889 hash=False elapsed=40.6s
step   475/700 tau=0.0820 loss=0.286796 mse_soft=0.286654 ent_in=1.0571 ent_out=0.3641 rowmax_in=0.5557 rowmax_out=0.8222 discrete_mse=613.606689 best_discrete=39.576889 hash=False elapsed=43.0s
step   500/700 tau=0.0718 loss=0.289467 mse_soft=0.289326 ent_in=1.0484 ent_out=0.3640 rowmax_in=0.5577 rowmax_out=0.8213 discrete_mse=1892.906372 best_discrete=39.576889 hash=False elapsed=45.3s
step   525/700 tau=0.0630 loss=0.286490 mse_soft=0.286349 ent_in=1.0499 ent_out=0.3629 rowmax_in=0.5557 rowmax_out=0.8223 discrete_mse=1140.707153 best_discrete=39.576889 hash=False elapsed=47.4s
step   550/700 tau=0.0552 loss=0.297485 mse_soft=0.297345 ent_in=1.0420 ent_out=0.3583 rowmax_in=0.5560 rowmax_out=0.8222 discrete_mse=3890.356689 best_discrete=39.576889 hash=False elapsed=49.5s
step   575/700 tau=0.0484 loss=0.303509 mse_soft=0.303373 ent_in=1.0176 ent_out=0.3456 rowmax_in=0.5581 rowmax_out=0.8249 discrete_mse=608.618103 best_discrete=39.576889 hash=False elapsed=51.6s
step   600/700 tau=0.0424 loss=0.308225 mse_soft=0.308089 ent_in=1.0052 ent_out=0.3481 rowmax_in=0.5532 rowmax_out=0.8224 discrete_mse=1401.572754 best_discrete=39.576889 hash=False elapsed=53.8s
step   625/700 tau=0.0371 loss=0.316359 mse_soft=0.316231 ent_in=0.9661 ent_out=0.3114 rowmax_in=0.5668 rowmax_out=0.8413 discrete_mse=370.207977 best_discrete=39.576889 hash=False elapsed=56.1s
step   650/700 tau=0.0325 loss=0.327157 mse_soft=0.327038 ent_in=0.8759 ent_out=0.3103 rowmax_in=0.6058 rowmax_out=0.8379 discrete_mse=748.051453 best_discrete=39.576889 hash=False elapsed=58.3s
step   675/700 tau=0.0285 loss=0.301849 mse_soft=0.301732 ent_in=0.8487 ent_out=0.3256 rowmax_in=0.6107 rowmax_out=0.8240 discrete_mse=1741.260010 best_discrete=39.576889 hash=False elapsed=60.4s
step   700/700 tau=0.0250 loss=0.363643 mse_soft=0.363544 ent_in=0.7229 ent_out=0.2733 rowmax_in=0.6490 rowmax_out=0.8511 discrete_mse=939.462402 best_discrete=39.576889 hash=False elapsed=62.7s

Final metrics:
  soft_mse_full=0.387304
  rowmax_in_mean=0.6488
  rowmax_out_mean=0.8537
  ent_in_mean=0.7048
  ent_out_mean=0.2715
  final_discrete_mse=616.561707
  hash_match=False
  best_discrete_mse_seen=39.576889
Saved results to overnight_b068_j4.json
