Using device: cuda
Train rows: 10000 / Full rows: 10000, steps=700, lr=0.015
step     1/700 tau=1.0000 loss=1.064148 mse_soft=1.063374 ent_in=3.8712 ent_out=3.8711 rowmax_in=0.0213 rowmax_out=0.0213 discrete_mse=16.886297 best_discrete=16.886297 hash=False elapsed=0.5s
step    25/700 tau=0.8810 loss=0.971895 mse_soft=0.971135 ent_in=3.7933 ent_out=3.8054 rowmax_in=0.0330 rowmax_out=0.0323 discrete_mse=398.555206 best_discrete=16.886297 hash=False elapsed=2.4s
step    50/700 tau=0.7721 loss=0.786885 mse_soft=0.786177 ent_in=3.5168 ent_out=3.5651 rowmax_in=0.0569 rowmax_out=0.0538 discrete_mse=944.340576 best_discrete=16.886297 hash=False elapsed=4.6s
step    75/700 tau=0.6767 loss=0.645228 mse_soft=0.644591 ent_in=3.1349 ent_out=3.2323 rowmax_in=0.0957 rowmax_out=0.0916 discrete_mse=713.274475 best_discrete=16.886297 hash=False elapsed=6.9s
step   100/700 tau=0.5931 loss=0.534513 mse_soft=0.533958 ent_in=2.7234 ent_out=2.8252 rowmax_in=0.1800 rowmax_out=0.1707 discrete_mse=1843.956177 best_discrete=16.886297 hash=False elapsed=9.3s
step   125/700 tau=0.5198 loss=0.437560 mse_soft=0.437121 ent_in=2.2153 ent_out=2.1738 rowmax_in=0.2963 rowmax_out=0.3260 discrete_mse=528.488403 best_discrete=16.886297 hash=False elapsed=11.7s
step   150/700 tau=0.4555 loss=0.367462 mse_soft=0.367140 ent_in=1.7703 ent_out=1.4426 rowmax_in=0.3983 rowmax_out=0.5508 discrete_mse=109.401245 best_discrete=16.886297 hash=False elapsed=13.8s
step   175/700 tau=0.3992 loss=0.329463 mse_soft=0.329229 ent_in=1.4629 ent_out=0.8717 rowmax_in=0.4643 rowmax_out=0.7153 discrete_mse=35.393711 best_discrete=16.886297 hash=False elapsed=16.0s
step   200/700 tau=0.3499 loss=0.313349 mse_soft=0.313156 ent_in=1.3123 ent_out=0.6193 rowmax_in=0.4869 rowmax_out=0.7797 discrete_mse=306.441193 best_discrete=16.886297 hash=False elapsed=18.3s
step   225/700 tau=0.3066 loss=0.303756 mse_soft=0.303588 ent_in=1.2161 ent_out=0.4723 rowmax_in=0.5044 rowmax_out=0.8203 discrete_mse=405.929382 best_discrete=16.886297 hash=False elapsed=20.6s
step   250/700 tau=0.2687 loss=0.297364 mse_soft=0.297209 ent_in=1.1600 ent_out=0.3946 rowmax_in=0.5161 rowmax_out=0.8447 discrete_mse=241.783737 best_discrete=16.886297 hash=False elapsed=22.7s
step   275/700 tau=0.2355 loss=0.294976 mse_soft=0.294828 ent_in=1.1263 ent_out=0.3487 rowmax_in=0.5218 rowmax_out=0.8565 discrete_mse=405.929382 best_discrete=16.886297 hash=False elapsed=24.8s
step   300/700 tau=0.2064 loss=0.292967 mse_soft=0.292824 ent_in=1.1107 ent_out=0.3190 rowmax_in=0.5219 rowmax_out=0.8646 discrete_mse=209.429138 best_discrete=16.886297 hash=False elapsed=27.1s
step   325/700 tau=0.1809 loss=0.293809 mse_soft=0.293669 ent_in=1.0986 ent_out=0.3014 rowmax_in=0.5226 rowmax_out=0.8692 discrete_mse=168.664322 best_discrete=16.886297 hash=False elapsed=29.2s
step   350/700 tau=0.1585 loss=0.291760 mse_soft=0.291622 ent_in=1.0896 ent_out=0.2890 rowmax_in=0.5246 rowmax_out=0.8726 discrete_mse=168.664322 best_discrete=16.886297 hash=False elapsed=31.6s
step   375/700 tau=0.1389 loss=0.291582 mse_soft=0.291445 ent_in=1.0849 ent_out=0.2884 rowmax_in=0.5253 rowmax_out=0.8717 discrete_mse=116.755394 best_discrete=16.886297 hash=False elapsed=34.0s
step   400/700 tau=0.1218 loss=0.292705 mse_soft=0.292567 ent_in=1.0871 ent_out=0.2894 rowmax_in=0.5242 rowmax_out=0.8710 discrete_mse=121.354019 best_discrete=16.886297 hash=False elapsed=36.3s
step   425/700 tau=0.1067 loss=0.292800 mse_soft=0.292663 ent_in=1.0830 ent_out=0.2894 rowmax_in=0.5273 rowmax_out=0.8688 discrete_mse=295.131500 best_discrete=16.886297 hash=False elapsed=38.5s
step   450/700 tau=0.0935 loss=0.291012 mse_soft=0.290874 ent_in=1.0834 ent_out=0.2913 rowmax_in=0.5277 rowmax_out=0.8669 discrete_mse=296.404144 best_discrete=16.886297 hash=False elapsed=40.8s
step   475/700 tau=0.0820 loss=0.290989 mse_soft=0.290852 ent_in=1.0750 ent_out=0.2895 rowmax_in=0.5325 rowmax_out=0.8657 discrete_mse=192.660843 best_discrete=16.886297 hash=False elapsed=43.1s
step   500/700 tau=0.0718 loss=0.293912 mse_soft=0.293776 ent_in=1.0715 ent_out=0.2880 rowmax_in=0.5311 rowmax_out=0.8654 discrete_mse=210.452896 best_discrete=16.886297 hash=False elapsed=45.5s
step   525/700 tau=0.0630 loss=0.290767 mse_soft=0.290632 ent_in=1.0669 ent_out=0.2841 rowmax_in=0.5328 rowmax_out=0.8677 discrete_mse=296.477753 best_discrete=16.886297 hash=False elapsed=47.8s
step   550/700 tau=0.0552 loss=0.294992 mse_soft=0.294858 ent_in=1.0553 ent_out=0.2886 rowmax_in=0.5400 rowmax_out=0.8614 discrete_mse=354.965057 best_discrete=16.886297 hash=False elapsed=50.0s
step   575/700 tau=0.0484 loss=0.304197 mse_soft=0.304063 ent_in=1.0500 ent_out=0.2849 rowmax_in=0.5386 rowmax_out=0.8621 discrete_mse=61.324375 best_discrete=16.886297 hash=False elapsed=52.3s
step   600/700 tau=0.0424 loss=0.309523 mse_soft=0.309396 ent_in=0.9892 ent_out=0.2791 rowmax_in=0.5714 rowmax_out=0.8622 discrete_mse=80.015976 best_discrete=16.886297 hash=False elapsed=54.5s
step   625/700 tau=0.0371 loss=0.297231 mse_soft=0.297109 ent_in=0.9476 ent_out=0.2709 rowmax_in=0.5755 rowmax_out=0.8695 discrete_mse=291.754639 best_discrete=16.886297 hash=False elapsed=56.8s
step   650/700 tau=0.0325 loss=0.336263 mse_soft=0.336145 ent_in=0.9118 ent_out=0.2664 rowmax_in=0.5916 rowmax_out=0.8688 discrete_mse=37.285606 best_discrete=16.886297 hash=False elapsed=59.2s
step   675/700 tau=0.0285 loss=0.384607 mse_soft=0.384535 ent_in=0.5785 ent_out=0.1421 rowmax_in=0.7231 rowmax_out=0.9246 discrete_mse=31.945068 best_discrete=16.886297 hash=False elapsed=61.4s
step   700/700 tau=0.0250 loss=0.350585 mse_soft=0.350510 ent_in=0.6130 ent_out=0.1334 rowmax_in=0.6902 rowmax_out=0.9274 discrete_mse=20.299932 best_discrete=16.886297 hash=False elapsed=63.7s

Final metrics:
  soft_mse_full=0.350053
  rowmax_in_mean=0.6882
  rowmax_out_mean=0.9273
  ent_in_mean=0.6155
  ent_out_mean=0.1338
  final_discrete_mse=14.322673
  hash_match=False
  best_discrete_mse_seen=16.886297
Saved results to overnight_b192_j4.json
