Using device: cuda
Train rows: 4096 / Full rows: 10000, steps=900, lr=0.03
step     1/900 tau=1.0000 loss=1.040033 mse_soft=1.037710 ent_in=3.8712 ent_out=3.8712 rowmax_in=0.0213 rowmax_out=0.0213 discrete_mse=61.913284 best_discrete=61.913284 hash=False elapsed=0.5s
step    25/900 tau=0.9106 loss=0.842914 mse_soft=0.840725 ent_in=3.6340 ent_out=3.6645 rowmax_in=0.0455 rowmax_out=0.0450 discrete_mse=1690.930786 best_discrete=61.913284 hash=False elapsed=2.7s
step    50/900 tau=0.8260 loss=0.641432 mse_soft=0.639523 ent_in=3.1363 ent_out=3.2287 rowmax_in=0.0904 rowmax_out=0.0867 discrete_mse=942.579346 best_discrete=61.913284 hash=False elapsed=5.0s
step    75/900 tau=0.7493 loss=0.496505 mse_soft=0.494931 ent_in=2.5874 ent_out=2.6566 rowmax_in=0.2014 rowmax_out=0.2028 discrete_mse=2560.914551 best_discrete=61.913284 hash=False elapsed=7.2s
step   100/900 tau=0.6797 loss=0.388847 mse_soft=0.387712 ent_in=1.9457 ent_out=1.8401 rowmax_in=0.3571 rowmax_out=0.4282 discrete_mse=1528.833374 best_discrete=61.913284 hash=False elapsed=9.3s
step   125/900 tau=0.6165 loss=0.335077 mse_soft=0.334241 ent_in=1.5625 ent_out=1.2244 rowmax_in=0.4552 rowmax_out=0.6055 discrete_mse=1718.209106 best_discrete=61.913284 hash=False elapsed=11.6s
step   150/900 tau=0.5592 loss=0.315392 mse_soft=0.314671 ent_in=1.4262 ent_out=0.9774 rowmax_in=0.4815 rowmax_out=0.6614 discrete_mse=268.447357 best_discrete=61.913284 hash=False elapsed=13.8s
step   175/900 tau=0.5073 loss=0.301033 mse_soft=0.300412 ent_in=1.3229 ent_out=0.7486 rowmax_in=0.4903 rowmax_out=0.7294 discrete_mse=41.085026 best_discrete=41.085026 hash=False elapsed=15.9s
step   200/900 tau=0.4602 loss=0.290194 mse_soft=0.289633 ent_in=1.2689 ent_out=0.6035 rowmax_in=0.4956 rowmax_out=0.7807 discrete_mse=195.316772 best_discrete=41.085026 hash=False elapsed=18.2s
step   225/900 tau=0.4174 loss=0.280795 mse_soft=0.280296 ent_in=1.2252 ent_out=0.4381 rowmax_in=0.4961 rowmax_out=0.8516 discrete_mse=158.962860 best_discrete=41.085026 hash=False elapsed=20.5s
step   250/900 tau=0.3786 loss=0.275683 mse_soft=0.275213 ent_in=1.1877 ent_out=0.3803 rowmax_in=0.5035 rowmax_out=0.8680 discrete_mse=66.616524 best_discrete=41.085026 hash=False elapsed=23.0s
step   275/900 tau=0.3434 loss=0.272445 mse_soft=0.271990 ent_in=1.1652 ent_out=0.3520 rowmax_in=0.5078 rowmax_out=0.8770 discrete_mse=267.658600 best_discrete=41.085026 hash=False elapsed=25.2s
step   300/900 tau=0.3115 loss=0.270710 mse_soft=0.270265 ent_in=1.1537 ent_out=0.3308 rowmax_in=0.5089 rowmax_out=0.8813 discrete_mse=169.305023 best_discrete=41.085026 hash=False elapsed=27.4s
step   325/900 tau=0.2826 loss=0.268475 mse_soft=0.268040 ent_in=1.1435 ent_out=0.3076 rowmax_in=0.5089 rowmax_out=0.8836 discrete_mse=169.305023 best_discrete=41.085026 hash=False elapsed=29.6s
step   350/900 tau=0.2563 loss=0.268628 mse_soft=0.268198 ent_in=1.1359 ent_out=0.2976 rowmax_in=0.5089 rowmax_out=0.8845 discrete_mse=169.305023 best_discrete=41.085026 hash=False elapsed=31.7s
step   375/900 tau=0.2325 loss=0.268563 mse_soft=0.268139 ent_in=1.1308 ent_out=0.2820 rowmax_in=0.5098 rowmax_out=0.8914 discrete_mse=169.305023 best_discrete=41.085026 hash=False elapsed=34.1s
step   400/900 tau=0.2109 loss=0.266681 mse_soft=0.266263 ent_in=1.1258 ent_out=0.2678 rowmax_in=0.5097 rowmax_out=0.8955 discrete_mse=169.305023 best_discrete=41.085026 hash=False elapsed=36.4s
step   425/900 tau=0.1913 loss=0.268046 mse_soft=0.267630 ent_in=1.1231 ent_out=0.2644 rowmax_in=0.5082 rowmax_out=0.8941 discrete_mse=169.305023 best_discrete=41.085026 hash=False elapsed=38.6s
step   450/900 tau=0.1735 loss=0.268187 mse_soft=0.267773 ent_in=1.1183 ent_out=0.2603 rowmax_in=0.5089 rowmax_out=0.8946 discrete_mse=169.305023 best_discrete=41.085026 hash=False elapsed=40.9s
step   475/900 tau=0.1574 loss=0.269449 mse_soft=0.269037 ent_in=1.1175 ent_out=0.2576 rowmax_in=0.5088 rowmax_out=0.8934 discrete_mse=169.305023 best_discrete=41.085026 hash=False elapsed=43.1s
step   500/900 tau=0.1428 loss=0.266123 mse_soft=0.265711 ent_in=1.1129 ent_out=0.2615 rowmax_in=0.5100 rowmax_out=0.8895 discrete_mse=169.305023 best_discrete=41.085026 hash=False elapsed=45.3s
step   525/900 tau=0.1295 loss=0.270233 mse_soft=0.269821 ent_in=1.1093 ent_out=0.2640 rowmax_in=0.5101 rowmax_out=0.8879 discrete_mse=169.305023 best_discrete=41.085026 hash=False elapsed=47.5s
step   550/900 tau=0.1175 loss=0.273355 mse_soft=0.272945 ent_in=1.1061 ent_out=0.2587 rowmax_in=0.5120 rowmax_out=0.8926 discrete_mse=169.305023 best_discrete=41.085026 hash=False elapsed=49.8s
step   575/900 tau=0.1066 loss=0.274519 mse_soft=0.274112 ent_in=1.1007 ent_out=0.2578 rowmax_in=0.5132 rowmax_out=0.8897 discrete_mse=169.305023 best_discrete=41.085026 hash=False elapsed=52.2s
step   600/900 tau=0.0967 loss=0.268432 mse_soft=0.268028 ent_in=1.0860 ent_out=0.2615 rowmax_in=0.5185 rowmax_out=0.8892 discrete_mse=169.305023 best_discrete=41.085026 hash=False elapsed=54.4s
step   625/900 tau=0.0877 loss=0.330584 mse_soft=0.330209 ent_in=1.0120 ent_out=0.2380 rowmax_in=0.5547 rowmax_out=0.8985 discrete_mse=144.519089 best_discrete=41.085026 hash=False elapsed=56.9s
step   650/900 tau=0.0795 loss=0.292764 mse_soft=0.292401 ent_in=0.9701 ent_out=0.2386 rowmax_in=0.5516 rowmax_out=0.8913 discrete_mse=132.636154 best_discrete=41.085026 hash=False elapsed=59.2s
step   675/900 tau=0.0722 loss=0.272247 mse_soft=0.271876 ent_in=0.9986 ent_out=0.2394 rowmax_in=0.5398 rowmax_out=0.8923 discrete_mse=107.416794 best_discrete=41.085026 hash=False elapsed=61.3s
step   700/900 tau=0.0655 loss=0.276062 mse_soft=0.275689 ent_in=1.0029 ent_out=0.2391 rowmax_in=0.5346 rowmax_out=0.8924 discrete_mse=166.303955 best_discrete=41.085026 hash=False elapsed=63.5s
step   725/900 tau=0.0594 loss=0.273532 mse_soft=0.273158 ent_in=1.0060 ent_out=0.2405 rowmax_in=0.5316 rowmax_out=0.8921 discrete_mse=106.776947 best_discrete=41.085026 hash=False elapsed=65.6s
step   750/900 tau=0.0539 loss=0.291037 mse_soft=0.290666 ent_in=0.9963 ent_out=0.2416 rowmax_in=0.5410 rowmax_out=0.8897 discrete_mse=496.860077 best_discrete=41.085026 hash=False elapsed=67.8s
step   775/900 tau=0.0489 loss=0.304124 mse_soft=0.303760 ent_in=0.9657 ent_out=0.2465 rowmax_in=0.5562 rowmax_out=0.8789 discrete_mse=208.045807 best_discrete=41.085026 hash=False elapsed=69.9s
step   800/900 tau=0.0443 loss=0.408375 mse_soft=0.408202 ent_in=0.3870 ent_out=0.1880 rowmax_in=0.8176 rowmax_out=0.9124 discrete_mse=0.767083 best_discrete=0.767083 hash=False elapsed=72.1s
step   825/900 tau=0.0402 loss=0.379978 mse_soft=0.379791 ent_in=0.4410 ent_out=0.1800 rowmax_in=0.7885 rowmax_out=0.8981 discrete_mse=3.059927 best_discrete=0.767083 hash=False elapsed=74.3s
step   850/900 tau=0.0365 loss=0.371251 mse_soft=0.371085 ent_in=0.4045 ent_out=0.1468 rowmax_in=0.8043 rowmax_out=0.9196 discrete_mse=11.017398 best_discrete=0.767083 hash=False elapsed=76.4s
step   875/900 tau=0.0331 loss=0.366308 mse_soft=0.366135 ent_in=0.4287 ent_out=0.1461 rowmax_in=0.7947 rowmax_out=0.9181 discrete_mse=7.591327 best_discrete=0.767083 hash=False elapsed=78.6s
step   900/900 tau=0.0300 loss=0.366453 mse_soft=0.366283 ent_in=0.4222 ent_out=0.1445 rowmax_in=0.7956 rowmax_out=0.9194 discrete_mse=18.812527 best_discrete=0.767083 hash=False elapsed=80.8s

Final metrics:
  soft_mse_full=0.387626
  rowmax_in_mean=0.7946
  rowmax_out_mean=0.9199
  ent_in_mean=0.4246
  ent_out_mean=0.1439
  final_discrete_mse=11.017398
  hash_match=False
  best_discrete_mse_seen=0.767083
Saved results to overnight_b208_j1.json
