Using device: cuda
Train rows: 4096 / Full rows: 10000, steps=900, lr=0.03
step     1/900 tau=1.0000 loss=1.052627 mse_soft=1.050305 ent_in=3.8712 ent_out=3.8712 rowmax_in=0.0213 rowmax_out=0.0213 discrete_mse=179.916107 best_discrete=179.916107 hash=False elapsed=0.5s
step    25/900 tau=0.9106 loss=0.850927 mse_soft=0.848736 ent_in=3.6356 ent_out=3.6691 rowmax_in=0.0447 rowmax_out=0.0440 discrete_mse=3249.310303 best_discrete=179.916107 hash=False elapsed=2.7s
step    50/900 tau=0.8260 loss=0.642186 mse_soft=0.640269 ent_in=3.1461 ent_out=3.2414 rowmax_in=0.0920 rowmax_out=0.0861 discrete_mse=369.041504 best_discrete=179.916107 hash=False elapsed=5.1s
step    75/900 tau=0.7493 loss=0.505298 mse_soft=0.503698 ent_in=2.6319 ent_out=2.7037 rowmax_in=0.2014 rowmax_out=0.2009 discrete_mse=944.009155 best_discrete=179.916107 hash=False elapsed=7.5s
step   100/900 tau=0.6797 loss=0.397912 mse_soft=0.396741 ent_in=2.0080 ent_out=1.8946 rowmax_in=0.3559 rowmax_out=0.4087 discrete_mse=2623.887207 best_discrete=179.916107 hash=False elapsed=10.1s
step   125/900 tau=0.6165 loss=0.343604 mse_soft=0.342712 ent_in=1.6647 ent_out=1.3091 rowmax_in=0.4233 rowmax_out=0.5578 discrete_mse=638.518555 best_discrete=179.916107 hash=False elapsed=12.5s
step   150/900 tau=0.5592 loss=0.319255 mse_soft=0.318512 ent_in=1.4832 ent_out=0.9922 rowmax_in=0.4604 rowmax_out=0.6425 discrete_mse=325.702301 best_discrete=179.916107 hash=False elapsed=14.8s
step   175/900 tau=0.5073 loss=0.303584 mse_soft=0.302948 ent_in=1.3835 ent_out=0.7375 rowmax_in=0.4785 rowmax_out=0.7221 discrete_mse=1253.146118 best_discrete=179.916107 hash=False elapsed=17.1s
step   200/900 tau=0.4602 loss=0.294500 mse_soft=0.293928 ent_in=1.3222 ent_out=0.5835 rowmax_in=0.4911 rowmax_out=0.7741 discrete_mse=1130.752197 best_discrete=179.916107 hash=False elapsed=19.5s
step   225/900 tau=0.4174 loss=0.287797 mse_soft=0.287259 ent_in=1.2838 ent_out=0.5097 rowmax_in=0.4953 rowmax_out=0.7961 discrete_mse=846.181396 best_discrete=179.916107 hash=False elapsed=21.9s
step   250/900 tau=0.3786 loss=0.285187 mse_soft=0.284677 ent_in=1.2380 ent_out=0.4599 rowmax_in=0.5004 rowmax_out=0.8075 discrete_mse=846.181396 best_discrete=179.916107 hash=False elapsed=24.5s
step   275/900 tau=0.3434 loss=0.282218 mse_soft=0.281727 ent_in=1.2128 ent_out=0.4255 rowmax_in=0.5029 rowmax_out=0.8136 discrete_mse=846.181396 best_discrete=179.916107 hash=False elapsed=26.8s
step   300/900 tau=0.3115 loss=0.282516 mse_soft=0.282035 ent_in=1.1980 ent_out=0.4082 rowmax_in=0.5031 rowmax_out=0.8185 discrete_mse=1261.646729 best_discrete=179.916107 hash=False elapsed=29.1s
step   325/900 tau=0.2826 loss=0.279426 mse_soft=0.278950 ent_in=1.1908 ent_out=0.3969 rowmax_in=0.5014 rowmax_out=0.8174 discrete_mse=1261.646729 best_discrete=179.916107 hash=False elapsed=31.4s
step   350/900 tau=0.2563 loss=0.278742 mse_soft=0.278271 ent_in=1.1827 ent_out=0.3874 rowmax_in=0.5013 rowmax_out=0.8200 discrete_mse=846.181396 best_discrete=179.916107 hash=False elapsed=34.0s
step   375/900 tau=0.2325 loss=0.277694 mse_soft=0.277227 ent_in=1.1764 ent_out=0.3797 rowmax_in=0.5022 rowmax_out=0.8223 discrete_mse=651.227783 best_discrete=179.916107 hash=False elapsed=36.6s
step   400/900 tau=0.2109 loss=0.278562 mse_soft=0.278100 ent_in=1.1689 ent_out=0.3713 rowmax_in=0.5035 rowmax_out=0.8246 discrete_mse=720.877075 best_discrete=179.916107 hash=False elapsed=39.0s
step   425/900 tau=0.1913 loss=0.277564 mse_soft=0.277108 ent_in=1.1615 ent_out=0.3595 rowmax_in=0.5039 rowmax_out=0.8276 discrete_mse=741.293762 best_discrete=179.916107 hash=False elapsed=41.3s
step   450/900 tau=0.1735 loss=0.281681 mse_soft=0.281228 ent_in=1.1587 ent_out=0.3517 rowmax_in=0.5055 rowmax_out=0.8258 discrete_mse=442.674652 best_discrete=179.916107 hash=False elapsed=43.8s
step   475/900 tau=0.1574 loss=0.280958 mse_soft=0.280510 ent_in=1.1511 ent_out=0.3414 rowmax_in=0.5078 rowmax_out=0.8300 discrete_mse=720.877075 best_discrete=179.916107 hash=False elapsed=46.2s
step   500/900 tau=0.1428 loss=0.279261 mse_soft=0.278813 ent_in=1.1526 ent_out=0.3383 rowmax_in=0.5060 rowmax_out=0.8317 discrete_mse=453.961700 best_discrete=179.916107 hash=False elapsed=48.4s
step   525/900 tau=0.1295 loss=0.284254 mse_soft=0.283807 ent_in=1.1499 ent_out=0.3385 rowmax_in=0.5058 rowmax_out=0.8289 discrete_mse=790.010254 best_discrete=179.916107 hash=False elapsed=50.8s
step   550/900 tau=0.1175 loss=0.294652 mse_soft=0.294202 ent_in=1.1584 ent_out=0.3426 rowmax_in=0.4961 rowmax_out=0.8260 discrete_mse=170.825882 best_discrete=170.825882 hash=False elapsed=53.2s
step   575/900 tau=0.1066 loss=0.282847 mse_soft=0.282408 ent_in=1.1306 ent_out=0.3317 rowmax_in=0.5077 rowmax_out=0.8241 discrete_mse=607.240417 best_discrete=170.825882 hash=False elapsed=55.6s
step   600/900 tau=0.0967 loss=0.281989 mse_soft=0.281554 ent_in=1.1211 ent_out=0.3310 rowmax_in=0.5073 rowmax_out=0.8303 discrete_mse=104.637909 best_discrete=104.637909 hash=False elapsed=57.8s
step   625/900 tau=0.0877 loss=0.300158 mse_soft=0.299731 ent_in=1.0882 ent_out=0.3333 rowmax_in=0.5224 rowmax_out=0.8258 discrete_mse=161.316437 best_discrete=104.637909 hash=False elapsed=60.3s
step   650/900 tau=0.0795 loss=0.305231 mse_soft=0.304818 ent_in=1.0397 ent_out=0.3372 rowmax_in=0.5386 rowmax_out=0.8082 discrete_mse=533.322693 best_discrete=104.637909 hash=False elapsed=62.8s
step   675/900 tau=0.0722 loss=0.292765 mse_soft=0.292364 ent_in=1.0151 ent_out=0.3210 rowmax_in=0.5425 rowmax_out=0.8253 discrete_mse=420.536987 best_discrete=104.637909 hash=False elapsed=65.1s
step   700/900 tau=0.0655 loss=0.351780 mse_soft=0.351403 ent_in=0.9630 ent_out=0.2928 rowmax_in=0.5768 rowmax_out=0.8501 discrete_mse=346.223846 best_discrete=104.637909 hash=False elapsed=67.4s
step   725/900 tau=0.0594 loss=0.301855 mse_soft=0.301501 ent_in=0.8797 ent_out=0.3009 rowmax_in=0.5946 rowmax_out=0.8494 discrete_mse=177.437347 best_discrete=104.637909 hash=False elapsed=69.6s
step   750/900 tau=0.0539 loss=0.418616 mse_soft=0.418405 ent_in=0.5612 ent_out=0.1434 rowmax_in=0.7530 rowmax_out=0.9430 discrete_mse=63.539562 best_discrete=63.539562 hash=False elapsed=71.8s
step   775/900 tau=0.0489 loss=0.381018 mse_soft=0.380819 ent_in=0.5193 ent_out=0.1445 rowmax_in=0.7305 rowmax_out=0.9279 discrete_mse=53.178856 best_discrete=53.178856 hash=False elapsed=74.2s
step   800/900 tau=0.0443 loss=0.375106 mse_soft=0.374896 ent_in=0.5466 ent_out=0.1537 rowmax_in=0.7263 rowmax_out=0.9233 discrete_mse=118.469170 best_discrete=53.178856 hash=False elapsed=76.6s
step   825/900 tau=0.0402 loss=0.371757 mse_soft=0.371538 ent_in=0.5671 ent_out=0.1624 rowmax_in=0.7172 rowmax_out=0.9176 discrete_mse=118.469170 best_discrete=53.178856 hash=False elapsed=78.9s
step   850/900 tau=0.0365 loss=0.447567 mse_soft=0.447378 ent_in=0.4854 ent_out=0.1444 rowmax_in=0.7633 rowmax_out=0.9288 discrete_mse=42.387550 best_discrete=42.387550 hash=False elapsed=81.4s
step   875/900 tau=0.0331 loss=0.519030 mse_soft=0.518911 ent_in=0.3108 ent_out=0.0829 rowmax_in=0.8483 rowmax_out=0.9606 discrete_mse=5.437602 best_discrete=5.437602 hash=False elapsed=83.9s
step   900/900 tau=0.0300 loss=0.523650 mse_soft=0.523537 ent_in=0.3065 ent_out=0.0703 rowmax_in=0.8432 rowmax_out=0.9653 discrete_mse=8.416158 best_discrete=5.437602 hash=False elapsed=86.3s

Final metrics:
  soft_mse_full=0.529199
  rowmax_in_mean=0.8504
  rowmax_out_mean=0.9653
  ent_in_mean=0.3010
  ent_out_mean=0.0700
  final_discrete_mse=6.307313
  hash_match=False
  best_discrete_mse_seen=5.437602
Saved results to overnight_b029_j1.json
