Using device: cuda
Train rows: 10000 / Full rows: 10000, steps=700, lr=0.02
step     1/700 tau=1.0000 loss=1.065693 mse_soft=1.063370 ent_in=3.8712 ent_out=3.8712 rowmax_in=0.0213 rowmax_out=0.0213 discrete_mse=54.001812 best_discrete=54.001812 hash=False elapsed=0.5s
step    25/700 tau=0.8866 loss=0.935329 mse_soft=0.933077 ent_in=3.7430 ent_out=3.7627 rowmax_in=0.0375 rowmax_out=0.0360 discrete_mse=7967.634277 best_discrete=54.001812 hash=False elapsed=2.7s
step    50/700 tau=0.7821 loss=0.710872 mse_soft=0.708836 ent_in=3.3619 ent_out=3.4250 rowmax_in=0.0700 rowmax_out=0.0665 discrete_mse=3619.383789 best_discrete=54.001812 hash=False elapsed=5.0s
step    75/700 tau=0.6899 loss=0.586113 mse_soft=0.584319 ent_in=2.9333 ent_out=3.0464 rowmax_in=0.1298 rowmax_out=0.1222 discrete_mse=487.893402 best_discrete=54.001812 hash=False elapsed=7.2s
step   100/700 tau=0.6086 loss=0.472522 mse_soft=0.471080 ent_in=2.4123 ent_out=2.3917 rowmax_in=0.2409 rowmax_out=0.2634 discrete_mse=215.200500 best_discrete=54.001812 hash=False elapsed=9.2s
step   125/700 tau=0.5368 loss=0.385711 mse_soft=0.384665 ent_in=1.8597 ent_out=1.6258 rowmax_in=0.3722 rowmax_out=0.4847 discrete_mse=3241.215088 best_discrete=54.001812 hash=False elapsed=11.5s
step   150/700 tau=0.4736 loss=0.338164 mse_soft=0.337409 ent_in=1.4846 ent_out=1.0316 rowmax_in=0.4622 rowmax_out=0.6518 discrete_mse=1080.465576 best_discrete=54.001812 hash=False elapsed=13.7s
step   175/700 tau=0.4177 loss=0.317685 mse_soft=0.317054 ent_in=1.3461 ent_out=0.7594 rowmax_in=0.4799 rowmax_out=0.7172 discrete_mse=84.460205 best_discrete=54.001812 hash=False elapsed=15.7s
step   200/700 tau=0.3685 loss=0.303755 mse_soft=0.303216 ent_in=1.2214 ent_out=0.5768 rowmax_in=0.5061 rowmax_out=0.7782 discrete_mse=60.220860 best_discrete=54.001812 hash=False elapsed=17.8s
step   225/700 tau=0.3251 loss=0.297228 mse_soft=0.296738 ent_in=1.1533 ent_out=0.4795 rowmax_in=0.5202 rowmax_out=0.8064 discrete_mse=354.582031 best_discrete=54.001812 hash=False elapsed=19.7s
step   250/700 tau=0.2868 loss=0.290387 mse_soft=0.289934 ent_in=1.0873 ent_out=0.4220 rowmax_in=0.5389 rowmax_out=0.8171 discrete_mse=144.254684 best_discrete=54.001812 hash=False elapsed=21.8s
step   275/700 tau=0.2530 loss=0.288093 mse_soft=0.287656 ent_in=1.0649 ent_out=0.3906 rowmax_in=0.5428 rowmax_out=0.8259 discrete_mse=56.509335 best_discrete=54.001812 hash=False elapsed=23.9s
step   300/700 tau=0.2231 loss=0.287737 mse_soft=0.287309 ent_in=1.0517 ent_out=0.3769 rowmax_in=0.5451 rowmax_out=0.8313 discrete_mse=101.936394 best_discrete=54.001812 hash=False elapsed=25.8s
step   325/700 tau=0.1968 loss=0.285971 mse_soft=0.285548 ent_in=1.0389 ent_out=0.3697 rowmax_in=0.5475 rowmax_out=0.8328 discrete_mse=302.237640 best_discrete=54.001812 hash=False elapsed=27.9s
step   350/700 tau=0.1736 loss=0.284932 mse_soft=0.284513 ent_in=1.0302 ent_out=0.3658 rowmax_in=0.5488 rowmax_out=0.8359 discrete_mse=43.273560 best_discrete=43.273560 hash=False elapsed=30.0s
step   375/700 tau=0.1532 loss=0.285652 mse_soft=0.285236 ent_in=1.0228 ent_out=0.3607 rowmax_in=0.5502 rowmax_out=0.8375 discrete_mse=302.237640 best_discrete=43.273560 hash=False elapsed=32.1s
step   400/700 tau=0.1351 loss=0.283623 mse_soft=0.283215 ent_in=1.0189 ent_out=0.3420 rowmax_in=0.5514 rowmax_out=0.8416 discrete_mse=34.839592 best_discrete=34.839592 hash=False elapsed=34.2s
step   425/700 tau=0.1192 loss=0.282703 mse_soft=0.282300 ent_in=1.0153 ent_out=0.3277 rowmax_in=0.5519 rowmax_out=0.8455 discrete_mse=39.556480 best_discrete=34.839592 hash=False elapsed=36.4s
step   450/700 tau=0.1051 loss=0.282981 mse_soft=0.282582 ent_in=1.0060 ent_out=0.3261 rowmax_in=0.5550 rowmax_out=0.8459 discrete_mse=187.613327 best_discrete=34.839592 hash=False elapsed=38.4s
step   475/700 tau=0.0928 loss=0.287674 mse_soft=0.287277 ent_in=1.0026 ent_out=0.3223 rowmax_in=0.5560 rowmax_out=0.8461 discrete_mse=187.613327 best_discrete=34.839592 hash=False elapsed=40.7s
step   500/700 tau=0.0818 loss=0.286808 mse_soft=0.286413 ent_in=0.9997 ent_out=0.3184 rowmax_in=0.5561 rowmax_out=0.8483 discrete_mse=80.239487 best_discrete=34.839592 hash=False elapsed=42.7s
step   525/700 tau=0.0722 loss=0.290991 mse_soft=0.290599 ent_in=0.9895 ent_out=0.3159 rowmax_in=0.5618 rowmax_out=0.8501 discrete_mse=80.239487 best_discrete=34.839592 hash=False elapsed=44.8s
step   550/700 tau=0.0637 loss=0.283653 mse_soft=0.283265 ent_in=0.9787 ent_out=0.3141 rowmax_in=0.5659 rowmax_out=0.8509 discrete_mse=63.449848 best_discrete=34.839592 hash=False elapsed=46.9s
step   575/700 tau=0.0562 loss=0.291468 mse_soft=0.291088 ent_in=0.9627 ent_out=0.3045 rowmax_in=0.5746 rowmax_out=0.8547 discrete_mse=14.965699 best_discrete=14.965699 hash=False elapsed=49.1s
step   600/700 tau=0.0495 loss=0.301525 mse_soft=0.301148 ent_in=0.9488 ent_out=0.3062 rowmax_in=0.5775 rowmax_out=0.8528 discrete_mse=75.032227 best_discrete=14.965699 hash=False elapsed=51.5s
step   625/700 tau=0.0437 loss=0.301506 mse_soft=0.301138 ent_in=0.9193 ent_out=0.3048 rowmax_in=0.5940 rowmax_out=0.8525 discrete_mse=79.444351 best_discrete=14.965699 hash=False elapsed=53.8s
step   650/700 tau=0.0386 loss=0.414892 mse_soft=0.414640 ent_in=0.6501 ent_out=0.1916 rowmax_in=0.7189 rowmax_out=0.9077 discrete_mse=30.811106 best_discrete=14.965699 hash=False elapsed=55.9s
step   675/700 tau=0.0340 loss=0.375993 mse_soft=0.375763 ent_in=0.5771 ent_out=0.1881 rowmax_in=0.7083 rowmax_out=0.8934 discrete_mse=300.075531 best_discrete=14.965699 hash=False elapsed=58.0s
step   700/700 tau=0.0300 loss=0.379452 mse_soft=0.379246 ent_in=0.5141 ent_out=0.1749 rowmax_in=0.7534 rowmax_out=0.8948 discrete_mse=112.000023 best_discrete=14.965699 hash=False elapsed=60.2s

Final metrics:
  soft_mse_full=0.394834
  rowmax_in_mean=0.7626
  rowmax_out_mean=0.8962
  ent_in_mean=0.4965
  ent_out_mean=0.1743
  final_discrete_mse=124.016396
  hash_match=False
  best_discrete_mse_seen=14.965699
Saved results to overnight_b072_j3.json
