Using device: cuda
Train rows: 10000 / Full rows: 10000, steps=700, lr=0.015
step     1/700 tau=1.0000 loss=1.064226 mse_soft=1.063452 ent_in=3.8712 ent_out=3.8712 rowmax_in=0.0213 rowmax_out=0.0213 discrete_mse=118.452950 best_discrete=118.452950 hash=False elapsed=0.5s
step    25/700 tau=0.8810 loss=0.972147 mse_soft=0.971387 ent_in=3.7933 ent_out=3.8054 rowmax_in=0.0330 rowmax_out=0.0323 discrete_mse=2.684871 best_discrete=2.684871 hash=False elapsed=2.6s
step    50/700 tau=0.7721 loss=0.786759 mse_soft=0.786051 ent_in=3.5143 ent_out=3.5654 rowmax_in=0.0566 rowmax_out=0.0542 discrete_mse=10554.430664 best_discrete=2.684871 hash=False elapsed=5.0s
step    75/700 tau=0.6767 loss=0.642904 mse_soft=0.642269 ent_in=3.1269 ent_out=3.2244 rowmax_in=0.0969 rowmax_out=0.0908 discrete_mse=2188.327637 best_discrete=2.684871 hash=False elapsed=7.5s
step   100/700 tau=0.5931 loss=0.533628 mse_soft=0.533077 ent_in=2.7017 ent_out=2.8078 rowmax_in=0.1880 rowmax_out=0.1728 discrete_mse=1058.067505 best_discrete=2.684871 hash=False elapsed=9.9s
step   125/700 tau=0.5198 loss=0.436603 mse_soft=0.436173 ent_in=2.1364 ent_out=2.1624 rowmax_in=0.3277 rowmax_out=0.3191 discrete_mse=165.695862 best_discrete=2.684871 hash=False elapsed=12.5s
step   150/700 tau=0.4555 loss=0.365048 mse_soft=0.364735 ent_in=1.6208 ent_out=1.5079 rowmax_in=0.4429 rowmax_out=0.5047 discrete_mse=74.927551 best_discrete=2.684871 hash=False elapsed=14.9s
step   175/700 tau=0.3992 loss=0.334612 mse_soft=0.334369 ent_in=1.3809 ent_out=1.0487 rowmax_in=0.4951 rowmax_out=0.6416 discrete_mse=217.873947 best_discrete=2.684871 hash=False elapsed=16.9s
step   200/700 tau=0.3499 loss=0.316445 mse_soft=0.316242 ent_in=1.2810 ent_out=0.7578 rowmax_in=0.5084 rowmax_out=0.7380 discrete_mse=426.829681 best_discrete=2.684871 hash=False elapsed=19.2s
step   225/700 tau=0.3066 loss=0.304889 mse_soft=0.304708 ent_in=1.2101 ent_out=0.5949 rowmax_in=0.5180 rowmax_out=0.7789 discrete_mse=435.002686 best_discrete=2.684871 hash=False elapsed=21.6s
step   250/700 tau=0.2687 loss=0.298881 mse_soft=0.298712 ent_in=1.1587 ent_out=0.5272 rowmax_in=0.5275 rowmax_out=0.7825 discrete_mse=1079.194458 best_discrete=2.684871 hash=False elapsed=23.8s
step   275/700 tau=0.2355 loss=0.295666 mse_soft=0.295508 ent_in=1.1031 ent_out=0.4746 rowmax_in=0.5404 rowmax_out=0.7925 discrete_mse=606.278564 best_discrete=2.684871 hash=False elapsed=26.2s
step   300/700 tau=0.2064 loss=0.292440 mse_soft=0.292289 ent_in=1.0662 ent_out=0.4494 rowmax_in=0.5459 rowmax_out=0.7993 discrete_mse=77.769798 best_discrete=2.684871 hash=False elapsed=28.2s
step   325/700 tau=0.1809 loss=0.289119 mse_soft=0.288971 ent_in=1.0429 ent_out=0.4324 rowmax_in=0.5509 rowmax_out=0.8067 discrete_mse=18.411837 best_discrete=2.684871 hash=False elapsed=30.6s
step   350/700 tau=0.1585 loss=0.289171 mse_soft=0.289026 ent_in=1.0280 ent_out=0.4182 rowmax_in=0.5527 rowmax_out=0.8104 discrete_mse=41.415806 best_discrete=2.684871 hash=False elapsed=33.0s
step   375/700 tau=0.1389 loss=0.289118 mse_soft=0.288975 ent_in=1.0221 ent_out=0.4069 rowmax_in=0.5550 rowmax_out=0.8135 discrete_mse=51.696125 best_discrete=2.684871 hash=False elapsed=35.3s
step   400/700 tau=0.1218 loss=0.287134 mse_soft=0.286994 ent_in=1.0107 ent_out=0.3963 rowmax_in=0.5555 rowmax_out=0.8181 discrete_mse=51.696125 best_discrete=2.684871 hash=False elapsed=37.5s
step   425/700 tau=0.1067 loss=0.286218 mse_soft=0.286080 ent_in=0.9994 ent_out=0.3837 rowmax_in=0.5572 rowmax_out=0.8242 discrete_mse=6.402662 best_discrete=2.684871 hash=False elapsed=39.7s
step   450/700 tau=0.0935 loss=0.298014 mse_soft=0.297878 ent_in=0.9868 ent_out=0.3688 rowmax_in=0.5618 rowmax_out=0.8297 discrete_mse=6.402662 best_discrete=2.684871 hash=False elapsed=41.9s
step   475/700 tau=0.0820 loss=0.290886 mse_soft=0.290753 ent_in=0.9769 ent_out=0.3576 rowmax_in=0.5635 rowmax_out=0.8318 discrete_mse=6.402662 best_discrete=2.684871 hash=False elapsed=44.0s
step   500/700 tau=0.0718 loss=0.286507 mse_soft=0.286375 ent_in=0.9696 ent_out=0.3496 rowmax_in=0.5654 rowmax_out=0.8325 discrete_mse=6.402662 best_discrete=2.684871 hash=False elapsed=46.2s
step   525/700 tau=0.0630 loss=0.290160 mse_soft=0.290030 ent_in=0.9576 ent_out=0.3395 rowmax_in=0.5699 rowmax_out=0.8357 discrete_mse=6.402662 best_discrete=2.684871 hash=False elapsed=48.5s
step   550/700 tau=0.0552 loss=0.302242 mse_soft=0.302114 ent_in=0.9452 ent_out=0.3365 rowmax_in=0.5738 rowmax_out=0.8331 discrete_mse=36.591904 best_discrete=2.684871 hash=False elapsed=50.8s
step   575/700 tau=0.0484 loss=0.304802 mse_soft=0.304676 ent_in=0.9323 ent_out=0.3275 rowmax_in=0.5819 rowmax_out=0.8278 discrete_mse=63.864475 best_discrete=2.684871 hash=False elapsed=53.1s
step   600/700 tau=0.0424 loss=0.356132 mse_soft=0.356013 ent_in=0.8661 ent_out=0.3212 rowmax_in=0.6051 rowmax_out=0.8342 discrete_mse=11.946630 best_discrete=2.684871 hash=False elapsed=55.2s
step   625/700 tau=0.0371 loss=0.333576 mse_soft=0.333474 ent_in=0.7544 ent_out=0.2626 rowmax_in=0.6538 rowmax_out=0.8654 discrete_mse=17.990526 best_discrete=2.684871 hash=False elapsed=57.6s
step   650/700 tau=0.0325 loss=0.394906 mse_soft=0.394809 ent_in=0.7381 ent_out=0.2401 rowmax_in=0.6528 rowmax_out=0.8664 discrete_mse=17.926485 best_discrete=2.684871 hash=False elapsed=59.8s
step   675/700 tau=0.0285 loss=0.368377 mse_soft=0.368290 ent_in=0.6252 ent_out=0.2389 rowmax_in=0.6942 rowmax_out=0.8814 discrete_mse=11.086864 best_discrete=2.684871 hash=False elapsed=62.2s
step   700/700 tau=0.0250 loss=0.363233 mse_soft=0.363149 ent_in=0.6035 ent_out=0.2375 rowmax_in=0.6989 rowmax_out=0.8825 discrete_mse=10.085517 best_discrete=2.684871 hash=False elapsed=64.4s

Final metrics:
  soft_mse_full=0.371937
  rowmax_in_mean=0.7065
  rowmax_out_mean=0.8860
  ent_in_mean=0.5974
  ent_out_mean=0.2348
  final_discrete_mse=11.286699
  hash_match=False
  best_discrete_mse_seen=2.684871
Saved results to overnight_b222_j4.json
