Using device: cuda
Train rows: 10000 / Full rows: 10000, steps=700, lr=0.015
step     1/700 tau=1.0000 loss=1.064173 mse_soft=1.063399 ent_in=3.8712 ent_out=3.8712 rowmax_in=0.0213 rowmax_out=0.0213 discrete_mse=26.248709 best_discrete=26.248709 hash=False elapsed=0.5s
step    25/700 tau=0.8810 loss=0.972036 mse_soft=0.971276 ent_in=3.7931 ent_out=3.8052 rowmax_in=0.0330 rowmax_out=0.0322 discrete_mse=392.746735 best_discrete=26.248709 hash=False elapsed=2.3s
step    50/700 tau=0.7721 loss=0.786304 mse_soft=0.785596 ent_in=3.5143 ent_out=3.5642 rowmax_in=0.0562 rowmax_out=0.0544 discrete_mse=3442.854736 best_discrete=26.248709 hash=False elapsed=4.2s
step    75/700 tau=0.6767 loss=0.642435 mse_soft=0.641799 ent_in=3.1298 ent_out=3.2287 rowmax_in=0.0981 rowmax_out=0.0926 discrete_mse=2249.044922 best_discrete=26.248709 hash=False elapsed=6.2s
step   100/700 tau=0.5931 loss=0.528212 mse_soft=0.527660 ent_in=2.7111 ent_out=2.8061 rowmax_in=0.1857 rowmax_out=0.1773 discrete_mse=7345.856445 best_discrete=26.248709 hash=False elapsed=8.2s
step   125/700 tau=0.5198 loss=0.436718 mse_soft=0.436283 ent_in=2.1869 ent_out=2.1640 rowmax_in=0.3025 rowmax_out=0.3300 discrete_mse=864.439575 best_discrete=26.248709 hash=False elapsed=10.4s
step   150/700 tau=0.4555 loss=0.374419 mse_soft=0.374086 ent_in=1.7809 ent_out=1.5478 rowmax_in=0.3970 rowmax_out=0.5185 discrete_mse=1766.437134 best_discrete=26.248709 hash=False elapsed=12.3s
step   175/700 tau=0.3992 loss=0.333354 mse_soft=0.333099 ent_in=1.5280 ent_out=1.0231 rowmax_in=0.4528 rowmax_out=0.6727 discrete_mse=266.791779 best_discrete=26.248709 hash=False elapsed=14.3s
step   200/700 tau=0.3499 loss=0.311516 mse_soft=0.311307 ent_in=1.3476 ent_out=0.7402 rowmax_in=0.4917 rowmax_out=0.7498 discrete_mse=484.661041 best_discrete=26.248709 hash=False elapsed=16.5s
step   225/700 tau=0.3066 loss=0.301978 mse_soft=0.301793 ent_in=1.2435 ent_out=0.6056 rowmax_in=0.5138 rowmax_out=0.7856 discrete_mse=130.560440 best_discrete=26.248709 hash=False elapsed=18.3s
step   250/700 tau=0.2687 loss=0.293560 mse_soft=0.293391 ent_in=1.1875 ent_out=0.5093 rowmax_in=0.5192 rowmax_out=0.8055 discrete_mse=193.263977 best_discrete=26.248709 hash=False elapsed=20.2s
step   275/700 tau=0.2355 loss=0.290866 mse_soft=0.290706 ent_in=1.1532 ent_out=0.4468 rowmax_in=0.5235 rowmax_out=0.8207 discrete_mse=106.123062 best_discrete=26.248709 hash=False elapsed=22.0s
step   300/700 tau=0.2064 loss=0.286988 mse_soft=0.286834 ent_in=1.1334 ent_out=0.4089 rowmax_in=0.5235 rowmax_out=0.8325 discrete_mse=203.063202 best_discrete=26.248709 hash=False elapsed=23.9s
step   325/700 tau=0.1809 loss=0.291914 mse_soft=0.291764 ent_in=1.1079 ent_out=0.3928 rowmax_in=0.5272 rowmax_out=0.8363 discrete_mse=222.841293 best_discrete=26.248709 hash=False elapsed=25.9s
step   350/700 tau=0.1585 loss=0.282780 mse_soft=0.282632 ent_in=1.0913 ent_out=0.3848 rowmax_in=0.5291 rowmax_out=0.8369 discrete_mse=132.332718 best_discrete=26.248709 hash=False elapsed=27.9s
step   375/700 tau=0.1389 loss=0.285378 mse_soft=0.285233 ent_in=1.0750 ent_out=0.3821 rowmax_in=0.5339 rowmax_out=0.8367 discrete_mse=132.332718 best_discrete=26.248709 hash=False elapsed=29.8s
step   400/700 tau=0.1218 loss=0.282982 mse_soft=0.282837 ent_in=1.0637 ent_out=0.3850 rowmax_in=0.5349 rowmax_out=0.8346 discrete_mse=239.343048 best_discrete=26.248709 hash=False elapsed=31.7s
step   425/700 tau=0.1067 loss=0.281518 mse_soft=0.281375 ent_in=1.0507 ent_out=0.3748 rowmax_in=0.5381 rowmax_out=0.8399 discrete_mse=498.017090 best_discrete=26.248709 hash=False elapsed=33.5s
step   450/700 tau=0.0935 loss=0.292216 mse_soft=0.292075 ent_in=1.0442 ent_out=0.3677 rowmax_in=0.5400 rowmax_out=0.8416 discrete_mse=132.332718 best_discrete=26.248709 hash=False elapsed=35.4s
step   475/700 tau=0.0820 loss=0.286206 mse_soft=0.286066 ent_in=1.0361 ent_out=0.3593 rowmax_in=0.5450 rowmax_out=0.8455 discrete_mse=358.807190 best_discrete=26.248709 hash=False elapsed=37.3s
step   500/700 tau=0.0718 loss=0.297956 mse_soft=0.297817 ent_in=1.0305 ent_out=0.3598 rowmax_in=0.5481 rowmax_out=0.8436 discrete_mse=44.813206 best_discrete=26.248709 hash=False elapsed=39.2s
step   525/700 tau=0.0630 loss=0.293338 mse_soft=0.293200 ent_in=1.0292 ent_out=0.3542 rowmax_in=0.5457 rowmax_out=0.8456 discrete_mse=93.670319 best_discrete=26.248709 hash=False elapsed=41.1s
step   550/700 tau=0.0552 loss=0.314575 mse_soft=0.314438 ent_in=1.0193 ent_out=0.3501 rowmax_in=0.5491 rowmax_out=0.8467 discrete_mse=76.425667 best_discrete=26.248709 hash=False elapsed=43.0s
step   575/700 tau=0.0484 loss=0.308561 mse_soft=0.308425 ent_in=1.0033 ent_out=0.3557 rowmax_in=0.5504 rowmax_out=0.8396 discrete_mse=6.250286 best_discrete=6.250286 hash=False elapsed=44.8s
step   600/700 tau=0.0424 loss=0.329154 mse_soft=0.329025 ent_in=0.9525 ent_out=0.3355 rowmax_in=0.5736 rowmax_out=0.8506 discrete_mse=60.083347 best_discrete=6.250286 hash=False elapsed=46.8s
step   625/700 tau=0.0371 loss=0.329510 mse_soft=0.329386 ent_in=0.9158 ent_out=0.3203 rowmax_in=0.5858 rowmax_out=0.8451 discrete_mse=111.016838 best_discrete=6.250286 hash=False elapsed=48.9s
step   650/700 tau=0.0325 loss=0.338858 mse_soft=0.338742 ent_in=0.8635 ent_out=0.2959 rowmax_in=0.6046 rowmax_out=0.8570 discrete_mse=122.906319 best_discrete=6.250286 hash=False elapsed=50.9s
step   675/700 tau=0.0285 loss=0.323198 mse_soft=0.323097 ent_in=0.7642 ent_out=0.2548 rowmax_in=0.6273 rowmax_out=0.8834 discrete_mse=114.338997 best_discrete=6.250286 hash=False elapsed=52.9s
step   700/700 tau=0.0250 loss=0.317054 mse_soft=0.316955 ent_in=0.7364 ent_out=0.2601 rowmax_in=0.6324 rowmax_out=0.8747 discrete_mse=928.116394 best_discrete=6.250286 hash=False elapsed=54.8s

Final metrics:
  soft_mse_full=0.318739
  rowmax_in_mean=0.6373
  rowmax_out_mean=0.8763
  ent_in_mean=0.7310
  ent_out_mean=0.2592
  final_discrete_mse=344.717896
  hash_match=False
  best_discrete_mse_seen=6.250286
Saved results to overnight_b041_j4.json
