Using device: cuda
Train rows: 10000 / Full rows: 10000, steps=700, lr=0.015
step     1/700 tau=1.0000 loss=1.064263 mse_soft=1.063488 ent_in=3.8712 ent_out=3.8712 rowmax_in=0.0213 rowmax_out=0.0213 discrete_mse=42.107567 best_discrete=42.107567 hash=False elapsed=0.5s
step    25/700 tau=0.8810 loss=0.972413 mse_soft=0.971653 ent_in=3.7936 ent_out=3.8057 rowmax_in=0.0330 rowmax_out=0.0322 discrete_mse=286.528107 best_discrete=42.107567 hash=False elapsed=2.7s
step    50/700 tau=0.7721 loss=0.786802 mse_soft=0.786094 ent_in=3.5158 ent_out=3.5667 rowmax_in=0.0563 rowmax_out=0.0542 discrete_mse=2410.150635 best_discrete=42.107567 hash=False elapsed=5.0s
step    75/700 tau=0.6767 loss=0.642642 mse_soft=0.642006 ent_in=3.1336 ent_out=3.2293 rowmax_in=0.0967 rowmax_out=0.0916 discrete_mse=10101.128906 best_discrete=42.107567 hash=False elapsed=7.5s
step   100/700 tau=0.5931 loss=0.532107 mse_soft=0.531551 ent_in=2.7317 ent_out=2.8196 rowmax_in=0.1814 rowmax_out=0.1627 discrete_mse=409.202484 best_discrete=42.107567 hash=False elapsed=9.7s
step   125/700 tau=0.5198 loss=0.432232 mse_soft=0.431797 ent_in=2.1893 ent_out=2.1554 rowmax_in=0.3137 rowmax_out=0.3267 discrete_mse=1933.829346 best_discrete=42.107567 hash=False elapsed=11.9s
step   150/700 tau=0.4555 loss=0.366199 mse_soft=0.365875 ent_in=1.7494 ent_out=1.4858 rowmax_in=0.4079 rowmax_out=0.5319 discrete_mse=2854.218018 best_discrete=42.107567 hash=False elapsed=14.3s
step   175/700 tau=0.3992 loss=0.327042 mse_soft=0.326795 ent_in=1.4609 ent_out=1.0045 rowmax_in=0.4717 rowmax_out=0.6860 discrete_mse=1319.937134 best_discrete=42.107567 hash=False elapsed=16.5s
step   200/700 tau=0.3499 loss=0.308499 mse_soft=0.308296 ent_in=1.2913 ent_out=0.7423 rowmax_in=0.5089 rowmax_out=0.7402 discrete_mse=127.414772 best_discrete=42.107567 hash=False elapsed=18.6s
step   225/700 tau=0.3066 loss=0.299173 mse_soft=0.298995 ent_in=1.2188 ent_out=0.5600 rowmax_in=0.5232 rowmax_out=0.7912 discrete_mse=184.711243 best_discrete=42.107567 hash=False elapsed=20.9s
step   250/700 tau=0.2687 loss=0.295438 mse_soft=0.295275 ent_in=1.1695 ent_out=0.4627 rowmax_in=0.5312 rowmax_out=0.8127 discrete_mse=95.725037 best_discrete=42.107567 hash=False elapsed=23.0s
step   275/700 tau=0.2355 loss=0.291992 mse_soft=0.291837 ent_in=1.1335 ent_out=0.4175 rowmax_in=0.5365 rowmax_out=0.8175 discrete_mse=734.410706 best_discrete=42.107567 hash=False elapsed=25.1s
step   300/700 tau=0.2064 loss=0.290372 mse_soft=0.290221 ent_in=1.1086 ent_out=0.3969 rowmax_in=0.5411 rowmax_out=0.8180 discrete_mse=966.497192 best_discrete=42.107567 hash=False elapsed=27.2s
step   325/700 tau=0.1809 loss=0.289365 mse_soft=0.289217 ent_in=1.0918 ent_out=0.3853 rowmax_in=0.5441 rowmax_out=0.8207 discrete_mse=629.935608 best_discrete=42.107567 hash=False elapsed=29.3s
step   350/700 tau=0.1585 loss=0.287794 mse_soft=0.287648 ent_in=1.0846 ent_out=0.3764 rowmax_in=0.5431 rowmax_out=0.8234 discrete_mse=268.723053 best_discrete=42.107567 hash=False elapsed=31.4s
step   375/700 tau=0.1389 loss=0.286848 mse_soft=0.286704 ent_in=1.0726 ent_out=0.3676 rowmax_in=0.5446 rowmax_out=0.8257 discrete_mse=117.794357 best_discrete=42.107567 hash=False elapsed=33.4s
step   400/700 tau=0.1218 loss=0.292093 mse_soft=0.291951 ent_in=1.0614 ent_out=0.3614 rowmax_in=0.5463 rowmax_out=0.8264 discrete_mse=214.772400 best_discrete=42.107567 hash=False elapsed=35.7s
step   425/700 tau=0.1067 loss=0.290185 mse_soft=0.290044 ent_in=1.0541 ent_out=0.3557 rowmax_in=0.5471 rowmax_out=0.8264 discrete_mse=214.772400 best_discrete=42.107567 hash=False elapsed=38.2s
step   450/700 tau=0.0935 loss=0.295368 mse_soft=0.295228 ent_in=1.0475 ent_out=0.3519 rowmax_in=0.5493 rowmax_out=0.8250 discrete_mse=214.772400 best_discrete=42.107567 hash=False elapsed=40.7s
step   475/700 tau=0.0820 loss=0.299096 mse_soft=0.298956 ent_in=1.0475 ent_out=0.3492 rowmax_in=0.5437 rowmax_out=0.8247 discrete_mse=262.220276 best_discrete=42.107567 hash=False elapsed=43.0s
step   500/700 tau=0.0718 loss=0.296920 mse_soft=0.296782 ent_in=1.0357 ent_out=0.3427 rowmax_in=0.5479 rowmax_out=0.8286 discrete_mse=63.071510 best_discrete=42.107567 hash=False elapsed=45.5s
step   525/700 tau=0.0630 loss=0.323585 mse_soft=0.323447 ent_in=1.0331 ent_out=0.3431 rowmax_in=0.5461 rowmax_out=0.8188 discrete_mse=170.277847 best_discrete=42.107567 hash=False elapsed=47.7s
step   550/700 tau=0.0552 loss=0.307250 mse_soft=0.307114 ent_in=1.0126 ent_out=0.3474 rowmax_in=0.5539 rowmax_out=0.8178 discrete_mse=520.923889 best_discrete=42.107567 hash=False elapsed=49.9s
step   575/700 tau=0.0484 loss=0.346212 mse_soft=0.346077 ent_in=1.0109 ent_out=0.3372 rowmax_in=0.5488 rowmax_out=0.8228 discrete_mse=36.580063 best_discrete=36.580063 hash=False elapsed=52.1s
step   600/700 tau=0.0424 loss=0.419872 mse_soft=0.419743 ent_in=0.9757 ent_out=0.3241 rowmax_in=0.5574 rowmax_out=0.8240 discrete_mse=76.224945 best_discrete=36.580063 hash=False elapsed=54.3s
step   625/700 tau=0.0371 loss=0.317075 mse_soft=0.316961 ent_in=0.8711 ent_out=0.2740 rowmax_in=0.5911 rowmax_out=0.8523 discrete_mse=27.714899 best_discrete=27.714899 hash=False elapsed=56.4s
step   650/700 tau=0.0325 loss=0.307705 mse_soft=0.307590 ent_in=0.8784 ent_out=0.2656 rowmax_in=0.5849 rowmax_out=0.8488 discrete_mse=136.499435 best_discrete=27.714899 hash=False elapsed=58.5s
step   675/700 tau=0.0285 loss=0.342550 mse_soft=0.342451 ent_in=0.7618 ent_out=0.2285 rowmax_in=0.6451 rowmax_out=0.8675 discrete_mse=51.661430 best_discrete=27.714899 hash=False elapsed=60.7s
step   700/700 tau=0.0250 loss=0.454821 mse_soft=0.454731 ent_in=0.6980 ent_out=0.2079 rowmax_in=0.6700 rowmax_out=0.8689 discrete_mse=54.173805 best_discrete=27.714899 hash=False elapsed=62.8s

Final metrics:
  soft_mse_full=0.353803
  rowmax_in_mean=0.6639
  rowmax_out_mean=0.8858
  ent_in_mean=0.7021
  ent_out_mean=0.1991
  final_discrete_mse=57.916286
  hash_match=False
  best_discrete_mse_seen=27.714899
Saved results to overnight_b174_j4.json
