Using device: cuda
Train rows: 4096 / Full rows: 10000, steps=900, lr=0.03
step     1/900 tau=1.0000 loss=1.056900 mse_soft=1.054577 ent_in=3.8712 ent_out=3.8712 rowmax_in=0.0213 rowmax_out=0.0213 discrete_mse=37.915615 best_discrete=37.915615 hash=False elapsed=0.5s
step    25/900 tau=0.9106 loss=0.855433 mse_soft=0.853243 ent_in=3.6338 ent_out=3.6668 rowmax_in=0.0449 rowmax_out=0.0440 discrete_mse=1565.635132 best_discrete=37.915615 hash=False elapsed=2.6s
step    50/900 tau=0.8260 loss=0.651290 mse_soft=0.649374 ent_in=3.1466 ent_out=3.2394 rowmax_in=0.0918 rowmax_out=0.0855 discrete_mse=4583.117676 best_discrete=37.915615 hash=False elapsed=4.7s
step    75/900 tau=0.7493 loss=0.516204 mse_soft=0.514597 ent_in=2.6407 ent_out=2.7140 rowmax_in=0.2022 rowmax_out=0.1998 discrete_mse=476.041382 best_discrete=37.915615 hash=False elapsed=6.9s
step   100/900 tau=0.6797 loss=0.408268 mse_soft=0.407089 ent_in=2.0614 ent_out=1.8677 rowmax_in=0.3320 rowmax_out=0.4113 discrete_mse=835.390503 best_discrete=37.915615 hash=False elapsed=9.0s
step   125/900 tau=0.6165 loss=0.347923 mse_soft=0.347035 ent_in=1.6724 ent_out=1.2891 rowmax_in=0.4082 rowmax_out=0.5853 discrete_mse=60.081573 best_discrete=37.915615 hash=False elapsed=11.1s
step   150/900 tau=0.5592 loss=0.318704 mse_soft=0.317994 ent_in=1.4454 ent_out=0.9200 rowmax_in=0.4429 rowmax_out=0.6883 discrete_mse=161.330444 best_discrete=37.915615 hash=False elapsed=13.1s
step   175/900 tau=0.5073 loss=0.302572 mse_soft=0.301990 ent_in=1.3069 ent_out=0.6339 rowmax_in=0.4584 rowmax_out=0.7814 discrete_mse=10.242078 best_discrete=10.242078 hash=False elapsed=15.3s
step   200/900 tau=0.4602 loss=0.293730 mse_soft=0.293199 ent_in=1.2560 ent_out=0.5156 rowmax_in=0.4619 rowmax_out=0.8013 discrete_mse=188.440826 best_discrete=10.242078 hash=False elapsed=17.8s
step   225/900 tau=0.4174 loss=0.288683 mse_soft=0.288186 ent_in=1.2036 ent_out=0.4520 rowmax_in=0.4725 rowmax_out=0.8180 discrete_mse=96.467522 best_discrete=10.242078 hash=False elapsed=20.0s
step   250/900 tau=0.3786 loss=0.285150 mse_soft=0.284673 ent_in=1.1689 ent_out=0.4212 rowmax_in=0.4819 rowmax_out=0.8229 discrete_mse=216.850845 best_discrete=10.242078 hash=False elapsed=22.1s
step   275/900 tau=0.3434 loss=0.281811 mse_soft=0.281351 ent_in=1.1399 ent_out=0.3946 rowmax_in=0.4879 rowmax_out=0.8308 discrete_mse=188.479050 best_discrete=10.242078 hash=False elapsed=24.2s
step   300/900 tau=0.3115 loss=0.280373 mse_soft=0.279922 ent_in=1.1212 ent_out=0.3804 rowmax_in=0.4928 rowmax_out=0.8327 discrete_mse=145.630478 best_discrete=10.242078 hash=False elapsed=26.4s
step   325/900 tau=0.2826 loss=0.279383 mse_soft=0.278937 ent_in=1.1144 ent_out=0.3710 rowmax_in=0.4987 rowmax_out=0.8317 discrete_mse=262.059265 best_discrete=10.242078 hash=False elapsed=28.6s
step   350/900 tau=0.2563 loss=0.278781 mse_soft=0.278339 ent_in=1.1073 ent_out=0.3664 rowmax_in=0.5002 rowmax_out=0.8301 discrete_mse=101.836105 best_discrete=10.242078 hash=False elapsed=31.0s
step   375/900 tau=0.2325 loss=0.277358 mse_soft=0.276922 ent_in=1.0972 ent_out=0.3564 rowmax_in=0.5060 rowmax_out=0.8349 discrete_mse=208.563843 best_discrete=10.242078 hash=False elapsed=33.0s
step   400/900 tau=0.2109 loss=0.284669 mse_soft=0.284238 ent_in=1.0866 ent_out=0.3498 rowmax_in=0.5112 rowmax_out=0.8352 discrete_mse=230.547821 best_discrete=10.242078 hash=False elapsed=35.1s
step   425/900 tau=0.1913 loss=0.275770 mse_soft=0.275348 ent_in=1.0775 ent_out=0.3321 rowmax_in=0.5126 rowmax_out=0.8456 discrete_mse=64.671684 best_discrete=10.242078 hash=False elapsed=37.1s
step   450/900 tau=0.1735 loss=0.277951 mse_soft=0.277533 ent_in=1.0652 ent_out=0.3265 rowmax_in=0.5146 rowmax_out=0.8459 discrete_mse=101.836105 best_discrete=10.242078 hash=False elapsed=39.3s
step   475/900 tau=0.1574 loss=0.278250 mse_soft=0.277837 ent_in=1.0559 ent_out=0.3226 rowmax_in=0.5182 rowmax_out=0.8443 discrete_mse=127.759109 best_discrete=10.242078 hash=False elapsed=41.6s
step   500/900 tau=0.1428 loss=0.277610 mse_soft=0.277198 ent_in=1.0535 ent_out=0.3204 rowmax_in=0.5185 rowmax_out=0.8423 discrete_mse=149.633499 best_discrete=10.242078 hash=False elapsed=43.8s
step   525/900 tau=0.1295 loss=0.275294 mse_soft=0.274884 ent_in=1.0487 ent_out=0.3179 rowmax_in=0.5186 rowmax_out=0.8419 discrete_mse=189.623993 best_discrete=10.242078 hash=False elapsed=45.7s
step   550/900 tau=0.1175 loss=0.283030 mse_soft=0.282623 ent_in=1.0367 ent_out=0.3182 rowmax_in=0.5259 rowmax_out=0.8388 discrete_mse=283.064117 best_discrete=10.242078 hash=False elapsed=47.6s
step   575/900 tau=0.1066 loss=0.293725 mse_soft=0.293329 ent_in=1.0242 ent_out=0.2950 rowmax_in=0.5261 rowmax_out=0.8471 discrete_mse=16.185879 best_discrete=10.242078 hash=False elapsed=49.5s
step   600/900 tau=0.0967 loss=0.300280 mse_soft=0.299900 ent_in=0.9840 ent_out=0.2857 rowmax_in=0.5529 rowmax_out=0.8518 discrete_mse=62.858192 best_discrete=10.242078 hash=False elapsed=51.4s
step   625/900 tau=0.0877 loss=0.283187 mse_soft=0.282799 ent_in=0.9947 ent_out=0.3011 rowmax_in=0.5334 rowmax_out=0.8470 discrete_mse=99.585648 best_discrete=10.242078 hash=False elapsed=53.3s
step   650/900 tau=0.0795 loss=0.377966 mse_soft=0.377590 ent_in=0.9810 ent_out=0.2720 rowmax_in=0.5426 rowmax_out=0.8542 discrete_mse=64.987335 best_discrete=10.242078 hash=False elapsed=55.2s
step   675/900 tau=0.0722 loss=0.310769 mse_soft=0.310441 ent_in=0.8796 ent_out=0.2144 rowmax_in=0.5768 rowmax_out=0.8921 discrete_mse=306.525146 best_discrete=10.242078 hash=False elapsed=57.1s
step   700/900 tau=0.0655 loss=0.309606 mse_soft=0.309299 ent_in=0.8221 ent_out=0.2020 rowmax_in=0.6149 rowmax_out=0.8955 discrete_mse=91.022026 best_discrete=10.242078 hash=False elapsed=59.0s
step   725/900 tau=0.0594 loss=0.295830 mse_soft=0.295518 ent_in=0.8291 ent_out=0.2104 rowmax_in=0.5907 rowmax_out=0.8892 discrete_mse=48.090775 best_discrete=10.242078 hash=False elapsed=60.9s
step   750/900 tau=0.0539 loss=0.384984 mse_soft=0.384756 ent_in=0.6264 ent_out=0.1333 rowmax_in=0.7001 rowmax_out=0.9260 discrete_mse=5.595941 best_discrete=5.595941 hash=False elapsed=62.8s
step   775/900 tau=0.0489 loss=0.352707 mse_soft=0.352490 ent_in=0.5904 ent_out=0.1328 rowmax_in=0.7065 rowmax_out=0.9239 discrete_mse=25.399027 best_discrete=5.595941 hash=False elapsed=64.7s
step   800/900 tau=0.0443 loss=0.342801 mse_soft=0.342589 ent_in=0.5768 ent_out=0.1293 rowmax_in=0.7193 rowmax_out=0.9243 discrete_mse=8.748425 best_discrete=5.595941 hash=False elapsed=66.5s
step   825/900 tau=0.0402 loss=0.334878 mse_soft=0.334661 ent_in=0.6133 ent_out=0.1113 rowmax_in=0.6881 rowmax_out=0.9352 discrete_mse=27.750462 best_discrete=5.595941 hash=False elapsed=68.4s
step   850/900 tau=0.0365 loss=0.418987 mse_soft=0.418796 ent_in=0.5268 ent_out=0.1112 rowmax_in=0.7495 rowmax_out=0.9341 discrete_mse=32.178429 best_discrete=5.595941 hash=False elapsed=70.3s
step   875/900 tau=0.0331 loss=0.370048 mse_soft=0.369875 ent_in=0.4682 ent_out=0.1072 rowmax_in=0.7479 rowmax_out=0.9371 discrete_mse=37.419998 best_discrete=5.595941 hash=False elapsed=72.1s
step   900/900 tau=0.0300 loss=0.353341 mse_soft=0.353167 ent_in=0.4696 ent_out=0.1113 rowmax_in=0.7457 rowmax_out=0.9337 discrete_mse=20.719812 best_discrete=5.595941 hash=False elapsed=74.0s

Final metrics:
  soft_mse_full=0.361876
  rowmax_in_mean=0.7457
  rowmax_out_mean=0.9336
  ent_in_mean=0.4686
  ent_out_mean=0.1113
  final_discrete_mse=23.756657
  hash_match=False
  best_discrete_mse_seen=5.595941
Saved results to overnight_b240_j1.json
