Using device: cuda
Train rows: 10000 / Full rows: 10000, steps=700, lr=0.02
step     1/700 tau=1.0000 loss=1.065695 mse_soft=1.063372 ent_in=3.8712 ent_out=3.8712 rowmax_in=0.0213 rowmax_out=0.0213 discrete_mse=48.411018 best_discrete=48.411018 hash=False elapsed=0.5s
step    25/700 tau=0.8866 loss=0.935108 mse_soft=0.932857 ent_in=3.7418 ent_out=3.7624 rowmax_in=0.0373 rowmax_out=0.0361 discrete_mse=2524.446045 best_discrete=48.411018 hash=False elapsed=2.5s
step    50/700 tau=0.7821 loss=0.710558 mse_soft=0.708523 ent_in=3.3613 ent_out=3.4230 rowmax_in=0.0695 rowmax_out=0.0670 discrete_mse=2159.532227 best_discrete=48.411018 hash=False elapsed=4.8s
step    75/700 tau=0.6899 loss=0.586549 mse_soft=0.584748 ent_in=2.9435 ent_out=3.0581 rowmax_in=0.1343 rowmax_out=0.1223 discrete_mse=431.179749 best_discrete=48.411018 hash=False elapsed=7.1s
step   100/700 tau=0.6086 loss=0.470728 mse_soft=0.469285 ent_in=2.3857 ent_out=2.4269 rowmax_in=0.2615 rowmax_out=0.2548 discrete_mse=1876.995605 best_discrete=48.411018 hash=False elapsed=9.3s
step   125/700 tau=0.5368 loss=0.388273 mse_soft=0.387202 ent_in=1.8740 ent_out=1.6986 rowmax_in=0.3743 rowmax_out=0.4716 discrete_mse=334.680054 best_discrete=48.411018 hash=False elapsed=11.4s
step   150/700 tau=0.4736 loss=0.339546 mse_soft=0.338784 ent_in=1.5303 ent_out=1.0090 rowmax_in=0.4497 rowmax_out=0.6871 discrete_mse=515.752563 best_discrete=48.411018 hash=False elapsed=13.8s
step   175/700 tau=0.4177 loss=0.319717 mse_soft=0.319117 ent_in=1.3939 ent_out=0.6049 rowmax_in=0.4767 rowmax_out=0.7911 discrete_mse=690.889771 best_discrete=48.411018 hash=False elapsed=15.9s
step   200/700 tau=0.3685 loss=0.310479 mse_soft=0.309948 ent_in=1.3111 ent_out=0.4596 rowmax_in=0.4845 rowmax_out=0.8297 discrete_mse=404.011078 best_discrete=48.411018 hash=False elapsed=18.1s
step   225/700 tau=0.3251 loss=0.304374 mse_soft=0.303882 ent_in=1.2518 ent_out=0.3900 rowmax_in=0.4874 rowmax_out=0.8500 discrete_mse=404.011078 best_discrete=48.411018 hash=False elapsed=20.4s
step   250/700 tau=0.2868 loss=0.299556 mse_soft=0.299093 ent_in=1.2097 ent_out=0.3319 rowmax_in=0.4931 rowmax_out=0.8607 discrete_mse=561.285889 best_discrete=48.411018 hash=False elapsed=22.7s
step   275/700 tau=0.2530 loss=0.295580 mse_soft=0.295139 ent_in=1.1780 ent_out=0.2925 rowmax_in=0.4972 rowmax_out=0.8687 discrete_mse=574.409973 best_discrete=48.411018 hash=False elapsed=25.0s
step   300/700 tau=0.2231 loss=0.294600 mse_soft=0.294168 ent_in=1.1642 ent_out=0.2768 rowmax_in=0.4993 rowmax_out=0.8736 discrete_mse=869.448181 best_discrete=48.411018 hash=False elapsed=26.8s
step   325/700 tau=0.1968 loss=0.293429 mse_soft=0.293002 ent_in=1.1609 ent_out=0.2652 rowmax_in=0.5011 rowmax_out=0.8792 discrete_mse=966.264160 best_discrete=48.411018 hash=False elapsed=28.8s
step   350/700 tau=0.1736 loss=0.290886 mse_soft=0.290464 ent_in=1.1493 ent_out=0.2582 rowmax_in=0.5038 rowmax_out=0.8825 discrete_mse=966.264160 best_discrete=48.411018 hash=False elapsed=31.1s
step   375/700 tau=0.1532 loss=0.293610 mse_soft=0.293190 ent_in=1.1432 ent_out=0.2555 rowmax_in=0.5044 rowmax_out=0.8845 discrete_mse=1467.300537 best_discrete=48.411018 hash=False elapsed=33.3s
step   400/700 tau=0.1351 loss=0.290509 mse_soft=0.290092 ent_in=1.1394 ent_out=0.2513 rowmax_in=0.5046 rowmax_out=0.8857 discrete_mse=677.793457 best_discrete=48.411018 hash=False elapsed=35.6s
step   425/700 tau=0.1192 loss=0.290389 mse_soft=0.289978 ent_in=1.1377 ent_out=0.2333 rowmax_in=0.5055 rowmax_out=0.8929 discrete_mse=677.793457 best_discrete=48.411018 hash=False elapsed=37.9s
step   450/700 tau=0.1051 loss=0.295306 mse_soft=0.294897 ent_in=1.1360 ent_out=0.2269 rowmax_in=0.5058 rowmax_out=0.8959 discrete_mse=677.793457 best_discrete=48.411018 hash=False elapsed=40.3s
step   475/700 tau=0.0928 loss=0.289592 mse_soft=0.289184 ent_in=1.1290 ent_out=0.2328 rowmax_in=0.5086 rowmax_out=0.8946 discrete_mse=527.382080 best_discrete=48.411018 hash=False elapsed=42.5s
step   500/700 tau=0.0818 loss=0.290108 mse_soft=0.289706 ent_in=1.1147 ent_out=0.2267 rowmax_in=0.5125 rowmax_out=0.8973 discrete_mse=423.286224 best_discrete=48.411018 hash=False elapsed=44.6s
step   525/700 tau=0.0722 loss=0.305007 mse_soft=0.304613 ent_in=1.1009 ent_out=0.2133 rowmax_in=0.5217 rowmax_out=0.9029 discrete_mse=665.258057 best_discrete=48.411018 hash=False elapsed=46.9s
step   550/700 tau=0.0637 loss=0.286408 mse_soft=0.286028 ent_in=1.0704 ent_out=0.1934 rowmax_in=0.5333 rowmax_out=0.9061 discrete_mse=157.480515 best_discrete=48.411018 hash=False elapsed=49.3s
step   575/700 tau=0.0562 loss=0.287566 mse_soft=0.287196 ent_in=1.0490 ent_out=0.1839 rowmax_in=0.5388 rowmax_out=0.9108 discrete_mse=152.235168 best_discrete=48.411018 hash=False elapsed=51.7s
step   600/700 tau=0.0495 loss=0.300813 mse_soft=0.300454 ent_in=1.0169 ent_out=0.1791 rowmax_in=0.5529 rowmax_out=0.9134 discrete_mse=136.881409 best_discrete=48.411018 hash=False elapsed=54.0s
step   625/700 tau=0.0437 loss=0.337185 mse_soft=0.336872 ent_in=0.8713 ent_out=0.1731 rowmax_in=0.5977 rowmax_out=0.9136 discrete_mse=41.877056 best_discrete=41.877056 hash=False elapsed=56.3s
step   650/700 tau=0.0386 loss=0.315650 mse_soft=0.315350 ent_in=0.8226 ent_out=0.1781 rowmax_in=0.6044 rowmax_out=0.9135 discrete_mse=140.688263 best_discrete=41.877056 hash=False elapsed=58.5s
step   675/700 tau=0.0340 loss=0.301139 mse_soft=0.300833 ent_in=0.8415 ent_out=0.1798 rowmax_in=0.5966 rowmax_out=0.9059 discrete_mse=204.705368 best_discrete=41.877056 hash=False elapsed=60.6s
step   700/700 tau=0.0300 loss=0.321345 mse_soft=0.321047 ent_in=0.8099 ent_out=0.1839 rowmax_in=0.6167 rowmax_out=0.9064 discrete_mse=92.708733 best_discrete=41.877056 hash=False elapsed=63.0s

Final metrics:
  soft_mse_full=0.331592
  rowmax_in_mean=0.6274
  rowmax_out_mean=0.9036
  ent_in_mean=0.7947
  ent_out_mean=0.1859
  final_discrete_mse=79.360695
  hash_match=False
  best_discrete_mse_seen=41.877056
Saved results to overnight_b087_j3.json
