Using device: cuda
Train rows: 4096 / Full rows: 10000, steps=900, lr=0.03
step     1/900 tau=1.0000 loss=1.055986 mse_soft=1.053663 ent_in=3.8712 ent_out=3.8712 rowmax_in=0.0213 rowmax_out=0.0213 discrete_mse=109.177437 best_discrete=109.177437 hash=False elapsed=0.5s
step    25/900 tau=0.9090 loss=0.855063 mse_soft=0.852873 ent_in=3.6340 ent_out=3.6657 rowmax_in=0.0450 rowmax_out=0.0433 discrete_mse=4652.692871 best_discrete=109.177437 hash=False elapsed=2.7s
step    50/900 tau=0.8229 loss=0.643647 mse_soft=0.641740 ent_in=3.1334 ent_out=3.2232 rowmax_in=0.0918 rowmax_out=0.0857 discrete_mse=970.742676 best_discrete=109.177437 hash=False elapsed=5.2s
step    75/900 tau=0.7450 loss=0.509783 mse_soft=0.508197 ent_in=2.6023 ent_out=2.6855 rowmax_in=0.2038 rowmax_out=0.1860 discrete_mse=272.696808 best_discrete=109.177437 hash=False elapsed=7.4s
step   100/900 tau=0.6745 loss=0.398818 mse_soft=0.397647 ent_in=2.0105 ent_out=1.8920 rowmax_in=0.3684 rowmax_out=0.3871 discrete_mse=630.669312 best_discrete=109.177437 hash=False elapsed=9.8s
step   125/900 tau=0.6107 loss=0.333213 mse_soft=0.332380 ent_in=1.6016 ent_out=1.1728 rowmax_in=0.4613 rowmax_out=0.6086 discrete_mse=711.475586 best_discrete=109.177437 hash=False elapsed=12.0s
step   150/900 tau=0.5529 loss=0.302594 mse_soft=0.301929 ent_in=1.4383 ent_out=0.7794 rowmax_in=0.4858 rowmax_out=0.7328 discrete_mse=933.590881 best_discrete=109.177437 hash=False elapsed=14.2s
step   175/900 tau=0.5006 loss=0.288692 mse_soft=0.288129 ent_in=1.3312 ent_out=0.5467 rowmax_in=0.5047 rowmax_out=0.8018 discrete_mse=133.722626 best_discrete=109.177437 hash=False elapsed=16.4s
step   200/900 tau=0.4532 loss=0.283477 mse_soft=0.282947 ent_in=1.2792 ent_out=0.4863 rowmax_in=0.5082 rowmax_out=0.8093 discrete_mse=133.722626 best_discrete=109.177437 hash=False elapsed=18.6s
step   225/900 tau=0.4103 loss=0.279284 mse_soft=0.278767 ent_in=1.2607 ent_out=0.4636 rowmax_in=0.5038 rowmax_out=0.8070 discrete_mse=315.912994 best_discrete=109.177437 hash=False elapsed=21.1s
step   250/900 tau=0.3715 loss=0.273925 mse_soft=0.273425 ent_in=1.2217 ent_out=0.4461 rowmax_in=0.5115 rowmax_out=0.8082 discrete_mse=244.703949 best_discrete=109.177437 hash=False elapsed=23.5s
step   275/900 tau=0.3363 loss=0.270176 mse_soft=0.269692 ent_in=1.1888 ent_out=0.4232 rowmax_in=0.5202 rowmax_out=0.8128 discrete_mse=220.542374 best_discrete=109.177437 hash=False elapsed=25.8s
step   300/900 tau=0.3045 loss=0.268274 mse_soft=0.267801 ent_in=1.1690 ent_out=0.4068 rowmax_in=0.5266 rowmax_out=0.8152 discrete_mse=373.351501 best_discrete=109.177437 hash=False elapsed=28.2s
step   325/900 tau=0.2756 loss=0.268358 mse_soft=0.267891 ent_in=1.1536 ent_out=0.4017 rowmax_in=0.5308 rowmax_out=0.8124 discrete_mse=389.556183 best_discrete=109.177437 hash=False elapsed=30.6s
step   350/900 tau=0.2496 loss=0.267763 mse_soft=0.267304 ent_in=1.1417 ent_out=0.3874 rowmax_in=0.5347 rowmax_out=0.8162 discrete_mse=145.309845 best_discrete=109.177437 hash=False elapsed=32.8s
step   375/900 tau=0.2259 loss=0.263643 mse_soft=0.263191 ent_in=1.1297 ent_out=0.3762 rowmax_in=0.5362 rowmax_out=0.8179 discrete_mse=139.492889 best_discrete=109.177437 hash=False elapsed=34.8s
step   400/900 tau=0.2046 loss=0.265423 mse_soft=0.264977 ent_in=1.1200 ent_out=0.3650 rowmax_in=0.5353 rowmax_out=0.8222 discrete_mse=195.855072 best_discrete=109.177437 hash=False elapsed=37.2s
step   425/900 tau=0.1852 loss=0.267980 mse_soft=0.267538 ent_in=1.1153 ent_out=0.3600 rowmax_in=0.5359 rowmax_out=0.8232 discrete_mse=42.126915 best_discrete=42.126915 hash=False elapsed=39.5s
step   450/900 tau=0.1677 loss=0.263015 mse_soft=0.262575 ent_in=1.1115 ent_out=0.3548 rowmax_in=0.5361 rowmax_out=0.8253 discrete_mse=174.842545 best_discrete=42.126915 hash=False elapsed=41.8s
step   475/900 tau=0.1518 loss=0.263125 mse_soft=0.262686 ent_in=1.1090 ent_out=0.3521 rowmax_in=0.5358 rowmax_out=0.8272 discrete_mse=45.332172 best_discrete=42.126915 hash=False elapsed=44.3s
step   500/900 tau=0.1374 loss=0.263758 mse_soft=0.263320 ent_in=1.1083 ent_out=0.3513 rowmax_in=0.5353 rowmax_out=0.8280 discrete_mse=146.595230 best_discrete=42.126915 hash=False elapsed=46.6s
step   525/900 tau=0.1244 loss=0.269530 mse_soft=0.269095 ent_in=1.1026 ent_out=0.3488 rowmax_in=0.5368 rowmax_out=0.8294 discrete_mse=330.812988 best_discrete=42.126915 hash=False elapsed=48.9s
step   550/900 tau=0.1126 loss=0.304576 mse_soft=0.304147 ent_in=1.0891 ent_out=0.3419 rowmax_in=0.5412 rowmax_out=0.8332 discrete_mse=30.387905 best_discrete=30.387905 hash=False elapsed=51.3s
step   575/900 tau=0.1020 loss=0.264386 mse_soft=0.263960 ent_in=1.0811 ent_out=0.3385 rowmax_in=0.5417 rowmax_out=0.8373 discrete_mse=35.131390 best_discrete=30.387905 hash=False elapsed=53.7s
step   600/900 tau=0.0923 loss=0.269390 mse_soft=0.268969 ent_in=1.0730 ent_out=0.3301 rowmax_in=0.5435 rowmax_out=0.8396 discrete_mse=30.387905 best_discrete=30.387905 hash=False elapsed=56.1s
step   625/900 tau=0.0836 loss=0.282132 mse_soft=0.281718 ent_in=1.0659 ent_out=0.3121 rowmax_in=0.5411 rowmax_out=0.8486 discrete_mse=16.997496 best_discrete=16.997496 hash=False elapsed=58.6s
step   650/900 tau=0.0757 loss=0.298357 mse_soft=0.297977 ent_in=0.9953 ent_out=0.2694 rowmax_in=0.5812 rowmax_out=0.8682 discrete_mse=91.273735 best_discrete=16.997496 hash=False elapsed=61.0s
step   675/900 tau=0.0685 loss=0.289189 mse_soft=0.288826 ent_in=0.9566 ent_out=0.2533 rowmax_in=0.5905 rowmax_out=0.8702 discrete_mse=1.640129 best_discrete=1.640129 hash=False elapsed=63.3s
step   700/900 tau=0.0620 loss=0.285022 mse_soft=0.284666 ent_in=0.9217 ent_out=0.2634 rowmax_in=0.5903 rowmax_out=0.8649 discrete_mse=9.303139 best_discrete=1.640129 hash=False elapsed=65.8s
step   725/900 tau=0.0562 loss=0.295414 mse_soft=0.295084 ent_in=0.8618 ent_out=0.2402 rowmax_in=0.6315 rowmax_out=0.8838 discrete_mse=7.793066 best_discrete=1.640129 hash=False elapsed=68.2s
step   750/900 tau=0.0508 loss=0.317841 mse_soft=0.317580 ent_in=0.7163 ent_out=0.1531 rowmax_in=0.6663 rowmax_out=0.9190 discrete_mse=84.281891 best_discrete=1.640129 hash=False elapsed=70.6s
step   775/900 tau=0.0460 loss=0.298965 mse_soft=0.298698 ent_in=0.6957 ent_out=0.1954 rowmax_in=0.6687 rowmax_out=0.9015 discrete_mse=97.626846 best_discrete=1.640129 hash=False elapsed=72.9s
step   800/900 tau=0.0417 loss=0.296920 mse_soft=0.296641 ent_in=0.7079 ent_out=0.2190 rowmax_in=0.6680 rowmax_out=0.8866 discrete_mse=64.058914 best_discrete=1.640129 hash=False elapsed=75.1s
step   825/900 tau=0.0377 loss=0.458081 mse_soft=0.457895 ent_in=0.4570 ent_out=0.1633 rowmax_in=0.7791 rowmax_out=0.9113 discrete_mse=23.478836 best_discrete=1.640129 hash=False elapsed=77.5s
step   850/900 tau=0.0342 loss=0.428060 mse_soft=0.427915 ent_in=0.3651 ent_out=0.1172 rowmax_in=0.8039 rowmax_out=0.9317 discrete_mse=31.689131 best_discrete=1.640129 hash=False elapsed=79.9s
step   875/900 tau=0.0309 loss=0.408144 mse_soft=0.408007 ent_in=0.3408 ent_out=0.1152 rowmax_in=0.8160 rowmax_out=0.9322 discrete_mse=28.418367 best_discrete=1.640129 hash=False elapsed=82.2s
step   900/900 tau=0.0280 loss=0.403210 mse_soft=0.403076 ent_in=0.3305 ent_out=0.1136 rowmax_in=0.8205 rowmax_out=0.9325 discrete_mse=28.107874 best_discrete=1.640129 hash=False elapsed=84.6s

Final metrics:
  soft_mse_full=0.418578
  rowmax_in_mean=0.8227
  rowmax_out_mean=0.9326
  ent_in_mean=0.3284
  ent_out_mean=0.1131
  final_discrete_mse=24.582741
  hash_match=False
  best_discrete_mse_seen=1.640129
Saved results to overnight_b126_j2.json
