Using device: cuda
Train rows: 4096 / Full rows: 10000, steps=900, lr=0.03
step     1/900 tau=1.0000 loss=1.058612 mse_soft=1.056289 ent_in=3.8712 ent_out=3.8712 rowmax_in=0.0213 rowmax_out=0.0213 discrete_mse=114.038010 best_discrete=114.038010 hash=False elapsed=0.5s
step    25/900 tau=0.9106 loss=0.854882 mse_soft=0.852691 ent_in=3.6328 ent_out=3.6698 rowmax_in=0.0455 rowmax_out=0.0434 discrete_mse=682.145874 best_discrete=114.038010 hash=False elapsed=2.6s
step    50/900 tau=0.8260 loss=0.647613 mse_soft=0.645702 ent_in=3.1290 ent_out=3.2414 rowmax_in=0.0986 rowmax_out=0.0830 discrete_mse=6856.479980 best_discrete=114.038010 hash=False elapsed=4.7s
step    75/900 tau=0.7493 loss=0.515897 mse_soft=0.514298 ent_in=2.6126 ent_out=2.7162 rowmax_in=0.2017 rowmax_out=0.1817 discrete_mse=438.148346 best_discrete=114.038010 hash=False elapsed=6.8s
step   100/900 tau=0.6797 loss=0.407156 mse_soft=0.405957 ent_in=2.0477 ent_out=1.9481 rowmax_in=0.3416 rowmax_out=0.3866 discrete_mse=925.326599 best_discrete=114.038010 hash=False elapsed=9.1s
step   125/900 tau=0.6165 loss=0.343295 mse_soft=0.342432 ent_in=1.6333 ent_out=1.2430 rowmax_in=0.4303 rowmax_out=0.5955 discrete_mse=880.858398 best_discrete=114.038010 hash=False elapsed=11.4s
step   150/900 tau=0.5592 loss=0.319387 mse_soft=0.318680 ent_in=1.4436 ent_out=0.9120 rowmax_in=0.4608 rowmax_out=0.6781 discrete_mse=2440.663330 best_discrete=114.038010 hash=False elapsed=13.6s
step   175/900 tau=0.5073 loss=0.306159 mse_soft=0.305535 ent_in=1.3502 ent_out=0.7290 rowmax_in=0.4806 rowmax_out=0.7194 discrete_mse=1167.443726 best_discrete=114.038010 hash=False elapsed=15.9s
step   200/900 tau=0.4602 loss=0.298641 mse_soft=0.298074 ent_in=1.2911 ent_out=0.5969 rowmax_in=0.4931 rowmax_out=0.7731 discrete_mse=2476.786621 best_discrete=114.038010 hash=False elapsed=18.0s
step   225/900 tau=0.4174 loss=0.291072 mse_soft=0.290547 ent_in=1.2491 ent_out=0.5009 rowmax_in=0.4950 rowmax_out=0.8040 discrete_mse=135.763947 best_discrete=114.038010 hash=False elapsed=20.2s
step   250/900 tau=0.3786 loss=0.287732 mse_soft=0.287237 ent_in=1.2076 ent_out=0.4427 rowmax_in=0.5030 rowmax_out=0.8201 discrete_mse=92.966751 best_discrete=92.966751 hash=False elapsed=22.3s
step   275/900 tau=0.3434 loss=0.287561 mse_soft=0.287083 ent_in=1.1799 ent_out=0.4153 rowmax_in=0.5084 rowmax_out=0.8307 discrete_mse=193.957092 best_discrete=92.966751 hash=False elapsed=24.6s
step   300/900 tau=0.3115 loss=0.282517 mse_soft=0.282050 ent_in=1.1557 ent_out=0.4017 rowmax_in=0.5149 rowmax_out=0.8398 discrete_mse=309.485382 best_discrete=92.966751 hash=False elapsed=26.9s
step   325/900 tau=0.2826 loss=0.281293 mse_soft=0.280841 ent_in=1.1375 ent_out=0.3669 rowmax_in=0.5166 rowmax_out=0.8515 discrete_mse=103.770088 best_discrete=92.966751 hash=False elapsed=29.3s
step   350/900 tau=0.2563 loss=0.280345 mse_soft=0.279905 ent_in=1.1289 ent_out=0.3405 rowmax_in=0.5184 rowmax_out=0.8577 discrete_mse=103.770088 best_discrete=92.966751 hash=False elapsed=31.6s
step   375/900 tau=0.2325 loss=0.277884 mse_soft=0.277456 ent_in=1.1082 ent_out=0.3175 rowmax_in=0.5229 rowmax_out=0.8623 discrete_mse=176.265198 best_discrete=92.966751 hash=False elapsed=33.7s
step   400/900 tau=0.2109 loss=0.277073 mse_soft=0.276654 ent_in=1.0952 ent_out=0.3022 rowmax_in=0.5251 rowmax_out=0.8651 discrete_mse=176.265198 best_discrete=92.966751 hash=False elapsed=35.9s
step   425/900 tau=0.1913 loss=0.276267 mse_soft=0.275854 ent_in=1.0855 ent_out=0.2910 rowmax_in=0.5246 rowmax_out=0.8684 discrete_mse=186.222275 best_discrete=92.966751 hash=False elapsed=38.3s
step   450/900 tau=0.1735 loss=0.278109 mse_soft=0.277701 ent_in=1.0773 ent_out=0.2819 rowmax_in=0.5257 rowmax_out=0.8730 discrete_mse=48.726318 best_discrete=48.726318 hash=False elapsed=40.8s
step   475/900 tau=0.1574 loss=0.274465 mse_soft=0.274061 ent_in=1.0713 ent_out=0.2751 rowmax_in=0.5272 rowmax_out=0.8760 discrete_mse=48.726318 best_discrete=48.726318 hash=False elapsed=43.0s
step   500/900 tau=0.1428 loss=0.277763 mse_soft=0.277373 ent_in=1.0645 ent_out=0.2374 rowmax_in=0.5286 rowmax_out=0.8896 discrete_mse=48.726318 best_discrete=48.726318 hash=False elapsed=45.2s
step   525/900 tau=0.1295 loss=0.274514 mse_soft=0.274126 ent_in=1.0547 ent_out=0.2378 rowmax_in=0.5286 rowmax_out=0.8890 discrete_mse=39.168163 best_discrete=39.168163 hash=False elapsed=47.3s
step   550/900 tau=0.1175 loss=0.276477 mse_soft=0.276092 ent_in=1.0482 ent_out=0.2336 rowmax_in=0.5285 rowmax_out=0.8911 discrete_mse=39.168163 best_discrete=39.168163 hash=False elapsed=49.6s
step   575/900 tau=0.1066 loss=0.282454 mse_soft=0.282071 ent_in=1.0500 ent_out=0.2270 rowmax_in=0.5289 rowmax_out=0.8931 discrete_mse=39.168163 best_discrete=39.168163 hash=False elapsed=51.8s
step   600/900 tau=0.0967 loss=0.286493 mse_soft=0.286113 ent_in=1.0442 ent_out=0.2226 rowmax_in=0.5298 rowmax_out=0.8943 discrete_mse=65.786667 best_discrete=39.168163 hash=False elapsed=54.0s
step   625/900 tau=0.0877 loss=0.276091 mse_soft=0.275715 ent_in=1.0351 ent_out=0.2155 rowmax_in=0.5294 rowmax_out=0.8961 discrete_mse=48.726318 best_discrete=39.168163 hash=False elapsed=56.2s
step   650/900 tau=0.0795 loss=0.300714 mse_soft=0.300344 ent_in=1.0294 ent_out=0.2032 rowmax_in=0.5266 rowmax_out=0.9040 discrete_mse=23.616137 best_discrete=23.616137 hash=False elapsed=58.6s
step   675/900 tau=0.0722 loss=0.293748 mse_soft=0.293432 ent_in=0.8812 ent_out=0.1740 rowmax_in=0.5862 rowmax_out=0.9124 discrete_mse=70.446449 best_discrete=23.616137 hash=False elapsed=61.2s
step   700/900 tau=0.0655 loss=0.285999 mse_soft=0.285686 ent_in=0.8722 ent_out=0.1725 rowmax_in=0.5832 rowmax_out=0.9149 discrete_mse=23.083431 best_discrete=23.083431 hash=False elapsed=63.3s
step   725/900 tau=0.0594 loss=0.456838 mse_soft=0.456544 ent_in=0.8116 ent_out=0.1689 rowmax_in=0.6300 rowmax_out=0.9171 discrete_mse=67.354340 best_discrete=23.083431 hash=False elapsed=65.6s
step   750/900 tau=0.0539 loss=0.349348 mse_soft=0.349092 ent_in=0.6850 ent_out=0.1667 rowmax_in=0.6533 rowmax_out=0.9148 discrete_mse=3.298683 best_discrete=3.298683 hash=False elapsed=67.8s
step   775/900 tau=0.0489 loss=0.320402 mse_soft=0.320158 ent_in=0.6427 ent_out=0.1728 rowmax_in=0.6774 rowmax_out=0.9121 discrete_mse=50.367397 best_discrete=3.298683 hash=False elapsed=70.1s
step   800/900 tau=0.0443 loss=0.327352 mse_soft=0.327099 ent_in=0.6703 ent_out=0.1721 rowmax_in=0.6552 rowmax_out=0.9112 discrete_mse=30.657011 best_discrete=3.298683 hash=False elapsed=72.2s
step   825/900 tau=0.0402 loss=0.340343 mse_soft=0.340097 ent_in=0.6491 ent_out=0.1720 rowmax_in=0.6698 rowmax_out=0.9124 discrete_mse=8.514933 best_discrete=3.298683 hash=False elapsed=74.3s
step   850/900 tau=0.0365 loss=0.323557 mse_soft=0.323324 ent_in=0.6222 ent_out=0.1551 rowmax_in=0.6836 rowmax_out=0.9184 discrete_mse=8.205702 best_discrete=3.298683 hash=False elapsed=76.4s
step   875/900 tau=0.0331 loss=0.340214 mse_soft=0.340004 ent_in=0.5393 ent_out=0.1616 rowmax_in=0.7050 rowmax_out=0.9098 discrete_mse=47.125992 best_discrete=3.298683 hash=False elapsed=78.5s
step   900/900 tau=0.0300 loss=0.344607 mse_soft=0.344400 ent_in=0.5296 ent_out=0.1608 rowmax_in=0.7217 rowmax_out=0.9137 discrete_mse=51.466774 best_discrete=3.298683 hash=False elapsed=80.5s

Final metrics:
  soft_mse_full=0.339548
  rowmax_in_mean=0.7158
  rowmax_out_mean=0.9156
  ent_in_mean=0.5359
  ent_out_mean=0.1586
  final_discrete_mse=51.466774
  hash_match=False
  best_discrete_mse_seen=3.298683
Saved results to overnight_b076_j1.json
