Using device: cuda
Train rows: 4096 / Full rows: 10000, steps=900, lr=0.03
step     1/900 tau=1.0000 loss=1.057392 mse_soft=1.055069 ent_in=3.8712 ent_out=3.8711 rowmax_in=0.0213 rowmax_out=0.0213 discrete_mse=52.166725 best_discrete=52.166725 hash=False elapsed=0.5s
step    25/900 tau=0.9090 loss=0.853953 mse_soft=0.851763 ent_in=3.6318 ent_out=3.6669 rowmax_in=0.0454 rowmax_out=0.0439 discrete_mse=7503.631836 best_discrete=52.166725 hash=False elapsed=2.9s
step    50/900 tau=0.8229 loss=0.639927 mse_soft=0.638022 ent_in=3.1261 ent_out=3.2238 rowmax_in=0.0921 rowmax_out=0.0877 discrete_mse=7449.171875 best_discrete=52.166725 hash=False elapsed=5.3s
step    75/900 tau=0.7450 loss=0.504916 mse_soft=0.503330 ent_in=2.6028 ent_out=2.6847 rowmax_in=0.1990 rowmax_out=0.1939 discrete_mse=831.496582 best_discrete=52.166725 hash=False elapsed=7.8s
step   100/900 tau=0.6745 loss=0.396379 mse_soft=0.395202 ent_in=2.0452 ent_out=1.8765 rowmax_in=0.3227 rowmax_out=0.4071 discrete_mse=365.813141 best_discrete=52.166725 hash=False elapsed=10.1s
step   125/900 tau=0.6107 loss=0.333358 mse_soft=0.332508 ent_in=1.6365 ent_out=1.1958 rowmax_in=0.4252 rowmax_out=0.6051 discrete_mse=803.962402 best_discrete=52.166725 hash=False elapsed=12.5s
step   150/900 tau=0.5529 loss=0.301575 mse_soft=0.300898 ent_in=1.4335 ent_out=0.8249 rowmax_in=0.4694 rowmax_out=0.7144 discrete_mse=1251.302734 best_discrete=52.166725 hash=False elapsed=14.7s
step   175/900 tau=0.5006 loss=0.284671 mse_soft=0.284080 ent_in=1.3537 ent_out=0.6159 rowmax_in=0.4792 rowmax_out=0.7813 discrete_mse=2796.997070 best_discrete=52.166725 hash=False elapsed=17.1s
step   200/900 tau=0.4532 loss=0.273443 mse_soft=0.272911 ent_in=1.2837 ent_out=0.4886 rowmax_in=0.4802 rowmax_out=0.8106 discrete_mse=2475.596924 best_discrete=52.166725 hash=False elapsed=19.4s
step   225/900 tau=0.4103 loss=0.268156 mse_soft=0.267650 ent_in=1.2560 ent_out=0.4301 rowmax_in=0.4823 rowmax_out=0.8198 discrete_mse=2475.596924 best_discrete=52.166725 hash=False elapsed=21.7s
step   250/900 tau=0.3715 loss=0.263373 mse_soft=0.262884 ent_in=1.2346 ent_out=0.3941 rowmax_in=0.4882 rowmax_out=0.8367 discrete_mse=2344.739502 best_discrete=52.166725 hash=False elapsed=24.0s
step   275/900 tau=0.3363 loss=0.258986 mse_soft=0.258516 ent_in=1.2079 ent_out=0.3591 rowmax_in=0.4949 rowmax_out=0.8472 discrete_mse=1073.269165 best_discrete=52.166725 hash=False elapsed=26.2s
step   300/900 tau=0.3045 loss=0.259553 mse_soft=0.259098 ent_in=1.1881 ent_out=0.3294 rowmax_in=0.4979 rowmax_out=0.8530 discrete_mse=426.195190 best_discrete=52.166725 hash=False elapsed=28.5s
step   325/900 tau=0.2756 loss=0.259337 mse_soft=0.258890 ent_in=1.1754 ent_out=0.3130 rowmax_in=0.4990 rowmax_out=0.8560 discrete_mse=683.985962 best_discrete=52.166725 hash=False elapsed=30.9s
step   350/900 tau=0.2496 loss=0.256192 mse_soft=0.255751 ent_in=1.1658 ent_out=0.3037 rowmax_in=0.5009 rowmax_out=0.8582 discrete_mse=426.195190 best_discrete=52.166725 hash=False elapsed=33.2s
step   375/900 tau=0.2259 loss=0.256849 mse_soft=0.256412 ent_in=1.1596 ent_out=0.2972 rowmax_in=0.5017 rowmax_out=0.8594 discrete_mse=1872.573120 best_discrete=52.166725 hash=False elapsed=35.5s
step   400/900 tau=0.2046 loss=0.259734 mse_soft=0.259300 ent_in=1.1579 ent_out=0.2913 rowmax_in=0.5013 rowmax_out=0.8608 discrete_mse=1872.573120 best_discrete=52.166725 hash=False elapsed=37.6s
step   425/900 tau=0.1852 loss=0.255590 mse_soft=0.255158 ent_in=1.1522 ent_out=0.2850 rowmax_in=0.5023 rowmax_out=0.8628 discrete_mse=2280.115723 best_discrete=52.166725 hash=False elapsed=40.0s
step   450/900 tau=0.1677 loss=0.254930 mse_soft=0.254502 ent_in=1.1480 ent_out=0.2786 rowmax_in=0.5043 rowmax_out=0.8640 discrete_mse=2280.115723 best_discrete=52.166725 hash=False elapsed=42.3s
step   475/900 tau=0.1518 loss=0.259024 mse_soft=0.258599 ent_in=1.1446 ent_out=0.2716 rowmax_in=0.5065 rowmax_out=0.8661 discrete_mse=540.300110 best_discrete=52.166725 hash=False elapsed=44.6s
step   500/900 tau=0.1374 loss=0.262382 mse_soft=0.261955 ent_in=1.1535 ent_out=0.2702 rowmax_in=0.4994 rowmax_out=0.8652 discrete_mse=320.518829 best_discrete=52.166725 hash=False elapsed=46.9s
step   525/900 tau=0.1244 loss=0.262992 mse_soft=0.262568 ent_in=1.1461 ent_out=0.2676 rowmax_in=0.5047 rowmax_out=0.8658 discrete_mse=2280.115723 best_discrete=52.166725 hash=False elapsed=49.3s
step   550/900 tau=0.1126 loss=0.262288 mse_soft=0.261867 ent_in=1.1343 ent_out=0.2685 rowmax_in=0.5101 rowmax_out=0.8637 discrete_mse=1730.636353 best_discrete=52.166725 hash=False elapsed=51.4s
step   575/900 tau=0.1020 loss=0.268702 mse_soft=0.268281 ent_in=1.1352 ent_out=0.2671 rowmax_in=0.5102 rowmax_out=0.8614 discrete_mse=412.753082 best_discrete=52.166725 hash=False elapsed=53.7s
step   600/900 tau=0.0923 loss=0.272769 mse_soft=0.272353 ent_in=1.1203 ent_out=0.2658 rowmax_in=0.5137 rowmax_out=0.8625 discrete_mse=184.338303 best_discrete=52.166725 hash=False elapsed=56.2s
step   625/900 tau=0.0836 loss=0.292333 mse_soft=0.291920 ent_in=1.1214 ent_out=0.2553 rowmax_in=0.5101 rowmax_out=0.8708 discrete_mse=390.836548 best_discrete=52.166725 hash=False elapsed=58.7s
step   650/900 tau=0.0757 loss=0.265761 mse_soft=0.265370 ent_in=1.0745 ent_out=0.2282 rowmax_in=0.5297 rowmax_out=0.8834 discrete_mse=263.651428 best_discrete=52.166725 hash=False elapsed=61.1s
step   675/900 tau=0.0685 loss=0.298485 mse_soft=0.298117 ent_in=1.0188 ent_out=0.2090 rowmax_in=0.5513 rowmax_out=0.9036 discrete_mse=339.421753 best_discrete=52.166725 hash=False elapsed=63.4s
step   700/900 tau=0.0620 loss=0.312624 mse_soft=0.312259 ent_in=0.9979 ent_out=0.2196 rowmax_in=0.5612 rowmax_out=0.8786 discrete_mse=38.358955 best_discrete=38.358955 hash=False elapsed=65.7s
step   725/900 tau=0.0562 loss=0.268150 mse_soft=0.267788 ent_in=0.9939 ent_out=0.2121 rowmax_in=0.5640 rowmax_out=0.8869 discrete_mse=44.461838 best_discrete=38.358955 hash=False elapsed=68.0s
step   750/900 tau=0.0508 loss=0.298965 mse_soft=0.298616 ent_in=0.9536 ent_out=0.2096 rowmax_in=0.5828 rowmax_out=0.8926 discrete_mse=199.269318 best_discrete=38.358955 hash=False elapsed=70.2s
step   775/900 tau=0.0460 loss=0.411880 mse_soft=0.411655 ent_in=0.6260 ent_out=0.1215 rowmax_in=0.6866 rowmax_out=0.9450 discrete_mse=73.016411 best_discrete=38.358955 hash=False elapsed=72.6s
step   800/900 tau=0.0417 loss=0.435252 mse_soft=0.435094 ent_in=0.4025 ent_out=0.1250 rowmax_in=0.7849 rowmax_out=0.9468 discrete_mse=50.089874 best_discrete=38.358955 hash=False elapsed=74.9s
step   825/900 tau=0.0377 loss=0.404862 mse_soft=0.404697 ent_in=0.4004 ent_out=0.1526 rowmax_in=0.7887 rowmax_out=0.9163 discrete_mse=36.444130 best_discrete=36.444130 hash=False elapsed=77.3s
step   850/900 tau=0.0342 loss=0.391476 mse_soft=0.391299 ent_in=0.4406 ent_out=0.1518 rowmax_in=0.7686 rowmax_out=0.9188 discrete_mse=56.589111 best_discrete=36.444130 hash=False elapsed=79.7s
step   875/900 tau=0.0309 loss=0.399051 mse_soft=0.398873 ent_in=0.4522 ent_out=0.1430 rowmax_in=0.7486 rowmax_out=0.9276 discrete_mse=163.144821 best_discrete=36.444130 hash=False elapsed=81.9s
step   900/900 tau=0.0280 loss=0.517267 mse_soft=0.517143 ent_in=0.3147 ent_out=0.0985 rowmax_in=0.8400 rowmax_out=0.9320 discrete_mse=60.456436 best_discrete=36.444130 hash=False elapsed=84.1s

Final metrics:
  soft_mse_full=0.521151
  rowmax_in_mean=0.8389
  rowmax_out_mean=0.9317
  ent_in_mean=0.3172
  ent_out_mean=0.0993
  final_discrete_mse=60.456436
  hash_match=False
  best_discrete_mse_seen=36.444130
Saved results to overnight_b064_j2.json
