Using device: cuda
Train rows: 10000 / Full rows: 10000, steps=700, lr=0.015
step     1/700 tau=1.0000 loss=1.064162 mse_soft=1.063388 ent_in=3.8712 ent_out=3.8712 rowmax_in=0.0213 rowmax_out=0.0213 discrete_mse=64.264114 best_discrete=64.264114 hash=False elapsed=0.5s
step    25/700 tau=0.8810 loss=0.971952 mse_soft=0.971192 ent_in=3.7935 ent_out=3.8054 rowmax_in=0.0332 rowmax_out=0.0322 discrete_mse=599.938965 best_discrete=64.264114 hash=False elapsed=2.6s
step    50/700 tau=0.7721 loss=0.786133 mse_soft=0.785425 ent_in=3.5162 ent_out=3.5657 rowmax_in=0.0570 rowmax_out=0.0542 discrete_mse=5503.352539 best_discrete=64.264114 hash=False elapsed=4.8s
step    75/700 tau=0.6767 loss=0.642856 mse_soft=0.642219 ent_in=3.1335 ent_out=3.2316 rowmax_in=0.0958 rowmax_out=0.0904 discrete_mse=4624.352051 best_discrete=64.264114 hash=False elapsed=7.2s
step   100/700 tau=0.5931 loss=0.533643 mse_soft=0.533088 ent_in=2.7136 ent_out=2.8288 rowmax_in=0.1807 rowmax_out=0.1640 discrete_mse=1301.714355 best_discrete=64.264114 hash=False elapsed=9.5s
step   125/700 tau=0.5198 loss=0.443543 mse_soft=0.443101 ent_in=2.2372 ent_out=2.1886 rowmax_in=0.2831 rowmax_out=0.3206 discrete_mse=1025.547729 best_discrete=64.264114 hash=False elapsed=11.8s
step   150/700 tau=0.4555 loss=0.378305 mse_soft=0.377971 ent_in=1.8220 ent_out=1.5204 rowmax_in=0.3811 rowmax_out=0.5139 discrete_mse=501.921082 best_discrete=64.264114 hash=False elapsed=14.2s
step   175/700 tau=0.3992 loss=0.336741 mse_soft=0.336487 ent_in=1.5296 ent_out=1.0144 rowmax_in=0.4437 rowmax_out=0.6699 discrete_mse=1663.029541 best_discrete=64.264114 hash=False elapsed=16.8s
step   200/700 tau=0.3499 loss=0.318598 mse_soft=0.318384 ent_in=1.3953 ent_out=0.7436 rowmax_in=0.4592 rowmax_out=0.7330 discrete_mse=471.437195 best_discrete=64.264114 hash=False elapsed=19.0s
step   225/700 tau=0.3066 loss=0.308943 mse_soft=0.308757 ent_in=1.2934 ent_out=0.5692 rowmax_in=0.4789 rowmax_out=0.7797 discrete_mse=330.607880 best_discrete=64.264114 hash=False elapsed=21.3s
step   250/700 tau=0.2687 loss=0.303806 mse_soft=0.303634 ent_in=1.2245 ent_out=0.4968 rowmax_in=0.4857 rowmax_out=0.8014 discrete_mse=261.134705 best_discrete=64.264114 hash=False elapsed=23.5s
step   275/700 tau=0.2355 loss=0.300764 mse_soft=0.300597 ent_in=1.1874 ent_out=0.4825 rowmax_in=0.4920 rowmax_out=0.7958 discrete_mse=803.671692 best_discrete=64.264114 hash=False elapsed=25.9s
step   300/700 tau=0.2064 loss=0.300702 mse_soft=0.300539 ent_in=1.1650 ent_out=0.4688 rowmax_in=0.4957 rowmax_out=0.7945 discrete_mse=803.671692 best_discrete=64.264114 hash=False elapsed=28.1s
step   325/700 tau=0.1809 loss=0.299046 mse_soft=0.298885 ent_in=1.1565 ent_out=0.4497 rowmax_in=0.4967 rowmax_out=0.7979 discrete_mse=803.671692 best_discrete=64.264114 hash=False elapsed=30.4s
step   350/700 tau=0.1585 loss=0.297668 mse_soft=0.297509 ent_in=1.1506 ent_out=0.4358 rowmax_in=0.4977 rowmax_out=0.7975 discrete_mse=603.114014 best_discrete=64.264114 hash=False elapsed=32.6s
step   375/700 tau=0.1389 loss=0.296135 mse_soft=0.295978 ent_in=1.1466 ent_out=0.4265 rowmax_in=0.4966 rowmax_out=0.7970 discrete_mse=462.539032 best_discrete=64.264114 hash=False elapsed=34.7s
step   400/700 tau=0.1218 loss=0.301235 mse_soft=0.301079 ent_in=1.1399 ent_out=0.4206 rowmax_in=0.5003 rowmax_out=0.7971 discrete_mse=462.539032 best_discrete=64.264114 hash=False elapsed=36.9s
step   425/700 tau=0.1067 loss=0.303063 mse_soft=0.302908 ent_in=1.1324 ent_out=0.4196 rowmax_in=0.5025 rowmax_out=0.7943 discrete_mse=654.780151 best_discrete=64.264114 hash=False elapsed=39.0s
step   450/700 tau=0.0935 loss=0.304636 mse_soft=0.304482 ent_in=1.1287 ent_out=0.4120 rowmax_in=0.5040 rowmax_out=0.7974 discrete_mse=894.104004 best_discrete=64.264114 hash=False elapsed=41.3s
step   475/700 tau=0.0820 loss=0.304817 mse_soft=0.304665 ent_in=1.1216 ent_out=0.4067 rowmax_in=0.5042 rowmax_out=0.7938 discrete_mse=763.294739 best_discrete=64.264114 hash=False elapsed=43.5s
step   500/700 tau=0.0718 loss=0.301245 mse_soft=0.301093 ent_in=1.1216 ent_out=0.4017 rowmax_in=0.5038 rowmax_out=0.7934 discrete_mse=763.294739 best_discrete=64.264114 hash=False elapsed=45.7s
step   525/700 tau=0.0630 loss=0.297781 mse_soft=0.297629 ent_in=1.1167 ent_out=0.4019 rowmax_in=0.5082 rowmax_out=0.7923 discrete_mse=1538.994141 best_discrete=64.264114 hash=False elapsed=48.2s
step   550/700 tau=0.0552 loss=0.326942 mse_soft=0.326792 ent_in=1.1065 ent_out=0.3989 rowmax_in=0.5167 rowmax_out=0.7959 discrete_mse=102.470825 best_discrete=64.264114 hash=False elapsed=50.4s
step   575/700 tau=0.0484 loss=0.302142 mse_soft=0.301991 ent_in=1.1033 ent_out=0.4048 rowmax_in=0.5084 rowmax_out=0.7880 discrete_mse=1105.003418 best_discrete=64.264114 hash=False elapsed=52.5s
step   600/700 tau=0.0424 loss=0.306636 mse_soft=0.306486 ent_in=1.0982 ent_out=0.3990 rowmax_in=0.5102 rowmax_out=0.7916 discrete_mse=375.433502 best_discrete=64.264114 hash=False elapsed=54.7s
step   625/700 tau=0.0371 loss=0.336840 mse_soft=0.336703 ent_in=0.9859 ent_out=0.3762 rowmax_in=0.5655 rowmax_out=0.8064 discrete_mse=519.129395 best_discrete=64.264114 hash=False elapsed=57.0s
step   650/700 tau=0.0325 loss=0.331531 mse_soft=0.331396 ent_in=0.9599 ent_out=0.3855 rowmax_in=0.5612 rowmax_out=0.7875 discrete_mse=10.870018 best_discrete=10.870018 hash=False elapsed=59.3s
step   675/700 tau=0.0285 loss=0.345047 mse_soft=0.344929 ent_in=0.8462 ent_out=0.3289 rowmax_in=0.6209 rowmax_out=0.8369 discrete_mse=103.975525 best_discrete=10.870018 hash=False elapsed=61.5s
step   700/700 tau=0.0250 loss=0.341662 mse_soft=0.341563 ent_in=0.7043 ent_out=0.2873 rowmax_in=0.6669 rowmax_out=0.8555 discrete_mse=123.206734 best_discrete=10.870018 hash=False elapsed=63.9s

Final metrics:
  soft_mse_full=0.338824
  rowmax_in_mean=0.6623
  rowmax_out_mean=0.8565
  ent_in_mean=0.7094
  ent_out_mean=0.2847
  final_discrete_mse=680.233459
  hash_match=False
  best_discrete_mse_seen=10.870018
Saved results to overnight_b213_j4.json
